[13:22:41.687] [INFO   ] thread main starting.
[13:22:41.694] [SEVERE ] cannot read configuration file config.properties trying from resources.
[13:22:41.699] [SEVERE ] configuration file was loaded from resources directory.
[13:22:41.726] [SEVERE ] error creating swing user interface: 
No X11 DISPLAY variable was set,
but this program performed an operation which requires it.
[13:22:41.729] [SEVERE ] will try to run without user interface
[13:22:41.729] [SEVERE ] warning: running with human players with no user interface
[13:22:41.733] [INFO   ] thread dealer starting.
[13:22:41.734] [INFO   ] thread dealer starting.
[13:22:41.847] [SEVERE ] placing card 0 in slot 0
[13:22:41.949] [SEVERE ] placing card 1 in slot 1
[13:22:42.051] [SEVERE ] placing card 2 in slot 2
[13:22:42.159] [SEVERE ] placing card 3 in slot 0
[13:22:42.261] [SEVERE ] placing card 4 in slot 3
[13:22:42.371] [SEVERE ] placing card 5 in slot 6
[13:22:42.473] [SEVERE ] placing card 6 in slot 0
[13:22:42.579] [SEVERE ] placing card 7 in slot 4
[13:22:42.686] [SEVERE ] placing card 8 in slot 8
[13:22:42.787] [SEVERE ] placing card 9 in slot 0
[13:22:42.888] [SEVERE ] placing card 10 in slot 5
[13:22:42.994] [SEVERE ] placing card 11 in slot 7
