[13:03:00.073] [INFO   ] thread main starting.
[13:03:00.077] [SEVERE ] cannot read configuration file config.properties trying from resources.
[13:03:00.079] [SEVERE ] configuration file was loaded from resources directory.
[13:03:00.102] [SEVERE ] error creating swing user interface: 
No X11 DISPLAY variable was set,
but this program performed an operation which requires it.
[13:03:00.103] [SEVERE ] will try to run without user interface
[13:03:00.103] [SEVERE ] warning: running with human players with no user interface
[13:03:00.106] [INFO   ] thread dealer starting.
[13:03:00.106] [INFO   ] thread dealer starting.
[13:03:00.216] [SEVERE ] placing card 0 in slot 0
[13:03:00.317] [SEVERE ] placing card 1 in slot 1
[13:03:00.421] [SEVERE ] placing card 2 in slot 2
[13:03:00.523] [SEVERE ] placing card 3 in slot 0
[13:03:00.625] [SEVERE ] placing card 4 in slot 3
[13:03:00.731] [SEVERE ] placing card 5 in slot 6
[13:03:00.835] [SEVERE ] placing card 6 in slot 0
[13:03:00.941] [SEVERE ] placing card 7 in slot 4
[13:03:01.043] [SEVERE ] placing card 8 in slot 8
[13:03:01.150] [SEVERE ] placing card 9 in slot 0
[13:03:01.254] [SEVERE ] placing card 10 in slot 5
[13:03:01.355] [SEVERE ] placing card 11 in slot 7
[13:04:01.361] [SEVERE ] updating countdown to 60000
[13:05:01.378] [SEVERE ] updating countdown to 60000
