[13:40:12.075] [INFO   ] thread main starting.
[13:40:12.082] [SEVERE ] cannot read configuration file config.properties trying from resources.
[13:40:12.084] [SEVERE ] configuration file was loaded from resources directory.
[13:40:12.106] [SEVERE ] error creating swing user interface: 
No X11 DISPLAY variable was set,
but this program performed an operation which requires it.
[13:40:12.107] [SEVERE ] will try to run without user interface
[13:40:12.107] [SEVERE ] warning: running with human players with no user interface
[13:40:12.111] [INFO   ] thread dealer starting.
[13:40:12.111] [INFO   ] thread dealer starting.
[13:40:12.222] [SEVERE ] placing card 0 in slot 0
[13:40:12.324] [SEVERE ] placing card 1 in slot 1
[13:40:12.426] [SEVERE ] placing card 2 in slot 2
[13:40:12.529] [SEVERE ] placing card 3 in slot 0
[13:40:12.645] [SEVERE ] placing card 4 in slot 3
[13:40:12.748] [SEVERE ] placing card 5 in slot 6
[13:40:12.851] [SEVERE ] placing card 6 in slot 0
[13:40:12.956] [SEVERE ] placing card 7 in slot 4
[13:40:13.058] [SEVERE ] placing card 8 in slot 8
[13:40:13.162] [SEVERE ] placing card 9 in slot 0
[13:40:13.265] [SEVERE ] placing card 10 in slot 5
[13:40:13.366] [SEVERE ] placing card 11 in slot 7
