[13:20:40.529] [INFO   ] thread main starting.
[13:20:40.535] [SEVERE ] cannot read configuration file config.properties trying from resources.
[13:20:40.537] [SEVERE ] configuration file was loaded from resources directory.
[13:20:40.561] [SEVERE ] error creating swing user interface: 
No X11 DISPLAY variable was set,
but this program performed an operation which requires it.
[13:20:40.561] [SEVERE ] will try to run without user interface
[13:20:40.562] [SEVERE ] warning: running with human players with no user interface
[13:20:40.566] [INFO   ] thread dealer starting.
[13:20:40.566] [INFO   ] thread dealer starting.
[13:20:40.679] [SEVERE ] placing card 0 in slot 0
[13:20:40.780] [SEVERE ] placing card 1 in slot 1
[13:20:40.882] [SEVERE ] placing card 2 in slot 2
[13:20:40.986] [SEVERE ] placing card 3 in slot 0
[13:20:41.088] [SEVERE ] placing card 4 in slot 3
[13:20:41.201] [SEVERE ] placing card 5 in slot 6
[13:20:41.309] [SEVERE ] placing card 6 in slot 0
[13:20:41.420] [SEVERE ] placing card 7 in slot 4
[13:20:41.526] [SEVERE ] placing card 8 in slot 8
[13:20:41.628] [SEVERE ] placing card 9 in slot 0
[13:20:41.729] [SEVERE ] placing card 10 in slot 5
[13:20:41.833] [SEVERE ] placing card 11 in slot 7
