[15:09:54.644] [INFO   ] thread main starting.
[15:09:54.650] [SEVERE ] cannot read configuration file config.properties trying from resources.
[15:09:54.652] [SEVERE ] configuration file was loaded from resources directory.
[15:09:54.678] [SEVERE ] error creating swing user interface: 
No X11 DISPLAY variable was set,
but this program performed an operation which requires it.
[15:09:54.679] [SEVERE ] will try to run without user interface
[15:09:54.679] [SEVERE ] warning: running with human players with no user interface
[15:09:54.683] [INFO   ] thread dealer starting.
[15:09:54.684] [INFO   ] thread dealer starting.
[15:09:54.799] [SEVERE ] placing card 0 in slot 0
[15:09:54.903] [SEVERE ] placing card 1 in slot 1
[15:09:55.007] [SEVERE ] placing card 2 in slot 2
[15:09:55.115] [SEVERE ] placing card 3 in slot 0
[15:09:55.222] [SEVERE ] placing card 4 in slot 3
[15:09:55.326] [SEVERE ] placing card 5 in slot 6
[15:09:55.432] [SEVERE ] placing card 6 in slot 0
[15:09:55.540] [SEVERE ] placing card 7 in slot 4
[15:09:55.647] [SEVERE ] placing card 8 in slot 8
[15:09:55.751] [SEVERE ] placing card 9 in slot 0
[15:09:55.859] [SEVERE ] placing card 10 in slot 5
[15:09:55.963] [SEVERE ] placing card 11 in slot 7
[15:10:56.011] [SEVERE ] updating countdown to 60000
