[13:47:49.020] [INFO   ] thread main starting.
[13:47:49.027] [SEVERE ] cannot read configuration file config.properties trying from resources.
[13:47:49.029] [SEVERE ] configuration file was loaded from resources directory.
[13:47:49.052] [SEVERE ] error creating swing user interface: 
No X11 DISPLAY variable was set,
but this program performed an operation which requires it.
[13:47:49.053] [SEVERE ] will try to run without user interface
[13:47:49.053] [SEVERE ] warning: running with human players with no user interface
[13:47:49.057] [INFO   ] thread dealer starting.
[13:47:49.058] [INFO   ] thread dealer starting.
[13:47:49.169] [SEVERE ] placing card 0 in slot 0
[13:47:49.293] [SEVERE ] placing card 1 in slot 1
[13:47:49.401] [SEVERE ] placing card 2 in slot 2
[13:47:49.508] [SEVERE ] placing card 3 in slot 0
[13:47:49.611] [SEVERE ] placing card 4 in slot 3
[13:47:49.713] [SEVERE ] placing card 5 in slot 6
[13:47:49.818] [SEVERE ] placing card 6 in slot 0
[13:47:49.921] [SEVERE ] placing card 7 in slot 4
[13:47:50.025] [SEVERE ] placing card 8 in slot 8
[13:47:50.127] [SEVERE ] placing card 9 in slot 0
[13:47:50.228] [SEVERE ] placing card 10 in slot 5
[13:47:50.329] [SEVERE ] placing card 11 in slot 7
