[13:45:57.648] [INFO   ] thread main starting.
[13:45:57.656] [SEVERE ] cannot read configuration file config.properties trying from resources.
[13:45:57.658] [SEVERE ] configuration file was loaded from resources directory.
[13:45:57.687] [SEVERE ] error creating swing user interface: 
No X11 DISPLAY variable was set,
but this program performed an operation which requires it.
[13:45:57.688] [SEVERE ] will try to run without user interface
[13:45:57.688] [SEVERE ] warning: running with human players with no user interface
[13:45:57.692] [INFO   ] thread dealer starting.
[13:45:57.692] [INFO   ] thread dealer starting.
[13:45:57.804] [SEVERE ] placing card 0 in slot 0
[13:45:57.905] [SEVERE ] placing card 1 in slot 1
[13:45:58.007] [SEVERE ] placing card 2 in slot 2
[13:45:58.108] [SEVERE ] placing card 3 in slot 0
[13:45:58.212] [SEVERE ] placing card 4 in slot 3
[13:45:58.314] [SEVERE ] placing card 5 in slot 6
[13:45:58.420] [SEVERE ] placing card 6 in slot 0
[13:45:58.524] [SEVERE ] placing card 7 in slot 4
[13:45:58.628] [SEVERE ] placing card 8 in slot 8
[13:45:58.730] [SEVERE ] placing card 9 in slot 0
[13:45:58.840] [SEVERE ] placing card 10 in slot 5
[13:45:58.944] [SEVERE ] placing card 11 in slot 7
