[14:16:00.868] [INFO   ] thread main starting.
[14:16:00.876] [SEVERE ] cannot read configuration file config.properties trying from resources.
[14:16:00.878] [SEVERE ] configuration file was loaded from resources directory.
[14:16:00.907] [SEVERE ] error creating swing user interface: 
No X11 DISPLAY variable was set,
but this program performed an operation which requires it.
[14:16:00.907] [SEVERE ] will try to run without user interface
[14:16:00.908] [SEVERE ] warning: running with human players with no user interface
[14:16:00.911] [INFO   ] thread dealer starting.
[14:16:00.911] [INFO   ] thread dealer starting.
[14:16:01.024] [SEVERE ] placing card 0 in slot 0
[14:16:01.125] [SEVERE ] placing card 1 in slot 1
[14:16:01.227] [SEVERE ] placing card 2 in slot 2
[14:16:01.331] [SEVERE ] placing card 3 in slot 0
[14:16:01.435] [SEVERE ] placing card 4 in slot 3
[14:16:01.542] [SEVERE ] placing card 5 in slot 6
[14:16:01.646] [SEVERE ] placing card 6 in slot 0
[14:16:01.752] [SEVERE ] placing card 7 in slot 4
[14:16:01.859] [SEVERE ] placing card 8 in slot 8
[14:16:01.964] [SEVERE ] placing card 9 in slot 0
[14:16:02.074] [SEVERE ] placing card 10 in slot 5
[14:16:02.177] [SEVERE ] placing card 11 in slot 7
