[13:46:13.487] [INFO   ] thread main starting.
[13:46:13.495] [SEVERE ] cannot read configuration file config.properties trying from resources.
[13:46:13.497] [SEVERE ] configuration file was loaded from resources directory.
[13:46:13.522] [SEVERE ] error creating swing user interface: 
No X11 DISPLAY variable was set,
but this program performed an operation which requires it.
[13:46:13.522] [SEVERE ] will try to run without user interface
[13:46:13.522] [SEVERE ] warning: running with human players with no user interface
[13:46:13.526] [INFO   ] thread dealer starting.
[13:46:13.527] [INFO   ] thread dealer starting.
[13:46:13.639] [SEVERE ] placing card 0 in slot 0
[13:46:13.742] [SEVERE ] placing card 1 in slot 1
[13:46:13.845] [SEVERE ] placing card 2 in slot 2
[13:46:13.953] [SEVERE ] placing card 3 in slot 0
[13:46:14.059] [SEVERE ] placing card 4 in slot 3
[13:46:14.162] [SEVERE ] placing card 5 in slot 6
[13:46:14.269] [SEVERE ] placing card 6 in slot 0
[13:46:14.371] [SEVERE ] placing card 7 in slot 4
[13:46:14.473] [SEVERE ] placing card 8 in slot 8
[13:46:14.576] [SEVERE ] placing card 9 in slot 0
[13:46:14.686] [SEVERE ] placing card 10 in slot 5
[13:46:14.790] [SEVERE ] placing card 11 in slot 7
