[13:15:11.920] [INFO   ] thread main starting.
[13:15:11.926] [SEVERE ] cannot read configuration file config.properties trying from resources.
[13:15:11.928] [SEVERE ] configuration file was loaded from resources directory.
[13:15:11.958] [SEVERE ] error creating swing user interface: 
No X11 DISPLAY variable was set,
but this program performed an operation which requires it.
[13:15:11.958] [SEVERE ] will try to run without user interface
[13:15:11.958] [SEVERE ] warning: running with human players with no user interface
[13:15:11.962] [INFO   ] thread dealer starting.
[13:15:11.964] [INFO   ] thread dealer starting.
[13:15:12.085] [SEVERE ] placing card 0 in slot 0
[13:15:12.188] [SEVERE ] placing card 1 in slot 1
[13:15:12.289] [SEVERE ] placing card 2 in slot 2
[13:15:12.394] [SEVERE ] placing card 3 in slot 0
[13:15:12.497] [SEVERE ] placing card 4 in slot 3
[13:15:12.600] [SEVERE ] placing card 5 in slot 6
[13:15:12.703] [SEVERE ] placing card 6 in slot 0
[13:15:12.806] [SEVERE ] placing card 7 in slot 4
[13:15:12.913] [SEVERE ] placing card 8 in slot 8
[13:15:13.020] [SEVERE ] placing card 9 in slot 0
[13:15:13.126] [SEVERE ] placing card 10 in slot 5
[13:15:13.227] [SEVERE ] placing card 11 in slot 7
