[13:01:14.460] [INFO   ] thread main starting.
[13:01:14.465] [SEVERE ] cannot read configuration file config.properties trying from resources.
[13:01:14.466] [SEVERE ] configuration file was loaded from resources directory.
[13:01:14.488] [SEVERE ] error creating swing user interface: 
No X11 DISPLAY variable was set,
but this program performed an operation which requires it.
[13:01:14.488] [SEVERE ] will try to run without user interface
[13:01:14.488] [SEVERE ] warning: running with human players with no user interface
[13:01:14.492] [INFO   ] thread dealer starting.
[13:01:14.492] [INFO   ] thread dealer starting.
[13:01:14.604] [SEVERE ] placing card 0 in slot 0
[13:01:14.707] [SEVERE ] placing card 1 in slot 1
[13:01:14.810] [SEVERE ] placing card 2 in slot 2
[13:01:14.918] [SEVERE ] placing card 3 in slot 0
[13:01:15.020] [SEVERE ] placing card 4 in slot 3
[13:01:15.127] [SEVERE ] placing card 5 in slot 6
[13:01:15.233] [SEVERE ] placing card 6 in slot 0
[13:01:15.337] [SEVERE ] placing card 7 in slot 4
[13:01:15.442] [SEVERE ] placing card 8 in slot 8
[13:01:15.547] [SEVERE ] placing card 9 in slot 0
[13:01:15.659] [SEVERE ] placing card 10 in slot 5
[13:01:15.769] [SEVERE ] placing card 11 in slot 7
[13:02:15.774] [SEVERE ] updating countdown to 60000
[13:03:15.784] [SEVERE ] updating countdown to 60000
[13:04:15.800] [SEVERE ] updating countdown to 60000
[13:05:15.832] [SEVERE ] updating countdown to 60000
