[13:04:59.566] [INFO   ] thread main starting.
[13:04:59.570] [SEVERE ] cannot read configuration file config.properties trying from resources.
[13:04:59.572] [SEVERE ] configuration file was loaded from resources directory.
[13:04:59.595] [SEVERE ] error creating swing user interface: 
No X11 DISPLAY variable was set,
but this program performed an operation which requires it.
[13:04:59.596] [SEVERE ] will try to run without user interface
[13:04:59.596] [SEVERE ] warning: running with human players with no user interface
[13:04:59.599] [INFO   ] thread dealer starting.
[13:04:59.600] [INFO   ] thread dealer starting.
[13:04:59.708] [SEVERE ] placing card 0 in slot 0
[13:04:59.811] [SEVERE ] placing card 1 in slot 1
[13:04:59.915] [SEVERE ] placing card 2 in slot 2
[13:05:00.027] [SEVERE ] placing card 3 in slot 0
[13:05:00.133] [SEVERE ] placing card 4 in slot 3
[13:05:00.240] [SEVERE ] placing card 5 in slot 6
[13:05:00.348] [SEVERE ] placing card 6 in slot 0
[13:05:00.453] [SEVERE ] placing card 7 in slot 4
[13:05:00.557] [SEVERE ] placing card 8 in slot 8
[13:05:00.660] [SEVERE ] placing card 9 in slot 0
[13:05:00.769] [SEVERE ] placing card 10 in slot 5
[13:05:00.874] [SEVERE ] placing card 11 in slot 7
