[14:52:40.659] [INFO   ] thread main starting.
[14:52:40.664] [SEVERE ] cannot read configuration file config.properties trying from resources.
[14:52:40.666] [SEVERE ] configuration file was loaded from resources directory.
[14:52:41.524] [INFO   ] thread dealer starting.
[14:52:41.525] [INFO   ] thread dealer starting.
[14:52:41.640] [SEVERE ] placing card 0 in slot 0
[14:52:41.742] [SEVERE ] placing card 1 in slot 1
[14:52:41.848] [SEVERE ] placing card 2 in slot 2
[14:52:41.953] [SEVERE ] placing card 3 in slot 0
[14:52:42.054] [SEVERE ] placing card 4 in slot 3
[14:52:42.160] [SEVERE ] placing card 5 in slot 6
[14:52:42.262] [SEVERE ] placing card 6 in slot 0
[14:52:42.363] [SEVERE ] placing card 7 in slot 4
[14:52:42.468] [SEVERE ] placing card 8 in slot 8
[14:52:42.574] [SEVERE ] placing card 9 in slot 0
[14:52:42.680] [SEVERE ] placing card 10 in slot 5
[14:52:42.783] [SEVERE ] placing card 11 in slot 7
[14:52:47.202] [SEVERE ] key 75 was pressed by player 2
[14:52:47.865] [SEVERE ] key 83 was pressed by player 1
[14:52:48.061] [SEVERE ] key 75 was pressed by player 2
[14:52:48.235] [SEVERE ] key 68 was pressed by player 1
[14:52:48.409] [SEVERE ] key 73 was pressed by player 2
[14:52:48.411] [SEVERE ] key 79 was pressed by player 2
[14:52:48.536] [SEVERE ] key 87 was pressed by player 1
[14:52:48.548] [SEVERE ] key 69 was pressed by player 1
[14:52:48.704] [SEVERE ] key 73 was pressed by player 2
[14:52:48.706] [SEVERE ] key 79 was pressed by player 2
[14:52:48.953] [SEVERE ] key 77 was pressed by player 2
[14:52:48.992] [SEVERE ] key 68 was pressed by player 1
[14:52:49.084] [SEVERE ] key 83 was pressed by player 1
[14:52:49.362] [SEVERE ] key 65 was pressed by player 1
[14:52:49.363] [SEVERE ] key 73 was pressed by player 2
[14:52:49.405] [SEVERE ] key 77 was pressed by player 2
[14:52:49.521] [SEVERE ] key 68 was pressed by player 1
[14:52:50.127] [SEVERE ] key 87 was pressed by player 1
[14:52:50.528] [SEVERE ] key 83 was pressed by player 1
[14:52:52.105] [SEVERE ] key 68 was pressed by player 1
[14:52:52.357] [SEVERE ] key 75 was pressed by player 2
[14:52:52.500] [SEVERE ] key 83 was pressed by player 1
[14:52:52.553] [SEVERE ] key 68 was pressed by player 1
[14:52:52.687] [SEVERE ] key 70 was pressed by player 1
[14:52:52.694] [SEVERE ] key 77 was pressed by player 2
[14:52:52.832] [SEVERE ] key 79 was pressed by player 2
[14:52:52.875] [SEVERE ] key 80 was pressed by player 2
[14:52:52.882] [SEVERE ] key 83 was pressed by player 1
[14:52:52.945] [SEVERE ] key 68 was pressed by player 1
[14:52:53.003] [SEVERE ] key 70 was pressed by player 1
[14:52:53.041] [SEVERE ] key 77 was pressed by player 2
[14:52:53.161] [SEVERE ] key 80 was pressed by player 2
[14:52:53.237] [SEVERE ] key 83 was pressed by player 1
[14:52:53.330] [SEVERE ] key 68 was pressed by player 1
[14:52:53.679] [SEVERE ] key 76 was pressed by player 2
[14:52:53.688] [SEVERE ] key 75 was pressed by player 2
[14:52:53.864] [SEVERE ] key 76 was pressed by player 2
[14:52:53.892] [SEVERE ] key 75 was pressed by player 2
[14:52:54.062] [SEVERE ] key 83 was pressed by player 1
[14:52:54.071] [SEVERE ] key 75 was pressed by player 2
[14:52:54.238] [SEVERE ] key 83 was pressed by player 1
[14:53:42.788] [SEVERE ] updating countdown to 60000
[14:54:42.800] [SEVERE ] updating countdown to 60000
