[16:38:09.825] [INFO   ] thread main starting.
[16:38:09.830] [SEVERE ] cannot read configuration file config.properties trying from resources.
[16:38:09.832] [SEVERE ] configuration file was loaded from resources directory.
[16:38:09.861] [SEVERE ] error creating swing user interface: 
No X11 DISPLAY variable was set,
but this program performed an operation which requires it.
[16:38:09.862] [SEVERE ] will try to run without user interface
[16:38:09.863] [SEVERE ] warning: running with human players with no user interface
[16:38:09.867] [INFO   ] thread dealer starting.
[16:38:09.867] [INFO   ] thread dealer starting.
[16:38:09.980] [SEVERE ] placing card 0 in slot 0
[16:38:10.081] [SEVERE ] placing card 1 in slot 1
[16:38:10.183] [SEVERE ] placing card 2 in slot 2
[16:38:10.284] [SEVERE ] placing card 3 in slot 0
[16:38:10.386] [SEVERE ] placing card 4 in slot 3
[16:38:10.488] [SEVERE ] placing card 5 in slot 6
[16:38:10.594] [SEVERE ] placing card 6 in slot 0
[16:38:10.696] [SEVERE ] placing card 7 in slot 4
[16:38:10.800] [SEVERE ] placing card 8 in slot 8
[16:38:10.907] [SEVERE ] placing card 9 in slot 0
[16:38:11.010] [SEVERE ] placing card 10 in slot 5
[16:38:11.115] [SEVERE ] placing card 11 in slot 7
