[13:51:47.679] [INFO   ] thread main starting.
[13:51:47.684] [SEVERE ] cannot read configuration file config.properties trying from resources.
[13:51:47.688] [SEVERE ] configuration file was loaded from resources directory.
[13:51:47.712] [SEVERE ] error creating swing user interface: 
No X11 DISPLAY variable was set,
but this program performed an operation which requires it.
[13:51:47.712] [SEVERE ] will try to run without user interface
[13:51:47.713] [SEVERE ] warning: running with human players with no user interface
[13:51:47.717] [INFO   ] thread dealer starting.
[13:51:47.718] [INFO   ] thread dealer starting.
[13:51:47.829] [SEVERE ] placing card 0 in slot 0
[13:51:47.930] [SEVERE ] placing card 1 in slot 1
[13:51:48.033] [SEVERE ] placing card 2 in slot 2
[13:51:48.135] [SEVERE ] placing card 3 in slot 0
[13:51:48.236] [SEVERE ] placing card 4 in slot 3
[13:51:48.338] [SEVERE ] placing card 5 in slot 6
[13:51:48.440] [SEVERE ] placing card 6 in slot 0
[13:51:48.542] [SEVERE ] placing card 7 in slot 4
[13:51:48.646] [SEVERE ] placing card 8 in slot 8
[13:51:48.747] [SEVERE ] placing card 9 in slot 0
[13:51:48.851] [SEVERE ] placing card 10 in slot 5
[13:51:48.968] [SEVERE ] placing card 11 in slot 7
