[13:21:47.352] [INFO   ] thread main starting.
[13:21:47.360] [SEVERE ] cannot read configuration file config.properties trying from resources.
[13:21:47.363] [SEVERE ] configuration file was loaded from resources directory.
[13:21:48.109] [INFO   ] thread dealer starting.
[13:21:48.111] [INFO   ] thread playerID: 0 starting.
[13:21:48.111] [INFO   ] thread dealer starting.
[13:21:48.111] [INFO   ] thread playerID: 1 starting.
[13:21:48.217] [SEVERE ] placing card 0 in slot 0
[13:21:48.322] [SEVERE ] placing card 4 in slot 1
[13:21:48.425] [SEVERE ] placing card 3 in slot 2
[13:21:48.532] [SEVERE ] placing card 9 in slot 3
[13:21:48.637] [SEVERE ] placing card 6 in slot 4
[13:21:48.743] [SEVERE ] placing card 11 in slot 5
[13:21:48.850] [SEVERE ] placing card 10 in slot 6
[13:21:48.958] [SEVERE ] placing card 1 in slot 7
[13:21:49.063] [SEVERE ] placing card 5 in slot 8
[13:21:49.168] [SEVERE ] placing card 8 in slot 9
[13:21:49.272] [SEVERE ] placing card 7 in slot 10
[13:21:49.375] [SEVERE ] placing card 2 in slot 11
[13:22:00.362] [SEVERE ] key 68 was pressed by player 1
[13:22:00.627] [SEVERE ] key 65 was pressed by player 1
[13:22:00.753] [SEVERE ] key 83 was pressed by player 1
[13:22:01.178] [SEVERE ] key 83 was pressed by player 1
[13:22:01.195] [SEVERE ] key 65 was pressed by player 1
