[08:56:43.692] [INFO   ] thread bguspl.set.Main.main() starting.
[08:56:43.694] [SEVERE ] cannot read configuration file config.properties trying from resources.
[08:56:43.694] [SEVERE ] configuration file was loaded from resources directory.
[08:56:43.711] [SEVERE ] error creating swing user interface: 
No X11 DISPLAY variable was set,
but this program performed an operation which requires it.
[08:56:43.711] [SEVERE ] will try to run without user interface
[08:56:43.712] [SEVERE ] warning: running with human players with no user interface
[08:56:43.714] [INFO   ] thread dealer starting.
[08:56:43.715] [INFO   ] thread dealer starting.
[08:56:43.824] [SEVERE ] placing card 0 in slot 0
[08:56:43.927] [SEVERE ] placing card 1 in slot 1
[08:56:44.029] [SEVERE ] placing card 2 in slot 2
[08:56:44.133] [SEVERE ] placing card 3 in slot 0
[08:56:44.238] [SEVERE ] placing card 4 in slot 3
[08:56:44.341] [SEVERE ] placing card 5 in slot 6
[08:56:44.446] [SEVERE ] placing card 6 in slot 0
[08:56:44.551] [SEVERE ] placing card 7 in slot 4
[08:56:44.653] [SEVERE ] placing card 8 in slot 8
[08:56:44.759] [SEVERE ] placing card 9 in slot 0
[08:56:44.862] [SEVERE ] placing card 10 in slot 5
[08:56:44.964] [SEVERE ] placing card 11 in slot 7
