[10:03:34.386] [INFO   ] thread main starting.
[10:03:34.392] [SEVERE ] cannot read configuration file config.properties trying from resources.
[10:03:34.394] [SEVERE ] configuration file was loaded from resources directory.
[10:03:35.191] [INFO   ] thread dealer starting.
[10:03:35.192] [INFO   ] thread dealer starting.
[10:03:35.309] [SEVERE ] placing card 0 in slot 0
[10:03:35.411] [SEVERE ] placing card 1 in slot 1
[10:03:35.513] [SEVERE ] placing card 2 in slot 2
[10:03:35.614] [SEVERE ] placing card 3 in slot 0
[10:03:35.715] [SEVERE ] placing card 4 in slot 3
[10:03:35.817] [SEVERE ] placing card 5 in slot 6
[10:03:35.920] [SEVERE ] placing card 6 in slot 0
[10:03:36.024] [SEVERE ] placing card 7 in slot 4
[10:03:36.126] [SEVERE ] placing card 8 in slot 8
[10:03:36.229] [SEVERE ] placing card 9 in slot 0
[10:03:36.331] [SEVERE ] placing card 10 in slot 5
[10:03:36.436] [SEVERE ] placing card 11 in slot 7
[10:03:58.594] [SEVERE ] exit button pressed
[10:04:10.018] [SEVERE ] exit button pressed
[10:04:10.544] [SEVERE ] exit button pressed
[10:04:10.547] [SEVERE ] disposing of user interface elements
