[09:02:48.189] [INFO   ] thread main starting.
[09:02:48.193] [SEVERE ] cannot read configuration file config.properties trying from resources.
[09:02:48.194] [SEVERE ] configuration file was loaded from resources directory.
[09:02:48.215] [SEVERE ] error creating swing user interface: 
No X11 DISPLAY variable was set,
but this program performed an operation which requires it.
[09:02:48.215] [SEVERE ] will try to run without user interface
[09:02:48.216] [SEVERE ] warning: running with human players with no user interface
[09:02:48.220] [INFO   ] thread dealer starting.
[09:02:48.220] [INFO   ] thread dealer starting.
[09:02:48.333] [SEVERE ] placing card 0 in slot 0
[09:02:48.436] [SEVERE ] placing card 1 in slot 1
[09:02:48.543] [SEVERE ] placing card 2 in slot 2
[09:02:48.648] [SEVERE ] placing card 3 in slot 0
[09:02:48.753] [SEVERE ] placing card 4 in slot 3
[09:02:48.860] [SEVERE ] placing card 5 in slot 6
[09:02:48.964] [SEVERE ] placing card 6 in slot 0
[09:02:49.067] [SEVERE ] placing card 7 in slot 4
[09:02:49.172] [SEVERE ] placing card 8 in slot 8
[09:02:49.280] [SEVERE ] placing card 9 in slot 0
[09:02:49.389] [SEVERE ] placing card 10 in slot 5
[09:02:49.491] [SEVERE ] placing card 11 in slot 7
[09:03:49.509] [SEVERE ] updating countdown to 60000
