[09:53:20.462] [INFO   ] thread main starting.
[09:53:20.467] [SEVERE ] cannot read configuration file config.properties trying from resources.
[09:53:20.468] [SEVERE ] configuration file was loaded from resources directory.
[09:53:20.494] [SEVERE ] error creating swing user interface: 
No X11 DISPLAY variable was set,
but this program performed an operation which requires it.
[09:53:20.495] [SEVERE ] will try to run without user interface
[09:53:20.495] [SEVERE ] warning: running with human players with no user interface
[09:53:20.498] [INFO   ] thread dealer starting.
[09:53:20.498] [INFO   ] thread dealer starting.
[09:53:20.613] [SEVERE ] placing card 0 in slot 0
[09:53:20.720] [SEVERE ] placing card 1 in slot 1
[09:53:20.823] [SEVERE ] placing card 2 in slot 2
[09:53:20.926] [SEVERE ] placing card 3 in slot 0
[09:53:21.030] [SEVERE ] placing card 4 in slot 3
[09:53:21.132] [SEVERE ] placing card 5 in slot 6
[09:53:21.238] [SEVERE ] placing card 6 in slot 0
[09:53:21.343] [SEVERE ] placing card 7 in slot 4
[09:53:21.448] [SEVERE ] placing card 8 in slot 8
[09:53:21.551] [SEVERE ] placing card 9 in slot 0
[09:53:21.663] [SEVERE ] placing card 10 in slot 5
[09:53:21.767] [SEVERE ] placing card 11 in slot 7
