[13:34:50.753] [INFO   ] thread main starting.
[13:34:50.758] [SEVERE ] cannot read configuration file config.properties trying from resources.
[13:34:50.760] [SEVERE ] configuration file was loaded from resources directory.
[13:34:51.149] [INFO   ] thread dealer starting.
[13:34:51.150] [INFO   ] thread playerID: 0 starting.
[13:34:51.150] [INFO   ] thread dealer starting.
[13:34:51.150] [INFO   ] thread playerID: 1 starting.
[13:34:51.153] [SEVERE ] updating countdown to 60000
[13:34:51.257] [SEVERE ] placing card 64 in slot 3
[13:34:51.361] [SEVERE ] placing card 58 in slot 2
[13:34:51.463] [SEVERE ] placing card 24 in slot 6
[13:34:51.566] [SEVERE ] placing card 53 in slot 9
[13:34:51.667] [SEVERE ] placing card 42 in slot 7
[13:34:51.770] [SEVERE ] placing card 3 in slot 5
[13:34:51.872] [SEVERE ] placing card 31 in slot 4
[13:34:51.973] [SEVERE ] placing card 1 in slot 0
[13:34:52.076] [SEVERE ] placing card 60 in slot 10
[13:34:52.177] [SEVERE ] placing card 14 in slot 1
[13:34:52.279] [SEVERE ] placing card 66 in slot 8
[13:34:52.380] [SEVERE ] placing card 78 in slot 11
[13:34:54.382] [SEVERE ] updating countdown to 60000
[13:34:56.385] [SEVERE ] updating countdown to 60000
[13:34:58.391] [SEVERE ] updating countdown to 60000
[13:35:00.394] [SEVERE ] updating countdown to 60000
[13:35:02.396] [SEVERE ] updating countdown to 60000
[13:35:04.403] [SEVERE ] updating countdown to 60000
[13:35:06.408] [SEVERE ] updating countdown to 60000
[13:35:08.411] [SEVERE ] updating countdown to 60000
[13:35:10.329] [SEVERE ] key 47 was pressed by player 2
[13:35:10.330] [SEVERE ] player 2 placing token on slot 11
[13:35:10.416] [SEVERE ] updating countdown to 60000
[13:35:12.068] [SEVERE ] key 47 was pressed by player 2
[13:35:12.069] [SEVERE ] player 2 placing token on slot 11
[13:35:12.425] [SEVERE ] updating countdown to 60000
[13:35:13.044] [SEVERE ] key 47 was pressed by player 2
[13:35:13.367] [SEVERE ] key 47 was pressed by player 2
[13:35:13.662] [SEVERE ] key 47 was pressed by player 2
[13:35:14.428] [SEVERE ] updating countdown to 60000
[13:35:16.461] [SEVERE ] updating countdown to 60000
[13:35:18.466] [SEVERE ] updating countdown to 60000
[13:35:20.470] [SEVERE ] updating countdown to 60000
[13:35:22.472] [SEVERE ] updating countdown to 60000
[13:35:24.475] [SEVERE ] updating countdown to 60000
[13:35:26.476] [SEVERE ] updating countdown to 60000
[13:35:28.479] [SEVERE ] updating countdown to 60000
