[12:41:59.561] [INFO   ] thread main starting.
[12:41:59.565] [SEVERE ] cannot read configuration file config.properties trying from resources.
[12:41:59.567] [SEVERE ] configuration file was loaded from resources directory.
[12:41:59.876] [INFO   ] thread dealer starting.
[12:41:59.878] [INFO   ] thread playerID: 0 starting.
[12:41:59.878] [INFO   ] thread playerID: 1 starting.
[12:41:59.878] [INFO   ] thread dealer starting.
[12:41:59.884] [SEVERE ] updating countdown to 60000
[12:41:59.986] [SEVERE ] placing card 30 in slot 9
[12:42:00.090] [SEVERE ] placing card 8 in slot 8
[12:42:00.191] [SEVERE ] placing card 55 in slot 4
[12:42:00.294] [SEVERE ] placing card 60 in slot 3
[12:42:00.397] [SEVERE ] placing card 47 in slot 1
[12:42:00.498] [SEVERE ] placing card 66 in slot 2
[12:42:00.599] [SEVERE ] placing card 4 in slot 0
[12:42:00.700] [SEVERE ] placing card 0 in slot 11
[12:42:00.802] [SEVERE ] placing card 42 in slot 5
[12:42:00.904] [SEVERE ] placing card 41 in slot 10
[12:42:01.007] [SEVERE ] placing card 1 in slot 7
[12:42:01.109] [SEVERE ] placing card 46 in slot 6
[12:42:03.112] [SEVERE ] updating countdown to 60000
[12:42:05.116] [SEVERE ] updating countdown to 60000
[12:42:07.117] [SEVERE ] updating countdown to 60000
[12:42:09.119] [SEVERE ] updating countdown to 60000
[12:42:09.499] [SEVERE ] exit button pressed
[12:42:09.500] [SEVERE ] disposing of user interface elements
[12:42:09.500] [INFO   ] thread playerID: 0 terminated.
[12:42:09.500] [INFO   ] thread playerID: 1 terminated.
[12:42:11.123] [SEVERE ] updating countdown to 5000
[12:42:11.142] [SEVERE ] updating countdown to 5000
[12:42:11.247] [SEVERE ] removing card from slot 0
[12:42:11.354] [SEVERE ] removing card from slot 1
[12:42:11.465] [SEVERE ] removing card from slot 2
[12:42:11.572] [SEVERE ] removing card from slot 3
[12:42:11.687] [SEVERE ] removing card from slot 4
[12:42:11.794] [SEVERE ] removing card from slot 5
[12:42:11.912] [SEVERE ] removing card from slot 6
[12:42:12.018] [SEVERE ] removing card from slot 7
[12:42:12.139] [SEVERE ] removing card from slot 8
[12:42:12.243] [SEVERE ] removing card from slot 9
[12:42:12.345] [SEVERE ] removing card from slot 10
[12:42:12.450] [SEVERE ] removing card from slot 11
[12:42:12.450] [SEVERE ] player 1 placing token on slot 0
[12:42:12.451] [SEVERE ] player 2 placing token on slot 1
[12:42:12.451] [INFO   ] thread dealer terminated.
[12:42:12.452] [INFO   ] thread dealer terminated.
[12:42:12.452] [SEVERE ] thanks for playing... it was fun!
[12:42:12.453] [INFO   ] thread main terminated.
