[16:47:52.349] [INFO   ] thread main starting.
[16:47:52.354] [SEVERE ] cannot read configuration file config.properties trying from resources.
[16:47:52.356] [SEVERE ] configuration file was loaded from resources directory.
[16:47:52.709] [INFO   ] thread dealer starting.
[16:47:52.711] [INFO   ] thread playerID: 0 starting.
[16:47:52.711] [INFO   ] thread dealer starting.
[16:47:52.711] [INFO   ] thread playerID: 1 starting.
[16:47:52.714] [SEVERE ] updating countdown to 60000
[16:47:52.817] [SEVERE ] placing card 56 in slot 0
[16:47:52.919] [SEVERE ] placing card 57 in slot 2
[16:47:53.021] [SEVERE ] placing card 72 in slot 8
[16:47:53.123] [SEVERE ] placing card 67 in slot 5
[16:47:53.225] [SEVERE ] placing card 37 in slot 4
[16:47:53.328] [SEVERE ] placing card 41 in slot 10
[16:47:53.435] [SEVERE ] placing card 40 in slot 7
[16:47:53.538] [SEVERE ] placing card 36 in slot 9
[16:47:53.640] [SEVERE ] placing card 38 in slot 6
[16:47:53.742] [SEVERE ] placing card 9 in slot 1
[16:47:53.843] [SEVERE ] placing card 1 in slot 3
[16:47:53.946] [SEVERE ] placing card 6 in slot 11
[16:47:53.968] [SEVERE ] updating countdown to 58746
[16:47:53.991] [SEVERE ] updating countdown to 58723
[16:47:54.017] [SEVERE ] updating countdown to 58697
[16:47:54.041] [SEVERE ] updating countdown to 58673
[16:47:54.065] [SEVERE ] updating countdown to 58649
[16:47:54.091] [SEVERE ] updating countdown to 58623
[16:47:54.113] [SEVERE ] updating countdown to 58601
[16:47:54.139] [SEVERE ] updating countdown to 58575
[16:47:54.160] [SEVERE ] updating countdown to 58554
[16:47:54.185] [SEVERE ] updating countdown to 58529
[16:47:54.211] [SEVERE ] updating countdown to 58503
[16:47:54.237] [SEVERE ] updating countdown to 58477
[16:47:54.258] [SEVERE ] updating countdown to 58456
[16:47:54.283] [SEVERE ] updating countdown to 58431
[16:47:54.305] [SEVERE ] updating countdown to 58409
[16:47:54.329] [SEVERE ] updating countdown to 58385
[16:47:54.355] [SEVERE ] updating countdown to 58359
[16:47:54.380] [SEVERE ] updating countdown to 58334
[16:47:54.401] [SEVERE ] updating countdown to 58313
[16:47:54.426] [SEVERE ] updating countdown to 58288
[16:47:54.451] [SEVERE ] updating countdown to 58263
[16:47:54.473] [SEVERE ] updating countdown to 58241
[16:47:54.494] [SEVERE ] updating countdown to 58220
[16:47:54.519] [SEVERE ] updating countdown to 58195
[16:47:54.543] [SEVERE ] updating countdown to 58171
[16:47:54.568] [SEVERE ] updating countdown to 58146
[16:47:54.594] [SEVERE ] updating countdown to 58120
[16:47:54.620] [SEVERE ] updating countdown to 58094
[16:47:54.646] [SEVERE ] updating countdown to 58068
[16:47:54.672] [SEVERE ] updating countdown to 58042
[16:47:54.698] [SEVERE ] updating countdown to 58016
[16:47:54.720] [SEVERE ] updating countdown to 57994
[16:47:54.742] [SEVERE ] updating countdown to 57972
[16:47:54.768] [SEVERE ] updating countdown to 57946
[16:47:54.790] [SEVERE ] updating countdown to 57924
[16:47:54.816] [SEVERE ] updating countdown to 57898
[16:47:54.840] [SEVERE ] updating countdown to 57874
[16:47:54.864] [SEVERE ] updating countdown to 57850
[16:47:54.889] [SEVERE ] updating countdown to 57825
[16:47:54.913] [SEVERE ] updating countdown to 57801
[16:47:54.936] [SEVERE ] updating countdown to 57778
[16:47:54.958] [SEVERE ] updating countdown to 57756
[16:47:54.980] [SEVERE ] updating countdown to 57734
[16:47:55.005] [SEVERE ] updating countdown to 57709
[16:47:55.027] [SEVERE ] updating countdown to 57687
[16:47:55.051] [SEVERE ] updating countdown to 57663
[16:47:55.076] [SEVERE ] updating countdown to 57638
[16:47:55.097] [SEVERE ] updating countdown to 57617
[16:47:55.123] [SEVERE ] updating countdown to 57591
[16:47:55.144] [SEVERE ] updating countdown to 57570
[16:47:55.166] [SEVERE ] updating countdown to 57548
[16:47:55.190] [SEVERE ] updating countdown to 57524
[16:47:55.217] [SEVERE ] updating countdown to 57497
[16:47:55.238] [SEVERE ] updating countdown to 57476
[16:47:55.261] [SEVERE ] updating countdown to 57453
[16:47:55.284] [SEVERE ] updating countdown to 57430
[16:47:55.307] [SEVERE ] updating countdown to 57407
[16:47:55.329] [SEVERE ] updating countdown to 57385
[16:47:55.351] [SEVERE ] updating countdown to 57363
[16:47:55.373] [SEVERE ] updating countdown to 57341
[16:47:55.400] [SEVERE ] updating countdown to 57314
[16:47:55.425] [SEVERE ] updating countdown to 57289
[16:47:55.451] [SEVERE ] updating countdown to 57263
[16:47:55.477] [SEVERE ] updating countdown to 57237
[16:47:55.498] [SEVERE ] updating countdown to 57216
[16:47:55.520] [SEVERE ] updating countdown to 57194
[16:47:55.541] [SEVERE ] updating countdown to 57173
[16:47:55.564] [SEVERE ] updating countdown to 57150
[16:47:55.586] [SEVERE ] updating countdown to 57128
[16:47:55.606] [SEVERE ] updating countdown to 57108
[16:47:55.628] [SEVERE ] updating countdown to 57086
[16:47:55.651] [SEVERE ] updating countdown to 57063
[16:47:55.673] [SEVERE ] updating countdown to 57041
[16:47:55.696] [SEVERE ] updating countdown to 57018
[16:47:55.717] [SEVERE ] updating countdown to 56997
[16:47:55.739] [SEVERE ] updating countdown to 56975
[16:47:55.760] [SEVERE ] updating countdown to 56954
[16:47:55.784] [SEVERE ] updating countdown to 56930
[16:47:55.806] [SEVERE ] updating countdown to 56908
[16:47:55.827] [SEVERE ] updating countdown to 56887
[16:47:55.850] [SEVERE ] updating countdown to 56864
[16:47:55.872] [SEVERE ] updating countdown to 56842
[16:47:55.893] [SEVERE ] updating countdown to 56821
[16:47:55.914] [SEVERE ] updating countdown to 56800
[16:47:55.935] [SEVERE ] updating countdown to 56779
[16:47:55.956] [SEVERE ] updating countdown to 56758
[16:47:55.977] [SEVERE ] updating countdown to 56737
[16:47:55.998] [SEVERE ] updating countdown to 56716
[16:47:56.021] [SEVERE ] updating countdown to 56693
[16:47:56.043] [SEVERE ] updating countdown to 56671
[16:47:56.066] [SEVERE ] updating countdown to 56648
[16:47:56.088] [SEVERE ] updating countdown to 56626
[16:47:56.111] [SEVERE ] updating countdown to 56603
[16:47:56.132] [SEVERE ] updating countdown to 56582
[16:47:56.156] [SEVERE ] updating countdown to 56558
[16:47:56.178] [SEVERE ] updating countdown to 56536
[16:47:56.202] [SEVERE ] updating countdown to 56512
[16:47:56.224] [SEVERE ] updating countdown to 56490
[16:47:56.245] [SEVERE ] updating countdown to 56469
[16:47:56.269] [SEVERE ] updating countdown to 56445
[16:47:56.290] [SEVERE ] updating countdown to 56424
[16:47:56.313] [SEVERE ] updating countdown to 56401
[16:47:56.338] [SEVERE ] updating countdown to 56376
[16:47:56.364] [SEVERE ] updating countdown to 56350
[16:47:56.389] [SEVERE ] updating countdown to 56325
[16:47:56.415] [SEVERE ] updating countdown to 56300
[16:47:56.437] [SEVERE ] updating countdown to 56277
[16:47:56.460] [SEVERE ] updating countdown to 56254
[16:47:56.481] [SEVERE ] updating countdown to 56233
[16:47:56.502] [SEVERE ] updating countdown to 56212
[16:47:56.527] [SEVERE ] updating countdown to 56187
[16:47:56.548] [SEVERE ] updating countdown to 56166
[16:47:56.572] [SEVERE ] updating countdown to 56142
[16:47:56.595] [SEVERE ] updating countdown to 56119
[16:47:56.620] [SEVERE ] updating countdown to 56094
[16:47:56.644] [SEVERE ] updating countdown to 56070
[16:47:56.667] [SEVERE ] updating countdown to 56047
[16:47:56.693] [SEVERE ] updating countdown to 56021
[16:47:56.716] [SEVERE ] updating countdown to 55998
[16:47:56.738] [SEVERE ] updating countdown to 55976
[16:47:56.759] [SEVERE ] updating countdown to 55955
[16:47:56.782] [SEVERE ] updating countdown to 55932
[16:47:56.808] [SEVERE ] updating countdown to 55906
[16:47:56.834] [SEVERE ] updating countdown to 55880
[16:47:56.858] [SEVERE ] updating countdown to 55856
[16:47:56.884] [SEVERE ] updating countdown to 55830
[16:47:56.907] [SEVERE ] updating countdown to 55807
[16:47:56.929] [SEVERE ] updating countdown to 55785
[16:47:56.951] [SEVERE ] updating countdown to 55763
[16:47:56.972] [SEVERE ] updating countdown to 55742
[16:47:56.995] [SEVERE ] updating countdown to 55719
[16:47:57.018] [SEVERE ] updating countdown to 55696
[16:47:57.044] [SEVERE ] updating countdown to 55670
[16:47:57.070] [SEVERE ] updating countdown to 55644
[16:47:57.091] [SEVERE ] updating countdown to 55623
[16:47:57.115] [SEVERE ] updating countdown to 55599
[16:47:57.140] [SEVERE ] updating countdown to 55574
[16:47:57.165] [SEVERE ] updating countdown to 55549
[16:47:57.191] [SEVERE ] updating countdown to 55523
[16:47:57.217] [SEVERE ] updating countdown to 55497
[16:47:57.241] [SEVERE ] updating countdown to 55473
[16:47:57.266] [SEVERE ] updating countdown to 55448
[16:47:57.291] [SEVERE ] updating countdown to 55423
[16:47:57.313] [SEVERE ] updating countdown to 55401
[16:47:57.337] [SEVERE ] updating countdown to 55377
[16:47:57.360] [SEVERE ] updating countdown to 55354
[16:47:57.383] [SEVERE ] updating countdown to 55332
[16:47:57.403] [SEVERE ] updating countdown to 55311
[16:47:57.429] [SEVERE ] updating countdown to 55285
[16:47:57.455] [SEVERE ] updating countdown to 55259
[16:47:57.481] [SEVERE ] updating countdown to 55233
[16:47:57.507] [SEVERE ] updating countdown to 55207
[16:47:57.533] [SEVERE ] updating countdown to 55181
[16:47:57.554] [SEVERE ] updating countdown to 55160
[16:47:57.575] [SEVERE ] updating countdown to 55139
[16:47:57.597] [SEVERE ] updating countdown to 55117
[16:47:57.620] [SEVERE ] updating countdown to 55094
[16:47:57.642] [SEVERE ] updating countdown to 55072
[16:47:57.664] [SEVERE ] updating countdown to 55050
[16:47:57.688] [SEVERE ] updating countdown to 55026
[16:47:57.714] [SEVERE ] updating countdown to 55000
[16:47:57.738] [SEVERE ] updating countdown to 54976
[16:47:57.764] [SEVERE ] updating countdown to 54950
[16:47:57.790] [SEVERE ] updating countdown to 54924
[16:47:57.811] [SEVERE ] updating countdown to 54903
[16:47:57.838] [SEVERE ] updating countdown to 54876
[16:47:57.859] [SEVERE ] updating countdown to 54855
[16:47:57.881] [SEVERE ] updating countdown to 54833
[16:47:57.906] [SEVERE ] updating countdown to 54808
[16:47:57.931] [SEVERE ] updating countdown to 54783
[16:47:57.956] [SEVERE ] updating countdown to 54758
[16:47:57.980] [SEVERE ] updating countdown to 54734
[16:47:58.004] [SEVERE ] updating countdown to 54710
[16:47:58.028] [SEVERE ] updating countdown to 54686
[16:47:58.054] [SEVERE ] updating countdown to 54660
[16:47:58.077] [SEVERE ] updating countdown to 54637
[16:47:58.098] [SEVERE ] updating countdown to 54616
[16:47:58.120] [SEVERE ] updating countdown to 54594
[16:47:58.143] [SEVERE ] updating countdown to 54572
[16:47:58.169] [SEVERE ] updating countdown to 54545
[16:47:58.194] [SEVERE ] updating countdown to 54520
[16:47:58.215] [SEVERE ] updating countdown to 54499
[16:47:58.238] [SEVERE ] updating countdown to 54476
[16:47:58.260] [SEVERE ] updating countdown to 54455
[16:47:58.280] [SEVERE ] updating countdown to 54434
[16:47:58.301] [SEVERE ] updating countdown to 54413
[16:47:58.322] [SEVERE ] updating countdown to 54392
[16:47:58.344] [SEVERE ] updating countdown to 54370
[16:47:58.367] [SEVERE ] updating countdown to 54347
[16:47:58.389] [SEVERE ] updating countdown to 54325
[16:47:58.411] [SEVERE ] updating countdown to 54303
[16:47:58.433] [SEVERE ] updating countdown to 54281
[16:47:58.459] [SEVERE ] updating countdown to 54255
[16:47:58.484] [SEVERE ] updating countdown to 54230
[16:47:58.506] [SEVERE ] updating countdown to 54208
[16:47:58.528] [SEVERE ] updating countdown to 54186
[16:47:58.551] [SEVERE ] updating countdown to 54163
[16:47:58.572] [SEVERE ] updating countdown to 54142
[16:47:58.594] [SEVERE ] updating countdown to 54120
[16:47:58.617] [SEVERE ] updating countdown to 54097
[16:47:58.638] [SEVERE ] updating countdown to 54076
[16:47:58.663] [SEVERE ] updating countdown to 54051
[16:47:58.685] [SEVERE ] updating countdown to 54029
[16:47:58.710] [SEVERE ] updating countdown to 54004
[16:47:58.731] [SEVERE ] updating countdown to 53983
[16:47:58.756] [SEVERE ] updating countdown to 53958
[16:47:58.779] [SEVERE ] updating countdown to 53935
[16:47:58.805] [SEVERE ] updating countdown to 53909
[16:47:58.833] [SEVERE ] updating countdown to 53881
[16:47:58.885] [SEVERE ] updating countdown to 53829
[16:47:58.907] [SEVERE ] updating countdown to 53807
[16:47:58.929] [SEVERE ] updating countdown to 53785
[16:47:58.956] [SEVERE ] updating countdown to 53758
[16:47:58.977] [SEVERE ] updating countdown to 53737
[16:47:59.001] [SEVERE ] updating countdown to 53713
[16:47:59.024] [SEVERE ] updating countdown to 53690
[16:47:59.048] [SEVERE ] updating countdown to 53666
[16:47:59.069] [SEVERE ] updating countdown to 53645
[16:47:59.092] [SEVERE ] updating countdown to 53622
[16:47:59.115] [SEVERE ] updating countdown to 53599
[16:47:59.137] [SEVERE ] updating countdown to 53577
[16:47:59.158] [SEVERE ] updating countdown to 53556
[16:47:59.181] [SEVERE ] updating countdown to 53533
[16:47:59.206] [SEVERE ] updating countdown to 53508
[16:47:59.229] [SEVERE ] updating countdown to 53485
[16:47:59.253] [SEVERE ] updating countdown to 53461
[16:47:59.276] [SEVERE ] updating countdown to 53438
[16:47:59.297] [SEVERE ] updating countdown to 53417
[16:47:59.318] [SEVERE ] updating countdown to 53396
[16:47:59.341] [SEVERE ] updating countdown to 53373
[16:47:59.365] [SEVERE ] updating countdown to 53349
[16:47:59.387] [SEVERE ] updating countdown to 53327
[16:47:59.413] [SEVERE ] updating countdown to 53301
[16:47:59.435] [SEVERE ] updating countdown to 53279
[16:47:59.460] [SEVERE ] updating countdown to 53254
[16:47:59.481] [SEVERE ] updating countdown to 53233
[16:47:59.502] [SEVERE ] updating countdown to 53212
[16:47:59.524] [SEVERE ] updating countdown to 53190
[16:47:59.547] [SEVERE ] updating countdown to 53167
[16:47:59.568] [SEVERE ] updating countdown to 53146
[16:47:59.589] [SEVERE ] updating countdown to 53125
[16:47:59.610] [SEVERE ] updating countdown to 53104
[16:47:59.631] [SEVERE ] updating countdown to 53083
[16:47:59.652] [SEVERE ] updating countdown to 53062
[16:47:59.677] [SEVERE ] updating countdown to 53037
[16:47:59.702] [SEVERE ] updating countdown to 53012
[16:47:59.723] [SEVERE ] updating countdown to 52991
[16:47:59.744] [SEVERE ] updating countdown to 52970
[16:47:59.769] [SEVERE ] updating countdown to 52945
[16:47:59.790] [SEVERE ] updating countdown to 52924
[16:47:59.811] [SEVERE ] updating countdown to 52903
[16:47:59.831] [SEVERE ] updating countdown to 52883
[16:47:59.855] [SEVERE ] updating countdown to 52859
[16:47:59.876] [SEVERE ] updating countdown to 52838
[16:47:59.898] [SEVERE ] updating countdown to 52816
[16:47:59.922] [SEVERE ] updating countdown to 52792
[16:47:59.943] [SEVERE ] updating countdown to 52771
[16:47:59.964] [SEVERE ] updating countdown to 52750
[16:47:59.987] [SEVERE ] updating countdown to 52727
[16:48:00.009] [SEVERE ] updating countdown to 52705
[16:48:00.031] [SEVERE ] updating countdown to 52683
[16:48:00.052] [SEVERE ] updating countdown to 52662
[16:48:00.073] [SEVERE ] updating countdown to 52641
[16:48:00.094] [SEVERE ] updating countdown to 52620
[16:48:00.116] [SEVERE ] updating countdown to 52598
[16:48:00.137] [SEVERE ] updating countdown to 52577
[16:48:00.158] [SEVERE ] updating countdown to 52556
[16:48:00.181] [SEVERE ] updating countdown to 52533
[16:48:00.202] [SEVERE ] updating countdown to 52512
[16:48:00.224] [SEVERE ] updating countdown to 52490
[16:48:00.246] [SEVERE ] updating countdown to 52468
[16:48:00.267] [SEVERE ] updating countdown to 52447
[16:48:00.289] [SEVERE ] updating countdown to 52425
[16:48:00.310] [SEVERE ] updating countdown to 52404
[16:48:00.331] [SEVERE ] updating countdown to 52383
[16:48:00.353] [SEVERE ] updating countdown to 52361
[16:48:00.375] [SEVERE ] updating countdown to 52339
[16:48:00.396] [SEVERE ] updating countdown to 52318
[16:48:00.418] [SEVERE ] updating countdown to 52296
[16:48:00.439] [SEVERE ] updating countdown to 52275
[16:48:00.460] [SEVERE ] updating countdown to 52254
[16:48:00.481] [SEVERE ] updating countdown to 52233
[16:48:00.504] [SEVERE ] updating countdown to 52210
[16:48:00.525] [SEVERE ] updating countdown to 52189
[16:48:00.546] [SEVERE ] updating countdown to 52168
[16:48:00.567] [SEVERE ] updating countdown to 52147
[16:48:00.594] [SEVERE ] updating countdown to 52120
[16:48:00.617] [SEVERE ] updating countdown to 52097
[16:48:00.638] [SEVERE ] updating countdown to 52076
[16:48:00.661] [SEVERE ] updating countdown to 52053
[16:48:00.683] [SEVERE ] updating countdown to 52031
[16:48:00.705] [SEVERE ] updating countdown to 52009
[16:48:00.726] [SEVERE ] updating countdown to 51988
[16:48:00.747] [SEVERE ] updating countdown to 51967
[16:48:00.768] [SEVERE ] updating countdown to 51946
[16:48:00.789] [SEVERE ] updating countdown to 51925
[16:48:00.811] [SEVERE ] updating countdown to 51903
[16:48:00.832] [SEVERE ] updating countdown to 51882
[16:48:00.857] [SEVERE ] updating countdown to 51857
[16:48:00.879] [SEVERE ] updating countdown to 51836
[16:48:00.900] [SEVERE ] updating countdown to 51814
[16:48:00.921] [SEVERE ] updating countdown to 51793
[16:48:00.942] [SEVERE ] updating countdown to 51772
[16:48:00.963] [SEVERE ] updating countdown to 51751
[16:48:00.984] [SEVERE ] updating countdown to 51730
[16:48:01.005] [SEVERE ] updating countdown to 51709
[16:48:01.026] [SEVERE ] updating countdown to 51688
[16:48:01.047] [SEVERE ] updating countdown to 51667
[16:48:01.069] [SEVERE ] updating countdown to 51645
[16:48:01.092] [SEVERE ] updating countdown to 51623
[16:48:01.117] [SEVERE ] updating countdown to 51597
[16:48:01.138] [SEVERE ] updating countdown to 51576
[16:48:01.160] [SEVERE ] updating countdown to 51554
[16:48:01.181] [SEVERE ] updating countdown to 51533
[16:48:01.203] [SEVERE ] updating countdown to 51511
[16:48:01.225] [SEVERE ] updating countdown to 51489
[16:48:01.250] [SEVERE ] updating countdown to 51464
[16:48:01.271] [SEVERE ] updating countdown to 51443
[16:48:01.293] [SEVERE ] updating countdown to 51421
[16:48:01.314] [SEVERE ] updating countdown to 51400
[16:48:01.335] [SEVERE ] updating countdown to 51379
[16:48:01.357] [SEVERE ] updating countdown to 51357
[16:48:01.378] [SEVERE ] updating countdown to 51336
[16:48:01.399] [SEVERE ] updating countdown to 51315
[16:48:01.424] [SEVERE ] updating countdown to 51290
[16:48:01.446] [SEVERE ] updating countdown to 51268
[16:48:01.470] [SEVERE ] updating countdown to 51244
[16:48:01.491] [SEVERE ] updating countdown to 51223
[16:48:01.515] [SEVERE ] updating countdown to 51199
[16:48:01.538] [SEVERE ] updating countdown to 51176
[16:48:01.560] [SEVERE ] updating countdown to 51154
[16:48:01.583] [SEVERE ] updating countdown to 51131
[16:48:01.604] [SEVERE ] updating countdown to 51110
[16:48:01.625] [SEVERE ] updating countdown to 51089
[16:48:01.647] [SEVERE ] updating countdown to 51067
[16:48:01.668] [SEVERE ] updating countdown to 51046
[16:48:01.692] [SEVERE ] updating countdown to 51022
[16:48:01.716] [SEVERE ] updating countdown to 50998
[16:48:01.732] [SEVERE ] key 81 was pressed by player 1
[16:48:01.733] [SEVERE ] player 1 placing token on slot 0
[16:48:01.737] [SEVERE ] updating countdown to 50977
[16:48:01.760] [SEVERE ] updating countdown to 50954
[16:48:01.783] [SEVERE ] updating countdown to 50931
[16:48:01.806] [SEVERE ] updating countdown to 50908
[16:48:01.828] [SEVERE ] updating countdown to 50886
[16:48:01.849] [SEVERE ] updating countdown to 50865
[16:48:01.874] [SEVERE ] updating countdown to 50840
[16:48:01.899] [SEVERE ] updating countdown to 50815
[16:48:01.923] [SEVERE ] updating countdown to 50791
[16:48:01.947] [SEVERE ] updating countdown to 50767
[16:48:01.969] [SEVERE ] updating countdown to 50745
[16:48:01.990] [SEVERE ] updating countdown to 50724
[16:48:02.011] [SEVERE ] updating countdown to 50703
[16:48:02.036] [SEVERE ] updating countdown to 50678
[16:48:02.061] [SEVERE ] updating countdown to 50653
[16:48:02.087] [SEVERE ] updating countdown to 50627
[16:48:02.113] [SEVERE ] updating countdown to 50601
[16:48:02.139] [SEVERE ] updating countdown to 50575
[16:48:02.160] [SEVERE ] updating countdown to 50554
[16:48:02.184] [SEVERE ] updating countdown to 50530
[16:48:02.210] [SEVERE ] updating countdown to 50504
[16:48:02.231] [SEVERE ] updating countdown to 50483
[16:48:02.254] [SEVERE ] updating countdown to 50460
[16:48:02.276] [SEVERE ] updating countdown to 50438
[16:48:02.297] [SEVERE ] updating countdown to 50417
[16:48:02.320] [SEVERE ] updating countdown to 50394
[16:48:02.348] [SEVERE ] updating countdown to 50366
[16:48:02.369] [SEVERE ] updating countdown to 50345
[16:48:02.393] [SEVERE ] updating countdown to 50321
[16:48:02.415] [SEVERE ] updating countdown to 50299
[16:48:02.438] [SEVERE ] updating countdown to 50276
[16:48:02.461] [SEVERE ] updating countdown to 50253
[16:48:02.483] [SEVERE ] updating countdown to 50231
[16:48:02.508] [SEVERE ] updating countdown to 50206
[16:48:02.532] [SEVERE ] updating countdown to 50182
[16:48:02.558] [SEVERE ] updating countdown to 50156
[16:48:02.581] [SEVERE ] updating countdown to 50133
[16:48:02.604] [SEVERE ] updating countdown to 50110
[16:48:02.625] [SEVERE ] updating countdown to 50089
[16:48:02.648] [SEVERE ] updating countdown to 50066
[16:48:02.674] [SEVERE ] updating countdown to 50040
[16:48:02.700] [SEVERE ] updating countdown to 50014
[16:48:02.723] [SEVERE ] updating countdown to 49991
[16:48:02.735] [SEVERE ] key 83 was pressed by player 1
[16:48:02.736] [SEVERE ] player 1 placing token on slot 5
[16:48:02.745] [SEVERE ] updating countdown to 49969
[16:48:02.768] [SEVERE ] updating countdown to 49946
[16:48:02.793] [SEVERE ] updating countdown to 49921
[16:48:02.817] [SEVERE ] updating countdown to 49897
[16:48:02.838] [SEVERE ] updating countdown to 49876
[16:48:02.859] [SEVERE ] updating countdown to 49855
[16:48:02.883] [SEVERE ] updating countdown to 49831
[16:48:02.908] [SEVERE ] updating countdown to 49806
[16:48:02.932] [SEVERE ] updating countdown to 49782
[16:48:02.955] [SEVERE ] updating countdown to 49759
[16:48:02.976] [SEVERE ] updating countdown to 49738
[16:48:02.998] [SEVERE ] updating countdown to 49716
[16:48:03.019] [SEVERE ] updating countdown to 49695
[16:48:03.045] [SEVERE ] updating countdown to 49669
[16:48:03.068] [SEVERE ] updating countdown to 49646
[16:48:03.093] [SEVERE ] updating countdown to 49621
[16:48:03.118] [SEVERE ] updating countdown to 49596
[16:48:03.142] [SEVERE ] updating countdown to 49572
[16:48:03.163] [SEVERE ] updating countdown to 49551
[16:48:03.186] [SEVERE ] updating countdown to 49528
[16:48:03.207] [SEVERE ] updating countdown to 49507
[16:48:03.228] [SEVERE ] updating countdown to 49486
[16:48:03.254] [SEVERE ] updating countdown to 49460
[16:48:03.277] [SEVERE ] updating countdown to 49437
[16:48:03.298] [SEVERE ] updating countdown to 49416
[16:48:03.319] [SEVERE ] updating countdown to 49395
[16:48:03.341] [SEVERE ] updating countdown to 49373
[16:48:03.362] [SEVERE ] updating countdown to 49352
[16:48:03.383] [SEVERE ] updating countdown to 49331
[16:48:03.405] [SEVERE ] updating countdown to 49309
[16:48:03.425] [SEVERE ] updating countdown to 49289
[16:48:03.446] [SEVERE ] updating countdown to 49268
[16:48:03.467] [SEVERE ] updating countdown to 49247
[16:48:03.488] [SEVERE ] updating countdown to 49226
[16:48:03.509] [SEVERE ] updating countdown to 49205
[16:48:03.530] [SEVERE ] updating countdown to 49184
[16:48:03.551] [SEVERE ] updating countdown to 49163
[16:48:03.572] [SEVERE ] updating countdown to 49142
[16:48:03.593] [SEVERE ] updating countdown to 49121
[16:48:03.614] [SEVERE ] updating countdown to 49100
[16:48:03.635] [SEVERE ] updating countdown to 49079
[16:48:03.656] [SEVERE ] updating countdown to 49058
[16:48:03.677] [SEVERE ] updating countdown to 49037
[16:48:03.698] [SEVERE ] updating countdown to 49016
[16:48:03.719] [SEVERE ] updating countdown to 48995
[16:48:03.740] [SEVERE ] updating countdown to 48974
[16:48:03.761] [SEVERE ] updating countdown to 48953
[16:48:03.782] [SEVERE ] updating countdown to 48932
[16:48:03.804] [SEVERE ] updating countdown to 48910
[16:48:03.825] [SEVERE ] updating countdown to 48889
[16:48:03.846] [SEVERE ] updating countdown to 48868
[16:48:03.868] [SEVERE ] updating countdown to 48846
[16:48:03.890] [SEVERE ] updating countdown to 48824
[16:48:03.911] [SEVERE ] updating countdown to 48803
[16:48:03.933] [SEVERE ] updating countdown to 48781
[16:48:03.955] [SEVERE ] updating countdown to 48759
[16:48:03.975] [SEVERE ] updating countdown to 48739
[16:48:03.996] [SEVERE ] updating countdown to 48718
[16:48:04.017] [SEVERE ] updating countdown to 48697
[16:48:04.038] [SEVERE ] updating countdown to 48676
[16:48:04.059] [SEVERE ] updating countdown to 48655
[16:48:04.080] [SEVERE ] updating countdown to 48634
[16:48:04.106] [SEVERE ] updating countdown to 48608
[16:48:04.132] [SEVERE ] updating countdown to 48582
[16:48:04.158] [SEVERE ] updating countdown to 48556
[16:48:04.181] [SEVERE ] updating countdown to 48533
[16:48:04.203] [SEVERE ] updating countdown to 48511
[16:48:04.225] [SEVERE ] updating countdown to 48489
[16:48:04.251] [SEVERE ] updating countdown to 48463
[16:48:04.275] [SEVERE ] updating countdown to 48439
[16:48:04.300] [SEVERE ] updating countdown to 48414
[16:48:04.321] [SEVERE ] updating countdown to 48393
[16:48:04.342] [SEVERE ] updating countdown to 48372
[16:48:04.363] [SEVERE ] updating countdown to 48351
[16:48:04.384] [SEVERE ] updating countdown to 48330
[16:48:04.405] [SEVERE ] updating countdown to 48309
[16:48:04.426] [SEVERE ] updating countdown to 48288
[16:48:04.447] [SEVERE ] updating countdown to 48267
[16:48:04.468] [SEVERE ] updating countdown to 48246
[16:48:04.489] [SEVERE ] updating countdown to 48225
[16:48:04.511] [SEVERE ] updating countdown to 48203
[16:48:04.533] [SEVERE ] updating countdown to 48181
[16:48:04.554] [SEVERE ] updating countdown to 48160
[16:48:04.576] [SEVERE ] updating countdown to 48138
[16:48:04.597] [SEVERE ] updating countdown to 48117
[16:48:04.618] [SEVERE ] updating countdown to 48096
[16:48:04.641] [SEVERE ] updating countdown to 48073
[16:48:04.664] [SEVERE ] updating countdown to 48050
[16:48:04.685] [SEVERE ] updating countdown to 48029
[16:48:04.711] [SEVERE ] updating countdown to 48003
[16:48:04.737] [SEVERE ] updating countdown to 47977
[16:48:04.758] [SEVERE ] updating countdown to 47956
[16:48:04.781] [SEVERE ] updating countdown to 47933
[16:48:04.803] [SEVERE ] updating countdown to 47911
[16:48:04.826] [SEVERE ] updating countdown to 47888
[16:48:04.848] [SEVERE ] updating countdown to 47866
[16:48:04.870] [SEVERE ] updating countdown to 47844
[16:48:04.893] [SEVERE ] updating countdown to 47821
[16:48:04.919] [SEVERE ] updating countdown to 47795
[16:48:04.942] [SEVERE ] updating countdown to 47772
[16:48:04.964] [SEVERE ] updating countdown to 47750
[16:48:04.985] [SEVERE ] updating countdown to 47729
[16:48:04.991] [SEVERE ] key 82 was pressed by player 1
[16:48:04.991] [SEVERE ] player 1 placing token on slot 3
[16:48:04.993] [SEVERE ] setting player 1 freeze to 3000
[16:48:05.005] [SEVERE ] updating countdown to 47709
[16:48:05.027] [SEVERE ] updating countdown to 47687
[16:48:05.052] [SEVERE ] updating countdown to 47662
[16:48:05.077] [SEVERE ] updating countdown to 47637
[16:48:05.099] [SEVERE ] updating countdown to 47615
[16:48:05.125] [SEVERE ] updating countdown to 47589
[16:48:05.145] [SEVERE ] updating countdown to 47569
[16:48:05.167] [SEVERE ] updating countdown to 47547
[16:48:05.188] [SEVERE ] updating countdown to 47526
[16:48:05.210] [SEVERE ] updating countdown to 47504
[16:48:05.236] [SEVERE ] updating countdown to 47478
[16:48:05.262] [SEVERE ] updating countdown to 47452
[16:48:05.283] [SEVERE ] updating countdown to 47431
[16:48:05.307] [SEVERE ] updating countdown to 47407
[16:48:05.328] [SEVERE ] updating countdown to 47386
[16:48:05.350] [SEVERE ] updating countdown to 47364
[16:48:05.376] [SEVERE ] updating countdown to 47338
[16:48:05.402] [SEVERE ] updating countdown to 47312
[16:48:05.427] [SEVERE ] updating countdown to 47287
[16:48:05.448] [SEVERE ] updating countdown to 47266
[16:48:05.474] [SEVERE ] updating countdown to 47240
[16:48:05.499] [SEVERE ] updating countdown to 47215
[16:48:05.524] [SEVERE ] updating countdown to 47190
[16:48:05.550] [SEVERE ] updating countdown to 47164
[16:48:05.576] [SEVERE ] updating countdown to 47138
[16:48:05.597] [SEVERE ] updating countdown to 47117
[16:48:05.623] [SEVERE ] updating countdown to 47091
[16:48:05.644] [SEVERE ] updating countdown to 47070
[16:48:05.670] [SEVERE ] updating countdown to 47044
[16:48:05.692] [SEVERE ] updating countdown to 47022
[16:48:05.718] [SEVERE ] updating countdown to 46996
[16:48:05.739] [SEVERE ] updating countdown to 46975
[16:48:05.760] [SEVERE ] updating countdown to 46954
[16:48:05.784] [SEVERE ] updating countdown to 46930
[16:48:05.807] [SEVERE ] updating countdown to 46907
[16:48:05.833] [SEVERE ] updating countdown to 46881
[16:48:05.855] [SEVERE ] updating countdown to 46859
[16:48:05.881] [SEVERE ] updating countdown to 46833
[16:48:05.902] [SEVERE ] updating countdown to 46812
[16:48:05.923] [SEVERE ] updating countdown to 46791
[16:48:05.945] [SEVERE ] updating countdown to 46769
[16:48:05.966] [SEVERE ] updating countdown to 46748
[16:48:05.988] [SEVERE ] updating countdown to 46726
[16:48:06.009] [SEVERE ] updating countdown to 46705
[16:48:06.030] [SEVERE ] updating countdown to 46684
[16:48:06.054] [SEVERE ] updating countdown to 46660
[16:48:06.075] [SEVERE ] updating countdown to 46639
[16:48:06.095] [SEVERE ] updating countdown to 46619
[16:48:06.117] [SEVERE ] updating countdown to 46597
[16:48:06.138] [SEVERE ] updating countdown to 46576
[16:48:06.161] [SEVERE ] updating countdown to 46553
[16:48:06.183] [SEVERE ] updating countdown to 46531
[16:48:06.204] [SEVERE ] updating countdown to 46510
[16:48:06.227] [SEVERE ] updating countdown to 46487
[16:48:06.248] [SEVERE ] updating countdown to 46466
[16:48:06.269] [SEVERE ] updating countdown to 46445
[16:48:06.292] [SEVERE ] updating countdown to 46422
[16:48:06.314] [SEVERE ] updating countdown to 46400
[16:48:06.335] [SEVERE ] updating countdown to 46379
[16:48:06.358] [SEVERE ] updating countdown to 46356
[16:48:06.379] [SEVERE ] updating countdown to 46335
[16:48:06.402] [SEVERE ] updating countdown to 46312
[16:48:06.425] [SEVERE ] updating countdown to 46289
[16:48:06.445] [SEVERE ] updating countdown to 46269
[16:48:06.468] [SEVERE ] updating countdown to 46246
[16:48:06.490] [SEVERE ] updating countdown to 46224
[16:48:06.511] [SEVERE ] updating countdown to 46203
[16:48:06.534] [SEVERE ] updating countdown to 46180
[16:48:06.556] [SEVERE ] updating countdown to 46158
[16:48:06.578] [SEVERE ] updating countdown to 46136
[16:48:06.599] [SEVERE ] updating countdown to 46115
[16:48:06.619] [SEVERE ] updating countdown to 46095
[16:48:06.641] [SEVERE ] updating countdown to 46073
[16:48:06.662] [SEVERE ] updating countdown to 46052
[16:48:06.684] [SEVERE ] updating countdown to 46030
[16:48:06.707] [SEVERE ] updating countdown to 46007
[16:48:06.728] [SEVERE ] updating countdown to 45986
[16:48:06.752] [SEVERE ] updating countdown to 45962
[16:48:06.775] [SEVERE ] updating countdown to 45939
[16:48:06.796] [SEVERE ] updating countdown to 45918
[16:48:06.817] [SEVERE ] updating countdown to 45897
[16:48:06.839] [SEVERE ] updating countdown to 45875
[16:48:06.860] [SEVERE ] updating countdown to 45854
[16:48:06.883] [SEVERE ] updating countdown to 45831
[16:48:06.903] [SEVERE ] updating countdown to 45811
[16:48:06.926] [SEVERE ] updating countdown to 45788
[16:48:06.948] [SEVERE ] updating countdown to 45766
[16:48:06.969] [SEVERE ] updating countdown to 45745
[16:48:06.992] [SEVERE ] updating countdown to 45722
[16:48:07.013] [SEVERE ] updating countdown to 45701
[16:48:07.034] [SEVERE ] updating countdown to 45680
[16:48:07.055] [SEVERE ] updating countdown to 45659
[16:48:07.076] [SEVERE ] updating countdown to 45638
[16:48:07.099] [SEVERE ] updating countdown to 45615
[16:48:07.122] [SEVERE ] updating countdown to 45592
[16:48:07.144] [SEVERE ] updating countdown to 45570
[16:48:07.166] [SEVERE ] updating countdown to 45548
[16:48:07.188] [SEVERE ] updating countdown to 45526
[16:48:07.209] [SEVERE ] updating countdown to 45505
[16:48:07.230] [SEVERE ] updating countdown to 45484
[16:48:07.251] [SEVERE ] updating countdown to 45463
[16:48:07.272] [SEVERE ] updating countdown to 45442
[16:48:07.293] [SEVERE ] updating countdown to 45421
[16:48:07.316] [SEVERE ] updating countdown to 45398
[16:48:07.337] [SEVERE ] updating countdown to 45377
[16:48:07.359] [SEVERE ] updating countdown to 45355
[16:48:07.380] [SEVERE ] updating countdown to 45334
[16:48:07.402] [SEVERE ] updating countdown to 45312
[16:48:07.424] [SEVERE ] updating countdown to 45290
[16:48:07.445] [SEVERE ] updating countdown to 45269
[16:48:07.466] [SEVERE ] updating countdown to 45248
[16:48:07.487] [SEVERE ] updating countdown to 45227
[16:48:07.508] [SEVERE ] updating countdown to 45206
[16:48:07.531] [SEVERE ] updating countdown to 45183
[16:48:07.552] [SEVERE ] updating countdown to 45162
[16:48:07.573] [SEVERE ] updating countdown to 45141
[16:48:07.595] [SEVERE ] updating countdown to 45119
[16:48:07.616] [SEVERE ] updating countdown to 45098
[16:48:07.636] [SEVERE ] updating countdown to 45078
[16:48:07.658] [SEVERE ] updating countdown to 45056
[16:48:07.678] [SEVERE ] updating countdown to 45036
[16:48:07.699] [SEVERE ] updating countdown to 45015
[16:48:07.722] [SEVERE ] updating countdown to 44992
[16:48:07.745] [SEVERE ] updating countdown to 44969
[16:48:07.765] [SEVERE ] updating countdown to 44949
[16:48:07.786] [SEVERE ] updating countdown to 44928
[16:48:07.807] [SEVERE ] updating countdown to 44907
[16:48:07.828] [SEVERE ] updating countdown to 44886
[16:48:07.852] [SEVERE ] updating countdown to 44862
[16:48:07.874] [SEVERE ] updating countdown to 44840
[16:48:07.895] [SEVERE ] updating countdown to 44819
[16:48:07.917] [SEVERE ] updating countdown to 44797
[16:48:07.938] [SEVERE ] updating countdown to 44776
[16:48:07.959] [SEVERE ] updating countdown to 44755
[16:48:07.982] [SEVERE ] updating countdown to 44732
[16:48:07.998] [SEVERE ] setting player 1 freeze to 0
[16:48:08.002] [SEVERE ] updating countdown to 44712
[16:48:08.023] [SEVERE ] updating countdown to 44691
[16:48:08.045] [SEVERE ] updating countdown to 44669
[16:48:08.067] [SEVERE ] updating countdown to 44647
[16:48:08.091] [SEVERE ] updating countdown to 44623
[16:48:08.112] [SEVERE ] updating countdown to 44602
[16:48:08.133] [SEVERE ] updating countdown to 44581
[16:48:08.155] [SEVERE ] updating countdown to 44559
[16:48:08.176] [SEVERE ] updating countdown to 44538
[16:48:08.197] [SEVERE ] updating countdown to 44517
[16:48:08.219] [SEVERE ] updating countdown to 44495
[16:48:08.240] [SEVERE ] updating countdown to 44474
[16:48:08.261] [SEVERE ] updating countdown to 44453
[16:48:08.282] [SEVERE ] updating countdown to 44432
[16:48:08.303] [SEVERE ] updating countdown to 44411
[16:48:08.329] [SEVERE ] updating countdown to 44385
[16:48:08.355] [SEVERE ] updating countdown to 44359
[16:48:08.381] [SEVERE ] updating countdown to 44333
[16:48:08.404] [SEVERE ] updating countdown to 44310
[16:48:08.430] [SEVERE ] updating countdown to 44284
[16:48:08.456] [SEVERE ] updating countdown to 44258
[16:48:08.478] [SEVERE ] updating countdown to 44236
[16:48:08.500] [SEVERE ] updating countdown to 44214
[16:48:08.521] [SEVERE ] updating countdown to 44193
[16:48:08.544] [SEVERE ] updating countdown to 44170
[16:48:08.570] [SEVERE ] updating countdown to 44144
[16:48:08.596] [SEVERE ] updating countdown to 44118
[16:48:08.622] [SEVERE ] updating countdown to 44092
[16:48:08.647] [SEVERE ] updating countdown to 44067
[16:48:08.673] [SEVERE ] updating countdown to 44041
[16:48:08.696] [SEVERE ] updating countdown to 44018
[16:48:08.719] [SEVERE ] updating countdown to 43995
[16:48:08.742] [SEVERE ] updating countdown to 43972
[16:48:08.763] [SEVERE ] updating countdown to 43951
[16:48:08.789] [SEVERE ] updating countdown to 43925
[16:48:08.811] [SEVERE ] updating countdown to 43903
[16:48:08.832] [SEVERE ] updating countdown to 43882
[16:48:08.855] [SEVERE ] updating countdown to 43859
[16:48:08.881] [SEVERE ] updating countdown to 43833
[16:48:08.903] [SEVERE ] updating countdown to 43811
[16:48:08.928] [SEVERE ] updating countdown to 43786
[16:48:08.954] [SEVERE ] updating countdown to 43760
[16:48:08.980] [SEVERE ] updating countdown to 43734
[16:48:09.002] [SEVERE ] updating countdown to 43712
[16:48:09.028] [SEVERE ] updating countdown to 43686
[16:48:09.050] [SEVERE ] updating countdown to 43664
[16:48:09.071] [SEVERE ] updating countdown to 43643
[16:48:09.094] [SEVERE ] updating countdown to 43620
[16:48:09.120] [SEVERE ] updating countdown to 43594
[16:48:09.146] [SEVERE ] updating countdown to 43568
[16:48:09.172] [SEVERE ] updating countdown to 43542
[16:48:09.196] [SEVERE ] updating countdown to 43518
[16:48:09.222] [SEVERE ] updating countdown to 43492
[16:48:09.245] [SEVERE ] updating countdown to 43469
[16:48:09.267] [SEVERE ] updating countdown to 43447
[16:48:09.289] [SEVERE ] updating countdown to 43425
[16:48:09.311] [SEVERE ] updating countdown to 43403
[16:48:09.336] [SEVERE ] updating countdown to 43378
[16:48:09.362] [SEVERE ] updating countdown to 43352
[16:48:09.388] [SEVERE ] updating countdown to 43326
[16:48:09.408] [SEVERE ] updating countdown to 43306
[16:48:09.431] [SEVERE ] updating countdown to 43283
[16:48:09.453] [SEVERE ] updating countdown to 43261
[16:48:09.475] [SEVERE ] updating countdown to 43239
[16:48:09.497] [SEVERE ] updating countdown to 43217
[16:48:09.523] [SEVERE ] updating countdown to 43191
[16:48:09.545] [SEVERE ] updating countdown to 43169
[16:48:09.568] [SEVERE ] updating countdown to 43146
[16:48:09.594] [SEVERE ] updating countdown to 43120
[16:48:09.620] [SEVERE ] updating countdown to 43094
[16:48:09.642] [SEVERE ] updating countdown to 43072
[16:48:09.664] [SEVERE ] updating countdown to 43050
[16:48:09.686] [SEVERE ] updating countdown to 43028
[16:48:09.712] [SEVERE ] updating countdown to 43002
[16:48:09.735] [SEVERE ] updating countdown to 42979
[16:48:09.761] [SEVERE ] updating countdown to 42953
[16:48:09.784] [SEVERE ] updating countdown to 42930
[16:48:09.806] [SEVERE ] updating countdown to 42908
[16:48:09.826] [SEVERE ] updating countdown to 42888
[16:48:09.847] [SEVERE ] updating countdown to 42867
[16:48:09.872] [SEVERE ] updating countdown to 42842
[16:48:09.894] [SEVERE ] updating countdown to 42820
[16:48:09.918] [SEVERE ] updating countdown to 42796
[16:48:09.938] [SEVERE ] updating countdown to 42776
[16:48:09.959] [SEVERE ] updating countdown to 42755
[16:48:09.980] [SEVERE ] updating countdown to 42734
[16:48:10.005] [SEVERE ] updating countdown to 42709
[16:48:10.028] [SEVERE ] updating countdown to 42686
[16:48:10.052] [SEVERE ] updating countdown to 42662
[16:48:10.057] [SEVERE ] key 87 was pressed by player 1
[16:48:10.058] [SEVERE ] player 1 placing token on slot 1
[16:48:10.075] [SEVERE ] updating countdown to 42639
[16:48:10.098] [SEVERE ] updating countdown to 42616
[16:48:10.124] [SEVERE ] updating countdown to 42590
[16:48:10.145] [SEVERE ] updating countdown to 42569
[16:48:10.170] [SEVERE ] updating countdown to 42544
[16:48:10.192] [SEVERE ] updating countdown to 42522
[16:48:10.215] [SEVERE ] updating countdown to 42499
[16:48:10.238] [SEVERE ] updating countdown to 42476
[16:48:10.262] [SEVERE ] updating countdown to 42452
[16:48:10.283] [SEVERE ] updating countdown to 42431
[16:48:10.306] [SEVERE ] updating countdown to 42408
[16:48:10.332] [SEVERE ] updating countdown to 42382
[16:48:10.354] [SEVERE ] updating countdown to 42360
[16:48:10.378] [SEVERE ] updating countdown to 42336
[16:48:10.400] [SEVERE ] updating countdown to 42314
[16:48:10.424] [SEVERE ] updating countdown to 42290
[16:48:10.445] [SEVERE ] updating countdown to 42269
[16:48:10.467] [SEVERE ] updating countdown to 42247
[16:48:10.490] [SEVERE ] updating countdown to 42224
[16:48:10.515] [SEVERE ] updating countdown to 42199
[16:48:10.538] [SEVERE ] updating countdown to 42176
[16:48:10.562] [SEVERE ] updating countdown to 42152
[16:48:10.588] [SEVERE ] updating countdown to 42126
[16:48:10.610] [SEVERE ] updating countdown to 42104
[16:48:10.636] [SEVERE ] updating countdown to 42078
[16:48:10.659] [SEVERE ] updating countdown to 42055
[16:48:10.682] [SEVERE ] updating countdown to 42032
[16:48:10.703] [SEVERE ] updating countdown to 42011
[16:48:10.726] [SEVERE ] updating countdown to 41988
[16:48:10.750] [SEVERE ] updating countdown to 41964
[16:48:10.774] [SEVERE ] updating countdown to 41940
[16:48:10.799] [SEVERE ] updating countdown to 41915
[16:48:10.825] [SEVERE ] updating countdown to 41889
[16:48:10.851] [SEVERE ] updating countdown to 41863
[16:48:10.872] [SEVERE ] updating countdown to 41842
[16:48:10.894] [SEVERE ] updating countdown to 41820
[16:48:10.915] [SEVERE ] updating countdown to 41799
[16:48:10.936] [SEVERE ] updating countdown to 41778
[16:48:10.957] [SEVERE ] updating countdown to 41757
[16:48:10.978] [SEVERE ] updating countdown to 41736
[16:48:10.999] [SEVERE ] updating countdown to 41715
[16:48:11.020] [SEVERE ] updating countdown to 41694
[16:48:11.041] [SEVERE ] updating countdown to 41673
[16:48:11.062] [SEVERE ] updating countdown to 41652
[16:48:11.083] [SEVERE ] updating countdown to 41631
[16:48:11.104] [SEVERE ] updating countdown to 41610
[16:48:11.125] [SEVERE ] updating countdown to 41589
[16:48:11.151] [SEVERE ] updating countdown to 41563
[16:48:11.175] [SEVERE ] updating countdown to 41539
[16:48:11.200] [SEVERE ] updating countdown to 41514
[16:48:11.221] [SEVERE ] updating countdown to 41493
[16:48:11.247] [SEVERE ] updating countdown to 41467
[16:48:11.269] [SEVERE ] updating countdown to 41445
[16:48:11.295] [SEVERE ] updating countdown to 41419
[16:48:11.317] [SEVERE ] updating countdown to 41397
[16:48:11.338] [SEVERE ] updating countdown to 41376
[16:48:11.364] [SEVERE ] updating countdown to 41350
[16:48:11.389] [SEVERE ] updating countdown to 41325
[16:48:11.412] [SEVERE ] updating countdown to 41302
[16:48:11.436] [SEVERE ] updating countdown to 41278
[16:48:11.462] [SEVERE ] updating countdown to 41252
[16:48:11.483] [SEVERE ] updating countdown to 41231
[16:48:11.506] [SEVERE ] updating countdown to 41208
[16:48:11.528] [SEVERE ] updating countdown to 41186
[16:48:11.554] [SEVERE ] updating countdown to 41160
[16:48:11.580] [SEVERE ] updating countdown to 41134
[16:48:11.603] [SEVERE ] updating countdown to 41111
[16:48:11.629] [SEVERE ] updating countdown to 41085
[16:48:11.655] [SEVERE ] updating countdown to 41059
[16:48:11.681] [SEVERE ] updating countdown to 41033
[16:48:11.707] [SEVERE ] updating countdown to 41007
[16:48:11.733] [SEVERE ] updating countdown to 40981
[16:48:11.759] [SEVERE ] updating countdown to 40955
[16:48:11.780] [SEVERE ] updating countdown to 40934
[16:48:11.806] [SEVERE ] updating countdown to 40908
[16:48:11.832] [SEVERE ] updating countdown to 40882
[16:48:11.853] [SEVERE ] updating countdown to 40861
[16:48:11.874] [SEVERE ] updating countdown to 40840
[16:48:11.896] [SEVERE ] updating countdown to 40818
[16:48:11.917] [SEVERE ] updating countdown to 40797
[16:48:11.942] [SEVERE ] updating countdown to 40772
[16:48:11.967] [SEVERE ] updating countdown to 40747
[16:48:11.993] [SEVERE ] updating countdown to 40721
[16:48:12.014] [SEVERE ] updating countdown to 40700
[16:48:12.040] [SEVERE ] updating countdown to 40674
[16:48:12.066] [SEVERE ] updating countdown to 40648
[16:48:12.088] [SEVERE ] updating countdown to 40626
[16:48:12.111] [SEVERE ] updating countdown to 40603
[16:48:12.133] [SEVERE ] updating countdown to 40581
[16:48:12.156] [SEVERE ] updating countdown to 40558
[16:48:12.182] [SEVERE ] updating countdown to 40532
[16:48:12.204] [SEVERE ] updating countdown to 40510
[16:48:12.225] [SEVERE ] updating countdown to 40489
[16:48:12.246] [SEVERE ] updating countdown to 40468
[16:48:12.268] [SEVERE ] updating countdown to 40446
[16:48:12.291] [SEVERE ] updating countdown to 40423
[16:48:12.316] [SEVERE ] updating countdown to 40398
[16:48:12.338] [SEVERE ] updating countdown to 40376
[16:48:12.362] [SEVERE ] updating countdown to 40352
[16:48:12.385] [SEVERE ] updating countdown to 40329
[16:48:12.411] [SEVERE ] updating countdown to 40303
[16:48:12.436] [SEVERE ] updating countdown to 40278
[16:48:12.462] [SEVERE ] updating countdown to 40252
[16:48:12.488] [SEVERE ] updating countdown to 40226
[16:48:12.514] [SEVERE ] updating countdown to 40200
[16:48:12.538] [SEVERE ] updating countdown to 40176
[16:48:12.564] [SEVERE ] updating countdown to 40150
[16:48:12.590] [SEVERE ] updating countdown to 40124
[16:48:12.616] [SEVERE ] updating countdown to 40098
[16:48:12.638] [SEVERE ] updating countdown to 40076
[16:48:12.659] [SEVERE ] updating countdown to 40055
[16:48:12.681] [SEVERE ] updating countdown to 40033
[16:48:12.703] [SEVERE ] updating countdown to 40011
[16:48:12.724] [SEVERE ] updating countdown to 39990
[16:48:12.747] [SEVERE ] updating countdown to 39967
[16:48:12.769] [SEVERE ] updating countdown to 39945
[16:48:12.792] [SEVERE ] updating countdown to 39922
[16:48:12.814] [SEVERE ] updating countdown to 39900
[16:48:12.836] [SEVERE ] updating countdown to 39878
[16:48:12.858] [SEVERE ] updating countdown to 39856
[16:48:12.879] [SEVERE ] updating countdown to 39835
[16:48:12.901] [SEVERE ] updating countdown to 39813
[16:48:12.924] [SEVERE ] updating countdown to 39790
[16:48:12.949] [SEVERE ] updating countdown to 39765
[16:48:12.975] [SEVERE ] updating countdown to 39739
[16:48:12.999] [SEVERE ] updating countdown to 39715
[16:48:13.019] [SEVERE ] updating countdown to 39695
[16:48:13.041] [SEVERE ] updating countdown to 39673
[16:48:13.067] [SEVERE ] updating countdown to 39647
[16:48:13.092] [SEVERE ] updating countdown to 39622
[16:48:13.115] [SEVERE ] updating countdown to 39599
[16:48:13.141] [SEVERE ] updating countdown to 39573
[16:48:13.166] [SEVERE ] updating countdown to 39548
[16:48:13.191] [SEVERE ] updating countdown to 39523
[16:48:13.217] [SEVERE ] updating countdown to 39497
[16:48:13.238] [SEVERE ] updating countdown to 39476
[16:48:13.264] [SEVERE ] updating countdown to 39450
[16:48:13.285] [SEVERE ] updating countdown to 39429
[16:48:13.306] [SEVERE ] updating countdown to 39408
[16:48:13.332] [SEVERE ] updating countdown to 39382
[16:48:13.358] [SEVERE ] updating countdown to 39356
[16:48:13.384] [SEVERE ] updating countdown to 39330
[16:48:13.410] [SEVERE ] updating countdown to 39304
[16:48:13.433] [SEVERE ] updating countdown to 39281
[16:48:13.456] [SEVERE ] updating countdown to 39258
[16:48:13.479] [SEVERE ] updating countdown to 39235
[16:48:13.501] [SEVERE ] updating countdown to 39213
[16:48:13.523] [SEVERE ] updating countdown to 39191
[16:48:13.548] [SEVERE ] updating countdown to 39166
[16:48:13.574] [SEVERE ] updating countdown to 39140
[16:48:13.600] [SEVERE ] updating countdown to 39114
[16:48:13.624] [SEVERE ] updating countdown to 39090
[16:48:13.646] [SEVERE ] updating countdown to 39068
[16:48:13.669] [SEVERE ] updating countdown to 39045
[16:48:13.695] [SEVERE ] updating countdown to 39019
[16:48:13.714] [SEVERE ] key 87 was pressed by player 1
[16:48:13.714] [SEVERE ] removing player 1 token from slot 1
[16:48:13.716] [SEVERE ] updating countdown to 38998
[16:48:13.737] [SEVERE ] updating countdown to 38977
[16:48:13.763] [SEVERE ] updating countdown to 38951
[16:48:13.788] [SEVERE ] updating countdown to 38926
[16:48:13.811] [SEVERE ] updating countdown to 38903
[16:48:13.835] [SEVERE ] updating countdown to 38879
[16:48:13.861] [SEVERE ] updating countdown to 38853
[16:48:13.887] [SEVERE ] updating countdown to 38827
[16:48:13.910] [SEVERE ] updating countdown to 38804
[16:48:13.931] [SEVERE ] updating countdown to 38783
[16:48:13.953] [SEVERE ] updating countdown to 38761
[16:48:13.977] [SEVERE ] updating countdown to 38737
[16:48:14.002] [SEVERE ] updating countdown to 38712
[16:48:14.023] [SEVERE ] updating countdown to 38691
[16:48:14.045] [SEVERE ] updating countdown to 38669
[16:48:14.071] [SEVERE ] updating countdown to 38643
[16:48:14.096] [SEVERE ] updating countdown to 38618
[16:48:14.119] [SEVERE ] updating countdown to 38595
[16:48:14.145] [SEVERE ] updating countdown to 38569
[16:48:14.170] [SEVERE ] updating countdown to 38544
[16:48:14.193] [SEVERE ] updating countdown to 38521
[16:48:14.216] [SEVERE ] updating countdown to 38498
[16:48:14.242] [SEVERE ] updating countdown to 38472
[16:48:14.268] [SEVERE ] updating countdown to 38446
[16:48:14.294] [SEVERE ] updating countdown to 38420
[16:48:14.315] [SEVERE ] updating countdown to 38399
[16:48:14.338] [SEVERE ] updating countdown to 38376
[16:48:14.362] [SEVERE ] updating countdown to 38352
[16:48:14.387] [SEVERE ] updating countdown to 38327
[16:48:14.409] [SEVERE ] updating countdown to 38305
[16:48:14.430] [SEVERE ] updating countdown to 38284
[16:48:14.454] [SEVERE ] updating countdown to 38260
[16:48:14.480] [SEVERE ] updating countdown to 38234
[16:48:14.506] [SEVERE ] updating countdown to 38208
[16:48:14.532] [SEVERE ] updating countdown to 38182
[16:48:14.557] [SEVERE ] updating countdown to 38157
[16:48:14.582] [SEVERE ] updating countdown to 38132
[16:48:14.608] [SEVERE ] updating countdown to 38106
[16:48:14.630] [SEVERE ] updating countdown to 38084
[16:48:14.652] [SEVERE ] updating countdown to 38062
[16:48:14.678] [SEVERE ] updating countdown to 38036
[16:48:14.704] [SEVERE ] updating countdown to 38010
[16:48:14.730] [SEVERE ] updating countdown to 37984
[16:48:14.755] [SEVERE ] updating countdown to 37959
[16:48:14.781] [SEVERE ] updating countdown to 37933
[16:48:14.807] [SEVERE ] updating countdown to 37907
[16:48:14.831] [SEVERE ] updating countdown to 37883
[16:48:14.857] [SEVERE ] updating countdown to 37857
[16:48:14.882] [SEVERE ] updating countdown to 37832
[16:48:14.905] [SEVERE ] updating countdown to 37809
[16:48:14.927] [SEVERE ] updating countdown to 37787
[16:48:14.953] [SEVERE ] updating countdown to 37761
[16:48:14.975] [SEVERE ] updating countdown to 37739
[16:48:14.997] [SEVERE ] updating countdown to 37717
[16:48:15.018] [SEVERE ] updating countdown to 37696
[16:48:15.041] [SEVERE ] updating countdown to 37673
[16:48:15.067] [SEVERE ] updating countdown to 37647
[16:48:15.092] [SEVERE ] updating countdown to 37622
[16:48:15.117] [SEVERE ] updating countdown to 37597
[16:48:15.140] [SEVERE ] updating countdown to 37574
[16:48:15.162] [SEVERE ] updating countdown to 37552
[16:48:15.184] [SEVERE ] updating countdown to 37530
[16:48:15.206] [SEVERE ] updating countdown to 37508
[16:48:15.228] [SEVERE ] updating countdown to 37486
[16:48:15.252] [SEVERE ] updating countdown to 37462
[16:48:15.273] [SEVERE ] updating countdown to 37441
[16:48:15.299] [SEVERE ] updating countdown to 37415
[16:48:15.325] [SEVERE ] updating countdown to 37389
[16:48:15.348] [SEVERE ] updating countdown to 37366
[16:48:15.372] [SEVERE ] updating countdown to 37342
[16:48:15.398] [SEVERE ] updating countdown to 37316
[16:48:15.420] [SEVERE ] updating countdown to 37294
[16:48:15.445] [SEVERE ] updating countdown to 37269
[16:48:15.471] [SEVERE ] updating countdown to 37243
[16:48:15.497] [SEVERE ] updating countdown to 37217
[16:48:15.523] [SEVERE ] updating countdown to 37191
[16:48:15.545] [SEVERE ] updating countdown to 37169
[16:48:15.571] [SEVERE ] updating countdown to 37143
[16:48:15.593] [SEVERE ] updating countdown to 37121
[16:48:15.619] [SEVERE ] updating countdown to 37095
[16:48:15.641] [SEVERE ] updating countdown to 37073
[16:48:15.667] [SEVERE ] updating countdown to 37047
[16:48:15.693] [SEVERE ] updating countdown to 37021
[16:48:15.716] [SEVERE ] updating countdown to 36998
[16:48:15.740] [SEVERE ] updating countdown to 36974
[16:48:15.764] [SEVERE ] updating countdown to 36950
[16:48:15.785] [SEVERE ] updating countdown to 36929
[16:48:15.811] [SEVERE ] updating countdown to 36903
[16:48:15.835] [SEVERE ] updating countdown to 36879
[16:48:15.861] [SEVERE ] updating countdown to 36853
[16:48:15.887] [SEVERE ] updating countdown to 36827
[16:48:15.908] [SEVERE ] updating countdown to 36806
[16:48:15.929] [SEVERE ] updating countdown to 36785
[16:48:15.950] [SEVERE ] updating countdown to 36764
[16:48:15.972] [SEVERE ] updating countdown to 36742
[16:48:15.993] [SEVERE ] updating countdown to 36721
[16:48:16.014] [SEVERE ] updating countdown to 36700
[16:48:16.035] [SEVERE ] updating countdown to 36679
[16:48:16.057] [SEVERE ] updating countdown to 36657
[16:48:16.079] [SEVERE ] updating countdown to 36635
[16:48:16.100] [SEVERE ] updating countdown to 36614
[16:48:16.121] [SEVERE ] updating countdown to 36593
[16:48:16.143] [SEVERE ] updating countdown to 36571
[16:48:16.169] [SEVERE ] updating countdown to 36545
[16:48:16.194] [SEVERE ] updating countdown to 36520
[16:48:16.216] [SEVERE ] updating countdown to 36498
[16:48:16.237] [SEVERE ] updating countdown to 36477
[16:48:16.259] [SEVERE ] updating countdown to 36455
[16:48:16.283] [SEVERE ] updating countdown to 36431
[16:48:16.304] [SEVERE ] updating countdown to 36410
[16:48:16.325] [SEVERE ] updating countdown to 36389
[16:48:16.347] [SEVERE ] updating countdown to 36367
[16:48:16.371] [SEVERE ] updating countdown to 36343
[16:48:16.396] [SEVERE ] updating countdown to 36318
[16:48:16.418] [SEVERE ] updating countdown to 36296
[16:48:16.442] [SEVERE ] updating countdown to 36272
[16:48:16.463] [SEVERE ] updating countdown to 36251
[16:48:16.489] [SEVERE ] updating countdown to 36225
[16:48:16.510] [SEVERE ] updating countdown to 36204
[16:48:16.532] [SEVERE ] updating countdown to 36182
[16:48:16.555] [SEVERE ] updating countdown to 36159
[16:48:16.581] [SEVERE ] updating countdown to 36133
[16:48:16.607] [SEVERE ] updating countdown to 36107
[16:48:16.631] [SEVERE ] updating countdown to 36083
[16:48:16.653] [SEVERE ] updating countdown to 36061
[16:48:16.676] [SEVERE ] updating countdown to 36038
[16:48:16.689] [SEVERE ] key 87 was pressed by player 1
[16:48:16.690] [SEVERE ] player 1 placing token on slot 1
[16:48:16.697] [SEVERE ] updating countdown to 36017
[16:48:16.718] [SEVERE ] updating countdown to 35996
[16:48:16.741] [SEVERE ] updating countdown to 35973
[16:48:16.767] [SEVERE ] updating countdown to 35947
[16:48:16.789] [SEVERE ] updating countdown to 35925
[16:48:16.814] [SEVERE ] updating countdown to 35900
[16:48:16.839] [SEVERE ] updating countdown to 35875
[16:48:16.864] [SEVERE ] updating countdown to 35850
[16:48:16.887] [SEVERE ] updating countdown to 35827
[16:48:16.908] [SEVERE ] updating countdown to 35806
[16:48:16.931] [SEVERE ] updating countdown to 35783
[16:48:16.953] [SEVERE ] updating countdown to 35761
[16:48:16.975] [SEVERE ] updating countdown to 35739
[16:48:16.996] [SEVERE ] updating countdown to 35718
[16:48:17.021] [SEVERE ] updating countdown to 35693
[16:48:17.043] [SEVERE ] updating countdown to 35671
[16:48:17.064] [SEVERE ] updating countdown to 35650
[16:48:17.085] [SEVERE ] updating countdown to 35629
[16:48:17.108] [SEVERE ] updating countdown to 35606
[16:48:17.130] [SEVERE ] updating countdown to 35584
[16:48:17.151] [SEVERE ] updating countdown to 35563
[16:48:17.177] [SEVERE ] updating countdown to 35537
[16:48:17.202] [SEVERE ] updating countdown to 35512
[16:48:17.224] [SEVERE ] updating countdown to 35490
[16:48:17.249] [SEVERE ] updating countdown to 35465
[16:48:17.275] [SEVERE ] updating countdown to 35439
[16:48:17.299] [SEVERE ] updating countdown to 35415
[16:48:17.325] [SEVERE ] updating countdown to 35389
[16:48:17.351] [SEVERE ] updating countdown to 35363
[16:48:17.377] [SEVERE ] updating countdown to 35337
[16:48:17.403] [SEVERE ] updating countdown to 35311
[16:48:17.429] [SEVERE ] updating countdown to 35285
[16:48:17.450] [SEVERE ] updating countdown to 35264
[16:48:17.476] [SEVERE ] updating countdown to 35238
[16:48:17.502] [SEVERE ] updating countdown to 35212
[16:48:17.526] [SEVERE ] updating countdown to 35188
[16:48:17.529] [SEVERE ] key 87 was pressed by player 1
[16:48:17.530] [SEVERE ] removing player 1 token from slot 1
[16:48:17.548] [SEVERE ] updating countdown to 35166
[16:48:17.570] [SEVERE ] updating countdown to 35144
[16:48:17.594] [SEVERE ] updating countdown to 35120
[16:48:17.620] [SEVERE ] updating countdown to 35094
[16:48:17.643] [SEVERE ] updating countdown to 35071
[16:48:17.669] [SEVERE ] updating countdown to 35045
[16:48:17.691] [SEVERE ] updating countdown to 35023
[16:48:17.715] [SEVERE ] updating countdown to 34999
[16:48:17.738] [SEVERE ] updating countdown to 34976
[16:48:17.764] [SEVERE ] updating countdown to 34950
[16:48:17.786] [SEVERE ] updating countdown to 34928
[16:48:17.812] [SEVERE ] updating countdown to 34902
[16:48:17.835] [SEVERE ] updating countdown to 34879
[16:48:17.861] [SEVERE ] updating countdown to 34853
[16:48:17.882] [SEVERE ] updating countdown to 34832
[16:48:17.904] [SEVERE ] updating countdown to 34810
[16:48:17.930] [SEVERE ] updating countdown to 34784
[16:48:17.952] [SEVERE ] updating countdown to 34762
[16:48:17.973] [SEVERE ] updating countdown to 34741
[16:48:17.994] [SEVERE ] updating countdown to 34720
[16:48:18.016] [SEVERE ] updating countdown to 34698
[16:48:18.038] [SEVERE ] updating countdown to 34676
[16:48:18.060] [SEVERE ] updating countdown to 34654
[16:48:18.083] [SEVERE ] updating countdown to 34631
[16:48:18.105] [SEVERE ] updating countdown to 34609
[16:48:18.126] [SEVERE ] updating countdown to 34588
[16:48:18.150] [SEVERE ] updating countdown to 34564
[16:48:18.175] [SEVERE ] updating countdown to 34539
[16:48:18.201] [SEVERE ] updating countdown to 34513
[16:48:18.227] [SEVERE ] updating countdown to 34487
[16:48:18.252] [SEVERE ] updating countdown to 34462
[16:48:18.263] [SEVERE ] key 83 was pressed by player 1
[16:48:18.274] [SEVERE ] updating countdown to 34440
[16:48:18.295] [SEVERE ] updating countdown to 34419
[16:48:18.317] [SEVERE ] updating countdown to 34397
[16:48:18.338] [SEVERE ] updating countdown to 34376
[16:48:18.359] [SEVERE ] updating countdown to 34355
[16:48:18.380] [SEVERE ] updating countdown to 34334
[16:48:18.405] [SEVERE ] updating countdown to 34309
[16:48:18.429] [SEVERE ] updating countdown to 34285
[16:48:18.454] [SEVERE ] updating countdown to 34260
[16:48:18.479] [SEVERE ] updating countdown to 34235
[16:48:18.504] [SEVERE ] updating countdown to 34210
[16:48:18.531] [SEVERE ] updating countdown to 34183
[16:48:18.556] [SEVERE ] updating countdown to 34158
[16:48:18.578] [SEVERE ] updating countdown to 34136
[16:48:18.600] [SEVERE ] updating countdown to 34114
[16:48:18.622] [SEVERE ] updating countdown to 34092
[16:48:18.625] [SEVERE ] key 68 was pressed by player 1
[16:48:18.626] [SEVERE ] player 1 placing token on slot 6
[16:48:18.644] [SEVERE ] updating countdown to 34070
[16:48:18.666] [SEVERE ] updating countdown to 34048
[16:48:18.687] [SEVERE ] updating countdown to 34027
[16:48:18.713] [SEVERE ] updating countdown to 34001
[16:48:18.738] [SEVERE ] updating countdown to 33976
[16:48:18.760] [SEVERE ] updating countdown to 33954
[16:48:18.784] [SEVERE ] updating countdown to 33930
[16:48:18.808] [SEVERE ] updating countdown to 33906
[16:48:18.834] [SEVERE ] updating countdown to 33880
[16:48:18.860] [SEVERE ] updating countdown to 33854
[16:48:18.886] [SEVERE ] updating countdown to 33828
[16:48:18.912] [SEVERE ] updating countdown to 33802
[16:48:18.935] [SEVERE ] updating countdown to 33779
[16:48:18.938] [SEVERE ] key 69 was pressed by player 1
[16:48:18.939] [SEVERE ] player 1 placing token on slot 2
[16:48:18.958] [SEVERE ] updating countdown to 33756
[16:48:18.981] [SEVERE ] updating countdown to 33733
[16:48:19.005] [SEVERE ] updating countdown to 33709
[16:48:19.031] [SEVERE ] updating countdown to 33683
[16:48:19.041] [SEVERE ] key 68 was pressed by player 1
[16:48:19.041] [SEVERE ] removing player 1 token from slot 6
[16:48:19.052] [SEVERE ] updating countdown to 33662
[16:48:19.075] [SEVERE ] updating countdown to 33639
[16:48:19.098] [SEVERE ] updating countdown to 33616
[16:48:19.124] [SEVERE ] updating countdown to 33590
[16:48:19.145] [SEVERE ] updating countdown to 33569
[16:48:19.168] [SEVERE ] updating countdown to 33546
[16:48:19.192] [SEVERE ] updating countdown to 33522
[16:48:19.215] [SEVERE ] updating countdown to 33499
[16:48:19.241] [SEVERE ] updating countdown to 33473
[16:48:19.263] [SEVERE ] updating countdown to 33451
[16:48:19.286] [SEVERE ] updating countdown to 33428
[16:48:19.308] [SEVERE ] updating countdown to 33407
[16:48:19.331] [SEVERE ] updating countdown to 33383
[16:48:19.355] [SEVERE ] updating countdown to 33359
[16:48:19.357] [SEVERE ] key 70 was pressed by player 1
[16:48:19.357] [SEVERE ] player 1 placing token on slot 7
[16:48:19.377] [SEVERE ] updating countdown to 33337
[16:48:19.398] [SEVERE ] updating countdown to 33316
[16:48:19.423] [SEVERE ] updating countdown to 33291
[16:48:19.446] [SEVERE ] updating countdown to 33268
[16:48:19.468] [SEVERE ] updating countdown to 33246
[16:48:19.490] [SEVERE ] updating countdown to 33224
[16:48:19.515] [SEVERE ] updating countdown to 33199
[16:48:19.537] [SEVERE ] updating countdown to 33177
[16:48:19.563] [SEVERE ] updating countdown to 33151
[16:48:19.589] [SEVERE ] updating countdown to 33125
[16:48:19.610] [SEVERE ] updating countdown to 33104
[16:48:19.612] [SEVERE ] key 82 was pressed by player 1
[16:48:19.633] [SEVERE ] updating countdown to 33081
[16:48:19.653] [SEVERE ] updating countdown to 33061
[16:48:19.678] [SEVERE ] updating countdown to 33036
[16:48:19.699] [SEVERE ] updating countdown to 33015
[16:48:19.700] [SEVERE ] key 70 was pressed by player 1
[16:48:19.700] [SEVERE ] removing player 1 token from slot 7
[16:48:19.723] [SEVERE ] updating countdown to 32991
[16:48:19.744] [SEVERE ] updating countdown to 32970
[16:48:19.767] [SEVERE ] updating countdown to 32947
[16:48:19.788] [SEVERE ] updating countdown to 32926
[16:48:19.810] [SEVERE ] updating countdown to 32904
[16:48:19.831] [SEVERE ] updating countdown to 32883
[16:48:19.857] [SEVERE ] updating countdown to 32857
[16:48:19.881] [SEVERE ] updating countdown to 32833
[16:48:19.905] [SEVERE ] updating countdown to 32809
[16:48:19.929] [SEVERE ] updating countdown to 32785
[16:48:19.952] [SEVERE ] updating countdown to 32762
[16:48:19.975] [SEVERE ] updating countdown to 32739
[16:48:19.998] [SEVERE ] updating countdown to 32716
[16:48:20.018] [SEVERE ] updating countdown to 32696
[16:48:20.039] [SEVERE ] updating countdown to 32675
[16:48:20.062] [SEVERE ] updating countdown to 32652
[16:48:20.085] [SEVERE ] updating countdown to 32629
[16:48:20.111] [SEVERE ] updating countdown to 32603
[16:48:20.133] [SEVERE ] updating countdown to 32581
[16:48:20.138] [SEVERE ] key 83 was pressed by player 1
[16:48:20.138] [SEVERE ] player 1 placing token on slot 5
[16:48:20.151] [SEVERE ] key 68 was pressed by player 1
[16:48:20.151] [SEVERE ] player 1 placing token on slot 6
[16:48:20.156] [SEVERE ] updating countdown to 32558
[16:48:20.177] [SEVERE ] updating countdown to 32537
[16:48:20.198] [SEVERE ] updating countdown to 32516
[16:48:20.219] [SEVERE ] updating countdown to 32495
[16:48:20.241] [SEVERE ] updating countdown to 32473
[16:48:20.262] [SEVERE ] updating countdown to 32452
[16:48:20.283] [SEVERE ] updating countdown to 32431
[16:48:20.304] [SEVERE ] updating countdown to 32410
[16:48:20.315] [SEVERE ] key 70 was pressed by player 1
[16:48:20.315] [SEVERE ] player 1 placing token on slot 7
[16:48:20.325] [SEVERE ] updating countdown to 32389
[16:48:20.347] [SEVERE ] updating countdown to 32367
[16:48:20.368] [SEVERE ] updating countdown to 32346
[16:48:20.390] [SEVERE ] updating countdown to 32324
[16:48:20.413] [SEVERE ] updating countdown to 32301
[16:48:20.434] [SEVERE ] updating countdown to 32280
[16:48:20.455] [SEVERE ] updating countdown to 32259
[16:48:20.477] [SEVERE ] updating countdown to 32237
[16:48:20.498] [SEVERE ] updating countdown to 32216
[16:48:20.520] [SEVERE ] updating countdown to 32194
[16:48:20.540] [SEVERE ] updating countdown to 32174
[16:48:20.562] [SEVERE ] updating countdown to 32152
[16:48:20.574] [SEVERE ] key 88 was pressed by player 1
[16:48:20.585] [SEVERE ] updating countdown to 32129
[16:48:20.608] [SEVERE ] updating countdown to 32106
[16:48:20.629] [SEVERE ] updating countdown to 32085
[16:48:20.650] [SEVERE ] updating countdown to 32064
[16:48:20.676] [SEVERE ] updating countdown to 32038
[16:48:20.698] [SEVERE ] updating countdown to 32016
[16:48:20.720] [SEVERE ] updating countdown to 31994
[16:48:20.746] [SEVERE ] updating countdown to 31968
[16:48:20.770] [SEVERE ] updating countdown to 31944
[16:48:20.796] [SEVERE ] updating countdown to 31918
[16:48:20.819] [SEVERE ] updating countdown to 31895
[16:48:20.839] [SEVERE ] updating countdown to 31875
[16:48:20.865] [SEVERE ] updating countdown to 31849
[16:48:20.887] [SEVERE ] updating countdown to 31827
[16:48:20.908] [SEVERE ] updating countdown to 31806
[16:48:20.929] [SEVERE ] updating countdown to 31785
[16:48:20.951] [SEVERE ] updating countdown to 31763
[16:48:20.972] [SEVERE ] updating countdown to 31742
[16:48:20.993] [SEVERE ] updating countdown to 31721
[16:48:21.014] [SEVERE ] updating countdown to 31700
[16:48:21.035] [SEVERE ] updating countdown to 31679
[16:48:21.036] [SEVERE ] key 88 was pressed by player 1
[16:48:21.056] [SEVERE ] updating countdown to 31658
[16:48:21.078] [SEVERE ] updating countdown to 31636
[16:48:21.101] [SEVERE ] updating countdown to 31613
[16:48:21.121] [SEVERE ] updating countdown to 31593
[16:48:21.143] [SEVERE ] updating countdown to 31571
[16:48:21.164] [SEVERE ] updating countdown to 31550
[16:48:21.188] [SEVERE ] updating countdown to 31526
[16:48:21.209] [SEVERE ] updating countdown to 31505
[16:48:21.230] [SEVERE ] updating countdown to 31484
[16:48:21.251] [SEVERE ] updating countdown to 31463
[16:48:21.273] [SEVERE ] updating countdown to 31441
[16:48:21.294] [SEVERE ] updating countdown to 31420
[16:48:21.318] [SEVERE ] updating countdown to 31396
[16:48:21.341] [SEVERE ] updating countdown to 31373
[16:48:21.363] [SEVERE ] updating countdown to 31351
[16:48:21.385] [SEVERE ] updating countdown to 31329
[16:48:21.406] [SEVERE ] updating countdown to 31308
[16:48:21.429] [SEVERE ] updating countdown to 31285
[16:48:21.449] [SEVERE ] updating countdown to 31265
[16:48:21.470] [SEVERE ] updating countdown to 31244
[16:48:21.493] [SEVERE ] updating countdown to 31221
[16:48:21.515] [SEVERE ] updating countdown to 31199
[16:48:21.537] [SEVERE ] updating countdown to 31177
[16:48:21.558] [SEVERE ] updating countdown to 31156
[16:48:21.580] [SEVERE ] updating countdown to 31134
[16:48:21.601] [SEVERE ] updating countdown to 31113
[16:48:21.625] [SEVERE ] updating countdown to 31089
[16:48:21.648] [SEVERE ] updating countdown to 31066
[16:48:21.669] [SEVERE ] updating countdown to 31045
[16:48:21.691] [SEVERE ] updating countdown to 31023
[16:48:21.712] [SEVERE ] updating countdown to 31002
[16:48:21.735] [SEVERE ] updating countdown to 30979
[16:48:21.758] [SEVERE ] updating countdown to 30956
[16:48:21.780] [SEVERE ] updating countdown to 30934
[16:48:21.802] [SEVERE ] updating countdown to 30912
[16:48:21.823] [SEVERE ] updating countdown to 30891
[16:48:21.844] [SEVERE ] updating countdown to 30870
[16:48:21.868] [SEVERE ] updating countdown to 30846
[16:48:21.891] [SEVERE ] updating countdown to 30823
[16:48:21.913] [SEVERE ] updating countdown to 30801
[16:48:21.935] [SEVERE ] updating countdown to 30779
[16:48:21.956] [SEVERE ] updating countdown to 30758
[16:48:21.979] [SEVERE ] updating countdown to 30735
[16:48:22.002] [SEVERE ] updating countdown to 30712
[16:48:22.022] [SEVERE ] updating countdown to 30692
[16:48:22.043] [SEVERE ] updating countdown to 30671
[16:48:22.063] [SEVERE ] updating countdown to 30651
[16:48:22.084] [SEVERE ] updating countdown to 30630
[16:48:22.106] [SEVERE ] updating countdown to 30608
[16:48:22.132] [SEVERE ] updating countdown to 30582
[16:48:22.154] [SEVERE ] updating countdown to 30560
[16:48:22.180] [SEVERE ] updating countdown to 30534
[16:48:22.203] [SEVERE ] updating countdown to 30511
[16:48:22.224] [SEVERE ] updating countdown to 30490
[16:48:22.251] [SEVERE ] updating countdown to 30463
[16:48:22.274] [SEVERE ] updating countdown to 30440
[16:48:22.295] [SEVERE ] updating countdown to 30419
[16:48:22.323] [SEVERE ] updating countdown to 30391
