[14:49:42.897] [INFO   ] thread main starting.
[14:49:42.902] [SEVERE ] cannot read configuration file config.properties trying from resources.
[14:49:42.903] [SEVERE ] configuration file was loaded from resources directory.
[14:49:47.334] [INFO   ] thread dealer starting.
[14:49:47.335] [INFO   ] thread playerID: 0 starting.
[14:49:47.335] [INFO   ] thread dealer starting.
[14:49:47.335] [INFO   ] thread playerID: 1 starting.
[14:49:47.337] [SEVERE ] updating countdown to 60000
[14:49:47.440] [SEVERE ] placing card 47 in slot 3
[14:49:47.541] [SEVERE ] placing card 4 in slot 1
[14:49:47.647] [SEVERE ] placing card 13 in slot 2
[14:49:47.748] [SEVERE ] placing card 78 in slot 4
[14:49:47.850] [SEVERE ] placing card 72 in slot 9
[14:49:47.952] [SEVERE ] placing card 51 in slot 7
[14:49:48.057] [SEVERE ] placing card 17 in slot 0
[14:49:48.162] [SEVERE ] placing card 77 in slot 5
[14:49:48.264] [SEVERE ] placing card 30 in slot 11
[14:49:48.365] [SEVERE ] placing card 43 in slot 10
[14:49:48.467] [SEVERE ] placing card 28 in slot 8
[14:49:48.568] [SEVERE ] placing card 38 in slot 6
[14:49:48.591] [SEVERE ] updating countdown to 60000
[14:49:48.616] [SEVERE ] updating countdown to 60000
[14:49:48.641] [SEVERE ] updating countdown to 60000
[14:49:48.663] [SEVERE ] updating countdown to 60000
[14:49:48.686] [SEVERE ] updating countdown to 60000
[14:49:48.712] [SEVERE ] updating countdown to 60000
[14:49:48.734] [SEVERE ] updating countdown to 60000
[14:49:48.757] [SEVERE ] updating countdown to 60000
[14:49:48.783] [SEVERE ] updating countdown to 60000
[14:49:48.809] [SEVERE ] updating countdown to 60000
[14:49:48.829] [SEVERE ] updating countdown to 60000
[14:49:48.851] [SEVERE ] updating countdown to 60000
[14:49:48.875] [SEVERE ] updating countdown to 60000
[14:49:48.899] [SEVERE ] updating countdown to 60000
[14:49:48.924] [SEVERE ] updating countdown to 60000
[14:49:48.946] [SEVERE ] updating countdown to 60000
[14:49:48.969] [SEVERE ] updating countdown to 60000
[14:49:48.990] [SEVERE ] updating countdown to 60000
[14:49:49.010] [SEVERE ] updating countdown to 60000
[14:49:49.035] [SEVERE ] updating countdown to 60000
[14:49:49.057] [SEVERE ] updating countdown to 60000
[14:49:49.080] [SEVERE ] updating countdown to 60000
[14:49:49.106] [SEVERE ] updating countdown to 60000
[14:49:49.132] [SEVERE ] updating countdown to 60000
[14:49:49.158] [SEVERE ] updating countdown to 60000
[14:49:49.184] [SEVERE ] updating countdown to 60000
[14:49:49.210] [SEVERE ] updating countdown to 60000
[14:49:49.232] [SEVERE ] updating countdown to 60000
[14:49:49.254] [SEVERE ] updating countdown to 60000
[14:49:49.276] [SEVERE ] updating countdown to 60000
[14:49:49.300] [SEVERE ] updating countdown to 60000
[14:49:49.323] [SEVERE ] updating countdown to 60000
[14:49:49.347] [SEVERE ] updating countdown to 60000
[14:49:49.373] [SEVERE ] updating countdown to 60000
[14:49:49.399] [SEVERE ] updating countdown to 60000
[14:49:49.425] [SEVERE ] updating countdown to 60000
[14:49:49.451] [SEVERE ] updating countdown to 60000
[14:49:49.473] [SEVERE ] updating countdown to 60000
[14:49:49.494] [SEVERE ] updating countdown to 60000
[14:49:49.517] [SEVERE ] updating countdown to 60000
[14:49:49.538] [SEVERE ] updating countdown to 60000
[14:49:49.559] [SEVERE ] updating countdown to 60000
[14:49:49.581] [SEVERE ] updating countdown to 60000
[14:49:49.602] [SEVERE ] updating countdown to 60000
[14:49:49.622] [SEVERE ] updating countdown to 60000
[14:49:49.644] [SEVERE ] updating countdown to 60000
[14:49:49.667] [SEVERE ] updating countdown to 60000
[14:49:49.688] [SEVERE ] updating countdown to 60000
[14:49:49.714] [SEVERE ] updating countdown to 60000
[14:49:49.739] [SEVERE ] updating countdown to 60000
[14:49:49.765] [SEVERE ] updating countdown to 60000
[14:49:49.789] [SEVERE ] updating countdown to 60000
[14:49:49.815] [SEVERE ] updating countdown to 60000
[14:49:49.837] [SEVERE ] updating countdown to 60000
[14:49:49.857] [SEVERE ] updating countdown to 60000
[14:49:49.879] [SEVERE ] updating countdown to 60000
[14:49:49.901] [SEVERE ] updating countdown to 60000
[14:49:49.921] [SEVERE ] updating countdown to 60000
[14:49:49.943] [SEVERE ] updating countdown to 60000
[14:49:49.963] [SEVERE ] updating countdown to 60000
[14:49:49.984] [SEVERE ] updating countdown to 60000
[14:49:50.006] [SEVERE ] updating countdown to 60000
[14:49:50.027] [SEVERE ] updating countdown to 60000
[14:49:50.047] [SEVERE ] updating countdown to 60000
[14:49:50.069] [SEVERE ] updating countdown to 60000
[14:49:50.089] [SEVERE ] updating countdown to 60000
[14:49:50.112] [SEVERE ] updating countdown to 60000
[14:49:50.133] [SEVERE ] updating countdown to 60000
[14:49:50.154] [SEVERE ] updating countdown to 60000
[14:49:50.176] [SEVERE ] updating countdown to 60000
[14:49:50.197] [SEVERE ] updating countdown to 60000
[14:49:50.217] [SEVERE ] updating countdown to 60000
[14:49:50.240] [SEVERE ] updating countdown to 60000
[14:49:50.261] [SEVERE ] updating countdown to 60000
[14:49:50.283] [SEVERE ] updating countdown to 60000
[14:49:50.303] [SEVERE ] updating countdown to 60000
[14:49:50.329] [SEVERE ] updating countdown to 60000
[14:49:50.351] [SEVERE ] updating countdown to 60000
[14:49:50.376] [SEVERE ] updating countdown to 60000
[14:49:50.400] [SEVERE ] updating countdown to 60000
[14:49:50.424] [SEVERE ] updating countdown to 60000
[14:49:50.449] [SEVERE ] updating countdown to 60000
[14:49:50.470] [SEVERE ] updating countdown to 60000
[14:49:50.491] [SEVERE ] updating countdown to 60000
[14:49:50.513] [SEVERE ] updating countdown to 60000
[14:49:50.534] [SEVERE ] updating countdown to 60000
[14:49:50.557] [SEVERE ] updating countdown to 60000
[14:49:50.578] [SEVERE ] updating countdown to 60000
[14:49:50.602] [SEVERE ] updating countdown to 60000
[14:49:50.628] [SEVERE ] updating countdown to 60000
[14:49:50.653] [SEVERE ] updating countdown to 60000
[14:49:50.677] [SEVERE ] updating countdown to 60000
[14:49:50.701] [SEVERE ] updating countdown to 60000
[14:49:50.723] [SEVERE ] updating countdown to 60000
[14:49:50.744] [SEVERE ] updating countdown to 60000
[14:49:50.770] [SEVERE ] updating countdown to 60000
[14:49:50.792] [SEVERE ] updating countdown to 60000
[14:49:50.818] [SEVERE ] updating countdown to 60000
[14:49:50.841] [SEVERE ] updating countdown to 60000
[14:49:50.863] [SEVERE ] updating countdown to 60000
[14:49:50.886] [SEVERE ] updating countdown to 60000
[14:49:50.910] [SEVERE ] updating countdown to 60000
[14:49:50.936] [SEVERE ] updating countdown to 60000
[14:49:50.960] [SEVERE ] updating countdown to 60000
[14:49:50.984] [SEVERE ] updating countdown to 60000
[14:49:51.010] [SEVERE ] updating countdown to 60000
[14:49:51.033] [SEVERE ] updating countdown to 60000
[14:49:51.054] [SEVERE ] updating countdown to 60000
[14:49:51.074] [SEVERE ] updating countdown to 60000
[14:49:51.100] [SEVERE ] updating countdown to 60000
[14:49:51.126] [SEVERE ] updating countdown to 60000
[14:49:51.152] [SEVERE ] updating countdown to 60000
[14:49:51.174] [SEVERE ] updating countdown to 60000
[14:49:51.196] [SEVERE ] updating countdown to 60000
[14:49:51.221] [SEVERE ] updating countdown to 60000
[14:49:51.243] [SEVERE ] updating countdown to 60000
[14:49:51.267] [SEVERE ] updating countdown to 60000
[14:49:51.289] [SEVERE ] updating countdown to 60000
[14:49:51.311] [SEVERE ] updating countdown to 60000
[14:49:51.337] [SEVERE ] updating countdown to 60000
[14:49:51.361] [SEVERE ] updating countdown to 60000
[14:49:51.385] [SEVERE ] updating countdown to 60000
[14:49:51.408] [SEVERE ] updating countdown to 60000
[14:49:51.429] [SEVERE ] updating countdown to 60000
[14:49:51.451] [SEVERE ] updating countdown to 60000
[14:49:51.475] [SEVERE ] updating countdown to 60000
[14:49:51.496] [SEVERE ] updating countdown to 60000
[14:49:51.522] [SEVERE ] updating countdown to 60000
[14:49:51.544] [SEVERE ] updating countdown to 60000
[14:49:51.569] [SEVERE ] updating countdown to 60000
[14:49:51.593] [SEVERE ] updating countdown to 60000
[14:49:51.615] [SEVERE ] updating countdown to 60000
[14:49:51.637] [SEVERE ] updating countdown to 60000
[14:49:51.661] [SEVERE ] updating countdown to 60000
[14:49:51.684] [SEVERE ] updating countdown to 60000
[14:49:51.709] [SEVERE ] updating countdown to 60000
[14:49:51.732] [SEVERE ] updating countdown to 60000
[14:49:51.758] [SEVERE ] updating countdown to 60000
[14:49:51.783] [SEVERE ] updating countdown to 60000
[14:49:51.809] [SEVERE ] updating countdown to 60000
[14:49:51.833] [SEVERE ] updating countdown to 60000
[14:49:51.855] [SEVERE ] updating countdown to 60000
[14:49:51.880] [SEVERE ] updating countdown to 60000
[14:49:51.903] [SEVERE ] updating countdown to 60000
[14:49:51.929] [SEVERE ] updating countdown to 60000
[14:49:51.950] [SEVERE ] updating countdown to 60000
[14:49:51.973] [SEVERE ] updating countdown to 60000
[14:49:51.996] [SEVERE ] updating countdown to 60000
[14:49:52.016] [SEVERE ] updating countdown to 60000
[14:49:52.042] [SEVERE ] updating countdown to 60000
[14:49:52.066] [SEVERE ] updating countdown to 60000
[14:49:52.086] [SEVERE ] updating countdown to 60000
[14:49:52.112] [SEVERE ] updating countdown to 60000
[14:49:52.138] [SEVERE ] updating countdown to 60000
[14:49:52.164] [SEVERE ] updating countdown to 60000
[14:49:52.187] [SEVERE ] updating countdown to 60000
[14:49:52.212] [SEVERE ] updating countdown to 60000
[14:49:52.238] [SEVERE ] updating countdown to 60000
[14:49:52.262] [SEVERE ] updating countdown to 60000
[14:49:52.285] [SEVERE ] updating countdown to 60000
[14:49:52.310] [SEVERE ] updating countdown to 60000
[14:49:52.336] [SEVERE ] updating countdown to 60000
[14:49:52.362] [SEVERE ] updating countdown to 60000
[14:49:52.384] [SEVERE ] updating countdown to 60000
[14:49:52.409] [SEVERE ] updating countdown to 60000
[14:49:52.434] [SEVERE ] updating countdown to 60000
[14:49:52.459] [SEVERE ] updating countdown to 60000
[14:49:52.485] [SEVERE ] updating countdown to 60000
[14:49:52.510] [SEVERE ] updating countdown to 60000
[14:49:52.535] [SEVERE ] updating countdown to 60000
[14:49:52.561] [SEVERE ] updating countdown to 60000
[14:49:52.583] [SEVERE ] updating countdown to 60000
[14:49:52.605] [SEVERE ] updating countdown to 60000
[14:49:52.631] [SEVERE ] updating countdown to 60000
[14:49:52.657] [SEVERE ] updating countdown to 60000
[14:49:52.683] [SEVERE ] updating countdown to 60000
[14:49:52.708] [SEVERE ] updating countdown to 60000
[14:49:52.733] [SEVERE ] updating countdown to 60000
[14:49:52.753] [SEVERE ] updating countdown to 60000
[14:49:52.778] [SEVERE ] updating countdown to 60000
[14:49:52.803] [SEVERE ] updating countdown to 60000
[14:49:52.824] [SEVERE ] updating countdown to 60000
[14:49:52.846] [SEVERE ] updating countdown to 60000
[14:49:52.866] [SEVERE ] updating countdown to 60000
[14:49:52.888] [SEVERE ] updating countdown to 60000
[14:49:52.908] [SEVERE ] updating countdown to 60000
[14:49:52.929] [SEVERE ] updating countdown to 60000
[14:49:52.951] [SEVERE ] updating countdown to 60000
[14:49:52.973] [SEVERE ] updating countdown to 60000
[14:49:52.994] [SEVERE ] updating countdown to 60000
[14:49:53.017] [SEVERE ] updating countdown to 60000
[14:49:53.042] [SEVERE ] updating countdown to 60000
[14:49:53.068] [SEVERE ] updating countdown to 60000
[14:49:53.094] [SEVERE ] updating countdown to 60000
[14:49:53.116] [SEVERE ] updating countdown to 60000
[14:49:53.138] [SEVERE ] updating countdown to 60000
[14:49:53.161] [SEVERE ] updating countdown to 60000
[14:49:53.183] [SEVERE ] updating countdown to 60000
[14:49:53.204] [SEVERE ] updating countdown to 60000
[14:49:53.226] [SEVERE ] updating countdown to 60000
[14:49:53.252] [SEVERE ] updating countdown to 60000
[14:49:53.277] [SEVERE ] updating countdown to 60000
[14:49:53.298] [SEVERE ] updating countdown to 60000
[14:49:53.320] [SEVERE ] updating countdown to 60000
[14:49:53.344] [SEVERE ] updating countdown to 60000
[14:49:53.368] [SEVERE ] updating countdown to 60000
[14:49:53.394] [SEVERE ] updating countdown to 60000
[14:49:53.419] [SEVERE ] updating countdown to 60000
[14:49:53.445] [SEVERE ] updating countdown to 60000
[14:49:53.468] [SEVERE ] updating countdown to 60000
[14:49:53.490] [SEVERE ] updating countdown to 60000
[14:49:53.512] [SEVERE ] updating countdown to 60000
[14:49:53.538] [SEVERE ] updating countdown to 60000
[14:49:53.559] [SEVERE ] updating countdown to 60000
[14:49:53.584] [SEVERE ] updating countdown to 60000
[14:49:53.610] [SEVERE ] updating countdown to 60000
[14:49:53.634] [SEVERE ] updating countdown to 60000
[14:49:53.660] [SEVERE ] updating countdown to 60000
[14:49:53.685] [SEVERE ] updating countdown to 60000
[14:49:53.708] [SEVERE ] updating countdown to 60000
[14:49:53.732] [SEVERE ] updating countdown to 60000
[14:49:53.757] [SEVERE ] updating countdown to 60000
[14:49:53.781] [SEVERE ] updating countdown to 60000
[14:49:53.806] [SEVERE ] updating countdown to 60000
[14:49:53.828] [SEVERE ] updating countdown to 60000
[14:49:53.854] [SEVERE ] updating countdown to 60000
[14:49:53.877] [SEVERE ] updating countdown to 60000
[14:49:53.900] [SEVERE ] updating countdown to 60000
[14:49:53.925] [SEVERE ] updating countdown to 60000
[14:49:53.950] [SEVERE ] updating countdown to 60000
[14:49:53.972] [SEVERE ] updating countdown to 60000
[14:49:53.994] [SEVERE ] updating countdown to 60000
[14:49:54.016] [SEVERE ] updating countdown to 60000
[14:49:54.038] [SEVERE ] updating countdown to 60000
[14:49:54.062] [SEVERE ] updating countdown to 60000
[14:49:54.081] [SEVERE ] key 81 was pressed by player 1
[14:49:54.081] [SEVERE ] player 1 placing token on slot 0
[14:49:54.083] [SEVERE ] updating countdown to 60000
[14:49:54.106] [SEVERE ] updating countdown to 60000
[14:49:54.130] [SEVERE ] updating countdown to 60000
[14:49:54.154] [SEVERE ] updating countdown to 60000
[14:49:54.178] [SEVERE ] updating countdown to 60000
[14:49:54.200] [SEVERE ] updating countdown to 60000
[14:49:54.226] [SEVERE ] updating countdown to 60000
[14:49:54.248] [SEVERE ] updating countdown to 60000
[14:49:54.270] [SEVERE ] updating countdown to 60000
[14:49:54.292] [SEVERE ] updating countdown to 60000
[14:49:54.315] [SEVERE ] updating countdown to 60000
[14:49:54.336] [SEVERE ] updating countdown to 60000
[14:49:54.358] [SEVERE ] updating countdown to 60000
[14:49:54.379] [SEVERE ] updating countdown to 60000
[14:49:54.403] [SEVERE ] updating countdown to 60000
[14:49:54.429] [SEVERE ] updating countdown to 60000
[14:49:54.450] [SEVERE ] updating countdown to 60000
[14:49:54.472] [SEVERE ] updating countdown to 60000
[14:49:54.498] [SEVERE ] updating countdown to 60000
[14:49:54.520] [SEVERE ] updating countdown to 60000
[14:49:54.544] [SEVERE ] updating countdown to 60000
[14:49:54.569] [SEVERE ] updating countdown to 60000
[14:49:54.593] [SEVERE ] updating countdown to 60000
[14:49:54.614] [SEVERE ] updating countdown to 60000
[14:49:54.635] [SEVERE ] updating countdown to 60000
[14:49:54.657] [SEVERE ] updating countdown to 60000
[14:49:54.682] [SEVERE ] updating countdown to 60000
[14:49:54.705] [SEVERE ] updating countdown to 60000
[14:49:54.729] [SEVERE ] updating countdown to 60000
[14:49:54.753] [SEVERE ] updating countdown to 60000
[14:49:54.777] [SEVERE ] updating countdown to 60000
[14:49:54.802] [SEVERE ] updating countdown to 60000
[14:49:54.828] [SEVERE ] updating countdown to 60000
[14:49:54.853] [SEVERE ] updating countdown to 60000
[14:49:54.875] [SEVERE ] updating countdown to 60000
[14:49:54.900] [SEVERE ] updating countdown to 60000
[14:49:54.921] [SEVERE ] updating countdown to 60000
[14:49:54.947] [SEVERE ] updating countdown to 60000
[14:49:54.968] [SEVERE ] updating countdown to 60000
[14:49:54.969] [SEVERE ] key 81 was pressed by player 1
[14:49:54.991] [SEVERE ] updating countdown to 60000
[14:49:55.016] [SEVERE ] updating countdown to 60000
[14:49:55.041] [SEVERE ] updating countdown to 60000
[14:49:55.066] [SEVERE ] updating countdown to 60000
[14:49:55.092] [SEVERE ] updating countdown to 60000
[14:49:55.114] [SEVERE ] updating countdown to 60000
[14:49:55.136] [SEVERE ] updating countdown to 60000
[14:49:55.159] [SEVERE ] updating countdown to 60000
[14:49:55.181] [SEVERE ] updating countdown to 60000
[14:49:55.202] [SEVERE ] updating countdown to 60000
[14:49:55.223] [SEVERE ] updating countdown to 60000
[14:49:55.246] [SEVERE ] updating countdown to 60000
[14:49:55.272] [SEVERE ] updating countdown to 60000
[14:49:55.298] [SEVERE ] updating countdown to 60000
[14:49:55.323] [SEVERE ] updating countdown to 60000
[14:49:55.349] [SEVERE ] updating countdown to 60000
[14:49:55.372] [SEVERE ] updating countdown to 60000
[14:49:55.398] [SEVERE ] updating countdown to 60000
[14:49:55.424] [SEVERE ] updating countdown to 60000
[14:49:55.448] [SEVERE ] updating countdown to 60000
[14:49:55.470] [SEVERE ] updating countdown to 60000
[14:49:55.491] [SEVERE ] updating countdown to 60000
[14:49:55.512] [SEVERE ] updating countdown to 60000
[14:49:55.534] [SEVERE ] updating countdown to 60000
[14:49:55.555] [SEVERE ] updating countdown to 60000
[14:49:55.576] [SEVERE ] updating countdown to 60000
[14:49:55.597] [SEVERE ] updating countdown to 60000
[14:49:55.618] [SEVERE ] updating countdown to 60000
[14:49:55.639] [SEVERE ] updating countdown to 60000
[14:49:55.664] [SEVERE ] updating countdown to 60000
[14:49:55.690] [SEVERE ] updating countdown to 60000
[14:49:55.714] [SEVERE ] updating countdown to 60000
[14:49:55.737] [SEVERE ] updating countdown to 60000
[14:49:55.762] [SEVERE ] updating countdown to 60000
[14:49:55.784] [SEVERE ] updating countdown to 60000
[14:49:55.809] [SEVERE ] updating countdown to 60000
[14:49:55.833] [SEVERE ] updating countdown to 60000
[14:49:55.859] [SEVERE ] updating countdown to 60000
[14:49:55.881] [SEVERE ] updating countdown to 60000
[14:49:55.902] [SEVERE ] updating countdown to 60000
[14:49:55.928] [SEVERE ] updating countdown to 60000
[14:49:55.954] [SEVERE ] updating countdown to 60000
[14:49:55.977] [SEVERE ] updating countdown to 60000
[14:49:55.998] [SEVERE ] updating countdown to 60000
[14:49:56.020] [SEVERE ] updating countdown to 60000
[14:49:56.028] [SEVERE ] key 81 was pressed by player 1
[14:49:56.028] [SEVERE ] player 1 placing token on slot 0
[14:49:56.042] [SEVERE ] updating countdown to 60000
[14:49:56.066] [SEVERE ] updating countdown to 60000
[14:49:56.087] [SEVERE ] updating countdown to 60000
[14:49:56.113] [SEVERE ] updating countdown to 60000
[14:49:56.135] [SEVERE ] updating countdown to 60000
[14:49:56.161] [SEVERE ] updating countdown to 60000
[14:49:56.185] [SEVERE ] updating countdown to 60000
[14:49:56.210] [SEVERE ] updating countdown to 60000
[14:49:56.236] [SEVERE ] updating countdown to 60000
[14:49:56.258] [SEVERE ] updating countdown to 60000
[14:49:56.283] [SEVERE ] updating countdown to 60000
[14:49:56.308] [SEVERE ] updating countdown to 60000
[14:49:56.331] [SEVERE ] updating countdown to 60000
[14:49:56.355] [SEVERE ] updating countdown to 60000
[14:49:56.377] [SEVERE ] updating countdown to 60000
[14:49:56.398] [SEVERE ] updating countdown to 60000
[14:49:56.420] [SEVERE ] updating countdown to 60000
[14:49:56.443] [SEVERE ] updating countdown to 60000
[14:49:56.465] [SEVERE ] updating countdown to 60000
[14:49:56.489] [SEVERE ] updating countdown to 60000
[14:49:56.505] [SEVERE ] key 81 was pressed by player 1
[14:49:56.509] [SEVERE ] updating countdown to 60000
[14:49:56.532] [SEVERE ] updating countdown to 60000
[14:49:56.557] [SEVERE ] updating countdown to 60000
[14:49:56.579] [SEVERE ] updating countdown to 60000
[14:49:56.603] [SEVERE ] updating countdown to 60000
[14:49:56.629] [SEVERE ] updating countdown to 60000
[14:49:56.655] [SEVERE ] updating countdown to 60000
[14:49:56.681] [SEVERE ] updating countdown to 60000
[14:49:56.706] [SEVERE ] updating countdown to 60000
[14:49:56.707] [SEVERE ] key 81 was pressed by player 1
[14:49:56.708] [SEVERE ] player 1 placing token on slot 0
[14:49:56.731] [SEVERE ] updating countdown to 60000
[14:49:56.756] [SEVERE ] updating countdown to 60000
[14:49:56.780] [SEVERE ] updating countdown to 60000
[14:49:56.801] [SEVERE ] updating countdown to 60000
[14:49:56.822] [SEVERE ] updating countdown to 60000
[14:49:56.844] [SEVERE ] updating countdown to 60000
[14:49:56.865] [SEVERE ] updating countdown to 60000
[14:49:56.886] [SEVERE ] updating countdown to 60000
[14:49:56.906] [SEVERE ] updating countdown to 60000
[14:49:56.907] [SEVERE ] key 81 was pressed by player 1
[14:49:56.928] [SEVERE ] updating countdown to 60000
[14:49:56.948] [SEVERE ] updating countdown to 60000
[14:49:56.970] [SEVERE ] updating countdown to 60000
[14:49:56.990] [SEVERE ] updating countdown to 60000
[14:49:57.012] [SEVERE ] updating countdown to 60000
[14:49:57.032] [SEVERE ] updating countdown to 60000
[14:49:57.053] [SEVERE ] updating countdown to 60000
[14:49:57.075] [SEVERE ] updating countdown to 60000
[14:49:57.097] [SEVERE ] updating countdown to 60000
[14:49:57.113] [SEVERE ] key 81 was pressed by player 1
[14:49:57.113] [SEVERE ] player 1 placing token on slot 0
[14:49:57.118] [SEVERE ] updating countdown to 60000
[14:49:57.140] [SEVERE ] updating countdown to 60000
[14:49:57.161] [SEVERE ] updating countdown to 60000
[14:49:57.183] [SEVERE ] updating countdown to 60000
[14:49:57.203] [SEVERE ] updating countdown to 60000
[14:49:57.225] [SEVERE ] updating countdown to 60000
[14:49:57.247] [SEVERE ] updating countdown to 60000
[14:49:57.272] [SEVERE ] updating countdown to 60000
[14:49:57.298] [SEVERE ] updating countdown to 60000
[14:49:57.324] [SEVERE ] updating countdown to 60000
[14:49:57.345] [SEVERE ] updating countdown to 60000
[14:49:57.364] [SEVERE ] key 81 was pressed by player 1
[14:49:57.366] [SEVERE ] updating countdown to 60000
[14:49:57.386] [SEVERE ] updating countdown to 60000
[14:49:57.407] [SEVERE ] updating countdown to 60000
[14:49:57.433] [SEVERE ] updating countdown to 60000
[14:49:57.459] [SEVERE ] updating countdown to 60000
[14:49:57.481] [SEVERE ] updating countdown to 60000
[14:49:57.503] [SEVERE ] updating countdown to 60000
[14:49:57.524] [SEVERE ] updating countdown to 60000
[14:49:57.545] [SEVERE ] updating countdown to 60000
[14:49:57.566] [SEVERE ] updating countdown to 60000
[14:49:57.587] [SEVERE ] updating countdown to 60000
[14:49:57.613] [SEVERE ] updating countdown to 60000
[14:49:57.635] [SEVERE ] updating countdown to 60000
[14:49:57.661] [SEVERE ] updating countdown to 60000
[14:49:57.687] [SEVERE ] updating countdown to 60000
[14:49:57.713] [SEVERE ] updating countdown to 60000
[14:49:57.735] [SEVERE ] updating countdown to 60000
[14:49:57.757] [SEVERE ] updating countdown to 60000
[14:49:57.761] [SEVERE ] key 87 was pressed by player 1
[14:49:57.762] [SEVERE ] player 1 placing token on slot 1
[14:49:57.781] [SEVERE ] updating countdown to 60000
[14:49:57.806] [SEVERE ] updating countdown to 60000
[14:49:57.832] [SEVERE ] updating countdown to 60000
[14:49:57.854] [SEVERE ] updating countdown to 60000
[14:49:57.874] [SEVERE ] updating countdown to 60000
[14:49:57.900] [SEVERE ] updating countdown to 60000
[14:49:57.924] [SEVERE ] updating countdown to 60000
[14:49:57.950] [SEVERE ] updating countdown to 60000
[14:49:57.974] [SEVERE ] updating countdown to 60000
[14:49:58.000] [SEVERE ] updating countdown to 60000
[14:49:58.024] [SEVERE ] updating countdown to 60000
[14:49:58.050] [SEVERE ] updating countdown to 60000
[14:49:58.071] [SEVERE ] updating countdown to 60000
[14:49:58.094] [SEVERE ] updating countdown to 60000
[14:49:58.119] [SEVERE ] updating countdown to 60000
[14:49:58.145] [SEVERE ] updating countdown to 60000
[14:49:58.167] [SEVERE ] updating countdown to 60000
[14:49:58.193] [SEVERE ] updating countdown to 60000
[14:49:58.219] [SEVERE ] updating countdown to 60000
[14:49:58.242] [SEVERE ] updating countdown to 60000
[14:49:58.268] [SEVERE ] updating countdown to 60000
[14:49:58.294] [SEVERE ] updating countdown to 60000
[14:49:58.320] [SEVERE ] updating countdown to 60000
[14:49:58.342] [SEVERE ] updating countdown to 60000
[14:49:58.364] [SEVERE ] updating countdown to 60000
[14:49:58.385] [SEVERE ] updating countdown to 60000
[14:49:58.406] [SEVERE ] updating countdown to 60000
[14:49:58.418] [SEVERE ] key 87 was pressed by player 1
[14:49:58.427] [SEVERE ] updating countdown to 60000
[14:49:58.449] [SEVERE ] updating countdown to 60000
[14:49:58.470] [SEVERE ] updating countdown to 60000
[14:49:58.491] [SEVERE ] updating countdown to 60000
[14:49:58.513] [SEVERE ] updating countdown to 60000
[14:49:58.535] [SEVERE ] updating countdown to 60000
[14:49:58.556] [SEVERE ] updating countdown to 60000
[14:49:58.578] [SEVERE ] updating countdown to 60000
[14:49:58.599] [SEVERE ] updating countdown to 60000
[14:49:58.620] [SEVERE ] updating countdown to 60000
[14:49:58.643] [SEVERE ] updating countdown to 60000
[14:49:58.666] [SEVERE ] updating countdown to 60000
[14:49:58.689] [SEVERE ] updating countdown to 60000
[14:49:58.714] [SEVERE ] updating countdown to 60000
[14:49:58.739] [SEVERE ] updating countdown to 60000
[14:49:58.763] [SEVERE ] updating countdown to 60000
[14:49:58.788] [SEVERE ] updating countdown to 60000
[14:49:58.814] [SEVERE ] updating countdown to 60000
[14:49:58.840] [SEVERE ] updating countdown to 60000
[14:49:58.866] [SEVERE ] updating countdown to 60000
[14:49:58.888] [SEVERE ] updating countdown to 60000
[14:49:58.913] [SEVERE ] updating countdown to 60000
[14:49:58.939] [SEVERE ] updating countdown to 60000
[14:49:58.965] [SEVERE ] updating countdown to 60000
[14:49:58.989] [SEVERE ] updating countdown to 60000
[14:49:59.010] [SEVERE ] updating countdown to 60000
[14:49:59.031] [SEVERE ] updating countdown to 60000
[14:49:59.057] [SEVERE ] updating countdown to 60000
[14:49:59.082] [SEVERE ] updating countdown to 60000
[14:49:59.105] [SEVERE ] updating countdown to 60000
[14:49:59.130] [SEVERE ] updating countdown to 60000
[14:49:59.156] [SEVERE ] updating countdown to 60000
[14:49:59.181] [SEVERE ] updating countdown to 60000
[14:49:59.204] [SEVERE ] updating countdown to 60000
[14:49:59.225] [SEVERE ] updating countdown to 60000
[14:49:59.250] [SEVERE ] updating countdown to 60000
[14:49:59.276] [SEVERE ] updating countdown to 60000
[14:49:59.301] [SEVERE ] updating countdown to 60000
[14:49:59.327] [SEVERE ] updating countdown to 60000
[14:49:59.350] [SEVERE ] updating countdown to 60000
[14:49:59.376] [SEVERE ] updating countdown to 60000
[14:49:59.402] [SEVERE ] updating countdown to 60000
[14:49:59.426] [SEVERE ] updating countdown to 60000
[14:49:59.451] [SEVERE ] updating countdown to 60000
[14:49:59.466] [SEVERE ] key 65 was pressed by player 1
[14:49:59.466] [SEVERE ] player 1 placing token on slot 4
[14:49:59.472] [SEVERE ] updating countdown to 60000
[14:49:59.498] [SEVERE ] updating countdown to 60000
[14:49:59.524] [SEVERE ] updating countdown to 60000
[14:49:59.546] [SEVERE ] updating countdown to 60000
[14:49:59.569] [SEVERE ] updating countdown to 60000
[14:49:59.590] [SEVERE ] updating countdown to 60000
[14:49:59.616] [SEVERE ] updating countdown to 60000
[14:49:59.640] [SEVERE ] updating countdown to 60000
[14:49:59.661] [SEVERE ] updating countdown to 60000
[14:49:59.682] [SEVERE ] updating countdown to 60000
[14:49:59.704] [SEVERE ] updating countdown to 60000
[14:49:59.726] [SEVERE ] updating countdown to 60000
[14:49:59.748] [SEVERE ] updating countdown to 60000
[14:49:59.770] [SEVERE ] updating countdown to 60000
[14:49:59.791] [SEVERE ] updating countdown to 60000
[14:49:59.813] [SEVERE ] updating countdown to 60000
[14:49:59.835] [SEVERE ] updating countdown to 60000
[14:49:59.856] [SEVERE ] updating countdown to 60000
[14:49:59.878] [SEVERE ] updating countdown to 60000
[14:49:59.899] [SEVERE ] updating countdown to 60000
[14:49:59.921] [SEVERE ] updating countdown to 60000
[14:49:59.942] [SEVERE ] updating countdown to 60000
[14:49:59.947] [SEVERE ] key 65 was pressed by player 1
[14:49:59.964] [SEVERE ] updating countdown to 60000
[14:49:59.985] [SEVERE ] updating countdown to 60000
[14:50:00.006] [SEVERE ] updating countdown to 60000
[14:50:00.031] [SEVERE ] updating countdown to 60000
[14:50:00.052] [SEVERE ] updating countdown to 60000
[14:50:00.077] [SEVERE ] updating countdown to 60000
[14:50:00.098] [SEVERE ] updating countdown to 60000
[14:50:00.120] [SEVERE ] updating countdown to 60000
[14:50:00.145] [SEVERE ] updating countdown to 60000
[14:50:00.168] [SEVERE ] updating countdown to 60000
[14:50:00.190] [SEVERE ] updating countdown to 60000
[14:50:00.211] [SEVERE ] updating countdown to 60000
[14:50:00.233] [SEVERE ] updating countdown to 60000
[14:50:00.255] [SEVERE ] updating countdown to 60000
[14:50:00.276] [SEVERE ] updating countdown to 60000
[14:50:00.298] [SEVERE ] updating countdown to 60000
[14:50:00.320] [SEVERE ] updating countdown to 60000
[14:50:00.342] [SEVERE ] updating countdown to 60000
[14:50:00.363] [SEVERE ] updating countdown to 60000
[14:50:00.385] [SEVERE ] updating countdown to 60000
[14:50:00.406] [SEVERE ] updating countdown to 60000
[14:50:00.428] [SEVERE ] updating countdown to 60000
[14:50:00.449] [SEVERE ] updating countdown to 60000
[14:50:00.470] [SEVERE ] updating countdown to 60000
[14:50:00.490] [SEVERE ] updating countdown to 60000
[14:50:00.511] [SEVERE ] updating countdown to 60000
[14:50:00.532] [SEVERE ] updating countdown to 60000
[14:50:00.551] [SEVERE ] key 87 was pressed by player 1
[14:50:00.551] [SEVERE ] player 1 placing token on slot 1
[14:50:00.554] [SEVERE ] updating countdown to 60000
[14:50:00.574] [SEVERE ] updating countdown to 60000
[14:50:00.596] [SEVERE ] updating countdown to 60000
[14:50:00.617] [SEVERE ] updating countdown to 60000
[14:50:00.637] [SEVERE ] updating countdown to 60000
[14:50:00.658] [SEVERE ] updating countdown to 60000
[14:50:00.680] [SEVERE ] updating countdown to 60000
[14:50:00.702] [SEVERE ] updating countdown to 60000
[14:50:00.723] [SEVERE ] updating countdown to 60000
[14:50:00.745] [SEVERE ] updating countdown to 60000
[14:50:00.749] [SEVERE ] key 81 was pressed by player 1
[14:50:00.749] [SEVERE ] player 1 placing token on slot 0
[14:50:00.767] [SEVERE ] updating countdown to 60000
[14:50:00.789] [SEVERE ] updating countdown to 60000
[14:50:00.810] [SEVERE ] updating countdown to 60000
[14:50:00.831] [SEVERE ] updating countdown to 60000
[14:50:00.852] [SEVERE ] updating countdown to 60000
[14:50:00.874] [SEVERE ] updating countdown to 60000
[14:50:00.887] [SEVERE ] key 87 was pressed by player 1
[14:50:00.895] [SEVERE ] updating countdown to 60000
[14:50:00.918] [SEVERE ] updating countdown to 60000
[14:50:00.944] [SEVERE ] updating countdown to 60000
[14:50:00.969] [SEVERE ] updating countdown to 60000
[14:50:00.995] [SEVERE ] updating countdown to 60000
[14:50:01.019] [SEVERE ] updating countdown to 60000
[14:50:01.040] [SEVERE ] updating countdown to 60000
[14:50:01.066] [SEVERE ] updating countdown to 60000
[14:50:01.082] [SEVERE ] key 81 was pressed by player 1
[14:50:01.089] [SEVERE ] updating countdown to 60000
[14:50:01.114] [SEVERE ] updating countdown to 60000
[14:50:01.138] [SEVERE ] updating countdown to 60000
[14:50:01.159] [SEVERE ] updating countdown to 60000
[14:50:01.181] [SEVERE ] updating countdown to 60000
[14:50:01.206] [SEVERE ] updating countdown to 60000
[14:50:01.232] [SEVERE ] updating countdown to 60000
[14:50:01.254] [SEVERE ] updating countdown to 60000
[14:50:01.276] [SEVERE ] updating countdown to 60000
[14:50:01.297] [SEVERE ] updating countdown to 60000
[14:50:01.317] [SEVERE ] updating countdown to 60000
[14:50:01.338] [SEVERE ] updating countdown to 60000
[14:50:01.359] [SEVERE ] updating countdown to 60000
[14:50:01.362] [SEVERE ] key 65 was pressed by player 1
[14:50:01.363] [SEVERE ] player 1 placing token on slot 4
[14:50:01.381] [SEVERE ] updating countdown to 60000
[14:50:01.402] [SEVERE ] updating countdown to 60000
[14:50:01.424] [SEVERE ] updating countdown to 60000
[14:50:01.445] [SEVERE ] updating countdown to 60000
[14:50:01.467] [SEVERE ] updating countdown to 60000
[14:50:01.488] [SEVERE ] updating countdown to 60000
[14:50:01.508] [SEVERE ] updating countdown to 60000
[14:50:01.531] [SEVERE ] updating countdown to 60000
[14:50:01.553] [SEVERE ] updating countdown to 60000
[14:50:01.573] [SEVERE ] updating countdown to 60000
[14:50:01.595] [SEVERE ] updating countdown to 60000
[14:50:01.613] [SEVERE ] key 83 was pressed by player 1
[14:50:01.613] [SEVERE ] player 1 placing token on slot 5
[14:50:01.616] [SEVERE ] updating countdown to 60000
[14:50:01.637] [SEVERE ] updating countdown to 60000
[14:50:01.659] [SEVERE ] updating countdown to 60000
[14:50:01.680] [SEVERE ] updating countdown to 60000
[14:50:01.701] [SEVERE ] updating countdown to 60000
[14:50:01.722] [SEVERE ] updating countdown to 60000
[14:50:01.745] [SEVERE ] updating countdown to 60000
[14:50:01.766] [SEVERE ] updating countdown to 60000
[14:50:01.788] [SEVERE ] updating countdown to 60000
[14:50:01.811] [SEVERE ] updating countdown to 60000
[14:50:01.836] [SEVERE ] updating countdown to 60000
[14:50:01.857] [SEVERE ] updating countdown to 60000
[14:50:01.878] [SEVERE ] updating countdown to 60000
[14:50:01.900] [SEVERE ] updating countdown to 60000
[14:50:01.920] [SEVERE ] updating countdown to 60000
[14:50:01.942] [SEVERE ] updating countdown to 60000
[14:50:01.964] [SEVERE ] updating countdown to 60000
[14:50:01.985] [SEVERE ] updating countdown to 60000
[14:50:02.007] [SEVERE ] updating countdown to 60000
[14:50:02.028] [SEVERE ] updating countdown to 60000
[14:50:02.049] [SEVERE ] updating countdown to 60000
[14:50:02.066] [SEVERE ] key 83 was pressed by player 1
[14:50:02.070] [SEVERE ] updating countdown to 60000
[14:50:02.091] [SEVERE ] updating countdown to 60000
[14:50:02.112] [SEVERE ] updating countdown to 60000
[14:50:02.133] [SEVERE ] updating countdown to 60000
[14:50:02.154] [SEVERE ] updating countdown to 60000
[14:50:02.175] [SEVERE ] updating countdown to 60000
[14:50:02.200] [SEVERE ] updating countdown to 60000
[14:50:02.222] [SEVERE ] updating countdown to 60000
[14:50:02.244] [SEVERE ] updating countdown to 60000
[14:50:02.266] [SEVERE ] updating countdown to 60000
[14:50:02.288] [SEVERE ] updating countdown to 60000
[14:50:02.304] [SEVERE ] key 83 was pressed by player 1
[14:50:02.305] [SEVERE ] player 1 placing token on slot 5
[14:50:02.309] [SEVERE ] updating countdown to 60000
[14:50:02.332] [SEVERE ] updating countdown to 60000
[14:50:02.357] [SEVERE ] updating countdown to 60000
[14:50:02.382] [SEVERE ] updating countdown to 60000
[14:50:02.407] [SEVERE ] updating countdown to 60000
[14:50:02.432] [SEVERE ] updating countdown to 60000
[14:50:02.455] [SEVERE ] updating countdown to 60000
[14:50:02.477] [SEVERE ] updating countdown to 60000
[14:50:02.498] [SEVERE ] updating countdown to 60000
[14:50:02.520] [SEVERE ] updating countdown to 60000
[14:50:02.541] [SEVERE ] updating countdown to 60000
[14:50:02.563] [SEVERE ] updating countdown to 60000
[14:50:02.585] [SEVERE ] updating countdown to 60000
[14:50:02.607] [SEVERE ] updating countdown to 60000
[14:50:02.629] [SEVERE ] updating countdown to 60000
[14:50:02.651] [SEVERE ] updating countdown to 60000
[14:50:02.672] [SEVERE ] updating countdown to 60000
[14:50:02.697] [SEVERE ] updating countdown to 60000
[14:50:02.723] [SEVERE ] updating countdown to 60000
[14:50:02.748] [SEVERE ] updating countdown to 60000
[14:50:02.770] [SEVERE ] updating countdown to 60000
[14:50:02.791] [SEVERE ] updating countdown to 60000
[14:50:02.813] [SEVERE ] updating countdown to 60000
[14:50:02.834] [SEVERE ] updating countdown to 60000
[14:50:02.854] [SEVERE ] updating countdown to 60000
[14:50:02.875] [SEVERE ] updating countdown to 60000
[14:50:02.897] [SEVERE ] updating countdown to 60000
[14:50:02.918] [SEVERE ] updating countdown to 60000
[14:50:02.940] [SEVERE ] updating countdown to 60000
[14:50:02.960] [SEVERE ] updating countdown to 60000
[14:50:02.981] [SEVERE ] updating countdown to 60000
[14:50:03.002] [SEVERE ] updating countdown to 60000
[14:50:03.024] [SEVERE ] updating countdown to 60000
[14:50:03.045] [SEVERE ] updating countdown to 60000
[14:50:03.067] [SEVERE ] updating countdown to 60000
[14:50:03.088] [SEVERE ] updating countdown to 60000
[14:50:03.111] [SEVERE ] updating countdown to 60000
[14:50:03.131] [SEVERE ] updating countdown to 60000
[14:50:03.153] [SEVERE ] updating countdown to 60000
[14:50:03.175] [SEVERE ] updating countdown to 60000
[14:50:03.182] [SEVERE ] key 83 was pressed by player 1
[14:50:03.196] [SEVERE ] updating countdown to 60000
[14:50:03.217] [SEVERE ] updating countdown to 60000
[14:50:03.240] [SEVERE ] updating countdown to 60000
[14:50:03.261] [SEVERE ] updating countdown to 60000
[14:50:03.283] [SEVERE ] updating countdown to 60000
[14:50:03.304] [SEVERE ] updating countdown to 60000
[14:50:03.325] [SEVERE ] updating countdown to 60000
[14:50:03.351] [SEVERE ] updating countdown to 60000
[14:50:03.377] [SEVERE ] updating countdown to 60000
[14:50:03.401] [SEVERE ] updating countdown to 60000
[14:50:03.424] [SEVERE ] updating countdown to 60000
[14:50:03.446] [SEVERE ] updating countdown to 60000
[14:50:03.472] [SEVERE ] updating countdown to 60000
[14:50:03.498] [SEVERE ] updating countdown to 60000
[14:50:03.508] [SEVERE ] key 68 was pressed by player 1
[14:50:03.509] [SEVERE ] player 1 placing token on slot 6
[14:50:03.522] [SEVERE ] updating countdown to 60000
[14:50:03.543] [SEVERE ] updating countdown to 60000
[14:50:03.568] [SEVERE ] updating countdown to 60000
[14:50:03.591] [SEVERE ] updating countdown to 60000
[14:50:03.617] [SEVERE ] updating countdown to 60000
[14:50:03.641] [SEVERE ] updating countdown to 60000
[14:50:03.662] [SEVERE ] updating countdown to 60000
[14:50:03.687] [SEVERE ] updating countdown to 60000
[14:50:03.710] [SEVERE ] updating countdown to 60000
[14:50:03.734] [SEVERE ] updating countdown to 60000
[14:50:03.760] [SEVERE ] updating countdown to 60000
[14:50:03.781] [SEVERE ] updating countdown to 60000
[14:50:03.803] [SEVERE ] updating countdown to 60000
[14:50:03.826] [SEVERE ] updating countdown to 60000
[14:50:03.848] [SEVERE ] updating countdown to 60000
[14:50:03.874] [SEVERE ] updating countdown to 60000
[14:50:03.896] [SEVERE ] updating countdown to 60000
[14:50:03.918] [SEVERE ] updating countdown to 60000
[14:50:03.941] [SEVERE ] updating countdown to 60000
[14:50:03.965] [SEVERE ] updating countdown to 60000
[14:50:03.986] [SEVERE ] updating countdown to 60000
[14:50:04.012] [SEVERE ] updating countdown to 60000
[14:50:04.034] [SEVERE ] updating countdown to 60000
[14:50:04.058] [SEVERE ] updating countdown to 60000
[14:50:04.080] [SEVERE ] updating countdown to 60000
[14:50:04.105] [SEVERE ] updating countdown to 60000
[14:50:04.127] [SEVERE ] updating countdown to 60000
[14:50:04.148] [SEVERE ] updating countdown to 60000
[14:50:04.169] [SEVERE ] updating countdown to 60000
[14:50:04.191] [SEVERE ] updating countdown to 60000
[14:50:04.216] [SEVERE ] updating countdown to 60000
[14:50:04.242] [SEVERE ] updating countdown to 60000
[14:50:04.267] [SEVERE ] updating countdown to 60000
[14:50:04.280] [SEVERE ] key 68 was pressed by player 1
[14:50:04.290] [SEVERE ] updating countdown to 60000
[14:50:04.312] [SEVERE ] updating countdown to 60000
[14:50:04.333] [SEVERE ] updating countdown to 60000
[14:50:04.354] [SEVERE ] updating countdown to 60000
[14:50:04.375] [SEVERE ] updating countdown to 60000
[14:50:04.395] [SEVERE ] updating countdown to 60000
[14:50:04.412] [SEVERE ] key 69 was pressed by player 1
[14:50:04.412] [SEVERE ] player 1 placing token on slot 2
[14:50:04.416] [SEVERE ] updating countdown to 60000
[14:50:04.437] [SEVERE ] updating countdown to 60000
[14:50:04.459] [SEVERE ] updating countdown to 60000
[14:50:04.479] [SEVERE ] updating countdown to 60000
[14:50:04.500] [SEVERE ] updating countdown to 60000
[14:50:04.526] [SEVERE ] updating countdown to 60000
[14:50:04.547] [SEVERE ] updating countdown to 60000
[14:50:04.569] [SEVERE ] updating countdown to 60000
[14:50:04.591] [SEVERE ] updating countdown to 60000
[14:50:04.616] [SEVERE ] updating countdown to 60000
[14:50:04.640] [SEVERE ] updating countdown to 60000
[14:50:04.669] [SEVERE ] updating countdown to 60000
[14:50:04.692] [SEVERE ] updating countdown to 60000
[14:50:04.714] [SEVERE ] updating countdown to 60000
[14:50:04.736] [SEVERE ] updating countdown to 60000
[14:50:04.760] [SEVERE ] updating countdown to 60000
[14:50:04.786] [SEVERE ] updating countdown to 60000
[14:50:04.811] [SEVERE ] updating countdown to 60000
[14:50:04.837] [SEVERE ] updating countdown to 60000
[14:50:04.863] [SEVERE ] updating countdown to 60000
[14:50:04.888] [SEVERE ] updating countdown to 60000
[14:50:04.911] [SEVERE ] updating countdown to 60000
[14:50:04.936] [SEVERE ] updating countdown to 60000
[14:50:04.962] [SEVERE ] updating countdown to 60000
[14:50:04.985] [SEVERE ] updating countdown to 60000
[14:50:05.007] [SEVERE ] updating countdown to 60000
[14:50:05.033] [SEVERE ] updating countdown to 60000
[14:50:05.061] [SEVERE ] updating countdown to 60000
[14:50:05.084] [SEVERE ] updating countdown to 60000
[14:50:05.109] [SEVERE ] updating countdown to 60000
[14:50:05.135] [SEVERE ] updating countdown to 60000
[14:50:05.160] [SEVERE ] updating countdown to 60000
[14:50:05.183] [SEVERE ] updating countdown to 60000
[14:50:05.206] [SEVERE ] updating countdown to 60000
[14:50:05.232] [SEVERE ] updating countdown to 60000
[14:50:05.255] [SEVERE ] updating countdown to 60000
[14:50:05.277] [SEVERE ] updating countdown to 60000
[14:50:05.298] [SEVERE ] updating countdown to 60000
[14:50:05.319] [SEVERE ] updating countdown to 60000
[14:50:05.341] [SEVERE ] updating countdown to 60000
[14:50:05.363] [SEVERE ] updating countdown to 60000
[14:50:05.385] [SEVERE ] updating countdown to 60000
[14:50:05.397] [SEVERE ] key 90 was pressed by player 1
[14:50:05.397] [SEVERE ] player 1 placing token on slot 8
[14:50:05.400] [SEVERE ] setting player 1 freeze to 3000
[14:50:05.406] [SEVERE ] updating countdown to 60000
[14:50:05.429] [SEVERE ] updating countdown to 60000
[14:50:05.450] [SEVERE ] updating countdown to 60000
[14:50:05.470] [SEVERE ] updating countdown to 60000
[14:50:05.491] [SEVERE ] updating countdown to 60000
[14:50:05.513] [SEVERE ] updating countdown to 60000
[14:50:05.534] [SEVERE ] updating countdown to 60000
[14:50:05.554] [SEVERE ] updating countdown to 60000
[14:50:05.575] [SEVERE ] updating countdown to 60000
[14:50:05.598] [SEVERE ] updating countdown to 60000
[14:50:05.621] [SEVERE ] updating countdown to 60000
[14:50:05.647] [SEVERE ] updating countdown to 60000
[14:50:05.654] [SEVERE ] key 88 was pressed by player 1
[14:50:05.671] [SEVERE ] updating countdown to 60000
[14:50:05.694] [SEVERE ] updating countdown to 60000
[14:50:05.717] [SEVERE ] updating countdown to 60000
[14:50:05.742] [SEVERE ] updating countdown to 60000
[14:50:05.768] [SEVERE ] updating countdown to 60000
[14:50:05.789] [SEVERE ] updating countdown to 60000
[14:50:05.812] [SEVERE ] updating countdown to 60000
[14:50:05.838] [SEVERE ] updating countdown to 60000
[14:50:05.862] [SEVERE ] updating countdown to 60000
[14:50:05.885] [SEVERE ] updating countdown to 60000
[14:50:05.907] [SEVERE ] updating countdown to 60000
[14:50:05.926] [SEVERE ] key 67 was pressed by player 1
[14:50:05.929] [SEVERE ] updating countdown to 60000
[14:50:05.954] [SEVERE ] updating countdown to 60000
[14:50:05.976] [SEVERE ] updating countdown to 60000
[14:50:05.999] [SEVERE ] updating countdown to 60000
[14:50:06.022] [SEVERE ] updating countdown to 60000
[14:50:06.046] [SEVERE ] updating countdown to 60000
[14:50:06.070] [SEVERE ] updating countdown to 60000
[14:50:06.096] [SEVERE ] updating countdown to 60000
[14:50:06.118] [SEVERE ] updating countdown to 60000
[14:50:06.140] [SEVERE ] updating countdown to 60000
[14:50:06.162] [SEVERE ] updating countdown to 60000
[14:50:06.187] [SEVERE ] updating countdown to 60000
[14:50:06.208] [SEVERE ] updating countdown to 60000
[14:50:06.230] [SEVERE ] updating countdown to 60000
[14:50:06.253] [SEVERE ] updating countdown to 60000
[14:50:06.277] [SEVERE ] updating countdown to 60000
[14:50:06.302] [SEVERE ] updating countdown to 60000
[14:50:06.325] [SEVERE ] updating countdown to 60000
[14:50:06.351] [SEVERE ] updating countdown to 60000
[14:50:06.374] [SEVERE ] updating countdown to 60000
[14:50:06.400] [SEVERE ] updating countdown to 60000
[14:50:06.421] [SEVERE ] updating countdown to 60000
[14:50:06.423] [SEVERE ] key 67 was pressed by player 1
[14:50:06.447] [SEVERE ] updating countdown to 60000
[14:50:06.468] [SEVERE ] updating countdown to 60000
[14:50:06.493] [SEVERE ] updating countdown to 60000
[14:50:06.519] [SEVERE ] updating countdown to 60000
[14:50:06.545] [SEVERE ] updating countdown to 60000
[14:50:06.570] [SEVERE ] updating countdown to 60000
[14:50:06.591] [SEVERE ] updating countdown to 60000
[14:50:06.614] [SEVERE ] updating countdown to 60000
[14:50:06.640] [SEVERE ] updating countdown to 60000
[14:50:06.662] [SEVERE ] updating countdown to 60000
[14:50:06.687] [SEVERE ] updating countdown to 60000
[14:50:06.713] [SEVERE ] updating countdown to 60000
[14:50:06.739] [SEVERE ] updating countdown to 60000
[14:50:06.763] [SEVERE ] updating countdown to 60000
[14:50:06.788] [SEVERE ] updating countdown to 60000
[14:50:06.808] [SEVERE ] updating countdown to 60000
[14:50:06.834] [SEVERE ] updating countdown to 60000
[14:50:06.846] [SEVERE ] key 68 was pressed by player 1
[14:50:06.858] [SEVERE ] updating countdown to 60000
[14:50:06.882] [SEVERE ] updating countdown to 60000
[14:50:06.906] [SEVERE ] updating countdown to 60000
[14:50:06.932] [SEVERE ] updating countdown to 60000
[14:50:06.958] [SEVERE ] updating countdown to 60000
[14:50:06.979] [SEVERE ] updating countdown to 60000
[14:50:07.005] [SEVERE ] updating countdown to 60000
[14:50:07.028] [SEVERE ] updating countdown to 60000
[14:50:07.054] [SEVERE ] updating countdown to 60000
[14:50:07.078] [SEVERE ] updating countdown to 60000
[14:50:07.103] [SEVERE ] updating countdown to 60000
[14:50:07.125] [SEVERE ] updating countdown to 60000
[14:50:07.126] [SEVERE ] key 65 was pressed by player 1
[14:50:07.151] [SEVERE ] updating countdown to 60000
[14:50:07.177] [SEVERE ] updating countdown to 60000
[14:50:07.198] [SEVERE ] updating countdown to 60000
[14:50:07.198] [SEVERE ] key 83 was pressed by player 1
[14:50:07.222] [SEVERE ] updating countdown to 60000
[14:50:07.243] [SEVERE ] updating countdown to 60000
[14:50:07.265] [SEVERE ] updating countdown to 60000
[14:50:07.270] [SEVERE ] key 68 was pressed by player 1
[14:50:07.291] [SEVERE ] updating countdown to 60000
[14:50:07.317] [SEVERE ] updating countdown to 60000
[14:50:07.340] [SEVERE ] updating countdown to 60000
[14:50:07.366] [SEVERE ] updating countdown to 60000
[14:50:07.392] [SEVERE ] updating countdown to 60000
[14:50:07.414] [SEVERE ] updating countdown to 60000
[14:50:07.437] [SEVERE ] updating countdown to 60000
[14:50:07.459] [SEVERE ] updating countdown to 60000
[14:50:07.480] [SEVERE ] updating countdown to 60000
[14:50:07.505] [SEVERE ] updating countdown to 60000
[14:50:07.527] [SEVERE ] updating countdown to 60000
[14:50:07.549] [SEVERE ] updating countdown to 60000
[14:50:07.574] [SEVERE ] updating countdown to 60000
[14:50:07.596] [SEVERE ] updating countdown to 60000
[14:50:07.614] [SEVERE ] key 83 was pressed by player 1
[14:50:07.616] [SEVERE ] updating countdown to 60000
[14:50:07.617] [SEVERE ] key 65 was pressed by player 1
[14:50:07.638] [SEVERE ] updating countdown to 60000
[14:50:07.663] [SEVERE ] updating countdown to 60000
[14:50:07.686] [SEVERE ] updating countdown to 60000
[14:50:07.711] [SEVERE ] updating countdown to 60000
[14:50:07.720] [SEVERE ] key 68 was pressed by player 1
[14:50:07.736] [SEVERE ] updating countdown to 60000
[14:50:07.760] [SEVERE ] updating countdown to 60000
[14:50:07.786] [SEVERE ] updating countdown to 60000
[14:50:07.811] [SEVERE ] updating countdown to 60000
[14:50:07.832] [SEVERE ] updating countdown to 60000
[14:50:07.855] [SEVERE ] updating countdown to 60000
[14:50:07.877] [SEVERE ] updating countdown to 60000
[14:50:07.903] [SEVERE ] updating countdown to 60000
[14:50:07.929] [SEVERE ] updating countdown to 60000
[14:50:07.942] [SEVERE ] key 81 was pressed by player 1
[14:50:07.952] [SEVERE ] updating countdown to 60000
[14:50:07.974] [SEVERE ] updating countdown to 60000
[14:50:07.996] [SEVERE ] updating countdown to 60000
[14:50:08.001] [SEVERE ] key 87 was pressed by player 1
[14:50:08.021] [SEVERE ] updating countdown to 60000
[14:50:08.047] [SEVERE ] updating countdown to 60000
[14:50:08.072] [SEVERE ] updating countdown to 60000
[14:50:08.098] [SEVERE ] updating countdown to 60000
[14:50:08.124] [SEVERE ] updating countdown to 60000
[14:50:08.145] [SEVERE ] updating countdown to 60000
[14:50:08.168] [SEVERE ] updating countdown to 60000
[14:50:08.181] [SEVERE ] key 69 was pressed by player 1
[14:50:08.191] [SEVERE ] updating countdown to 60000
[14:50:08.215] [SEVERE ] updating countdown to 60000
[14:50:08.237] [SEVERE ] updating countdown to 60000
[14:50:08.258] [SEVERE ] updating countdown to 60000
[14:50:08.280] [SEVERE ] updating countdown to 60000
[14:50:08.303] [SEVERE ] updating countdown to 60000
[14:50:08.328] [SEVERE ] updating countdown to 60000
[14:50:08.350] [SEVERE ] updating countdown to 60000
[14:50:08.366] [SEVERE ] key 81 was pressed by player 1
[14:50:08.371] [SEVERE ] updating countdown to 60000
[14:50:08.397] [SEVERE ] updating countdown to 60000
[14:50:08.408] [SEVERE ] setting player 1 freeze to 0
[14:50:08.419] [SEVERE ] updating countdown to 60000
[14:50:08.435] [SEVERE ] key 87 was pressed by player 1
[14:50:08.435] [SEVERE ] player 1 placing token on slot 1
[14:50:08.441] [SEVERE ] updating countdown to 60000
[14:50:08.464] [SEVERE ] updating countdown to 60000
[14:50:08.482] [SEVERE ] key 69 was pressed by player 1
[14:50:08.484] [SEVERE ] updating countdown to 60000
[14:50:08.509] [SEVERE ] updating countdown to 60000
[14:50:08.529] [SEVERE ] updating countdown to 60000
[14:50:08.550] [SEVERE ] updating countdown to 60000
[14:50:08.576] [SEVERE ] updating countdown to 60000
[14:50:08.601] [SEVERE ] updating countdown to 60000
[14:50:08.623] [SEVERE ] updating countdown to 60000
[14:50:08.647] [SEVERE ] updating countdown to 60000
[14:50:08.667] [SEVERE ] key 65 was pressed by player 1
[14:50:08.668] [SEVERE ] updating countdown to 60000
[14:50:08.690] [SEVERE ] updating countdown to 60000
[14:50:08.715] [SEVERE ] updating countdown to 60000
[14:50:08.739] [SEVERE ] updating countdown to 60000
[14:50:08.761] [SEVERE ] updating countdown to 60000
[14:50:08.787] [SEVERE ] updating countdown to 60000
[14:50:08.810] [SEVERE ] updating countdown to 60000
[14:50:08.835] [SEVERE ] updating countdown to 60000
[14:50:08.856] [SEVERE ] updating countdown to 60000
[14:50:08.856] [SEVERE ] key 68 was pressed by player 1
[14:50:08.857] [SEVERE ] player 1 placing token on slot 6
[14:50:08.878] [SEVERE ] updating countdown to 60000
[14:50:08.901] [SEVERE ] updating countdown to 60000
[14:50:08.923] [SEVERE ] updating countdown to 60000
[14:50:08.944] [SEVERE ] updating countdown to 60000
[14:50:08.970] [SEVERE ] updating countdown to 60000
[14:50:08.992] [SEVERE ] updating countdown to 60000
[14:50:09.018] [SEVERE ] updating countdown to 60000
[14:50:09.044] [SEVERE ] updating countdown to 60000
[14:50:09.052] [SEVERE ] key 65 was pressed by player 1
[14:50:09.053] [SEVERE ] player 1 placing token on slot 4
[14:50:09.065] [SEVERE ] updating countdown to 60000
[14:50:09.071] [SEVERE ] key 83 was pressed by player 1
[14:50:09.071] [SEVERE ] player 1 placing token on slot 5
[14:50:09.086] [SEVERE ] updating countdown to 60000
[14:50:09.108] [SEVERE ] updating countdown to 60000
[14:50:09.131] [SEVERE ] updating countdown to 60000
[14:50:09.135] [SEVERE ] key 68 was pressed by player 1
[14:50:09.155] [SEVERE ] updating countdown to 60000
[14:50:09.178] [SEVERE ] updating countdown to 60000
[14:50:09.199] [SEVERE ] updating countdown to 60000
[14:50:09.221] [SEVERE ] updating countdown to 60000
[14:50:09.243] [SEVERE ] updating countdown to 60000
[14:50:09.268] [SEVERE ] updating countdown to 60000
[14:50:09.291] [SEVERE ] updating countdown to 60000
[14:50:09.314] [SEVERE ] updating countdown to 60000
[14:50:09.340] [SEVERE ] updating countdown to 60000
[14:50:09.362] [SEVERE ] updating countdown to 60000
[14:50:09.370] [SEVERE ] key 90 was pressed by player 1
[14:50:09.386] [SEVERE ] updating countdown to 60000
[14:50:09.410] [SEVERE ] updating countdown to 60000
[14:50:09.434] [SEVERE ] updating countdown to 60000
[14:50:09.455] [SEVERE ] updating countdown to 60000
[14:50:09.476] [SEVERE ] updating countdown to 60000
[14:50:09.482] [SEVERE ] key 88 was pressed by player 1
[14:50:09.500] [SEVERE ] updating countdown to 60000
[14:50:09.521] [SEVERE ] updating countdown to 60000
[14:50:09.526] [SEVERE ] key 67 was pressed by player 1
[14:50:09.544] [SEVERE ] updating countdown to 60000
[14:50:09.565] [SEVERE ] updating countdown to 60000
[14:50:09.586] [SEVERE ] updating countdown to 60000
[14:50:09.607] [SEVERE ] updating countdown to 60000
[14:50:09.629] [SEVERE ] updating countdown to 60000
[14:50:09.649] [SEVERE ] updating countdown to 60000
[14:50:09.674] [SEVERE ] updating countdown to 60000
[14:50:09.698] [SEVERE ] updating countdown to 60000
[14:50:09.724] [SEVERE ] updating countdown to 60000
[14:50:09.745] [SEVERE ] updating countdown to 60000
[14:50:09.747] [SEVERE ] key 90 was pressed by player 1
[14:50:09.768] [SEVERE ] updating countdown to 60000
[14:50:09.790] [SEVERE ] updating countdown to 60000
[14:50:09.812] [SEVERE ] updating countdown to 60000
[14:50:09.814] [SEVERE ] key 88 was pressed by player 1
[14:50:09.838] [SEVERE ] updating countdown to 60000
[14:50:09.864] [SEVERE ] updating countdown to 60000
[14:50:09.885] [SEVERE ] updating countdown to 60000
[14:50:09.887] [SEVERE ] key 67 was pressed by player 1
[14:50:09.907] [SEVERE ] updating countdown to 60000
[14:50:09.927] [SEVERE ] updating countdown to 60000
[14:50:09.949] [SEVERE ] updating countdown to 60000
[14:50:09.969] [SEVERE ] updating countdown to 60000
[14:50:09.990] [SEVERE ] updating countdown to 60000
[14:50:10.011] [SEVERE ] updating countdown to 60000
[14:50:10.037] [SEVERE ] updating countdown to 60000
[14:50:10.059] [SEVERE ] updating countdown to 60000
[14:50:10.079] [SEVERE ] updating countdown to 60000
[14:50:10.102] [SEVERE ] updating countdown to 60000
[14:50:10.123] [SEVERE ] updating countdown to 60000
[14:50:10.149] [SEVERE ] updating countdown to 60000
[14:50:10.170] [SEVERE ] updating countdown to 60000
[14:50:10.191] [SEVERE ] updating countdown to 60000
[14:50:10.215] [SEVERE ] updating countdown to 60000
[14:50:10.239] [SEVERE ] updating countdown to 60000
[14:50:10.260] [SEVERE ] updating countdown to 60000
[14:50:10.282] [SEVERE ] updating countdown to 60000
[14:50:10.304] [SEVERE ] updating countdown to 60000
[14:50:10.325] [SEVERE ] updating countdown to 60000
[14:50:10.351] [SEVERE ] updating countdown to 60000
[14:50:10.377] [SEVERE ] updating countdown to 60000
[14:50:10.403] [SEVERE ] updating countdown to 60000
[14:50:10.428] [SEVERE ] updating countdown to 60000
[14:50:10.454] [SEVERE ] updating countdown to 60000
[14:50:10.474] [SEVERE ] updating countdown to 60000
[14:50:10.495] [SEVERE ] updating countdown to 60000
[14:50:10.516] [SEVERE ] updating countdown to 60000
[14:50:10.537] [SEVERE ] updating countdown to 60000
[14:50:10.559] [SEVERE ] updating countdown to 60000
[14:50:10.579] [SEVERE ] updating countdown to 60000
[14:50:10.601] [SEVERE ] updating countdown to 60000
[14:50:10.626] [SEVERE ] updating countdown to 60000
[14:50:10.651] [SEVERE ] updating countdown to 60000
[14:50:10.673] [SEVERE ] updating countdown to 60000
[14:50:10.699] [SEVERE ] updating countdown to 60000
[14:50:10.706] [SEVERE ] key 68 was pressed by player 1
[14:50:10.723] [SEVERE ] updating countdown to 60000
[14:50:10.745] [SEVERE ] updating countdown to 60000
[14:50:10.770] [SEVERE ] updating countdown to 60000
[14:50:10.795] [SEVERE ] updating countdown to 60000
[14:50:10.817] [SEVERE ] updating countdown to 60000
[14:50:10.842] [SEVERE ] updating countdown to 60000
[14:50:10.863] [SEVERE ] updating countdown to 60000
[14:50:10.889] [SEVERE ] updating countdown to 60000
[14:50:10.910] [SEVERE ] updating countdown to 60000
[14:50:10.932] [SEVERE ] updating countdown to 60000
[14:50:10.933] [SEVERE ] key 81 was pressed by player 1
[14:50:10.953] [SEVERE ] updating countdown to 60000
[14:50:10.973] [SEVERE ] updating countdown to 60000
[14:50:10.998] [SEVERE ] updating countdown to 60000
[14:50:11.020] [SEVERE ] updating countdown to 60000
[14:50:11.041] [SEVERE ] updating countdown to 60000
[14:50:11.062] [SEVERE ] updating countdown to 60000
[14:50:11.073] [SEVERE ] key 68 was pressed by player 1
[14:50:11.084] [SEVERE ] updating countdown to 60000
[14:50:11.106] [SEVERE ] updating countdown to 60000
[14:50:11.126] [SEVERE ] updating countdown to 60000
[14:50:11.150] [SEVERE ] updating countdown to 60000
[14:50:11.173] [SEVERE ] updating countdown to 60000
[14:50:11.197] [SEVERE ] updating countdown to 60000
[14:50:11.220] [SEVERE ] updating countdown to 60000
[14:50:11.242] [SEVERE ] updating countdown to 60000
[14:50:11.264] [SEVERE ] updating countdown to 60000
[14:50:11.286] [SEVERE ] updating countdown to 60000
[14:50:11.309] [SEVERE ] updating countdown to 60000
[14:50:11.331] [SEVERE ] updating countdown to 60000
[14:50:11.356] [SEVERE ] updating countdown to 60000
[14:50:11.381] [SEVERE ] updating countdown to 60000
[14:50:11.404] [SEVERE ] updating countdown to 60000
[14:50:11.429] [SEVERE ] updating countdown to 60000
[14:50:11.455] [SEVERE ] updating countdown to 60000
[14:50:11.477] [SEVERE ] updating countdown to 60000
[14:50:11.491] [SEVERE ] key 83 was pressed by player 1
[14:50:11.503] [SEVERE ] updating countdown to 60000
[14:50:11.529] [SEVERE ] updating countdown to 60000
[14:50:11.552] [SEVERE ] updating countdown to 60000
[14:50:11.577] [SEVERE ] updating countdown to 60000
[14:50:11.601] [SEVERE ] updating countdown to 60000
[14:50:11.626] [SEVERE ] updating countdown to 60000
[14:50:11.652] [SEVERE ] updating countdown to 60000
[14:50:11.674] [SEVERE ] updating countdown to 60000
[14:50:11.697] [SEVERE ] updating countdown to 60000
[14:50:11.723] [SEVERE ] updating countdown to 60000
[14:50:11.749] [SEVERE ] updating countdown to 60000
[14:50:11.772] [SEVERE ] updating countdown to 60000
[14:50:11.797] [SEVERE ] updating countdown to 60000
[14:50:11.823] [SEVERE ] updating countdown to 60000
[14:50:11.849] [SEVERE ] updating countdown to 60000
[14:50:11.875] [SEVERE ] updating countdown to 60000
[14:50:11.901] [SEVERE ] updating countdown to 60000
[14:50:11.922] [SEVERE ] updating countdown to 60000
[14:50:11.947] [SEVERE ] updating countdown to 60000
[14:50:11.973] [SEVERE ] updating countdown to 60000
[14:50:11.999] [SEVERE ] updating countdown to 60000
[14:50:12.025] [SEVERE ] updating countdown to 60000
[14:50:12.051] [SEVERE ] updating countdown to 60000
[14:50:12.074] [SEVERE ] updating countdown to 60000
[14:50:12.100] [SEVERE ] updating countdown to 60000
[14:50:12.122] [SEVERE ] updating countdown to 60000
[14:50:12.147] [SEVERE ] updating countdown to 60000
[14:50:12.173] [SEVERE ] updating countdown to 60000
[14:50:12.199] [SEVERE ] updating countdown to 60000
[14:50:12.214] [SEVERE ] key 65 was pressed by player 1
[14:50:12.222] [SEVERE ] updating countdown to 60000
[14:50:12.244] [SEVERE ] updating countdown to 60000
[14:50:12.265] [SEVERE ] updating countdown to 60000
[14:50:12.287] [SEVERE ] updating countdown to 60000
[14:50:12.309] [SEVERE ] updating countdown to 60000
[14:50:12.330] [SEVERE ] updating countdown to 60000
[14:50:12.351] [SEVERE ] updating countdown to 60000
[14:50:12.372] [SEVERE ] updating countdown to 60000
[14:50:12.394] [SEVERE ] updating countdown to 60000
[14:50:12.402] [SEVERE ] key 65 was pressed by player 1
[14:50:12.419] [SEVERE ] updating countdown to 60000
[14:50:12.442] [SEVERE ] updating countdown to 60000
[14:50:12.466] [SEVERE ] updating countdown to 60000
[14:50:12.488] [SEVERE ] updating countdown to 60000
[14:50:12.510] [SEVERE ] updating countdown to 60000
[14:50:12.536] [SEVERE ] updating countdown to 60000
[14:50:12.561] [SEVERE ] updating countdown to 60000
[14:50:12.584] [SEVERE ] updating countdown to 60000
[14:50:12.609] [SEVERE ] updating countdown to 60000
[14:50:12.635] [SEVERE ] updating countdown to 60000
[14:50:12.657] [SEVERE ] updating countdown to 60000
[14:50:12.683] [SEVERE ] updating countdown to 60000
[14:50:12.708] [SEVERE ] updating countdown to 60000
[14:50:12.734] [SEVERE ] updating countdown to 60000
[14:50:12.760] [SEVERE ] updating countdown to 60000
[14:50:12.786] [SEVERE ] updating countdown to 60000
[14:50:12.814] [SEVERE ] updating countdown to 60000
[14:50:12.838] [SEVERE ] updating countdown to 60000
[14:50:12.863] [SEVERE ] updating countdown to 60000
[14:50:12.888] [SEVERE ] updating countdown to 60000
[14:50:12.912] [SEVERE ] updating countdown to 60000
[14:50:12.933] [SEVERE ] updating countdown to 60000
[14:50:12.958] [SEVERE ] updating countdown to 60000
[14:50:12.982] [SEVERE ] updating countdown to 60000
[14:50:13.004] [SEVERE ] updating countdown to 60000
[14:50:13.029] [SEVERE ] updating countdown to 60000
[14:50:13.054] [SEVERE ] updating countdown to 60000
[14:50:13.076] [SEVERE ] updating countdown to 60000
[14:50:13.097] [SEVERE ] updating countdown to 60000
[14:50:13.123] [SEVERE ] updating countdown to 60000
[14:50:13.145] [SEVERE ] updating countdown to 60000
[14:50:13.170] [SEVERE ] updating countdown to 60000
[14:50:13.195] [SEVERE ] updating countdown to 60000
[14:50:13.219] [SEVERE ] updating countdown to 60000
[14:50:13.242] [SEVERE ] updating countdown to 60000
[14:50:13.264] [SEVERE ] updating countdown to 60000
[14:50:13.289] [SEVERE ] updating countdown to 60000
[14:50:13.312] [SEVERE ] updating countdown to 60000
[14:50:13.334] [SEVERE ] updating countdown to 60000
[14:50:13.355] [SEVERE ] updating countdown to 60000
[14:50:13.377] [SEVERE ] updating countdown to 60000
[14:50:13.403] [SEVERE ] updating countdown to 60000
[14:50:13.428] [SEVERE ] updating countdown to 60000
[14:50:13.454] [SEVERE ] updating countdown to 60000
[14:50:13.477] [SEVERE ] updating countdown to 60000
[14:50:13.503] [SEVERE ] updating countdown to 60000
[14:50:13.526] [SEVERE ] updating countdown to 60000
[14:50:13.552] [SEVERE ] updating countdown to 60000
[14:50:13.577] [SEVERE ] updating countdown to 60000
[14:50:13.603] [SEVERE ] updating countdown to 60000
[14:50:13.628] [SEVERE ] updating countdown to 60000
[14:50:13.653] [SEVERE ] updating countdown to 60000
[14:50:13.678] [SEVERE ] updating countdown to 60000
[14:50:13.702] [SEVERE ] updating countdown to 60000
[14:50:13.726] [SEVERE ] updating countdown to 60000
[14:50:13.749] [SEVERE ] updating countdown to 60000
[14:50:13.770] [SEVERE ] updating countdown to 60000
[14:50:13.796] [SEVERE ] updating countdown to 60000
[14:50:13.817] [SEVERE ] updating countdown to 60000
[14:50:13.839] [SEVERE ] updating countdown to 60000
[14:50:13.861] [SEVERE ] updating countdown to 60000
[14:50:13.886] [SEVERE ] updating countdown to 60000
[14:50:13.910] [SEVERE ] updating countdown to 60000
[14:50:13.932] [SEVERE ] updating countdown to 60000
[14:50:13.957] [SEVERE ] updating countdown to 60000
[14:50:13.978] [SEVERE ] updating countdown to 60000
[14:50:14.004] [SEVERE ] updating countdown to 60000
[14:50:14.029] [SEVERE ] updating countdown to 60000
[14:50:14.055] [SEVERE ] updating countdown to 60000
[14:50:14.077] [SEVERE ] updating countdown to 60000
[14:50:14.099] [SEVERE ] updating countdown to 60000
[14:50:14.122] [SEVERE ] updating countdown to 60000
[14:50:14.148] [SEVERE ] updating countdown to 60000
[14:50:14.174] [SEVERE ] updating countdown to 60000
[14:50:14.200] [SEVERE ] updating countdown to 60000
[14:50:14.226] [SEVERE ] updating countdown to 60000
[14:50:14.252] [SEVERE ] updating countdown to 60000
[14:50:14.278] [SEVERE ] updating countdown to 60000
[14:50:14.304] [SEVERE ] updating countdown to 60000
[14:50:14.328] [SEVERE ] updating countdown to 60000
[14:50:14.348] [SEVERE ] updating countdown to 60000
[14:50:14.369] [SEVERE ] updating countdown to 60000
[14:50:14.390] [SEVERE ] updating countdown to 60000
[14:50:14.416] [SEVERE ] updating countdown to 60000
[14:50:14.441] [SEVERE ] updating countdown to 60000
[14:50:14.462] [SEVERE ] updating countdown to 60000
[14:50:14.487] [SEVERE ] updating countdown to 60000
[14:50:14.511] [SEVERE ] updating countdown to 60000
[14:50:14.534] [SEVERE ] updating countdown to 60000
[14:50:14.558] [SEVERE ] updating countdown to 60000
[14:50:14.582] [SEVERE ] updating countdown to 60000
[14:50:14.603] [SEVERE ] updating countdown to 60000
[14:50:14.629] [SEVERE ] updating countdown to 60000
[14:50:14.653] [SEVERE ] updating countdown to 60000
[14:50:14.678] [SEVERE ] updating countdown to 60000
[14:50:14.703] [SEVERE ] updating countdown to 60000
[14:50:14.725] [SEVERE ] updating countdown to 60000
[14:50:14.751] [SEVERE ] updating countdown to 60000
[14:50:14.777] [SEVERE ] updating countdown to 60000
[14:50:14.803] [SEVERE ] updating countdown to 60000
[14:50:14.829] [SEVERE ] updating countdown to 60000
[14:50:14.854] [SEVERE ] updating countdown to 60000
[14:50:14.878] [SEVERE ] updating countdown to 60000
[14:50:14.903] [SEVERE ] updating countdown to 60000
[14:50:14.924] [SEVERE ] updating countdown to 60000
[14:50:14.947] [SEVERE ] updating countdown to 60000
[14:50:14.973] [SEVERE ] updating countdown to 60000
[14:50:14.997] [SEVERE ] updating countdown to 60000
[14:50:15.023] [SEVERE ] updating countdown to 60000
[14:50:15.047] [SEVERE ] updating countdown to 60000
[14:50:15.072] [SEVERE ] updating countdown to 60000
[14:50:15.094] [SEVERE ] updating countdown to 60000
[14:50:15.117] [SEVERE ] updating countdown to 60000
[14:50:15.139] [SEVERE ] updating countdown to 60000
[14:50:15.165] [SEVERE ] updating countdown to 60000
[14:50:15.190] [SEVERE ] updating countdown to 60000
[14:50:15.214] [SEVERE ] updating countdown to 60000
[14:50:15.240] [SEVERE ] updating countdown to 60000
[14:50:15.266] [SEVERE ] updating countdown to 60000
[14:50:15.292] [SEVERE ] updating countdown to 60000
[14:50:15.316] [SEVERE ] updating countdown to 60000
[14:50:15.337] [SEVERE ] updating countdown to 60000
[14:50:15.360] [SEVERE ] updating countdown to 60000
[14:50:15.384] [SEVERE ] updating countdown to 60000
[14:50:15.410] [SEVERE ] updating countdown to 60000
[14:50:15.433] [SEVERE ] updating countdown to 60000
[14:50:15.456] [SEVERE ] updating countdown to 60000
[14:50:15.477] [SEVERE ] updating countdown to 60000
[14:50:15.499] [SEVERE ] updating countdown to 60000
[14:50:15.522] [SEVERE ] updating countdown to 60000
[14:50:15.543] [SEVERE ] updating countdown to 60000
[14:50:15.564] [SEVERE ] updating countdown to 60000
[14:50:15.585] [SEVERE ] updating countdown to 60000
[14:50:15.611] [SEVERE ] updating countdown to 60000
[14:50:15.637] [SEVERE ] updating countdown to 60000
[14:50:15.661] [SEVERE ] updating countdown to 60000
[14:50:15.686] [SEVERE ] updating countdown to 60000
[14:50:15.712] [SEVERE ] updating countdown to 60000
[14:50:15.735] [SEVERE ] updating countdown to 60000
[14:50:15.757] [SEVERE ] updating countdown to 60000
[14:50:15.780] [SEVERE ] updating countdown to 60000
[14:50:15.805] [SEVERE ] updating countdown to 60000
[14:50:15.831] [SEVERE ] updating countdown to 60000
[14:50:15.854] [SEVERE ] updating countdown to 60000
[14:50:15.877] [SEVERE ] updating countdown to 60000
[14:50:15.903] [SEVERE ] updating countdown to 60000
[14:50:15.925] [SEVERE ] updating countdown to 60000
[14:50:15.946] [SEVERE ] updating countdown to 60000
[14:50:15.969] [SEVERE ] updating countdown to 60000
[14:50:15.993] [SEVERE ] updating countdown to 60000
[14:50:16.019] [SEVERE ] updating countdown to 60000
[14:50:16.042] [SEVERE ] updating countdown to 60000
[14:50:16.068] [SEVERE ] updating countdown to 60000
[14:50:16.089] [SEVERE ] updating countdown to 60000
[14:50:16.111] [SEVERE ] updating countdown to 60000
[14:50:16.133] [SEVERE ] updating countdown to 60000
[14:50:16.154] [SEVERE ] updating countdown to 60000
