[07:53:20.764] [INFO   ] thread main starting.
[07:53:20.772] [SEVERE ] cannot read configuration file config.properties trying from resources.
[07:53:20.775] [SEVERE ] configuration file was loaded from resources directory.
[07:53:21.255] [INFO   ] thread dealer starting.
[07:53:21.256] [INFO   ] thread dealer starting.
[07:53:21.257] [INFO   ] thread playerID: 0 starting.
[07:53:21.256] [INFO   ] thread playerID: 1 starting.
[07:53:21.364] [SEVERE ] placing card 10 in slot 6
[07:53:21.469] [SEVERE ] placing card 15 in slot 11
[07:53:21.575] [SEVERE ] placing card 62 in slot 9
[07:53:21.676] [SEVERE ] placing card 59 in slot 8
[07:53:21.782] [SEVERE ] placing card 8 in slot 2
[07:53:21.897] [SEVERE ] placing card 12 in slot 10
[07:53:22.004] [SEVERE ] placing card 30 in slot 5
[07:53:22.106] [SEVERE ] placing card 4 in slot 1
[07:53:22.210] [SEVERE ] placing card 2 in slot 0
[07:53:22.315] [SEVERE ] placing card 27 in slot 3
[07:53:22.421] [SEVERE ] placing card 47 in slot 4
[07:53:22.524] [SEVERE ] placing card 38 in slot 7
[07:53:26.188] [SEVERE ] exit button pressed
[07:53:26.189] [SEVERE ] disposing of user interface elements
[07:53:26.189] [INFO   ] thread playerID: 0 terminated.
[07:53:26.189] [INFO   ] thread playerID: 1 terminated.
