[09:20:12.686] [INFO   ] thread main starting.
[09:20:12.693] [SEVERE ] cannot read configuration file config.properties trying from resources.
[09:20:12.696] [SEVERE ] configuration file was loaded from resources directory.
[09:20:13.217] [INFO   ] thread dealer starting.
[09:20:13.219] [INFO   ] thread playerID: 1 starting.
[09:20:13.219] [INFO   ] thread dealer starting.
[09:20:13.219] [INFO   ] thread playerID: 0 starting.
[09:20:13.233] [SEVERE ] updating countdown to 60000
[09:20:13.340] [SEVERE ] placing card 30 in slot 5
[09:20:13.445] [SEVERE ] placing card 13 in slot 10
[09:20:13.548] [SEVERE ] placing card 6 in slot 1
[09:20:13.650] [SEVERE ] placing card 65 in slot 6
[09:20:13.754] [SEVERE ] placing card 41 in slot 0
[09:20:13.858] [SEVERE ] placing card 69 in slot 11
[09:20:13.964] [SEVERE ] placing card 42 in slot 9
[09:20:14.069] [SEVERE ] placing card 5 in slot 8
[09:20:14.173] [SEVERE ] placing card 50 in slot 7
[09:20:14.278] [SEVERE ] placing card 76 in slot 4
[09:20:14.381] [SEVERE ] placing card 24 in slot 2
[09:20:14.485] [SEVERE ] placing card 54 in slot 3
[09:20:16.490] [SEVERE ] updating countdown to 60000
[09:20:18.492] [SEVERE ] updating countdown to 60000
[09:20:20.497] [SEVERE ] updating countdown to 60000
[09:20:22.503] [SEVERE ] updating countdown to 60000
