[14:16:06.598] [INFO   ] thread main starting.
[14:16:06.603] [SEVERE ] cannot read configuration file config.properties trying from resources.
[14:16:06.605] [SEVERE ] configuration file was loaded from resources directory.
[14:16:11.703] [INFO   ] thread dealer starting.
[14:16:11.705] [INFO   ] thread dealer starting.
[14:16:11.705] [INFO   ] thread playerID: 1 starting.
[14:16:11.705] [INFO   ] thread playerID: 0 starting.
[14:16:11.709] [SEVERE ] updating countdown to 60000
[14:16:11.811] [SEVERE ] placing card 7 in slot 3
[14:16:11.915] [SEVERE ] placing card 32 in slot 9
[14:16:12.017] [SEVERE ] placing card 3 in slot 0
[14:16:12.123] [SEVERE ] placing card 80 in slot 5
[14:16:12.224] [SEVERE ] placing card 47 in slot 10
[14:16:12.330] [SEVERE ] placing card 56 in slot 4
[14:16:12.435] [SEVERE ] placing card 31 in slot 1
[14:16:12.536] [SEVERE ] placing card 11 in slot 7
[14:16:12.637] [SEVERE ] placing card 29 in slot 8
[14:16:12.738] [SEVERE ] placing card 79 in slot 2
[14:16:12.843] [SEVERE ] placing card 64 in slot 6
[14:16:12.946] [SEVERE ] placing card 1 in slot 11
[14:16:12.970] [SEVERE ] updating countdown to 60000
[14:16:12.993] [SEVERE ] updating countdown to 60000
[14:16:13.016] [SEVERE ] updating countdown to 60000
[14:16:13.040] [SEVERE ] updating countdown to 60000
[14:16:13.066] [SEVERE ] updating countdown to 60000
[14:16:13.117] [SEVERE ] updating countdown to 60000
[14:16:13.140] [SEVERE ] updating countdown to 60000
[14:16:13.162] [SEVERE ] updating countdown to 60000
[14:16:13.188] [SEVERE ] updating countdown to 60000
[14:16:13.211] [SEVERE ] updating countdown to 60000
[14:16:13.233] [SEVERE ] updating countdown to 60000
[14:16:13.259] [SEVERE ] updating countdown to 60000
[14:16:13.280] [SEVERE ] updating countdown to 60000
[14:16:13.303] [SEVERE ] updating countdown to 60000
[14:16:13.326] [SEVERE ] updating countdown to 60000
[14:16:13.348] [SEVERE ] updating countdown to 60000
[14:16:13.372] [SEVERE ] updating countdown to 60000
[14:16:13.396] [SEVERE ] updating countdown to 60000
[14:16:13.419] [SEVERE ] updating countdown to 60000
[14:16:13.440] [SEVERE ] updating countdown to 60000
[14:16:13.461] [SEVERE ] updating countdown to 60000
[14:16:13.483] [SEVERE ] updating countdown to 60000
[14:16:13.504] [SEVERE ] updating countdown to 60000
[14:16:13.527] [SEVERE ] updating countdown to 60000
[14:16:13.553] [SEVERE ] updating countdown to 60000
[14:16:13.575] [SEVERE ] updating countdown to 60000
[14:16:13.600] [SEVERE ] updating countdown to 60000
[14:16:13.626] [SEVERE ] updating countdown to 60000
[14:16:13.652] [SEVERE ] updating countdown to 60000
[14:16:13.674] [SEVERE ] updating countdown to 60000
[14:16:13.699] [SEVERE ] updating countdown to 60000
[14:16:13.720] [SEVERE ] updating countdown to 60000
[14:16:13.741] [SEVERE ] updating countdown to 60000
[14:16:13.764] [SEVERE ] updating countdown to 60000
[14:16:13.786] [SEVERE ] updating countdown to 60000
[14:16:13.807] [SEVERE ] updating countdown to 60000
[14:16:13.830] [SEVERE ] updating countdown to 60000
[14:16:13.852] [SEVERE ] updating countdown to 60000
[14:16:13.878] [SEVERE ] updating countdown to 60000
[14:16:13.902] [SEVERE ] updating countdown to 60000
[14:16:13.924] [SEVERE ] updating countdown to 60000
[14:16:13.946] [SEVERE ] updating countdown to 60000
[14:16:13.968] [SEVERE ] updating countdown to 60000
[14:16:13.993] [SEVERE ] updating countdown to 60000
[14:16:14.016] [SEVERE ] updating countdown to 60000
[14:16:14.042] [SEVERE ] updating countdown to 60000
[14:16:14.068] [SEVERE ] updating countdown to 60000
[14:16:14.089] [SEVERE ] updating countdown to 60000
[14:16:14.110] [SEVERE ] updating countdown to 60000
[14:16:14.132] [SEVERE ] updating countdown to 60000
[14:16:14.154] [SEVERE ] updating countdown to 60000
[14:16:14.180] [SEVERE ] updating countdown to 60000
[14:16:14.205] [SEVERE ] updating countdown to 60000
[14:16:14.227] [SEVERE ] updating countdown to 60000
[14:16:14.250] [SEVERE ] updating countdown to 60000
[14:16:14.273] [SEVERE ] updating countdown to 60000
[14:16:14.294] [SEVERE ] updating countdown to 60000
[14:16:14.316] [SEVERE ] updating countdown to 60000
[14:16:14.341] [SEVERE ] updating countdown to 60000
[14:16:14.363] [SEVERE ] updating countdown to 60000
[14:16:14.387] [SEVERE ] updating countdown to 60000
[14:16:14.411] [SEVERE ] updating countdown to 60000
[14:16:14.436] [SEVERE ] updating countdown to 60000
[14:16:14.460] [SEVERE ] updating countdown to 60000
[14:16:14.483] [SEVERE ] updating countdown to 60000
[14:16:14.504] [SEVERE ] updating countdown to 60000
[14:16:14.529] [SEVERE ] updating countdown to 60000
[14:16:14.552] [SEVERE ] updating countdown to 60000
[14:16:14.574] [SEVERE ] updating countdown to 60000
[14:16:14.594] [SEVERE ] updating countdown to 60000
[14:16:14.616] [SEVERE ] updating countdown to 60000
[14:16:14.637] [SEVERE ] updating countdown to 60000
[14:16:14.663] [SEVERE ] updating countdown to 60000
[14:16:14.686] [SEVERE ] updating countdown to 60000
[14:16:14.712] [SEVERE ] updating countdown to 60000
[14:16:14.734] [SEVERE ] updating countdown to 60000
[14:16:14.759] [SEVERE ] updating countdown to 60000
[14:16:14.780] [SEVERE ] updating countdown to 60000
[14:16:14.805] [SEVERE ] updating countdown to 60000
[14:16:14.831] [SEVERE ] updating countdown to 60000
[14:16:14.854] [SEVERE ] updating countdown to 60000
[14:16:14.875] [SEVERE ] updating countdown to 60000
[14:16:14.901] [SEVERE ] updating countdown to 60000
[14:16:14.927] [SEVERE ] updating countdown to 60000
[14:16:14.949] [SEVERE ] updating countdown to 60000
[14:16:14.969] [SEVERE ] updating countdown to 60000
[14:16:14.985] [SEVERE ] key 80 was pressed by player 2
[14:16:14.985] [SEVERE ] player 2 placing token on slot 3
[14:16:14.990] [SEVERE ] updating countdown to 60000
[14:16:15.011] [SEVERE ] updating countdown to 60000
[14:16:15.033] [SEVERE ] updating countdown to 60000
[14:16:15.055] [SEVERE ] updating countdown to 60000
[14:16:15.082] [SEVERE ] updating countdown to 60000
[14:16:15.104] [SEVERE ] updating countdown to 60000
[14:16:15.130] [SEVERE ] updating countdown to 60000
[14:16:15.155] [SEVERE ] updating countdown to 60000
[14:16:15.181] [SEVERE ] updating countdown to 60000
[14:16:15.207] [SEVERE ] updating countdown to 60000
[14:16:15.231] [SEVERE ] updating countdown to 60000
[14:16:15.254] [SEVERE ] updating countdown to 60000
[14:16:15.278] [SEVERE ] updating countdown to 60000
[14:16:15.300] [SEVERE ] updating countdown to 60000
[14:16:15.326] [SEVERE ] updating countdown to 60000
[14:16:15.350] [SEVERE ] updating countdown to 60000
[14:16:15.376] [SEVERE ] updating countdown to 60000
[14:16:15.398] [SEVERE ] updating countdown to 60000
[14:16:15.422] [SEVERE ] updating countdown to 60000
[14:16:15.447] [SEVERE ] updating countdown to 60000
[14:16:15.473] [SEVERE ] updating countdown to 60000
[14:16:15.499] [SEVERE ] updating countdown to 60000
[14:16:15.521] [SEVERE ] updating countdown to 60000
[14:16:15.542] [SEVERE ] updating countdown to 60000
[14:16:15.567] [SEVERE ] updating countdown to 60000
[14:16:15.589] [SEVERE ] updating countdown to 60000
[14:16:15.614] [SEVERE ] updating countdown to 60000
[14:16:15.640] [SEVERE ] updating countdown to 60000
[14:16:15.664] [SEVERE ] updating countdown to 60000
[14:16:15.685] [SEVERE ] updating countdown to 60000
[14:16:15.687] [SEVERE ] key 80 was pressed by player 2
[14:16:15.687] [SEVERE ] player 2 placing token on slot 3
[14:16:15.709] [SEVERE ] updating countdown to 60000
[14:16:15.732] [SEVERE ] updating countdown to 60000
[14:16:15.755] [SEVERE ] updating countdown to 60000
[14:16:15.780] [SEVERE ] updating countdown to 60000
[14:16:15.801] [SEVERE ] updating countdown to 60000
[14:16:15.823] [SEVERE ] updating countdown to 60000
[14:16:15.845] [SEVERE ] updating countdown to 60000
[14:16:15.867] [SEVERE ] updating countdown to 60000
[14:16:15.889] [SEVERE ] updating countdown to 60000
[14:16:15.910] [SEVERE ] updating countdown to 60000
[14:16:15.931] [SEVERE ] updating countdown to 60000
[14:16:15.954] [SEVERE ] updating countdown to 60000
[14:16:15.975] [SEVERE ] updating countdown to 60000
[14:16:15.997] [SEVERE ] updating countdown to 60000
[14:16:16.018] [SEVERE ] updating countdown to 60000
[14:16:16.040] [SEVERE ] updating countdown to 60000
[14:16:16.062] [SEVERE ] updating countdown to 60000
[14:16:16.084] [SEVERE ] updating countdown to 60000
[14:16:16.104] [SEVERE ] updating countdown to 60000
[14:16:16.126] [SEVERE ] updating countdown to 60000
[14:16:16.148] [SEVERE ] updating countdown to 60000
[14:16:16.170] [SEVERE ] updating countdown to 60000
[14:16:16.193] [SEVERE ] updating countdown to 60000
[14:16:16.213] [SEVERE ] updating countdown to 60000
[14:16:16.234] [SEVERE ] updating countdown to 60000
[14:16:16.255] [SEVERE ] updating countdown to 60000
[14:16:16.276] [SEVERE ] updating countdown to 60000
[14:16:16.298] [SEVERE ] updating countdown to 60000
[14:16:16.320] [SEVERE ] updating countdown to 60000
[14:16:16.341] [SEVERE ] updating countdown to 60000
[14:16:16.363] [SEVERE ] updating countdown to 60000
[14:16:16.385] [SEVERE ] updating countdown to 60000
[14:16:16.405] [SEVERE ] updating countdown to 60000
[14:16:16.427] [SEVERE ] updating countdown to 60000
[14:16:16.449] [SEVERE ] updating countdown to 60000
[14:16:16.471] [SEVERE ] updating countdown to 60000
[14:16:16.491] [SEVERE ] updating countdown to 60000
[14:16:16.514] [SEVERE ] updating countdown to 60000
[14:16:16.534] [SEVERE ] updating countdown to 60000
[14:16:16.556] [SEVERE ] updating countdown to 60000
[14:16:16.578] [SEVERE ] updating countdown to 60000
[14:16:16.599] [SEVERE ] updating countdown to 60000
[14:16:16.620] [SEVERE ] updating countdown to 60000
[14:16:16.641] [SEVERE ] updating countdown to 60000
[14:16:16.663] [SEVERE ] updating countdown to 60000
[14:16:16.686] [SEVERE ] updating countdown to 60000
[14:16:16.707] [SEVERE ] updating countdown to 60000
[14:16:16.729] [SEVERE ] updating countdown to 60000
[14:16:16.750] [SEVERE ] updating countdown to 60000
[14:16:16.770] [SEVERE ] updating countdown to 60000
[14:16:16.791] [SEVERE ] updating countdown to 60000
[14:16:16.813] [SEVERE ] updating countdown to 60000
[14:16:16.834] [SEVERE ] updating countdown to 60000
[14:16:16.856] [SEVERE ] updating countdown to 60000
[14:16:16.878] [SEVERE ] updating countdown to 60000
[14:16:16.899] [SEVERE ] updating countdown to 60000
[14:16:16.920] [SEVERE ] updating countdown to 60000
[14:16:16.941] [SEVERE ] updating countdown to 60000
[14:16:16.962] [SEVERE ] updating countdown to 60000
[14:16:16.983] [SEVERE ] updating countdown to 60000
[14:16:17.008] [SEVERE ] updating countdown to 60000
[14:16:17.031] [SEVERE ] updating countdown to 60000
[14:16:17.056] [SEVERE ] updating countdown to 60000
[14:16:17.082] [SEVERE ] updating countdown to 60000
[14:16:17.105] [SEVERE ] updating countdown to 60000
[14:16:17.107] [SEVERE ] key 80 was pressed by player 2
[14:16:17.108] [SEVERE ] player 2 placing token on slot 3
[14:16:17.127] [SEVERE ] updating countdown to 60000
[14:16:17.147] [SEVERE ] updating countdown to 60000
[14:16:17.172] [SEVERE ] updating countdown to 60000
[14:16:17.195] [SEVERE ] updating countdown to 60000
[14:16:17.217] [SEVERE ] updating countdown to 60000
[14:16:17.239] [SEVERE ] updating countdown to 60000
[14:16:17.261] [SEVERE ] updating countdown to 60000
[14:16:17.282] [SEVERE ] updating countdown to 60000
[14:16:17.304] [SEVERE ] updating countdown to 60000
[14:16:17.325] [SEVERE ] updating countdown to 60000
[14:16:17.348] [SEVERE ] updating countdown to 60000
[14:16:17.370] [SEVERE ] updating countdown to 60000
[14:16:17.393] [SEVERE ] updating countdown to 60000
[14:16:17.416] [SEVERE ] updating countdown to 60000
[14:16:17.437] [SEVERE ] updating countdown to 60000
[14:16:17.460] [SEVERE ] updating countdown to 60000
[14:16:17.481] [SEVERE ] updating countdown to 60000
[14:16:17.506] [SEVERE ] updating countdown to 60000
[14:16:17.531] [SEVERE ] updating countdown to 60000
[14:16:17.555] [SEVERE ] updating countdown to 60000
[14:16:17.580] [SEVERE ] updating countdown to 60000
[14:16:17.603] [SEVERE ] updating countdown to 60000
[14:16:17.626] [SEVERE ] updating countdown to 60000
[14:16:17.648] [SEVERE ] updating countdown to 60000
[14:16:17.670] [SEVERE ] updating countdown to 60000
[14:16:17.691] [SEVERE ] updating countdown to 60000
[14:16:17.715] [SEVERE ] updating countdown to 60000
[14:16:17.739] [SEVERE ] updating countdown to 60000
[14:16:17.760] [SEVERE ] updating countdown to 60000
[14:16:17.781] [SEVERE ] updating countdown to 60000
[14:16:17.806] [SEVERE ] updating countdown to 60000
[14:16:17.829] [SEVERE ] updating countdown to 60000
[14:16:17.851] [SEVERE ] updating countdown to 60000
[14:16:17.875] [SEVERE ] updating countdown to 60000
[14:16:17.896] [SEVERE ] updating countdown to 60000
[14:16:17.921] [SEVERE ] updating countdown to 60000
[14:16:17.947] [SEVERE ] updating countdown to 60000
[14:16:17.969] [SEVERE ] updating countdown to 60000
[14:16:17.991] [SEVERE ] updating countdown to 60000
[14:16:18.015] [SEVERE ] updating countdown to 60000
[14:16:18.041] [SEVERE ] updating countdown to 60000
[14:16:18.065] [SEVERE ] updating countdown to 60000
[14:16:18.091] [SEVERE ] updating countdown to 60000
[14:16:18.093] [SEVERE ] key 80 was pressed by player 2
[14:16:18.112] [SEVERE ] updating countdown to 60000
[14:16:18.134] [SEVERE ] updating countdown to 60000
[14:16:18.155] [SEVERE ] updating countdown to 60000
[14:16:18.178] [SEVERE ] updating countdown to 60000
[14:16:18.200] [SEVERE ] updating countdown to 60000
[14:16:18.222] [SEVERE ] updating countdown to 60000
[14:16:18.244] [SEVERE ] updating countdown to 60000
[14:16:18.268] [SEVERE ] updating countdown to 60000
[14:16:18.292] [SEVERE ] updating countdown to 60000
[14:16:18.313] [SEVERE ] updating countdown to 60000
[14:16:18.337] [SEVERE ] updating countdown to 60000
[14:16:18.363] [SEVERE ] updating countdown to 60000
[14:16:18.387] [SEVERE ] updating countdown to 60000
[14:16:18.411] [SEVERE ] updating countdown to 60000
[14:16:18.434] [SEVERE ] updating countdown to 60000
[14:16:18.456] [SEVERE ] updating countdown to 60000
[14:16:18.478] [SEVERE ] updating countdown to 60000
[14:16:18.503] [SEVERE ] updating countdown to 60000
[14:16:18.527] [SEVERE ] updating countdown to 60000
[14:16:18.550] [SEVERE ] updating countdown to 60000
[14:16:18.571] [SEVERE ] updating countdown to 60000
[14:16:18.593] [SEVERE ] updating countdown to 60000
[14:16:18.619] [SEVERE ] updating countdown to 60000
[14:16:18.644] [SEVERE ] updating countdown to 60000
[14:16:18.666] [SEVERE ] updating countdown to 60000
[14:16:18.687] [SEVERE ] updating countdown to 60000
[14:16:18.707] [SEVERE ] updating countdown to 60000
[14:16:18.729] [SEVERE ] updating countdown to 60000
[14:16:18.749] [SEVERE ] updating countdown to 60000
[14:16:18.770] [SEVERE ] updating countdown to 60000
[14:16:18.792] [SEVERE ] updating countdown to 60000
[14:16:18.814] [SEVERE ] updating countdown to 60000
[14:16:18.837] [SEVERE ] updating countdown to 60000
[14:16:18.859] [SEVERE ] updating countdown to 60000
[14:16:18.881] [SEVERE ] updating countdown to 60000
[14:16:18.903] [SEVERE ] updating countdown to 60000
[14:16:18.928] [SEVERE ] updating countdown to 60000
[14:16:18.954] [SEVERE ] updating countdown to 60000
[14:16:18.977] [SEVERE ] updating countdown to 60000
[14:16:19.000] [SEVERE ] updating countdown to 60000
[14:16:19.024] [SEVERE ] updating countdown to 60000
[14:16:19.045] [SEVERE ] updating countdown to 60000
[14:16:19.069] [SEVERE ] updating countdown to 60000
[14:16:19.093] [SEVERE ] updating countdown to 60000
[14:16:19.115] [SEVERE ] updating countdown to 60000
[14:16:19.137] [SEVERE ] updating countdown to 60000
[14:16:19.160] [SEVERE ] updating countdown to 60000
[14:16:19.182] [SEVERE ] updating countdown to 60000
[14:16:19.203] [SEVERE ] updating countdown to 60000
[14:16:19.228] [SEVERE ] updating countdown to 60000
[14:16:19.250] [SEVERE ] updating countdown to 60000
[14:16:19.272] [SEVERE ] updating countdown to 60000
[14:16:19.294] [SEVERE ] updating countdown to 60000
[14:16:19.316] [SEVERE ] updating countdown to 60000
[14:16:19.337] [SEVERE ] updating countdown to 60000
[14:16:19.365] [SEVERE ] updating countdown to 60000
[14:16:19.389] [SEVERE ] updating countdown to 60000
[14:16:19.411] [SEVERE ] updating countdown to 60000
[14:16:19.433] [SEVERE ] updating countdown to 60000
[14:16:19.456] [SEVERE ] updating countdown to 60000
[14:16:19.477] [SEVERE ] updating countdown to 60000
[14:16:19.500] [SEVERE ] updating countdown to 60000
[14:16:19.522] [SEVERE ] updating countdown to 60000
[14:16:19.542] [SEVERE ] updating countdown to 60000
[14:16:19.564] [SEVERE ] updating countdown to 60000
[14:16:19.586] [SEVERE ] updating countdown to 60000
[14:16:19.607] [SEVERE ] updating countdown to 60000
[14:16:19.628] [SEVERE ] updating countdown to 60000
[14:16:19.650] [SEVERE ] updating countdown to 60000
[14:16:19.673] [SEVERE ] updating countdown to 60000
[14:16:19.696] [SEVERE ] updating countdown to 60000
[14:16:19.719] [SEVERE ] updating countdown to 60000
[14:16:19.741] [SEVERE ] updating countdown to 60000
[14:16:19.766] [SEVERE ] updating countdown to 60000
[14:16:19.789] [SEVERE ] updating countdown to 60000
[14:16:19.811] [SEVERE ] updating countdown to 60000
[14:16:19.834] [SEVERE ] updating countdown to 60000
[14:16:19.859] [SEVERE ] updating countdown to 60000
[14:16:19.885] [SEVERE ] updating countdown to 60000
[14:16:19.910] [SEVERE ] updating countdown to 60000
[14:16:19.935] [SEVERE ] updating countdown to 60000
[14:16:19.959] [SEVERE ] updating countdown to 60000
[14:16:19.985] [SEVERE ] updating countdown to 60000
[14:16:20.008] [SEVERE ] updating countdown to 60000
[14:16:20.033] [SEVERE ] updating countdown to 60000
[14:16:20.055] [SEVERE ] updating countdown to 60000
[14:16:20.077] [SEVERE ] updating countdown to 60000
[14:16:20.098] [SEVERE ] updating countdown to 60000
[14:16:20.124] [SEVERE ] updating countdown to 60000
[14:16:20.150] [SEVERE ] updating countdown to 60000
[14:16:20.172] [SEVERE ] updating countdown to 60000
[14:16:20.198] [SEVERE ] updating countdown to 60000
[14:16:20.223] [SEVERE ] updating countdown to 60000
[14:16:20.248] [SEVERE ] updating countdown to 60000
[14:16:20.272] [SEVERE ] updating countdown to 60000
[14:16:20.294] [SEVERE ] updating countdown to 60000
[14:16:20.315] [SEVERE ] updating countdown to 60000
[14:16:20.337] [SEVERE ] updating countdown to 60000
[14:16:20.358] [SEVERE ] updating countdown to 60000
[14:16:20.383] [SEVERE ] updating countdown to 60000
[14:16:20.408] [SEVERE ] updating countdown to 60000
[14:16:20.434] [SEVERE ] updating countdown to 60000
[14:16:20.455] [SEVERE ] updating countdown to 60000
[14:16:20.477] [SEVERE ] updating countdown to 60000
[14:16:20.499] [SEVERE ] updating countdown to 60000
[14:16:20.522] [SEVERE ] updating countdown to 60000
[14:16:20.545] [SEVERE ] updating countdown to 60000
[14:16:20.567] [SEVERE ] updating countdown to 60000
[14:16:20.592] [SEVERE ] updating countdown to 60000
[14:16:20.617] [SEVERE ] updating countdown to 60000
[14:16:20.641] [SEVERE ] updating countdown to 60000
[14:16:20.663] [SEVERE ] updating countdown to 60000
[14:16:20.685] [SEVERE ] updating countdown to 60000
[14:16:20.707] [SEVERE ] updating countdown to 60000
[14:16:20.729] [SEVERE ] updating countdown to 60000
[14:16:20.751] [SEVERE ] updating countdown to 60000
[14:16:20.773] [SEVERE ] updating countdown to 60000
[14:16:20.795] [SEVERE ] updating countdown to 60000
[14:16:20.816] [SEVERE ] updating countdown to 60000
[14:16:20.842] [SEVERE ] updating countdown to 60000
[14:16:20.864] [SEVERE ] updating countdown to 60000
[14:16:20.887] [SEVERE ] updating countdown to 60000
[14:16:20.910] [SEVERE ] updating countdown to 60000
[14:16:20.933] [SEVERE ] updating countdown to 60000
[14:16:20.961] [SEVERE ] updating countdown to 60000
[14:16:20.983] [SEVERE ] updating countdown to 60000
[14:16:21.005] [SEVERE ] updating countdown to 60000
[14:16:21.028] [SEVERE ] updating countdown to 60000
[14:16:21.050] [SEVERE ] updating countdown to 60000
[14:16:21.072] [SEVERE ] updating countdown to 60000
[14:16:21.093] [SEVERE ] updating countdown to 60000
[14:16:21.115] [SEVERE ] updating countdown to 60000
[14:16:21.137] [SEVERE ] updating countdown to 60000
[14:16:21.159] [SEVERE ] updating countdown to 60000
[14:16:21.183] [SEVERE ] updating countdown to 60000
[14:16:21.205] [SEVERE ] updating countdown to 60000
[14:16:21.227] [SEVERE ] updating countdown to 60000
[14:16:21.248] [SEVERE ] updating countdown to 60000
[14:16:21.269] [SEVERE ] updating countdown to 60000
[14:16:21.291] [SEVERE ] updating countdown to 60000
[14:16:21.312] [SEVERE ] updating countdown to 60000
[14:16:21.338] [SEVERE ] updating countdown to 60000
[14:16:21.363] [SEVERE ] updating countdown to 60000
[14:16:21.386] [SEVERE ] updating countdown to 60000
[14:16:21.409] [SEVERE ] updating countdown to 60000
[14:16:21.430] [SEVERE ] updating countdown to 60000
[14:16:21.454] [SEVERE ] updating countdown to 60000
[14:16:21.475] [SEVERE ] updating countdown to 60000
[14:16:21.497] [SEVERE ] updating countdown to 60000
[14:16:21.520] [SEVERE ] updating countdown to 60000
[14:16:21.545] [SEVERE ] updating countdown to 60000
[14:16:21.567] [SEVERE ] updating countdown to 60000
[14:16:21.593] [SEVERE ] updating countdown to 60000
[14:16:21.615] [SEVERE ] updating countdown to 60000
[14:16:21.638] [SEVERE ] updating countdown to 60000
[14:16:21.663] [SEVERE ] updating countdown to 60000
[14:16:21.686] [SEVERE ] updating countdown to 60000
[14:16:21.710] [SEVERE ] updating countdown to 60000
[14:16:21.734] [SEVERE ] updating countdown to 60000
[14:16:21.759] [SEVERE ] updating countdown to 60000
[14:16:21.783] [SEVERE ] updating countdown to 60000
[14:16:21.809] [SEVERE ] updating countdown to 60000
[14:16:21.835] [SEVERE ] updating countdown to 60000
[14:16:21.857] [SEVERE ] updating countdown to 60000
[14:16:21.878] [SEVERE ] updating countdown to 60000
[14:16:21.900] [SEVERE ] updating countdown to 60000
[14:16:21.921] [SEVERE ] updating countdown to 60000
[14:16:21.943] [SEVERE ] updating countdown to 60000
[14:16:21.967] [SEVERE ] updating countdown to 60000
[14:16:21.992] [SEVERE ] updating countdown to 60000
[14:16:22.017] [SEVERE ] updating countdown to 60000
[14:16:22.038] [SEVERE ] updating countdown to 60000
[14:16:22.063] [SEVERE ] updating countdown to 60000
[14:16:22.085] [SEVERE ] updating countdown to 60000
[14:16:22.106] [SEVERE ] updating countdown to 60000
[14:16:22.131] [SEVERE ] updating countdown to 60000
[14:16:22.151] [SEVERE ] updating countdown to 60000
[14:16:22.176] [SEVERE ] updating countdown to 60000
[14:16:22.198] [SEVERE ] updating countdown to 60000
[14:16:22.220] [SEVERE ] updating countdown to 60000
[14:16:22.243] [SEVERE ] updating countdown to 60000
[14:16:22.269] [SEVERE ] updating countdown to 60000
[14:16:22.291] [SEVERE ] updating countdown to 60000
[14:16:22.313] [SEVERE ] updating countdown to 60000
[14:16:22.336] [SEVERE ] updating countdown to 60000
[14:16:22.361] [SEVERE ] updating countdown to 60000
[14:16:22.383] [SEVERE ] updating countdown to 60000
[14:16:22.407] [SEVERE ] updating countdown to 60000
[14:16:22.433] [SEVERE ] updating countdown to 60000
[14:16:22.457] [SEVERE ] updating countdown to 60000
[14:16:22.482] [SEVERE ] updating countdown to 60000
[14:16:22.503] [SEVERE ] updating countdown to 60000
[14:16:22.527] [SEVERE ] updating countdown to 60000
[14:16:22.550] [SEVERE ] updating countdown to 60000
[14:16:22.573] [SEVERE ] updating countdown to 60000
[14:16:22.598] [SEVERE ] updating countdown to 60000
[14:16:22.624] [SEVERE ] updating countdown to 60000
[14:16:22.645] [SEVERE ] updating countdown to 60000
[14:16:22.667] [SEVERE ] updating countdown to 60000
[14:16:22.692] [SEVERE ] updating countdown to 60000
[14:16:22.717] [SEVERE ] updating countdown to 60000
[14:16:22.739] [SEVERE ] updating countdown to 60000
