[12:30:34.828] [INFO   ] thread main starting.
[12:30:34.833] [SEVERE ] cannot read configuration file config.properties trying from resources.
[12:30:34.835] [SEVERE ] configuration file was loaded from resources directory.
[12:30:35.190] [INFO   ] thread dealer starting.
[12:30:35.193] [INFO   ] thread playerID: 0 starting.
[12:30:35.194] [INFO   ] thread dealer starting.
[12:30:35.193] [INFO   ] thread playerID: 1 starting.
[12:30:35.199] [SEVERE ] updating countdown to 60000
[12:30:35.301] [SEVERE ] placing card 44 in slot 9
[12:30:35.403] [SEVERE ] placing card 24 in slot 6
[12:30:35.508] [SEVERE ] placing card 8 in slot 1
[12:30:35.612] [SEVERE ] placing card 46 in slot 10
[12:30:35.715] [SEVERE ] placing card 50 in slot 7
[12:30:35.816] [SEVERE ] placing card 52 in slot 11
[12:30:35.921] [SEVERE ] placing card 78 in slot 2
[12:30:36.022] [SEVERE ] placing card 34 in slot 0
[12:30:36.123] [SEVERE ] placing card 54 in slot 5
[12:30:36.226] [SEVERE ] placing card 75 in slot 3
[12:30:36.328] [SEVERE ] placing card 6 in slot 8
[12:30:36.431] [SEVERE ] placing card 76 in slot 4
[12:30:38.437] [SEVERE ] updating countdown to 60000
[12:30:40.439] [SEVERE ] updating countdown to 60000
[12:30:42.444] [SEVERE ] updating countdown to 60000
[12:30:44.450] [SEVERE ] updating countdown to 60000
