[16:08:33.144] [INFO   ] thread main starting.
[16:08:33.151] [SEVERE ] cannot read configuration file config.properties trying from resources.
[16:08:33.153] [SEVERE ] configuration file was loaded from resources directory.
[16:08:33.529] [INFO   ] thread dealer starting.
[16:08:33.530] [INFO   ] thread dealer starting.
[16:08:33.530] [INFO   ] thread playerID: 0 starting.
[16:08:33.530] [INFO   ] thread playerID: 1 starting.
[16:08:33.534] [SEVERE ] updating countdown to 60000
[16:08:33.636] [SEVERE ] placing card 45 in slot 2
[16:08:33.740] [SEVERE ] placing card 68 in slot 9
[16:08:33.842] [SEVERE ] placing card 69 in slot 4
[16:08:33.957] [SEVERE ] placing card 29 in slot 5
[16:08:34.060] [SEVERE ] placing card 13 in slot 11
[16:08:34.161] [SEVERE ] placing card 9 in slot 6
[16:08:34.264] [SEVERE ] placing card 21 in slot 0
[16:08:34.365] [SEVERE ] placing card 78 in slot 3
[16:08:34.466] [SEVERE ] placing card 47 in slot 1
[16:08:34.569] [SEVERE ] placing card 31 in slot 10
[16:08:34.670] [SEVERE ] placing card 14 in slot 8
[16:08:34.771] [SEVERE ] placing card 74 in slot 7
[16:08:34.793] [SEVERE ] updating countdown to 58741
[16:08:34.817] [SEVERE ] updating countdown to 58717
[16:08:34.843] [SEVERE ] updating countdown to 58691
[16:08:34.867] [SEVERE ] updating countdown to 58667
[16:08:34.892] [SEVERE ] updating countdown to 58642
[16:08:34.917] [SEVERE ] updating countdown to 58617
[16:08:34.942] [SEVERE ] updating countdown to 58592
[16:08:34.968] [SEVERE ] updating countdown to 58566
[16:08:34.994] [SEVERE ] updating countdown to 58540
[16:08:35.018] [SEVERE ] updating countdown to 58516
[16:08:35.039] [SEVERE ] updating countdown to 58495
[16:08:35.060] [SEVERE ] updating countdown to 58474
[16:08:35.082] [SEVERE ] updating countdown to 58452
[16:08:35.104] [SEVERE ] updating countdown to 58430
[16:08:35.126] [SEVERE ] updating countdown to 58408
[16:08:35.147] [SEVERE ] updating countdown to 58387
[16:08:35.168] [SEVERE ] updating countdown to 58366
[16:08:35.190] [SEVERE ] updating countdown to 58344
[16:08:35.211] [SEVERE ] updating countdown to 58323
[16:08:35.232] [SEVERE ] updating countdown to 58302
[16:08:35.253] [SEVERE ] updating countdown to 58281
[16:08:35.276] [SEVERE ] updating countdown to 58258
[16:08:35.297] [SEVERE ] updating countdown to 58237
[16:08:35.318] [SEVERE ] updating countdown to 58216
[16:08:35.341] [SEVERE ] updating countdown to 58193
[16:08:35.364] [SEVERE ] updating countdown to 58170
[16:08:35.386] [SEVERE ] updating countdown to 58148
[16:08:35.409] [SEVERE ] updating countdown to 58125
[16:08:35.431] [SEVERE ] updating countdown to 58103
[16:08:35.452] [SEVERE ] updating countdown to 58082
[16:08:35.475] [SEVERE ] updating countdown to 58059
[16:08:35.496] [SEVERE ] updating countdown to 58038
[16:08:35.519] [SEVERE ] updating countdown to 58015
[16:08:35.541] [SEVERE ] updating countdown to 57993
[16:08:35.564] [SEVERE ] updating countdown to 57970
[16:08:35.586] [SEVERE ] updating countdown to 57948
[16:08:35.608] [SEVERE ] updating countdown to 57926
[16:08:35.629] [SEVERE ] updating countdown to 57905
[16:08:35.651] [SEVERE ] updating countdown to 57883
[16:08:35.677] [SEVERE ] updating countdown to 57857
[16:08:35.700] [SEVERE ] updating countdown to 57834
[16:08:35.724] [SEVERE ] updating countdown to 57810
[16:08:35.745] [SEVERE ] updating countdown to 57789
[16:08:35.766] [SEVERE ] updating countdown to 57768
[16:08:35.789] [SEVERE ] updating countdown to 57745
[16:08:35.812] [SEVERE ] updating countdown to 57722
[16:08:35.834] [SEVERE ] updating countdown to 57700
[16:08:35.855] [SEVERE ] updating countdown to 57679
[16:08:35.876] [SEVERE ] updating countdown to 57658
[16:08:35.902] [SEVERE ] updating countdown to 57632
[16:08:35.923] [SEVERE ] updating countdown to 57611
[16:08:35.946] [SEVERE ] updating countdown to 57588
[16:08:35.970] [SEVERE ] updating countdown to 57564
[16:08:35.993] [SEVERE ] updating countdown to 57542
[16:08:36.015] [SEVERE ] updating countdown to 57519
[16:08:36.037] [SEVERE ] updating countdown to 57497
[16:08:36.060] [SEVERE ] updating countdown to 57474
[16:08:36.085] [SEVERE ] updating countdown to 57449
[16:08:36.108] [SEVERE ] updating countdown to 57426
[16:08:36.132] [SEVERE ] updating countdown to 57402
[16:08:36.157] [SEVERE ] updating countdown to 57377
[16:08:36.186] [SEVERE ] updating countdown to 57348
[16:08:36.211] [SEVERE ] updating countdown to 57323
[16:08:36.236] [SEVERE ] updating countdown to 57298
[16:08:36.262] [SEVERE ] updating countdown to 57272
[16:08:36.284] [SEVERE ] updating countdown to 57250
[16:08:36.310] [SEVERE ] updating countdown to 57224
[16:08:36.331] [SEVERE ] updating countdown to 57203
[16:08:36.353] [SEVERE ] updating countdown to 57181
[16:08:36.377] [SEVERE ] updating countdown to 57157
[16:08:36.399] [SEVERE ] updating countdown to 57135
[16:08:36.421] [SEVERE ] updating countdown to 57113
[16:08:36.442] [SEVERE ] updating countdown to 57092
[16:08:36.466] [SEVERE ] updating countdown to 57068
[16:08:36.491] [SEVERE ] updating countdown to 57043
[16:08:36.512] [SEVERE ] updating countdown to 57022
[16:08:36.534] [SEVERE ] updating countdown to 57000
[16:08:36.555] [SEVERE ] updating countdown to 56979
[16:08:36.576] [SEVERE ] updating countdown to 56958
[16:08:36.602] [SEVERE ] updating countdown to 56932
[16:08:36.624] [SEVERE ] updating countdown to 56910
[16:08:36.647] [SEVERE ] updating countdown to 56887
[16:08:36.673] [SEVERE ] updating countdown to 56861
[16:08:36.696] [SEVERE ] updating countdown to 56838
[16:08:36.718] [SEVERE ] updating countdown to 56816
[16:08:36.741] [SEVERE ] updating countdown to 56793
[16:08:36.763] [SEVERE ] updating countdown to 56771
[16:08:36.784] [SEVERE ] updating countdown to 56750
[16:08:36.809] [SEVERE ] updating countdown to 56725
[16:08:36.833] [SEVERE ] updating countdown to 56701
[16:08:36.858] [SEVERE ] updating countdown to 56676
[16:08:36.879] [SEVERE ] updating countdown to 56655
[16:08:36.900] [SEVERE ] updating countdown to 56634
[16:08:36.923] [SEVERE ] updating countdown to 56611
[16:08:36.950] [SEVERE ] updating countdown to 56584
[16:08:36.976] [SEVERE ] updating countdown to 56558
[16:08:36.999] [SEVERE ] updating countdown to 56535
[16:08:37.021] [SEVERE ] updating countdown to 56513
[16:08:37.042] [SEVERE ] updating countdown to 56492
[16:08:37.065] [SEVERE ] updating countdown to 56469
[16:08:37.086] [SEVERE ] updating countdown to 56448
[16:08:37.109] [SEVERE ] updating countdown to 56425
[16:08:37.131] [SEVERE ] updating countdown to 56403
[16:08:37.153] [SEVERE ] updating countdown to 56381
[16:08:37.175] [SEVERE ] updating countdown to 56359
[16:08:37.201] [SEVERE ] updating countdown to 56333
[16:08:37.225] [SEVERE ] updating countdown to 56309
[16:08:37.248] [SEVERE ] updating countdown to 56286
[16:08:37.269] [SEVERE ] updating countdown to 56265
[16:08:37.291] [SEVERE ] updating countdown to 56243
[16:08:37.313] [SEVERE ] updating countdown to 56221
[16:08:37.337] [SEVERE ] updating countdown to 56197
[16:08:37.363] [SEVERE ] updating countdown to 56171
[16:08:37.385] [SEVERE ] updating countdown to 56149
[16:08:37.411] [SEVERE ] updating countdown to 56123
[16:08:37.437] [SEVERE ] updating countdown to 56097
[16:08:37.460] [SEVERE ] updating countdown to 56074
[16:08:37.486] [SEVERE ] updating countdown to 56048
[16:08:37.512] [SEVERE ] updating countdown to 56022
[16:08:37.533] [SEVERE ] updating countdown to 56001
[16:08:37.556] [SEVERE ] updating countdown to 55978
[16:08:37.581] [SEVERE ] updating countdown to 55953
[16:08:37.605] [SEVERE ] updating countdown to 55929
[16:08:37.631] [SEVERE ] updating countdown to 55903
[16:08:37.652] [SEVERE ] updating countdown to 55882
[16:08:37.676] [SEVERE ] updating countdown to 55858
[16:08:37.697] [SEVERE ] updating countdown to 55837
[16:08:37.720] [SEVERE ] updating countdown to 55814
[16:08:37.742] [SEVERE ] updating countdown to 55792
[16:08:37.766] [SEVERE ] updating countdown to 55768
[16:08:37.789] [SEVERE ] updating countdown to 55745
[16:08:37.812] [SEVERE ] updating countdown to 55722
[16:08:37.838] [SEVERE ] updating countdown to 55696
[16:08:37.859] [SEVERE ] updating countdown to 55675
[16:08:37.881] [SEVERE ] updating countdown to 55653
[16:08:37.907] [SEVERE ] updating countdown to 55627
[16:08:37.933] [SEVERE ] updating countdown to 55601
[16:08:37.958] [SEVERE ] updating countdown to 55576
[16:08:37.981] [SEVERE ] updating countdown to 55553
[16:08:38.002] [SEVERE ] updating countdown to 55532
[16:08:38.025] [SEVERE ] updating countdown to 55509
[16:08:38.047] [SEVERE ] updating countdown to 55487
[16:08:38.069] [SEVERE ] updating countdown to 55465
[16:08:38.090] [SEVERE ] updating countdown to 55444
[16:08:38.113] [SEVERE ] updating countdown to 55421
[16:08:38.136] [SEVERE ] updating countdown to 55398
[16:08:38.158] [SEVERE ] updating countdown to 55376
[16:08:38.180] [SEVERE ] updating countdown to 55354
[16:08:38.201] [SEVERE ] updating countdown to 55333
[16:08:38.222] [SEVERE ] updating countdown to 55312
[16:08:38.247] [SEVERE ] updating countdown to 55287
[16:08:38.271] [SEVERE ] updating countdown to 55263
[16:08:38.294] [SEVERE ] updating countdown to 55240
[16:08:38.318] [SEVERE ] updating countdown to 55216
[16:08:38.340] [SEVERE ] updating countdown to 55194
[16:08:38.362] [SEVERE ] updating countdown to 55172
[16:08:38.385] [SEVERE ] updating countdown to 55149
[16:08:38.407] [SEVERE ] updating countdown to 55127
[16:08:38.428] [SEVERE ] updating countdown to 55106
[16:08:38.450] [SEVERE ] updating countdown to 55084
[16:08:38.470] [SEVERE ] updating countdown to 55064
[16:08:38.493] [SEVERE ] updating countdown to 55041
[16:08:38.515] [SEVERE ] updating countdown to 55019
[16:08:38.536] [SEVERE ] updating countdown to 54998
[16:08:38.559] [SEVERE ] updating countdown to 54975
[16:08:38.580] [SEVERE ] updating countdown to 54954
[16:08:38.603] [SEVERE ] updating countdown to 54931
[16:08:38.625] [SEVERE ] updating countdown to 54909
[16:08:38.647] [SEVERE ] updating countdown to 54887
[16:08:38.668] [SEVERE ] updating countdown to 54866
[16:08:38.690] [SEVERE ] updating countdown to 54844
[16:08:38.715] [SEVERE ] updating countdown to 54819
[16:08:38.739] [SEVERE ] updating countdown to 54795
[16:08:38.761] [SEVERE ] updating countdown to 54773
[16:08:38.788] [SEVERE ] updating countdown to 54746
[16:08:38.809] [SEVERE ] updating countdown to 54725
[16:08:38.832] [SEVERE ] updating countdown to 54702
[16:08:38.858] [SEVERE ] updating countdown to 54676
[16:08:38.879] [SEVERE ] updating countdown to 54655
[16:08:38.905] [SEVERE ] updating countdown to 54629
[16:08:38.927] [SEVERE ] updating countdown to 54607
[16:08:38.953] [SEVERE ] updating countdown to 54581
[16:08:38.976] [SEVERE ] updating countdown to 54558
[16:08:39.002] [SEVERE ] updating countdown to 54532
[16:08:39.024] [SEVERE ] updating countdown to 54510
[16:08:39.046] [SEVERE ] updating countdown to 54488
[16:08:39.067] [SEVERE ] updating countdown to 54467
[16:08:39.088] [SEVERE ] updating countdown to 54446
[16:08:39.109] [SEVERE ] updating countdown to 54425
[16:08:39.131] [SEVERE ] updating countdown to 54403
[16:08:39.154] [SEVERE ] updating countdown to 54380
[16:08:39.175] [SEVERE ] updating countdown to 54359
[16:08:39.197] [SEVERE ] updating countdown to 54337
[16:08:39.219] [SEVERE ] updating countdown to 54315
[16:08:39.240] [SEVERE ] updating countdown to 54294
[16:08:39.263] [SEVERE ] updating countdown to 54271
[16:08:39.285] [SEVERE ] updating countdown to 54250
[16:08:39.310] [SEVERE ] updating countdown to 54224
[16:08:39.334] [SEVERE ] updating countdown to 54200
[16:08:39.355] [SEVERE ] updating countdown to 54179
[16:08:39.376] [SEVERE ] updating countdown to 54158
[16:08:39.397] [SEVERE ] updating countdown to 54137
[16:08:39.418] [SEVERE ] updating countdown to 54116
[16:08:39.439] [SEVERE ] updating countdown to 54095
[16:08:39.460] [SEVERE ] updating countdown to 54074
[16:08:39.481] [SEVERE ] updating countdown to 54053
[16:08:39.502] [SEVERE ] updating countdown to 54032
[16:08:39.523] [SEVERE ] updating countdown to 54011
[16:08:39.544] [SEVERE ] updating countdown to 53990
[16:08:39.565] [SEVERE ] updating countdown to 53969
[16:08:39.586] [SEVERE ] updating countdown to 53948
[16:08:39.609] [SEVERE ] updating countdown to 53925
[16:08:39.630] [SEVERE ] updating countdown to 53904
[16:08:39.652] [SEVERE ] updating countdown to 53882
[16:08:39.676] [SEVERE ] updating countdown to 53858
[16:08:39.697] [SEVERE ] updating countdown to 53837
[16:08:39.720] [SEVERE ] updating countdown to 53814
[16:08:39.742] [SEVERE ] updating countdown to 53792
[16:08:39.764] [SEVERE ] updating countdown to 53770
[16:08:39.785] [SEVERE ] updating countdown to 53749
[16:08:39.806] [SEVERE ] updating countdown to 53728
[16:08:39.827] [SEVERE ] updating countdown to 53707
[16:08:39.848] [SEVERE ] updating countdown to 53686
[16:08:39.869] [SEVERE ] updating countdown to 53665
[16:08:39.890] [SEVERE ] updating countdown to 53644
[16:08:39.911] [SEVERE ] updating countdown to 53623
[16:08:39.932] [SEVERE ] updating countdown to 53602
[16:08:39.954] [SEVERE ] updating countdown to 53580
[16:08:39.974] [SEVERE ] updating countdown to 53560
[16:08:39.997] [SEVERE ] updating countdown to 53537
[16:08:40.018] [SEVERE ] updating countdown to 53516
[16:08:40.039] [SEVERE ] updating countdown to 53495
[16:08:40.060] [SEVERE ] updating countdown to 53474
[16:08:40.081] [SEVERE ] updating countdown to 53453
[16:08:40.103] [SEVERE ] updating countdown to 53431
[16:08:40.126] [SEVERE ] updating countdown to 53408
[16:08:40.148] [SEVERE ] updating countdown to 53386
[16:08:40.169] [SEVERE ] updating countdown to 53365
[16:08:40.191] [SEVERE ] updating countdown to 53343
[16:08:40.214] [SEVERE ] updating countdown to 53320
[16:08:40.237] [SEVERE ] updating countdown to 53297
[16:08:40.263] [SEVERE ] updating countdown to 53271
[16:08:40.288] [SEVERE ] updating countdown to 53246
[16:08:40.313] [SEVERE ] updating countdown to 53221
[16:08:40.337] [SEVERE ] updating countdown to 53197
[16:08:40.362] [SEVERE ] updating countdown to 53172
[16:08:40.383] [SEVERE ] updating countdown to 53151
[16:08:40.404] [SEVERE ] updating countdown to 53130
[16:08:40.425] [SEVERE ] updating countdown to 53109
[16:08:40.446] [SEVERE ] updating countdown to 53088
[16:08:40.467] [SEVERE ] updating countdown to 53067
[16:08:40.488] [SEVERE ] updating countdown to 53046
[16:08:40.510] [SEVERE ] updating countdown to 53024
[16:08:40.531] [SEVERE ] updating countdown to 53003
[16:08:40.553] [SEVERE ] updating countdown to 52981
[16:08:40.575] [SEVERE ] updating countdown to 52959
[16:08:40.596] [SEVERE ] updating countdown to 52938
[16:08:40.617] [SEVERE ] updating countdown to 52917
[16:08:40.638] [SEVERE ] updating countdown to 52896
[16:08:40.659] [SEVERE ] updating countdown to 52875
[16:08:40.681] [SEVERE ] updating countdown to 52853
[16:08:40.702] [SEVERE ] updating countdown to 52832
[16:08:40.723] [SEVERE ] updating countdown to 52811
[16:08:40.744] [SEVERE ] updating countdown to 52790
[16:08:40.766] [SEVERE ] updating countdown to 52768
[16:08:40.786] [SEVERE ] updating countdown to 52748
[16:08:40.808] [SEVERE ] updating countdown to 52726
[16:08:40.830] [SEVERE ] updating countdown to 52704
[16:08:40.852] [SEVERE ] updating countdown to 52682
[16:08:40.875] [SEVERE ] updating countdown to 52659
[16:08:40.897] [SEVERE ] updating countdown to 52637
[16:08:40.923] [SEVERE ] updating countdown to 52611
[16:08:40.948] [SEVERE ] updating countdown to 52586
[16:08:40.974] [SEVERE ] updating countdown to 52560
[16:08:40.996] [SEVERE ] updating countdown to 52538
[16:08:41.021] [SEVERE ] updating countdown to 52513
[16:08:41.043] [SEVERE ] updating countdown to 52491
[16:08:41.065] [SEVERE ] updating countdown to 52469
[16:08:41.086] [SEVERE ] updating countdown to 52448
[16:08:41.108] [SEVERE ] updating countdown to 52426
[16:08:41.130] [SEVERE ] updating countdown to 52404
[16:08:41.151] [SEVERE ] updating countdown to 52383
[16:08:41.176] [SEVERE ] updating countdown to 52358
[16:08:41.199] [SEVERE ] updating countdown to 52335
[16:08:41.223] [SEVERE ] updating countdown to 52311
[16:08:41.246] [SEVERE ] updating countdown to 52288
[16:08:41.272] [SEVERE ] updating countdown to 52262
[16:08:41.295] [SEVERE ] updating countdown to 52239
[16:08:41.321] [SEVERE ] updating countdown to 52213
[16:08:41.347] [SEVERE ] updating countdown to 52187
[16:08:41.368] [SEVERE ] updating countdown to 52166
[16:08:41.394] [SEVERE ] updating countdown to 52140
[16:08:41.417] [SEVERE ] updating countdown to 52117
[16:08:41.443] [SEVERE ] updating countdown to 52091
[16:08:41.465] [SEVERE ] updating countdown to 52069
[16:08:41.485] [SEVERE ] updating countdown to 52049
[16:08:41.510] [SEVERE ] updating countdown to 52024
[16:08:41.532] [SEVERE ] updating countdown to 52002
[16:08:41.553] [SEVERE ] updating countdown to 51981
[16:08:41.574] [SEVERE ] updating countdown to 51960
[16:08:41.597] [SEVERE ] updating countdown to 51937
[16:08:41.619] [SEVERE ] updating countdown to 51915
[16:08:41.642] [SEVERE ] updating countdown to 51892
[16:08:41.664] [SEVERE ] updating countdown to 51870
[16:08:41.688] [SEVERE ] updating countdown to 51846
[16:08:41.710] [SEVERE ] updating countdown to 51824
[16:08:41.731] [SEVERE ] updating countdown to 51803
[16:08:41.756] [SEVERE ] updating countdown to 51778
[16:08:41.777] [SEVERE ] updating countdown to 51757
[16:08:41.800] [SEVERE ] updating countdown to 51734
[16:08:41.821] [SEVERE ] updating countdown to 51713
[16:08:41.842] [SEVERE ] updating countdown to 51692
[16:08:41.865] [SEVERE ] updating countdown to 51669
[16:08:41.887] [SEVERE ] updating countdown to 51647
[16:08:41.908] [SEVERE ] updating countdown to 51626
[16:08:41.929] [SEVERE ] updating countdown to 51605
[16:08:41.951] [SEVERE ] updating countdown to 51583
[16:08:41.972] [SEVERE ] updating countdown to 51562
[16:08:41.995] [SEVERE ] updating countdown to 51539
[16:08:42.021] [SEVERE ] updating countdown to 51513
[16:08:42.043] [SEVERE ] updating countdown to 51491
[16:08:42.064] [SEVERE ] updating countdown to 51470
[16:08:42.086] [SEVERE ] updating countdown to 51448
[16:08:42.107] [SEVERE ] updating countdown to 51427
[16:08:42.130] [SEVERE ] updating countdown to 51404
[16:08:42.151] [SEVERE ] updating countdown to 51383
[16:08:42.173] [SEVERE ] updating countdown to 51361
[16:08:42.196] [SEVERE ] updating countdown to 51338
[16:08:42.218] [SEVERE ] updating countdown to 51316
[16:08:42.241] [SEVERE ] updating countdown to 51293
[16:08:42.262] [SEVERE ] updating countdown to 51272
[16:08:42.284] [SEVERE ] updating countdown to 51250
[16:08:42.306] [SEVERE ] updating countdown to 51228
[16:08:42.327] [SEVERE ] updating countdown to 51207
[16:08:42.350] [SEVERE ] updating countdown to 51184
[16:08:42.371] [SEVERE ] updating countdown to 51163
[16:08:42.395] [SEVERE ] updating countdown to 51139
[16:08:42.417] [SEVERE ] updating countdown to 51117
[16:08:42.440] [SEVERE ] updating countdown to 51094
[16:08:42.464] [SEVERE ] updating countdown to 51070
[16:08:42.485] [SEVERE ] updating countdown to 51049
[16:08:42.508] [SEVERE ] updating countdown to 51026
[16:08:42.529] [SEVERE ] updating countdown to 51005
[16:08:42.554] [SEVERE ] updating countdown to 50980
[16:08:42.578] [SEVERE ] updating countdown to 50956
[16:08:42.603] [SEVERE ] updating countdown to 50931
[16:08:42.628] [SEVERE ] updating countdown to 50906
[16:08:42.649] [SEVERE ] updating countdown to 50885
[16:08:42.672] [SEVERE ] updating countdown to 50862
[16:08:42.693] [SEVERE ] updating countdown to 50841
[16:08:42.716] [SEVERE ] updating countdown to 50818
[16:08:42.736] [SEVERE ] updating countdown to 50798
[16:08:42.758] [SEVERE ] updating countdown to 50776
[16:08:42.781] [SEVERE ] updating countdown to 50753
[16:08:42.803] [SEVERE ] updating countdown to 50731
[16:08:42.824] [SEVERE ] updating countdown to 50710
[16:08:42.845] [SEVERE ] updating countdown to 50689
[16:08:42.869] [SEVERE ] updating countdown to 50665
[16:08:42.893] [SEVERE ] updating countdown to 50641
[16:08:42.916] [SEVERE ] updating countdown to 50618
[16:08:42.937] [SEVERE ] updating countdown to 50597
[16:08:42.962] [SEVERE ] updating countdown to 50572
[16:08:42.987] [SEVERE ] updating countdown to 50547
[16:08:43.012] [SEVERE ] updating countdown to 50522
[16:08:43.034] [SEVERE ] updating countdown to 50500
[16:08:43.056] [SEVERE ] updating countdown to 50478
[16:08:43.077] [SEVERE ] updating countdown to 50457
[16:08:43.099] [SEVERE ] updating countdown to 50435
[16:08:43.121] [SEVERE ] updating countdown to 50413
[16:08:43.142] [SEVERE ] updating countdown to 50392
[16:08:43.167] [SEVERE ] updating countdown to 50367
[16:08:43.191] [SEVERE ] updating countdown to 50343
[16:08:43.217] [SEVERE ] updating countdown to 50317
[16:08:43.243] [SEVERE ] updating countdown to 50291
[16:08:43.266] [SEVERE ] updating countdown to 50268
[16:08:43.290] [SEVERE ] updating countdown to 50244
[16:08:43.312] [SEVERE ] updating countdown to 50222
[16:08:43.336] [SEVERE ] updating countdown to 50199
[16:08:43.358] [SEVERE ] updating countdown to 50176
[16:08:43.379] [SEVERE ] updating countdown to 50155
[16:08:43.400] [SEVERE ] updating countdown to 50134
[16:08:43.423] [SEVERE ] updating countdown to 50111
[16:08:43.444] [SEVERE ] updating countdown to 50090
[16:08:43.466] [SEVERE ] updating countdown to 50068
[16:08:43.487] [SEVERE ] updating countdown to 50047
[16:08:43.511] [SEVERE ] updating countdown to 50023
[16:08:43.532] [SEVERE ] updating countdown to 50002
[16:08:43.553] [SEVERE ] updating countdown to 49981
[16:08:43.576] [SEVERE ] updating countdown to 49958
[16:08:43.602] [SEVERE ] updating countdown to 49933
[16:08:43.626] [SEVERE ] updating countdown to 49908
[16:08:43.647] [SEVERE ] updating countdown to 49887
[16:08:43.670] [SEVERE ] updating countdown to 49864
[16:08:43.694] [SEVERE ] updating countdown to 49840
[16:08:43.718] [SEVERE ] updating countdown to 49816
[16:08:43.740] [SEVERE ] updating countdown to 49794
[16:08:43.762] [SEVERE ] updating countdown to 49772
[16:08:43.784] [SEVERE ] updating countdown to 49750
[16:08:43.806] [SEVERE ] updating countdown to 49728
[16:08:43.829] [SEVERE ] updating countdown to 49705
[16:08:43.851] [SEVERE ] updating countdown to 49683
[16:08:43.872] [SEVERE ] updating countdown to 49662
[16:08:43.897] [SEVERE ] updating countdown to 49637
[16:08:43.921] [SEVERE ] updating countdown to 49613
[16:08:43.943] [SEVERE ] updating countdown to 49591
[16:08:43.965] [SEVERE ] updating countdown to 49569
[16:08:43.986] [SEVERE ] updating countdown to 49548
[16:08:44.009] [SEVERE ] updating countdown to 49525
[16:08:44.031] [SEVERE ] updating countdown to 49503
[16:08:44.053] [SEVERE ] updating countdown to 49481
[16:08:44.077] [SEVERE ] updating countdown to 49457
[16:08:44.098] [SEVERE ] updating countdown to 49436
[16:08:44.120] [SEVERE ] updating countdown to 49414
[16:08:44.142] [SEVERE ] updating countdown to 49392
[16:08:44.162] [SEVERE ] updating countdown to 49372
[16:08:44.183] [SEVERE ] updating countdown to 49351
[16:08:44.208] [SEVERE ] updating countdown to 49326
[16:08:44.233] [SEVERE ] updating countdown to 49301
[16:08:44.258] [SEVERE ] updating countdown to 49276
[16:08:44.281] [SEVERE ] updating countdown to 49253
[16:08:44.303] [SEVERE ] updating countdown to 49231
[16:08:44.329] [SEVERE ] updating countdown to 49205
[16:08:44.352] [SEVERE ] updating countdown to 49182
[16:08:44.373] [SEVERE ] updating countdown to 49161
[16:08:44.394] [SEVERE ] updating countdown to 49140
[16:08:44.417] [SEVERE ] updating countdown to 49117
[16:08:44.439] [SEVERE ] updating countdown to 49095
[16:08:44.462] [SEVERE ] updating countdown to 49072
[16:08:44.484] [SEVERE ] updating countdown to 49050
[16:08:44.507] [SEVERE ] updating countdown to 49027
[16:08:44.533] [SEVERE ] updating countdown to 49001
[16:08:44.555] [SEVERE ] updating countdown to 48979
[16:08:44.577] [SEVERE ] updating countdown to 48957
[16:08:44.603] [SEVERE ] updating countdown to 48931
[16:08:44.626] [SEVERE ] updating countdown to 48908
[16:08:44.648] [SEVERE ] updating countdown to 48886
[16:08:44.669] [SEVERE ] updating countdown to 48865
[16:08:44.693] [SEVERE ] updating countdown to 48841
[16:08:44.719] [SEVERE ] updating countdown to 48815
[16:08:44.745] [SEVERE ] updating countdown to 48789
[16:08:44.768] [SEVERE ] updating countdown to 48766
[16:08:44.795] [SEVERE ] updating countdown to 48739
[16:08:44.817] [SEVERE ] updating countdown to 48717
[16:08:44.843] [SEVERE ] updating countdown to 48691
[16:08:44.865] [SEVERE ] updating countdown to 48669
[16:08:44.891] [SEVERE ] updating countdown to 48643
[16:08:44.913] [SEVERE ] updating countdown to 48621
[16:08:44.939] [SEVERE ] updating countdown to 48595
[16:08:44.961] [SEVERE ] updating countdown to 48573
[16:08:44.966] [SEVERE ] key 81 was pressed by player 1
[16:08:44.967] [SEVERE ] player 1 placing token on slot 0
[16:08:44.982] [SEVERE ] updating countdown to 48552
[16:08:45.003] [SEVERE ] updating countdown to 48531
[16:08:45.025] [SEVERE ] updating countdown to 48509
[16:08:45.045] [SEVERE ] updating countdown to 48489
[16:08:45.066] [SEVERE ] updating countdown to 48468
[16:08:45.088] [SEVERE ] updating countdown to 48446
[16:08:45.110] [SEVERE ] updating countdown to 48424
[16:08:45.131] [SEVERE ] updating countdown to 48403
[16:08:45.152] [SEVERE ] updating countdown to 48382
[16:08:45.173] [SEVERE ] updating countdown to 48361
[16:08:45.194] [SEVERE ] updating countdown to 48340
[16:08:45.215] [SEVERE ] updating countdown to 48319
[16:08:45.237] [SEVERE ] updating countdown to 48297
[16:08:45.257] [SEVERE ] updating countdown to 48277
[16:08:45.278] [SEVERE ] updating countdown to 48256
[16:08:45.299] [SEVERE ] updating countdown to 48235
[16:08:45.320] [SEVERE ] updating countdown to 48214
[16:08:45.341] [SEVERE ] updating countdown to 48193
[16:08:45.363] [SEVERE ] updating countdown to 48171
[16:08:45.383] [SEVERE ] updating countdown to 48151
[16:08:45.404] [SEVERE ] updating countdown to 48130
[16:08:45.425] [SEVERE ] updating countdown to 48109
[16:08:45.446] [SEVERE ] updating countdown to 48088
[16:08:45.463] [SEVERE ] key 65 was pressed by player 1
[16:08:45.463] [SEVERE ] player 1 placing token on slot 4
[16:08:45.467] [SEVERE ] updating countdown to 48067
[16:08:45.488] [SEVERE ] updating countdown to 48046
[16:08:45.504] [SEVERE ] key 83 was pressed by player 1
[16:08:45.504] [SEVERE ] player 1 placing token on slot 5
[16:08:45.506] [SEVERE ] setting player 1 freeze to 3000
[16:08:45.509] [SEVERE ] updating countdown to 48025
[16:08:45.531] [SEVERE ] updating countdown to 48003
[16:08:45.552] [SEVERE ] updating countdown to 47982
[16:08:45.573] [SEVERE ] updating countdown to 47961
[16:08:45.597] [SEVERE ] updating countdown to 47938
[16:08:45.622] [SEVERE ] updating countdown to 47912
[16:08:45.644] [SEVERE ] updating countdown to 47890
[16:08:45.668] [SEVERE ] updating countdown to 47866
[16:08:45.692] [SEVERE ] updating countdown to 47842
[16:08:45.716] [SEVERE ] updating countdown to 47818
[16:08:45.739] [SEVERE ] updating countdown to 47795
[16:08:45.763] [SEVERE ] updating countdown to 47771
[16:08:45.785] [SEVERE ] updating countdown to 47749
[16:08:45.806] [SEVERE ] updating countdown to 47728
[16:08:45.827] [SEVERE ] updating countdown to 47707
[16:08:45.849] [SEVERE ] updating countdown to 47685
[16:08:45.874] [SEVERE ] updating countdown to 47660
[16:08:45.881] [SEVERE ] key 81 was pressed by player 1
[16:08:45.897] [SEVERE ] updating countdown to 47637
[16:08:45.921] [SEVERE ] updating countdown to 47613
[16:08:45.945] [SEVERE ] updating countdown to 47589
[16:08:45.969] [SEVERE ] updating countdown to 47565
[16:08:45.992] [SEVERE ] updating countdown to 47542
[16:08:46.014] [SEVERE ] updating countdown to 47520
[16:08:46.035] [SEVERE ] updating countdown to 47499
[16:08:46.056] [SEVERE ] updating countdown to 47478
[16:08:46.078] [SEVERE ] updating countdown to 47456
[16:08:46.100] [SEVERE ] updating countdown to 47434
[16:08:46.125] [SEVERE ] updating countdown to 47409
[16:08:46.149] [SEVERE ] updating countdown to 47385
[16:08:46.173] [SEVERE ] updating countdown to 47361
[16:08:46.181] [SEVERE ] key 81 was pressed by player 1
[16:08:46.194] [SEVERE ] updating countdown to 47340
[16:08:46.215] [SEVERE ] key 87 was pressed by player 1
[16:08:46.215] [SEVERE ] updating countdown to 47319
[16:08:46.240] [SEVERE ] updating countdown to 47294
[16:08:46.261] [SEVERE ] updating countdown to 47273
[16:08:46.283] [SEVERE ] updating countdown to 47251
[16:08:46.304] [SEVERE ] updating countdown to 47230
[16:08:46.327] [SEVERE ] updating countdown to 47207
[16:08:46.348] [SEVERE ] updating countdown to 47186
[16:08:46.369] [SEVERE ] updating countdown to 47165
[16:08:46.392] [SEVERE ] updating countdown to 47142
[16:08:46.414] [SEVERE ] updating countdown to 47120
[16:08:46.435] [SEVERE ] updating countdown to 47099
[16:08:46.457] [SEVERE ] updating countdown to 47077
[16:08:46.465] [SEVERE ] key 87 was pressed by player 1
[16:08:46.466] [SEVERE ] key 81 was pressed by player 1
[16:08:46.479] [SEVERE ] updating countdown to 47055
[16:08:46.500] [SEVERE ] updating countdown to 47034
[16:08:46.526] [SEVERE ] updating countdown to 47008
[16:08:46.550] [SEVERE ] updating countdown to 46984
[16:08:46.576] [SEVERE ] updating countdown to 46958
[16:08:46.599] [SEVERE ] updating countdown to 46935
[16:08:46.625] [SEVERE ] updating countdown to 46909
[16:08:46.651] [SEVERE ] updating countdown to 46883
[16:08:46.677] [SEVERE ] updating countdown to 46857
[16:08:46.699] [SEVERE ] updating countdown to 46835
[16:08:46.723] [SEVERE ] updating countdown to 46811
[16:08:46.749] [SEVERE ] updating countdown to 46785
[16:08:46.774] [SEVERE ] updating countdown to 46760
[16:08:46.800] [SEVERE ] updating countdown to 46734
[16:08:46.826] [SEVERE ] updating countdown to 46708
[16:08:46.851] [SEVERE ] updating countdown to 46683
[16:08:46.874] [SEVERE ] updating countdown to 46660
[16:08:46.894] [SEVERE ] updating countdown to 46640
[16:08:46.919] [SEVERE ] updating countdown to 46615
[16:08:46.945] [SEVERE ] updating countdown to 46589
[16:08:46.963] [SEVERE ] key 81 was pressed by player 1
[16:08:46.967] [SEVERE ] updating countdown to 46567
[16:08:46.973] [SEVERE ] key 87 was pressed by player 1
[16:08:46.992] [SEVERE ] updating countdown to 46542
[16:08:47.017] [SEVERE ] updating countdown to 46517
[16:08:47.043] [SEVERE ] updating countdown to 46491
[16:08:47.064] [SEVERE ] updating countdown to 46470
[16:08:47.086] [SEVERE ] updating countdown to 46448
[16:08:47.107] [SEVERE ] updating countdown to 46427
[16:08:47.128] [SEVERE ] updating countdown to 46406
[16:08:47.150] [SEVERE ] updating countdown to 46384
[16:08:47.172] [SEVERE ] updating countdown to 46362
[16:08:47.193] [SEVERE ] updating countdown to 46341
[16:08:47.214] [SEVERE ] updating countdown to 46320
[16:08:47.236] [SEVERE ] updating countdown to 46298
[16:08:47.245] [SEVERE ] key 87 was pressed by player 1
[16:08:47.257] [SEVERE ] updating countdown to 46277
[16:08:47.259] [SEVERE ] key 69 was pressed by player 1
[16:08:47.277] [SEVERE ] updating countdown to 46257
[16:08:47.299] [SEVERE ] updating countdown to 46235
[16:08:47.322] [SEVERE ] updating countdown to 46212
[16:08:47.345] [SEVERE ] updating countdown to 46189
[16:08:47.367] [SEVERE ] updating countdown to 46167
[16:08:47.388] [SEVERE ] updating countdown to 46146
[16:08:47.410] [SEVERE ] updating countdown to 46124
[16:08:47.431] [SEVERE ] updating countdown to 46103
[16:08:47.454] [SEVERE ] updating countdown to 46080
[16:08:47.476] [SEVERE ] updating countdown to 46058
[16:08:47.499] [SEVERE ] updating countdown to 46035
[16:08:47.519] [SEVERE ] updating countdown to 46015
[16:08:47.529] [SEVERE ] key 81 was pressed by player 1
[16:08:47.540] [SEVERE ] updating countdown to 45994
[16:08:47.561] [SEVERE ] updating countdown to 45973
[16:08:47.582] [SEVERE ] updating countdown to 45952
[16:08:47.607] [SEVERE ] updating countdown to 45927
[16:08:47.632] [SEVERE ] updating countdown to 45902
[16:08:47.653] [SEVERE ] updating countdown to 45881
[16:08:47.677] [SEVERE ] updating countdown to 45857
[16:08:47.681] [SEVERE ] key 69 was pressed by player 1
[16:08:47.701] [SEVERE ] updating countdown to 45833
[16:08:47.724] [SEVERE ] updating countdown to 45810
[16:08:47.747] [SEVERE ] updating countdown to 45787
[16:08:47.769] [SEVERE ] updating countdown to 45765
[16:08:47.790] [SEVERE ] updating countdown to 45744
[16:08:47.815] [SEVERE ] updating countdown to 45719
[16:08:47.838] [SEVERE ] updating countdown to 45696
[16:08:47.858] [SEVERE ] updating countdown to 45676
[16:08:47.879] [SEVERE ] updating countdown to 45655
[16:08:47.903] [SEVERE ] updating countdown to 45631
[16:08:47.929] [SEVERE ] updating countdown to 45605
[16:08:47.950] [SEVERE ] updating countdown to 45584
[16:08:47.975] [SEVERE ] updating countdown to 45559
[16:08:47.998] [SEVERE ] updating countdown to 45536
[16:08:48.020] [SEVERE ] updating countdown to 45514
[16:08:48.041] [SEVERE ] updating countdown to 45493
[16:08:48.064] [SEVERE ] updating countdown to 45470
[16:08:48.085] [SEVERE ] updating countdown to 45449
[16:08:48.107] [SEVERE ] updating countdown to 45427
[16:08:48.130] [SEVERE ] updating countdown to 45404
[16:08:48.151] [SEVERE ] updating countdown to 45383
[16:08:48.163] [SEVERE ] key 69 was pressed by player 1
[16:08:48.172] [SEVERE ] updating countdown to 45362
[16:08:48.193] [SEVERE ] updating countdown to 45341
[16:08:48.215] [SEVERE ] updating countdown to 45319
[16:08:48.235] [SEVERE ] updating countdown to 45299
[16:08:48.261] [SEVERE ] updating countdown to 45273
[16:08:48.287] [SEVERE ] updating countdown to 45247
[16:08:48.310] [SEVERE ] updating countdown to 45224
[16:08:48.336] [SEVERE ] updating countdown to 45198
[16:08:48.361] [SEVERE ] updating countdown to 45173
[16:08:48.387] [SEVERE ] updating countdown to 45147
[16:08:48.413] [SEVERE ] updating countdown to 45121
[16:08:48.434] [SEVERE ] updating countdown to 45100
[16:08:48.455] [SEVERE ] updating countdown to 45079
[16:08:48.476] [SEVERE ] updating countdown to 45058
[16:08:48.488] [SEVERE ] key 69 was pressed by player 1
[16:08:48.497] [SEVERE ] updating countdown to 45037
[16:08:48.508] [SEVERE ] setting player 1 freeze to 0
[16:08:48.518] [SEVERE ] updating countdown to 45016
[16:08:48.543] [SEVERE ] updating countdown to 44991
[16:08:48.567] [SEVERE ] updating countdown to 44967
[16:08:48.588] [SEVERE ] updating countdown to 44946
[16:08:48.609] [SEVERE ] updating countdown to 44925
[16:08:48.630] [SEVERE ] updating countdown to 44904
[16:08:48.655] [SEVERE ] updating countdown to 44879
[16:08:48.681] [SEVERE ] updating countdown to 44853
[16:08:48.706] [SEVERE ] updating countdown to 44828
[16:08:48.729] [SEVERE ] updating countdown to 44805
[16:08:48.755] [SEVERE ] updating countdown to 44779
[16:08:48.776] [SEVERE ] updating countdown to 44758
[16:08:48.777] [SEVERE ] key 81 was pressed by player 1
[16:08:48.802] [SEVERE ] updating countdown to 44732
[16:08:48.805] [SEVERE ] key 87 was pressed by player 1
[16:08:48.805] [SEVERE ] player 1 placing token on slot 1
[16:08:48.827] [SEVERE ] updating countdown to 44707
[16:08:48.851] [SEVERE ] updating countdown to 44683
[16:08:48.873] [SEVERE ] updating countdown to 44661
[16:08:48.894] [SEVERE ] updating countdown to 44640
[16:08:48.917] [SEVERE ] updating countdown to 44617
[16:08:48.943] [SEVERE ] updating countdown to 44591
[16:08:48.964] [SEVERE ] updating countdown to 44570
[16:08:48.985] [SEVERE ] key 69 was pressed by player 1
[16:08:48.985] [SEVERE ] updating countdown to 44549
[16:08:48.985] [SEVERE ] player 1 placing token on slot 2
[16:08:49.007] [SEVERE ] updating countdown to 44527
[16:08:49.030] [SEVERE ] updating countdown to 44504
[16:08:49.055] [SEVERE ] updating countdown to 44479
[16:08:49.077] [SEVERE ] updating countdown to 44457
[16:08:49.103] [SEVERE ] updating countdown to 44431
[16:08:49.127] [SEVERE ] updating countdown to 44407
[16:08:49.151] [SEVERE ] updating countdown to 44383
[16:08:49.177] [SEVERE ] updating countdown to 44357
[16:08:49.199] [SEVERE ] updating countdown to 44335
[16:08:49.221] [SEVERE ] updating countdown to 44313
[16:08:49.247] [SEVERE ] updating countdown to 44287
[16:08:49.272] [SEVERE ] updating countdown to 44262
[16:08:49.298] [SEVERE ] updating countdown to 44236
[16:08:49.321] [SEVERE ] updating countdown to 44213
[16:08:49.347] [SEVERE ] updating countdown to 44187
[16:08:49.373] [SEVERE ] updating countdown to 44161
[16:08:49.393] [SEVERE ] key 87 was pressed by player 1
[16:08:49.394] [SEVERE ] updating countdown to 44140
[16:08:49.419] [SEVERE ] updating countdown to 44115
[16:08:49.444] [SEVERE ] updating countdown to 44090
[16:08:49.470] [SEVERE ] updating countdown to 44064
[16:08:49.493] [SEVERE ] updating countdown to 44041
[16:08:49.518] [SEVERE ] updating countdown to 44016
[16:08:49.540] [SEVERE ] updating countdown to 43994
[16:08:49.566] [SEVERE ] updating countdown to 43968
[16:08:49.592] [SEVERE ] updating countdown to 43942
[16:08:49.618] [SEVERE ] updating countdown to 43916
[16:08:49.641] [SEVERE ] updating countdown to 43893
[16:08:49.664] [SEVERE ] updating countdown to 43870
[16:08:49.687] [SEVERE ] updating countdown to 43847
[16:08:49.691] [SEVERE ] key 87 was pressed by player 1
[16:08:49.692] [SEVERE ] player 1 placing token on slot 1
[16:08:49.708] [SEVERE ] updating countdown to 43826
[16:08:49.733] [SEVERE ] updating countdown to 43801
[16:08:49.758] [SEVERE ] updating countdown to 43776
[16:08:49.780] [SEVERE ] updating countdown to 43754
[16:08:49.801] [SEVERE ] updating countdown to 43733
[16:08:49.826] [SEVERE ] updating countdown to 43708
[16:08:49.851] [SEVERE ] updating countdown to 43683
[16:08:49.872] [SEVERE ] updating countdown to 43662
[16:08:49.893] [SEVERE ] updating countdown to 43641
[16:08:49.914] [SEVERE ] updating countdown to 43620
[16:08:49.935] [SEVERE ] updating countdown to 43599
[16:08:49.958] [SEVERE ] updating countdown to 43576
[16:08:49.960] [SEVERE ] key 69 was pressed by player 1
[16:08:49.979] [SEVERE ] updating countdown to 43555
[16:08:50.000] [SEVERE ] updating countdown to 43534
[16:08:50.022] [SEVERE ] updating countdown to 43512
[16:08:50.046] [SEVERE ] updating countdown to 43488
[16:08:50.068] [SEVERE ] updating countdown to 43466
[16:08:50.091] [SEVERE ] updating countdown to 43443
[16:08:50.106] [SEVERE ] key 81 was pressed by player 1
[16:08:50.106] [SEVERE ] player 1 placing token on slot 0
[16:08:50.113] [SEVERE ] updating countdown to 43421
[16:08:50.137] [SEVERE ] updating countdown to 43397
[16:08:50.138] [SEVERE ] key 87 was pressed by player 1
[16:08:50.159] [SEVERE ] updating countdown to 43375
[16:08:50.180] [SEVERE ] updating countdown to 43354
[16:08:50.206] [SEVERE ] updating countdown to 43328
[16:08:50.231] [SEVERE ] updating countdown to 43303
[16:08:50.254] [SEVERE ] updating countdown to 43280
[16:08:50.274] [SEVERE ] key 69 was pressed by player 1
[16:08:50.274] [SEVERE ] player 1 placing token on slot 2
[16:08:50.275] [SEVERE ] updating countdown to 43259
[16:08:50.304] [SEVERE ] updating countdown to 43230
[16:08:50.326] [SEVERE ] updating countdown to 43208
[16:08:50.348] [SEVERE ] updating countdown to 43186
[16:08:50.370] [SEVERE ] updating countdown to 43164
[16:08:50.392] [SEVERE ] updating countdown to 43142
[16:08:50.418] [SEVERE ] updating countdown to 43116
[16:08:50.444] [SEVERE ] updating countdown to 43090
[16:08:50.465] [SEVERE ] updating countdown to 43069
[16:08:50.488] [SEVERE ] updating countdown to 43046
[16:08:50.514] [SEVERE ] updating countdown to 43020
[16:08:50.539] [SEVERE ] updating countdown to 42995
[16:08:50.565] [SEVERE ] updating countdown to 42969
[16:08:50.587] [SEVERE ] updating countdown to 42947
[16:08:50.606] [SEVERE ] key 87 was pressed by player 1
[16:08:50.606] [SEVERE ] player 1 placing token on slot 1
[16:08:50.608] [SEVERE ] updating countdown to 42926
[16:08:50.636] [SEVERE ] updating countdown to 42898
[16:08:50.662] [SEVERE ] updating countdown to 42872
[16:08:50.686] [SEVERE ] updating countdown to 42848
[16:08:50.710] [SEVERE ] updating countdown to 42824
[16:08:50.733] [SEVERE ] updating countdown to 42801
[16:08:50.755] [SEVERE ] updating countdown to 42779
[16:08:50.781] [SEVERE ] updating countdown to 42753
[16:08:50.805] [SEVERE ] updating countdown to 42729
[16:08:50.831] [SEVERE ] updating countdown to 42703
[16:08:50.855] [SEVERE ] updating countdown to 42679
[16:08:50.879] [SEVERE ] updating countdown to 42655
[16:08:50.892] [SEVERE ] key 87 was pressed by player 1
[16:08:50.902] [SEVERE ] updating countdown to 42632
[16:08:50.928] [SEVERE ] updating countdown to 42606
[16:08:50.950] [SEVERE ] updating countdown to 42584
[16:08:50.972] [SEVERE ] updating countdown to 42562
[16:08:50.993] [SEVERE ] updating countdown to 42541
[16:08:51.019] [SEVERE ] updating countdown to 42515
[16:08:51.043] [SEVERE ] updating countdown to 42491
[16:08:51.065] [SEVERE ] updating countdown to 42469
[16:08:51.090] [SEVERE ] updating countdown to 42444
[16:08:51.114] [SEVERE ] updating countdown to 42420
[16:08:51.140] [SEVERE ] updating countdown to 42394
[16:08:51.159] [SEVERE ] key 69 was pressed by player 1
[16:08:51.161] [SEVERE ] updating countdown to 42373
[16:08:51.185] [SEVERE ] updating countdown to 42349
[16:08:51.209] [SEVERE ] updating countdown to 42325
[16:08:51.233] [SEVERE ] updating countdown to 42301
[16:08:51.254] [SEVERE ] updating countdown to 42280
[16:08:51.280] [SEVERE ] updating countdown to 42254
[16:08:51.302] [SEVERE ] updating countdown to 42232
[16:08:51.310] [SEVERE ] key 81 was pressed by player 1
[16:08:51.326] [SEVERE ] updating countdown to 42208
[16:08:51.340] [SEVERE ] key 87 was pressed by player 1
[16:08:51.340] [SEVERE ] player 1 placing token on slot 1
[16:08:51.349] [SEVERE ] updating countdown to 42185
[16:08:51.375] [SEVERE ] updating countdown to 42159
[16:08:51.401] [SEVERE ] updating countdown to 42133
[16:08:51.422] [SEVERE ] updating countdown to 42112
[16:08:51.447] [SEVERE ] updating countdown to 42087
[16:08:51.472] [SEVERE ] updating countdown to 42062
[16:08:51.478] [SEVERE ] key 69 was pressed by player 1
[16:08:51.479] [SEVERE ] player 1 placing token on slot 2
[16:08:51.494] [SEVERE ] updating countdown to 42040
[16:08:51.520] [SEVERE ] updating countdown to 42014
[16:08:51.544] [SEVERE ] updating countdown to 41990
[16:08:51.570] [SEVERE ] updating countdown to 41964
[16:08:51.595] [SEVERE ] updating countdown to 41939
[16:08:51.621] [SEVERE ] updating countdown to 41913
[16:08:51.647] [SEVERE ] updating countdown to 41887
[16:08:51.671] [SEVERE ] updating countdown to 41863
[16:08:51.693] [SEVERE ] updating countdown to 41841
[16:08:51.715] [SEVERE ] updating countdown to 41819
[16:08:51.736] [SEVERE ] updating countdown to 41798
[16:08:51.760] [SEVERE ] updating countdown to 41774
[16:08:51.782] [SEVERE ] updating countdown to 41752
[16:08:51.808] [SEVERE ] updating countdown to 41726
[16:08:51.832] [SEVERE ] updating countdown to 41702
[16:08:51.835] [SEVERE ] key 69 was pressed by player 1
[16:08:51.857] [SEVERE ] updating countdown to 41677
[16:08:51.883] [SEVERE ] updating countdown to 41651
[16:08:51.905] [SEVERE ] updating countdown to 41629
[16:08:51.926] [SEVERE ] updating countdown to 41608
[16:08:51.947] [SEVERE ] updating countdown to 41587
[16:08:51.968] [SEVERE ] updating countdown to 41566
[16:08:51.989] [SEVERE ] updating countdown to 41545
[16:08:52.011] [SEVERE ] updating countdown to 41523
[16:08:52.032] [SEVERE ] updating countdown to 41502
[16:08:52.054] [SEVERE ] updating countdown to 41480
[16:08:52.075] [SEVERE ] updating countdown to 41459
[16:08:52.096] [SEVERE ] updating countdown to 41438
[16:08:52.103] [SEVERE ] key 69 was pressed by player 1
[16:08:52.104] [SEVERE ] player 1 placing token on slot 2
[16:08:52.117] [SEVERE ] updating countdown to 41417
[16:08:52.141] [SEVERE ] updating countdown to 41393
[16:08:52.162] [SEVERE ] updating countdown to 41372
[16:08:52.184] [SEVERE ] updating countdown to 41350
[16:08:52.205] [SEVERE ] updating countdown to 41329
[16:08:52.227] [SEVERE ] updating countdown to 41307
[16:08:52.247] [SEVERE ] updating countdown to 41287
[16:08:52.269] [SEVERE ] updating countdown to 41265
[16:08:52.290] [SEVERE ] updating countdown to 41244
[16:08:52.312] [SEVERE ] updating countdown to 41222
[16:08:52.333] [SEVERE ] updating countdown to 41201
[16:08:52.354] [SEVERE ] updating countdown to 41180
[16:08:52.376] [SEVERE ] updating countdown to 41158
[16:08:52.397] [SEVERE ] updating countdown to 41137
[16:08:52.418] [SEVERE ] updating countdown to 41116
[16:08:52.440] [SEVERE ] updating countdown to 41094
[16:08:52.461] [SEVERE ] updating countdown to 41073
[16:08:52.482] [SEVERE ] updating countdown to 41052
[16:08:52.503] [SEVERE ] updating countdown to 41031
[16:08:52.525] [SEVERE ] updating countdown to 41009
[16:08:52.546] [SEVERE ] updating countdown to 40988
[16:08:52.571] [SEVERE ] updating countdown to 40963
[16:08:52.592] [SEVERE ] updating countdown to 40942
[16:08:52.615] [SEVERE ] updating countdown to 40919
[16:08:52.637] [SEVERE ] updating countdown to 40897
[16:08:52.659] [SEVERE ] updating countdown to 40875
[16:08:52.681] [SEVERE ] updating countdown to 40853
[16:08:52.702] [SEVERE ] updating countdown to 40832
[16:08:52.725] [SEVERE ] updating countdown to 40809
[16:08:52.746] [SEVERE ] updating countdown to 40788
[16:08:52.769] [SEVERE ] updating countdown to 40765
[16:08:52.790] [SEVERE ] updating countdown to 40744
[16:08:52.812] [SEVERE ] updating countdown to 40722
[16:08:52.833] [SEVERE ] updating countdown to 40701
[16:08:52.854] [SEVERE ] updating countdown to 40680
[16:08:52.875] [SEVERE ] updating countdown to 40659
[16:08:52.896] [SEVERE ] updating countdown to 40638
[16:08:52.919] [SEVERE ] updating countdown to 40615
[16:08:52.941] [SEVERE ] updating countdown to 40593
[16:08:52.963] [SEVERE ] updating countdown to 40571
[16:08:52.984] [SEVERE ] updating countdown to 40550
[16:08:53.006] [SEVERE ] updating countdown to 40528
[16:08:53.027] [SEVERE ] updating countdown to 40507
[16:08:53.051] [SEVERE ] updating countdown to 40483
[16:08:53.071] [SEVERE ] updating countdown to 40463
[16:08:53.092] [SEVERE ] updating countdown to 40442
[16:08:53.114] [SEVERE ] updating countdown to 40420
[16:08:53.136] [SEVERE ] updating countdown to 40398
[16:08:53.158] [SEVERE ] updating countdown to 40376
[16:08:53.180] [SEVERE ] updating countdown to 40354
[16:08:53.201] [SEVERE ] updating countdown to 40333
[16:08:53.222] [SEVERE ] updating countdown to 40312
[16:08:53.245] [SEVERE ] updating countdown to 40289
[16:08:53.266] [SEVERE ] updating countdown to 40268
[16:08:53.288] [SEVERE ] updating countdown to 40246
[16:08:53.309] [SEVERE ] updating countdown to 40225
[16:08:53.332] [SEVERE ] updating countdown to 40202
[16:08:53.357] [SEVERE ] updating countdown to 40177
[16:08:53.379] [SEVERE ] updating countdown to 40155
[16:08:53.400] [SEVERE ] updating countdown to 40134
[16:08:53.421] [SEVERE ] updating countdown to 40113
[16:08:53.442] [SEVERE ] updating countdown to 40092
[16:08:53.463] [SEVERE ] updating countdown to 40071
[16:08:53.484] [SEVERE ] updating countdown to 40050
[16:08:53.506] [SEVERE ] updating countdown to 40028
[16:08:53.527] [SEVERE ] updating countdown to 40007
[16:08:53.548] [SEVERE ] updating countdown to 39986
[16:08:53.571] [SEVERE ] updating countdown to 39963
[16:08:53.592] [SEVERE ] updating countdown to 39942
[16:08:53.613] [SEVERE ] updating countdown to 39921
[16:08:53.636] [SEVERE ] updating countdown to 39898
[16:08:53.660] [SEVERE ] updating countdown to 39874
[16:08:53.681] [SEVERE ] updating countdown to 39853
[16:08:53.707] [SEVERE ] updating countdown to 39827
[16:08:53.731] [SEVERE ] updating countdown to 39803
[16:08:53.753] [SEVERE ] updating countdown to 39781
[16:08:53.774] [SEVERE ] updating countdown to 39760
[16:08:53.800] [SEVERE ] updating countdown to 39734
[16:08:53.824] [SEVERE ] updating countdown to 39710
[16:08:53.847] [SEVERE ] updating countdown to 39687
[16:08:53.869] [SEVERE ] updating countdown to 39665
[16:08:53.895] [SEVERE ] updating countdown to 39639
[16:08:53.916] [SEVERE ] updating countdown to 39618
[16:08:53.942] [SEVERE ] updating countdown to 39592
[16:08:53.965] [SEVERE ] updating countdown to 39569
[16:08:53.987] [SEVERE ] updating countdown to 39547
[16:08:54.008] [SEVERE ] updating countdown to 39526
[16:08:54.029] [SEVERE ] updating countdown to 39505
[16:08:54.055] [SEVERE ] updating countdown to 39479
[16:08:54.076] [SEVERE ] updating countdown to 39458
[16:08:54.098] [SEVERE ] updating countdown to 39436
[16:08:54.119] [SEVERE ] updating countdown to 39415
[16:08:54.141] [SEVERE ] updating countdown to 39393
[16:08:54.164] [SEVERE ] updating countdown to 39370
[16:08:54.186] [SEVERE ] updating countdown to 39348
[16:08:54.209] [SEVERE ] updating countdown to 39325
[16:08:54.230] [SEVERE ] updating countdown to 39304
[16:08:54.253] [SEVERE ] updating countdown to 39281
[16:08:54.274] [SEVERE ] updating countdown to 39260
[16:08:54.297] [SEVERE ] updating countdown to 39237
[16:08:54.318] [SEVERE ] updating countdown to 39216
[16:08:54.340] [SEVERE ] updating countdown to 39194
[16:08:54.362] [SEVERE ] updating countdown to 39172
[16:08:54.383] [SEVERE ] updating countdown to 39151
[16:08:54.404] [SEVERE ] updating countdown to 39130
[16:08:54.427] [SEVERE ] updating countdown to 39107
[16:08:54.450] [SEVERE ] updating countdown to 39084
[16:08:54.472] [SEVERE ] updating countdown to 39062
[16:08:54.496] [SEVERE ] updating countdown to 39038
[16:08:54.517] [SEVERE ] updating countdown to 39017
[16:08:54.539] [SEVERE ] updating countdown to 38995
[16:08:54.561] [SEVERE ] updating countdown to 38973
[16:08:54.582] [SEVERE ] updating countdown to 38952
[16:08:54.603] [SEVERE ] updating countdown to 38931
[16:08:54.627] [SEVERE ] updating countdown to 38907
[16:08:54.648] [SEVERE ] updating countdown to 38886
[16:08:54.670] [SEVERE ] updating countdown to 38864
[16:08:54.691] [SEVERE ] updating countdown to 38843
[16:08:54.712] [SEVERE ] updating countdown to 38822
[16:08:54.734] [SEVERE ] updating countdown to 38800
[16:08:54.759] [SEVERE ] updating countdown to 38775
[16:08:54.781] [SEVERE ] updating countdown to 38753
[16:08:54.803] [SEVERE ] updating countdown to 38731
[16:08:54.824] [SEVERE ] updating countdown to 38710
[16:08:54.845] [SEVERE ] updating countdown to 38689
[16:08:54.868] [SEVERE ] updating countdown to 38666
[16:08:54.892] [SEVERE ] updating countdown to 38642
[16:08:54.916] [SEVERE ] updating countdown to 38618
[16:08:54.940] [SEVERE ] updating countdown to 38594
[16:08:54.964] [SEVERE ] updating countdown to 38570
[16:08:54.986] [SEVERE ] updating countdown to 38548
[16:08:55.008] [SEVERE ] updating countdown to 38526
[16:08:55.030] [SEVERE ] updating countdown to 38504
[16:08:55.056] [SEVERE ] updating countdown to 38478
[16:08:55.078] [SEVERE ] updating countdown to 38456
[16:08:55.100] [SEVERE ] updating countdown to 38434
[16:08:55.121] [SEVERE ] updating countdown to 38413
[16:08:55.146] [SEVERE ] updating countdown to 38388
[16:08:55.170] [SEVERE ] updating countdown to 38364
[16:08:55.190] [SEVERE ] updating countdown to 38344
[16:08:55.213] [SEVERE ] updating countdown to 38321
[16:08:55.235] [SEVERE ] updating countdown to 38299
[16:08:55.257] [SEVERE ] updating countdown to 38277
[16:08:55.279] [SEVERE ] updating countdown to 38255
[16:08:55.305] [SEVERE ] updating countdown to 38229
[16:08:55.330] [SEVERE ] updating countdown to 38204
[16:08:55.355] [SEVERE ] updating countdown to 38179
[16:08:55.378] [SEVERE ] updating countdown to 38156
[16:08:55.401] [SEVERE ] updating countdown to 38133
[16:08:55.427] [SEVERE ] updating countdown to 38107
[16:08:55.450] [SEVERE ] updating countdown to 38084
[16:08:55.473] [SEVERE ] updating countdown to 38061
[16:08:55.499] [SEVERE ] updating countdown to 38035
[16:08:55.525] [SEVERE ] updating countdown to 38009
[16:08:55.551] [SEVERE ] updating countdown to 37983
[16:08:55.573] [SEVERE ] updating countdown to 37961
[16:08:55.597] [SEVERE ] updating countdown to 37937
[16:08:55.619] [SEVERE ] updating countdown to 37915
[16:08:55.641] [SEVERE ] updating countdown to 37893
[16:08:55.664] [SEVERE ] updating countdown to 37870
[16:08:55.685] [SEVERE ] updating countdown to 37849
[16:08:55.708] [SEVERE ] updating countdown to 37826
[16:08:55.729] [SEVERE ] updating countdown to 37805
[16:08:55.752] [SEVERE ] updating countdown to 37782
[16:08:55.773] [SEVERE ] updating countdown to 37761
[16:08:55.795] [SEVERE ] updating countdown to 37739
[16:08:55.819] [SEVERE ] updating countdown to 37715
[16:08:55.842] [SEVERE ] updating countdown to 37692
[16:08:55.867] [SEVERE ] updating countdown to 37667
[16:08:55.890] [SEVERE ] updating countdown to 37644
[16:08:55.912] [SEVERE ] updating countdown to 37622
[16:08:55.934] [SEVERE ] updating countdown to 37600
[16:08:55.957] [SEVERE ] updating countdown to 37577
[16:08:55.983] [SEVERE ] updating countdown to 37551
[16:08:56.007] [SEVERE ] updating countdown to 37527
[16:08:56.028] [SEVERE ] updating countdown to 37506
[16:08:56.049] [SEVERE ] updating countdown to 37485
[16:08:56.071] [SEVERE ] updating countdown to 37463
[16:08:56.095] [SEVERE ] updating countdown to 37439
[16:08:56.118] [SEVERE ] updating countdown to 37416
[16:08:56.139] [SEVERE ] updating countdown to 37395
[16:08:56.165] [SEVERE ] updating countdown to 37369
[16:08:56.187] [SEVERE ] updating countdown to 37347
[16:08:56.213] [SEVERE ] updating countdown to 37321
[16:08:56.239] [SEVERE ] updating countdown to 37295
[16:08:56.261] [SEVERE ] updating countdown to 37273
[16:08:56.285] [SEVERE ] updating countdown to 37249
[16:08:56.307] [SEVERE ] updating countdown to 37227
[16:08:56.333] [SEVERE ] updating countdown to 37201
[16:08:56.359] [SEVERE ] updating countdown to 37175
[16:08:56.381] [SEVERE ] updating countdown to 37153
[16:08:56.404] [SEVERE ] updating countdown to 37130
[16:08:56.431] [SEVERE ] updating countdown to 37103
[16:08:56.456] [SEVERE ] updating countdown to 37078
[16:08:56.481] [SEVERE ] updating countdown to 37053
[16:08:56.507] [SEVERE ] updating countdown to 37027
[16:08:56.533] [SEVERE ] updating countdown to 37001
[16:08:56.555] [SEVERE ] updating countdown to 36979
[16:08:56.579] [SEVERE ] updating countdown to 36955
[16:08:56.605] [SEVERE ] updating countdown to 36929
[16:08:56.629] [SEVERE ] updating countdown to 36905
[16:08:56.654] [SEVERE ] updating countdown to 36880
[16:08:56.678] [SEVERE ] updating countdown to 36856
[16:08:56.702] [SEVERE ] updating countdown to 36832
[16:08:56.726] [SEVERE ] updating countdown to 36808
[16:08:56.749] [SEVERE ] updating countdown to 36785
[16:08:56.772] [SEVERE ] updating countdown to 36762
[16:08:56.794] [SEVERE ] updating countdown to 36740
[16:08:56.818] [SEVERE ] updating countdown to 36716
[16:08:56.844] [SEVERE ] updating countdown to 36690
[16:08:56.869] [SEVERE ] updating countdown to 36665
[16:08:56.895] [SEVERE ] updating countdown to 36639
[16:08:56.919] [SEVERE ] updating countdown to 36615
[16:08:56.941] [SEVERE ] updating countdown to 36593
[16:08:56.965] [SEVERE ] updating countdown to 36569
[16:08:56.989] [SEVERE ] updating countdown to 36545
[16:08:57.012] [SEVERE ] updating countdown to 36522
[16:08:57.037] [SEVERE ] updating countdown to 36497
[16:08:57.061] [SEVERE ] updating countdown to 36473
[16:08:57.082] [SEVERE ] updating countdown to 36452
[16:08:57.105] [SEVERE ] updating countdown to 36429
[16:08:57.126] [SEVERE ] updating countdown to 36408
[16:08:57.147] [SEVERE ] updating countdown to 36387
[16:08:57.173] [SEVERE ] updating countdown to 36361
[16:08:57.196] [SEVERE ] updating countdown to 36338
[16:08:57.222] [SEVERE ] updating countdown to 36312
[16:08:57.247] [SEVERE ] updating countdown to 36287
[16:08:57.272] [SEVERE ] updating countdown to 36262
[16:08:57.295] [SEVERE ] updating countdown to 36239
[16:08:57.319] [SEVERE ] updating countdown to 36215
[16:08:57.341] [SEVERE ] updating countdown to 36193
[16:08:57.362] [SEVERE ] updating countdown to 36172
[16:08:57.385] [SEVERE ] updating countdown to 36149
[16:08:57.410] [SEVERE ] updating countdown to 36124
[16:08:57.431] [SEVERE ] updating countdown to 36103
[16:08:57.452] [SEVERE ] updating countdown to 36082
[16:08:57.474] [SEVERE ] updating countdown to 36060
[16:08:57.497] [SEVERE ] updating countdown to 36037
[16:08:57.518] [SEVERE ] updating countdown to 36016
[16:08:57.539] [SEVERE ] updating countdown to 35995
[16:08:57.563] [SEVERE ] updating countdown to 35971
[16:08:57.586] [SEVERE ] updating countdown to 35948
[16:08:57.611] [SEVERE ] updating countdown to 35923
[16:08:57.634] [SEVERE ] updating countdown to 35900
[16:08:57.658] [SEVERE ] updating countdown to 35876
[16:08:57.682] [SEVERE ] updating countdown to 35852
[16:08:57.705] [SEVERE ] updating countdown to 35829
[16:08:57.728] [SEVERE ] updating countdown to 35806
[16:08:57.749] [SEVERE ] updating countdown to 35785
[16:08:57.773] [SEVERE ] updating countdown to 35761
[16:08:57.795] [SEVERE ] updating countdown to 35739
[16:08:57.815] [SEVERE ] updating countdown to 35719
[16:08:57.839] [SEVERE ] updating countdown to 35695
[16:08:57.863] [SEVERE ] updating countdown to 35671
[16:08:57.886] [SEVERE ] updating countdown to 35648
[16:08:57.909] [SEVERE ] updating countdown to 35625
[16:08:57.932] [SEVERE ] updating countdown to 35602
[16:08:57.954] [SEVERE ] updating countdown to 35580
[16:08:57.974] [SEVERE ] updating countdown to 35560
[16:08:57.998] [SEVERE ] updating countdown to 35536
[16:08:58.020] [SEVERE ] updating countdown to 35514
[16:08:58.044] [SEVERE ] updating countdown to 35490
[16:08:58.067] [SEVERE ] updating countdown to 35467
[16:08:58.087] [SEVERE ] updating countdown to 35447
[16:08:58.108] [SEVERE ] updating countdown to 35426
[16:08:58.133] [SEVERE ] updating countdown to 35401
[16:08:58.156] [SEVERE ] updating countdown to 35378
[16:08:58.182] [SEVERE ] updating countdown to 35352
[16:08:58.204] [SEVERE ] updating countdown to 35330
[16:08:58.226] [SEVERE ] updating countdown to 35308
[16:08:58.251] [SEVERE ] updating countdown to 35283
[16:08:58.277] [SEVERE ] updating countdown to 35257
[16:08:58.303] [SEVERE ] updating countdown to 35231
[16:08:58.328] [SEVERE ] updating countdown to 35206
[16:08:58.353] [SEVERE ] updating countdown to 35181
[16:08:58.374] [SEVERE ] updating countdown to 35160
[16:08:58.400] [SEVERE ] updating countdown to 35134
[16:08:58.421] [SEVERE ] updating countdown to 35113
[16:08:58.442] [SEVERE ] updating countdown to 35092
[16:08:58.464] [SEVERE ] updating countdown to 35070
[16:08:58.485] [SEVERE ] updating countdown to 35049
[16:08:58.505] [SEVERE ] updating countdown to 35029
[16:08:58.526] [SEVERE ] updating countdown to 35008
[16:08:58.548] [SEVERE ] updating countdown to 34986
[16:08:58.569] [SEVERE ] updating countdown to 34965
[16:08:58.583] [SEVERE ] key 65 was pressed by player 1
[16:08:58.590] [SEVERE ] updating countdown to 34944
[16:08:58.613] [SEVERE ] updating countdown to 34921
[16:08:58.639] [SEVERE ] updating countdown to 34895
[16:08:58.664] [SEVERE ] updating countdown to 34870
[16:08:58.690] [SEVERE ] updating countdown to 34844
[16:08:58.716] [SEVERE ] updating countdown to 34818
[16:08:58.740] [SEVERE ] updating countdown to 34794
[16:08:58.760] [SEVERE ] updating countdown to 34774
[16:08:58.784] [SEVERE ] updating countdown to 34750
[16:08:58.805] [SEVERE ] updating countdown to 34729
[16:08:58.825] [SEVERE ] updating countdown to 34709
[16:08:58.846] [SEVERE ] updating countdown to 34688
[16:08:58.867] [SEVERE ] updating countdown to 34667
[16:08:58.889] [SEVERE ] updating countdown to 34645
[16:08:58.909] [SEVERE ] updating countdown to 34625
[16:08:58.931] [SEVERE ] updating countdown to 34603
[16:08:58.952] [SEVERE ] updating countdown to 34582
[16:08:58.974] [SEVERE ] updating countdown to 34560
[16:08:58.995] [SEVERE ] key 65 was pressed by player 1
[16:08:58.995] [SEVERE ] player 1 placing token on slot 4
[16:08:58.996] [SEVERE ] updating countdown to 34538
[16:08:59.020] [SEVERE ] updating countdown to 34514
[16:08:59.041] [SEVERE ] updating countdown to 34493
[16:08:59.062] [SEVERE ] updating countdown to 34472
[16:08:59.084] [SEVERE ] updating countdown to 34450
[16:08:59.106] [SEVERE ] updating countdown to 34428
[16:08:59.126] [SEVERE ] updating countdown to 34408
[16:08:59.148] [SEVERE ] updating countdown to 34386
[16:08:59.170] [SEVERE ] updating countdown to 34364
[16:08:59.190] [SEVERE ] updating countdown to 34344
[16:08:59.211] [SEVERE ] updating countdown to 34323
[16:08:59.232] [SEVERE ] updating countdown to 34302
[16:08:59.253] [SEVERE ] updating countdown to 34281
[16:08:59.275] [SEVERE ] updating countdown to 34259
[16:08:59.295] [SEVERE ] updating countdown to 34239
[16:08:59.317] [SEVERE ] updating countdown to 34217
[16:08:59.337] [SEVERE ] key 65 was pressed by player 1
[16:08:59.337] [SEVERE ] updating countdown to 34197
[16:08:59.359] [SEVERE ] updating countdown to 34176
[16:08:59.381] [SEVERE ] updating countdown to 34153
[16:08:59.403] [SEVERE ] updating countdown to 34131
[16:08:59.424] [SEVERE ] updating countdown to 34110
[16:08:59.426] [SEVERE ] key 83 was pressed by player 1
[16:08:59.446] [SEVERE ] updating countdown to 34088
[16:08:59.466] [SEVERE ] updating countdown to 34068
[16:08:59.487] [SEVERE ] updating countdown to 34047
[16:08:59.508] [SEVERE ] updating countdown to 34026
[16:08:59.529] [SEVERE ] updating countdown to 34005
[16:08:59.550] [SEVERE ] updating countdown to 33984
[16:08:59.571] [SEVERE ] updating countdown to 33963
[16:08:59.592] [SEVERE ] updating countdown to 33942
[16:08:59.614] [SEVERE ] updating countdown to 33920
[16:08:59.634] [SEVERE ] updating countdown to 33900
[16:08:59.652] [SEVERE ] key 68 was pressed by player 1
[16:08:59.652] [SEVERE ] player 1 placing token on slot 6
[16:08:59.655] [SEVERE ] updating countdown to 33879
[16:08:59.682] [SEVERE ] updating countdown to 33852
[16:08:59.707] [SEVERE ] updating countdown to 33827
[16:08:59.728] [SEVERE ] updating countdown to 33806
[16:08:59.754] [SEVERE ] updating countdown to 33780
[16:08:59.778] [SEVERE ] updating countdown to 33756
[16:08:59.798] [SEVERE ] updating countdown to 33736
[16:08:59.822] [SEVERE ] updating countdown to 33712
[16:08:59.846] [SEVERE ] updating countdown to 33688
[16:08:59.869] [SEVERE ] updating countdown to 33665
[16:08:59.891] [SEVERE ] updating countdown to 33643
[16:08:59.912] [SEVERE ] updating countdown to 33622
[16:08:59.937] [SEVERE ] updating countdown to 33597
[16:08:59.959] [SEVERE ] updating countdown to 33575
[16:08:59.980] [SEVERE ] updating countdown to 33554
[16:09:00.003] [SEVERE ] updating countdown to 33531
[16:09:00.023] [SEVERE ] updating countdown to 33511
[16:09:00.044] [SEVERE ] updating countdown to 33490
[16:09:00.070] [SEVERE ] updating countdown to 33464
[16:09:00.090] [SEVERE ] updating countdown to 33444
[16:09:00.112] [SEVERE ] updating countdown to 33422
[16:09:00.133] [SEVERE ] updating countdown to 33401
[16:09:00.156] [SEVERE ] updating countdown to 33378
[16:09:00.177] [SEVERE ] updating countdown to 33357
[16:09:00.203] [SEVERE ] updating countdown to 33331
[16:09:00.223] [SEVERE ] updating countdown to 33311
[16:09:00.245] [SEVERE ] updating countdown to 33289
[16:09:00.267] [SEVERE ] updating countdown to 33267
[16:09:00.288] [SEVERE ] updating countdown to 33246
[16:09:00.309] [SEVERE ] updating countdown to 33225
[16:09:00.331] [SEVERE ] updating countdown to 33203
[16:09:00.352] [SEVERE ] updating countdown to 33182
[16:09:00.374] [SEVERE ] updating countdown to 33160
[16:09:00.395] [SEVERE ] updating countdown to 33139
[16:09:00.416] [SEVERE ] updating countdown to 33118
[16:09:00.438] [SEVERE ] updating countdown to 33096
[16:09:00.459] [SEVERE ] updating countdown to 33075
[16:09:00.480] [SEVERE ] updating countdown to 33054
[16:09:00.502] [SEVERE ] updating countdown to 33032
[16:09:00.521] [SEVERE ] key 82 was pressed by player 1
[16:09:00.521] [SEVERE ] player 1 placing token on slot 3
[16:09:00.523] [SEVERE ] updating countdown to 33011
[16:09:00.547] [SEVERE ] updating countdown to 32987
[16:09:00.570] [SEVERE ] updating countdown to 32964
[16:09:00.591] [SEVERE ] updating countdown to 32943
[16:09:00.614] [SEVERE ] updating countdown to 32920
[16:09:00.640] [SEVERE ] updating countdown to 32894
[16:09:00.666] [SEVERE ] updating countdown to 32868
[16:09:00.692] [SEVERE ] updating countdown to 32842
[16:09:00.713] [SEVERE ] updating countdown to 32821
[16:09:00.735] [SEVERE ] updating countdown to 32799
[16:09:00.760] [SEVERE ] updating countdown to 32774
[16:09:00.782] [SEVERE ] updating countdown to 32752
[16:09:00.803] [SEVERE ] updating countdown to 32731
[16:09:00.825] [SEVERE ] updating countdown to 32709
[16:09:00.851] [SEVERE ] updating countdown to 32683
[16:09:00.875] [SEVERE ] updating countdown to 32659
[16:09:00.900] [SEVERE ] updating countdown to 32634
[16:09:00.922] [SEVERE ] updating countdown to 32612
[16:09:00.944] [SEVERE ] updating countdown to 32590
[16:09:00.966] [SEVERE ] updating countdown to 32568
[16:09:00.987] [SEVERE ] updating countdown to 32547
[16:09:01.012] [SEVERE ] updating countdown to 32522
[16:09:01.038] [SEVERE ] updating countdown to 32496
[16:09:01.060] [SEVERE ] updating countdown to 32474
[16:09:01.082] [SEVERE ] updating countdown to 32452
[16:09:01.103] [SEVERE ] updating countdown to 32431
[16:09:01.125] [SEVERE ] updating countdown to 32409
[16:09:01.146] [SEVERE ] updating countdown to 32388
[16:09:01.170] [SEVERE ] updating countdown to 32364
[16:09:01.194] [SEVERE ] updating countdown to 32340
[16:09:01.220] [SEVERE ] updating countdown to 32314
[16:09:01.243] [SEVERE ] updating countdown to 32291
[16:09:01.269] [SEVERE ] updating countdown to 32265
[16:09:01.295] [SEVERE ] updating countdown to 32239
[16:09:01.321] [SEVERE ] updating countdown to 32213
[16:09:01.343] [SEVERE ] updating countdown to 32191
[16:09:01.369] [SEVERE ] updating countdown to 32165
[16:09:01.390] [SEVERE ] updating countdown to 32144
[16:09:01.412] [SEVERE ] updating countdown to 32122
[16:09:01.434] [SEVERE ] updating countdown to 32100
[16:09:01.459] [SEVERE ] updating countdown to 32075
[16:09:01.483] [SEVERE ] updating countdown to 32051
[16:09:01.506] [SEVERE ] updating countdown to 32028
[16:09:01.529] [SEVERE ] updating countdown to 32005
[16:09:01.551] [SEVERE ] updating countdown to 31983
[16:09:01.576] [SEVERE ] updating countdown to 31958
[16:09:01.598] [SEVERE ] updating countdown to 31936
[16:09:01.624] [SEVERE ] updating countdown to 31910
[16:09:01.647] [SEVERE ] updating countdown to 31887
[16:09:01.672] [SEVERE ] updating countdown to 31862
[16:09:01.698] [SEVERE ] updating countdown to 31836
[16:09:01.721] [SEVERE ] updating countdown to 31813
[16:09:01.744] [SEVERE ] updating countdown to 31790
[16:09:01.767] [SEVERE ] updating countdown to 31767
[16:09:01.788] [SEVERE ] updating countdown to 31746
[16:09:01.809] [SEVERE ] updating countdown to 31725
[16:09:01.830] [SEVERE ] updating countdown to 31704
[16:09:01.854] [SEVERE ] updating countdown to 31680
[16:09:01.876] [SEVERE ] updating countdown to 31658
[16:09:01.901] [SEVERE ] updating countdown to 31633
[16:09:01.923] [SEVERE ] updating countdown to 31611
[16:09:01.946] [SEVERE ] updating countdown to 31588
[16:09:01.966] [SEVERE ] updating countdown to 31568
[16:09:01.991] [SEVERE ] updating countdown to 31543
[16:09:02.017] [SEVERE ] updating countdown to 31517
[16:09:02.041] [SEVERE ] updating countdown to 31493
[16:09:02.061] [SEVERE ] updating countdown to 31473
[16:09:02.086] [SEVERE ] updating countdown to 31448
[16:09:02.108] [SEVERE ] updating countdown to 31426
[16:09:02.129] [SEVERE ] updating countdown to 31405
[16:09:02.151] [SEVERE ] updating countdown to 31383
[16:09:02.171] [SEVERE ] updating countdown to 31363
[16:09:02.193] [SEVERE ] updating countdown to 31341
[16:09:02.216] [SEVERE ] updating countdown to 31318
[16:09:02.241] [SEVERE ] updating countdown to 31293
[16:09:02.263] [SEVERE ] updating countdown to 31271
[16:09:02.286] [SEVERE ] updating countdown to 31248
[16:09:02.307] [SEVERE ] updating countdown to 31227
[16:09:02.332] [SEVERE ] updating countdown to 31202
[16:09:02.356] [SEVERE ] updating countdown to 31178
[16:09:02.379] [SEVERE ] updating countdown to 31155
[16:09:02.401] [SEVERE ] updating countdown to 31133
[16:09:02.423] [SEVERE ] updating countdown to 31111
[16:09:02.446] [SEVERE ] updating countdown to 31088
[16:09:02.468] [SEVERE ] updating countdown to 31066
[16:09:02.490] [SEVERE ] updating countdown to 31044
[16:09:02.510] [SEVERE ] updating countdown to 31024
[16:09:02.533] [SEVERE ] updating countdown to 31001
[16:09:02.555] [SEVERE ] updating countdown to 30979
[16:09:02.577] [SEVERE ] updating countdown to 30957
[16:09:02.599] [SEVERE ] updating countdown to 30935
[16:09:02.621] [SEVERE ] updating countdown to 30913
[16:09:02.643] [SEVERE ] updating countdown to 30891
[16:09:02.663] [SEVERE ] updating countdown to 30871
[16:09:02.686] [SEVERE ] updating countdown to 30848
[16:09:02.708] [SEVERE ] updating countdown to 30826
[16:09:02.732] [SEVERE ] updating countdown to 30802
[16:09:02.758] [SEVERE ] updating countdown to 30776
[16:09:02.781] [SEVERE ] updating countdown to 30753
[16:09:02.806] [SEVERE ] updating countdown to 30728
[16:09:02.828] [SEVERE ] updating countdown to 30706
[16:09:02.852] [SEVERE ] updating countdown to 30682
[16:09:02.875] [SEVERE ] updating countdown to 30660
[16:09:02.896] [SEVERE ] updating countdown to 30638
[16:09:02.916] [SEVERE ] updating countdown to 30618
[16:09:02.938] [SEVERE ] updating countdown to 30596
[16:09:02.959] [SEVERE ] updating countdown to 30575
[16:09:02.982] [SEVERE ] updating countdown to 30552
[16:09:03.004] [SEVERE ] updating countdown to 30530
[16:09:03.026] [SEVERE ] updating countdown to 30508
[16:09:03.047] [SEVERE ] updating countdown to 30487
[16:09:03.070] [SEVERE ] updating countdown to 30464
[16:09:03.093] [SEVERE ] updating countdown to 30441
[16:09:03.114] [SEVERE ] updating countdown to 30420
[16:09:03.137] [SEVERE ] updating countdown to 30397
[16:09:03.159] [SEVERE ] updating countdown to 30375
[16:09:03.182] [SEVERE ] updating countdown to 30352
[16:09:03.205] [SEVERE ] updating countdown to 30329
[16:09:03.227] [SEVERE ] updating countdown to 30307
[16:09:03.253] [SEVERE ] updating countdown to 30281
[16:09:03.278] [SEVERE ] updating countdown to 30256
[16:09:03.302] [SEVERE ] updating countdown to 30232
[16:09:03.325] [SEVERE ] updating countdown to 30209
[16:09:03.348] [SEVERE ] updating countdown to 30186
[16:09:03.369] [SEVERE ] updating countdown to 30165
[16:09:03.392] [SEVERE ] updating countdown to 30142
[16:09:03.413] [SEVERE ] updating countdown to 30121
[16:09:03.433] [SEVERE ] updating countdown to 30101
[16:09:03.454] [SEVERE ] updating countdown to 30080
[16:09:03.475] [SEVERE ] updating countdown to 30059
[16:09:03.497] [SEVERE ] updating countdown to 30037
[16:09:03.518] [SEVERE ] updating countdown to 30016
[16:09:03.540] [SEVERE ] updating countdown to 29994
[16:09:03.564] [SEVERE ] updating countdown to 29970
[16:09:03.586] [SEVERE ] updating countdown to 29948
[16:09:03.608] [SEVERE ] updating countdown to 29926
[16:09:03.631] [SEVERE ] updating countdown to 29903
[16:09:03.653] [SEVERE ] updating countdown to 29881
[16:09:03.674] [SEVERE ] updating countdown to 29860
[16:09:03.700] [SEVERE ] updating countdown to 29834
[16:09:03.725] [SEVERE ] updating countdown to 29809
[16:09:03.751] [SEVERE ] updating countdown to 29783
[16:09:03.777] [SEVERE ] updating countdown to 29757
[16:09:03.803] [SEVERE ] updating countdown to 29731
[16:09:03.826] [SEVERE ] updating countdown to 29708
[16:09:03.851] [SEVERE ] updating countdown to 29683
[16:09:03.877] [SEVERE ] updating countdown to 29657
[16:09:03.903] [SEVERE ] updating countdown to 29631
[16:09:03.925] [SEVERE ] updating countdown to 29609
[16:09:03.951] [SEVERE ] updating countdown to 29583
[16:09:03.975] [SEVERE ] updating countdown to 29559
[16:09:03.977] [SEVERE ] exit button pressed
[16:09:03.977] [SEVERE ] disposing of user interface elements
[16:09:03.977] [INFO   ] thread playerID: 1 terminated.
[16:09:03.998] [SEVERE ] updating countdown to 29536
[16:09:03.998] [SEVERE ] updating countdown to 29536
[16:09:04.105] [SEVERE ] removing card from slot 0
[16:09:04.207] [SEVERE ] removing card from slot 1
[16:09:04.311] [SEVERE ] removing card from slot 2
[16:09:04.417] [SEVERE ] removing card from slot 3
[16:09:04.524] [SEVERE ] removing card from slot 4
[16:09:04.626] [SEVERE ] removing card from slot 5
[16:09:04.731] [SEVERE ] removing card from slot 6
[16:09:04.835] [SEVERE ] removing card from slot 7
[16:09:04.939] [SEVERE ] removing card from slot 8
[16:09:05.043] [SEVERE ] removing card from slot 9
[16:09:05.147] [SEVERE ] removing card from slot 10
[16:09:05.252] [SEVERE ] removing card from slot 11
[16:09:05.254] [SEVERE ] player 1 placing token on slot 0
[16:09:05.254] [SEVERE ] player 2 placing token on slot 1
[16:09:05.256] [INFO   ] thread dealer terminated.
[16:09:05.257] [INFO   ] thread dealer terminated.
[16:09:05.258] [SEVERE ] thanks for playing... it was fun!
[16:09:05.259] [INFO   ] thread main terminated.
