[14:15:07.697] [INFO   ] thread main starting.
[14:15:07.704] [SEVERE ] cannot read configuration file config.properties trying from resources.
[14:15:07.706] [SEVERE ] configuration file was loaded from resources directory.
[14:15:08.115] [INFO   ] thread dealer starting.
[14:15:08.116] [INFO   ] thread playerID: 0 starting.
[14:15:08.116] [INFO   ] thread dealer starting.
[14:15:08.116] [INFO   ] thread playerID: 1 starting.
[14:15:08.120] [SEVERE ] updating countdown to 60000
[14:15:08.224] [SEVERE ] placing card 25 in slot 9
[14:15:08.325] [SEVERE ] placing card 46 in slot 1
[14:15:08.427] [SEVERE ] placing card 17 in slot 6
[14:15:08.530] [SEVERE ] placing card 28 in slot 8
[14:15:08.633] [SEVERE ] placing card 77 in slot 0
[14:15:08.739] [SEVERE ] placing card 47 in slot 3
[14:15:08.840] [SEVERE ] placing card 31 in slot 7
[14:15:08.941] [SEVERE ] placing card 24 in slot 2
[14:15:09.045] [SEVERE ] placing card 0 in slot 11
[14:15:09.147] [SEVERE ] placing card 65 in slot 4
[14:15:09.251] [SEVERE ] placing card 41 in slot 10
[14:15:09.354] [SEVERE ] placing card 50 in slot 5
[14:15:09.378] [SEVERE ] updating countdown to 60000
[14:15:09.400] [SEVERE ] updating countdown to 60000
[14:15:09.424] [SEVERE ] updating countdown to 60000
[14:15:09.446] [SEVERE ] updating countdown to 60000
[14:15:09.468] [SEVERE ] updating countdown to 60000
[14:15:09.493] [SEVERE ] updating countdown to 60000
[14:15:09.515] [SEVERE ] updating countdown to 60000
[14:15:09.541] [SEVERE ] updating countdown to 60000
[14:15:09.567] [SEVERE ] updating countdown to 60000
[14:15:09.590] [SEVERE ] updating countdown to 60000
[14:15:09.612] [SEVERE ] updating countdown to 60000
[14:15:09.635] [SEVERE ] updating countdown to 60000
[14:15:09.656] [SEVERE ] updating countdown to 60000
[14:15:09.678] [SEVERE ] updating countdown to 60000
[14:15:09.699] [SEVERE ] updating countdown to 60000
[14:15:09.721] [SEVERE ] updating countdown to 60000
[14:15:09.743] [SEVERE ] updating countdown to 60000
[14:15:09.771] [SEVERE ] updating countdown to 60000
[14:15:09.793] [SEVERE ] updating countdown to 60000
[14:15:09.819] [SEVERE ] updating countdown to 60000
[14:15:09.842] [SEVERE ] updating countdown to 60000
[14:15:09.867] [SEVERE ] updating countdown to 60000
[14:15:09.891] [SEVERE ] updating countdown to 60000
[14:15:09.912] [SEVERE ] updating countdown to 60000
[14:15:09.938] [SEVERE ] updating countdown to 60000
[14:15:09.962] [SEVERE ] updating countdown to 60000
[14:15:09.986] [SEVERE ] updating countdown to 60000
[14:15:10.006] [SEVERE ] updating countdown to 60000
[14:15:10.032] [SEVERE ] updating countdown to 60000
[14:15:10.054] [SEVERE ] updating countdown to 60000
[14:15:10.077] [SEVERE ] updating countdown to 60000
[14:15:10.100] [SEVERE ] updating countdown to 60000
[14:15:10.129] [SEVERE ] updating countdown to 60000
[14:15:10.153] [SEVERE ] updating countdown to 60000
[14:15:10.176] [SEVERE ] updating countdown to 60000
[14:15:10.199] [SEVERE ] updating countdown to 60000
[14:15:10.221] [SEVERE ] updating countdown to 60000
[14:15:10.244] [SEVERE ] updating countdown to 60000
[14:15:10.265] [SEVERE ] updating countdown to 60000
[14:15:10.287] [SEVERE ] updating countdown to 60000
[14:15:10.309] [SEVERE ] updating countdown to 60000
[14:15:10.334] [SEVERE ] updating countdown to 60000
[14:15:10.356] [SEVERE ] updating countdown to 60000
[14:15:10.379] [SEVERE ] updating countdown to 60000
[14:15:10.401] [SEVERE ] updating countdown to 60000
[14:15:10.423] [SEVERE ] updating countdown to 60000
[14:15:10.447] [SEVERE ] updating countdown to 60000
[14:15:10.473] [SEVERE ] updating countdown to 60000
[14:15:10.495] [SEVERE ] updating countdown to 60000
[14:15:10.521] [SEVERE ] updating countdown to 60000
[14:15:10.547] [SEVERE ] updating countdown to 60000
[14:15:10.570] [SEVERE ] updating countdown to 60000
[14:15:10.591] [SEVERE ] updating countdown to 60000
[14:15:10.613] [SEVERE ] updating countdown to 60000
[14:15:10.636] [SEVERE ] updating countdown to 60000
[14:15:10.657] [SEVERE ] updating countdown to 60000
[14:15:10.684] [SEVERE ] updating countdown to 60000
[14:15:10.709] [SEVERE ] updating countdown to 60000
[14:15:10.731] [SEVERE ] updating countdown to 60000
[14:15:10.753] [SEVERE ] updating countdown to 60000
[14:15:10.774] [SEVERE ] updating countdown to 60000
[14:15:10.797] [SEVERE ] updating countdown to 60000
[14:15:10.819] [SEVERE ] updating countdown to 60000
[14:15:10.843] [SEVERE ] updating countdown to 60000
[14:15:10.864] [SEVERE ] updating countdown to 60000
[14:15:10.886] [SEVERE ] updating countdown to 60000
[14:15:10.907] [SEVERE ] updating countdown to 60000
[14:15:10.930] [SEVERE ] updating countdown to 60000
[14:15:10.952] [SEVERE ] updating countdown to 60000
[14:15:10.978] [SEVERE ] updating countdown to 60000
[14:15:11.000] [SEVERE ] updating countdown to 60000
[14:15:11.025] [SEVERE ] updating countdown to 60000
[14:15:11.048] [SEVERE ] updating countdown to 60000
[14:15:11.069] [SEVERE ] updating countdown to 60000
[14:15:11.091] [SEVERE ] updating countdown to 60000
[14:15:11.113] [SEVERE ] updating countdown to 60000
[14:15:11.139] [SEVERE ] updating countdown to 60000
[14:15:11.164] [SEVERE ] updating countdown to 60000
[14:15:11.190] [SEVERE ] updating countdown to 60000
[14:15:11.211] [SEVERE ] updating countdown to 60000
[14:15:11.234] [SEVERE ] updating countdown to 60000
[14:15:11.261] [SEVERE ] updating countdown to 60000
[14:15:11.287] [SEVERE ] updating countdown to 60000
[14:15:11.313] [SEVERE ] updating countdown to 60000
[14:15:11.336] [SEVERE ] updating countdown to 60000
[14:15:11.358] [SEVERE ] updating countdown to 60000
[14:15:11.380] [SEVERE ] updating countdown to 60000
[14:15:11.403] [SEVERE ] updating countdown to 60000
[14:15:11.429] [SEVERE ] updating countdown to 60000
[14:15:11.451] [SEVERE ] updating countdown to 60000
[14:15:11.475] [SEVERE ] updating countdown to 60000
[14:15:11.498] [SEVERE ] updating countdown to 60000
[14:15:11.520] [SEVERE ] updating countdown to 60000
[14:15:11.542] [SEVERE ] updating countdown to 60000
[14:15:11.565] [SEVERE ] updating countdown to 60000
[14:15:11.591] [SEVERE ] updating countdown to 60000
[14:15:11.613] [SEVERE ] updating countdown to 60000
[14:15:11.635] [SEVERE ] updating countdown to 60000
[14:15:11.657] [SEVERE ] updating countdown to 60000
[14:15:11.679] [SEVERE ] updating countdown to 60000
[14:15:11.699] [SEVERE ] updating countdown to 60000
[14:15:11.721] [SEVERE ] updating countdown to 60000
[14:15:11.743] [SEVERE ] updating countdown to 60000
[14:15:11.764] [SEVERE ] updating countdown to 60000
[14:15:11.785] [SEVERE ] updating countdown to 60000
[14:15:11.807] [SEVERE ] updating countdown to 60000
[14:15:11.827] [SEVERE ] updating countdown to 60000
[14:15:11.849] [SEVERE ] updating countdown to 60000
[14:15:11.870] [SEVERE ] updating countdown to 60000
[14:15:11.893] [SEVERE ] updating countdown to 60000
[14:15:11.915] [SEVERE ] updating countdown to 60000
[14:15:11.937] [SEVERE ] updating countdown to 60000
[14:15:11.958] [SEVERE ] updating countdown to 60000
[14:15:11.978] [SEVERE ] updating countdown to 60000
[14:15:12.000] [SEVERE ] updating countdown to 60000
[14:15:12.022] [SEVERE ] updating countdown to 60000
[14:15:12.044] [SEVERE ] updating countdown to 60000
[14:15:12.066] [SEVERE ] updating countdown to 60000
[14:15:12.088] [SEVERE ] updating countdown to 60000
[14:15:12.111] [SEVERE ] updating countdown to 60000
[14:15:12.134] [SEVERE ] updating countdown to 60000
[14:15:12.158] [SEVERE ] updating countdown to 60000
[14:15:12.181] [SEVERE ] updating countdown to 60000
[14:15:12.203] [SEVERE ] updating countdown to 60000
[14:15:12.225] [SEVERE ] updating countdown to 60000
[14:15:12.248] [SEVERE ] updating countdown to 60000
[14:15:12.272] [SEVERE ] updating countdown to 60000
[14:15:12.294] [SEVERE ] updating countdown to 60000
[14:15:12.317] [SEVERE ] updating countdown to 60000
[14:15:12.343] [SEVERE ] updating countdown to 60000
[14:15:12.369] [SEVERE ] updating countdown to 60000
[14:15:12.395] [SEVERE ] updating countdown to 60000
[14:15:12.421] [SEVERE ] updating countdown to 60000
[14:15:12.445] [SEVERE ] updating countdown to 60000
[14:15:12.471] [SEVERE ] updating countdown to 60000
[14:15:12.494] [SEVERE ] updating countdown to 60000
[14:15:12.516] [SEVERE ] updating countdown to 60000
[14:15:12.538] [SEVERE ] updating countdown to 60000
[14:15:12.559] [SEVERE ] updating countdown to 60000
[14:15:12.581] [SEVERE ] updating countdown to 60000
[14:15:12.606] [SEVERE ] updating countdown to 60000
[14:15:12.628] [SEVERE ] updating countdown to 60000
[14:15:12.651] [SEVERE ] updating countdown to 60000
[14:15:12.676] [SEVERE ] updating countdown to 60000
[14:15:12.701] [SEVERE ] updating countdown to 60000
[14:15:12.723] [SEVERE ] updating countdown to 60000
[14:15:12.745] [SEVERE ] updating countdown to 60000
[14:15:12.768] [SEVERE ] updating countdown to 60000
[14:15:12.794] [SEVERE ] updating countdown to 60000
[14:15:12.817] [SEVERE ] updating countdown to 60000
[14:15:12.838] [SEVERE ] updating countdown to 60000
[14:15:12.864] [SEVERE ] updating countdown to 60000
[14:15:12.885] [SEVERE ] updating countdown to 60000
[14:15:12.906] [SEVERE ] updating countdown to 60000
[14:15:12.928] [SEVERE ] updating countdown to 60000
[14:15:12.948] [SEVERE ] updating countdown to 60000
[14:15:12.969] [SEVERE ] updating countdown to 60000
[14:15:12.995] [SEVERE ] updating countdown to 60000
[14:15:13.020] [SEVERE ] updating countdown to 60000
[14:15:13.042] [SEVERE ] updating countdown to 60000
[14:15:13.063] [SEVERE ] updating countdown to 60000
[14:15:13.085] [SEVERE ] updating countdown to 60000
[14:15:13.110] [SEVERE ] updating countdown to 60000
[14:15:13.133] [SEVERE ] updating countdown to 60000
[14:15:13.156] [SEVERE ] updating countdown to 60000
[14:15:13.178] [SEVERE ] updating countdown to 60000
[14:15:13.202] [SEVERE ] updating countdown to 60000
[14:15:13.224] [SEVERE ] updating countdown to 60000
[14:15:13.246] [SEVERE ] updating countdown to 60000
[14:15:13.267] [SEVERE ] updating countdown to 60000
[14:15:13.291] [SEVERE ] updating countdown to 60000
[14:15:13.313] [SEVERE ] updating countdown to 60000
[14:15:13.336] [SEVERE ] updating countdown to 60000
[14:15:13.362] [SEVERE ] updating countdown to 60000
[14:15:13.385] [SEVERE ] updating countdown to 60000
[14:15:13.411] [SEVERE ] updating countdown to 60000
[14:15:13.436] [SEVERE ] updating countdown to 60000
[14:15:13.461] [SEVERE ] updating countdown to 60000
[14:15:13.481] [SEVERE ] updating countdown to 60000
[14:15:13.502] [SEVERE ] updating countdown to 60000
[14:15:13.524] [SEVERE ] updating countdown to 60000
[14:15:13.547] [SEVERE ] updating countdown to 60000
[14:15:13.570] [SEVERE ] updating countdown to 60000
[14:15:13.593] [SEVERE ] updating countdown to 60000
[14:15:13.615] [SEVERE ] updating countdown to 60000
[14:15:13.637] [SEVERE ] updating countdown to 60000
[14:15:13.665] [SEVERE ] updating countdown to 60000
[14:15:13.688] [SEVERE ] updating countdown to 60000
[14:15:13.711] [SEVERE ] updating countdown to 60000
[14:15:13.736] [SEVERE ] updating countdown to 60000
[14:15:13.759] [SEVERE ] updating countdown to 60000
[14:15:13.781] [SEVERE ] updating countdown to 60000
[14:15:13.803] [SEVERE ] updating countdown to 60000
[14:15:13.826] [SEVERE ] updating countdown to 60000
[14:15:13.849] [SEVERE ] updating countdown to 60000
[14:15:13.873] [SEVERE ] updating countdown to 60000
[14:15:13.894] [SEVERE ] updating countdown to 60000
[14:15:13.918] [SEVERE ] updating countdown to 60000
[14:15:13.940] [SEVERE ] updating countdown to 60000
[14:15:13.965] [SEVERE ] updating countdown to 60000
[14:15:13.988] [SEVERE ] updating countdown to 60000
[14:15:14.011] [SEVERE ] updating countdown to 60000
[14:15:14.037] [SEVERE ] updating countdown to 60000
[14:15:14.059] [SEVERE ] updating countdown to 60000
[14:15:14.082] [SEVERE ] updating countdown to 60000
[14:15:14.104] [SEVERE ] updating countdown to 60000
[14:15:14.130] [SEVERE ] updating countdown to 60000
[14:15:14.152] [SEVERE ] updating countdown to 60000
[14:15:14.178] [SEVERE ] updating countdown to 60000
[14:15:14.201] [SEVERE ] updating countdown to 60000
[14:15:14.222] [SEVERE ] updating countdown to 60000
[14:15:14.245] [SEVERE ] updating countdown to 60000
[14:15:14.269] [SEVERE ] updating countdown to 60000
[14:15:14.292] [SEVERE ] updating countdown to 60000
[14:15:14.317] [SEVERE ] updating countdown to 60000
[14:15:14.325] [SEVERE ] key 80 was pressed by player 2
[14:15:14.326] [SEVERE ] player 2 placing token on slot 3
[14:15:14.339] [SEVERE ] updating countdown to 60000
[14:15:14.364] [SEVERE ] updating countdown to 60000
[14:15:14.390] [SEVERE ] updating countdown to 60000
[14:15:14.412] [SEVERE ] updating countdown to 60000
[14:15:14.434] [SEVERE ] updating countdown to 60000
[14:15:14.458] [SEVERE ] updating countdown to 60000
[14:15:14.479] [SEVERE ] updating countdown to 60000
[14:15:14.504] [SEVERE ] updating countdown to 60000
[14:15:14.525] [SEVERE ] updating countdown to 60000
[14:15:14.547] [SEVERE ] updating countdown to 60000
[14:15:14.573] [SEVERE ] updating countdown to 60000
[14:15:14.598] [SEVERE ] updating countdown to 60000
[14:15:14.621] [SEVERE ] updating countdown to 60000
[14:15:14.645] [SEVERE ] updating countdown to 60000
[14:15:14.667] [SEVERE ] updating countdown to 60000
[14:15:14.690] [SEVERE ] updating countdown to 60000
[14:15:14.714] [SEVERE ] updating countdown to 60000
[14:15:14.736] [SEVERE ] updating countdown to 60000
[14:15:14.758] [SEVERE ] updating countdown to 60000
[14:15:14.782] [SEVERE ] updating countdown to 60000
[14:15:14.808] [SEVERE ] updating countdown to 60000
[14:15:14.830] [SEVERE ] updating countdown to 60000
[14:15:14.851] [SEVERE ] updating countdown to 60000
[14:15:14.875] [SEVERE ] updating countdown to 60000
[14:15:14.901] [SEVERE ] updating countdown to 60000
[14:15:14.929] [SEVERE ] updating countdown to 60000
[14:15:14.949] [SEVERE ] updating countdown to 60000
[14:15:14.971] [SEVERE ] updating countdown to 60000
[14:15:14.994] [SEVERE ] updating countdown to 60000
[14:15:15.017] [SEVERE ] updating countdown to 60000
[14:15:15.038] [SEVERE ] updating countdown to 60000
[14:15:15.062] [SEVERE ] updating countdown to 60000
[14:15:15.085] [SEVERE ] updating countdown to 60000
[14:15:15.107] [SEVERE ] updating countdown to 60000
[14:15:15.132] [SEVERE ] updating countdown to 60000
[14:15:15.158] [SEVERE ] updating countdown to 60000
[14:15:15.183] [SEVERE ] updating countdown to 60000
[14:15:15.212] [SEVERE ] updating countdown to 60000
[14:15:15.234] [SEVERE ] updating countdown to 60000
[14:15:15.256] [SEVERE ] updating countdown to 60000
[14:15:15.277] [SEVERE ] updating countdown to 60000
[14:15:15.299] [SEVERE ] updating countdown to 60000
[14:15:15.323] [SEVERE ] updating countdown to 60000
[14:15:15.346] [SEVERE ] updating countdown to 60000
[14:15:15.367] [SEVERE ] updating countdown to 60000
[14:15:15.393] [SEVERE ] updating countdown to 60000
[14:15:15.418] [SEVERE ] updating countdown to 60000
[14:15:15.444] [SEVERE ] updating countdown to 60000
[14:15:15.469] [SEVERE ] updating countdown to 60000
[14:15:15.493] [SEVERE ] updating countdown to 60000
[14:15:15.514] [SEVERE ] updating countdown to 60000
[14:15:15.536] [SEVERE ] updating countdown to 60000
[14:15:15.561] [SEVERE ] updating countdown to 60000
[14:15:15.586] [SEVERE ] updating countdown to 60000
[14:15:15.609] [SEVERE ] updating countdown to 60000
[14:15:15.631] [SEVERE ] updating countdown to 60000
[14:15:15.655] [SEVERE ] updating countdown to 60000
[14:15:15.681] [SEVERE ] updating countdown to 60000
[14:15:15.702] [SEVERE ] updating countdown to 60000
[14:15:15.723] [SEVERE ] updating countdown to 60000
[14:15:15.749] [SEVERE ] updating countdown to 60000
[14:15:15.774] [SEVERE ] updating countdown to 60000
[14:15:15.799] [SEVERE ] updating countdown to 60000
[14:15:15.825] [SEVERE ] updating countdown to 60000
[14:15:15.848] [SEVERE ] updating countdown to 60000
[14:15:15.872] [SEVERE ] updating countdown to 60000
[14:15:15.896] [SEVERE ] updating countdown to 60000
[14:15:15.917] [SEVERE ] updating countdown to 60000
[14:15:15.943] [SEVERE ] updating countdown to 60000
[14:15:15.965] [SEVERE ] updating countdown to 60000
[14:15:15.990] [SEVERE ] updating countdown to 60000
[14:15:16.016] [SEVERE ] updating countdown to 60000
[14:15:16.040] [SEVERE ] updating countdown to 60000
[14:15:16.062] [SEVERE ] updating countdown to 60000
[14:15:16.084] [SEVERE ] updating countdown to 60000
[14:15:16.105] [SEVERE ] updating countdown to 60000
[14:15:16.130] [SEVERE ] updating countdown to 60000
[14:15:16.159] [SEVERE ] updating countdown to 60000
[14:15:16.185] [SEVERE ] updating countdown to 60000
[14:15:16.209] [SEVERE ] updating countdown to 60000
[14:15:16.232] [SEVERE ] updating countdown to 60000
[14:15:16.255] [SEVERE ] updating countdown to 60000
[14:15:16.281] [SEVERE ] updating countdown to 60000
[14:15:16.303] [SEVERE ] updating countdown to 60000
[14:15:16.327] [SEVERE ] updating countdown to 60000
[14:15:16.352] [SEVERE ] updating countdown to 60000
[14:15:16.376] [SEVERE ] updating countdown to 60000
[14:15:16.402] [SEVERE ] updating countdown to 60000
[14:15:16.427] [SEVERE ] updating countdown to 60000
[14:15:16.449] [SEVERE ] updating countdown to 60000
[14:15:16.474] [SEVERE ] updating countdown to 60000
[14:15:16.495] [SEVERE ] updating countdown to 60000
[14:15:16.521] [SEVERE ] updating countdown to 60000
[14:15:16.547] [SEVERE ] updating countdown to 60000
[14:15:16.571] [SEVERE ] updating countdown to 60000
[14:15:16.597] [SEVERE ] updating countdown to 60000
[14:15:16.620] [SEVERE ] updating countdown to 60000
[14:15:16.644] [SEVERE ] updating countdown to 60000
[14:15:16.652] [SEVERE ] key 81 was pressed by player 1
[14:15:16.653] [SEVERE ] player 1 placing token on slot 0
[14:15:16.665] [SEVERE ] updating countdown to 60000
[14:15:16.691] [SEVERE ] updating countdown to 60000
[14:15:16.714] [SEVERE ] updating countdown to 60000
[14:15:16.738] [SEVERE ] updating countdown to 60000
[14:15:16.760] [SEVERE ] updating countdown to 60000
[14:15:16.781] [SEVERE ] updating countdown to 60000
[14:15:16.807] [SEVERE ] updating countdown to 60000
[14:15:16.831] [SEVERE ] updating countdown to 60000
[14:15:16.857] [SEVERE ] updating countdown to 60000
[14:15:16.881] [SEVERE ] updating countdown to 60000
[14:15:16.907] [SEVERE ] updating countdown to 60000
[14:15:16.931] [SEVERE ] updating countdown to 60000
[14:15:16.954] [SEVERE ] updating countdown to 60000
[14:15:16.976] [SEVERE ] updating countdown to 60000
[14:15:16.996] [SEVERE ] updating countdown to 60000
[14:15:17.018] [SEVERE ] updating countdown to 60000
[14:15:17.044] [SEVERE ] updating countdown to 60000
[14:15:17.066] [SEVERE ] updating countdown to 60000
[14:15:17.091] [SEVERE ] updating countdown to 60000
[14:15:17.115] [SEVERE ] updating countdown to 60000
[14:15:17.140] [SEVERE ] updating countdown to 60000
[14:15:17.166] [SEVERE ] updating countdown to 60000
[14:15:17.192] [SEVERE ] updating countdown to 60000
[14:15:17.215] [SEVERE ] updating countdown to 60000
[14:15:17.237] [SEVERE ] updating countdown to 60000
[14:15:17.260] [SEVERE ] updating countdown to 60000
[14:15:17.281] [SEVERE ] updating countdown to 60000
[14:15:17.305] [SEVERE ] updating countdown to 60000
[14:15:17.328] [SEVERE ] updating countdown to 60000
[14:15:17.354] [SEVERE ] updating countdown to 60000
[14:15:17.381] [SEVERE ] updating countdown to 60000
[14:15:17.407] [SEVERE ] updating countdown to 60000
[14:15:17.433] [SEVERE ] updating countdown to 60000
[14:15:17.457] [SEVERE ] updating countdown to 60000
[14:15:17.480] [SEVERE ] updating countdown to 60000
[14:15:17.505] [SEVERE ] updating countdown to 60000
[14:15:17.516] [SEVERE ] key 75 was pressed by player 2
[14:15:17.516] [SEVERE ] player 2 placing token on slot 5
[14:15:17.527] [SEVERE ] updating countdown to 60000
[14:15:17.551] [SEVERE ] updating countdown to 60000
[14:15:17.576] [SEVERE ] updating countdown to 60000
[14:15:17.598] [SEVERE ] updating countdown to 60000
[14:15:17.623] [SEVERE ] updating countdown to 60000
[14:15:17.647] [SEVERE ] updating countdown to 60000
[14:15:17.667] [SEVERE ] updating countdown to 60000
[14:15:17.689] [SEVERE ] updating countdown to 60000
[14:15:17.710] [SEVERE ] updating countdown to 60000
[14:15:17.732] [SEVERE ] updating countdown to 60000
[14:15:17.755] [SEVERE ] updating countdown to 60000
[14:15:17.777] [SEVERE ] updating countdown to 60000
[14:15:17.801] [SEVERE ] updating countdown to 60000
[14:15:17.825] [SEVERE ] updating countdown to 60000
[14:15:17.846] [SEVERE ] updating countdown to 60000
[14:15:17.868] [SEVERE ] updating countdown to 60000
[14:15:17.894] [SEVERE ] updating countdown to 60000
[14:15:17.916] [SEVERE ] updating countdown to 60000
[14:15:17.937] [SEVERE ] updating countdown to 60000
[14:15:17.962] [SEVERE ] updating countdown to 60000
[14:15:17.984] [SEVERE ] updating countdown to 60000
[14:15:18.010] [SEVERE ] updating countdown to 60000
[14:15:18.031] [SEVERE ] updating countdown to 60000
[14:15:18.056] [SEVERE ] updating countdown to 60000
[14:15:18.078] [SEVERE ] updating countdown to 60000
[14:15:18.102] [SEVERE ] updating countdown to 60000
[14:15:18.122] [SEVERE ] updating countdown to 60000
[14:15:18.145] [SEVERE ] updating countdown to 60000
[14:15:18.166] [SEVERE ] updating countdown to 60000
[14:15:18.188] [SEVERE ] updating countdown to 60000
[14:15:18.214] [SEVERE ] updating countdown to 60000
[14:15:18.237] [SEVERE ] updating countdown to 60000
[14:15:18.258] [SEVERE ] updating countdown to 60000
[14:15:18.279] [SEVERE ] updating countdown to 60000
[14:15:18.303] [SEVERE ] updating countdown to 60000
[14:15:18.329] [SEVERE ] updating countdown to 60000
[14:15:18.352] [SEVERE ] updating countdown to 60000
[14:15:18.378] [SEVERE ] updating countdown to 60000
[14:15:18.403] [SEVERE ] updating countdown to 60000
[14:15:18.425] [SEVERE ] updating countdown to 60000
[14:15:18.451] [SEVERE ] updating countdown to 60000
[14:15:18.476] [SEVERE ] updating countdown to 60000
[14:15:18.497] [SEVERE ] updating countdown to 60000
[14:15:18.522] [SEVERE ] updating countdown to 60000
[14:15:18.544] [SEVERE ] updating countdown to 60000
[14:15:18.570] [SEVERE ] updating countdown to 60000
[14:15:18.595] [SEVERE ] updating countdown to 60000
[14:15:18.616] [SEVERE ] updating countdown to 60000
[14:15:18.638] [SEVERE ] updating countdown to 60000
[14:15:18.658] [SEVERE ] updating countdown to 60000
[14:15:18.679] [SEVERE ] updating countdown to 60000
[14:15:18.700] [SEVERE ] updating countdown to 60000
[14:15:18.721] [SEVERE ] updating countdown to 60000
[14:15:18.742] [SEVERE ] updating countdown to 60000
[14:15:18.768] [SEVERE ] updating countdown to 60000
[14:15:18.791] [SEVERE ] updating countdown to 60000
[14:15:18.817] [SEVERE ] updating countdown to 60000
[14:15:18.843] [SEVERE ] updating countdown to 60000
[14:15:18.865] [SEVERE ] updating countdown to 60000
[14:15:18.887] [SEVERE ] updating countdown to 60000
[14:15:18.909] [SEVERE ] updating countdown to 60000
[14:15:18.935] [SEVERE ] updating countdown to 60000
[14:15:18.960] [SEVERE ] updating countdown to 60000
[14:15:18.983] [SEVERE ] updating countdown to 60000
[14:15:19.004] [SEVERE ] updating countdown to 60000
[14:15:19.026] [SEVERE ] updating countdown to 60000
[14:15:19.046] [SEVERE ] updating countdown to 60000
[14:15:19.071] [SEVERE ] updating countdown to 60000
[14:15:19.093] [SEVERE ] updating countdown to 60000
[14:15:19.114] [SEVERE ] updating countdown to 60000
[14:15:19.136] [SEVERE ] updating countdown to 60000
[14:15:19.156] [SEVERE ] key 83 was pressed by player 1
[14:15:19.156] [SEVERE ] player 1 placing token on slot 5
[14:15:19.157] [SEVERE ] updating countdown to 60000
[14:15:19.179] [SEVERE ] updating countdown to 60000
[14:15:19.200] [SEVERE ] updating countdown to 60000
[14:15:19.221] [SEVERE ] updating countdown to 60000
[14:15:19.242] [SEVERE ] updating countdown to 60000
[14:15:19.264] [SEVERE ] updating countdown to 60000
[14:15:19.285] [SEVERE ] updating countdown to 60000
[14:15:19.307] [SEVERE ] updating countdown to 60000
[14:15:19.328] [SEVERE ] updating countdown to 60000
[14:15:19.350] [SEVERE ] updating countdown to 60000
[14:15:19.370] [SEVERE ] updating countdown to 60000
[14:15:19.392] [SEVERE ] updating countdown to 60000
[14:15:19.413] [SEVERE ] updating countdown to 60000
[14:15:19.434] [SEVERE ] updating countdown to 60000
[14:15:19.456] [SEVERE ] updating countdown to 60000
[14:15:19.477] [SEVERE ] updating countdown to 60000
[14:15:19.499] [SEVERE ] updating countdown to 60000
[14:15:19.521] [SEVERE ] updating countdown to 60000
[14:15:19.542] [SEVERE ] updating countdown to 60000
[14:15:19.564] [SEVERE ] updating countdown to 60000
[14:15:19.586] [SEVERE ] updating countdown to 60000
[14:15:19.607] [SEVERE ] updating countdown to 60000
[14:15:19.629] [SEVERE ] updating countdown to 60000
[14:15:19.651] [SEVERE ] updating countdown to 60000
[14:15:19.672] [SEVERE ] updating countdown to 60000
[14:15:19.693] [SEVERE ] updating countdown to 60000
[14:15:19.719] [SEVERE ] updating countdown to 60000
[14:15:19.741] [SEVERE ] updating countdown to 60000
[14:15:19.764] [SEVERE ] updating countdown to 60000
[14:15:19.788] [SEVERE ] updating countdown to 60000
[14:15:19.809] [SEVERE ] updating countdown to 60000
[14:15:19.832] [SEVERE ] updating countdown to 60000
[14:15:19.856] [SEVERE ] updating countdown to 60000
[14:15:19.879] [SEVERE ] updating countdown to 60000
[14:15:19.905] [SEVERE ] updating countdown to 60000
[14:15:19.928] [SEVERE ] updating countdown to 60000
[14:15:19.951] [SEVERE ] updating countdown to 60000
[14:15:19.972] [SEVERE ] updating countdown to 60000
[14:15:19.993] [SEVERE ] updating countdown to 60000
[14:15:20.014] [SEVERE ] updating countdown to 60000
[14:15:20.036] [SEVERE ] updating countdown to 60000
[14:15:20.056] [SEVERE ] updating countdown to 60000
[14:15:20.077] [SEVERE ] updating countdown to 60000
[14:15:20.099] [SEVERE ] updating countdown to 60000
[14:15:20.121] [SEVERE ] updating countdown to 60000
[14:15:20.143] [SEVERE ] updating countdown to 60000
[14:15:20.164] [SEVERE ] updating countdown to 60000
[14:15:20.186] [SEVERE ] updating countdown to 60000
[14:15:20.207] [SEVERE ] updating countdown to 60000
[14:15:20.229] [SEVERE ] updating countdown to 60000
[14:15:20.250] [SEVERE ] updating countdown to 60000
[14:15:20.272] [SEVERE ] updating countdown to 60000
[14:15:20.293] [SEVERE ] updating countdown to 60000
[14:15:20.315] [SEVERE ] updating countdown to 60000
[14:15:20.336] [SEVERE ] updating countdown to 60000
[14:15:20.357] [SEVERE ] updating countdown to 60000
[14:15:20.379] [SEVERE ] updating countdown to 60000
[14:15:20.401] [SEVERE ] updating countdown to 60000
[14:15:20.422] [SEVERE ] updating countdown to 60000
[14:15:20.443] [SEVERE ] updating countdown to 60000
[14:15:20.465] [SEVERE ] updating countdown to 60000
[14:15:20.487] [SEVERE ] updating countdown to 60000
[14:15:20.507] [SEVERE ] updating countdown to 60000
[14:15:20.528] [SEVERE ] updating countdown to 60000
[14:15:20.550] [SEVERE ] updating countdown to 60000
[14:15:20.572] [SEVERE ] updating countdown to 60000
[14:15:20.593] [SEVERE ] updating countdown to 60000
[14:15:20.614] [SEVERE ] updating countdown to 60000
[14:15:20.636] [SEVERE ] updating countdown to 60000
[14:15:20.658] [SEVERE ] updating countdown to 60000
[14:15:20.679] [SEVERE ] updating countdown to 60000
[14:15:20.703] [SEVERE ] updating countdown to 60000
[14:15:20.725] [SEVERE ] updating countdown to 60000
[14:15:20.747] [SEVERE ] updating countdown to 60000
[14:15:20.769] [SEVERE ] updating countdown to 60000
[14:15:20.791] [SEVERE ] updating countdown to 60000
[14:15:20.812] [SEVERE ] updating countdown to 60000
[14:15:20.834] [SEVERE ] updating countdown to 60000
[14:15:20.856] [SEVERE ] updating countdown to 60000
[14:15:20.877] [SEVERE ] updating countdown to 60000
[14:15:20.898] [SEVERE ] updating countdown to 60000
[14:15:20.920] [SEVERE ] updating countdown to 60000
[14:15:20.941] [SEVERE ] updating countdown to 60000
[14:15:20.962] [SEVERE ] updating countdown to 60000
[14:15:20.983] [SEVERE ] updating countdown to 60000
[14:15:21.004] [SEVERE ] updating countdown to 60000
[14:15:21.026] [SEVERE ] updating countdown to 60000
[14:15:21.047] [SEVERE ] updating countdown to 60000
[14:15:21.068] [SEVERE ] updating countdown to 60000
[14:15:21.090] [SEVERE ] updating countdown to 60000
[14:15:21.110] [SEVERE ] updating countdown to 60000
[14:15:21.135] [SEVERE ] updating countdown to 60000
[14:15:21.161] [SEVERE ] updating countdown to 60000
[14:15:21.183] [SEVERE ] updating countdown to 60000
[14:15:21.206] [SEVERE ] updating countdown to 60000
[14:15:21.229] [SEVERE ] updating countdown to 60000
[14:15:21.251] [SEVERE ] updating countdown to 60000
[14:15:21.273] [SEVERE ] updating countdown to 60000
[14:15:21.294] [SEVERE ] updating countdown to 60000
[14:15:21.316] [SEVERE ] updating countdown to 60000
[14:15:21.337] [SEVERE ] updating countdown to 60000
[14:15:21.357] [SEVERE ] updating countdown to 60000
[14:15:21.379] [SEVERE ] updating countdown to 60000
[14:15:21.401] [SEVERE ] updating countdown to 60000
[14:15:21.421] [SEVERE ] updating countdown to 60000
[14:15:21.443] [SEVERE ] updating countdown to 60000
[14:15:21.464] [SEVERE ] updating countdown to 60000
[14:15:21.486] [SEVERE ] updating countdown to 60000
[14:15:21.507] [SEVERE ] updating countdown to 60000
[14:15:21.528] [SEVERE ] updating countdown to 60000
[14:15:21.550] [SEVERE ] updating countdown to 60000
[14:15:21.570] [SEVERE ] updating countdown to 60000
[14:15:21.592] [SEVERE ] updating countdown to 60000
[14:15:21.612] [SEVERE ] updating countdown to 60000
[14:15:21.634] [SEVERE ] updating countdown to 60000
[14:15:21.654] [SEVERE ] updating countdown to 60000
[14:15:21.675] [SEVERE ] updating countdown to 60000
[14:15:21.696] [SEVERE ] updating countdown to 60000
[14:15:21.717] [SEVERE ] updating countdown to 60000
[14:15:21.738] [SEVERE ] updating countdown to 60000
[14:15:21.759] [SEVERE ] updating countdown to 60000
[14:15:21.780] [SEVERE ] updating countdown to 60000
[14:15:21.802] [SEVERE ] updating countdown to 60000
[14:15:21.823] [SEVERE ] updating countdown to 60000
[14:15:21.844] [SEVERE ] updating countdown to 60000
[14:15:21.864] [SEVERE ] updating countdown to 60000
[14:15:21.885] [SEVERE ] updating countdown to 60000
[14:15:21.906] [SEVERE ] updating countdown to 60000
[14:15:21.927] [SEVERE ] updating countdown to 60000
[14:15:21.948] [SEVERE ] updating countdown to 60000
[14:15:21.969] [SEVERE ] updating countdown to 60000
[14:15:21.991] [SEVERE ] updating countdown to 60000
[14:15:22.012] [SEVERE ] updating countdown to 60000
[14:15:22.033] [SEVERE ] updating countdown to 60000
[14:15:22.054] [SEVERE ] updating countdown to 60000
[14:15:22.055] [SEVERE ] key 67 was pressed by player 1
[14:15:22.055] [SEVERE ] player 1 placing token on slot 10
[14:15:22.077] [SEVERE ] updating countdown to 60000
[14:15:22.099] [SEVERE ] updating countdown to 60000
[14:15:22.121] [SEVERE ] updating countdown to 60000
[14:15:22.142] [SEVERE ] updating countdown to 60000
[14:15:22.162] [SEVERE ] updating countdown to 60000
[14:15:22.183] [SEVERE ] updating countdown to 60000
[14:15:22.204] [SEVERE ] updating countdown to 60000
[14:15:22.225] [SEVERE ] updating countdown to 60000
[14:15:22.246] [SEVERE ] updating countdown to 60000
[14:15:22.270] [SEVERE ] updating countdown to 60000
[14:15:22.291] [SEVERE ] updating countdown to 60000
[14:15:22.313] [SEVERE ] updating countdown to 60000
[14:15:22.336] [SEVERE ] updating countdown to 60000
[14:15:22.356] [SEVERE ] updating countdown to 60000
[14:15:22.378] [SEVERE ] updating countdown to 60000
[14:15:22.400] [SEVERE ] updating countdown to 60000
[14:15:22.422] [SEVERE ] updating countdown to 60000
[14:15:22.443] [SEVERE ] updating countdown to 60000
[14:15:22.465] [SEVERE ] updating countdown to 60000
[14:15:22.486] [SEVERE ] updating countdown to 60000
[14:15:22.508] [SEVERE ] updating countdown to 60000
[14:15:22.531] [SEVERE ] updating countdown to 60000
[14:15:22.552] [SEVERE ] updating countdown to 60000
[14:15:22.573] [SEVERE ] updating countdown to 60000
[14:15:22.594] [SEVERE ] updating countdown to 60000
[14:15:22.617] [SEVERE ] updating countdown to 60000
[14:15:22.639] [SEVERE ] updating countdown to 60000
[14:15:22.661] [SEVERE ] updating countdown to 60000
[14:15:22.682] [SEVERE ] updating countdown to 60000
[14:15:22.706] [SEVERE ] updating countdown to 60000
[14:15:22.731] [SEVERE ] updating countdown to 60000
[14:15:22.753] [SEVERE ] updating countdown to 60000
[14:15:22.776] [SEVERE ] updating countdown to 60000
[14:15:22.799] [SEVERE ] updating countdown to 60000
[14:15:22.823] [SEVERE ] updating countdown to 60000
[14:15:22.844] [SEVERE ] updating countdown to 60000
[14:15:22.866] [SEVERE ] updating countdown to 60000
[14:15:22.887] [SEVERE ] updating countdown to 60000
[14:15:22.909] [SEVERE ] updating countdown to 60000
[14:15:22.931] [SEVERE ] updating countdown to 60000
[14:15:22.952] [SEVERE ] updating countdown to 60000
[14:15:22.973] [SEVERE ] updating countdown to 60000
[14:15:22.996] [SEVERE ] updating countdown to 60000
[14:15:23.018] [SEVERE ] updating countdown to 60000
[14:15:23.040] [SEVERE ] updating countdown to 60000
[14:15:23.060] [SEVERE ] updating countdown to 60000
[14:15:23.083] [SEVERE ] updating countdown to 60000
[14:15:23.104] [SEVERE ] updating countdown to 60000
[14:15:23.125] [SEVERE ] updating countdown to 60000
[14:15:23.150] [SEVERE ] updating countdown to 60000
[14:15:23.175] [SEVERE ] updating countdown to 60000
[14:15:23.199] [SEVERE ] updating countdown to 60000
[14:15:23.225] [SEVERE ] updating countdown to 60000
[14:15:23.250] [SEVERE ] updating countdown to 60000
[14:15:23.275] [SEVERE ] updating countdown to 60000
[14:15:23.298] [SEVERE ] updating countdown to 60000
[14:15:23.323] [SEVERE ] updating countdown to 60000
[14:15:23.348] [SEVERE ] updating countdown to 60000
[14:15:23.374] [SEVERE ] updating countdown to 60000
[14:15:23.397] [SEVERE ] updating countdown to 60000
[14:15:23.422] [SEVERE ] updating countdown to 60000
[14:15:23.445] [SEVERE ] updating countdown to 60000
[14:15:23.469] [SEVERE ] updating countdown to 60000
[14:15:23.494] [SEVERE ] updating countdown to 60000
[14:15:23.514] [SEVERE ] updating countdown to 60000
[14:15:23.536] [SEVERE ] updating countdown to 60000
[14:15:23.557] [SEVERE ] updating countdown to 60000
[14:15:23.578] [SEVERE ] updating countdown to 60000
[14:15:23.602] [SEVERE ] updating countdown to 60000
[14:15:23.623] [SEVERE ] updating countdown to 60000
[14:15:23.645] [SEVERE ] updating countdown to 60000
[14:15:23.665] [SEVERE ] updating countdown to 60000
[14:15:23.687] [SEVERE ] updating countdown to 60000
[14:15:23.707] [SEVERE ] updating countdown to 60000
[14:15:23.729] [SEVERE ] updating countdown to 60000
[14:15:23.752] [SEVERE ] updating countdown to 60000
[14:15:23.777] [SEVERE ] updating countdown to 60000
[14:15:23.800] [SEVERE ] updating countdown to 60000
[14:15:23.825] [SEVERE ] updating countdown to 60000
[14:15:23.847] [SEVERE ] updating countdown to 60000
[14:15:23.870] [SEVERE ] updating countdown to 60000
[14:15:23.894] [SEVERE ] updating countdown to 60000
[14:15:23.920] [SEVERE ] updating countdown to 60000
[14:15:23.942] [SEVERE ] updating countdown to 60000
[14:15:23.965] [SEVERE ] updating countdown to 60000
[14:15:23.990] [SEVERE ] updating countdown to 60000
[14:15:24.013] [SEVERE ] updating countdown to 60000
[14:15:24.039] [SEVERE ] updating countdown to 60000
[14:15:24.062] [SEVERE ] updating countdown to 60000
[14:15:24.084] [SEVERE ] updating countdown to 60000
[14:15:24.109] [SEVERE ] updating countdown to 60000
[14:15:24.130] [SEVERE ] updating countdown to 60000
[14:15:24.153] [SEVERE ] updating countdown to 60000
[14:15:24.177] [SEVERE ] updating countdown to 60000
[14:15:24.202] [SEVERE ] updating countdown to 60000
[14:15:24.223] [SEVERE ] updating countdown to 60000
[14:15:24.244] [SEVERE ] updating countdown to 60000
[14:15:24.267] [SEVERE ] updating countdown to 60000
[14:15:24.292] [SEVERE ] updating countdown to 60000
[14:15:24.317] [SEVERE ] updating countdown to 60000
[14:15:24.338] [SEVERE ] updating countdown to 60000
[14:15:24.362] [SEVERE ] updating countdown to 60000
[14:15:24.385] [SEVERE ] updating countdown to 60000
[14:15:24.409] [SEVERE ] updating countdown to 60000
[14:15:24.431] [SEVERE ] updating countdown to 60000
[14:15:24.454] [SEVERE ] updating countdown to 60000
[14:15:24.477] [SEVERE ] updating countdown to 60000
[14:15:24.503] [SEVERE ] updating countdown to 60000
[14:15:24.525] [SEVERE ] updating countdown to 60000
[14:15:24.547] [SEVERE ] updating countdown to 60000
[14:15:24.571] [SEVERE ] updating countdown to 60000
[14:15:24.595] [SEVERE ] updating countdown to 60000
[14:15:24.619] [SEVERE ] updating countdown to 60000
[14:15:24.640] [SEVERE ] updating countdown to 60000
[14:15:24.664] [SEVERE ] updating countdown to 60000
[14:15:24.686] [SEVERE ] updating countdown to 60000
[14:15:24.708] [SEVERE ] updating countdown to 60000
[14:15:24.730] [SEVERE ] updating countdown to 60000
[14:15:24.752] [SEVERE ] updating countdown to 60000
[14:15:24.777] [SEVERE ] updating countdown to 60000
[14:15:24.799] [SEVERE ] updating countdown to 60000
[14:15:24.822] [SEVERE ] updating countdown to 60000
[14:15:24.843] [SEVERE ] updating countdown to 60000
[14:15:24.865] [SEVERE ] updating countdown to 60000
[14:15:24.890] [SEVERE ] updating countdown to 60000
[14:15:24.913] [SEVERE ] updating countdown to 60000
[14:15:24.936] [SEVERE ] updating countdown to 60000
[14:15:24.958] [SEVERE ] updating countdown to 60000
[14:15:24.980] [SEVERE ] updating countdown to 60000
[14:15:25.004] [SEVERE ] updating countdown to 60000
[14:15:25.025] [SEVERE ] updating countdown to 60000
[14:15:25.052] [SEVERE ] updating countdown to 60000
[14:15:25.076] [SEVERE ] updating countdown to 60000
[14:15:25.100] [SEVERE ] updating countdown to 60000
[14:15:25.125] [SEVERE ] updating countdown to 60000
[14:15:25.146] [SEVERE ] updating countdown to 60000
[14:15:25.168] [SEVERE ] updating countdown to 60000
[14:15:25.190] [SEVERE ] updating countdown to 60000
[14:15:25.215] [SEVERE ] updating countdown to 60000
[14:15:25.241] [SEVERE ] updating countdown to 60000
[14:15:25.267] [SEVERE ] updating countdown to 60000
[14:15:25.292] [SEVERE ] updating countdown to 60000
[14:15:25.313] [SEVERE ] updating countdown to 60000
[14:15:25.335] [SEVERE ] updating countdown to 60000
[14:15:25.355] [SEVERE ] updating countdown to 60000
[14:15:25.380] [SEVERE ] updating countdown to 60000
[14:15:25.404] [SEVERE ] updating countdown to 60000
[14:15:25.430] [SEVERE ] updating countdown to 60000
[14:15:25.456] [SEVERE ] updating countdown to 60000
[14:15:25.481] [SEVERE ] updating countdown to 60000
[14:15:25.507] [SEVERE ] updating countdown to 60000
[14:15:25.530] [SEVERE ] updating countdown to 60000
[14:15:25.552] [SEVERE ] updating countdown to 60000
[14:15:25.578] [SEVERE ] updating countdown to 60000
[14:15:25.604] [SEVERE ] updating countdown to 60000
[14:15:25.630] [SEVERE ] updating countdown to 60000
[14:15:25.655] [SEVERE ] updating countdown to 60000
[14:15:25.680] [SEVERE ] updating countdown to 60000
[14:15:25.705] [SEVERE ] updating countdown to 60000
[14:15:25.728] [SEVERE ] updating countdown to 60000
[14:15:25.751] [SEVERE ] updating countdown to 60000
[14:15:25.771] [SEVERE ] updating countdown to 60000
[14:15:25.793] [SEVERE ] updating countdown to 60000
[14:15:25.815] [SEVERE ] updating countdown to 60000
[14:15:25.835] [SEVERE ] updating countdown to 60000
[14:15:25.857] [SEVERE ] updating countdown to 60000
[14:15:25.879] [SEVERE ] updating countdown to 60000
[14:15:25.899] [SEVERE ] updating countdown to 60000
[14:15:25.921] [SEVERE ] updating countdown to 60000
[14:15:25.944] [SEVERE ] updating countdown to 60000
[14:15:25.965] [SEVERE ] updating countdown to 60000
[14:15:25.986] [SEVERE ] updating countdown to 60000
[14:15:26.007] [SEVERE ] updating countdown to 60000
[14:15:26.029] [SEVERE ] updating countdown to 60000
[14:15:26.050] [SEVERE ] updating countdown to 60000
[14:15:26.072] [SEVERE ] updating countdown to 60000
[14:15:26.094] [SEVERE ] updating countdown to 60000
[14:15:26.117] [SEVERE ] updating countdown to 60000
[14:15:26.139] [SEVERE ] updating countdown to 60000
[14:15:26.164] [SEVERE ] updating countdown to 60000
[14:15:26.186] [SEVERE ] updating countdown to 60000
[14:15:26.208] [SEVERE ] updating countdown to 60000
[14:15:26.229] [SEVERE ] updating countdown to 60000
[14:15:26.255] [SEVERE ] updating countdown to 60000
[14:15:26.277] [SEVERE ] updating countdown to 60000
[14:15:26.297] [SEVERE ] updating countdown to 60000
[14:15:26.322] [SEVERE ] updating countdown to 60000
[14:15:26.345] [SEVERE ] updating countdown to 60000
[14:15:26.367] [SEVERE ] updating countdown to 60000
[14:15:26.390] [SEVERE ] updating countdown to 60000
[14:15:26.411] [SEVERE ] updating countdown to 60000
[14:15:26.433] [SEVERE ] updating countdown to 60000
[14:15:26.459] [SEVERE ] updating countdown to 60000
[14:15:26.485] [SEVERE ] updating countdown to 60000
[14:15:26.510] [SEVERE ] updating countdown to 60000
[14:15:26.536] [SEVERE ] updating countdown to 60000
[14:15:26.562] [SEVERE ] updating countdown to 60000
[14:15:26.584] [SEVERE ] updating countdown to 60000
[14:15:26.610] [SEVERE ] updating countdown to 60000
[14:15:26.635] [SEVERE ] updating countdown to 60000
[14:15:26.661] [SEVERE ] updating countdown to 60000
[14:15:26.683] [SEVERE ] updating countdown to 60000
[14:15:26.705] [SEVERE ] updating countdown to 60000
[14:15:26.731] [SEVERE ] updating countdown to 60000
[14:15:26.755] [SEVERE ] updating countdown to 60000
[14:15:26.777] [SEVERE ] updating countdown to 60000
[14:15:26.800] [SEVERE ] updating countdown to 60000
[14:15:26.821] [SEVERE ] updating countdown to 60000
[14:15:26.843] [SEVERE ] updating countdown to 60000
[14:15:26.866] [SEVERE ] updating countdown to 60000
[14:15:26.888] [SEVERE ] updating countdown to 60000
[14:15:26.913] [SEVERE ] updating countdown to 60000
[14:15:26.939] [SEVERE ] updating countdown to 60000
[14:15:26.962] [SEVERE ] updating countdown to 60000
[14:15:26.988] [SEVERE ] updating countdown to 60000
[14:15:27.013] [SEVERE ] updating countdown to 60000
[14:15:27.036] [SEVERE ] updating countdown to 60000
[14:15:27.062] [SEVERE ] updating countdown to 60000
[14:15:27.088] [SEVERE ] updating countdown to 60000
[14:15:27.110] [SEVERE ] updating countdown to 60000
[14:15:27.132] [SEVERE ] updating countdown to 60000
[14:15:27.153] [SEVERE ] updating countdown to 60000
[14:15:27.176] [SEVERE ] updating countdown to 60000
[14:15:27.198] [SEVERE ] updating countdown to 60000
[14:15:27.219] [SEVERE ] updating countdown to 60000
[14:15:27.241] [SEVERE ] updating countdown to 60000
[14:15:27.266] [SEVERE ] updating countdown to 60000
[14:15:27.286] [SEVERE ] updating countdown to 60000
[14:15:27.309] [SEVERE ] updating countdown to 60000
[14:15:27.333] [SEVERE ] updating countdown to 60000
[14:15:27.355] [SEVERE ] updating countdown to 60000
[14:15:27.378] [SEVERE ] updating countdown to 60000
[14:15:27.400] [SEVERE ] updating countdown to 60000
[14:15:27.425] [SEVERE ] updating countdown to 60000
[14:15:27.449] [SEVERE ] updating countdown to 60000
[14:15:27.472] [SEVERE ] updating countdown to 60000
[14:15:27.495] [SEVERE ] updating countdown to 60000
[14:15:27.516] [SEVERE ] updating countdown to 60000
[14:15:27.538] [SEVERE ] updating countdown to 60000
[14:15:27.560] [SEVERE ] updating countdown to 60000
[14:15:27.583] [SEVERE ] updating countdown to 60000
[14:15:27.605] [SEVERE ] updating countdown to 60000
[14:15:27.628] [SEVERE ] updating countdown to 60000
[14:15:27.650] [SEVERE ] updating countdown to 60000
[14:15:27.676] [SEVERE ] updating countdown to 60000
[14:15:27.698] [SEVERE ] updating countdown to 60000
[14:15:27.721] [SEVERE ] updating countdown to 60000
[14:15:27.743] [SEVERE ] updating countdown to 60000
[14:15:27.764] [SEVERE ] updating countdown to 60000
[14:15:27.788] [SEVERE ] updating countdown to 60000
[14:15:27.812] [SEVERE ] updating countdown to 60000
[14:15:27.836] [SEVERE ] updating countdown to 60000
[14:15:27.858] [SEVERE ] updating countdown to 60000
[14:15:27.884] [SEVERE ] updating countdown to 60000
[14:15:27.907] [SEVERE ] updating countdown to 60000
[14:15:27.932] [SEVERE ] updating countdown to 60000
[14:15:27.954] [SEVERE ] updating countdown to 60000
[14:15:27.976] [SEVERE ] updating countdown to 60000
[14:15:28.002] [SEVERE ] updating countdown to 60000
[14:15:28.024] [SEVERE ] updating countdown to 60000
[14:15:28.047] [SEVERE ] updating countdown to 60000
[14:15:28.067] [SEVERE ] updating countdown to 60000
[14:15:28.089] [SEVERE ] updating countdown to 60000
[14:15:28.110] [SEVERE ] updating countdown to 60000
[14:15:28.133] [SEVERE ] updating countdown to 60000
[14:15:28.155] [SEVERE ] updating countdown to 60000
[14:15:28.181] [SEVERE ] updating countdown to 60000
[14:15:28.207] [SEVERE ] updating countdown to 60000
[14:15:28.233] [SEVERE ] updating countdown to 60000
[14:15:28.257] [SEVERE ] updating countdown to 60000
[14:15:28.283] [SEVERE ] updating countdown to 60000
[14:15:28.304] [SEVERE ] updating countdown to 60000
[14:15:28.330] [SEVERE ] updating countdown to 60000
[14:15:28.353] [SEVERE ] updating countdown to 60000
[14:15:28.375] [SEVERE ] updating countdown to 60000
[14:15:28.400] [SEVERE ] updating countdown to 60000
[14:15:28.423] [SEVERE ] updating countdown to 60000
[14:15:28.448] [SEVERE ] updating countdown to 60000
[14:15:28.472] [SEVERE ] updating countdown to 60000
[14:15:28.495] [SEVERE ] updating countdown to 60000
[14:15:28.519] [SEVERE ] updating countdown to 60000
[14:15:28.540] [SEVERE ] updating countdown to 60000
[14:15:28.566] [SEVERE ] updating countdown to 60000
[14:15:28.591] [SEVERE ] updating countdown to 60000
[14:15:28.613] [SEVERE ] updating countdown to 60000
[14:15:28.635] [SEVERE ] updating countdown to 60000
[14:15:28.655] [SEVERE ] updating countdown to 60000
[14:15:28.681] [SEVERE ] updating countdown to 60000
[14:15:28.702] [SEVERE ] updating countdown to 60000
[14:15:28.724] [SEVERE ] updating countdown to 60000
[14:15:28.745] [SEVERE ] updating countdown to 60000
[14:15:28.767] [SEVERE ] updating countdown to 60000
[14:15:28.793] [SEVERE ] updating countdown to 60000
[14:15:28.813] [SEVERE ] updating countdown to 60000
[14:15:28.837] [SEVERE ] updating countdown to 60000
[14:15:28.858] [SEVERE ] updating countdown to 60000
[14:15:28.883] [SEVERE ] updating countdown to 60000
[14:15:28.909] [SEVERE ] updating countdown to 60000
[14:15:28.931] [SEVERE ] updating countdown to 60000
[14:15:28.956] [SEVERE ] updating countdown to 60000
[14:15:28.981] [SEVERE ] updating countdown to 60000
[14:15:29.003] [SEVERE ] updating countdown to 60000
[14:15:29.024] [SEVERE ] updating countdown to 60000
[14:15:29.049] [SEVERE ] updating countdown to 60000
[14:15:29.075] [SEVERE ] updating countdown to 60000
[14:15:29.097] [SEVERE ] updating countdown to 60000
[14:15:29.119] [SEVERE ] updating countdown to 60000
[14:15:29.142] [SEVERE ] updating countdown to 60000
[14:15:29.166] [SEVERE ] updating countdown to 60000
[14:15:29.189] [SEVERE ] updating countdown to 60000
[14:15:29.209] [SEVERE ] updating countdown to 60000
[14:15:29.230] [SEVERE ] updating countdown to 60000
[14:15:29.252] [SEVERE ] updating countdown to 60000
[14:15:29.274] [SEVERE ] updating countdown to 60000
[14:15:29.299] [SEVERE ] updating countdown to 60000
[14:15:29.322] [SEVERE ] updating countdown to 60000
[14:15:29.344] [SEVERE ] updating countdown to 60000
[14:15:29.365] [SEVERE ] updating countdown to 60000
[14:15:29.387] [SEVERE ] updating countdown to 60000
[14:15:29.411] [SEVERE ] updating countdown to 60000
[14:15:29.435] [SEVERE ] updating countdown to 60000
[14:15:29.459] [SEVERE ] updating countdown to 60000
[14:15:29.482] [SEVERE ] updating countdown to 60000
[14:15:29.503] [SEVERE ] updating countdown to 60000
[14:15:29.528] [SEVERE ] updating countdown to 60000
[14:15:29.554] [SEVERE ] updating countdown to 60000
[14:15:29.577] [SEVERE ] updating countdown to 60000
[14:15:29.602] [SEVERE ] updating countdown to 60000
[14:15:29.624] [SEVERE ] updating countdown to 60000
[14:15:29.647] [SEVERE ] updating countdown to 60000
[14:15:29.668] [SEVERE ] updating countdown to 60000
[14:15:29.691] [SEVERE ] updating countdown to 60000
[14:15:29.715] [SEVERE ] updating countdown to 60000
[14:15:29.735] [SEVERE ] updating countdown to 60000
[14:15:29.756] [SEVERE ] updating countdown to 60000
[14:15:29.777] [SEVERE ] updating countdown to 60000
[14:15:29.799] [SEVERE ] updating countdown to 60000
[14:15:29.821] [SEVERE ] updating countdown to 60000
[14:15:29.844] [SEVERE ] updating countdown to 60000
[14:15:29.865] [SEVERE ] updating countdown to 60000
[14:15:29.888] [SEVERE ] updating countdown to 60000
[14:15:29.912] [SEVERE ] updating countdown to 60000
[14:15:29.935] [SEVERE ] updating countdown to 60000
[14:15:29.955] [SEVERE ] updating countdown to 60000
[14:15:29.978] [SEVERE ] updating countdown to 60000
[14:15:30.000] [SEVERE ] updating countdown to 60000
[14:15:30.022] [SEVERE ] updating countdown to 60000
[14:15:30.045] [SEVERE ] updating countdown to 60000
[14:15:30.071] [SEVERE ] updating countdown to 60000
[14:15:30.095] [SEVERE ] updating countdown to 60000
[14:15:30.118] [SEVERE ] updating countdown to 60000
[14:15:30.140] [SEVERE ] updating countdown to 60000
[14:15:30.160] [SEVERE ] updating countdown to 60000
[14:15:30.182] [SEVERE ] updating countdown to 60000
[14:15:30.203] [SEVERE ] updating countdown to 60000
[14:15:30.225] [SEVERE ] updating countdown to 60000
[14:15:30.246] [SEVERE ] updating countdown to 60000
[14:15:30.269] [SEVERE ] updating countdown to 60000
[14:15:30.291] [SEVERE ] updating countdown to 60000
[14:15:30.311] [SEVERE ] updating countdown to 60000
[14:15:30.332] [SEVERE ] updating countdown to 60000
[14:15:30.355] [SEVERE ] updating countdown to 60000
[14:15:30.375] [SEVERE ] updating countdown to 60000
[14:15:30.397] [SEVERE ] updating countdown to 60000
[14:15:30.420] [SEVERE ] updating countdown to 60000
[14:15:30.442] [SEVERE ] updating countdown to 60000
[14:15:30.466] [SEVERE ] updating countdown to 60000
[14:15:30.488] [SEVERE ] updating countdown to 60000
[14:15:30.509] [SEVERE ] updating countdown to 60000
[14:15:30.531] [SEVERE ] updating countdown to 60000
[14:15:30.552] [SEVERE ] updating countdown to 60000
[14:15:30.573] [SEVERE ] updating countdown to 60000
[14:15:30.594] [SEVERE ] updating countdown to 60000
[14:15:30.615] [SEVERE ] updating countdown to 60000
[14:15:30.638] [SEVERE ] updating countdown to 60000
[14:15:30.659] [SEVERE ] updating countdown to 60000
[14:15:30.681] [SEVERE ] updating countdown to 60000
[14:15:30.704] [SEVERE ] updating countdown to 60000
[14:15:30.726] [SEVERE ] updating countdown to 60000
[14:15:30.748] [SEVERE ] updating countdown to 60000
[14:15:30.768] [SEVERE ] updating countdown to 60000
[14:15:30.790] [SEVERE ] updating countdown to 60000
[14:15:30.811] [SEVERE ] updating countdown to 60000
[14:15:30.833] [SEVERE ] updating countdown to 60000
[14:15:30.854] [SEVERE ] updating countdown to 60000
[14:15:30.877] [SEVERE ] updating countdown to 60000
[14:15:30.899] [SEVERE ] updating countdown to 60000
[14:15:30.922] [SEVERE ] updating countdown to 60000
[14:15:30.944] [SEVERE ] updating countdown to 60000
[14:15:30.967] [SEVERE ] updating countdown to 60000
[14:15:30.988] [SEVERE ] updating countdown to 60000
[14:15:31.010] [SEVERE ] updating countdown to 60000
[14:15:31.031] [SEVERE ] updating countdown to 60000
[14:15:31.053] [SEVERE ] updating countdown to 60000
[14:15:31.074] [SEVERE ] updating countdown to 60000
[14:15:31.096] [SEVERE ] updating countdown to 60000
[14:15:31.117] [SEVERE ] updating countdown to 60000
[14:15:31.140] [SEVERE ] updating countdown to 60000
[14:15:31.161] [SEVERE ] updating countdown to 60000
[14:15:31.184] [SEVERE ] updating countdown to 60000
[14:15:31.205] [SEVERE ] updating countdown to 60000
[14:15:31.226] [SEVERE ] updating countdown to 60000
[14:15:31.247] [SEVERE ] updating countdown to 60000
[14:15:31.267] [SEVERE ] updating countdown to 60000
[14:15:31.289] [SEVERE ] updating countdown to 60000
[14:15:31.309] [SEVERE ] updating countdown to 60000
[14:15:31.331] [SEVERE ] updating countdown to 60000
[14:15:31.352] [SEVERE ] updating countdown to 60000
[14:15:31.375] [SEVERE ] updating countdown to 60000
[14:15:31.398] [SEVERE ] updating countdown to 60000
[14:15:31.418] [SEVERE ] updating countdown to 60000
[14:15:31.440] [SEVERE ] updating countdown to 60000
[14:15:31.463] [SEVERE ] updating countdown to 60000
[14:15:31.485] [SEVERE ] updating countdown to 60000
[14:15:31.506] [SEVERE ] updating countdown to 60000
[14:15:31.527] [SEVERE ] updating countdown to 60000
[14:15:31.549] [SEVERE ] updating countdown to 60000
[14:15:31.570] [SEVERE ] updating countdown to 60000
[14:15:31.590] [SEVERE ] updating countdown to 60000
[14:15:31.612] [SEVERE ] updating countdown to 60000
[14:15:31.635] [SEVERE ] updating countdown to 60000
[14:15:31.656] [SEVERE ] updating countdown to 60000
[14:15:31.676] [SEVERE ] updating countdown to 60000
[14:15:31.697] [SEVERE ] updating countdown to 60000
[14:15:31.719] [SEVERE ] updating countdown to 60000
[14:15:31.741] [SEVERE ] updating countdown to 60000
[14:15:31.761] [SEVERE ] updating countdown to 60000
[14:15:31.782] [SEVERE ] updating countdown to 60000
[14:15:31.805] [SEVERE ] updating countdown to 60000
[14:15:31.826] [SEVERE ] updating countdown to 60000
[14:15:31.848] [SEVERE ] updating countdown to 60000
[14:15:31.869] [SEVERE ] updating countdown to 60000
[14:15:31.889] [SEVERE ] updating countdown to 60000
[14:15:31.910] [SEVERE ] updating countdown to 60000
[14:15:31.933] [SEVERE ] updating countdown to 60000
[14:15:31.953] [SEVERE ] updating countdown to 60000
[14:15:31.975] [SEVERE ] updating countdown to 60000
[14:15:31.996] [SEVERE ] updating countdown to 60000
[14:15:32.017] [SEVERE ] updating countdown to 60000
[14:15:32.040] [SEVERE ] updating countdown to 60000
[14:15:32.065] [SEVERE ] updating countdown to 60000
[14:15:32.092] [SEVERE ] updating countdown to 60000
[14:15:32.114] [SEVERE ] updating countdown to 60000
[14:15:32.136] [SEVERE ] updating countdown to 60000
[14:15:32.158] [SEVERE ] updating countdown to 60000
[14:15:32.184] [SEVERE ] updating countdown to 60000
[14:15:32.205] [SEVERE ] updating countdown to 60000
[14:15:32.227] [SEVERE ] updating countdown to 60000
[14:15:32.249] [SEVERE ] updating countdown to 60000
[14:15:32.270] [SEVERE ] updating countdown to 60000
[14:15:32.293] [SEVERE ] updating countdown to 60000
[14:15:32.315] [SEVERE ] updating countdown to 60000
[14:15:32.335] [SEVERE ] updating countdown to 60000
[14:15:32.357] [SEVERE ] updating countdown to 60000
[14:15:32.378] [SEVERE ] updating countdown to 60000
[14:15:32.399] [SEVERE ] updating countdown to 60000
[14:15:32.421] [SEVERE ] updating countdown to 60000
[14:15:32.444] [SEVERE ] updating countdown to 60000
[14:15:32.466] [SEVERE ] updating countdown to 60000
[14:15:32.487] [SEVERE ] updating countdown to 60000
[14:15:32.509] [SEVERE ] updating countdown to 60000
[14:15:32.531] [SEVERE ] updating countdown to 60000
[14:15:32.552] [SEVERE ] updating countdown to 60000
[14:15:32.574] [SEVERE ] updating countdown to 60000
[14:15:32.595] [SEVERE ] updating countdown to 60000
[14:15:32.617] [SEVERE ] updating countdown to 60000
[14:15:32.639] [SEVERE ] updating countdown to 60000
[14:15:32.660] [SEVERE ] updating countdown to 60000
[14:15:32.684] [SEVERE ] updating countdown to 60000
[14:15:32.705] [SEVERE ] updating countdown to 60000
[14:15:32.726] [SEVERE ] updating countdown to 60000
[14:15:32.748] [SEVERE ] updating countdown to 60000
[14:15:32.769] [SEVERE ] updating countdown to 60000
[14:15:32.790] [SEVERE ] updating countdown to 60000
[14:15:32.812] [SEVERE ] updating countdown to 60000
[14:15:32.833] [SEVERE ] updating countdown to 60000
[14:15:32.854] [SEVERE ] updating countdown to 60000
[14:15:32.875] [SEVERE ] updating countdown to 60000
[14:15:32.897] [SEVERE ] updating countdown to 60000
[14:15:32.918] [SEVERE ] updating countdown to 60000
[14:15:32.939] [SEVERE ] updating countdown to 60000
[14:15:32.960] [SEVERE ] updating countdown to 60000
[14:15:32.983] [SEVERE ] updating countdown to 60000
[14:15:33.003] [SEVERE ] updating countdown to 60000
[14:15:33.025] [SEVERE ] updating countdown to 60000
[14:15:33.046] [SEVERE ] updating countdown to 60000
[14:15:33.069] [SEVERE ] updating countdown to 60000
[14:15:33.089] [SEVERE ] updating countdown to 60000
[14:15:33.110] [SEVERE ] updating countdown to 60000
[14:15:33.131] [SEVERE ] updating countdown to 60000
[14:15:33.153] [SEVERE ] updating countdown to 60000
[14:15:33.178] [SEVERE ] updating countdown to 60000
[14:15:33.199] [SEVERE ] updating countdown to 60000
[14:15:33.221] [SEVERE ] updating countdown to 60000
[14:15:33.244] [SEVERE ] updating countdown to 60000
[14:15:33.269] [SEVERE ] updating countdown to 60000
[14:15:33.290] [SEVERE ] updating countdown to 60000
[14:15:33.311] [SEVERE ] updating countdown to 60000
[14:15:33.332] [SEVERE ] updating countdown to 60000
[14:15:33.357] [SEVERE ] updating countdown to 60000
[14:15:33.377] [SEVERE ] updating countdown to 60000
[14:15:33.398] [SEVERE ] updating countdown to 60000
[14:15:33.420] [SEVERE ] updating countdown to 60000
[14:15:33.443] [SEVERE ] updating countdown to 60000
[14:15:33.465] [SEVERE ] updating countdown to 60000
[14:15:33.487] [SEVERE ] updating countdown to 60000
[14:15:33.507] [SEVERE ] updating countdown to 60000
[14:15:33.529] [SEVERE ] updating countdown to 60000
[14:15:33.555] [SEVERE ] updating countdown to 60000
[14:15:33.576] [SEVERE ] updating countdown to 60000
[14:15:33.598] [SEVERE ] updating countdown to 60000
[14:15:33.619] [SEVERE ] updating countdown to 60000
[14:15:33.645] [SEVERE ] updating countdown to 60000
[14:15:33.667] [SEVERE ] updating countdown to 60000
[14:15:33.688] [SEVERE ] updating countdown to 60000
[14:15:33.709] [SEVERE ] updating countdown to 60000
[14:15:33.730] [SEVERE ] updating countdown to 60000
[14:15:33.752] [SEVERE ] updating countdown to 60000
[14:15:33.775] [SEVERE ] updating countdown to 60000
[14:15:33.797] [SEVERE ] updating countdown to 60000
[14:15:33.817] [SEVERE ] updating countdown to 60000
[14:15:33.839] [SEVERE ] updating countdown to 60000
[14:15:33.860] [SEVERE ] updating countdown to 60000
[14:15:33.881] [SEVERE ] updating countdown to 60000
[14:15:33.903] [SEVERE ] updating countdown to 60000
[14:15:33.923] [SEVERE ] updating countdown to 60000
[14:15:33.946] [SEVERE ] updating countdown to 60000
[14:15:33.972] [SEVERE ] updating countdown to 60000
[14:15:33.993] [SEVERE ] updating countdown to 60000
[14:15:34.014] [SEVERE ] updating countdown to 60000
[14:15:34.037] [SEVERE ] updating countdown to 60000
[14:15:34.057] [SEVERE ] updating countdown to 60000
[14:15:34.078] [SEVERE ] updating countdown to 60000
[14:15:34.099] [SEVERE ] updating countdown to 60000
[14:15:34.120] [SEVERE ] updating countdown to 60000
[14:15:34.142] [SEVERE ] updating countdown to 60000
[14:15:34.163] [SEVERE ] updating countdown to 60000
[14:15:34.183] [SEVERE ] updating countdown to 60000
[14:15:34.204] [SEVERE ] updating countdown to 60000
[14:15:34.226] [SEVERE ] updating countdown to 60000
[14:15:34.248] [SEVERE ] updating countdown to 60000
[14:15:34.268] [SEVERE ] updating countdown to 60000
[14:15:34.290] [SEVERE ] updating countdown to 60000
[14:15:34.311] [SEVERE ] updating countdown to 60000
[14:15:34.331] [SEVERE ] updating countdown to 60000
[14:15:34.355] [SEVERE ] updating countdown to 60000
[14:15:34.381] [SEVERE ] updating countdown to 60000
[14:15:34.407] [SEVERE ] updating countdown to 60000
[14:15:34.433] [SEVERE ] updating countdown to 60000
[14:15:34.454] [SEVERE ] updating countdown to 60000
[14:15:34.480] [SEVERE ] updating countdown to 60000
[14:15:34.503] [SEVERE ] updating countdown to 60000
[14:15:34.523] [SEVERE ] updating countdown to 60000
[14:15:34.545] [SEVERE ] updating countdown to 60000
[14:15:34.571] [SEVERE ] updating countdown to 60000
[14:15:34.594] [SEVERE ] updating countdown to 60000
[14:15:34.618] [SEVERE ] updating countdown to 60000
[14:15:34.643] [SEVERE ] updating countdown to 60000
[14:15:34.666] [SEVERE ] updating countdown to 60000
[14:15:34.691] [SEVERE ] updating countdown to 60000
[14:15:34.717] [SEVERE ] updating countdown to 60000
[14:15:34.739] [SEVERE ] updating countdown to 60000
[14:15:34.765] [SEVERE ] updating countdown to 60000
[14:15:34.789] [SEVERE ] updating countdown to 60000
[14:15:34.815] [SEVERE ] updating countdown to 60000
[14:15:34.836] [SEVERE ] updating countdown to 60000
[14:15:34.862] [SEVERE ] updating countdown to 60000
[14:15:34.887] [SEVERE ] updating countdown to 60000
[14:15:34.912] [SEVERE ] updating countdown to 60000
[14:15:34.938] [SEVERE ] updating countdown to 60000
[14:15:34.960] [SEVERE ] updating countdown to 60000
[14:15:34.986] [SEVERE ] updating countdown to 60000
[14:15:35.011] [SEVERE ] updating countdown to 60000
[14:15:35.031] [SEVERE ] updating countdown to 60000
[14:15:35.055] [SEVERE ] updating countdown to 60000
[14:15:35.076] [SEVERE ] updating countdown to 60000
[14:15:35.097] [SEVERE ] updating countdown to 60000
[14:15:35.118] [SEVERE ] updating countdown to 60000
[14:15:35.139] [SEVERE ] updating countdown to 60000
[14:15:35.162] [SEVERE ] updating countdown to 60000
[14:15:35.183] [SEVERE ] updating countdown to 60000
[14:15:35.205] [SEVERE ] updating countdown to 60000
[14:15:35.226] [SEVERE ] updating countdown to 60000
[14:15:35.247] [SEVERE ] updating countdown to 60000
[14:15:35.268] [SEVERE ] updating countdown to 60000
[14:15:35.289] [SEVERE ] updating countdown to 60000
[14:15:35.310] [SEVERE ] updating countdown to 60000
[14:15:35.331] [SEVERE ] updating countdown to 60000
[14:15:35.354] [SEVERE ] updating countdown to 60000
[14:15:35.375] [SEVERE ] updating countdown to 60000
[14:15:35.398] [SEVERE ] updating countdown to 60000
[14:15:35.420] [SEVERE ] updating countdown to 60000
[14:15:35.444] [SEVERE ] updating countdown to 60000
[14:15:35.465] [SEVERE ] updating countdown to 60000
[14:15:35.488] [SEVERE ] updating countdown to 60000
[14:15:35.508] [SEVERE ] updating countdown to 60000
[14:15:35.529] [SEVERE ] updating countdown to 60000
[14:15:35.550] [SEVERE ] updating countdown to 60000
[14:15:35.572] [SEVERE ] updating countdown to 60000
[14:15:35.595] [SEVERE ] updating countdown to 60000
[14:15:35.616] [SEVERE ] updating countdown to 60000
[14:15:35.642] [SEVERE ] updating countdown to 60000
[14:15:35.664] [SEVERE ] updating countdown to 60000
[14:15:35.691] [SEVERE ] updating countdown to 60000
[14:15:35.715] [SEVERE ] updating countdown to 60000
[14:15:35.737] [SEVERE ] updating countdown to 60000
[14:15:35.759] [SEVERE ] updating countdown to 60000
[14:15:35.782] [SEVERE ] updating countdown to 60000
[14:15:35.804] [SEVERE ] updating countdown to 60000
[14:15:35.827] [SEVERE ] updating countdown to 60000
[14:15:35.854] [SEVERE ] updating countdown to 60000
[14:15:35.878] [SEVERE ] updating countdown to 60000
[14:15:35.900] [SEVERE ] updating countdown to 60000
[14:15:35.922] [SEVERE ] updating countdown to 60000
[14:15:35.947] [SEVERE ] updating countdown to 60000
[14:15:35.973] [SEVERE ] updating countdown to 60000
[14:15:35.995] [SEVERE ] updating countdown to 60000
[14:15:36.019] [SEVERE ] updating countdown to 60000
[14:15:36.042] [SEVERE ] updating countdown to 60000
[14:15:36.063] [SEVERE ] updating countdown to 60000
[14:15:36.084] [SEVERE ] updating countdown to 60000
[14:15:36.107] [SEVERE ] updating countdown to 60000
[14:15:36.129] [SEVERE ] updating countdown to 60000
[14:15:36.151] [SEVERE ] updating countdown to 60000
[14:15:36.173] [SEVERE ] updating countdown to 60000
[14:15:36.195] [SEVERE ] updating countdown to 60000
[14:15:36.217] [SEVERE ] updating countdown to 60000
[14:15:36.238] [SEVERE ] updating countdown to 60000
[14:15:36.259] [SEVERE ] updating countdown to 60000
[14:15:36.282] [SEVERE ] updating countdown to 60000
[14:15:36.305] [SEVERE ] updating countdown to 60000
[14:15:36.326] [SEVERE ] updating countdown to 60000
[14:15:36.350] [SEVERE ] updating countdown to 60000
[14:15:36.371] [SEVERE ] updating countdown to 60000
[14:15:36.396] [SEVERE ] updating countdown to 60000
[14:15:36.418] [SEVERE ] updating countdown to 60000
[14:15:36.442] [SEVERE ] updating countdown to 60000
[14:15:36.465] [SEVERE ] updating countdown to 60000
[14:15:36.487] [SEVERE ] updating countdown to 60000
[14:15:36.508] [SEVERE ] updating countdown to 60000
[14:15:36.529] [SEVERE ] updating countdown to 60000
[14:15:36.552] [SEVERE ] updating countdown to 60000
[14:15:36.575] [SEVERE ] updating countdown to 60000
[14:15:36.600] [SEVERE ] updating countdown to 60000
[14:15:36.622] [SEVERE ] updating countdown to 60000
[14:15:36.647] [SEVERE ] updating countdown to 60000
[14:15:36.669] [SEVERE ] updating countdown to 60000
[14:15:36.691] [SEVERE ] updating countdown to 60000
[14:15:36.711] [SEVERE ] updating countdown to 60000
[14:15:36.734] [SEVERE ] updating countdown to 60000
[14:15:36.755] [SEVERE ] updating countdown to 60000
[14:15:36.776] [SEVERE ] updating countdown to 60000
[14:15:36.798] [SEVERE ] updating countdown to 60000
[14:15:36.820] [SEVERE ] updating countdown to 60000
[14:15:36.842] [SEVERE ] updating countdown to 60000
[14:15:36.865] [SEVERE ] updating countdown to 60000
[14:15:36.887] [SEVERE ] updating countdown to 60000
[14:15:36.908] [SEVERE ] updating countdown to 60000
[14:15:36.929] [SEVERE ] updating countdown to 60000
[14:15:36.952] [SEVERE ] updating countdown to 60000
[14:15:36.974] [SEVERE ] updating countdown to 60000
[14:15:36.996] [SEVERE ] updating countdown to 60000
[14:15:37.017] [SEVERE ] updating countdown to 60000
[14:15:37.039] [SEVERE ] updating countdown to 60000
[14:15:37.069] [SEVERE ] updating countdown to 60000
[14:15:37.096] [SEVERE ] updating countdown to 60000
[14:15:37.117] [SEVERE ] updating countdown to 60000
[14:15:37.138] [SEVERE ] updating countdown to 60000
[14:15:37.159] [SEVERE ] updating countdown to 60000
[14:15:37.181] [SEVERE ] updating countdown to 60000
[14:15:37.203] [SEVERE ] updating countdown to 60000
[14:15:37.224] [SEVERE ] updating countdown to 60000
[14:15:37.247] [SEVERE ] updating countdown to 60000
[14:15:37.268] [SEVERE ] updating countdown to 60000
[14:15:37.290] [SEVERE ] updating countdown to 60000
[14:15:37.311] [SEVERE ] updating countdown to 60000
[14:15:37.334] [SEVERE ] updating countdown to 60000
[14:15:37.356] [SEVERE ] updating countdown to 60000
[14:15:37.377] [SEVERE ] updating countdown to 60000
[14:15:37.399] [SEVERE ] updating countdown to 60000
[14:15:37.420] [SEVERE ] updating countdown to 60000
[14:15:37.442] [SEVERE ] updating countdown to 60000
[14:15:37.464] [SEVERE ] updating countdown to 60000
[14:15:37.486] [SEVERE ] updating countdown to 60000
[14:15:37.512] [SEVERE ] updating countdown to 60000
[14:15:37.541] [SEVERE ] updating countdown to 60000
[14:15:37.563] [SEVERE ] updating countdown to 60000
[14:15:37.586] [SEVERE ] updating countdown to 60000
[14:15:37.609] [SEVERE ] updating countdown to 60000
[14:15:37.635] [SEVERE ] updating countdown to 60000
[14:15:37.656] [SEVERE ] updating countdown to 60000
[14:15:37.678] [SEVERE ] updating countdown to 60000
[14:15:37.700] [SEVERE ] updating countdown to 60000
[14:15:37.721] [SEVERE ] updating countdown to 60000
[14:15:37.743] [SEVERE ] updating countdown to 60000
[14:15:37.767] [SEVERE ] updating countdown to 60000
[14:15:37.791] [SEVERE ] updating countdown to 60000
[14:15:37.815] [SEVERE ] updating countdown to 60000
[14:15:37.836] [SEVERE ] updating countdown to 60000
[14:15:37.857] [SEVERE ] updating countdown to 60000
[14:15:37.880] [SEVERE ] updating countdown to 60000
[14:15:37.902] [SEVERE ] updating countdown to 60000
[14:15:37.923] [SEVERE ] updating countdown to 60000
[14:15:37.943] [SEVERE ] updating countdown to 60000
[14:15:37.967] [SEVERE ] updating countdown to 60000
[14:15:37.989] [SEVERE ] updating countdown to 60000
[14:15:38.011] [SEVERE ] updating countdown to 60000
[14:15:38.032] [SEVERE ] updating countdown to 60000
[14:15:38.053] [SEVERE ] updating countdown to 60000
[14:15:38.074] [SEVERE ] updating countdown to 60000
[14:15:38.097] [SEVERE ] updating countdown to 60000
[14:15:38.118] [SEVERE ] updating countdown to 60000
[14:15:38.139] [SEVERE ] updating countdown to 60000
[14:15:38.160] [SEVERE ] updating countdown to 60000
[14:15:38.182] [SEVERE ] updating countdown to 60000
[14:15:38.204] [SEVERE ] updating countdown to 60000
[14:15:38.225] [SEVERE ] updating countdown to 60000
[14:15:38.247] [SEVERE ] updating countdown to 60000
[14:15:38.268] [SEVERE ] updating countdown to 60000
[14:15:38.289] [SEVERE ] updating countdown to 60000
[14:15:38.311] [SEVERE ] updating countdown to 60000
[14:15:38.332] [SEVERE ] updating countdown to 60000
[14:15:38.353] [SEVERE ] updating countdown to 60000
[14:15:38.375] [SEVERE ] updating countdown to 60000
[14:15:38.396] [SEVERE ] updating countdown to 60000
[14:15:38.418] [SEVERE ] updating countdown to 60000
[14:15:38.440] [SEVERE ] updating countdown to 60000
[14:15:38.461] [SEVERE ] updating countdown to 60000
[14:15:38.483] [SEVERE ] updating countdown to 60000
[14:15:38.504] [SEVERE ] updating countdown to 60000
[14:15:38.525] [SEVERE ] updating countdown to 60000
[14:15:38.547] [SEVERE ] updating countdown to 60000
[14:15:38.568] [SEVERE ] updating countdown to 60000
[14:15:38.590] [SEVERE ] updating countdown to 60000
[14:15:38.611] [SEVERE ] updating countdown to 60000
[14:15:38.632] [SEVERE ] updating countdown to 60000
[14:15:38.654] [SEVERE ] updating countdown to 60000
[14:15:38.677] [SEVERE ] updating countdown to 60000
[14:15:38.698] [SEVERE ] updating countdown to 60000
[14:15:38.721] [SEVERE ] updating countdown to 60000
[14:15:38.744] [SEVERE ] updating countdown to 60000
[14:15:38.769] [SEVERE ] updating countdown to 60000
[14:15:38.790] [SEVERE ] updating countdown to 60000
[14:15:38.812] [SEVERE ] updating countdown to 60000
[14:15:38.833] [SEVERE ] updating countdown to 60000
[14:15:38.856] [SEVERE ] updating countdown to 60000
[14:15:38.877] [SEVERE ] updating countdown to 60000
[14:15:38.899] [SEVERE ] updating countdown to 60000
[14:15:38.922] [SEVERE ] updating countdown to 60000
[14:15:38.946] [SEVERE ] updating countdown to 60000
[14:15:38.968] [SEVERE ] updating countdown to 60000
[14:15:38.991] [SEVERE ] updating countdown to 60000
[14:15:39.013] [SEVERE ] updating countdown to 60000
[14:15:39.041] [SEVERE ] updating countdown to 60000
[14:15:39.065] [SEVERE ] updating countdown to 60000
[14:15:39.086] [SEVERE ] updating countdown to 60000
[14:15:39.114] [SEVERE ] updating countdown to 60000
[14:15:39.138] [SEVERE ] updating countdown to 60000
[14:15:39.162] [SEVERE ] updating countdown to 60000
[14:15:39.183] [SEVERE ] updating countdown to 60000
[14:15:39.205] [SEVERE ] updating countdown to 60000
[14:15:39.227] [SEVERE ] updating countdown to 60000
[14:15:39.254] [SEVERE ] updating countdown to 60000
[14:15:39.276] [SEVERE ] updating countdown to 60000
[14:15:39.297] [SEVERE ] updating countdown to 60000
[14:15:39.318] [SEVERE ] updating countdown to 60000
[14:15:39.342] [SEVERE ] updating countdown to 60000
[14:15:39.364] [SEVERE ] updating countdown to 60000
[14:15:39.386] [SEVERE ] updating countdown to 60000
[14:15:39.407] [SEVERE ] updating countdown to 60000
[14:15:39.427] [SEVERE ] updating countdown to 60000
[14:15:39.451] [SEVERE ] updating countdown to 60000
[14:15:39.473] [SEVERE ] updating countdown to 60000
[14:15:39.494] [SEVERE ] updating countdown to 60000
[14:15:39.517] [SEVERE ] updating countdown to 60000
[14:15:39.538] [SEVERE ] updating countdown to 60000
[14:15:39.560] [SEVERE ] updating countdown to 60000
[14:15:39.586] [SEVERE ] updating countdown to 60000
[14:15:39.607] [SEVERE ] updating countdown to 60000
[14:15:39.629] [SEVERE ] updating countdown to 60000
[14:15:39.652] [SEVERE ] updating countdown to 60000
[14:15:39.674] [SEVERE ] updating countdown to 60000
[14:15:39.695] [SEVERE ] updating countdown to 60000
[14:15:39.717] [SEVERE ] updating countdown to 60000
[14:15:39.738] [SEVERE ] updating countdown to 60000
[14:15:39.762] [SEVERE ] updating countdown to 60000
[14:15:39.785] [SEVERE ] updating countdown to 60000
[14:15:39.806] [SEVERE ] updating countdown to 60000
[14:15:39.834] [SEVERE ] updating countdown to 60000
[14:15:39.855] [SEVERE ] updating countdown to 60000
[14:15:39.876] [SEVERE ] updating countdown to 60000
[14:15:39.897] [SEVERE ] updating countdown to 60000
[14:15:39.918] [SEVERE ] updating countdown to 60000
[14:15:39.940] [SEVERE ] updating countdown to 60000
[14:15:39.961] [SEVERE ] updating countdown to 60000
[14:15:39.983] [SEVERE ] updating countdown to 60000
[14:15:40.005] [SEVERE ] updating countdown to 60000
[14:15:40.027] [SEVERE ] updating countdown to 60000
[14:15:40.051] [SEVERE ] updating countdown to 60000
[14:15:40.076] [SEVERE ] updating countdown to 60000
[14:15:40.097] [SEVERE ] updating countdown to 60000
[14:15:40.118] [SEVERE ] updating countdown to 60000
[14:15:40.139] [SEVERE ] updating countdown to 60000
[14:15:40.160] [SEVERE ] updating countdown to 60000
[14:15:40.184] [SEVERE ] updating countdown to 60000
[14:15:40.205] [SEVERE ] updating countdown to 60000
[14:15:40.227] [SEVERE ] updating countdown to 60000
[14:15:40.249] [SEVERE ] updating countdown to 60000
[14:15:40.271] [SEVERE ] updating countdown to 60000
[14:15:40.294] [SEVERE ] updating countdown to 60000
[14:15:40.317] [SEVERE ] updating countdown to 60000
[14:15:40.379] [SEVERE ] updating countdown to 60000
[14:15:40.401] [SEVERE ] updating countdown to 60000
[14:15:40.423] [SEVERE ] updating countdown to 60000
[14:15:40.443] [SEVERE ] updating countdown to 60000
[14:15:40.465] [SEVERE ] updating countdown to 60000
[14:15:40.486] [SEVERE ] updating countdown to 60000
[14:15:40.508] [SEVERE ] updating countdown to 60000
[14:15:40.531] [SEVERE ] updating countdown to 60000
[14:15:40.552] [SEVERE ] updating countdown to 60000
[14:15:40.577] [SEVERE ] updating countdown to 60000
[14:15:40.599] [SEVERE ] updating countdown to 60000
[14:15:40.621] [SEVERE ] updating countdown to 60000
[14:15:40.642] [SEVERE ] updating countdown to 60000
[14:15:40.663] [SEVERE ] updating countdown to 60000
[14:15:40.685] [SEVERE ] updating countdown to 60000
[14:15:40.708] [SEVERE ] updating countdown to 60000
[14:15:40.731] [SEVERE ] updating countdown to 60000
[14:15:40.752] [SEVERE ] updating countdown to 60000
[14:15:40.773] [SEVERE ] updating countdown to 60000
[14:15:40.795] [SEVERE ] updating countdown to 60000
[14:15:40.817] [SEVERE ] updating countdown to 60000
[14:15:40.839] [SEVERE ] updating countdown to 60000
[14:15:40.860] [SEVERE ] updating countdown to 60000
[14:15:40.882] [SEVERE ] updating countdown to 60000
[14:15:40.904] [SEVERE ] updating countdown to 60000
[14:15:40.926] [SEVERE ] updating countdown to 60000
[14:15:40.947] [SEVERE ] updating countdown to 60000
[14:15:40.970] [SEVERE ] updating countdown to 60000
[14:15:40.991] [SEVERE ] updating countdown to 60000
[14:15:41.017] [SEVERE ] updating countdown to 60000
[14:15:41.038] [SEVERE ] updating countdown to 60000
[14:15:41.060] [SEVERE ] updating countdown to 60000
[14:15:41.082] [SEVERE ] updating countdown to 60000
[14:15:41.103] [SEVERE ] updating countdown to 60000
[14:15:41.124] [SEVERE ] updating countdown to 60000
[14:15:41.146] [SEVERE ] updating countdown to 60000
[14:15:41.173] [SEVERE ] updating countdown to 60000
[14:15:41.205] [SEVERE ] updating countdown to 60000
[14:15:41.236] [SEVERE ] updating countdown to 60000
[14:15:41.258] [SEVERE ] updating countdown to 60000
[14:15:41.279] [SEVERE ] updating countdown to 60000
[14:15:41.300] [SEVERE ] updating countdown to 60000
[14:15:41.322] [SEVERE ] updating countdown to 60000
[14:15:41.345] [SEVERE ] updating countdown to 60000
[14:15:41.366] [SEVERE ] updating countdown to 60000
[14:15:41.387] [SEVERE ] updating countdown to 60000
[14:15:41.409] [SEVERE ] updating countdown to 60000
[14:15:41.430] [SEVERE ] updating countdown to 60000
[14:15:41.451] [SEVERE ] updating countdown to 60000
[14:15:41.473] [SEVERE ] updating countdown to 60000
[14:15:41.498] [SEVERE ] updating countdown to 60000
[14:15:41.522] [SEVERE ] updating countdown to 60000
[14:15:41.551] [SEVERE ] updating countdown to 60000
[14:15:41.583] [SEVERE ] updating countdown to 60000
[14:15:41.605] [SEVERE ] updating countdown to 60000
[14:15:41.633] [SEVERE ] updating countdown to 60000
[14:15:41.660] [SEVERE ] updating countdown to 60000
[14:15:41.684] [SEVERE ] updating countdown to 60000
[14:15:41.706] [SEVERE ] updating countdown to 60000
[14:15:41.731] [SEVERE ] updating countdown to 60000
[14:15:41.754] [SEVERE ] updating countdown to 60000
[14:15:41.776] [SEVERE ] updating countdown to 60000
[14:15:41.802] [SEVERE ] updating countdown to 60000
[14:15:41.824] [SEVERE ] updating countdown to 60000
[14:15:41.845] [SEVERE ] updating countdown to 60000
[14:15:41.869] [SEVERE ] updating countdown to 60000
[14:15:41.893] [SEVERE ] updating countdown to 60000
[14:15:41.915] [SEVERE ] updating countdown to 60000
[14:15:41.940] [SEVERE ] updating countdown to 60000
[14:15:41.963] [SEVERE ] updating countdown to 60000
[14:15:41.985] [SEVERE ] updating countdown to 60000
[14:15:42.007] [SEVERE ] updating countdown to 60000
[14:15:42.028] [SEVERE ] updating countdown to 60000
[14:15:42.049] [SEVERE ] updating countdown to 60000
[14:15:42.071] [SEVERE ] updating countdown to 60000
[14:15:42.093] [SEVERE ] updating countdown to 60000
[14:15:42.114] [SEVERE ] updating countdown to 60000
[14:15:42.137] [SEVERE ] updating countdown to 60000
[14:15:42.159] [SEVERE ] updating countdown to 60000
[14:15:42.180] [SEVERE ] updating countdown to 60000
[14:15:42.202] [SEVERE ] updating countdown to 60000
[14:15:42.224] [SEVERE ] updating countdown to 60000
[14:15:42.246] [SEVERE ] updating countdown to 60000
[14:15:42.267] [SEVERE ] updating countdown to 60000
[14:15:42.290] [SEVERE ] updating countdown to 60000
[14:15:42.313] [SEVERE ] updating countdown to 60000
[14:15:42.335] [SEVERE ] updating countdown to 60000
[14:15:42.358] [SEVERE ] updating countdown to 60000
[14:15:42.380] [SEVERE ] updating countdown to 60000
[14:15:42.401] [SEVERE ] updating countdown to 60000
[14:15:42.422] [SEVERE ] updating countdown to 60000
[14:15:42.444] [SEVERE ] updating countdown to 60000
[14:15:42.466] [SEVERE ] updating countdown to 60000
[14:15:42.488] [SEVERE ] updating countdown to 60000
[14:15:42.510] [SEVERE ] updating countdown to 60000
[14:15:42.531] [SEVERE ] updating countdown to 60000
[14:15:42.554] [SEVERE ] updating countdown to 60000
[14:15:42.575] [SEVERE ] updating countdown to 60000
[14:15:42.597] [SEVERE ] updating countdown to 60000
[14:15:42.618] [SEVERE ] updating countdown to 60000
[14:15:42.639] [SEVERE ] updating countdown to 60000
[14:15:42.664] [SEVERE ] updating countdown to 60000
[14:15:42.685] [SEVERE ] updating countdown to 60000
[14:15:42.706] [SEVERE ] updating countdown to 60000
[14:15:42.731] [SEVERE ] updating countdown to 60000
[14:15:42.752] [SEVERE ] updating countdown to 60000
[14:15:42.773] [SEVERE ] updating countdown to 60000
[14:15:42.796] [SEVERE ] updating countdown to 60000
[14:15:42.819] [SEVERE ] updating countdown to 60000
[14:15:42.842] [SEVERE ] updating countdown to 60000
[14:15:42.864] [SEVERE ] updating countdown to 60000
[14:15:42.886] [SEVERE ] updating countdown to 60000
[14:15:42.910] [SEVERE ] updating countdown to 60000
[14:15:42.931] [SEVERE ] updating countdown to 60000
[14:15:42.952] [SEVERE ] updating countdown to 60000
[14:15:42.973] [SEVERE ] updating countdown to 60000
[14:15:42.996] [SEVERE ] updating countdown to 60000
[14:15:43.017] [SEVERE ] updating countdown to 60000
[14:15:43.039] [SEVERE ] updating countdown to 60000
[14:15:43.061] [SEVERE ] updating countdown to 60000
[14:15:43.082] [SEVERE ] updating countdown to 60000
[14:15:43.104] [SEVERE ] updating countdown to 60000
[14:15:43.124] [SEVERE ] updating countdown to 60000
[14:15:43.145] [SEVERE ] updating countdown to 60000
[14:15:43.167] [SEVERE ] updating countdown to 60000
[14:15:43.188] [SEVERE ] updating countdown to 60000
[14:15:43.209] [SEVERE ] updating countdown to 60000
[14:15:43.230] [SEVERE ] updating countdown to 60000
[14:15:43.251] [SEVERE ] updating countdown to 60000
[14:15:43.273] [SEVERE ] updating countdown to 60000
[14:15:43.295] [SEVERE ] updating countdown to 60000
[14:15:43.316] [SEVERE ] updating countdown to 60000
[14:15:43.338] [SEVERE ] updating countdown to 60000
[14:15:43.359] [SEVERE ] updating countdown to 60000
[14:15:43.381] [SEVERE ] updating countdown to 60000
[14:15:43.403] [SEVERE ] updating countdown to 60000
[14:15:43.425] [SEVERE ] updating countdown to 60000
[14:15:43.446] [SEVERE ] updating countdown to 60000
[14:15:43.467] [SEVERE ] updating countdown to 60000
[14:15:43.489] [SEVERE ] updating countdown to 60000
[14:15:43.510] [SEVERE ] updating countdown to 60000
[14:15:43.530] [SEVERE ] updating countdown to 60000
[14:15:43.551] [SEVERE ] updating countdown to 60000
[14:15:43.572] [SEVERE ] updating countdown to 60000
[14:15:43.594] [SEVERE ] updating countdown to 60000
[14:15:43.615] [SEVERE ] updating countdown to 60000
[14:15:43.638] [SEVERE ] updating countdown to 60000
[14:15:43.660] [SEVERE ] updating countdown to 60000
[14:15:43.683] [SEVERE ] updating countdown to 60000
[14:15:43.705] [SEVERE ] updating countdown to 60000
[14:15:43.727] [SEVERE ] updating countdown to 60000
[14:15:43.752] [SEVERE ] updating countdown to 60000
[14:15:43.773] [SEVERE ] updating countdown to 60000
[14:15:43.795] [SEVERE ] updating countdown to 60000
[14:15:43.815] [SEVERE ] updating countdown to 60000
[14:15:43.836] [SEVERE ] updating countdown to 60000
[14:15:43.858] [SEVERE ] updating countdown to 60000
[14:15:43.881] [SEVERE ] updating countdown to 60000
[14:15:43.901] [SEVERE ] updating countdown to 60000
[14:15:43.923] [SEVERE ] updating countdown to 60000
[14:15:43.945] [SEVERE ] updating countdown to 60000
[14:15:43.968] [SEVERE ] updating countdown to 60000
[14:15:43.989] [SEVERE ] updating countdown to 60000
[14:15:44.012] [SEVERE ] updating countdown to 60000
[14:15:44.033] [SEVERE ] updating countdown to 60000
[14:15:44.054] [SEVERE ] updating countdown to 60000
[14:15:44.075] [SEVERE ] updating countdown to 60000
[14:15:44.097] [SEVERE ] updating countdown to 60000
[14:15:44.118] [SEVERE ] updating countdown to 60000
[14:15:44.140] [SEVERE ] updating countdown to 60000
[14:15:44.161] [SEVERE ] updating countdown to 60000
[14:15:44.186] [SEVERE ] updating countdown to 60000
[14:15:44.207] [SEVERE ] updating countdown to 60000
[14:15:44.233] [SEVERE ] updating countdown to 60000
[14:15:44.258] [SEVERE ] updating countdown to 60000
[14:15:44.284] [SEVERE ] updating countdown to 60000
[14:15:44.306] [SEVERE ] updating countdown to 60000
[14:15:44.329] [SEVERE ] updating countdown to 60000
[14:15:44.350] [SEVERE ] updating countdown to 60000
[14:15:44.372] [SEVERE ] updating countdown to 60000
[14:15:44.394] [SEVERE ] updating countdown to 60000
[14:15:44.415] [SEVERE ] updating countdown to 60000
[14:15:44.435] [SEVERE ] updating countdown to 60000
[14:15:44.456] [SEVERE ] updating countdown to 60000
[14:15:44.477] [SEVERE ] updating countdown to 60000
[14:15:44.498] [SEVERE ] updating countdown to 60000
[14:15:44.519] [SEVERE ] updating countdown to 60000
[14:15:44.540] [SEVERE ] updating countdown to 60000
[14:15:44.561] [SEVERE ] updating countdown to 60000
[14:15:44.582] [SEVERE ] updating countdown to 60000
[14:15:44.604] [SEVERE ] updating countdown to 60000
[14:15:44.624] [SEVERE ] updating countdown to 60000
[14:15:44.645] [SEVERE ] updating countdown to 60000
[14:15:44.667] [SEVERE ] updating countdown to 60000
[14:15:44.689] [SEVERE ] updating countdown to 60000
[14:15:44.711] [SEVERE ] updating countdown to 60000
[14:15:44.732] [SEVERE ] updating countdown to 60000
[14:15:44.753] [SEVERE ] updating countdown to 60000
[14:15:44.774] [SEVERE ] updating countdown to 60000
[14:15:44.795] [SEVERE ] updating countdown to 60000
[14:15:44.817] [SEVERE ] updating countdown to 60000
[14:15:44.838] [SEVERE ] updating countdown to 60000
[14:15:44.859] [SEVERE ] updating countdown to 60000
[14:15:44.880] [SEVERE ] updating countdown to 60000
[14:15:44.901] [SEVERE ] updating countdown to 60000
[14:15:44.922] [SEVERE ] updating countdown to 60000
[14:15:44.943] [SEVERE ] updating countdown to 60000
[14:15:44.964] [SEVERE ] updating countdown to 60000
[14:15:44.985] [SEVERE ] updating countdown to 60000
[14:15:45.006] [SEVERE ] updating countdown to 60000
[14:15:45.028] [SEVERE ] updating countdown to 60000
[14:15:45.048] [SEVERE ] updating countdown to 60000
[14:15:45.068] [SEVERE ] updating countdown to 60000
[14:15:45.090] [SEVERE ] updating countdown to 60000
[14:15:45.111] [SEVERE ] updating countdown to 60000
[14:15:45.132] [SEVERE ] updating countdown to 60000
[14:15:45.154] [SEVERE ] updating countdown to 60000
[14:15:45.175] [SEVERE ] updating countdown to 60000
[14:15:45.196] [SEVERE ] updating countdown to 60000
[14:15:45.217] [SEVERE ] updating countdown to 60000
[14:15:45.239] [SEVERE ] updating countdown to 60000
[14:15:45.261] [SEVERE ] updating countdown to 60000
[14:15:45.283] [SEVERE ] updating countdown to 60000
[14:15:45.305] [SEVERE ] updating countdown to 60000
[14:15:45.327] [SEVERE ] updating countdown to 60000
[14:15:45.348] [SEVERE ] updating countdown to 60000
[14:15:45.370] [SEVERE ] updating countdown to 60000
[14:15:45.391] [SEVERE ] updating countdown to 60000
[14:15:45.412] [SEVERE ] updating countdown to 60000
[14:15:45.433] [SEVERE ] updating countdown to 60000
[14:15:45.455] [SEVERE ] updating countdown to 60000
[14:15:45.476] [SEVERE ] updating countdown to 60000
[14:15:45.498] [SEVERE ] updating countdown to 60000
[14:15:45.519] [SEVERE ] updating countdown to 60000
[14:15:45.541] [SEVERE ] updating countdown to 60000
[14:15:45.562] [SEVERE ] updating countdown to 60000
[14:15:45.583] [SEVERE ] updating countdown to 60000
[14:15:45.604] [SEVERE ] updating countdown to 60000
[14:15:45.625] [SEVERE ] updating countdown to 60000
[14:15:45.646] [SEVERE ] updating countdown to 60000
[14:15:45.668] [SEVERE ] updating countdown to 60000
[14:15:45.688] [SEVERE ] updating countdown to 60000
[14:15:45.712] [SEVERE ] updating countdown to 60000
[14:15:45.733] [SEVERE ] updating countdown to 60000
[14:15:45.754] [SEVERE ] updating countdown to 60000
[14:15:45.776] [SEVERE ] updating countdown to 60000
[14:15:45.802] [SEVERE ] updating countdown to 60000
[14:15:45.823] [SEVERE ] updating countdown to 60000
[14:15:45.844] [SEVERE ] updating countdown to 60000
[14:15:45.865] [SEVERE ] updating countdown to 60000
[14:15:45.887] [SEVERE ] updating countdown to 60000
[14:15:45.909] [SEVERE ] updating countdown to 60000
[14:15:45.930] [SEVERE ] updating countdown to 60000
[14:15:45.951] [SEVERE ] updating countdown to 60000
[14:15:45.973] [SEVERE ] updating countdown to 60000
[14:15:45.994] [SEVERE ] updating countdown to 60000
[14:15:46.015] [SEVERE ] updating countdown to 60000
[14:15:46.037] [SEVERE ] updating countdown to 60000
[14:15:46.058] [SEVERE ] updating countdown to 60000
[14:15:46.079] [SEVERE ] updating countdown to 60000
[14:15:46.100] [SEVERE ] updating countdown to 60000
[14:15:46.121] [SEVERE ] updating countdown to 60000
[14:15:46.142] [SEVERE ] updating countdown to 60000
[14:15:46.163] [SEVERE ] updating countdown to 60000
[14:15:46.185] [SEVERE ] updating countdown to 60000
[14:15:46.205] [SEVERE ] updating countdown to 60000
[14:15:46.226] [SEVERE ] updating countdown to 60000
[14:15:46.248] [SEVERE ] updating countdown to 60000
[14:15:46.270] [SEVERE ] updating countdown to 60000
[14:15:46.292] [SEVERE ] updating countdown to 60000
[14:15:46.314] [SEVERE ] updating countdown to 60000
[14:15:46.335] [SEVERE ] updating countdown to 60000
[14:15:46.357] [SEVERE ] updating countdown to 60000
[14:15:46.378] [SEVERE ] updating countdown to 60000
[14:15:46.399] [SEVERE ] updating countdown to 60000
[14:15:46.421] [SEVERE ] updating countdown to 60000
[14:15:46.443] [SEVERE ] updating countdown to 60000
[14:15:46.466] [SEVERE ] updating countdown to 60000
[14:15:46.490] [SEVERE ] updating countdown to 60000
[14:15:46.511] [SEVERE ] updating countdown to 60000
[14:15:46.532] [SEVERE ] updating countdown to 60000
[14:15:46.553] [SEVERE ] updating countdown to 60000
[14:15:46.574] [SEVERE ] updating countdown to 60000
[14:15:46.596] [SEVERE ] updating countdown to 60000
[14:15:46.617] [SEVERE ] updating countdown to 60000
[14:15:46.638] [SEVERE ] updating countdown to 60000
[14:15:46.659] [SEVERE ] updating countdown to 60000
[14:15:46.680] [SEVERE ] updating countdown to 60000
[14:15:46.701] [SEVERE ] updating countdown to 60000
[14:15:46.722] [SEVERE ] updating countdown to 60000
[14:15:46.745] [SEVERE ] updating countdown to 60000
[14:15:46.765] [SEVERE ] updating countdown to 60000
[14:15:46.787] [SEVERE ] updating countdown to 60000
[14:15:46.808] [SEVERE ] updating countdown to 60000
[14:15:46.830] [SEVERE ] updating countdown to 60000
[14:15:46.851] [SEVERE ] updating countdown to 60000
[14:15:46.872] [SEVERE ] updating countdown to 60000
[14:15:46.895] [SEVERE ] updating countdown to 60000
[14:15:46.917] [SEVERE ] updating countdown to 60000
[14:15:46.937] [SEVERE ] updating countdown to 60000
[14:15:46.959] [SEVERE ] updating countdown to 60000
[14:15:46.981] [SEVERE ] updating countdown to 60000
[14:15:47.002] [SEVERE ] updating countdown to 60000
[14:15:47.027] [SEVERE ] updating countdown to 60000
[14:15:47.048] [SEVERE ] updating countdown to 60000
[14:15:47.071] [SEVERE ] updating countdown to 60000
[14:15:47.093] [SEVERE ] updating countdown to 60000
[14:15:47.114] [SEVERE ] updating countdown to 60000
[14:15:47.136] [SEVERE ] updating countdown to 60000
[14:15:47.157] [SEVERE ] updating countdown to 60000
[14:15:47.178] [SEVERE ] updating countdown to 60000
[14:15:47.199] [SEVERE ] updating countdown to 60000
[14:15:47.221] [SEVERE ] updating countdown to 60000
[14:15:47.244] [SEVERE ] updating countdown to 60000
[14:15:47.267] [SEVERE ] updating countdown to 60000
[14:15:47.289] [SEVERE ] updating countdown to 60000
[14:15:47.311] [SEVERE ] updating countdown to 60000
[14:15:47.333] [SEVERE ] updating countdown to 60000
[14:15:47.354] [SEVERE ] updating countdown to 60000
[14:15:47.377] [SEVERE ] updating countdown to 60000
[14:15:47.399] [SEVERE ] updating countdown to 60000
[14:15:47.420] [SEVERE ] updating countdown to 60000
[14:15:47.442] [SEVERE ] updating countdown to 60000
[14:15:47.464] [SEVERE ] updating countdown to 60000
[14:15:47.487] [SEVERE ] updating countdown to 60000
[14:15:47.509] [SEVERE ] updating countdown to 60000
[14:15:47.533] [SEVERE ] updating countdown to 60000
[14:15:47.555] [SEVERE ] updating countdown to 60000
[14:15:47.577] [SEVERE ] updating countdown to 60000
[14:15:47.600] [SEVERE ] updating countdown to 60000
[14:15:47.622] [SEVERE ] updating countdown to 60000
[14:15:47.643] [SEVERE ] updating countdown to 60000
[14:15:47.664] [SEVERE ] updating countdown to 60000
[14:15:47.685] [SEVERE ] updating countdown to 60000
[14:15:47.707] [SEVERE ] updating countdown to 60000
[14:15:47.728] [SEVERE ] updating countdown to 60000
[14:15:47.750] [SEVERE ] updating countdown to 60000
[14:15:47.770] [SEVERE ] updating countdown to 60000
[14:15:47.791] [SEVERE ] updating countdown to 60000
[14:15:47.812] [SEVERE ] updating countdown to 60000
[14:15:47.825] [SEVERE ] exit button pressed
[14:15:47.825] [SEVERE ] disposing of user interface elements
[14:15:47.825] [INFO   ] thread playerID: 1 terminated.
[14:15:47.834] [SEVERE ] updating countdown to 5000
[14:15:47.835] [SEVERE ] updating countdown to 5000
[14:15:47.941] [SEVERE ] removing card from slot 0
[14:15:48.044] [SEVERE ] removing card from slot 1
[14:15:48.150] [SEVERE ] removing card from slot 2
[14:15:48.256] [SEVERE ] removing card from slot 3
[14:15:48.361] [SEVERE ] removing card from slot 4
[14:15:48.467] [SEVERE ] removing card from slot 5
[14:15:48.571] [SEVERE ] removing card from slot 6
[14:15:48.674] [SEVERE ] removing card from slot 7
[14:15:48.776] [SEVERE ] removing card from slot 8
[14:15:48.882] [SEVERE ] removing card from slot 9
[14:15:48.985] [SEVERE ] removing card from slot 10
[14:15:49.091] [SEVERE ] removing card from slot 11
[14:15:49.091] [SEVERE ] player 1 placing token on slot 0
[14:15:49.092] [SEVERE ] player 2 placing token on slot 1
[14:15:49.092] [INFO   ] thread dealer terminated.
[14:15:49.093] [INFO   ] thread dealer terminated.
[14:15:49.093] [SEVERE ] thanks for playing... it was fun!
[14:15:49.094] [INFO   ] thread main terminated.
