[13:12:41.787] [INFO   ] thread main starting.
[13:12:41.792] [SEVERE ] cannot read configuration file config.properties trying from resources.
[13:12:41.794] [SEVERE ] configuration file was loaded from resources directory.
[13:12:42.186] [INFO   ] thread dealer starting.
[13:12:42.187] [INFO   ] thread playerID: 0 starting.
[13:12:42.187] [INFO   ] thread playerID: 1 starting.
[13:12:42.187] [INFO   ] thread dealer starting.
[13:12:42.191] [SEVERE ] updating countdown to 60000
[13:12:42.294] [SEVERE ] placing card 69 in slot 1
[13:12:42.395] [SEVERE ] placing card 22 in slot 9
[13:12:42.496] [SEVERE ] placing card 28 in slot 11
[13:12:42.597] [SEVERE ] placing card 42 in slot 4
[13:12:42.698] [SEVERE ] placing card 70 in slot 2
[13:12:42.799] [SEVERE ] placing card 55 in slot 8
[13:12:42.901] [SEVERE ] placing card 59 in slot 7
[13:12:43.002] [SEVERE ] placing card 29 in slot 5
[13:12:43.104] [SEVERE ] placing card 58 in slot 3
[13:12:43.208] [SEVERE ] placing card 62 in slot 0
[13:12:43.310] [SEVERE ] placing card 51 in slot 6
[13:12:43.411] [SEVERE ] placing card 25 in slot 10
[13:12:45.412] [SEVERE ] updating countdown to 60000
[13:12:47.414] [SEVERE ] updating countdown to 60000
[13:12:49.415] [SEVERE ] updating countdown to 60000
[13:12:50.372] [SEVERE ] key 47 was pressed by player 2
[13:12:50.373] [SEVERE ] player 12 placing token on slot 1
[13:12:51.418] [SEVERE ] updating countdown to 60000
[13:12:51.489] [SEVERE ] key 47 was pressed by player 2
[13:12:52.888] [SEVERE ] key 47 was pressed by player 2
[13:12:53.420] [SEVERE ] updating countdown to 60000
[13:12:55.422] [SEVERE ] updating countdown to 60000
[13:12:57.424] [SEVERE ] updating countdown to 60000
[13:12:59.427] [SEVERE ] updating countdown to 60000
[13:13:01.433] [SEVERE ] updating countdown to 60000
[13:13:03.435] [SEVERE ] updating countdown to 60000
[13:13:05.436] [SEVERE ] updating countdown to 60000
