[13:13:50.660] [INFO   ] thread main starting.
[13:13:50.666] [SEVERE ] cannot read configuration file config.properties trying from resources.
[13:13:50.668] [SEVERE ] configuration file was loaded from resources directory.
[13:13:51.172] [INFO   ] thread dealer starting.
[13:13:51.174] [INFO   ] thread playerID: 0 starting.
[13:13:51.174] [INFO   ] thread dealer starting.
[13:13:51.174] [INFO   ] thread playerID: 1 starting.
[13:13:51.177] [SEVERE ] updating countdown to 60000
[13:13:51.280] [SEVERE ] placing card 14 in slot 0
[13:13:51.381] [SEVERE ] placing card 8 in slot 2
[13:13:51.483] [SEVERE ] placing card 21 in slot 9
[13:13:51.585] [SEVERE ] placing card 52 in slot 5
[13:13:51.692] [SEVERE ] placing card 76 in slot 11
[13:13:51.795] [SEVERE ] placing card 13 in slot 4
[13:13:51.896] [SEVERE ] placing card 10 in slot 1
[13:13:51.997] [SEVERE ] placing card 74 in slot 7
[13:13:52.099] [SEVERE ] placing card 62 in slot 8
[13:13:52.201] [SEVERE ] placing card 34 in slot 6
[13:13:52.302] [SEVERE ] placing card 57 in slot 3
[13:13:52.408] [SEVERE ] placing card 51 in slot 10
[13:13:54.414] [SEVERE ] updating countdown to 60000
[13:13:56.417] [SEVERE ] updating countdown to 60000
[13:13:58.420] [SEVERE ] updating countdown to 60000
[13:14:00.422] [SEVERE ] updating countdown to 60000
[13:14:01.545] [SEVERE ] key 47 was pressed by player 2
[13:14:01.545] [SEVERE ] player 12 placing token on slot 1
[13:14:02.424] [SEVERE ] updating countdown to 60000
[13:14:04.428] [SEVERE ] updating countdown to 60000
[13:14:06.434] [SEVERE ] updating countdown to 60000
[13:14:08.439] [SEVERE ] updating countdown to 60000
[13:14:10.442] [SEVERE ] updating countdown to 60000
[13:14:12.444] [SEVERE ] updating countdown to 60000
[13:14:14.451] [SEVERE ] updating countdown to 60000
[13:14:16.452] [SEVERE ] updating countdown to 60000
[13:14:18.456] [SEVERE ] updating countdown to 60000
[13:14:20.463] [SEVERE ] updating countdown to 60000
[13:14:22.469] [SEVERE ] updating countdown to 60000
[13:14:24.471] [SEVERE ] updating countdown to 60000
[13:14:26.478] [SEVERE ] updating countdown to 60000
[13:14:28.480] [SEVERE ] updating countdown to 60000
[13:14:30.483] [SEVERE ] updating countdown to 60000
[13:14:32.488] [SEVERE ] updating countdown to 60000
