[17:07:20.670] [INFO   ] thread main starting.
[17:07:20.676] [SEVERE ] cannot read configuration file config.properties trying from resources.
[17:07:20.677] [SEVERE ] configuration file was loaded from resources directory.
[17:07:21.034] [INFO   ] thread dealer starting.
[17:07:21.035] [INFO   ] thread playerID: 0 starting.
[17:07:21.035] [INFO   ] thread dealer starting.
[17:07:21.035] [INFO   ] thread playerID: 1 starting.
[17:07:21.038] [SEVERE ] updating countdown to 60000
[17:07:21.148] [SEVERE ] placing card 2 in slot 3
[17:07:21.249] [SEVERE ] placing card 13 in slot 0
[17:07:21.350] [SEVERE ] placing card 65 in slot 10
[17:07:21.454] [SEVERE ] placing card 33 in slot 9
[17:07:21.556] [SEVERE ] placing card 71 in slot 8
[17:07:21.660] [SEVERE ] placing card 21 in slot 11
[17:07:21.764] [SEVERE ] placing card 17 in slot 7
[17:07:21.865] [SEVERE ] placing card 1 in slot 6
[17:07:21.966] [SEVERE ] placing card 59 in slot 4
[17:07:22.070] [SEVERE ] placing card 66 in slot 5
[17:07:22.172] [SEVERE ] placing card 24 in slot 1
[17:07:22.275] [SEVERE ] placing card 32 in slot 2
[17:07:22.298] [SEVERE ] updating countdown to 58740
[17:07:22.320] [SEVERE ] updating countdown to 58719
[17:07:22.341] [SEVERE ] updating countdown to 58697
[17:07:22.364] [SEVERE ] updating countdown to 58674
[17:07:22.387] [SEVERE ] updating countdown to 58651
[17:07:22.412] [SEVERE ] updating countdown to 58626
[17:07:22.437] [SEVERE ] updating countdown to 58601
[17:07:22.459] [SEVERE ] updating countdown to 58579
[17:07:22.482] [SEVERE ] updating countdown to 58556
[17:07:22.504] [SEVERE ] updating countdown to 58534
[17:07:22.525] [SEVERE ] updating countdown to 58513
[17:07:22.549] [SEVERE ] updating countdown to 58489
[17:07:22.570] [SEVERE ] updating countdown to 58468
[17:07:22.595] [SEVERE ] updating countdown to 58443
[17:07:22.616] [SEVERE ] updating countdown to 58422
[17:07:22.638] [SEVERE ] updating countdown to 58400
[17:07:22.659] [SEVERE ] updating countdown to 58379
[17:07:22.681] [SEVERE ] updating countdown to 58357
[17:07:22.702] [SEVERE ] updating countdown to 58336
[17:07:22.724] [SEVERE ] updating countdown to 58314
[17:07:22.749] [SEVERE ] updating countdown to 58290
[17:07:22.772] [SEVERE ] updating countdown to 58266
[17:07:22.796] [SEVERE ] updating countdown to 58242
[17:07:22.819] [SEVERE ] updating countdown to 58219
[17:07:22.844] [SEVERE ] updating countdown to 58194
[17:07:22.871] [SEVERE ] updating countdown to 58167
[17:07:22.892] [SEVERE ] updating countdown to 58146
[17:07:22.915] [SEVERE ] updating countdown to 58123
[17:07:22.938] [SEVERE ] updating countdown to 58100
[17:07:22.960] [SEVERE ] updating countdown to 58078
[17:07:22.981] [SEVERE ] updating countdown to 58057
[17:07:23.008] [SEVERE ] updating countdown to 58030
[17:07:23.032] [SEVERE ] updating countdown to 58006
[17:07:23.055] [SEVERE ] updating countdown to 57983
[17:07:23.076] [SEVERE ] updating countdown to 57962
[17:07:23.100] [SEVERE ] updating countdown to 57939
[17:07:23.122] [SEVERE ] updating countdown to 57916
[17:07:23.145] [SEVERE ] updating countdown to 57893
[17:07:23.166] [SEVERE ] updating countdown to 57872
[17:07:23.189] [SEVERE ] updating countdown to 57849
[17:07:23.210] [SEVERE ] updating countdown to 57828
[17:07:23.232] [SEVERE ] updating countdown to 57806
[17:07:23.254] [SEVERE ] updating countdown to 57784
[17:07:23.275] [SEVERE ] updating countdown to 57763
[17:07:23.296] [SEVERE ] updating countdown to 57742
[17:07:23.317] [SEVERE ] updating countdown to 57721
[17:07:23.339] [SEVERE ] updating countdown to 57699
[17:07:23.360] [SEVERE ] updating countdown to 57678
[17:07:23.385] [SEVERE ] updating countdown to 57653
[17:07:23.406] [SEVERE ] updating countdown to 57632
[17:07:23.428] [SEVERE ] updating countdown to 57610
[17:07:23.453] [SEVERE ] updating countdown to 57586
[17:07:23.479] [SEVERE ] updating countdown to 57559
[17:07:23.505] [SEVERE ] updating countdown to 57533
[17:07:23.528] [SEVERE ] updating countdown to 57510
[17:07:23.554] [SEVERE ] updating countdown to 57484
[17:07:23.576] [SEVERE ] updating countdown to 57462
[17:07:23.598] [SEVERE ] updating countdown to 57440
[17:07:23.619] [SEVERE ] updating countdown to 57419
[17:07:23.640] [SEVERE ] updating countdown to 57398
[17:07:23.661] [SEVERE ] updating countdown to 57377
[17:07:23.682] [SEVERE ] updating countdown to 57356
[17:07:23.703] [SEVERE ] updating countdown to 57335
[17:07:23.726] [SEVERE ] updating countdown to 57312
[17:07:23.747] [SEVERE ] updating countdown to 57291
[17:07:23.768] [SEVERE ] updating countdown to 57270
[17:07:23.791] [SEVERE ] updating countdown to 57247
[17:07:23.812] [SEVERE ] updating countdown to 57226
[17:07:23.834] [SEVERE ] updating countdown to 57204
[17:07:23.856] [SEVERE ] updating countdown to 57182
[17:07:23.877] [SEVERE ] updating countdown to 57161
[17:07:23.898] [SEVERE ] updating countdown to 57140
[17:07:23.919] [SEVERE ] updating countdown to 57119
[17:07:23.940] [SEVERE ] updating countdown to 57098
[17:07:23.962] [SEVERE ] updating countdown to 57076
[17:07:23.983] [SEVERE ] updating countdown to 57055
[17:07:24.005] [SEVERE ] updating countdown to 57033
[17:07:24.028] [SEVERE ] updating countdown to 57010
[17:07:24.053] [SEVERE ] updating countdown to 56985
[17:07:24.079] [SEVERE ] updating countdown to 56959
[17:07:24.105] [SEVERE ] updating countdown to 56933
[17:07:24.126] [SEVERE ] updating countdown to 56912
[17:07:24.151] [SEVERE ] updating countdown to 56887
[17:07:24.174] [SEVERE ] updating countdown to 56864
[17:07:24.201] [SEVERE ] updating countdown to 56837
[17:07:24.223] [SEVERE ] updating countdown to 56815
[17:07:24.249] [SEVERE ] updating countdown to 56789
[17:07:24.275] [SEVERE ] updating countdown to 56763
[17:07:24.301] [SEVERE ] updating countdown to 56737
[17:07:24.327] [SEVERE ] updating countdown to 56711
[17:07:24.353] [SEVERE ] updating countdown to 56685
[17:07:24.375] [SEVERE ] updating countdown to 56663
[17:07:24.401] [SEVERE ] updating countdown to 56637
[17:07:24.427] [SEVERE ] updating countdown to 56611
[17:07:24.453] [SEVERE ] updating countdown to 56585
[17:07:24.479] [SEVERE ] updating countdown to 56559
[17:07:24.505] [SEVERE ] updating countdown to 56533
[17:07:24.531] [SEVERE ] updating countdown to 56507
[17:07:24.557] [SEVERE ] updating countdown to 56481
[17:07:24.579] [SEVERE ] updating countdown to 56459
[17:07:24.603] [SEVERE ] updating countdown to 56435
[17:07:24.624] [SEVERE ] updating countdown to 56414
[17:07:24.645] [SEVERE ] updating countdown to 56393
[17:07:24.666] [SEVERE ] updating countdown to 56372
[17:07:24.688] [SEVERE ] updating countdown to 56350
[17:07:24.709] [SEVERE ] updating countdown to 56329
[17:07:24.730] [SEVERE ] updating countdown to 56308
[17:07:24.757] [SEVERE ] updating countdown to 56281
[17:07:24.779] [SEVERE ] updating countdown to 56259
[17:07:24.805] [SEVERE ] updating countdown to 56233
[17:07:24.831] [SEVERE ] updating countdown to 56207
[17:07:24.857] [SEVERE ] updating countdown to 56181
[17:07:24.883] [SEVERE ] updating countdown to 56155
[17:07:24.906] [SEVERE ] updating countdown to 56132
[17:07:24.929] [SEVERE ] updating countdown to 56109
[17:07:24.954] [SEVERE ] updating countdown to 56084
[17:07:24.975] [SEVERE ] updating countdown to 56063
[17:07:25.001] [SEVERE ] updating countdown to 56037
[17:07:25.027] [SEVERE ] updating countdown to 56011
[17:07:25.049] [SEVERE ] updating countdown to 55989
[17:07:25.075] [SEVERE ] updating countdown to 55963
[17:07:25.098] [SEVERE ] updating countdown to 55940
[17:07:25.119] [SEVERE ] updating countdown to 55919
[17:07:25.140] [SEVERE ] updating countdown to 55898
[17:07:25.162] [SEVERE ] updating countdown to 55876
[17:07:25.184] [SEVERE ] updating countdown to 55854
[17:07:25.205] [SEVERE ] updating countdown to 55833
[17:07:25.227] [SEVERE ] updating countdown to 55811
[17:07:25.248] [SEVERE ] updating countdown to 55790
[17:07:25.269] [SEVERE ] updating countdown to 55769
[17:07:25.291] [SEVERE ] updating countdown to 55747
[17:07:25.312] [SEVERE ] updating countdown to 55726
[17:07:25.333] [SEVERE ] updating countdown to 55705
[17:07:25.354] [SEVERE ] updating countdown to 55684
[17:07:25.377] [SEVERE ] updating countdown to 55661
[17:07:25.399] [SEVERE ] updating countdown to 55639
[17:07:25.420] [SEVERE ] updating countdown to 55618
[17:07:25.444] [SEVERE ] updating countdown to 55594
[17:07:25.468] [SEVERE ] updating countdown to 55570
[17:07:25.493] [SEVERE ] updating countdown to 55545
[17:07:25.515] [SEVERE ] updating countdown to 55523
[17:07:25.540] [SEVERE ] updating countdown to 55498
[17:07:25.562] [SEVERE ] updating countdown to 55476
[17:07:25.584] [SEVERE ] updating countdown to 55454
[17:07:25.605] [SEVERE ] updating countdown to 55433
[17:07:25.628] [SEVERE ] updating countdown to 55410
[17:07:25.651] [SEVERE ] updating countdown to 55387
[17:07:25.674] [SEVERE ] updating countdown to 55364
[17:07:25.695] [SEVERE ] updating countdown to 55343
[17:07:25.721] [SEVERE ] updating countdown to 55317
[17:07:25.746] [SEVERE ] updating countdown to 55292
[17:07:25.772] [SEVERE ] updating countdown to 55266
[17:07:25.797] [SEVERE ] updating countdown to 55241
[17:07:25.823] [SEVERE ] updating countdown to 55215
[17:07:25.847] [SEVERE ] updating countdown to 55191
[17:07:25.873] [SEVERE ] updating countdown to 55165
[17:07:25.897] [SEVERE ] updating countdown to 55141
[17:07:25.919] [SEVERE ] updating countdown to 55119
[17:07:25.942] [SEVERE ] updating countdown to 55096
[17:07:25.969] [SEVERE ] updating countdown to 55069
[17:07:25.990] [SEVERE ] updating countdown to 55048
[17:07:26.013] [SEVERE ] updating countdown to 55025
[17:07:26.034] [SEVERE ] updating countdown to 55004
[17:07:26.056] [SEVERE ] updating countdown to 54982
[17:07:26.077] [SEVERE ] updating countdown to 54961
[17:07:26.098] [SEVERE ] updating countdown to 54940
[17:07:26.119] [SEVERE ] updating countdown to 54919
[17:07:26.140] [SEVERE ] updating countdown to 54898
[17:07:26.161] [SEVERE ] updating countdown to 54877
[17:07:26.183] [SEVERE ] updating countdown to 54855
[17:07:26.204] [SEVERE ] updating countdown to 54834
[17:07:26.225] [SEVERE ] updating countdown to 54813
[17:07:26.246] [SEVERE ] updating countdown to 54792
[17:07:26.267] [SEVERE ] updating countdown to 54771
[17:07:26.289] [SEVERE ] updating countdown to 54749
[17:07:26.310] [SEVERE ] updating countdown to 54728
[17:07:26.331] [SEVERE ] updating countdown to 54707
[17:07:26.353] [SEVERE ] updating countdown to 54685
[17:07:26.374] [SEVERE ] updating countdown to 54664
[17:07:26.395] [SEVERE ] updating countdown to 54643
[17:07:26.416] [SEVERE ] updating countdown to 54622
[17:07:26.437] [SEVERE ] updating countdown to 54601
[17:07:26.458] [SEVERE ] updating countdown to 54580
[17:07:26.480] [SEVERE ] updating countdown to 54558
[17:07:26.501] [SEVERE ] updating countdown to 54537
[17:07:26.522] [SEVERE ] updating countdown to 54516
[17:07:26.545] [SEVERE ] updating countdown to 54493
[17:07:26.571] [SEVERE ] updating countdown to 54467
[17:07:26.592] [SEVERE ] updating countdown to 54446
[17:07:26.614] [SEVERE ] updating countdown to 54424
[17:07:26.636] [SEVERE ] updating countdown to 54402
[17:07:26.660] [SEVERE ] updating countdown to 54378
[17:07:26.684] [SEVERE ] updating countdown to 54354
[17:07:26.706] [SEVERE ] updating countdown to 54332
[17:07:26.732] [SEVERE ] updating countdown to 54306
[17:07:26.757] [SEVERE ] updating countdown to 54281
[17:07:26.778] [SEVERE ] updating countdown to 54260
[17:07:26.799] [SEVERE ] updating countdown to 54239
[17:07:26.820] [SEVERE ] updating countdown to 54218
[17:07:26.841] [SEVERE ] updating countdown to 54197
[17:07:26.862] [SEVERE ] updating countdown to 54176
[17:07:26.884] [SEVERE ] updating countdown to 54154
[17:07:26.906] [SEVERE ] updating countdown to 54132
[17:07:26.927] [SEVERE ] updating countdown to 54111
[17:07:26.948] [SEVERE ] updating countdown to 54090
[17:07:26.969] [SEVERE ] updating countdown to 54069
[17:07:26.990] [SEVERE ] updating countdown to 54048
[17:07:27.014] [SEVERE ] updating countdown to 54024
[17:07:27.035] [SEVERE ] updating countdown to 54003
[17:07:27.061] [SEVERE ] updating countdown to 53977
[17:07:27.089] [SEVERE ] updating countdown to 53949
[17:07:27.111] [SEVERE ] updating countdown to 53927
[17:07:27.133] [SEVERE ] updating countdown to 53905
[17:07:27.159] [SEVERE ] updating countdown to 53879
[17:07:27.185] [SEVERE ] updating countdown to 53853
[17:07:27.211] [SEVERE ] updating countdown to 53827
[17:07:27.237] [SEVERE ] updating countdown to 53801
[17:07:27.263] [SEVERE ] updating countdown to 53775
[17:07:27.289] [SEVERE ] updating countdown to 53749
[17:07:27.314] [SEVERE ] updating countdown to 53724
[17:07:27.336] [SEVERE ] updating countdown to 53702
[17:07:27.360] [SEVERE ] updating countdown to 53678
[17:07:27.386] [SEVERE ] updating countdown to 53652
[17:07:27.412] [SEVERE ] updating countdown to 53626
[17:07:27.437] [SEVERE ] updating countdown to 53601
[17:07:27.460] [SEVERE ] updating countdown to 53578
[17:07:27.485] [SEVERE ] updating countdown to 53553
[17:07:27.511] [SEVERE ] updating countdown to 53527
[17:07:27.536] [SEVERE ] updating countdown to 53502
[17:07:27.561] [SEVERE ] updating countdown to 53477
[17:07:27.586] [SEVERE ] updating countdown to 53452
[17:07:27.608] [SEVERE ] updating countdown to 53430
[17:07:27.631] [SEVERE ] updating countdown to 53407
[17:07:27.654] [SEVERE ] updating countdown to 53384
[17:07:27.677] [SEVERE ] updating countdown to 53361
[17:07:27.700] [SEVERE ] updating countdown to 53338
[17:07:27.721] [SEVERE ] updating countdown to 53317
[17:07:27.746] [SEVERE ] updating countdown to 53292
[17:07:27.768] [SEVERE ] updating countdown to 53270
[17:07:27.790] [SEVERE ] updating countdown to 53248
[17:07:27.810] [SEVERE ] updating countdown to 53228
[17:07:27.833] [SEVERE ] updating countdown to 53205
[17:07:27.854] [SEVERE ] updating countdown to 53184
[17:07:27.876] [SEVERE ] updating countdown to 53162
[17:07:27.898] [SEVERE ] updating countdown to 53140
[17:07:27.919] [SEVERE ] updating countdown to 53119
[17:07:27.941] [SEVERE ] updating countdown to 53097
[17:07:27.962] [SEVERE ] updating countdown to 53076
[17:07:27.984] [SEVERE ] updating countdown to 53054
[17:07:28.005] [SEVERE ] updating countdown to 53033
[17:07:28.027] [SEVERE ] updating countdown to 53011
[17:07:28.048] [SEVERE ] updating countdown to 52990
[17:07:28.070] [SEVERE ] updating countdown to 52968
[17:07:28.090] [SEVERE ] updating countdown to 52948
[17:07:28.112] [SEVERE ] updating countdown to 52926
[17:07:28.135] [SEVERE ] updating countdown to 52903
[17:07:28.161] [SEVERE ] updating countdown to 52877
[17:07:28.187] [SEVERE ] updating countdown to 52851
[17:07:28.213] [SEVERE ] updating countdown to 52825
[17:07:28.239] [SEVERE ] updating countdown to 52799
[17:07:28.265] [SEVERE ] updating countdown to 52773
[17:07:28.290] [SEVERE ] updating countdown to 52748
[17:07:28.314] [SEVERE ] updating countdown to 52724
[17:07:28.336] [SEVERE ] updating countdown to 52702
[17:07:28.358] [SEVERE ] updating countdown to 52680
[17:07:28.379] [SEVERE ] updating countdown to 52659
[17:07:28.400] [SEVERE ] updating countdown to 52638
[17:07:28.422] [SEVERE ] updating countdown to 52616
[17:07:28.444] [SEVERE ] updating countdown to 52594
[17:07:28.466] [SEVERE ] updating countdown to 52572
[17:07:28.488] [SEVERE ] updating countdown to 52550
[17:07:28.510] [SEVERE ] updating countdown to 52528
[17:07:28.531] [SEVERE ] updating countdown to 52507
[17:07:28.551] [SEVERE ] updating countdown to 52487
[17:07:28.573] [SEVERE ] updating countdown to 52465
[17:07:28.594] [SEVERE ] updating countdown to 52444
[17:07:28.616] [SEVERE ] updating countdown to 52422
[17:07:28.637] [SEVERE ] updating countdown to 52401
[17:07:28.659] [SEVERE ] updating countdown to 52379
[17:07:28.680] [SEVERE ] updating countdown to 52358
[17:07:28.700] [SEVERE ] updating countdown to 52338
[17:07:28.722] [SEVERE ] updating countdown to 52316
[17:07:28.743] [SEVERE ] updating countdown to 52295
[17:07:28.763] [SEVERE ] updating countdown to 52275
[17:07:28.785] [SEVERE ] updating countdown to 52253
[17:07:28.806] [SEVERE ] updating countdown to 52232
[17:07:28.827] [SEVERE ] updating countdown to 52211
[17:07:28.848] [SEVERE ] updating countdown to 52190
[17:07:28.870] [SEVERE ] updating countdown to 52168
[17:07:28.891] [SEVERE ] updating countdown to 52147
[17:07:28.913] [SEVERE ] updating countdown to 52125
[17:07:28.934] [SEVERE ] updating countdown to 52104
[17:07:28.956] [SEVERE ] updating countdown to 52082
[17:07:28.979] [SEVERE ] updating countdown to 52059
[17:07:29.001] [SEVERE ] updating countdown to 52037
[17:07:29.023] [SEVERE ] updating countdown to 52015
[17:07:29.043] [SEVERE ] updating countdown to 51995
[17:07:29.066] [SEVERE ] updating countdown to 51972
[17:07:29.091] [SEVERE ] updating countdown to 51947
[17:07:29.113] [SEVERE ] updating countdown to 51925
[17:07:29.136] [SEVERE ] updating countdown to 51902
[17:07:29.162] [SEVERE ] updating countdown to 51876
[17:07:29.188] [SEVERE ] updating countdown to 51850
[17:07:29.210] [SEVERE ] updating countdown to 51828
[17:07:29.235] [SEVERE ] updating countdown to 51803
[17:07:29.261] [SEVERE ] updating countdown to 51777
[17:07:29.287] [SEVERE ] updating countdown to 51751
[17:07:29.313] [SEVERE ] updating countdown to 51725
[17:07:29.335] [SEVERE ] updating countdown to 51703
[17:07:29.356] [SEVERE ] updating countdown to 51682
[17:07:29.378] [SEVERE ] updating countdown to 51660
[17:07:29.399] [SEVERE ] updating countdown to 51639
[17:07:29.421] [SEVERE ] updating countdown to 51617
[17:07:29.444] [SEVERE ] updating countdown to 51594
[17:07:29.469] [SEVERE ] updating countdown to 51569
[17:07:29.492] [SEVERE ] updating countdown to 51546
[17:07:29.514] [SEVERE ] updating countdown to 51524
[17:07:29.539] [SEVERE ] updating countdown to 51499
[17:07:29.565] [SEVERE ] updating countdown to 51473
[17:07:29.591] [SEVERE ] updating countdown to 51447
[17:07:29.613] [SEVERE ] updating countdown to 51425
[17:07:29.638] [SEVERE ] updating countdown to 51400
[17:07:29.663] [SEVERE ] updating countdown to 51375
[17:07:29.689] [SEVERE ] updating countdown to 51349
[17:07:29.714] [SEVERE ] updating countdown to 51324
[17:07:29.739] [SEVERE ] updating countdown to 51299
[17:07:29.765] [SEVERE ] updating countdown to 51273
[17:07:29.791] [SEVERE ] updating countdown to 51247
[17:07:29.812] [SEVERE ] updating countdown to 51226
[17:07:29.836] [SEVERE ] updating countdown to 51202
[17:07:29.862] [SEVERE ] updating countdown to 51176
[17:07:29.888] [SEVERE ] updating countdown to 51150
[17:07:29.913] [SEVERE ] updating countdown to 51125
[17:07:29.935] [SEVERE ] updating countdown to 51103
[17:07:29.960] [SEVERE ] updating countdown to 51078
[17:07:29.983] [SEVERE ] updating countdown to 51055
[17:07:30.005] [SEVERE ] updating countdown to 51033
[17:07:30.028] [SEVERE ] updating countdown to 51010
[17:07:30.048] [SEVERE ] updating countdown to 50990
[17:07:30.070] [SEVERE ] updating countdown to 50968
[17:07:30.092] [SEVERE ] updating countdown to 50946
[17:07:30.112] [SEVERE ] updating countdown to 50926
[17:07:30.133] [SEVERE ] updating countdown to 50905
[17:07:30.155] [SEVERE ] updating countdown to 50883
[17:07:30.176] [SEVERE ] updating countdown to 50862
[17:07:30.198] [SEVERE ] updating countdown to 50840
[17:07:30.218] [SEVERE ] updating countdown to 50820
[17:07:30.240] [SEVERE ] updating countdown to 50798
[17:07:30.261] [SEVERE ] updating countdown to 50777
[17:07:30.282] [SEVERE ] updating countdown to 50756
[17:07:30.303] [SEVERE ] updating countdown to 50735
[17:07:30.323] [SEVERE ] updating countdown to 50715
[17:07:30.345] [SEVERE ] updating countdown to 50693
[17:07:30.366] [SEVERE ] updating countdown to 50672
[17:07:30.387] [SEVERE ] updating countdown to 50651
[17:07:30.408] [SEVERE ] updating countdown to 50630
[17:07:30.428] [SEVERE ] updating countdown to 50610
[17:07:30.450] [SEVERE ] updating countdown to 50588
[17:07:30.472] [SEVERE ] updating countdown to 50566
[17:07:30.493] [SEVERE ] updating countdown to 50545
[17:07:30.514] [SEVERE ] updating countdown to 50524
[17:07:30.536] [SEVERE ] updating countdown to 50502
[17:07:30.558] [SEVERE ] updating countdown to 50480
[17:07:30.580] [SEVERE ] updating countdown to 50458
[17:07:30.602] [SEVERE ] updating countdown to 50436
[17:07:30.623] [SEVERE ] updating countdown to 50415
[17:07:30.645] [SEVERE ] updating countdown to 50393
[17:07:30.667] [SEVERE ] updating countdown to 50371
[17:07:30.688] [SEVERE ] updating countdown to 50350
[17:07:30.713] [SEVERE ] updating countdown to 50325
[17:07:30.739] [SEVERE ] updating countdown to 50299
[17:07:30.763] [SEVERE ] updating countdown to 50275
[17:07:30.788] [SEVERE ] updating countdown to 50250
[17:07:30.811] [SEVERE ] updating countdown to 50227
[17:07:30.835] [SEVERE ] updating countdown to 50203
[17:07:30.860] [SEVERE ] updating countdown to 50178
[17:07:30.882] [SEVERE ] updating countdown to 50156
[17:07:30.907] [SEVERE ] updating countdown to 50131
[17:07:30.930] [SEVERE ] updating countdown to 50108
[17:07:30.950] [SEVERE ] updating countdown to 50088
[17:07:30.953] [SEVERE ] key 90 was pressed by player 1
[17:07:30.954] [SEVERE ] player 1 placing token on slot 8
[17:07:30.971] [SEVERE ] updating countdown to 50067
[17:07:30.993] [SEVERE ] updating countdown to 50045
[17:07:31.016] [SEVERE ] updating countdown to 50022
[17:07:31.036] [SEVERE ] updating countdown to 50002
[17:07:31.058] [SEVERE ] updating countdown to 49980
[17:07:31.080] [SEVERE ] updating countdown to 49958
[17:07:31.101] [SEVERE ] updating countdown to 49937
[17:07:31.122] [SEVERE ] updating countdown to 49916
[17:07:31.144] [SEVERE ] updating countdown to 49894
[17:07:31.165] [SEVERE ] updating countdown to 49873
[17:07:31.187] [SEVERE ] updating countdown to 49851
[17:07:31.208] [SEVERE ] updating countdown to 49830
[17:07:31.229] [SEVERE ] updating countdown to 49809
[17:07:31.249] [SEVERE ] updating countdown to 49789
[17:07:31.270] [SEVERE ] updating countdown to 49768
[17:07:31.292] [SEVERE ] updating countdown to 49746
[17:07:31.313] [SEVERE ] updating countdown to 49725
[17:07:31.334] [SEVERE ] updating countdown to 49704
[17:07:31.356] [SEVERE ] updating countdown to 49682
[17:07:31.376] [SEVERE ] updating countdown to 49662
[17:07:31.398] [SEVERE ] updating countdown to 49640
[17:07:31.418] [SEVERE ] updating countdown to 49620
[17:07:31.439] [SEVERE ] updating countdown to 49599
[17:07:31.461] [SEVERE ] updating countdown to 49577
[17:07:31.482] [SEVERE ] updating countdown to 49556
[17:07:31.503] [SEVERE ] updating countdown to 49535
[17:07:31.525] [SEVERE ] updating countdown to 49513
[17:07:31.546] [SEVERE ] updating countdown to 49492
[17:07:31.567] [SEVERE ] updating countdown to 49471
[17:07:31.588] [SEVERE ] updating countdown to 49450
[17:07:31.609] [SEVERE ] updating countdown to 49429
[17:07:31.634] [SEVERE ] updating countdown to 49404
[17:07:31.657] [SEVERE ] updating countdown to 49381
[17:07:31.681] [SEVERE ] updating countdown to 49357
[17:07:31.705] [SEVERE ] updating countdown to 49333
[17:07:31.728] [SEVERE ] updating countdown to 49310
[17:07:31.748] [SEVERE ] updating countdown to 49290
[17:07:31.770] [SEVERE ] updating countdown to 49268
[17:07:31.791] [SEVERE ] updating countdown to 49247
[17:07:31.797] [SEVERE ] key 83 was pressed by player 1
[17:07:31.797] [SEVERE ] player 1 placing token on slot 5
[17:07:31.812] [SEVERE ] updating countdown to 49226
[17:07:31.833] [SEVERE ] updating countdown to 49205
[17:07:31.854] [SEVERE ] updating countdown to 49184
[17:07:31.874] [SEVERE ] updating countdown to 49164
[17:07:31.895] [SEVERE ] updating countdown to 49143
[17:07:31.916] [SEVERE ] updating countdown to 49122
[17:07:31.937] [SEVERE ] updating countdown to 49101
[17:07:31.958] [SEVERE ] updating countdown to 49080
[17:07:31.979] [SEVERE ] updating countdown to 49059
[17:07:32.002] [SEVERE ] updating countdown to 49036
[17:07:32.024] [SEVERE ] updating countdown to 49014
[17:07:32.045] [SEVERE ] updating countdown to 48993
[17:07:32.066] [SEVERE ] updating countdown to 48972
[17:07:32.087] [SEVERE ] updating countdown to 48951
[17:07:32.109] [SEVERE ] updating countdown to 48929
[17:07:32.130] [SEVERE ] updating countdown to 48908
[17:07:32.150] [SEVERE ] updating countdown to 48888
[17:07:32.171] [SEVERE ] updating countdown to 48867
[17:07:32.193] [SEVERE ] updating countdown to 48845
[17:07:32.216] [SEVERE ] updating countdown to 48822
[17:07:32.238] [SEVERE ] updating countdown to 48800
[17:07:32.259] [SEVERE ] updating countdown to 48779
[17:07:32.280] [SEVERE ] updating countdown to 48758
[17:07:32.301] [SEVERE ] updating countdown to 48737
[17:07:32.322] [SEVERE ] updating countdown to 48716
[17:07:32.342] [SEVERE ] updating countdown to 48696
[17:07:32.364] [SEVERE ] updating countdown to 48674
[17:07:32.384] [SEVERE ] updating countdown to 48654
[17:07:32.406] [SEVERE ] updating countdown to 48632
[17:07:32.426] [SEVERE ] updating countdown to 48612
[17:07:32.447] [SEVERE ] updating countdown to 48591
[17:07:32.468] [SEVERE ] updating countdown to 48570
[17:07:32.490] [SEVERE ] updating countdown to 48548
[17:07:32.510] [SEVERE ] updating countdown to 48528
[17:07:32.531] [SEVERE ] updating countdown to 48507
[17:07:32.552] [SEVERE ] updating countdown to 48486
[17:07:32.574] [SEVERE ] updating countdown to 48464
[17:07:32.595] [SEVERE ] updating countdown to 48443
[17:07:32.615] [SEVERE ] updating countdown to 48423
[17:07:32.636] [SEVERE ] updating countdown to 48402
[17:07:32.657] [SEVERE ] updating countdown to 48381
[17:07:32.678] [SEVERE ] updating countdown to 48360
[17:07:32.700] [SEVERE ] updating countdown to 48338
[17:07:32.722] [SEVERE ] updating countdown to 48316
[17:07:32.743] [SEVERE ] updating countdown to 48295
[17:07:32.764] [SEVERE ] updating countdown to 48274
[17:07:32.786] [SEVERE ] updating countdown to 48252
[17:07:32.807] [SEVERE ] updating countdown to 48231
[17:07:32.829] [SEVERE ] updating countdown to 48209
[17:07:32.851] [SEVERE ] updating countdown to 48187
[17:07:32.876] [SEVERE ] updating countdown to 48162
[17:07:32.897] [SEVERE ] updating countdown to 48141
[17:07:32.919] [SEVERE ] updating countdown to 48119
[17:07:32.940] [SEVERE ] updating countdown to 48098
[17:07:32.962] [SEVERE ] updating countdown to 48076
[17:07:32.983] [SEVERE ] updating countdown to 48055
[17:07:33.004] [SEVERE ] updating countdown to 48034
[17:07:33.025] [SEVERE ] updating countdown to 48013
[17:07:33.047] [SEVERE ] updating countdown to 47991
[17:07:33.067] [SEVERE ] updating countdown to 47971
[17:07:33.089] [SEVERE ] updating countdown to 47949
[17:07:33.110] [SEVERE ] updating countdown to 47928
[17:07:33.132] [SEVERE ] updating countdown to 47906
[17:07:33.155] [SEVERE ] updating countdown to 47884
[17:07:33.175] [SEVERE ] key 67 was pressed by player 1
[17:07:33.175] [SEVERE ] player 1 placing token on slot 10
[17:07:33.176] [SEVERE ] updating countdown to 47862
[17:07:33.177] [SEVERE ] setting player 1 freeze to 3000
[17:07:33.197] [SEVERE ] updating countdown to 47841
[17:07:33.219] [SEVERE ] updating countdown to 47819
[17:07:33.240] [SEVERE ] updating countdown to 47798
[17:07:33.262] [SEVERE ] updating countdown to 47776
[17:07:33.284] [SEVERE ] updating countdown to 47754
[17:07:33.306] [SEVERE ] updating countdown to 47732
[17:07:33.326] [SEVERE ] updating countdown to 47712
[17:07:33.348] [SEVERE ] updating countdown to 47690
[17:07:33.373] [SEVERE ] updating countdown to 47665
[17:07:33.399] [SEVERE ] updating countdown to 47639
[17:07:33.420] [SEVERE ] updating countdown to 47618
[17:07:33.445] [SEVERE ] updating countdown to 47593
[17:07:33.469] [SEVERE ] updating countdown to 47569
[17:07:33.492] [SEVERE ] updating countdown to 47546
[17:07:33.516] [SEVERE ] updating countdown to 47522
[17:07:33.540] [SEVERE ] updating countdown to 47498
[17:07:33.564] [SEVERE ] updating countdown to 47474
[17:07:33.586] [SEVERE ] updating countdown to 47452
[17:07:33.608] [SEVERE ] updating countdown to 47430
[17:07:33.629] [SEVERE ] updating countdown to 47409
[17:07:33.652] [SEVERE ] updating countdown to 47386
[17:07:33.678] [SEVERE ] updating countdown to 47360
[17:07:33.703] [SEVERE ] updating countdown to 47335
[17:07:33.728] [SEVERE ] updating countdown to 47310
[17:07:33.752] [SEVERE ] updating countdown to 47286
[17:07:33.776] [SEVERE ] updating countdown to 47262
[17:07:33.799] [SEVERE ] updating countdown to 47239
[17:07:33.824] [SEVERE ] updating countdown to 47214
[17:07:33.849] [SEVERE ] updating countdown to 47189
[17:07:33.871] [SEVERE ] updating countdown to 47167
[17:07:33.893] [SEVERE ] updating countdown to 47145
[17:07:33.916] [SEVERE ] updating countdown to 47122
[17:07:33.938] [SEVERE ] updating countdown to 47100
[17:07:33.960] [SEVERE ] updating countdown to 47078
[17:07:33.981] [SEVERE ] updating countdown to 47057
[17:07:34.006] [SEVERE ] updating countdown to 47032
[17:07:34.032] [SEVERE ] updating countdown to 47006
[17:07:34.057] [SEVERE ] updating countdown to 46981
[17:07:34.081] [SEVERE ] updating countdown to 46957
[17:07:34.107] [SEVERE ] updating countdown to 46931
[17:07:34.130] [SEVERE ] updating countdown to 46908
[17:07:34.156] [SEVERE ] updating countdown to 46882
[17:07:34.181] [SEVERE ] updating countdown to 46857
[17:07:34.204] [SEVERE ] updating countdown to 46834
[17:07:34.226] [SEVERE ] updating countdown to 46812
[17:07:34.251] [SEVERE ] updating countdown to 46787
[17:07:34.275] [SEVERE ] updating countdown to 46763
[17:07:34.301] [SEVERE ] updating countdown to 46737
[17:07:34.327] [SEVERE ] updating countdown to 46711
[17:07:34.348] [SEVERE ] updating countdown to 46690
[17:07:34.374] [SEVERE ] updating countdown to 46664
[17:07:34.400] [SEVERE ] updating countdown to 46638
[17:07:34.422] [SEVERE ] updating countdown to 46616
[17:07:34.448] [SEVERE ] updating countdown to 46590
[17:07:34.468] [SEVERE ] updating countdown to 46570
[17:07:34.492] [SEVERE ] updating countdown to 46546
[17:07:34.513] [SEVERE ] updating countdown to 46525
[17:07:34.538] [SEVERE ] updating countdown to 46500
[17:07:34.564] [SEVERE ] updating countdown to 46474
[17:07:34.590] [SEVERE ] updating countdown to 46448
[17:07:34.612] [SEVERE ] updating countdown to 46426
[17:07:34.638] [SEVERE ] updating countdown to 46400
[17:07:34.664] [SEVERE ] updating countdown to 46374
[17:07:34.687] [SEVERE ] updating countdown to 46351
[17:07:34.711] [SEVERE ] updating countdown to 46327
[17:07:34.737] [SEVERE ] updating countdown to 46301
[17:07:34.763] [SEVERE ] updating countdown to 46275
[17:07:34.789] [SEVERE ] updating countdown to 46249
[17:07:34.814] [SEVERE ] updating countdown to 46224
[17:07:34.837] [SEVERE ] updating countdown to 46201
[17:07:34.863] [SEVERE ] updating countdown to 46175
[17:07:34.884] [SEVERE ] updating countdown to 46154
[17:07:34.907] [SEVERE ] updating countdown to 46131
[17:07:34.928] [SEVERE ] updating countdown to 46110
[17:07:34.950] [SEVERE ] updating countdown to 46088
[17:07:34.974] [SEVERE ] updating countdown to 46064
[17:07:34.997] [SEVERE ] updating countdown to 46041
[17:07:35.019] [SEVERE ] updating countdown to 46019
[17:07:35.045] [SEVERE ] updating countdown to 45993
[17:07:35.070] [SEVERE ] updating countdown to 45968
[17:07:35.094] [SEVERE ] updating countdown to 45944
[17:07:35.116] [SEVERE ] updating countdown to 45922
[17:07:35.139] [SEVERE ] updating countdown to 45899
[17:07:35.161] [SEVERE ] updating countdown to 45877
[17:07:35.182] [SEVERE ] updating countdown to 45856
[17:07:35.207] [SEVERE ] updating countdown to 45831
[17:07:35.233] [SEVERE ] updating countdown to 45805
[17:07:35.259] [SEVERE ] updating countdown to 45779
[17:07:35.281] [SEVERE ] updating countdown to 45757
[17:07:35.302] [SEVERE ] updating countdown to 45736
[17:07:35.322] [SEVERE ] updating countdown to 45716
[17:07:35.345] [SEVERE ] updating countdown to 45693
[17:07:35.365] [SEVERE ] updating countdown to 45673
[17:07:35.389] [SEVERE ] updating countdown to 45649
[17:07:35.414] [SEVERE ] updating countdown to 45624
[17:07:35.437] [SEVERE ] updating countdown to 45601
[17:07:35.463] [SEVERE ] updating countdown to 45575
[17:07:35.486] [SEVERE ] updating countdown to 45552
[17:07:35.508] [SEVERE ] updating countdown to 45530
[17:07:35.532] [SEVERE ] updating countdown to 45506
[17:07:35.555] [SEVERE ] updating countdown to 45483
[17:07:35.577] [SEVERE ] updating countdown to 45461
[17:07:35.599] [SEVERE ] updating countdown to 45439
[17:07:35.622] [SEVERE ] updating countdown to 45416
[17:07:35.644] [SEVERE ] updating countdown to 45394
[17:07:35.665] [SEVERE ] updating countdown to 45373
[17:07:35.688] [SEVERE ] updating countdown to 45350
[17:07:35.710] [SEVERE ] updating countdown to 45328
[17:07:35.716] [SEVERE ] key 88 was pressed by player 1
[17:07:35.733] [SEVERE ] updating countdown to 45305
[17:07:35.755] [SEVERE ] updating countdown to 45283
[17:07:35.782] [SEVERE ] updating countdown to 45256
[17:07:35.802] [SEVERE ] updating countdown to 45236
[17:07:35.826] [SEVERE ] updating countdown to 45212
[17:07:35.848] [SEVERE ] updating countdown to 45190
[17:07:35.871] [SEVERE ] updating countdown to 45167
[17:07:35.892] [SEVERE ] updating countdown to 45146
[17:07:35.914] [SEVERE ] updating countdown to 45124
[17:07:35.934] [SEVERE ] updating countdown to 45104
[17:07:35.956] [SEVERE ] updating countdown to 45082
[17:07:35.977] [SEVERE ] updating countdown to 45061
[17:07:36.003] [SEVERE ] updating countdown to 45035
[17:07:36.024] [SEVERE ] updating countdown to 45014
[17:07:36.048] [SEVERE ] updating countdown to 44990
[17:07:36.073] [SEVERE ] updating countdown to 44965
[17:07:36.097] [SEVERE ] updating countdown to 44941
[17:07:36.119] [SEVERE ] updating countdown to 44919
[17:07:36.141] [SEVERE ] updating countdown to 44897
[17:07:36.166] [SEVERE ] updating countdown to 44872
[17:07:36.181] [SEVERE ] setting player 1 freeze to 0
[17:07:36.189] [SEVERE ] updating countdown to 44849
[17:07:36.214] [SEVERE ] updating countdown to 44824
[17:07:36.235] [SEVERE ] updating countdown to 44803
[17:07:36.256] [SEVERE ] updating countdown to 44782
[17:07:36.278] [SEVERE ] updating countdown to 44760
[17:07:36.303] [SEVERE ] updating countdown to 44735
[17:07:36.325] [SEVERE ] updating countdown to 44713
[17:07:36.350] [SEVERE ] updating countdown to 44688
[17:07:36.373] [SEVERE ] updating countdown to 44665
[17:07:36.395] [SEVERE ] updating countdown to 44643
[17:07:36.417] [SEVERE ] updating countdown to 44621
[17:07:36.442] [SEVERE ] updating countdown to 44596
[17:07:36.463] [SEVERE ] updating countdown to 44575
[17:07:36.489] [SEVERE ] updating countdown to 44549
[17:07:36.513] [SEVERE ] updating countdown to 44525
[17:07:36.535] [SEVERE ] updating countdown to 44503
[17:07:36.559] [SEVERE ] updating countdown to 44479
[17:07:36.582] [SEVERE ] updating countdown to 44456
[17:07:36.604] [SEVERE ] updating countdown to 44434
[17:07:36.626] [SEVERE ] updating countdown to 44412
[17:07:36.649] [SEVERE ] updating countdown to 44389
[17:07:36.672] [SEVERE ] updating countdown to 44366
[17:07:36.694] [SEVERE ] updating countdown to 44344
[17:07:36.715] [SEVERE ] updating countdown to 44323
[17:07:36.736] [SEVERE ] updating countdown to 44302
[17:07:36.759] [SEVERE ] updating countdown to 44279
[17:07:36.782] [SEVERE ] updating countdown to 44256
[17:07:36.804] [SEVERE ] updating countdown to 44234
[17:07:36.825] [SEVERE ] updating countdown to 44213
[17:07:36.848] [SEVERE ] updating countdown to 44190
[17:07:36.870] [SEVERE ] updating countdown to 44168
[17:07:36.892] [SEVERE ] updating countdown to 44146
[17:07:36.913] [SEVERE ] updating countdown to 44125
[17:07:36.933] [SEVERE ] updating countdown to 44105
[17:07:36.955] [SEVERE ] updating countdown to 44083
[17:07:36.976] [SEVERE ] updating countdown to 44062
[17:07:36.998] [SEVERE ] updating countdown to 44040
[17:07:37.023] [SEVERE ] updating countdown to 44015
[17:07:37.045] [SEVERE ] updating countdown to 43993
[17:07:37.069] [SEVERE ] updating countdown to 43969
[17:07:37.094] [SEVERE ] updating countdown to 43944
[17:07:37.117] [SEVERE ] updating countdown to 43921
[17:07:37.143] [SEVERE ] updating countdown to 43895
[17:07:37.169] [SEVERE ] updating countdown to 43869
[17:07:37.193] [SEVERE ] updating countdown to 43845
[17:07:37.214] [SEVERE ] updating countdown to 43824
[17:07:37.239] [SEVERE ] updating countdown to 43799
[17:07:37.265] [SEVERE ] updating countdown to 43773
[17:07:37.286] [SEVERE ] updating countdown to 43752
[17:07:37.306] [SEVERE ] updating countdown to 43732
[17:07:37.330] [SEVERE ] updating countdown to 43708
[17:07:37.355] [SEVERE ] updating countdown to 43683
[17:07:37.378] [SEVERE ] updating countdown to 43660
[17:07:37.404] [SEVERE ] updating countdown to 43634
[17:07:37.426] [SEVERE ] updating countdown to 43612
[17:07:37.446] [SEVERE ] updating countdown to 43592
[17:07:37.468] [SEVERE ] updating countdown to 43570
[17:07:37.491] [SEVERE ] updating countdown to 43547
[17:07:37.516] [SEVERE ] updating countdown to 43522
[17:07:37.539] [SEVERE ] updating countdown to 43499
[17:07:37.564] [SEVERE ] updating countdown to 43474
[17:07:37.585] [SEVERE ] updating countdown to 43453
[17:07:37.607] [SEVERE ] updating countdown to 43431
[17:07:37.628] [SEVERE ] updating countdown to 43410
[17:07:37.652] [SEVERE ] updating countdown to 43386
[17:07:37.678] [SEVERE ] updating countdown to 43360
[17:07:37.703] [SEVERE ] updating countdown to 43335
[17:07:37.724] [SEVERE ] updating countdown to 43314
[17:07:37.746] [SEVERE ] updating countdown to 43292
[17:07:37.769] [SEVERE ] updating countdown to 43269
[17:07:37.790] [SEVERE ] updating countdown to 43248
[17:07:37.812] [SEVERE ] updating countdown to 43226
[17:07:37.837] [SEVERE ] updating countdown to 43201
[17:07:37.862] [SEVERE ] updating countdown to 43176
[17:07:37.888] [SEVERE ] updating countdown to 43150
[17:07:37.914] [SEVERE ] updating countdown to 43124
[17:07:37.937] [SEVERE ] updating countdown to 43101
[17:07:37.959] [SEVERE ] updating countdown to 43079
[17:07:37.981] [SEVERE ] updating countdown to 43057
[17:07:38.006] [SEVERE ] updating countdown to 43032
[17:07:38.032] [SEVERE ] updating countdown to 43006
[17:07:38.058] [SEVERE ] updating countdown to 42980
[17:07:38.082] [SEVERE ] updating countdown to 42956
[17:07:38.104] [SEVERE ] updating countdown to 42934
[17:07:38.126] [SEVERE ] updating countdown to 42912
[17:07:38.152] [SEVERE ] updating countdown to 42886
[17:07:38.176] [SEVERE ] updating countdown to 42862
[17:07:38.200] [SEVERE ] updating countdown to 42838
[17:07:38.223] [SEVERE ] updating countdown to 42815
[17:07:38.248] [SEVERE ] updating countdown to 42790
[17:07:38.274] [SEVERE ] updating countdown to 42764
[17:07:38.295] [SEVERE ] updating countdown to 42743
[17:07:38.317] [SEVERE ] updating countdown to 42721
[17:07:38.338] [SEVERE ] updating countdown to 42700
[17:07:38.364] [SEVERE ] updating countdown to 42674
[17:07:38.387] [SEVERE ] updating countdown to 42651
[17:07:38.410] [SEVERE ] updating countdown to 42628
[17:07:38.432] [SEVERE ] updating countdown to 42606
[17:07:38.452] [SEVERE ] updating countdown to 42586
[17:07:38.474] [SEVERE ] updating countdown to 42564
[17:07:38.495] [SEVERE ] updating countdown to 42543
[17:07:38.516] [SEVERE ] updating countdown to 42522
[17:07:38.539] [SEVERE ] updating countdown to 42499
[17:07:38.564] [SEVERE ] updating countdown to 42474
[17:07:38.586] [SEVERE ] updating countdown to 42452
[17:07:38.608] [SEVERE ] updating countdown to 42430
[17:07:38.630] [SEVERE ] updating countdown to 42408
[17:07:38.651] [SEVERE ] updating countdown to 42387
[17:07:38.676] [SEVERE ] updating countdown to 42362
[17:07:38.698] [SEVERE ] updating countdown to 42340
[17:07:38.719] [SEVERE ] updating countdown to 42319
[17:07:38.742] [SEVERE ] updating countdown to 42296
[17:07:38.764] [SEVERE ] updating countdown to 42274
[17:07:38.785] [SEVERE ] updating countdown to 42253
[17:07:38.806] [SEVERE ] updating countdown to 42232
[17:07:38.827] [SEVERE ] updating countdown to 42211
[17:07:38.851] [SEVERE ] updating countdown to 42187
[17:07:38.873] [SEVERE ] updating countdown to 42165
[17:07:38.896] [SEVERE ] updating countdown to 42142
[17:07:38.919] [SEVERE ] updating countdown to 42119
[17:07:38.942] [SEVERE ] updating countdown to 42096
[17:07:38.967] [SEVERE ] updating countdown to 42072
[17:07:38.992] [SEVERE ] updating countdown to 42046
[17:07:39.017] [SEVERE ] updating countdown to 42021
[17:07:39.042] [SEVERE ] updating countdown to 41996
[17:07:39.066] [SEVERE ] updating countdown to 41972
[17:07:39.092] [SEVERE ] updating countdown to 41946
[17:07:39.114] [SEVERE ] updating countdown to 41924
[17:07:39.135] [SEVERE ] updating countdown to 41903
[17:07:39.157] [SEVERE ] updating countdown to 41881
[17:07:39.182] [SEVERE ] updating countdown to 41856
[17:07:39.208] [SEVERE ] updating countdown to 41830
[17:07:39.234] [SEVERE ] updating countdown to 41804
[17:07:39.260] [SEVERE ] updating countdown to 41778
[17:07:39.285] [SEVERE ] updating countdown to 41753
[17:07:39.310] [SEVERE ] updating countdown to 41728
[17:07:39.330] [SEVERE ] updating countdown to 41708
[17:07:39.354] [SEVERE ] updating countdown to 41684
[17:07:39.377] [SEVERE ] updating countdown to 41661
[17:07:39.402] [SEVERE ] updating countdown to 41636
[17:07:39.428] [SEVERE ] updating countdown to 41610
[17:07:39.451] [SEVERE ] updating countdown to 41587
[17:07:39.475] [SEVERE ] updating countdown to 41563
[17:07:39.498] [SEVERE ] updating countdown to 41540
[17:07:39.523] [SEVERE ] updating countdown to 41515
[17:07:39.546] [SEVERE ] updating countdown to 41492
[17:07:39.570] [SEVERE ] updating countdown to 41468
[17:07:39.594] [SEVERE ] updating countdown to 41444
[17:07:39.619] [SEVERE ] updating countdown to 41419
[17:07:39.643] [SEVERE ] updating countdown to 41395
[17:07:39.668] [SEVERE ] updating countdown to 41370
[17:07:39.691] [SEVERE ] updating countdown to 41347
[17:07:39.715] [SEVERE ] updating countdown to 41323
[17:07:39.738] [SEVERE ] updating countdown to 41300
[17:07:39.763] [SEVERE ] updating countdown to 41275
[17:07:39.784] [SEVERE ] updating countdown to 41254
[17:07:39.805] [SEVERE ] updating countdown to 41233
[17:07:39.829] [SEVERE ] updating countdown to 41209
[17:07:39.851] [SEVERE ] updating countdown to 41187
[17:07:39.877] [SEVERE ] updating countdown to 41161
[17:07:39.900] [SEVERE ] updating countdown to 41138
[17:07:39.925] [SEVERE ] updating countdown to 41113
[17:07:39.946] [SEVERE ] updating countdown to 41092
[17:07:39.966] [SEVERE ] updating countdown to 41072
[17:07:39.987] [SEVERE ] updating countdown to 41051
[17:07:40.013] [SEVERE ] updating countdown to 41025
[17:07:40.035] [SEVERE ] updating countdown to 41003
[17:07:40.058] [SEVERE ] updating countdown to 40980
[17:07:40.080] [SEVERE ] updating countdown to 40958
[17:07:40.101] [SEVERE ] updating countdown to 40937
[17:07:40.124] [SEVERE ] updating countdown to 40914
[17:07:40.144] [SEVERE ] updating countdown to 40894
[17:07:40.167] [SEVERE ] updating countdown to 40871
[17:07:40.193] [SEVERE ] updating countdown to 40845
[17:07:40.217] [SEVERE ] updating countdown to 40821
[17:07:40.240] [SEVERE ] updating countdown to 40798
[17:07:40.265] [SEVERE ] updating countdown to 40773
[17:07:40.291] [SEVERE ] updating countdown to 40747
[17:07:40.315] [SEVERE ] updating countdown to 40723
[17:07:40.337] [SEVERE ] updating countdown to 40701
[17:07:40.358] [SEVERE ] updating countdown to 40680
[17:07:40.380] [SEVERE ] updating countdown to 40658
[17:07:40.401] [SEVERE ] updating countdown to 40637
[17:07:40.426] [SEVERE ] updating countdown to 40612
[17:07:40.448] [SEVERE ] updating countdown to 40590
[17:07:40.469] [SEVERE ] updating countdown to 40569
[17:07:40.491] [SEVERE ] updating countdown to 40547
[17:07:40.511] [SEVERE ] updating countdown to 40527
[17:07:40.533] [SEVERE ] updating countdown to 40505
[17:07:40.554] [SEVERE ] updating countdown to 40484
[17:07:40.577] [SEVERE ] updating countdown to 40461
[17:07:40.598] [SEVERE ] updating countdown to 40440
[17:07:40.620] [SEVERE ] updating countdown to 40418
[17:07:40.646] [SEVERE ] updating countdown to 40392
[17:07:40.668] [SEVERE ] updating countdown to 40370
[17:07:40.693] [SEVERE ] updating countdown to 40345
[17:07:40.719] [SEVERE ] updating countdown to 40319
[17:07:40.742] [SEVERE ] updating countdown to 40296
[17:07:40.765] [SEVERE ] updating countdown to 40273
[17:07:40.787] [SEVERE ] updating countdown to 40251
[17:07:40.809] [SEVERE ] updating countdown to 40229
[17:07:40.831] [SEVERE ] updating countdown to 40207
[17:07:40.852] [SEVERE ] updating countdown to 40186
[17:07:40.877] [SEVERE ] updating countdown to 40161
[17:07:40.902] [SEVERE ] updating countdown to 40136
[17:07:40.927] [SEVERE ] updating countdown to 40111
[17:07:40.949] [SEVERE ] updating countdown to 40089
[17:07:40.972] [SEVERE ] updating countdown to 40066
[17:07:40.995] [SEVERE ] updating countdown to 40043
[17:07:41.019] [SEVERE ] updating countdown to 40019
[17:07:41.044] [SEVERE ] updating countdown to 39994
[17:07:41.065] [SEVERE ] updating countdown to 39973
[17:07:41.087] [SEVERE ] updating countdown to 39951
[17:07:41.112] [SEVERE ] updating countdown to 39926
[17:07:41.135] [SEVERE ] updating countdown to 39903
[17:07:41.159] [SEVERE ] updating countdown to 39879
[17:07:41.185] [SEVERE ] updating countdown to 39853
[17:07:41.209] [SEVERE ] updating countdown to 39829
[17:07:41.232] [SEVERE ] updating countdown to 39806
[17:07:41.261] [SEVERE ] updating countdown to 39777
[17:07:41.283] [SEVERE ] updating countdown to 39755
[17:07:41.305] [SEVERE ] updating countdown to 39733
[17:07:41.327] [SEVERE ] updating countdown to 39711
[17:07:41.348] [SEVERE ] updating countdown to 39690
[17:07:41.370] [SEVERE ] updating countdown to 39668
[17:07:41.395] [SEVERE ] updating countdown to 39643
[17:07:41.418] [SEVERE ] updating countdown to 39620
[17:07:41.443] [SEVERE ] updating countdown to 39595
[17:07:41.465] [SEVERE ] updating countdown to 39573
[17:07:41.490] [SEVERE ] updating countdown to 39548
[17:07:41.515] [SEVERE ] updating countdown to 39523
[17:07:41.540] [SEVERE ] updating countdown to 39498
[17:07:41.565] [SEVERE ] updating countdown to 39473
[17:07:41.591] [SEVERE ] updating countdown to 39447
[17:07:41.613] [SEVERE ] updating countdown to 39425
[17:07:41.635] [SEVERE ] updating countdown to 39403
[17:07:41.661] [SEVERE ] updating countdown to 39377
[17:07:41.683] [SEVERE ] updating countdown to 39355
[17:07:41.705] [SEVERE ] updating countdown to 39333
[17:07:41.728] [SEVERE ] updating countdown to 39310
[17:07:41.749] [SEVERE ] updating countdown to 39289
[17:07:41.770] [SEVERE ] updating countdown to 39268
[17:07:41.792] [SEVERE ] updating countdown to 39246
[17:07:41.813] [SEVERE ] updating countdown to 39225
[17:07:41.836] [SEVERE ] updating countdown to 39202
[17:07:41.861] [SEVERE ] updating countdown to 39177
[17:07:41.882] [SEVERE ] updating countdown to 39156
[17:07:41.905] [SEVERE ] updating countdown to 39133
[17:07:41.926] [SEVERE ] updating countdown to 39112
[17:07:41.946] [SEVERE ] updating countdown to 39092
[17:07:41.968] [SEVERE ] updating countdown to 39070
[17:07:41.989] [SEVERE ] updating countdown to 39050
[17:07:42.010] [SEVERE ] updating countdown to 39028
[17:07:42.033] [SEVERE ] updating countdown to 39005
[17:07:42.055] [SEVERE ] updating countdown to 38983
[17:07:42.078] [SEVERE ] updating countdown to 38960
[17:07:42.099] [SEVERE ] updating countdown to 38939
[17:07:42.120] [SEVERE ] updating countdown to 38918
[17:07:42.143] [SEVERE ] updating countdown to 38895
[17:07:42.168] [SEVERE ] updating countdown to 38870
[17:07:42.192] [SEVERE ] updating countdown to 38846
[17:07:42.214] [SEVERE ] updating countdown to 38824
[17:07:42.239] [SEVERE ] updating countdown to 38799
[17:07:42.261] [SEVERE ] updating countdown to 38777
[17:07:42.282] [SEVERE ] updating countdown to 38756
[17:07:42.306] [SEVERE ] updating countdown to 38732
[17:07:42.332] [SEVERE ] updating countdown to 38706
[17:07:42.354] [SEVERE ] updating countdown to 38684
[17:07:42.375] [SEVERE ] updating countdown to 38663
[17:07:42.396] [SEVERE ] updating countdown to 38642
[17:07:42.418] [SEVERE ] updating countdown to 38620
[17:07:42.441] [SEVERE ] updating countdown to 38597
[17:07:42.465] [SEVERE ] updating countdown to 38573
[17:07:42.488] [SEVERE ] updating countdown to 38550
[17:07:42.514] [SEVERE ] updating countdown to 38524
[17:07:42.536] [SEVERE ] updating countdown to 38502
[17:07:42.561] [SEVERE ] updating countdown to 38477
[17:07:42.584] [SEVERE ] updating countdown to 38454
[17:07:42.604] [SEVERE ] updating countdown to 38434
[17:07:42.627] [SEVERE ] updating countdown to 38411
[17:07:42.651] [SEVERE ] updating countdown to 38387
[17:07:42.675] [SEVERE ] updating countdown to 38363
[17:07:42.698] [SEVERE ] updating countdown to 38340
[17:07:42.720] [SEVERE ] updating countdown to 38318
[17:07:42.745] [SEVERE ] updating countdown to 38293
[17:07:42.771] [SEVERE ] updating countdown to 38267
[17:07:42.793] [SEVERE ] updating countdown to 38245
[17:07:42.818] [SEVERE ] updating countdown to 38220
[17:07:42.844] [SEVERE ] updating countdown to 38194
[17:07:42.874] [SEVERE ] updating countdown to 38164
[17:07:42.900] [SEVERE ] updating countdown to 38138
[17:07:42.926] [SEVERE ] updating countdown to 38112
[17:07:42.952] [SEVERE ] updating countdown to 38086
[17:07:42.974] [SEVERE ] updating countdown to 38064
[17:07:43.000] [SEVERE ] updating countdown to 38038
[17:07:43.026] [SEVERE ] updating countdown to 38012
[17:07:43.052] [SEVERE ] updating countdown to 37986
[17:07:43.077] [SEVERE ] updating countdown to 37961
[17:07:43.103] [SEVERE ] updating countdown to 37935
[17:07:43.124] [SEVERE ] updating countdown to 37914
[17:07:43.149] [SEVERE ] updating countdown to 37889
[17:07:43.174] [SEVERE ] updating countdown to 37864
[17:07:43.197] [SEVERE ] updating countdown to 37841
[17:07:43.219] [SEVERE ] updating countdown to 37819
[17:07:43.243] [SEVERE ] updating countdown to 37795
[17:07:43.265] [SEVERE ] updating countdown to 37773
[17:07:43.287] [SEVERE ] updating countdown to 37751
[17:07:43.308] [SEVERE ] updating countdown to 37730
[17:07:43.328] [SEVERE ] updating countdown to 37710
[17:07:43.354] [SEVERE ] updating countdown to 37684
[17:07:43.377] [SEVERE ] updating countdown to 37661
[17:07:43.400] [SEVERE ] updating countdown to 37638
[17:07:43.425] [SEVERE ] updating countdown to 37613
[17:07:43.449] [SEVERE ] updating countdown to 37589
[17:07:43.475] [SEVERE ] updating countdown to 37563
[17:07:43.498] [SEVERE ] updating countdown to 37540
[17:07:43.523] [SEVERE ] updating countdown to 37515
[17:07:43.545] [SEVERE ] updating countdown to 37493
[17:07:43.571] [SEVERE ] updating countdown to 37467
[17:07:43.592] [SEVERE ] updating countdown to 37446
[17:07:43.614] [SEVERE ] updating countdown to 37424
[17:07:43.640] [SEVERE ] updating countdown to 37398
[17:07:43.666] [SEVERE ] updating countdown to 37372
[17:07:43.688] [SEVERE ] updating countdown to 37350
[17:07:43.711] [SEVERE ] updating countdown to 37327
[17:07:43.736] [SEVERE ] updating countdown to 37302
[17:07:43.760] [SEVERE ] updating countdown to 37278
[17:07:43.786] [SEVERE ] updating countdown to 37252
[17:07:43.807] [SEVERE ] updating countdown to 37231
[17:07:43.831] [SEVERE ] updating countdown to 37207
[17:07:43.857] [SEVERE ] updating countdown to 37181
[17:07:43.879] [SEVERE ] updating countdown to 37159
[17:07:43.902] [SEVERE ] updating countdown to 37136
[17:07:43.925] [SEVERE ] updating countdown to 37113
[17:07:43.951] [SEVERE ] updating countdown to 37087
[17:07:43.973] [SEVERE ] updating countdown to 37065
[17:07:43.994] [SEVERE ] updating countdown to 37044
[17:07:44.017] [SEVERE ] updating countdown to 37021
[17:07:44.041] [SEVERE ] updating countdown to 36997
[17:07:44.063] [SEVERE ] updating countdown to 36975
[17:07:44.089] [SEVERE ] updating countdown to 36949
[17:07:44.114] [SEVERE ] updating countdown to 36924
[17:07:44.139] [SEVERE ] updating countdown to 36899
[17:07:44.165] [SEVERE ] updating countdown to 36873
[17:07:44.191] [SEVERE ] updating countdown to 36847
[17:07:44.214] [SEVERE ] updating countdown to 36824
[17:07:44.235] [SEVERE ] updating countdown to 36803
[17:07:44.261] [SEVERE ] updating countdown to 36777
[17:07:44.283] [SEVERE ] updating countdown to 36755
[17:07:44.304] [SEVERE ] updating countdown to 36734
[17:07:44.329] [SEVERE ] updating countdown to 36709
[17:07:44.353] [SEVERE ] updating countdown to 36685
[17:07:44.379] [SEVERE ] updating countdown to 36659
[17:07:44.401] [SEVERE ] updating countdown to 36637
[17:07:44.427] [SEVERE ] updating countdown to 36611
[17:07:44.449] [SEVERE ] updating countdown to 36589
[17:07:44.469] [SEVERE ] updating countdown to 36569
[17:07:44.491] [SEVERE ] updating countdown to 36547
[17:07:44.514] [SEVERE ] updating countdown to 36524
[17:07:44.537] [SEVERE ] updating countdown to 36501
[17:07:44.559] [SEVERE ] updating countdown to 36479
[17:07:44.581] [SEVERE ] updating countdown to 36457
[17:07:44.602] [SEVERE ] updating countdown to 36436
[17:07:44.627] [SEVERE ] updating countdown to 36411
[17:07:44.653] [SEVERE ] updating countdown to 36385
[17:07:44.677] [SEVERE ] updating countdown to 36361
[17:07:44.701] [SEVERE ] updating countdown to 36337
[17:07:44.725] [SEVERE ] updating countdown to 36313
[17:07:44.747] [SEVERE ] updating countdown to 36291
[17:07:44.768] [SEVERE ] updating countdown to 36270
[17:07:44.789] [SEVERE ] updating countdown to 36249
[17:07:44.811] [SEVERE ] updating countdown to 36227
[17:07:44.832] [SEVERE ] updating countdown to 36206
[17:07:44.856] [SEVERE ] updating countdown to 36182
[17:07:44.882] [SEVERE ] updating countdown to 36156
[17:07:44.907] [SEVERE ] updating countdown to 36131
[17:07:44.931] [SEVERE ] updating countdown to 36107
[17:07:44.956] [SEVERE ] updating countdown to 36082
[17:07:44.979] [SEVERE ] updating countdown to 36059
[17:07:45.005] [SEVERE ] updating countdown to 36033
[17:07:45.027] [SEVERE ] updating countdown to 36011
[17:07:45.051] [SEVERE ] updating countdown to 35987
[17:07:45.076] [SEVERE ] updating countdown to 35962
[17:07:45.102] [SEVERE ] updating countdown to 35936
[17:07:45.125] [SEVERE ] updating countdown to 35913
[17:07:45.146] [SEVERE ] updating countdown to 35892
[17:07:45.171] [SEVERE ] updating countdown to 35867
[17:07:45.192] [SEVERE ] updating countdown to 35846
[17:07:45.214] [SEVERE ] updating countdown to 35824
[17:07:45.234] [SEVERE ] key 88 was pressed by player 1
[17:07:45.234] [SEVERE ] updating countdown to 35804
[17:07:45.235] [SEVERE ] player 1 placing token on slot 9
[17:07:45.255] [SEVERE ] updating countdown to 35783
[17:07:45.278] [SEVERE ] updating countdown to 35760
[17:07:45.301] [SEVERE ] updating countdown to 35737
[17:07:45.322] [SEVERE ] updating countdown to 35716
[17:07:45.345] [SEVERE ] updating countdown to 35693
[17:07:45.369] [SEVERE ] updating countdown to 35669
[17:07:45.391] [SEVERE ] updating countdown to 35647
[17:07:45.414] [SEVERE ] updating countdown to 35624
[17:07:45.434] [SEVERE ] updating countdown to 35604
[17:07:45.457] [SEVERE ] updating countdown to 35581
[17:07:45.482] [SEVERE ] updating countdown to 35556
[17:07:45.508] [SEVERE ] updating countdown to 35530
[17:07:45.533] [SEVERE ] updating countdown to 35505
[17:07:45.556] [SEVERE ] updating countdown to 35482
[17:07:45.577] [SEVERE ] updating countdown to 35461
[17:07:45.598] [SEVERE ] updating countdown to 35440
[17:07:45.622] [SEVERE ] updating countdown to 35416
[17:07:45.646] [SEVERE ] updating countdown to 35392
[17:07:45.667] [SEVERE ] updating countdown to 35371
[17:07:45.691] [SEVERE ] updating countdown to 35347
[17:07:45.716] [SEVERE ] updating countdown to 35322
[17:07:45.740] [SEVERE ] updating countdown to 35298
[17:07:45.765] [SEVERE ] updating countdown to 35273
[17:07:45.789] [SEVERE ] updating countdown to 35249
[17:07:45.813] [SEVERE ] updating countdown to 35225
[17:07:45.838] [SEVERE ] updating countdown to 35200
[17:07:45.862] [SEVERE ] updating countdown to 35176
[17:07:45.887] [SEVERE ] updating countdown to 35151
[17:07:45.911] [SEVERE ] updating countdown to 35127
[17:07:45.936] [SEVERE ] updating countdown to 35102
[17:07:45.960] [SEVERE ] updating countdown to 35078
[17:07:45.981] [SEVERE ] updating countdown to 35057
[17:07:46.002] [SEVERE ] updating countdown to 35036
[17:07:46.024] [SEVERE ] updating countdown to 35014
[17:07:46.046] [SEVERE ] updating countdown to 34992
[17:07:46.068] [SEVERE ] updating countdown to 34970
[17:07:46.089] [SEVERE ] updating countdown to 34949
[17:07:46.114] [SEVERE ] updating countdown to 34924
[17:07:46.138] [SEVERE ] updating countdown to 34900
[17:07:46.156] [SEVERE ] key 88 was pressed by player 1
[17:07:46.157] [SEVERE ] removing player 1 token from slot 9
[17:07:46.159] [SEVERE ] updating countdown to 34879
[17:07:46.180] [SEVERE ] updating countdown to 34858
[17:07:46.205] [SEVERE ] updating countdown to 34833
[17:07:46.228] [SEVERE ] updating countdown to 34810
[17:07:46.249] [SEVERE ] updating countdown to 34789
[17:07:46.271] [SEVERE ] updating countdown to 34767
[17:07:46.293] [SEVERE ] updating countdown to 34745
[17:07:46.314] [SEVERE ] updating countdown to 34724
[17:07:46.336] [SEVERE ] updating countdown to 34702
[17:07:46.360] [SEVERE ] updating countdown to 34678
[17:07:46.381] [SEVERE ] updating countdown to 34657
[17:07:46.401] [SEVERE ] updating countdown to 34637
[17:07:46.424] [SEVERE ] updating countdown to 34614
[17:07:46.448] [SEVERE ] updating countdown to 34590
[17:07:46.470] [SEVERE ] updating countdown to 34568
[17:07:46.493] [SEVERE ] updating countdown to 34545
[17:07:46.514] [SEVERE ] updating countdown to 34524
[17:07:46.535] [SEVERE ] updating countdown to 34503
[17:07:46.557] [SEVERE ] updating countdown to 34481
[17:07:46.579] [SEVERE ] updating countdown to 34459
[17:07:46.601] [SEVERE ] updating countdown to 34437
[17:07:46.623] [SEVERE ] updating countdown to 34415
[17:07:46.645] [SEVERE ] updating countdown to 34393
[17:07:46.670] [SEVERE ] updating countdown to 34368
[17:07:46.695] [SEVERE ] updating countdown to 34343
[17:07:46.719] [SEVERE ] updating countdown to 34319
[17:07:46.741] [SEVERE ] updating countdown to 34297
[17:07:46.754] [SEVERE ] key 88 was pressed by player 1
[17:07:46.754] [SEVERE ] player 1 placing token on slot 9
[17:07:46.762] [SEVERE ] updating countdown to 34276
[17:07:46.784] [SEVERE ] updating countdown to 34254
[17:07:46.805] [SEVERE ] updating countdown to 34233
[17:07:46.827] [SEVERE ] updating countdown to 34211
[17:07:46.851] [SEVERE ] updating countdown to 34187
[17:07:46.873] [SEVERE ] updating countdown to 34165
[17:07:46.893] [SEVERE ] updating countdown to 34145
[17:07:46.914] [SEVERE ] updating countdown to 34124
[17:07:46.937] [SEVERE ] updating countdown to 34101
[17:07:46.958] [SEVERE ] updating countdown to 34080
[17:07:46.978] [SEVERE ] updating countdown to 34060
[17:07:47.000] [SEVERE ] updating countdown to 34038
[17:07:47.023] [SEVERE ] updating countdown to 34015
[17:07:47.045] [SEVERE ] updating countdown to 33993
[17:07:47.066] [SEVERE ] updating countdown to 33972
[17:07:47.089] [SEVERE ] updating countdown to 33949
[17:07:47.112] [SEVERE ] updating countdown to 33926
[17:07:47.136] [SEVERE ] updating countdown to 33902
[17:07:47.160] [SEVERE ] updating countdown to 33878
[17:07:47.183] [SEVERE ] updating countdown to 33855
[17:07:47.205] [SEVERE ] updating countdown to 33833
[17:07:47.226] [SEVERE ] updating countdown to 33812
[17:07:47.247] [SEVERE ] updating countdown to 33791
[17:07:47.268] [SEVERE ] updating countdown to 33770
[17:07:47.290] [SEVERE ] updating countdown to 33748
[17:07:47.315] [SEVERE ] updating countdown to 33723
[17:07:47.340] [SEVERE ] updating countdown to 33698
[17:07:47.365] [SEVERE ] updating countdown to 33673
[17:07:47.369] [SEVERE ] key 70 was pressed by player 1
[17:07:47.370] [SEVERE ] player 1 placing token on slot 7
[17:07:47.387] [SEVERE ] updating countdown to 33651
[17:07:47.407] [SEVERE ] updating countdown to 33631
[17:07:47.429] [SEVERE ] updating countdown to 33609
[17:07:47.449] [SEVERE ] updating countdown to 33589
[17:07:47.471] [SEVERE ] updating countdown to 33567
[17:07:47.493] [SEVERE ] updating countdown to 33545
[17:07:47.519] [SEVERE ] updating countdown to 33519
[17:07:47.545] [SEVERE ] updating countdown to 33493
[17:07:47.567] [SEVERE ] updating countdown to 33471
[17:07:47.588] [SEVERE ] updating countdown to 33450
[17:07:47.613] [SEVERE ] updating countdown to 33425
[17:07:47.635] [SEVERE ] updating countdown to 33403
[17:07:47.657] [SEVERE ] updating countdown to 33381
[17:07:47.682] [SEVERE ] updating countdown to 33356
[17:07:47.704] [SEVERE ] updating countdown to 33334
[17:07:47.726] [SEVERE ] updating countdown to 33312
[17:07:47.747] [SEVERE ] updating countdown to 33291
[17:07:47.769] [SEVERE ] updating countdown to 33269
[17:07:47.791] [SEVERE ] updating countdown to 33247
[17:07:47.817] [SEVERE ] updating countdown to 33221
[17:07:47.842] [SEVERE ] updating countdown to 33196
[17:07:47.864] [SEVERE ] updating countdown to 33174
[17:07:47.889] [SEVERE ] updating countdown to 33149
[17:07:47.914] [SEVERE ] updating countdown to 33124
[17:07:47.938] [SEVERE ] updating countdown to 33100
[17:07:47.964] [SEVERE ] updating countdown to 33074
[17:07:47.985] [SEVERE ] updating countdown to 33053
[17:07:48.007] [SEVERE ] updating countdown to 33031
[17:07:48.030] [SEVERE ] updating countdown to 33008
[17:07:48.052] [SEVERE ] updating countdown to 32986
[17:07:48.075] [SEVERE ] updating countdown to 32963
[17:07:48.096] [SEVERE ] updating countdown to 32942
[17:07:48.118] [SEVERE ] updating countdown to 32920
[17:07:48.140] [SEVERE ] updating countdown to 32898
[17:07:48.166] [SEVERE ] updating countdown to 32872
[17:07:48.189] [SEVERE ] updating countdown to 32849
[17:07:48.212] [SEVERE ] updating countdown to 32826
[17:07:48.237] [SEVERE ] updating countdown to 32801
[17:07:48.263] [SEVERE ] updating countdown to 32775
[17:07:48.289] [SEVERE ] updating countdown to 32749
[17:07:48.315] [SEVERE ] updating countdown to 32723
[17:07:48.337] [SEVERE ] updating countdown to 32701
[17:07:48.360] [SEVERE ] updating countdown to 32678
[17:07:48.382] [SEVERE ] updating countdown to 32656
[17:07:48.404] [SEVERE ] updating countdown to 32634
[17:07:48.426] [SEVERE ] updating countdown to 32612
[17:07:48.451] [SEVERE ] updating countdown to 32587
[17:07:48.474] [SEVERE ] updating countdown to 32564
[17:07:48.499] [SEVERE ] updating countdown to 32539
[17:07:48.525] [SEVERE ] updating countdown to 32513
[17:07:48.547] [SEVERE ] updating countdown to 32491
[17:07:48.568] [SEVERE ] updating countdown to 32470
[17:07:48.589] [SEVERE ] updating countdown to 32449
[17:07:48.611] [SEVERE ] updating countdown to 32427
[17:07:48.633] [SEVERE ] updating countdown to 32405
[17:07:48.654] [SEVERE ] updating countdown to 32384
[17:07:48.676] [SEVERE ] updating countdown to 32362
[17:07:48.697] [SEVERE ] updating countdown to 32341
[17:07:48.719] [SEVERE ] updating countdown to 32319
[17:07:48.742] [SEVERE ] updating countdown to 32296
[17:07:48.762] [SEVERE ] updating countdown to 32276
[17:07:48.783] [SEVERE ] updating countdown to 32255
[17:07:48.806] [SEVERE ] updating countdown to 32232
[17:07:48.831] [SEVERE ] updating countdown to 32207
[17:07:48.856] [SEVERE ] updating countdown to 32182
[17:07:48.878] [SEVERE ] updating countdown to 32160
[17:07:48.903] [SEVERE ] updating countdown to 32135
[17:07:48.926] [SEVERE ] updating countdown to 32112
[17:07:48.947] [SEVERE ] updating countdown to 32091
[17:07:48.970] [SEVERE ] updating countdown to 32068
[17:07:48.992] [SEVERE ] updating countdown to 32046
[17:07:49.013] [SEVERE ] updating countdown to 32025
[17:07:49.035] [SEVERE ] updating countdown to 32003
[17:07:49.057] [SEVERE ] updating countdown to 31981
[17:07:49.080] [SEVERE ] updating countdown to 31958
[17:07:49.104] [SEVERE ] updating countdown to 31934
[17:07:49.127] [SEVERE ] updating countdown to 31911
[17:07:49.148] [SEVERE ] updating countdown to 31890
[17:07:49.171] [SEVERE ] updating countdown to 31867
[17:07:49.195] [SEVERE ] updating countdown to 31843
[17:07:49.219] [SEVERE ] updating countdown to 31819
[17:07:49.244] [SEVERE ] updating countdown to 31794
[17:07:49.270] [SEVERE ] updating countdown to 31768
[17:07:49.295] [SEVERE ] updating countdown to 31743
[17:07:49.321] [SEVERE ] updating countdown to 31717
[17:07:49.344] [SEVERE ] updating countdown to 31694
[17:07:49.368] [SEVERE ] updating countdown to 31670
[17:07:49.389] [SEVERE ] updating countdown to 31649
[17:07:49.411] [SEVERE ] updating countdown to 31627
[17:07:49.431] [SEVERE ] updating countdown to 31607
[17:07:49.455] [SEVERE ] updating countdown to 31583
[17:07:49.477] [SEVERE ] updating countdown to 31561
[17:07:49.500] [SEVERE ] updating countdown to 31538
[17:07:49.511] [SEVERE ] key 73 was pressed by player 2
[17:07:49.512] [SEVERE ] player 2 placing token on slot 1
[17:07:49.521] [SEVERE ] updating countdown to 31517
[17:07:49.544] [SEVERE ] updating countdown to 31494
[17:07:49.547] [SEVERE ] key 79 was pressed by player 2
[17:07:49.547] [SEVERE ] player 2 placing token on slot 2
[17:07:49.565] [SEVERE ] updating countdown to 31473
[17:07:49.592] [SEVERE ] updating countdown to 31446
[17:07:49.614] [SEVERE ] updating countdown to 31424
[17:07:49.639] [SEVERE ] updating countdown to 31399
[17:07:49.663] [SEVERE ] updating countdown to 31375
[17:07:49.687] [SEVERE ] updating countdown to 31351
[17:07:49.710] [SEVERE ] updating countdown to 31328
[17:07:49.732] [SEVERE ] updating countdown to 31306
[17:07:49.752] [SEVERE ] updating countdown to 31286
[17:07:49.774] [SEVERE ] updating countdown to 31264
[17:07:49.798] [SEVERE ] updating countdown to 31240
[17:07:49.823] [SEVERE ] updating countdown to 31215
[17:07:49.849] [SEVERE ] updating countdown to 31189
[17:07:49.871] [SEVERE ] updating countdown to 31167
[17:07:49.895] [SEVERE ] updating countdown to 31143
[17:07:49.920] [SEVERE ] updating countdown to 31118
[17:07:49.943] [SEVERE ] updating countdown to 31095
[17:07:49.966] [SEVERE ] updating countdown to 31072
[17:07:49.987] [SEVERE ] updating countdown to 31051
[17:07:50.010] [SEVERE ] updating countdown to 31028
[17:07:50.033] [SEVERE ] updating countdown to 31005
[17:07:50.053] [SEVERE ] updating countdown to 30985
[17:07:50.055] [SEVERE ] key 73 was pressed by player 2
[17:07:50.056] [SEVERE ] removing player 2 token from slot 1
[17:07:50.068] [SEVERE ] key 85 was pressed by player 2
[17:07:50.071] [SEVERE ] player 2 placing token on slot 0
[17:07:50.075] [SEVERE ] updating countdown to 30963
[17:07:50.100] [SEVERE ] updating countdown to 30938
[17:07:50.125] [SEVERE ] updating countdown to 30913
[17:07:50.150] [SEVERE ] updating countdown to 30888
[17:07:50.170] [SEVERE ] updating countdown to 30868
[17:07:50.171] [SEVERE ] key 79 was pressed by player 2
[17:07:50.171] [SEVERE ] removing player 2 token from slot 2
[17:07:50.194] [SEVERE ] updating countdown to 30844
[17:07:50.221] [SEVERE ] updating countdown to 30817
[17:07:50.243] [SEVERE ] updating countdown to 30795
[17:07:50.265] [SEVERE ] updating countdown to 30773
[17:07:50.291] [SEVERE ] updating countdown to 30747
[17:07:50.313] [SEVERE ] updating countdown to 30725
[17:07:50.335] [SEVERE ] updating countdown to 30703
[17:07:50.358] [SEVERE ] updating countdown to 30680
[17:07:50.381] [SEVERE ] updating countdown to 30657
[17:07:50.404] [SEVERE ] updating countdown to 30634
[17:07:50.428] [SEVERE ] updating countdown to 30610
[17:07:50.451] [SEVERE ] updating countdown to 30587
[17:07:50.477] [SEVERE ] updating countdown to 30561
[17:07:50.500] [SEVERE ] updating countdown to 30538
[17:07:50.525] [SEVERE ] updating countdown to 30513
[17:07:50.550] [SEVERE ] updating countdown to 30488
[17:07:50.572] [SEVERE ] updating countdown to 30466
[17:07:50.595] [SEVERE ] updating countdown to 30443
[17:07:50.615] [SEVERE ] updating countdown to 30423
[17:07:50.637] [SEVERE ] updating countdown to 30401
[17:07:50.657] [SEVERE ] updating countdown to 30381
[17:07:50.683] [SEVERE ] updating countdown to 30355
[17:07:50.707] [SEVERE ] updating countdown to 30331
[17:07:50.732] [SEVERE ] updating countdown to 30306
[17:07:50.756] [SEVERE ] updating countdown to 30282
[17:07:50.772] [SEVERE ] key 73 was pressed by player 2
[17:07:50.772] [SEVERE ] player 2 placing token on slot 1
[17:07:50.773] [SEVERE ] key 79 was pressed by player 2
[17:07:50.776] [SEVERE ] player 2 placing token on slot 2
[17:07:50.777] [SEVERE ] updating countdown to 30262
[17:07:50.777] [SEVERE ] setting player 2 freeze to 3000
[17:07:50.797] [SEVERE ] updating countdown to 30241
[17:07:50.822] [SEVERE ] updating countdown to 30216
[17:07:50.831] [SEVERE ] key 85 was pressed by player 2
[17:07:50.844] [SEVERE ] updating countdown to 30194
[17:07:50.867] [SEVERE ] updating countdown to 30171
[17:07:50.888] [SEVERE ] updating countdown to 30150
[17:07:50.911] [SEVERE ] updating countdown to 30127
[17:07:50.936] [SEVERE ] updating countdown to 30102
[17:07:50.962] [SEVERE ] updating countdown to 30076
[17:07:50.982] [SEVERE ] updating countdown to 30056
[17:07:51.006] [SEVERE ] updating countdown to 30032
[17:07:51.031] [SEVERE ] updating countdown to 30007
[17:07:51.055] [SEVERE ] updating countdown to 29983
[17:07:51.077] [SEVERE ] updating countdown to 29961
[17:07:51.100] [SEVERE ] updating countdown to 29938
[17:07:51.120] [SEVERE ] updating countdown to 29918
[17:07:51.142] [SEVERE ] updating countdown to 29896
[17:07:51.167] [SEVERE ] updating countdown to 29871
[17:07:51.193] [SEVERE ] updating countdown to 29845
[17:07:51.219] [SEVERE ] updating countdown to 29819
[17:07:51.241] [SEVERE ] updating countdown to 29797
[17:07:51.262] [SEVERE ] updating countdown to 29776
[17:07:51.286] [SEVERE ] updating countdown to 29752
[17:07:51.310] [SEVERE ] updating countdown to 29728
[17:07:51.333] [SEVERE ] updating countdown to 29705
[17:07:51.355] [SEVERE ] updating countdown to 29683
[17:07:51.378] [SEVERE ] updating countdown to 29660
[17:07:51.399] [SEVERE ] updating countdown to 29639
[17:07:51.421] [SEVERE ] updating countdown to 29617
[17:07:51.444] [SEVERE ] updating countdown to 29594
[17:07:51.469] [SEVERE ] updating countdown to 29569
[17:07:51.491] [SEVERE ] updating countdown to 29547
[17:07:51.513] [SEVERE ] updating countdown to 29525
[17:07:51.535] [SEVERE ] updating countdown to 29503
[17:07:51.560] [SEVERE ] updating countdown to 29478
[17:07:51.582] [SEVERE ] updating countdown to 29456
[17:07:51.596] [SEVERE ] key 73 was pressed by player 2
[17:07:51.603] [SEVERE ] updating countdown to 29435
[17:07:51.611] [SEVERE ] key 79 was pressed by player 2
[17:07:51.624] [SEVERE ] updating countdown to 29414
[17:07:51.640] [SEVERE ] key 85 was pressed by player 2
[17:07:51.646] [SEVERE ] updating countdown to 29392
[17:07:51.670] [SEVERE ] updating countdown to 29368
[17:07:51.692] [SEVERE ] updating countdown to 29346
[17:07:51.716] [SEVERE ] updating countdown to 29322
[17:07:51.738] [SEVERE ] updating countdown to 29300
[17:07:51.763] [SEVERE ] updating countdown to 29275
[17:07:51.789] [SEVERE ] updating countdown to 29249
[17:07:51.811] [SEVERE ] updating countdown to 29227
[17:07:51.831] [SEVERE ] updating countdown to 29207
[17:07:51.852] [SEVERE ] updating countdown to 29186
[17:07:51.874] [SEVERE ] updating countdown to 29164
[17:07:51.896] [SEVERE ] updating countdown to 29142
[17:07:51.917] [SEVERE ] updating countdown to 29121
[17:07:51.941] [SEVERE ] updating countdown to 29097
[17:07:51.963] [SEVERE ] updating countdown to 29075
[17:07:51.984] [SEVERE ] updating countdown to 29054
[17:07:52.005] [SEVERE ] updating countdown to 29033
[17:07:52.031] [SEVERE ] updating countdown to 29007
[17:07:52.057] [SEVERE ] updating countdown to 28981
[17:07:52.080] [SEVERE ] updating countdown to 28958
[17:07:52.105] [SEVERE ] updating countdown to 28933
[17:07:52.131] [SEVERE ] updating countdown to 28907
[17:07:52.153] [SEVERE ] updating countdown to 28885
[17:07:52.178] [SEVERE ] updating countdown to 28860
[17:07:52.203] [SEVERE ] updating countdown to 28835
[17:07:52.227] [SEVERE ] updating countdown to 28811
[17:07:52.249] [SEVERE ] updating countdown to 28789
[17:07:52.270] [SEVERE ] updating countdown to 28768
[17:07:52.294] [SEVERE ] updating countdown to 28744
[17:07:52.320] [SEVERE ] updating countdown to 28718
[17:07:52.346] [SEVERE ] updating countdown to 28692
[17:07:52.372] [SEVERE ] updating countdown to 28666
[17:07:52.394] [SEVERE ] updating countdown to 28644
[17:07:52.418] [SEVERE ] updating countdown to 28620
[17:07:52.443] [SEVERE ] updating countdown to 28595
[17:07:52.469] [SEVERE ] updating countdown to 28569
[17:07:52.495] [SEVERE ] updating countdown to 28543
[17:07:52.517] [SEVERE ] updating countdown to 28521
[17:07:52.543] [SEVERE ] updating countdown to 28495
[17:07:52.564] [SEVERE ] updating countdown to 28474
[17:07:52.590] [SEVERE ] updating countdown to 28448
[17:07:52.614] [SEVERE ] updating countdown to 28424
[17:07:52.638] [SEVERE ] updating countdown to 28400
[17:07:52.659] [SEVERE ] updating countdown to 28379
[17:07:52.682] [SEVERE ] updating countdown to 28356
[17:07:52.708] [SEVERE ] updating countdown to 28330
[17:07:52.730] [SEVERE ] updating countdown to 28308
[17:07:52.756] [SEVERE ] updating countdown to 28282
[17:07:52.780] [SEVERE ] updating countdown to 28258
[17:07:52.804] [SEVERE ] updating countdown to 28234
[17:07:52.829] [SEVERE ] updating countdown to 28209
[17:07:52.855] [SEVERE ] updating countdown to 28183
[17:07:52.881] [SEVERE ] updating countdown to 28157
[17:07:52.907] [SEVERE ] updating countdown to 28131
[17:07:52.933] [SEVERE ] updating countdown to 28105
[17:07:52.959] [SEVERE ] updating countdown to 28079
[17:07:52.980] [SEVERE ] updating countdown to 28058
[17:07:53.002] [SEVERE ] updating countdown to 28036
[17:07:53.027] [SEVERE ] updating countdown to 28011
[17:07:53.050] [SEVERE ] updating countdown to 27988
[17:07:53.074] [SEVERE ] updating countdown to 27964
[17:07:53.098] [SEVERE ] updating countdown to 27940
[17:07:53.119] [SEVERE ] updating countdown to 27919
[17:07:53.140] [SEVERE ] updating countdown to 27898
[17:07:53.162] [SEVERE ] updating countdown to 27876
[17:07:53.185] [SEVERE ] updating countdown to 27853
[17:07:53.210] [SEVERE ] updating countdown to 27828
[17:07:53.236] [SEVERE ] updating countdown to 27802
[17:07:53.262] [SEVERE ] updating countdown to 27776
[17:07:53.288] [SEVERE ] updating countdown to 27750
[17:07:53.314] [SEVERE ] updating countdown to 27724
[17:07:53.335] [SEVERE ] updating countdown to 27703
[17:07:53.359] [SEVERE ] updating countdown to 27679
[17:07:53.385] [SEVERE ] updating countdown to 27653
[17:07:53.407] [SEVERE ] updating countdown to 27631
[17:07:53.431] [SEVERE ] updating countdown to 27607
[17:07:53.457] [SEVERE ] updating countdown to 27581
[17:07:53.483] [SEVERE ] updating countdown to 27555
[17:07:53.509] [SEVERE ] updating countdown to 27529
[17:07:53.530] [SEVERE ] updating countdown to 27508
[17:07:53.556] [SEVERE ] updating countdown to 27482
[17:07:53.579] [SEVERE ] updating countdown to 27459
[17:07:53.602] [SEVERE ] updating countdown to 27436
[17:07:53.624] [SEVERE ] updating countdown to 27414
[17:07:53.645] [SEVERE ] updating countdown to 27393
[17:07:53.667] [SEVERE ] updating countdown to 27371
[17:07:53.692] [SEVERE ] updating countdown to 27346
[17:07:53.714] [SEVERE ] updating countdown to 27324
[17:07:53.737] [SEVERE ] updating countdown to 27301
[17:07:53.762] [SEVERE ] updating countdown to 27276
[17:07:53.777] [SEVERE ] setting player 2 freeze to 0
[17:07:53.783] [SEVERE ] updating countdown to 27255
[17:07:53.809] [SEVERE ] updating countdown to 27229
[17:07:53.833] [SEVERE ] updating countdown to 27205
[17:07:53.858] [SEVERE ] updating countdown to 27180
[17:07:53.884] [SEVERE ] updating countdown to 27154
[17:07:53.910] [SEVERE ] updating countdown to 27128
[17:07:53.936] [SEVERE ] updating countdown to 27102
[17:07:53.960] [SEVERE ] updating countdown to 27078
[17:07:53.982] [SEVERE ] updating countdown to 27056
[17:07:54.004] [SEVERE ] updating countdown to 27034
[17:07:54.028] [SEVERE ] updating countdown to 27010
[17:07:54.052] [SEVERE ] updating countdown to 26986
[17:07:54.077] [SEVERE ] updating countdown to 26961
[17:07:54.102] [SEVERE ] updating countdown to 26936
[17:07:54.127] [SEVERE ] updating countdown to 26911
[17:07:54.151] [SEVERE ] updating countdown to 26887
[17:07:54.173] [SEVERE ] updating countdown to 26865
[17:07:54.195] [SEVERE ] updating countdown to 26843
[17:07:54.216] [SEVERE ] updating countdown to 26822
[17:07:54.239] [SEVERE ] updating countdown to 26799
[17:07:54.264] [SEVERE ] updating countdown to 26774
[17:07:54.287] [SEVERE ] updating countdown to 26751
[17:07:54.311] [SEVERE ] updating countdown to 26727
[17:07:54.335] [SEVERE ] updating countdown to 26703
[17:07:54.357] [SEVERE ] updating countdown to 26681
[17:07:54.381] [SEVERE ] updating countdown to 26657
[17:07:54.404] [SEVERE ] updating countdown to 26634
[17:07:54.428] [SEVERE ] updating countdown to 26610
[17:07:54.449] [SEVERE ] updating countdown to 26589
[17:07:54.474] [SEVERE ] updating countdown to 26564
[17:07:54.499] [SEVERE ] updating countdown to 26539
[17:07:54.523] [SEVERE ] updating countdown to 26515
[17:07:54.545] [SEVERE ] updating countdown to 26493
[17:07:54.567] [SEVERE ] updating countdown to 26471
[17:07:54.592] [SEVERE ] updating countdown to 26446
[17:07:54.615] [SEVERE ] updating countdown to 26423
[17:07:54.640] [SEVERE ] updating countdown to 26398
[17:07:54.661] [SEVERE ] updating countdown to 26377
[17:07:54.681] [SEVERE ] updating countdown to 26357
[17:07:54.703] [SEVERE ] updating countdown to 26335
[17:07:54.726] [SEVERE ] updating countdown to 26312
[17:07:54.748] [SEVERE ] updating countdown to 26290
[17:07:54.769] [SEVERE ] updating countdown to 26269
[17:07:54.790] [SEVERE ] updating countdown to 26248
[17:07:54.814] [SEVERE ] updating countdown to 26224
[17:07:54.839] [SEVERE ] updating countdown to 26199
[17:07:54.850] [SEVERE ] key 74 was pressed by player 2
[17:07:54.851] [SEVERE ] player 2 placing token on slot 4
[17:07:54.860] [SEVERE ] updating countdown to 26178
[17:07:54.868] [SEVERE ] key 76 was pressed by player 2
[17:07:54.868] [SEVERE ] player 2 placing token on slot 6
[17:07:54.883] [SEVERE ] updating countdown to 26155
[17:07:54.908] [SEVERE ] updating countdown to 26130
[17:07:54.911] [SEVERE ] key 75 was pressed by player 2
[17:07:54.911] [SEVERE ] player 2 placing token on slot 5
[17:07:54.911] [SEVERE ] setting player 2 freeze to 3000
[17:07:54.930] [SEVERE ] updating countdown to 26108
[17:07:54.950] [SEVERE ] updating countdown to 26088
[17:07:54.975] [SEVERE ] updating countdown to 26063
[17:07:54.997] [SEVERE ] updating countdown to 26041
[17:07:55.018] [SEVERE ] updating countdown to 26020
[17:07:55.043] [SEVERE ] updating countdown to 25995
[17:07:55.066] [SEVERE ] updating countdown to 25972
[17:07:55.092] [SEVERE ] updating countdown to 25946
[17:07:55.115] [SEVERE ] updating countdown to 25923
[17:07:55.139] [SEVERE ] updating countdown to 25899
[17:07:55.162] [SEVERE ] updating countdown to 25876
[17:07:55.183] [SEVERE ] updating countdown to 25855
[17:07:55.206] [SEVERE ] updating countdown to 25832
[17:07:55.227] [SEVERE ] updating countdown to 25811
[17:07:55.229] [SEVERE ] key 74 was pressed by player 2
[17:07:55.250] [SEVERE ] updating countdown to 25788
[17:07:55.274] [SEVERE ] updating countdown to 25764
[17:07:55.297] [SEVERE ] updating countdown to 25741
[17:07:55.319] [SEVERE ] updating countdown to 25719
[17:07:55.336] [SEVERE ] key 76 was pressed by player 2
[17:07:55.341] [SEVERE ] updating countdown to 25697
[17:07:55.365] [SEVERE ] updating countdown to 25673
[17:07:55.389] [SEVERE ] updating countdown to 25649
[17:07:55.396] [SEVERE ] key 75 was pressed by player 2
[17:07:55.409] [SEVERE ] updating countdown to 25629
[17:07:55.431] [SEVERE ] updating countdown to 25607
[17:07:55.454] [SEVERE ] updating countdown to 25584
[17:07:55.479] [SEVERE ] updating countdown to 25559
[17:07:55.502] [SEVERE ] updating countdown to 25536
[17:07:55.522] [SEVERE ] updating countdown to 25516
[17:07:55.531] [SEVERE ] key 74 was pressed by player 2
[17:07:55.544] [SEVERE ] updating countdown to 25494
[17:07:55.565] [SEVERE ] updating countdown to 25473
[17:07:55.587] [SEVERE ] updating countdown to 25451
[17:07:55.608] [SEVERE ] updating countdown to 25430
[17:07:55.634] [SEVERE ] updating countdown to 25404
[17:07:55.658] [SEVERE ] updating countdown to 25380
[17:07:55.679] [SEVERE ] key 73 was pressed by player 2
[17:07:55.679] [SEVERE ] updating countdown to 25359
[17:07:55.680] [SEVERE ] key 79 was pressed by player 2
[17:07:55.702] [SEVERE ] updating countdown to 25336
[17:07:55.723] [SEVERE ] updating countdown to 25315
[17:07:55.746] [SEVERE ] updating countdown to 25292
[17:07:55.767] [SEVERE ] updating countdown to 25271
[17:07:55.788] [SEVERE ] updating countdown to 25250
[17:07:55.811] [SEVERE ] updating countdown to 25227
[17:07:55.833] [SEVERE ] updating countdown to 25205
[17:07:55.858] [SEVERE ] updating countdown to 25180
[17:07:55.871] [SEVERE ] key 74 was pressed by player 2
[17:07:55.880] [SEVERE ] updating countdown to 25158
[17:07:55.901] [SEVERE ] updating countdown to 25137
[17:07:55.926] [SEVERE ] updating countdown to 25112
[17:07:55.948] [SEVERE ] updating countdown to 25090
[17:07:55.970] [SEVERE ] updating countdown to 25068
[17:07:55.991] [SEVERE ] updating countdown to 25047
[17:07:56.011] [SEVERE ] updating countdown to 25027
[17:07:56.021] [SEVERE ] key 79 was pressed by player 2
[17:07:56.033] [SEVERE ] updating countdown to 25005
[17:07:56.058] [SEVERE ] updating countdown to 24980
[17:07:56.082] [SEVERE ] updating countdown to 24956
[17:07:56.108] [SEVERE ] updating countdown to 24930
[17:07:56.134] [SEVERE ] updating countdown to 24904
[17:07:56.155] [SEVERE ] updating countdown to 24883
[17:07:56.180] [SEVERE ] updating countdown to 24858
[17:07:56.201] [SEVERE ] updating countdown to 24837
[17:07:56.224] [SEVERE ] updating countdown to 24814
[17:07:56.244] [SEVERE ] updating countdown to 24794
[17:07:56.266] [SEVERE ] updating countdown to 24772
[17:07:56.291] [SEVERE ] updating countdown to 24747
[17:07:56.314] [SEVERE ] updating countdown to 24724
[17:07:56.338] [SEVERE ] updating countdown to 24700
[17:07:56.360] [SEVERE ] updating countdown to 24678
[17:07:56.383] [SEVERE ] updating countdown to 24655
[17:07:56.384] [SEVERE ] key 46 was pressed by player 2
[17:07:56.399] [SEVERE ] key 76 was pressed by player 2
[17:07:56.400] [SEVERE ] key 75 was pressed by player 2
[17:07:56.404] [SEVERE ] updating countdown to 24634
[17:07:56.427] [SEVERE ] updating countdown to 24611
[17:07:56.449] [SEVERE ] updating countdown to 24589
[17:07:56.475] [SEVERE ] updating countdown to 24563
[17:07:56.500] [SEVERE ] updating countdown to 24538
[17:07:56.526] [SEVERE ] updating countdown to 24512
[17:07:56.551] [SEVERE ] updating countdown to 24487
[17:07:56.573] [SEVERE ] updating countdown to 24465
[17:07:56.599] [SEVERE ] updating countdown to 24439
[17:07:56.624] [SEVERE ] updating countdown to 24414
[17:07:56.649] [SEVERE ] updating countdown to 24389
[17:07:56.671] [SEVERE ] updating countdown to 24367
[17:07:56.695] [SEVERE ] updating countdown to 24343
[17:07:56.716] [SEVERE ] updating countdown to 24322
[17:07:56.736] [SEVERE ] updating countdown to 24302
[17:07:56.758] [SEVERE ] updating countdown to 24280
[17:07:56.781] [SEVERE ] updating countdown to 24257
[17:07:56.801] [SEVERE ] updating countdown to 24237
[17:07:56.824] [SEVERE ] updating countdown to 24214
[17:07:56.849] [SEVERE ] updating countdown to 24189
[17:07:56.871] [SEVERE ] updating countdown to 24167
[17:07:56.894] [SEVERE ] updating countdown to 24144
[17:07:56.915] [SEVERE ] updating countdown to 24123
[17:07:56.935] [SEVERE ] updating countdown to 24103
[17:07:56.956] [SEVERE ] updating countdown to 24082
[17:07:56.978] [SEVERE ] updating countdown to 24060
[17:07:57.000] [SEVERE ] updating countdown to 24038
[17:07:57.023] [SEVERE ] updating countdown to 24015
[17:07:57.045] [SEVERE ] updating countdown to 23993
[17:07:57.071] [SEVERE ] updating countdown to 23967
[17:07:57.094] [SEVERE ] updating countdown to 23944
[17:07:57.120] [SEVERE ] updating countdown to 23918
[17:07:57.142] [SEVERE ] updating countdown to 23896
[17:07:57.165] [SEVERE ] updating countdown to 23873
[17:07:57.185] [SEVERE ] updating countdown to 23853
[17:07:57.209] [SEVERE ] updating countdown to 23829
[17:07:57.235] [SEVERE ] updating countdown to 23803
[17:07:57.257] [SEVERE ] updating countdown to 23781
[17:07:57.279] [SEVERE ] updating countdown to 23759
[17:07:57.301] [SEVERE ] updating countdown to 23737
[17:07:57.323] [SEVERE ] updating countdown to 23715
[17:07:57.348] [SEVERE ] updating countdown to 23690
[17:07:57.371] [SEVERE ] updating countdown to 23667
[17:07:57.393] [SEVERE ] updating countdown to 23645
[17:07:57.414] [SEVERE ] updating countdown to 23624
[17:07:57.438] [SEVERE ] updating countdown to 23601
[17:07:57.460] [SEVERE ] updating countdown to 23578
[17:07:57.485] [SEVERE ] updating countdown to 23553
[17:07:57.511] [SEVERE ] updating countdown to 23527
[17:07:57.532] [SEVERE ] updating countdown to 23506
[17:07:57.554] [SEVERE ] updating countdown to 23484
[17:07:57.575] [SEVERE ] updating countdown to 23463
[17:07:57.596] [SEVERE ] updating countdown to 23442
[17:07:57.619] [SEVERE ] updating countdown to 23419
[17:07:57.639] [SEVERE ] updating countdown to 23399
[17:07:57.665] [SEVERE ] updating countdown to 23373
[17:07:57.686] [SEVERE ] updating countdown to 23352
[17:07:57.708] [SEVERE ] updating countdown to 23330
[17:07:57.729] [SEVERE ] updating countdown to 23309
[17:07:57.751] [SEVERE ] updating countdown to 23287
[17:07:57.772] [SEVERE ] updating countdown to 23266
[17:07:57.794] [SEVERE ] updating countdown to 23244
[17:07:57.817] [SEVERE ] updating countdown to 23221
[17:07:57.839] [SEVERE ] updating countdown to 23199
[17:07:57.860] [SEVERE ] updating countdown to 23178
[17:07:57.881] [SEVERE ] updating countdown to 23157
[17:07:57.903] [SEVERE ] updating countdown to 23135
[17:07:57.913] [SEVERE ] setting player 2 freeze to 0
[17:07:57.925] [SEVERE ] updating countdown to 23113
[17:07:57.949] [SEVERE ] updating countdown to 23089
[17:07:57.971] [SEVERE ] updating countdown to 23067
[17:07:57.992] [SEVERE ] updating countdown to 23046
[17:07:58.013] [SEVERE ] updating countdown to 23025
[17:07:58.037] [SEVERE ] updating countdown to 23001
[17:07:58.061] [SEVERE ] updating countdown to 22977
[17:07:58.085] [SEVERE ] updating countdown to 22953
[17:07:58.107] [SEVERE ] updating countdown to 22931
[17:07:58.129] [SEVERE ] updating countdown to 22909
[17:07:58.151] [SEVERE ] updating countdown to 22887
[17:07:58.173] [SEVERE ] updating countdown to 22865
[17:07:58.194] [SEVERE ] updating countdown to 22844
[17:07:58.217] [SEVERE ] updating countdown to 22821
[17:07:58.238] [SEVERE ] updating countdown to 22800
[17:07:58.260] [SEVERE ] updating countdown to 22778
[17:07:58.281] [SEVERE ] updating countdown to 22757
[17:07:58.303] [SEVERE ] updating countdown to 22735
[17:07:58.325] [SEVERE ] updating countdown to 22713
[17:07:58.346] [SEVERE ] updating countdown to 22692
[17:07:58.372] [SEVERE ] updating countdown to 22666
[17:07:58.395] [SEVERE ] updating countdown to 22643
[17:07:58.416] [SEVERE ] updating countdown to 22622
[17:07:58.437] [SEVERE ] updating countdown to 22601
[17:07:58.458] [SEVERE ] updating countdown to 22580
[17:07:58.479] [SEVERE ] updating countdown to 22559
[17:07:58.500] [SEVERE ] updating countdown to 22538
[17:07:58.523] [SEVERE ] updating countdown to 22515
[17:07:58.545] [SEVERE ] updating countdown to 22493
[17:07:58.566] [SEVERE ] updating countdown to 22472
[17:07:58.588] [SEVERE ] updating countdown to 22450
[17:07:58.609] [SEVERE ] updating countdown to 22429
[17:07:58.630] [SEVERE ] updating countdown to 22408
[17:07:58.653] [SEVERE ] updating countdown to 22385
[17:07:58.675] [SEVERE ] updating countdown to 22363
[17:07:58.698] [SEVERE ] updating countdown to 22340
[17:07:58.719] [SEVERE ] updating countdown to 22319
[17:07:58.740] [SEVERE ] updating countdown to 22298
[17:07:58.761] [SEVERE ] updating countdown to 22277
[17:07:58.782] [SEVERE ] updating countdown to 22256
[17:07:58.805] [SEVERE ] updating countdown to 22233
[17:07:58.827] [SEVERE ] updating countdown to 22211
[17:07:58.851] [SEVERE ] updating countdown to 22187
[17:07:58.874] [SEVERE ] updating countdown to 22164
[17:07:58.896] [SEVERE ] updating countdown to 22142
[17:07:58.916] [SEVERE ] updating countdown to 22122
[17:07:58.939] [SEVERE ] updating countdown to 22099
[17:07:58.960] [SEVERE ] updating countdown to 22078
[17:07:58.982] [SEVERE ] updating countdown to 22056
[17:07:59.003] [SEVERE ] updating countdown to 22035
[17:07:59.028] [SEVERE ] updating countdown to 22010
[17:07:59.051] [SEVERE ] updating countdown to 21987
[17:07:59.075] [SEVERE ] updating countdown to 21963
[17:07:59.100] [SEVERE ] updating countdown to 21938
[17:07:59.126] [SEVERE ] updating countdown to 21912
[17:07:59.152] [SEVERE ] updating countdown to 21886
[17:07:59.178] [SEVERE ] updating countdown to 21860
[17:07:59.201] [SEVERE ] updating countdown to 21837
[17:07:59.225] [SEVERE ] updating countdown to 21813
[17:07:59.247] [SEVERE ] updating countdown to 21791
[17:07:59.268] [SEVERE ] updating countdown to 21770
[17:07:59.294] [SEVERE ] updating countdown to 21744
[17:07:59.315] [SEVERE ] updating countdown to 21723
[17:07:59.341] [SEVERE ] updating countdown to 21697
[17:07:59.366] [SEVERE ] updating countdown to 21672
[17:07:59.391] [SEVERE ] updating countdown to 21647
[17:07:59.412] [SEVERE ] updating countdown to 21626
[17:07:59.435] [SEVERE ] updating countdown to 21603
[17:07:59.461] [SEVERE ] updating countdown to 21577
[17:07:59.487] [SEVERE ] updating countdown to 21551
[17:07:59.513] [SEVERE ] updating countdown to 21525
[17:07:59.539] [SEVERE ] updating countdown to 21499
[17:07:59.565] [SEVERE ] updating countdown to 21473
[17:07:59.590] [SEVERE ] updating countdown to 21448
[17:07:59.614] [SEVERE ] updating countdown to 21424
[17:07:59.639] [SEVERE ] updating countdown to 21399
[17:07:59.665] [SEVERE ] updating countdown to 21373
[17:07:59.687] [SEVERE ] updating countdown to 21351
[17:07:59.711] [SEVERE ] updating countdown to 21327
[17:07:59.733] [SEVERE ] updating countdown to 21305
[17:07:59.756] [SEVERE ] updating countdown to 21282
[17:07:59.779] [SEVERE ] updating countdown to 21259
[17:07:59.800] [SEVERE ] updating countdown to 21238
[17:07:59.821] [SEVERE ] updating countdown to 21217
[17:07:59.826] [SEVERE ] exit button pressed
[17:07:59.827] [SEVERE ] disposing of user interface elements
[17:07:59.827] [INFO   ] thread playerID: 0 terminated.
[17:07:59.827] [INFO   ] thread playerID: 1 terminated.
[17:07:59.843] [SEVERE ] updating countdown to 21195
[17:07:59.843] [SEVERE ] updating countdown to 21195
[17:07:59.950] [SEVERE ] removing card from slot 0
[17:07:59.950] [SEVERE ] removing all tokens
[17:08:00.056] [SEVERE ] removing card from slot 1
[17:08:00.058] [SEVERE ] removing all tokens
[17:08:00.160] [SEVERE ] removing card from slot 2
[17:08:00.161] [SEVERE ] removing all tokens
[17:08:00.266] [SEVERE ] removing card from slot 3
[17:08:00.266] [SEVERE ] removing all tokens
[17:08:00.372] [SEVERE ] removing card from slot 4
[17:08:00.374] [SEVERE ] removing all tokens
[17:08:00.480] [SEVERE ] removing card from slot 5
[17:08:00.481] [SEVERE ] removing all tokens
[17:08:00.592] [SEVERE ] removing card from slot 6
[17:08:00.594] [SEVERE ] removing all tokens
[17:08:00.696] [SEVERE ] removing card from slot 7
[17:08:00.697] [SEVERE ] removing all tokens
[17:08:00.802] [SEVERE ] removing card from slot 8
[17:08:00.805] [SEVERE ] removing all tokens
[17:08:00.913] [SEVERE ] removing card from slot 9
[17:08:00.914] [SEVERE ] removing all tokens
[17:08:01.016] [SEVERE ] removing card from slot 10
[17:08:01.017] [SEVERE ] removing all tokens
[17:08:01.123] [SEVERE ] removing card from slot 11
[17:08:01.125] [SEVERE ] removing all tokens
[17:08:01.125] [SEVERE ] player 1 placing token on slot 0
[17:08:01.126] [SEVERE ] player 2 placing token on slot 1
[17:08:01.128] [INFO   ] thread dealer terminated.
[17:08:01.129] [INFO   ] thread dealer terminated.
[17:08:01.130] [SEVERE ] thanks for playing... it was fun!
[17:08:01.131] [INFO   ] thread main terminated.
