[16:15:14.349] [INFO   ] thread main starting.
[16:15:14.355] [SEVERE ] cannot read configuration file config.properties trying from resources.
[16:15:14.357] [SEVERE ] configuration file was loaded from resources directory.
[16:15:18.889] [INFO   ] thread dealer starting.
[16:15:18.890] [INFO   ] thread playerID: 0 starting.
[16:15:18.890] [INFO   ] thread dealer starting.
[16:15:18.890] [INFO   ] thread playerID: 1 starting.
[16:15:18.893] [SEVERE ] updating countdown to 60000
[16:15:18.996] [SEVERE ] placing card 62 in slot 6
[16:15:19.098] [SEVERE ] placing card 9 in slot 5
[16:15:19.199] [SEVERE ] placing card 16 in slot 2
[16:15:19.303] [SEVERE ] placing card 80 in slot 3
[16:15:19.407] [SEVERE ] placing card 45 in slot 10
[16:15:19.512] [SEVERE ] placing card 32 in slot 11
[16:15:19.618] [SEVERE ] placing card 13 in slot 4
[16:15:19.724] [SEVERE ] placing card 39 in slot 0
[16:15:19.830] [SEVERE ] placing card 24 in slot 9
[16:15:19.934] [SEVERE ] placing card 22 in slot 7
[16:15:20.039] [SEVERE ] placing card 18 in slot 1
[16:15:20.141] [SEVERE ] placing card 5 in slot 8
[16:15:20.163] [SEVERE ] updating countdown to 58730
[16:15:20.189] [SEVERE ] updating countdown to 58704
[16:15:20.212] [SEVERE ] updating countdown to 58681
[16:15:20.235] [SEVERE ] updating countdown to 58658
[16:15:20.262] [SEVERE ] updating countdown to 58631
[16:15:20.284] [SEVERE ] updating countdown to 58609
[16:15:20.306] [SEVERE ] updating countdown to 58587
[16:15:20.332] [SEVERE ] updating countdown to 58561
[16:15:20.355] [SEVERE ] updating countdown to 58538
[16:15:20.378] [SEVERE ] updating countdown to 58515
[16:15:20.403] [SEVERE ] updating countdown to 58490
[16:15:20.425] [SEVERE ] updating countdown to 58468
[16:15:20.450] [SEVERE ] updating countdown to 58443
[16:15:20.471] [SEVERE ] updating countdown to 58422
[16:15:20.493] [SEVERE ] updating countdown to 58400
[16:15:20.514] [SEVERE ] updating countdown to 58379
[16:15:20.537] [SEVERE ] updating countdown to 58356
[16:15:20.558] [SEVERE ] updating countdown to 58335
[16:15:20.579] [SEVERE ] updating countdown to 58314
[16:15:20.601] [SEVERE ] updating countdown to 58292
[16:15:20.623] [SEVERE ] updating countdown to 58270
[16:15:20.645] [SEVERE ] updating countdown to 58248
[16:15:20.667] [SEVERE ] updating countdown to 58226
[16:15:20.689] [SEVERE ] updating countdown to 58204
[16:15:20.711] [SEVERE ] updating countdown to 58182
[16:15:20.733] [SEVERE ] updating countdown to 58160
[16:15:20.754] [SEVERE ] updating countdown to 58139
[16:15:20.776] [SEVERE ] updating countdown to 58117
[16:15:20.799] [SEVERE ] updating countdown to 58094
[16:15:20.820] [SEVERE ] updating countdown to 58073
[16:15:20.844] [SEVERE ] updating countdown to 58049
[16:15:20.871] [SEVERE ] updating countdown to 58022
[16:15:20.897] [SEVERE ] updating countdown to 57996
[16:15:20.924] [SEVERE ] updating countdown to 57970
[16:15:20.946] [SEVERE ] updating countdown to 57947
[16:15:20.972] [SEVERE ] updating countdown to 57921
[16:15:20.993] [SEVERE ] updating countdown to 57900
[16:15:21.017] [SEVERE ] updating countdown to 57876
[16:15:21.039] [SEVERE ] updating countdown to 57854
[16:15:21.062] [SEVERE ] updating countdown to 57831
[16:15:21.085] [SEVERE ] updating countdown to 57808
[16:15:21.106] [SEVERE ] updating countdown to 57787
[16:15:21.129] [SEVERE ] updating countdown to 57764
[16:15:21.156] [SEVERE ] updating countdown to 57737
[16:15:21.177] [SEVERE ] updating countdown to 57716
[16:15:21.198] [SEVERE ] updating countdown to 57695
[16:15:21.222] [SEVERE ] updating countdown to 57671
[16:15:21.247] [SEVERE ] updating countdown to 57646
[16:15:21.268] [SEVERE ] updating countdown to 57625
[16:15:21.289] [SEVERE ] updating countdown to 57604
[16:15:21.311] [SEVERE ] updating countdown to 57582
[16:15:21.333] [SEVERE ] updating countdown to 57560
[16:15:21.355] [SEVERE ] updating countdown to 57538
[16:15:21.381] [SEVERE ] updating countdown to 57512
[16:15:21.405] [SEVERE ] updating countdown to 57488
[16:15:21.431] [SEVERE ] updating countdown to 57462
[16:15:21.455] [SEVERE ] updating countdown to 57438
[16:15:21.482] [SEVERE ] updating countdown to 57411
[16:15:21.508] [SEVERE ] updating countdown to 57385
[16:15:21.532] [SEVERE ] updating countdown to 57361
[16:15:21.556] [SEVERE ] updating countdown to 57337
[16:15:21.582] [SEVERE ] updating countdown to 57311
[16:15:21.606] [SEVERE ] updating countdown to 57287
[16:15:21.630] [SEVERE ] updating countdown to 57263
[16:15:21.653] [SEVERE ] updating countdown to 57240
[16:15:21.674] [SEVERE ] updating countdown to 57219
[16:15:21.698] [SEVERE ] updating countdown to 57195
[16:15:21.720] [SEVERE ] updating countdown to 57173
[16:15:21.743] [SEVERE ] updating countdown to 57150
[16:15:21.766] [SEVERE ] updating countdown to 57127
[16:15:21.790] [SEVERE ] updating countdown to 57103
[16:15:21.815] [SEVERE ] updating countdown to 57078
[16:15:21.836] [SEVERE ] updating countdown to 57057
[16:15:21.858] [SEVERE ] updating countdown to 57035
[16:15:21.880] [SEVERE ] updating countdown to 57013
[16:15:21.901] [SEVERE ] updating countdown to 56992
[16:15:21.924] [SEVERE ] updating countdown to 56969
[16:15:21.948] [SEVERE ] updating countdown to 56945
[16:15:21.972] [SEVERE ] updating countdown to 56921
[16:15:21.996] [SEVERE ] updating countdown to 56897
[16:15:22.022] [SEVERE ] updating countdown to 56871
[16:15:22.046] [SEVERE ] updating countdown to 56847
[16:15:22.069] [SEVERE ] updating countdown to 56824
[16:15:22.095] [SEVERE ] updating countdown to 56798
[16:15:22.121] [SEVERE ] updating countdown to 56772
[16:15:22.147] [SEVERE ] updating countdown to 56746
[16:15:22.170] [SEVERE ] updating countdown to 56723
[16:15:22.196] [SEVERE ] updating countdown to 56697
[16:15:22.217] [SEVERE ] updating countdown to 56676
[16:15:22.239] [SEVERE ] updating countdown to 56654
[16:15:22.262] [SEVERE ] updating countdown to 56631
[16:15:22.287] [SEVERE ] updating countdown to 56606
[16:15:22.311] [SEVERE ] updating countdown to 56582
[16:15:22.337] [SEVERE ] updating countdown to 56556
[16:15:22.363] [SEVERE ] updating countdown to 56530
[16:15:22.387] [SEVERE ] updating countdown to 56506
[16:15:22.412] [SEVERE ] updating countdown to 56481
[16:15:22.434] [SEVERE ] updating countdown to 56459
[16:15:22.460] [SEVERE ] updating countdown to 56433
[16:15:22.481] [SEVERE ] updating countdown to 56412
[16:15:22.502] [SEVERE ] updating countdown to 56391
[16:15:22.525] [SEVERE ] updating countdown to 56368
[16:15:22.548] [SEVERE ] updating countdown to 56345
[16:15:22.571] [SEVERE ] updating countdown to 56322
[16:15:22.592] [SEVERE ] updating countdown to 56301
[16:15:22.615] [SEVERE ] updating countdown to 56278
[16:15:22.637] [SEVERE ] updating countdown to 56256
[16:15:22.659] [SEVERE ] updating countdown to 56234
[16:15:22.681] [SEVERE ] updating countdown to 56212
[16:15:22.702] [SEVERE ] updating countdown to 56191
[16:15:22.723] [SEVERE ] updating countdown to 56170
[16:15:22.746] [SEVERE ] updating countdown to 56147
[16:15:22.767] [SEVERE ] updating countdown to 56126
[16:15:22.791] [SEVERE ] updating countdown to 56102
[16:15:22.812] [SEVERE ] updating countdown to 56081
[16:15:22.833] [SEVERE ] updating countdown to 56060
[16:15:22.856] [SEVERE ] updating countdown to 56037
[16:15:22.878] [SEVERE ] updating countdown to 56015
[16:15:22.900] [SEVERE ] updating countdown to 55993
[16:15:22.921] [SEVERE ] updating countdown to 55972
[16:15:22.944] [SEVERE ] updating countdown to 55949
[16:15:22.965] [SEVERE ] updating countdown to 55928
[16:15:22.988] [SEVERE ] updating countdown to 55905
[16:15:23.013] [SEVERE ] updating countdown to 55880
[16:15:23.037] [SEVERE ] updating countdown to 55856
[16:15:23.063] [SEVERE ] updating countdown to 55831
[16:15:23.084] [SEVERE ] updating countdown to 55809
[16:15:23.107] [SEVERE ] updating countdown to 55786
[16:15:23.128] [SEVERE ] updating countdown to 55765
[16:15:23.149] [SEVERE ] updating countdown to 55744
[16:15:23.171] [SEVERE ] updating countdown to 55722
[16:15:23.194] [SEVERE ] updating countdown to 55699
[16:15:23.216] [SEVERE ] updating countdown to 55677
[16:15:23.238] [SEVERE ] updating countdown to 55655
[16:15:23.264] [SEVERE ] updating countdown to 55629
[16:15:23.290] [SEVERE ] updating countdown to 55603
[16:15:23.311] [SEVERE ] updating countdown to 55582
[16:15:23.332] [SEVERE ] updating countdown to 55561
[16:15:23.354] [SEVERE ] updating countdown to 55539
[16:15:23.380] [SEVERE ] updating countdown to 55513
[16:15:23.401] [SEVERE ] updating countdown to 55492
[16:15:23.427] [SEVERE ] updating countdown to 55466
[16:15:23.449] [SEVERE ] updating countdown to 55444
[16:15:23.476] [SEVERE ] updating countdown to 55417
[16:15:23.499] [SEVERE ] updating countdown to 55394
[16:15:23.520] [SEVERE ] updating countdown to 55373
[16:15:23.542] [SEVERE ] updating countdown to 55351
[16:15:23.565] [SEVERE ] updating countdown to 55328
[16:15:23.591] [SEVERE ] updating countdown to 55302
[16:15:23.613] [SEVERE ] updating countdown to 55280
[16:15:23.639] [SEVERE ] updating countdown to 55254
[16:15:23.663] [SEVERE ] updating countdown to 55230
[16:15:23.685] [SEVERE ] updating countdown to 55208
[16:15:23.706] [SEVERE ] updating countdown to 55187
[16:15:23.727] [SEVERE ] updating countdown to 55166
[16:15:23.748] [SEVERE ] updating countdown to 55145
[16:15:23.769] [SEVERE ] updating countdown to 55124
[16:15:23.790] [SEVERE ] updating countdown to 55103
[16:15:23.811] [SEVERE ] updating countdown to 55082
[16:15:23.834] [SEVERE ] updating countdown to 55059
[16:15:23.856] [SEVERE ] updating countdown to 55037
[16:15:23.877] [SEVERE ] updating countdown to 55016
[16:15:23.903] [SEVERE ] updating countdown to 54990
[16:15:23.929] [SEVERE ] updating countdown to 54964
[16:15:23.952] [SEVERE ] updating countdown to 54941
[16:15:23.974] [SEVERE ] updating countdown to 54919
[16:15:23.997] [SEVERE ] updating countdown to 54896
[16:15:24.018] [SEVERE ] updating countdown to 54875
[16:15:24.041] [SEVERE ] updating countdown to 54853
[16:15:24.065] [SEVERE ] updating countdown to 54828
[16:15:24.088] [SEVERE ] updating countdown to 54805
[16:15:24.111] [SEVERE ] updating countdown to 54782
[16:15:24.133] [SEVERE ] updating countdown to 54760
[16:15:24.156] [SEVERE ] updating countdown to 54737
[16:15:24.177] [SEVERE ] updating countdown to 54716
[16:15:24.199] [SEVERE ] updating countdown to 54694
[16:15:24.220] [SEVERE ] updating countdown to 54673
[16:15:24.242] [SEVERE ] updating countdown to 54651
[16:15:24.262] [SEVERE ] updating countdown to 54631
[16:15:24.285] [SEVERE ] updating countdown to 54608
[16:15:24.308] [SEVERE ] updating countdown to 54585
[16:15:24.329] [SEVERE ] updating countdown to 54564
[16:15:24.352] [SEVERE ] updating countdown to 54541
[16:15:24.373] [SEVERE ] updating countdown to 54520
[16:15:24.398] [SEVERE ] updating countdown to 54495
[16:15:24.419] [SEVERE ] updating countdown to 54474
[16:15:24.440] [SEVERE ] updating countdown to 54453
[16:15:24.461] [SEVERE ] updating countdown to 54432
[16:15:24.482] [SEVERE ] updating countdown to 54411
[16:15:24.503] [SEVERE ] updating countdown to 54390
[16:15:24.526] [SEVERE ] updating countdown to 54367
[16:15:24.549] [SEVERE ] updating countdown to 54344
[16:15:24.571] [SEVERE ] updating countdown to 54323
[16:15:24.592] [SEVERE ] updating countdown to 54301
[16:15:24.616] [SEVERE ] updating countdown to 54277
[16:15:24.637] [SEVERE ] updating countdown to 54256
[16:15:24.661] [SEVERE ] updating countdown to 54232
[16:15:24.689] [SEVERE ] updating countdown to 54204
[16:15:24.711] [SEVERE ] updating countdown to 54182
[16:15:24.731] [SEVERE ] updating countdown to 54162
[16:15:24.754] [SEVERE ] updating countdown to 54139
[16:15:24.780] [SEVERE ] updating countdown to 54113
[16:15:24.803] [SEVERE ] updating countdown to 54090
[16:15:24.829] [SEVERE ] updating countdown to 54064
[16:15:24.850] [SEVERE ] updating countdown to 54043
[16:15:24.874] [SEVERE ] updating countdown to 54019
[16:15:24.899] [SEVERE ] updating countdown to 53994
[16:15:24.922] [SEVERE ] updating countdown to 53971
[16:15:24.944] [SEVERE ] updating countdown to 53949
[16:15:24.965] [SEVERE ] updating countdown to 53928
[16:15:24.991] [SEVERE ] updating countdown to 53902
[16:15:25.014] [SEVERE ] updating countdown to 53879
[16:15:25.035] [SEVERE ] updating countdown to 53858
[16:15:25.058] [SEVERE ] updating countdown to 53835
[16:15:25.079] [SEVERE ] updating countdown to 53814
[16:15:25.101] [SEVERE ] updating countdown to 53792
[16:15:25.122] [SEVERE ] updating countdown to 53771
[16:15:25.144] [SEVERE ] updating countdown to 53749
[16:15:25.165] [SEVERE ] updating countdown to 53728
[16:15:25.189] [SEVERE ] updating countdown to 53704
[16:15:25.210] [SEVERE ] updating countdown to 53683
[16:15:25.233] [SEVERE ] updating countdown to 53660
[16:15:25.255] [SEVERE ] updating countdown to 53638
[16:15:25.277] [SEVERE ] updating countdown to 53616
[16:15:25.299] [SEVERE ] updating countdown to 53594
[16:15:25.321] [SEVERE ] updating countdown to 53572
[16:15:25.343] [SEVERE ] updating countdown to 53550
[16:15:25.364] [SEVERE ] updating countdown to 53529
[16:15:25.387] [SEVERE ] updating countdown to 53506
[16:15:25.411] [SEVERE ] updating countdown to 53482
[16:15:25.433] [SEVERE ] updating countdown to 53460
[16:15:25.455] [SEVERE ] updating countdown to 53438
[16:15:25.477] [SEVERE ] updating countdown to 53416
[16:15:25.503] [SEVERE ] updating countdown to 53390
[16:15:25.526] [SEVERE ] updating countdown to 53367
[16:15:25.552] [SEVERE ] updating countdown to 53341
[16:15:25.575] [SEVERE ] updating countdown to 53318
[16:15:25.598] [SEVERE ] updating countdown to 53295
[16:15:25.622] [SEVERE ] updating countdown to 53271
[16:15:25.644] [SEVERE ] updating countdown to 53249
[16:15:25.666] [SEVERE ] updating countdown to 53227
[16:15:25.687] [SEVERE ] updating countdown to 53206
[16:15:25.711] [SEVERE ] updating countdown to 53182
[16:15:25.734] [SEVERE ] updating countdown to 53159
[16:15:25.760] [SEVERE ] updating countdown to 53133
[16:15:25.782] [SEVERE ] updating countdown to 53111
[16:15:25.806] [SEVERE ] updating countdown to 53087
[16:15:25.830] [SEVERE ] updating countdown to 53063
[16:15:25.851] [SEVERE ] updating countdown to 53042
[16:15:25.872] [SEVERE ] updating countdown to 53021
[16:15:25.893] [SEVERE ] updating countdown to 53000
[16:15:25.915] [SEVERE ] updating countdown to 52978
[16:15:25.936] [SEVERE ] updating countdown to 52957
[16:15:25.962] [SEVERE ] updating countdown to 52931
[16:15:25.983] [SEVERE ] updating countdown to 52910
[16:15:26.008] [SEVERE ] updating countdown to 52885
[16:15:26.033] [SEVERE ] updating countdown to 52860
[16:15:26.055] [SEVERE ] updating countdown to 52838
[16:15:26.078] [SEVERE ] updating countdown to 52815
[16:15:26.100] [SEVERE ] updating countdown to 52793
[16:15:26.123] [SEVERE ] updating countdown to 52770
[16:15:26.145] [SEVERE ] updating countdown to 52748
[16:15:26.166] [SEVERE ] updating countdown to 52727
[16:15:26.189] [SEVERE ] updating countdown to 52704
[16:15:26.211] [SEVERE ] updating countdown to 52682
[16:15:26.234] [SEVERE ] updating countdown to 52659
[16:15:26.256] [SEVERE ] updating countdown to 52637
[16:15:26.276] [SEVERE ] updating countdown to 52617
[16:15:26.299] [SEVERE ] updating countdown to 52594
[16:15:26.321] [SEVERE ] updating countdown to 52572
[16:15:26.345] [SEVERE ] updating countdown to 52548
[16:15:26.369] [SEVERE ] updating countdown to 52524
[16:15:26.391] [SEVERE ] updating countdown to 52502
[16:15:26.417] [SEVERE ] updating countdown to 52476
[16:15:26.443] [SEVERE ] updating countdown to 52450
[16:15:26.469] [SEVERE ] updating countdown to 52424
[16:15:26.493] [SEVERE ] updating countdown to 52400
[16:15:26.516] [SEVERE ] updating countdown to 52377
[16:15:26.542] [SEVERE ] updating countdown to 52351
[16:15:26.568] [SEVERE ] updating countdown to 52325
[16:15:26.592] [SEVERE ] updating countdown to 52301
[16:15:26.618] [SEVERE ] updating countdown to 52275
[16:15:26.644] [SEVERE ] updating countdown to 52249
[16:15:26.665] [SEVERE ] updating countdown to 52228
[16:15:26.690] [SEVERE ] updating countdown to 52203
[16:15:26.713] [SEVERE ] updating countdown to 52180
[16:15:26.740] [SEVERE ] updating countdown to 52153
[16:15:26.761] [SEVERE ] updating countdown to 52132
[16:15:26.782] [SEVERE ] updating countdown to 52111
[16:15:26.806] [SEVERE ] updating countdown to 52087
[16:15:26.832] [SEVERE ] updating countdown to 52061
[16:15:26.858] [SEVERE ] updating countdown to 52035
[16:15:26.882] [SEVERE ] updating countdown to 52011
[16:15:26.902] [SEVERE ] updating countdown to 51991
[16:15:26.927] [SEVERE ] updating countdown to 51967
[16:15:26.948] [SEVERE ] updating countdown to 51945
[16:15:26.974] [SEVERE ] updating countdown to 51919
[16:15:27.000] [SEVERE ] updating countdown to 51894
[16:15:27.025] [SEVERE ] updating countdown to 51868
[16:15:27.046] [SEVERE ] updating countdown to 51847
[16:15:27.071] [SEVERE ] updating countdown to 51822
[16:15:27.097] [SEVERE ] updating countdown to 51796
[16:15:27.123] [SEVERE ] updating countdown to 51770
[16:15:27.149] [SEVERE ] updating countdown to 51744
[16:15:27.172] [SEVERE ] updating countdown to 51721
[16:15:27.196] [SEVERE ] updating countdown to 51697
[16:15:27.217] [SEVERE ] updating countdown to 51676
[16:15:27.239] [SEVERE ] updating countdown to 51654
[16:15:27.260] [SEVERE ] updating countdown to 51633
[16:15:27.281] [SEVERE ] updating countdown to 51612
[16:15:27.307] [SEVERE ] updating countdown to 51586
[16:15:27.331] [SEVERE ] updating countdown to 51562
[16:15:27.357] [SEVERE ] updating countdown to 51536
[16:15:27.383] [SEVERE ] updating countdown to 51510
[16:15:27.409] [SEVERE ] updating countdown to 51484
[16:15:27.433] [SEVERE ] updating countdown to 51460
[16:15:27.457] [SEVERE ] updating countdown to 51436
[16:15:27.479] [SEVERE ] updating countdown to 51414
[16:15:27.503] [SEVERE ] updating countdown to 51390
[16:15:27.525] [SEVERE ] updating countdown to 51368
[16:15:27.548] [SEVERE ] updating countdown to 51345
[16:15:27.569] [SEVERE ] updating countdown to 51324
[16:15:27.594] [SEVERE ] updating countdown to 51299
[16:15:27.620] [SEVERE ] updating countdown to 51273
[16:15:27.641] [SEVERE ] updating countdown to 51252
[16:15:27.667] [SEVERE ] updating countdown to 51226
[16:15:27.691] [SEVERE ] updating countdown to 51202
[16:15:27.716] [SEVERE ] updating countdown to 51177
[16:15:27.739] [SEVERE ] updating countdown to 51154
[16:15:27.763] [SEVERE ] updating countdown to 51130
[16:15:27.785] [SEVERE ] updating countdown to 51108
[16:15:27.807] [SEVERE ] updating countdown to 51086
[16:15:27.830] [SEVERE ] updating countdown to 51063
[16:15:27.850] [SEVERE ] updating countdown to 51043
[16:15:27.874] [SEVERE ] updating countdown to 51019
[16:15:27.898] [SEVERE ] updating countdown to 50995
[16:15:27.923] [SEVERE ] updating countdown to 50970
[16:15:27.944] [SEVERE ] updating countdown to 50949
[16:15:27.968] [SEVERE ] updating countdown to 50925
[16:15:27.990] [SEVERE ] updating countdown to 50903
[16:15:28.013] [SEVERE ] updating countdown to 50880
[16:15:28.039] [SEVERE ] updating countdown to 50854
[16:15:28.060] [SEVERE ] updating countdown to 50833
[16:15:28.082] [SEVERE ] updating countdown to 50811
[16:15:28.107] [SEVERE ] updating countdown to 50786
[16:15:28.131] [SEVERE ] updating countdown to 50762
[16:15:28.155] [SEVERE ] updating countdown to 50738
[16:15:28.177] [SEVERE ] updating countdown to 50716
[16:15:28.198] [SEVERE ] updating countdown to 50695
[16:15:28.219] [SEVERE ] updating countdown to 50674
[16:15:28.243] [SEVERE ] updating countdown to 50650
[16:15:28.268] [SEVERE ] updating countdown to 50625
[16:15:28.294] [SEVERE ] updating countdown to 50599
[16:15:28.320] [SEVERE ] updating countdown to 50573
[16:15:28.346] [SEVERE ] updating countdown to 50547
[16:15:28.372] [SEVERE ] updating countdown to 50521
[16:15:28.393] [SEVERE ] updating countdown to 50500
[16:15:28.419] [SEVERE ] updating countdown to 50474
[16:15:28.446] [SEVERE ] updating countdown to 50447
[16:15:28.472] [SEVERE ] updating countdown to 50421
[16:15:28.498] [SEVERE ] updating countdown to 50395
[16:15:28.524] [SEVERE ] updating countdown to 50369
[16:15:28.550] [SEVERE ] updating countdown to 50343
[16:15:28.576] [SEVERE ] updating countdown to 50317
[16:15:28.602] [SEVERE ] updating countdown to 50291
[16:15:28.628] [SEVERE ] updating countdown to 50265
[16:15:28.651] [SEVERE ] updating countdown to 50242
[16:15:28.674] [SEVERE ] updating countdown to 50219
[16:15:28.696] [SEVERE ] updating countdown to 50197
[16:15:28.717] [SEVERE ] updating countdown to 50176
[16:15:28.738] [SEVERE ] updating countdown to 50155
[16:15:28.759] [SEVERE ] updating countdown to 50134
[16:15:28.781] [SEVERE ] updating countdown to 50112
[16:15:28.801] [SEVERE ] updating countdown to 50092
[16:15:28.823] [SEVERE ] updating countdown to 50070
[16:15:28.844] [SEVERE ] updating countdown to 50049
[16:15:28.866] [SEVERE ] updating countdown to 50027
[16:15:28.887] [SEVERE ] updating countdown to 50006
[16:15:28.911] [SEVERE ] updating countdown to 49982
[16:15:28.935] [SEVERE ] updating countdown to 49958
[16:15:28.959] [SEVERE ] updating countdown to 49934
[16:15:28.982] [SEVERE ] updating countdown to 49911
[16:15:29.002] [SEVERE ] updating countdown to 49891
[16:15:29.026] [SEVERE ] updating countdown to 49867
[16:15:29.052] [SEVERE ] updating countdown to 49841
[16:15:29.078] [SEVERE ] updating countdown to 49815
[16:15:29.104] [SEVERE ] updating countdown to 49789
[16:15:29.130] [SEVERE ] updating countdown to 49763
[16:15:29.156] [SEVERE ] updating countdown to 49737
[16:15:29.182] [SEVERE ] updating countdown to 49711
[16:15:29.204] [SEVERE ] updating countdown to 49689
[16:15:29.228] [SEVERE ] updating countdown to 49665
[16:15:29.249] [SEVERE ] updating countdown to 49644
[16:15:29.273] [SEVERE ] updating countdown to 49620
[16:15:29.296] [SEVERE ] updating countdown to 49597
[16:15:29.322] [SEVERE ] updating countdown to 49571
[16:15:29.346] [SEVERE ] updating countdown to 49547
[16:15:29.372] [SEVERE ] updating countdown to 49521
[16:15:29.398] [SEVERE ] updating countdown to 49495
[16:15:29.423] [SEVERE ] updating countdown to 49470
[16:15:29.448] [SEVERE ] updating countdown to 49445
[16:15:29.470] [SEVERE ] updating countdown to 49423
[16:15:29.493] [SEVERE ] updating countdown to 49400
[16:15:29.517] [SEVERE ] updating countdown to 49376
[16:15:29.542] [SEVERE ] updating countdown to 49351
[16:15:29.566] [SEVERE ] updating countdown to 49327
[16:15:29.588] [SEVERE ] updating countdown to 49305
[16:15:29.614] [SEVERE ] updating countdown to 49279
[16:15:29.639] [SEVERE ] updating countdown to 49254
[16:15:29.662] [SEVERE ] updating countdown to 49231
[16:15:29.688] [SEVERE ] updating countdown to 49205
[16:15:29.714] [SEVERE ] updating countdown to 49179
[16:15:29.737] [SEVERE ] updating countdown to 49156
[16:15:29.763] [SEVERE ] updating countdown to 49130
[16:15:29.788] [SEVERE ] updating countdown to 49105
[16:15:29.814] [SEVERE ] updating countdown to 49079
[16:15:29.840] [SEVERE ] updating countdown to 49053
[16:15:29.863] [SEVERE ] updating countdown to 49030
[16:15:29.889] [SEVERE ] updating countdown to 49004
[16:15:29.915] [SEVERE ] updating countdown to 48978
[16:15:29.940] [SEVERE ] updating countdown to 48953
[16:15:29.966] [SEVERE ] updating countdown to 48927
[16:15:29.987] [SEVERE ] updating countdown to 48906
[16:15:30.009] [SEVERE ] updating countdown to 48884
[16:15:30.029] [SEVERE ] updating countdown to 48864
[16:15:30.050] [SEVERE ] updating countdown to 48843
[16:15:30.073] [SEVERE ] updating countdown to 48820
[16:15:30.093] [SEVERE ] updating countdown to 48800
[16:15:30.114] [SEVERE ] updating countdown to 48779
[16:15:30.136] [SEVERE ] updating countdown to 48757
[16:15:30.156] [SEVERE ] updating countdown to 48737
[16:15:30.177] [SEVERE ] updating countdown to 48716
[16:15:30.192] [SEVERE ] key 81 was pressed by player 1
[16:15:30.193] [SEVERE ] player 1 placing token on slot 0
[16:15:30.198] [SEVERE ] updating countdown to 48695
[16:15:30.219] [SEVERE ] updating countdown to 48674
[16:15:30.241] [SEVERE ] updating countdown to 48652
[16:15:30.266] [SEVERE ] updating countdown to 48627
[16:15:30.292] [SEVERE ] updating countdown to 48601
[16:15:30.315] [SEVERE ] updating countdown to 48578
[16:15:30.336] [SEVERE ] updating countdown to 48557
[16:15:30.356] [SEVERE ] updating countdown to 48537
[16:15:30.379] [SEVERE ] updating countdown to 48514
[16:15:30.400] [SEVERE ] updating countdown to 48493
[16:15:30.420] [SEVERE ] updating countdown to 48473
[16:15:30.441] [SEVERE ] updating countdown to 48452
[16:15:30.462] [SEVERE ] updating countdown to 48431
[16:15:30.483] [SEVERE ] updating countdown to 48410
[16:15:30.505] [SEVERE ] updating countdown to 48388
[16:15:30.526] [SEVERE ] updating countdown to 48367
[16:15:30.548] [SEVERE ] updating countdown to 48345
[16:15:30.568] [SEVERE ] updating countdown to 48325
[16:15:30.589] [SEVERE ] updating countdown to 48304
[16:15:30.610] [SEVERE ] updating countdown to 48283
[16:15:30.632] [SEVERE ] updating countdown to 48261
[16:15:30.653] [SEVERE ] updating countdown to 48240
[16:15:30.675] [SEVERE ] updating countdown to 48218
[16:15:30.697] [SEVERE ] updating countdown to 48196
[16:15:30.718] [SEVERE ] updating countdown to 48175
[16:15:30.740] [SEVERE ] updating countdown to 48153
[16:15:30.761] [SEVERE ] updating countdown to 48132
[16:15:30.783] [SEVERE ] updating countdown to 48110
[16:15:30.805] [SEVERE ] updating countdown to 48088
[16:15:30.827] [SEVERE ] updating countdown to 48066
[16:15:30.848] [SEVERE ] updating countdown to 48045
[16:15:30.870] [SEVERE ] updating countdown to 48023
[16:15:30.891] [SEVERE ] updating countdown to 48002
[16:15:30.913] [SEVERE ] updating countdown to 47980
[16:15:30.934] [SEVERE ] updating countdown to 47959
[16:15:30.956] [SEVERE ] updating countdown to 47937
[16:15:30.978] [SEVERE ] updating countdown to 47915
[16:15:30.998] [SEVERE ] updating countdown to 47895
[16:15:31.020] [SEVERE ] updating countdown to 47873
[16:15:31.042] [SEVERE ] updating countdown to 47851
[16:15:31.063] [SEVERE ] updating countdown to 47830
[16:15:31.085] [SEVERE ] updating countdown to 47808
[16:15:31.106] [SEVERE ] updating countdown to 47787
[16:15:31.113] [SEVERE ] key 81 was pressed by player 1
[16:15:31.127] [SEVERE ] updating countdown to 47766
[16:15:31.150] [SEVERE ] updating countdown to 47743
[16:15:31.175] [SEVERE ] updating countdown to 47718
[16:15:31.196] [SEVERE ] updating countdown to 47697
[16:15:31.219] [SEVERE ] updating countdown to 47674
[16:15:31.242] [SEVERE ] updating countdown to 47651
[16:15:31.263] [SEVERE ] updating countdown to 47630
[16:15:31.285] [SEVERE ] updating countdown to 47608
[16:15:31.305] [SEVERE ] updating countdown to 47588
[16:15:31.327] [SEVERE ] updating countdown to 47566
[16:15:31.352] [SEVERE ] updating countdown to 47541
[16:15:31.375] [SEVERE ] updating countdown to 47518
[16:15:31.399] [SEVERE ] updating countdown to 47494
[16:15:31.422] [SEVERE ] updating countdown to 47471
[16:15:31.444] [SEVERE ] updating countdown to 47449
[16:15:31.467] [SEVERE ] updating countdown to 47426
[16:15:31.492] [SEVERE ] updating countdown to 47401
[16:15:31.514] [SEVERE ] updating countdown to 47379
[16:15:31.536] [SEVERE ] updating countdown to 47357
[16:15:31.561] [SEVERE ] updating countdown to 47332
[16:15:31.587] [SEVERE ] updating countdown to 47307
[16:15:31.612] [SEVERE ] updating countdown to 47281
[16:15:31.637] [SEVERE ] updating countdown to 47256
[16:15:31.658] [SEVERE ] updating countdown to 47235
[16:15:31.679] [SEVERE ] updating countdown to 47214
[16:15:31.701] [SEVERE ] updating countdown to 47192
[16:15:31.727] [SEVERE ] updating countdown to 47166
[16:15:31.751] [SEVERE ] updating countdown to 47142
[16:15:31.777] [SEVERE ] updating countdown to 47116
[16:15:31.803] [SEVERE ] updating countdown to 47090
[16:15:31.825] [SEVERE ] updating countdown to 47068
[16:15:31.848] [SEVERE ] updating countdown to 47045
[16:15:31.872] [SEVERE ] updating countdown to 47021
[16:15:31.893] [SEVERE ] updating countdown to 47000
[16:15:31.916] [SEVERE ] updating countdown to 46977
[16:15:31.938] [SEVERE ] updating countdown to 46955
[16:15:31.962] [SEVERE ] updating countdown to 46931
[16:15:31.985] [SEVERE ] updating countdown to 46908
[16:15:32.005] [SEVERE ] updating countdown to 46888
[16:15:32.027] [SEVERE ] updating countdown to 46866
[16:15:32.047] [SEVERE ] updating countdown to 46846
[16:15:32.071] [SEVERE ] updating countdown to 46822
[16:15:32.095] [SEVERE ] updating countdown to 46798
[16:15:32.118] [SEVERE ] updating countdown to 46775
[16:15:32.139] [SEVERE ] updating countdown to 46754
[16:15:32.165] [SEVERE ] updating countdown to 46728
[16:15:32.188] [SEVERE ] updating countdown to 46705
[16:15:32.209] [SEVERE ] updating countdown to 46684
[16:15:32.231] [SEVERE ] updating countdown to 46662
[16:15:32.254] [SEVERE ] updating countdown to 46639
[16:15:32.280] [SEVERE ] updating countdown to 46613
[16:15:32.306] [SEVERE ] updating countdown to 46587
[16:15:32.332] [SEVERE ] updating countdown to 46561
[16:15:32.358] [SEVERE ] updating countdown to 46535
[16:15:32.382] [SEVERE ] updating countdown to 46511
[16:15:32.404] [SEVERE ] updating countdown to 46489
[16:15:32.425] [SEVERE ] updating countdown to 46468
[16:15:32.449] [SEVERE ] updating countdown to 46444
[16:15:32.475] [SEVERE ] updating countdown to 46418
[16:15:32.501] [SEVERE ] updating countdown to 46392
[16:15:32.527] [SEVERE ] updating countdown to 46366
[16:15:32.553] [SEVERE ] updating countdown to 46340
[16:15:32.574] [SEVERE ] updating countdown to 46319
[16:15:32.600] [SEVERE ] updating countdown to 46293
[16:15:32.626] [SEVERE ] updating countdown to 46267
[16:15:32.652] [SEVERE ] updating countdown to 46241
[16:15:32.678] [SEVERE ] updating countdown to 46215
[16:15:32.704] [SEVERE ] updating countdown to 46189
[16:15:32.730] [SEVERE ] updating countdown to 46163
[16:15:32.756] [SEVERE ] updating countdown to 46137
[16:15:32.782] [SEVERE ] updating countdown to 46111
[16:15:32.807] [SEVERE ] updating countdown to 46086
[16:15:32.833] [SEVERE ] updating countdown to 46060
[16:15:32.859] [SEVERE ] updating countdown to 46034
[16:15:32.881] [SEVERE ] updating countdown to 46012
[16:15:32.907] [SEVERE ] updating countdown to 45986
[16:15:32.933] [SEVERE ] updating countdown to 45960
[16:15:32.959] [SEVERE ] updating countdown to 45934
[16:15:32.980] [SEVERE ] updating countdown to 45913
[16:15:33.005] [SEVERE ] updating countdown to 45888
[16:15:33.031] [SEVERE ] updating countdown to 45862
[16:15:33.055] [SEVERE ] updating countdown to 45838
[16:15:33.080] [SEVERE ] updating countdown to 45813
[16:15:33.106] [SEVERE ] updating countdown to 45787
[16:15:33.132] [SEVERE ] updating countdown to 45761
[16:15:33.154] [SEVERE ] updating countdown to 45739
[16:15:33.180] [SEVERE ] updating countdown to 45713
[16:15:33.203] [SEVERE ] updating countdown to 45690
[16:15:33.225] [SEVERE ] updating countdown to 45668
[16:15:33.245] [SEVERE ] updating countdown to 45648
[16:15:33.268] [SEVERE ] updating countdown to 45625
[16:15:33.294] [SEVERE ] updating countdown to 45599
[16:15:33.320] [SEVERE ] updating countdown to 45573
[16:15:33.343] [SEVERE ] updating countdown to 45550
[16:15:33.365] [SEVERE ] updating countdown to 45528
[16:15:33.388] [SEVERE ] updating countdown to 45505
[16:15:33.414] [SEVERE ] updating countdown to 45479
[16:15:33.439] [SEVERE ] updating countdown to 45454
[16:15:33.462] [SEVERE ] updating countdown to 45431
[16:15:33.488] [SEVERE ] updating countdown to 45405
[16:15:33.514] [SEVERE ] updating countdown to 45379
[16:15:33.540] [SEVERE ] updating countdown to 45353
[16:15:33.566] [SEVERE ] updating countdown to 45327
[16:15:33.591] [SEVERE ] updating countdown to 45302
[16:15:33.617] [SEVERE ] updating countdown to 45276
[16:15:33.643] [SEVERE ] updating countdown to 45250
[16:15:33.669] [SEVERE ] updating countdown to 45224
[16:15:33.691] [SEVERE ] updating countdown to 45202
[16:15:33.715] [SEVERE ] updating countdown to 45178
[16:15:33.737] [SEVERE ] updating countdown to 45156
[16:15:33.762] [SEVERE ] updating countdown to 45131
[16:15:33.783] [SEVERE ] updating countdown to 45110
[16:15:33.805] [SEVERE ] updating countdown to 45089
[16:15:33.827] [SEVERE ] updating countdown to 45066
[16:15:33.849] [SEVERE ] updating countdown to 45044
[16:15:33.875] [SEVERE ] updating countdown to 45018
[16:15:33.900] [SEVERE ] updating countdown to 44993
[16:15:33.925] [SEVERE ] updating countdown to 44968
[16:15:33.950] [SEVERE ] updating countdown to 44943
[16:15:33.975] [SEVERE ] updating countdown to 44918
[16:15:34.001] [SEVERE ] updating countdown to 44892
[16:15:34.023] [SEVERE ] updating countdown to 44870
[16:15:34.048] [SEVERE ] updating countdown to 44845
[16:15:34.070] [SEVERE ] updating countdown to 44823
[16:15:34.091] [SEVERE ] updating countdown to 44802
[16:15:34.113] [SEVERE ] updating countdown to 44780
[16:15:34.138] [SEVERE ] updating countdown to 44755
[16:15:34.164] [SEVERE ] updating countdown to 44729
[16:15:34.190] [SEVERE ] updating countdown to 44703
[16:15:34.216] [SEVERE ] updating countdown to 44677
[16:15:34.238] [SEVERE ] updating countdown to 44655
[16:15:34.260] [SEVERE ] updating countdown to 44633
[16:15:34.285] [SEVERE ] updating countdown to 44608
[16:15:34.308] [SEVERE ] updating countdown to 44585
[16:15:34.333] [SEVERE ] updating countdown to 44560
[16:15:34.355] [SEVERE ] updating countdown to 44538
[16:15:34.375] [SEVERE ] updating countdown to 44518
[16:15:34.401] [SEVERE ] updating countdown to 44492
[16:15:34.425] [SEVERE ] updating countdown to 44468
[16:15:34.450] [SEVERE ] updating countdown to 44443
[16:15:34.473] [SEVERE ] updating countdown to 44420
[16:15:34.494] [SEVERE ] updating countdown to 44399
[16:15:34.519] [SEVERE ] updating countdown to 44374
[16:15:34.545] [SEVERE ] updating countdown to 44348
[16:15:34.571] [SEVERE ] updating countdown to 44322
[16:15:34.595] [SEVERE ] updating countdown to 44298
[16:15:34.621] [SEVERE ] updating countdown to 44272
[16:15:34.647] [SEVERE ] updating countdown to 44246
[16:15:34.673] [SEVERE ] updating countdown to 44220
[16:15:34.699] [SEVERE ] updating countdown to 44194
[16:15:34.725] [SEVERE ] updating countdown to 44168
[16:15:34.751] [SEVERE ] updating countdown to 44142
[16:15:34.772] [SEVERE ] updating countdown to 44121
[16:15:34.797] [SEVERE ] updating countdown to 44096
[16:15:34.822] [SEVERE ] updating countdown to 44071
[16:15:34.848] [SEVERE ] updating countdown to 44045
[16:15:34.874] [SEVERE ] updating countdown to 44019
[16:15:34.900] [SEVERE ] updating countdown to 43993
[16:15:34.926] [SEVERE ] updating countdown to 43967
[16:15:34.952] [SEVERE ] updating countdown to 43941
[16:15:34.976] [SEVERE ] updating countdown to 43917
[16:15:34.997] [SEVERE ] updating countdown to 43896
[16:15:35.022] [SEVERE ] updating countdown to 43871
[16:15:35.045] [SEVERE ] updating countdown to 43848
[16:15:35.071] [SEVERE ] updating countdown to 43822
[16:15:35.097] [SEVERE ] updating countdown to 43796
[16:15:35.123] [SEVERE ] updating countdown to 43770
[16:15:35.149] [SEVERE ] updating countdown to 43744
[16:15:35.161] [SEVERE ] key 81 was pressed by player 1
[16:15:35.162] [SEVERE ] player 1 placing token on slot 0
[16:15:35.170] [SEVERE ] updating countdown to 43723
[16:15:35.192] [SEVERE ] updating countdown to 43701
[16:15:35.214] [SEVERE ] updating countdown to 43679
[16:15:35.238] [SEVERE ] updating countdown to 43655
[16:15:35.261] [SEVERE ] updating countdown to 43632
[16:15:35.284] [SEVERE ] updating countdown to 43609
[16:15:35.304] [SEVERE ] updating countdown to 43589
[16:15:35.327] [SEVERE ] updating countdown to 43566
[16:15:35.350] [SEVERE ] updating countdown to 43543
[16:15:35.371] [SEVERE ] updating countdown to 43522
[16:15:35.392] [SEVERE ] updating countdown to 43501
[16:15:35.414] [SEVERE ] updating countdown to 43479
[16:15:35.435] [SEVERE ] updating countdown to 43458
[16:15:35.456] [SEVERE ] updating countdown to 43437
[16:15:35.478] [SEVERE ] updating countdown to 43415
[16:15:35.499] [SEVERE ] updating countdown to 43394
[16:15:35.519] [SEVERE ] updating countdown to 43374
[16:15:35.540] [SEVERE ] updating countdown to 43353
[16:15:35.561] [SEVERE ] updating countdown to 43332
[16:15:35.582] [SEVERE ] updating countdown to 43311
[16:15:35.603] [SEVERE ] updating countdown to 43290
[16:15:35.625] [SEVERE ] updating countdown to 43268
[16:15:35.646] [SEVERE ] updating countdown to 43247
[16:15:35.667] [SEVERE ] updating countdown to 43226
[16:15:35.689] [SEVERE ] updating countdown to 43204
[16:15:35.711] [SEVERE ] updating countdown to 43182
[16:15:35.732] [SEVERE ] updating countdown to 43161
[16:15:35.753] [SEVERE ] updating countdown to 43140
[16:15:35.775] [SEVERE ] updating countdown to 43118
[16:15:35.796] [SEVERE ] updating countdown to 43097
[16:15:35.817] [SEVERE ] updating countdown to 43076
[16:15:35.839] [SEVERE ] updating countdown to 43054
[16:15:35.861] [SEVERE ] updating countdown to 43032
[16:15:35.882] [SEVERE ] updating countdown to 43011
[16:15:35.906] [SEVERE ] updating countdown to 42987
[16:15:35.931] [SEVERE ] updating countdown to 42962
[16:15:35.956] [SEVERE ] updating countdown to 42937
[16:15:35.978] [SEVERE ] updating countdown to 42915
[16:15:35.999] [SEVERE ] updating countdown to 42894
[16:15:36.020] [SEVERE ] updating countdown to 42873
[16:15:36.042] [SEVERE ] updating countdown to 42851
[16:15:36.063] [SEVERE ] updating countdown to 42830
[16:15:36.083] [SEVERE ] updating countdown to 42810
[16:15:36.104] [SEVERE ] updating countdown to 42789
[16:15:36.125] [SEVERE ] updating countdown to 42768
[16:15:36.147] [SEVERE ] updating countdown to 42746
[16:15:36.168] [SEVERE ] updating countdown to 42725
[16:15:36.189] [SEVERE ] updating countdown to 42704
[16:15:36.210] [SEVERE ] updating countdown to 42683
[16:15:36.232] [SEVERE ] updating countdown to 42661
[16:15:36.252] [SEVERE ] updating countdown to 42641
[16:15:36.274] [SEVERE ] updating countdown to 42619
[16:15:36.294] [SEVERE ] updating countdown to 42599
[16:15:36.315] [SEVERE ] updating countdown to 42578
[16:15:36.336] [SEVERE ] updating countdown to 42557
[16:15:36.357] [SEVERE ] updating countdown to 42536
[16:15:36.378] [SEVERE ] updating countdown to 42515
[16:15:36.404] [SEVERE ] updating countdown to 42489
[16:15:36.429] [SEVERE ] updating countdown to 42464
[16:15:36.455] [SEVERE ] updating countdown to 42438
[16:15:36.481] [SEVERE ] updating countdown to 42412
[16:15:36.504] [SEVERE ] updating countdown to 42389
[16:15:36.525] [SEVERE ] updating countdown to 42368
[16:15:36.550] [SEVERE ] updating countdown to 42343
[16:15:36.576] [SEVERE ] updating countdown to 42317
[16:15:36.600] [SEVERE ] updating countdown to 42293
[16:15:36.626] [SEVERE ] updating countdown to 42267
[16:15:36.652] [SEVERE ] updating countdown to 42241
[16:15:36.678] [SEVERE ] updating countdown to 42215
[16:15:36.700] [SEVERE ] updating countdown to 42193
[16:15:36.722] [SEVERE ] updating countdown to 42171
[16:15:36.725] [SEVERE ] key 81 was pressed by player 1
[16:15:36.743] [SEVERE ] updating countdown to 42150
[16:15:36.766] [SEVERE ] updating countdown to 42127
[16:15:36.791] [SEVERE ] updating countdown to 42102
[16:15:36.817] [SEVERE ] updating countdown to 42076
[16:15:36.843] [SEVERE ] updating countdown to 42050
[16:15:36.869] [SEVERE ] updating countdown to 42024
[16:15:36.895] [SEVERE ] updating countdown to 41998
[16:15:36.917] [SEVERE ] updating countdown to 41976
[16:15:36.940] [SEVERE ] updating countdown to 41953
[16:15:36.963] [SEVERE ] updating countdown to 41930
[16:15:36.985] [SEVERE ] updating countdown to 41908
[16:15:37.007] [SEVERE ] updating countdown to 41886
[16:15:37.032] [SEVERE ] updating countdown to 41861
[16:15:37.053] [SEVERE ] updating countdown to 41840
[16:15:37.079] [SEVERE ] updating countdown to 41814
[16:15:37.101] [SEVERE ] updating countdown to 41792
[16:15:37.127] [SEVERE ] updating countdown to 41766
[16:15:37.153] [SEVERE ] updating countdown to 41740
[16:15:37.179] [SEVERE ] updating countdown to 41714
[16:15:37.200] [SEVERE ] updating countdown to 41693
[16:15:37.221] [SEVERE ] updating countdown to 41672
[16:15:37.242] [SEVERE ] updating countdown to 41651
[16:15:37.264] [SEVERE ] updating countdown to 41629
[16:15:37.287] [SEVERE ] updating countdown to 41606
[16:15:37.309] [SEVERE ] updating countdown to 41584
[16:15:37.334] [SEVERE ] updating countdown to 41559
[16:15:37.360] [SEVERE ] updating countdown to 41533
[16:15:37.382] [SEVERE ] updating countdown to 41511
[16:15:37.407] [SEVERE ] updating countdown to 41486
[16:15:37.428] [SEVERE ] updating countdown to 41465
[16:15:37.449] [SEVERE ] updating countdown to 41444
[16:15:37.470] [SEVERE ] updating countdown to 41423
[16:15:37.493] [SEVERE ] updating countdown to 41400
[16:15:37.515] [SEVERE ] updating countdown to 41378
[16:15:37.541] [SEVERE ] updating countdown to 41352
[16:15:37.567] [SEVERE ] updating countdown to 41326
[16:15:37.590] [SEVERE ] updating countdown to 41303
[16:15:37.612] [SEVERE ] updating countdown to 41281
[16:15:37.633] [SEVERE ] updating countdown to 41260
[16:15:37.659] [SEVERE ] updating countdown to 41234
[16:15:37.682] [SEVERE ] updating countdown to 41211
[16:15:37.703] [SEVERE ] updating countdown to 41190
[16:15:37.728] [SEVERE ] updating countdown to 41165
[16:15:37.749] [SEVERE ] updating countdown to 41144
[16:15:37.775] [SEVERE ] updating countdown to 41118
[16:15:37.801] [SEVERE ] updating countdown to 41092
[16:15:37.823] [SEVERE ] updating countdown to 41070
[16:15:37.835] [SEVERE ] key 81 was pressed by player 1
[16:15:37.836] [SEVERE ] player 1 placing token on slot 0
[16:15:37.844] [SEVERE ] updating countdown to 41050
[16:15:37.864] [SEVERE ] updating countdown to 41029
[16:15:37.890] [SEVERE ] updating countdown to 41003
[16:15:37.912] [SEVERE ] updating countdown to 40981
[16:15:37.936] [SEVERE ] updating countdown to 40957
[16:15:37.962] [SEVERE ] updating countdown to 40931
[16:15:37.988] [SEVERE ] updating countdown to 40905
[16:15:38.011] [SEVERE ] updating countdown to 40882
[16:15:38.035] [SEVERE ] updating countdown to 40858
[16:15:38.060] [SEVERE ] updating countdown to 40833
[16:15:38.086] [SEVERE ] updating countdown to 40807
[16:15:38.107] [SEVERE ] updating countdown to 40786
[16:15:38.133] [SEVERE ] updating countdown to 40760
[16:15:38.159] [SEVERE ] updating countdown to 40734
[16:15:38.182] [SEVERE ] updating countdown to 40711
[16:15:38.206] [SEVERE ] updating countdown to 40687
[16:15:38.228] [SEVERE ] updating countdown to 40665
[16:15:38.248] [SEVERE ] updating countdown to 40645
[16:15:38.273] [SEVERE ] updating countdown to 40620
[16:15:38.298] [SEVERE ] updating countdown to 40595
[16:15:38.322] [SEVERE ] updating countdown to 40571
[16:15:38.348] [SEVERE ] updating countdown to 40545
[16:15:38.374] [SEVERE ] updating countdown to 40519
[16:15:38.401] [SEVERE ] updating countdown to 40492
[16:15:38.427] [SEVERE ] updating countdown to 40466
[16:15:38.451] [SEVERE ] updating countdown to 40442
[16:15:38.476] [SEVERE ] updating countdown to 40417
[16:15:38.502] [SEVERE ] updating countdown to 40391
[16:15:38.525] [SEVERE ] updating countdown to 40368
[16:15:38.550] [SEVERE ] updating countdown to 40343
[16:15:38.574] [SEVERE ] updating countdown to 40319
[16:15:38.598] [SEVERE ] updating countdown to 40295
[16:15:38.622] [SEVERE ] updating countdown to 40271
[16:15:38.647] [SEVERE ] updating countdown to 40246
[16:15:38.671] [SEVERE ] updating countdown to 40222
[16:15:38.693] [SEVERE ] updating countdown to 40200
[16:15:38.714] [SEVERE ] updating countdown to 40179
[16:15:38.735] [SEVERE ] updating countdown to 40158
[16:15:38.756] [SEVERE ] updating countdown to 40137
[16:15:38.778] [SEVERE ] updating countdown to 40115
[16:15:38.799] [SEVERE ] updating countdown to 40094
[16:15:38.820] [SEVERE ] updating countdown to 40073
[16:15:38.841] [SEVERE ] updating countdown to 40052
[16:15:38.867] [SEVERE ] updating countdown to 40026
[16:15:38.893] [SEVERE ] updating countdown to 40000
[16:15:38.915] [SEVERE ] updating countdown to 39978
[16:15:38.939] [SEVERE ] updating countdown to 39954
[16:15:38.963] [SEVERE ] updating countdown to 39930
[16:15:38.971] [SEVERE ] key 81 was pressed by player 1
[16:15:38.985] [SEVERE ] updating countdown to 39908
[16:15:39.006] [SEVERE ] updating countdown to 39887
[16:15:39.028] [SEVERE ] updating countdown to 39865
[16:15:39.048] [SEVERE ] updating countdown to 39845
[16:15:39.074] [SEVERE ] updating countdown to 39819
[16:15:39.096] [SEVERE ] updating countdown to 39797
[16:15:39.118] [SEVERE ] updating countdown to 39775
[16:15:39.141] [SEVERE ] updating countdown to 39752
[16:15:39.163] [SEVERE ] updating countdown to 39730
[16:15:39.184] [SEVERE ] updating countdown to 39709
[16:15:39.209] [SEVERE ] updating countdown to 39684
[16:15:39.236] [SEVERE ] updating countdown to 39657
[16:15:39.258] [SEVERE ] updating countdown to 39635
[16:15:39.281] [SEVERE ] updating countdown to 39612
[16:15:39.303] [SEVERE ] updating countdown to 39590
[16:15:39.328] [SEVERE ] updating countdown to 39565
[16:15:39.351] [SEVERE ] updating countdown to 39542
[16:15:39.375] [SEVERE ] updating countdown to 39518
[16:15:39.397] [SEVERE ] updating countdown to 39496
[16:15:39.419] [SEVERE ] updating countdown to 39474
[16:15:39.440] [SEVERE ] updating countdown to 39453
[16:15:39.461] [SEVERE ] updating countdown to 39432
[16:15:39.483] [SEVERE ] updating countdown to 39410
[16:15:39.506] [SEVERE ] updating countdown to 39387
[16:15:39.530] [SEVERE ] updating countdown to 39363
[16:15:39.553] [SEVERE ] updating countdown to 39340
[16:15:39.576] [SEVERE ] updating countdown to 39317
[16:15:39.598] [SEVERE ] updating countdown to 39295
[16:15:39.621] [SEVERE ] updating countdown to 39272
[16:15:39.646] [SEVERE ] updating countdown to 39247
[16:15:39.672] [SEVERE ] updating countdown to 39221
[16:15:39.698] [SEVERE ] updating countdown to 39195
[16:15:39.720] [SEVERE ] updating countdown to 39173
[16:15:39.746] [SEVERE ] updating countdown to 39147
[16:15:39.771] [SEVERE ] updating countdown to 39122
[16:15:39.797] [SEVERE ] updating countdown to 39096
[16:15:39.820] [SEVERE ] updating countdown to 39073
[16:15:39.844] [SEVERE ] updating countdown to 39049
[16:15:39.866] [SEVERE ] updating countdown to 39027
[16:15:39.889] [SEVERE ] updating countdown to 39004
[16:15:39.915] [SEVERE ] updating countdown to 38978
[16:15:39.938] [SEVERE ] updating countdown to 38955
[16:15:39.949] [SEVERE ] key 81 was pressed by player 1
[16:15:39.949] [SEVERE ] player 1 placing token on slot 0
[16:15:39.959] [SEVERE ] updating countdown to 38934
[16:15:39.982] [SEVERE ] updating countdown to 38911
[16:15:40.006] [SEVERE ] updating countdown to 38887
[16:15:40.028] [SEVERE ] updating countdown to 38865
[16:15:40.049] [SEVERE ] updating countdown to 38844
[16:15:40.074] [SEVERE ] updating countdown to 38820
[16:15:40.097] [SEVERE ] updating countdown to 38796
[16:15:40.121] [SEVERE ] updating countdown to 38772
[16:15:40.142] [SEVERE ] updating countdown to 38751
[16:15:40.165] [SEVERE ] updating countdown to 38728
[16:15:40.191] [SEVERE ] updating countdown to 38702
[16:15:40.216] [SEVERE ] updating countdown to 38677
[16:15:40.239] [SEVERE ] updating countdown to 38654
[16:15:40.261] [SEVERE ] updating countdown to 38632
[16:15:40.284] [SEVERE ] updating countdown to 38609
[16:15:40.305] [SEVERE ] updating countdown to 38588
[16:15:40.326] [SEVERE ] updating countdown to 38567
[16:15:40.351] [SEVERE ] updating countdown to 38542
[16:15:40.374] [SEVERE ] updating countdown to 38519
[16:15:40.396] [SEVERE ] updating countdown to 38497
[16:15:40.399] [SEVERE ] key 81 was pressed by player 1
[16:15:40.419] [SEVERE ] updating countdown to 38474
[16:15:40.440] [SEVERE ] updating countdown to 38453
[16:15:40.463] [SEVERE ] updating countdown to 38430
[16:15:40.486] [SEVERE ] updating countdown to 38407
[16:15:40.507] [SEVERE ] updating countdown to 38386
[16:15:40.530] [SEVERE ] updating countdown to 38363
[16:15:40.550] [SEVERE ] updating countdown to 38343
[16:15:40.576] [SEVERE ] updating countdown to 38317
[16:15:40.598] [SEVERE ] updating countdown to 38295
[16:15:40.620] [SEVERE ] updating countdown to 38273
[16:15:40.641] [SEVERE ] updating countdown to 38252
[16:15:40.663] [SEVERE ] updating countdown to 38230
[16:15:40.688] [SEVERE ] updating countdown to 38205
[16:15:40.713] [SEVERE ] updating countdown to 38180
[16:15:40.738] [SEVERE ] updating countdown to 38155
[16:15:40.759] [SEVERE ] updating countdown to 38134
[16:15:40.781] [SEVERE ] updating countdown to 38112
[16:15:40.803] [SEVERE ] updating countdown to 38090
[16:15:40.826] [SEVERE ] updating countdown to 38067
[16:15:40.852] [SEVERE ] updating countdown to 38041
[16:15:40.873] [SEVERE ] updating countdown to 38020
[16:15:40.898] [SEVERE ] updating countdown to 37995
[16:15:40.921] [SEVERE ] updating countdown to 37972
[16:15:40.942] [SEVERE ] updating countdown to 37951
[16:15:40.969] [SEVERE ] updating countdown to 37924
[16:15:40.994] [SEVERE ] updating countdown to 37899
[16:15:41.020] [SEVERE ] updating countdown to 37873
[16:15:41.027] [SEVERE ] key 81 was pressed by player 1
[16:15:41.028] [SEVERE ] player 1 placing token on slot 0
[16:15:41.043] [SEVERE ] updating countdown to 37850
[16:15:41.065] [SEVERE ] updating countdown to 37828
[16:15:41.088] [SEVERE ] updating countdown to 37805
[16:15:41.113] [SEVERE ] updating countdown to 37780
[16:15:41.138] [SEVERE ] updating countdown to 37755
[16:15:41.163] [SEVERE ] updating countdown to 37730
[16:15:41.185] [SEVERE ] updating countdown to 37708
[16:15:41.205] [SEVERE ] updating countdown to 37688
[16:15:41.227] [SEVERE ] updating countdown to 37666
[16:15:41.248] [SEVERE ] updating countdown to 37645
[16:15:41.269] [SEVERE ] updating countdown to 37624
[16:15:41.291] [SEVERE ] updating countdown to 37602
[16:15:41.311] [SEVERE ] updating countdown to 37582
[16:15:41.337] [SEVERE ] updating countdown to 37556
[16:15:41.363] [SEVERE ] updating countdown to 37530
[16:15:41.389] [SEVERE ] updating countdown to 37504
[16:15:41.413] [SEVERE ] updating countdown to 37480
[16:15:41.439] [SEVERE ] updating countdown to 37454
[16:15:41.462] [SEVERE ] updating countdown to 37431
[16:15:41.478] [SEVERE ] key 81 was pressed by player 1
[16:15:41.483] [SEVERE ] updating countdown to 37410
[16:15:41.503] [SEVERE ] updating countdown to 37390
[16:15:41.525] [SEVERE ] updating countdown to 37368
[16:15:41.546] [SEVERE ] updating countdown to 37347
[16:15:41.572] [SEVERE ] updating countdown to 37321
[16:15:41.598] [SEVERE ] updating countdown to 37295
[16:15:41.624] [SEVERE ] updating countdown to 37269
[16:15:41.645] [SEVERE ] updating countdown to 37248
[16:15:41.670] [SEVERE ] updating countdown to 37223
[16:15:41.691] [SEVERE ] updating countdown to 37202
[16:15:41.713] [SEVERE ] updating countdown to 37180
[16:15:41.739] [SEVERE ] updating countdown to 37154
[16:15:41.762] [SEVERE ] updating countdown to 37131
[16:15:41.785] [SEVERE ] updating countdown to 37108
[16:15:41.805] [SEVERE ] key 81 was pressed by player 1
[16:15:41.805] [SEVERE ] player 1 placing token on slot 0
[16:15:41.807] [SEVERE ] updating countdown to 37086
[16:15:41.828] [SEVERE ] updating countdown to 37065
[16:15:41.853] [SEVERE ] updating countdown to 37040
[16:15:41.875] [SEVERE ] updating countdown to 37018
[16:15:41.900] [SEVERE ] updating countdown to 36993
[16:15:41.922] [SEVERE ] updating countdown to 36971
[16:15:41.944] [SEVERE ] updating countdown to 36949
[16:15:41.965] [SEVERE ] updating countdown to 36928
[16:15:41.990] [SEVERE ] updating countdown to 36903
[16:15:42.013] [SEVERE ] updating countdown to 36880
[16:15:42.038] [SEVERE ] updating countdown to 36855
[16:15:42.045] [SEVERE ] key 81 was pressed by player 1
[16:15:42.060] [SEVERE ] updating countdown to 36833
[16:15:42.083] [SEVERE ] updating countdown to 36810
[16:15:42.109] [SEVERE ] updating countdown to 36784
[16:15:42.135] [SEVERE ] updating countdown to 36758
[16:15:42.161] [SEVERE ] updating countdown to 36732
[16:15:42.183] [SEVERE ] updating countdown to 36710
[16:15:42.209] [SEVERE ] updating countdown to 36684
[16:15:42.230] [SEVERE ] updating countdown to 36663
[16:15:42.251] [SEVERE ] updating countdown to 36642
[16:15:42.255] [SEVERE ] key 81 was pressed by player 1
[16:15:42.256] [SEVERE ] player 1 placing token on slot 0
[16:15:42.274] [SEVERE ] updating countdown to 36619
[16:15:42.295] [SEVERE ] updating countdown to 36598
[16:15:42.321] [SEVERE ] updating countdown to 36572
[16:15:42.347] [SEVERE ] updating countdown to 36546
[16:15:42.371] [SEVERE ] updating countdown to 36522
[16:15:42.395] [SEVERE ] updating countdown to 36498
[16:15:42.419] [SEVERE ] updating countdown to 36474
[16:15:42.440] [SEVERE ] updating countdown to 36453
[16:15:42.453] [SEVERE ] key 81 was pressed by player 1
[16:15:42.461] [SEVERE ] updating countdown to 36432
[16:15:42.483] [SEVERE ] updating countdown to 36410
[16:15:42.508] [SEVERE ] updating countdown to 36385
[16:15:42.533] [SEVERE ] updating countdown to 36360
[16:15:42.555] [SEVERE ] updating countdown to 36338
[16:15:42.580] [SEVERE ] updating countdown to 36313
[16:15:42.604] [SEVERE ] updating countdown to 36289
[16:15:42.629] [SEVERE ] updating countdown to 36264
[16:15:42.653] [SEVERE ] updating countdown to 36240
[16:15:42.663] [SEVERE ] key 81 was pressed by player 1
[16:15:42.664] [SEVERE ] player 1 placing token on slot 0
[16:15:42.675] [SEVERE ] updating countdown to 36218
[16:15:42.696] [SEVERE ] updating countdown to 36197
[16:15:42.717] [SEVERE ] updating countdown to 36176
[16:15:42.742] [SEVERE ] updating countdown to 36151
[16:15:42.765] [SEVERE ] updating countdown to 36128
[16:15:42.791] [SEVERE ] updating countdown to 36102
[16:15:42.814] [SEVERE ] updating countdown to 36079
[16:15:42.838] [SEVERE ] updating countdown to 36055
[16:15:42.864] [SEVERE ] updating countdown to 36029
[16:15:42.871] [SEVERE ] key 81 was pressed by player 1
[16:15:42.886] [SEVERE ] updating countdown to 36007
[16:15:42.909] [SEVERE ] updating countdown to 35984
[16:15:42.930] [SEVERE ] updating countdown to 35963
[16:15:42.956] [SEVERE ] updating countdown to 35937
[16:15:42.981] [SEVERE ] updating countdown to 35912
[16:15:43.002] [SEVERE ] updating countdown to 35891
[16:15:43.028] [SEVERE ] updating countdown to 35865
[16:15:43.054] [SEVERE ] updating countdown to 35839
[16:15:43.066] [SEVERE ] key 81 was pressed by player 1
[16:15:43.066] [SEVERE ] player 1 placing token on slot 0
[16:15:43.075] [SEVERE ] updating countdown to 35818
[16:15:43.098] [SEVERE ] updating countdown to 35795
[16:15:43.124] [SEVERE ] updating countdown to 35769
[16:15:43.150] [SEVERE ] updating countdown to 35743
[16:15:43.174] [SEVERE ] updating countdown to 35719
[16:15:43.197] [SEVERE ] updating countdown to 35696
[16:15:43.220] [SEVERE ] updating countdown to 35673
[16:15:43.245] [SEVERE ] updating countdown to 35648
[16:15:43.246] [SEVERE ] key 81 was pressed by player 1
[16:15:43.266] [SEVERE ] updating countdown to 35627
[16:15:43.291] [SEVERE ] updating countdown to 35602
[16:15:43.316] [SEVERE ] updating countdown to 35577
[16:15:43.341] [SEVERE ] updating countdown to 35552
[16:15:43.367] [SEVERE ] updating countdown to 35526
[16:15:43.393] [SEVERE ] updating countdown to 35500
[16:15:43.418] [SEVERE ] updating countdown to 35475
[16:15:43.444] [SEVERE ] updating countdown to 35449
[16:15:43.458] [SEVERE ] key 81 was pressed by player 1
[16:15:43.458] [SEVERE ] player 1 placing token on slot 0
[16:15:43.467] [SEVERE ] updating countdown to 35426
[16:15:43.488] [SEVERE ] updating countdown to 35405
[16:15:43.514] [SEVERE ] updating countdown to 35379
[16:15:43.537] [SEVERE ] updating countdown to 35356
[16:15:43.558] [SEVERE ] updating countdown to 35335
[16:15:43.581] [SEVERE ] updating countdown to 35312
[16:15:43.604] [SEVERE ] updating countdown to 35289
[16:15:43.625] [SEVERE ] updating countdown to 35268
[16:15:43.649] [SEVERE ] updating countdown to 35244
[16:15:43.665] [SEVERE ] key 81 was pressed by player 1
[16:15:43.670] [SEVERE ] updating countdown to 35223
[16:15:43.693] [SEVERE ] updating countdown to 35200
[16:15:43.713] [SEVERE ] updating countdown to 35180
[16:15:43.734] [SEVERE ] updating countdown to 35159
[16:15:43.755] [SEVERE ] updating countdown to 35138
[16:15:43.776] [SEVERE ] updating countdown to 35117
[16:15:43.797] [SEVERE ] updating countdown to 35096
[16:15:43.819] [SEVERE ] updating countdown to 35074
[16:15:43.841] [SEVERE ] updating countdown to 35052
[16:15:43.863] [SEVERE ] updating countdown to 35030
[16:15:43.885] [SEVERE ] updating countdown to 35008
[16:15:43.907] [SEVERE ] updating countdown to 34986
[16:15:43.922] [SEVERE ] key 81 was pressed by player 1
[16:15:43.922] [SEVERE ] player 1 placing token on slot 0
[16:15:43.929] [SEVERE ] updating countdown to 34964
[16:15:43.949] [SEVERE ] updating countdown to 34944
[16:15:43.971] [SEVERE ] updating countdown to 34922
[16:15:43.993] [SEVERE ] updating countdown to 34900
[16:15:44.013] [SEVERE ] updating countdown to 34880
[16:15:44.035] [SEVERE ] updating countdown to 34858
[16:15:44.057] [SEVERE ] updating countdown to 34836
[16:15:44.078] [SEVERE ] updating countdown to 34815
[16:15:44.100] [SEVERE ] updating countdown to 34793
[16:15:44.122] [SEVERE ] updating countdown to 34771
[16:15:44.143] [SEVERE ] updating countdown to 34750
[16:15:44.164] [SEVERE ] updating countdown to 34729
[16:15:44.185] [SEVERE ] updating countdown to 34708
[16:15:44.207] [SEVERE ] updating countdown to 34686
[16:15:44.228] [SEVERE ] updating countdown to 34665
[16:15:44.248] [SEVERE ] updating countdown to 34645
[16:15:44.270] [SEVERE ] updating countdown to 34623
[16:15:44.284] [SEVERE ] key 81 was pressed by player 1
[16:15:44.292] [SEVERE ] updating countdown to 34601
[16:15:44.313] [SEVERE ] updating countdown to 34580
[16:15:44.337] [SEVERE ] updating countdown to 34556
[16:15:44.358] [SEVERE ] updating countdown to 34535
[16:15:44.378] [SEVERE ] updating countdown to 34515
[16:15:44.404] [SEVERE ] updating countdown to 34489
[16:15:44.426] [SEVERE ] updating countdown to 34467
[16:15:44.447] [SEVERE ] updating countdown to 34446
[16:15:44.468] [SEVERE ] updating countdown to 34425
[16:15:44.489] [SEVERE ] updating countdown to 34404
[16:15:44.510] [SEVERE ] updating countdown to 34383
[16:15:44.532] [SEVERE ] updating countdown to 34361
[16:15:44.553] [SEVERE ] updating countdown to 34340
[16:15:44.573] [SEVERE ] updating countdown to 34320
[16:15:44.594] [SEVERE ] updating countdown to 34299
[16:15:44.616] [SEVERE ] updating countdown to 34277
[16:15:44.637] [SEVERE ] updating countdown to 34256
[16:15:44.658] [SEVERE ] updating countdown to 34235
[16:15:44.680] [SEVERE ] updating countdown to 34213
[16:15:44.701] [SEVERE ] updating countdown to 34192
[16:15:44.722] [SEVERE ] updating countdown to 34171
[16:15:44.744] [SEVERE ] updating countdown to 34149
[16:15:44.765] [SEVERE ] updating countdown to 34128
[16:15:44.786] [SEVERE ] updating countdown to 34107
[16:15:44.807] [SEVERE ] updating countdown to 34086
[16:15:44.828] [SEVERE ] updating countdown to 34065
[16:15:44.849] [SEVERE ] updating countdown to 34044
[16:15:44.871] [SEVERE ] updating countdown to 34022
[16:15:44.892] [SEVERE ] updating countdown to 34001
[16:15:44.918] [SEVERE ] updating countdown to 33975
[16:15:44.940] [SEVERE ] updating countdown to 33954
[16:15:44.962] [SEVERE ] updating countdown to 33931
[16:15:44.984] [SEVERE ] updating countdown to 33909
[16:15:45.006] [SEVERE ] updating countdown to 33887
[16:15:45.027] [SEVERE ] updating countdown to 33866
[16:15:45.049] [SEVERE ] updating countdown to 33844
[16:15:45.070] [SEVERE ] updating countdown to 33823
[16:15:45.091] [SEVERE ] updating countdown to 33802
[16:15:45.111] [SEVERE ] updating countdown to 33782
[16:15:45.132] [SEVERE ] updating countdown to 33761
[16:15:45.153] [SEVERE ] updating countdown to 33740
[16:15:45.174] [SEVERE ] updating countdown to 33719
[16:15:45.196] [SEVERE ] updating countdown to 33697
[16:15:45.221] [SEVERE ] updating countdown to 33672
[16:15:45.243] [SEVERE ] updating countdown to 33650
[16:15:45.265] [SEVERE ] updating countdown to 33628
[16:15:45.287] [SEVERE ] updating countdown to 33606
[16:15:45.309] [SEVERE ] updating countdown to 33584
[16:15:45.330] [SEVERE ] updating countdown to 33563
[16:15:45.351] [SEVERE ] updating countdown to 33542
[16:15:45.374] [SEVERE ] updating countdown to 33519
[16:15:45.396] [SEVERE ] updating countdown to 33497
[16:15:45.417] [SEVERE ] updating countdown to 33476
[16:15:45.442] [SEVERE ] updating countdown to 33451
[16:15:45.463] [SEVERE ] updating countdown to 33430
[16:15:45.485] [SEVERE ] updating countdown to 33408
[16:15:45.507] [SEVERE ] updating countdown to 33386
[16:15:45.529] [SEVERE ] updating countdown to 33364
[16:15:45.549] [SEVERE ] updating countdown to 33344
[16:15:45.570] [SEVERE ] updating countdown to 33323
[16:15:45.591] [SEVERE ] updating countdown to 33302
[16:15:45.613] [SEVERE ] updating countdown to 33280
[16:15:45.634] [SEVERE ] updating countdown to 33259
[16:15:45.655] [SEVERE ] updating countdown to 33238
[16:15:45.678] [SEVERE ] updating countdown to 33215
[16:15:45.702] [SEVERE ] updating countdown to 33191
[16:15:45.724] [SEVERE ] updating countdown to 33169
[16:15:45.748] [SEVERE ] updating countdown to 33145
[16:15:45.770] [SEVERE ] updating countdown to 33123
[16:15:45.790] [SEVERE ] updating countdown to 33103
[16:15:45.811] [SEVERE ] updating countdown to 33082
[16:15:45.832] [SEVERE ] updating countdown to 33061
[16:15:45.853] [SEVERE ] updating countdown to 33040
[16:15:45.874] [SEVERE ] updating countdown to 33019
[16:15:45.895] [SEVERE ] updating countdown to 32998
[16:15:45.917] [SEVERE ] updating countdown to 32976
[16:15:45.939] [SEVERE ] updating countdown to 32954
[16:15:45.959] [SEVERE ] updating countdown to 32934
[16:15:45.980] [SEVERE ] updating countdown to 32913
[16:15:46.005] [SEVERE ] updating countdown to 32888
[16:15:46.031] [SEVERE ] updating countdown to 32862
[16:15:46.051] [SEVERE ] updating countdown to 32842
[16:15:46.072] [SEVERE ] updating countdown to 32821
[16:15:46.093] [SEVERE ] updating countdown to 32800
[16:15:46.115] [SEVERE ] updating countdown to 32778
[16:15:46.135] [SEVERE ] updating countdown to 32758
[16:15:46.156] [SEVERE ] updating countdown to 32737
[16:15:46.177] [SEVERE ] updating countdown to 32716
[16:15:46.198] [SEVERE ] updating countdown to 32695
[16:15:46.219] [SEVERE ] updating countdown to 32674
[16:15:46.240] [SEVERE ] updating countdown to 32653
[16:15:46.262] [SEVERE ] updating countdown to 32631
[16:15:46.282] [SEVERE ] updating countdown to 32611
[16:15:46.303] [SEVERE ] updating countdown to 32590
[16:15:46.325] [SEVERE ] updating countdown to 32568
[16:15:46.345] [SEVERE ] updating countdown to 32548
[16:15:46.367] [SEVERE ] updating countdown to 32526
[16:15:46.387] [SEVERE ] updating countdown to 32506
[16:15:46.408] [SEVERE ] updating countdown to 32485
[16:15:46.429] [SEVERE ] updating countdown to 32464
[16:15:46.450] [SEVERE ] updating countdown to 32443
[16:15:46.471] [SEVERE ] updating countdown to 32422
[16:15:46.493] [SEVERE ] updating countdown to 32400
[16:15:46.513] [SEVERE ] updating countdown to 32380
[16:15:46.534] [SEVERE ] updating countdown to 32359
[16:15:46.555] [SEVERE ] updating countdown to 32338
[16:15:46.577] [SEVERE ] updating countdown to 32316
[16:15:46.598] [SEVERE ] updating countdown to 32295
[16:15:46.618] [SEVERE ] updating countdown to 32275
[16:15:46.639] [SEVERE ] updating countdown to 32254
[16:15:46.661] [SEVERE ] updating countdown to 32232
[16:15:46.682] [SEVERE ] updating countdown to 32211
[16:15:46.703] [SEVERE ] updating countdown to 32190
[16:15:46.725] [SEVERE ] updating countdown to 32168
[16:15:46.748] [SEVERE ] updating countdown to 32145
[16:15:46.772] [SEVERE ] updating countdown to 32121
[16:15:46.797] [SEVERE ] updating countdown to 32096
[16:15:46.820] [SEVERE ] updating countdown to 32073
[16:15:46.845] [SEVERE ] updating countdown to 32048
[16:15:46.867] [SEVERE ] updating countdown to 32026
[16:15:46.887] [SEVERE ] updating countdown to 32006
[16:15:46.909] [SEVERE ] updating countdown to 31984
[16:15:46.930] [SEVERE ] updating countdown to 31963
[16:15:46.946] [SEVERE ] exit button pressed
[16:15:46.946] [SEVERE ] disposing of user interface elements
[16:15:46.946] [INFO   ] thread playerID: 0 terminated.
[16:15:46.946] [INFO   ] thread playerID: 1 terminated.
[16:15:46.952] [SEVERE ] updating countdown to 31941
[16:15:46.953] [SEVERE ] updating countdown to 31940
[16:15:47.054] [SEVERE ] removing card from slot 0
[16:15:47.160] [SEVERE ] removing card from slot 1
[16:15:47.263] [SEVERE ] removing card from slot 2
[16:15:47.369] [SEVERE ] removing card from slot 3
[16:15:47.480] [SEVERE ] removing card from slot 4
[16:15:47.586] [SEVERE ] removing card from slot 5
[16:15:47.689] [SEVERE ] removing card from slot 6
[16:15:47.795] [SEVERE ] removing card from slot 7
[16:15:47.902] [SEVERE ] removing card from slot 8
[16:15:48.004] [SEVERE ] removing card from slot 9
[16:15:48.114] [SEVERE ] removing card from slot 10
[16:15:48.223] [SEVERE ] removing card from slot 11
[16:15:48.224] [SEVERE ] player 1 placing token on slot 0
[16:15:48.224] [SEVERE ] player 2 placing token on slot 1
[16:15:48.226] [INFO   ] thread dealer terminated.
[16:15:48.228] [INFO   ] thread dealer terminated.
[16:15:48.229] [SEVERE ] thanks for playing... it was fun!
[16:15:48.230] [INFO   ] thread main terminated.
