[16:43:47.344] [INFO   ] thread main starting.
[16:43:47.351] [SEVERE ] cannot read configuration file config.properties trying from resources.
[16:43:47.352] [SEVERE ] configuration file was loaded from resources directory.
[16:43:47.748] [INFO   ] thread dealer starting.
[16:43:47.749] [INFO   ] thread playerID: 0 starting.
[16:43:47.749] [INFO   ] thread dealer starting.
[16:43:47.749] [INFO   ] thread playerID: 1 starting.
[16:43:47.753] [SEVERE ] updating countdown to 60000
[16:43:47.855] [SEVERE ] placing card 69 in slot 1
[16:43:47.956] [SEVERE ] placing card 63 in slot 9
[16:43:48.062] [SEVERE ] placing card 37 in slot 10
[16:43:48.166] [SEVERE ] placing card 21 in slot 2
[16:43:48.268] [SEVERE ] placing card 10 in slot 6
[16:43:48.374] [SEVERE ] placing card 6 in slot 5
[16:43:48.476] [SEVERE ] placing card 0 in slot 4
[16:43:48.579] [SEVERE ] placing card 33 in slot 8
[16:43:48.683] [SEVERE ] placing card 51 in slot 0
[16:43:48.789] [SEVERE ] placing card 44 in slot 11
[16:43:48.890] [SEVERE ] placing card 25 in slot 7
[16:43:48.996] [SEVERE ] placing card 78 in slot 3
[16:43:49.017] [SEVERE ] updating countdown to 58737
[16:43:49.040] [SEVERE ] updating countdown to 58713
[16:43:49.063] [SEVERE ] updating countdown to 58690
[16:43:49.088] [SEVERE ] updating countdown to 58666
[16:43:49.111] [SEVERE ] updating countdown to 58642
[16:43:49.133] [SEVERE ] updating countdown to 58620
[16:43:49.156] [SEVERE ] updating countdown to 58597
[16:43:49.182] [SEVERE ] updating countdown to 58571
[16:43:49.208] [SEVERE ] updating countdown to 58545
[16:43:49.234] [SEVERE ] updating countdown to 58519
[16:43:49.259] [SEVERE ] updating countdown to 58494
[16:43:49.280] [SEVERE ] updating countdown to 58473
[16:43:49.302] [SEVERE ] updating countdown to 58452
[16:43:49.324] [SEVERE ] updating countdown to 58429
[16:43:49.346] [SEVERE ] updating countdown to 58407
[16:43:49.371] [SEVERE ] updating countdown to 58382
[16:43:49.391] [SEVERE ] updating countdown to 58362
[16:43:49.413] [SEVERE ] updating countdown to 58340
[16:43:49.433] [SEVERE ] updating countdown to 58320
[16:43:49.460] [SEVERE ] updating countdown to 58293
[16:43:49.487] [SEVERE ] updating countdown to 58266
[16:43:49.512] [SEVERE ] updating countdown to 58241
[16:43:49.533] [SEVERE ] updating countdown to 58221
[16:43:49.555] [SEVERE ] updating countdown to 58198
[16:43:49.578] [SEVERE ] updating countdown to 58175
[16:43:49.600] [SEVERE ] updating countdown to 58153
[16:43:49.625] [SEVERE ] updating countdown to 58128
[16:43:49.651] [SEVERE ] updating countdown to 58102
[16:43:49.674] [SEVERE ] updating countdown to 58079
[16:43:49.697] [SEVERE ] updating countdown to 58056
[16:43:49.720] [SEVERE ] updating countdown to 58033
[16:43:49.743] [SEVERE ] updating countdown to 58010
[16:43:49.765] [SEVERE ] updating countdown to 57988
[16:43:49.787] [SEVERE ] updating countdown to 57966
[16:43:49.808] [SEVERE ] updating countdown to 57945
[16:43:49.832] [SEVERE ] updating countdown to 57921
[16:43:49.856] [SEVERE ] updating countdown to 57897
[16:43:49.881] [SEVERE ] updating countdown to 57872
[16:43:49.905] [SEVERE ] updating countdown to 57848
[16:43:49.928] [SEVERE ] updating countdown to 57825
[16:43:49.949] [SEVERE ] updating countdown to 57804
[16:43:49.970] [SEVERE ] updating countdown to 57783
[16:43:49.992] [SEVERE ] updating countdown to 57761
[16:43:50.015] [SEVERE ] updating countdown to 57738
[16:43:50.040] [SEVERE ] updating countdown to 57713
[16:43:50.064] [SEVERE ] updating countdown to 57689
[16:43:50.085] [SEVERE ] updating countdown to 57668
[16:43:50.107] [SEVERE ] updating countdown to 57646
[16:43:50.129] [SEVERE ] updating countdown to 57624
[16:43:50.155] [SEVERE ] updating countdown to 57598
[16:43:50.177] [SEVERE ] updating countdown to 57576
[16:43:50.199] [SEVERE ] updating countdown to 57554
[16:43:50.222] [SEVERE ] updating countdown to 57531
[16:43:50.244] [SEVERE ] updating countdown to 57509
[16:43:50.270] [SEVERE ] updating countdown to 57483
[16:43:50.295] [SEVERE ] updating countdown to 57458
[16:43:50.320] [SEVERE ] updating countdown to 57433
[16:43:50.342] [SEVERE ] updating countdown to 57411
[16:43:50.366] [SEVERE ] updating countdown to 57387
[16:43:50.390] [SEVERE ] updating countdown to 57363
[16:43:50.415] [SEVERE ] updating countdown to 57339
[16:43:50.439] [SEVERE ] updating countdown to 57314
[16:43:50.461] [SEVERE ] updating countdown to 57292
[16:43:50.482] [SEVERE ] updating countdown to 57271
[16:43:50.503] [SEVERE ] updating countdown to 57251
[16:43:50.526] [SEVERE ] updating countdown to 57227
[16:43:50.548] [SEVERE ] updating countdown to 57205
[16:43:50.573] [SEVERE ] updating countdown to 57181
[16:43:50.596] [SEVERE ] updating countdown to 57157
[16:43:50.617] [SEVERE ] updating countdown to 57136
[16:43:50.639] [SEVERE ] updating countdown to 57114
[16:43:50.660] [SEVERE ] updating countdown to 57093
[16:43:50.683] [SEVERE ] updating countdown to 57070
[16:43:50.706] [SEVERE ] updating countdown to 57047
[16:43:50.727] [SEVERE ] updating countdown to 57026
[16:43:50.750] [SEVERE ] updating countdown to 57003
[16:43:50.771] [SEVERE ] updating countdown to 56982
[16:43:50.793] [SEVERE ] updating countdown to 56960
[16:43:50.817] [SEVERE ] updating countdown to 56936
[16:43:50.839] [SEVERE ] updating countdown to 56915
[16:43:50.868] [SEVERE ] updating countdown to 56885
[16:43:50.890] [SEVERE ] updating countdown to 56863
[16:43:50.911] [SEVERE ] updating countdown to 56842
[16:43:50.935] [SEVERE ] updating countdown to 56818
[16:43:50.959] [SEVERE ] updating countdown to 56794
[16:43:50.981] [SEVERE ] updating countdown to 56772
[16:43:51.002] [SEVERE ] updating countdown to 56751
[16:43:51.023] [SEVERE ] updating countdown to 56730
[16:43:51.044] [SEVERE ] updating countdown to 56709
[16:43:51.065] [SEVERE ] updating countdown to 56688
[16:43:51.087] [SEVERE ] updating countdown to 56666
[16:43:51.117] [SEVERE ] updating countdown to 56636
[16:43:51.154] [SEVERE ] updating countdown to 56599
[16:43:51.176] [SEVERE ] updating countdown to 56577
[16:43:51.200] [SEVERE ] updating countdown to 56553
[16:43:51.222] [SEVERE ] updating countdown to 56531
[16:43:51.245] [SEVERE ] updating countdown to 56508
[16:43:51.267] [SEVERE ] updating countdown to 56486
[16:43:51.288] [SEVERE ] updating countdown to 56465
[16:43:51.314] [SEVERE ] updating countdown to 56439
[16:43:51.336] [SEVERE ] updating countdown to 56417
[16:43:51.358] [SEVERE ] updating countdown to 56396
[16:43:51.379] [SEVERE ] updating countdown to 56374
[16:43:51.400] [SEVERE ] updating countdown to 56353
[16:43:51.425] [SEVERE ] updating countdown to 56328
[16:43:51.447] [SEVERE ] updating countdown to 56306
[16:43:51.469] [SEVERE ] updating countdown to 56285
[16:43:51.492] [SEVERE ] updating countdown to 56261
[16:43:51.514] [SEVERE ] updating countdown to 56239
[16:43:51.536] [SEVERE ] updating countdown to 56217
[16:43:51.557] [SEVERE ] updating countdown to 56196
[16:43:51.578] [SEVERE ] updating countdown to 56175
[16:43:51.599] [SEVERE ] updating countdown to 56154
[16:43:51.621] [SEVERE ] updating countdown to 56132
[16:43:51.643] [SEVERE ] updating countdown to 56110
[16:43:51.664] [SEVERE ] updating countdown to 56089
[16:43:51.687] [SEVERE ] updating countdown to 56066
[16:43:51.708] [SEVERE ] updating countdown to 56045
[16:43:51.731] [SEVERE ] updating countdown to 56022
[16:43:51.752] [SEVERE ] updating countdown to 56002
[16:43:51.774] [SEVERE ] updating countdown to 55979
[16:43:51.796] [SEVERE ] updating countdown to 55957
[16:43:51.817] [SEVERE ] updating countdown to 55936
[16:43:51.841] [SEVERE ] updating countdown to 55912
[16:43:51.862] [SEVERE ] updating countdown to 55892
[16:43:51.885] [SEVERE ] updating countdown to 55869
[16:43:51.912] [SEVERE ] updating countdown to 55842
[16:43:51.933] [SEVERE ] updating countdown to 55820
[16:43:51.960] [SEVERE ] updating countdown to 55793
[16:43:51.982] [SEVERE ] updating countdown to 55771
[16:43:52.003] [SEVERE ] updating countdown to 55750
[16:43:52.025] [SEVERE ] updating countdown to 55728
[16:43:52.046] [SEVERE ] updating countdown to 55708
[16:43:52.067] [SEVERE ] updating countdown to 55686
[16:43:52.088] [SEVERE ] updating countdown to 55665
[16:43:52.108] [SEVERE ] updating countdown to 55645
[16:43:52.130] [SEVERE ] updating countdown to 55623
[16:43:52.151] [SEVERE ] updating countdown to 55602
[16:43:52.172] [SEVERE ] updating countdown to 55581
[16:43:52.193] [SEVERE ] updating countdown to 55561
[16:43:52.214] [SEVERE ] updating countdown to 55539
[16:43:52.234] [SEVERE ] updating countdown to 55519
[16:43:52.256] [SEVERE ] updating countdown to 55497
[16:43:52.276] [SEVERE ] updating countdown to 55477
[16:43:52.298] [SEVERE ] updating countdown to 55455
[16:43:52.318] [SEVERE ] updating countdown to 55435
[16:43:52.339] [SEVERE ] updating countdown to 55414
[16:43:52.360] [SEVERE ] updating countdown to 55393
[16:43:52.382] [SEVERE ] updating countdown to 55371
[16:43:52.404] [SEVERE ] updating countdown to 55349
[16:43:52.425] [SEVERE ] updating countdown to 55328
[16:43:52.447] [SEVERE ] updating countdown to 55306
[16:43:52.468] [SEVERE ] updating countdown to 55285
[16:43:52.490] [SEVERE ] updating countdown to 55263
[16:43:52.511] [SEVERE ] updating countdown to 55243
[16:43:52.532] [SEVERE ] updating countdown to 55221
[16:43:52.553] [SEVERE ] updating countdown to 55200
[16:43:52.558] [SEVERE ] key 81 was pressed by player 1
[16:43:52.560] [SEVERE ] player 1 placing token on slot 0
[16:43:52.574] [SEVERE ] updating countdown to 55180
[16:43:52.596] [SEVERE ] updating countdown to 55157
[16:43:52.617] [SEVERE ] updating countdown to 55136
[16:43:52.638] [SEVERE ] updating countdown to 55115
[16:43:52.660] [SEVERE ] updating countdown to 55094
[16:43:52.681] [SEVERE ] updating countdown to 55072
[16:43:52.707] [SEVERE ] updating countdown to 55046
[16:43:52.729] [SEVERE ] updating countdown to 55024
[16:43:52.753] [SEVERE ] updating countdown to 55000
[16:43:52.778] [SEVERE ] updating countdown to 54975
[16:43:52.801] [SEVERE ] updating countdown to 54952
[16:43:52.822] [SEVERE ] updating countdown to 54931
[16:43:52.848] [SEVERE ] updating countdown to 54905
[16:43:52.873] [SEVERE ] updating countdown to 54880
[16:43:52.897] [SEVERE ] updating countdown to 54856
[16:43:52.919] [SEVERE ] updating countdown to 54834
[16:43:52.943] [SEVERE ] updating countdown to 54810
[16:43:52.968] [SEVERE ] updating countdown to 54785
[16:43:52.991] [SEVERE ] updating countdown to 54762
[16:43:53.014] [SEVERE ] updating countdown to 54739
[16:43:53.036] [SEVERE ] updating countdown to 54717
[16:43:53.057] [SEVERE ] updating countdown to 54696
[16:43:53.080] [SEVERE ] updating countdown to 54673
[16:43:53.105] [SEVERE ] updating countdown to 54648
[16:43:53.113] [SEVERE ] key 81 was pressed by player 1
[16:43:53.114] [SEVERE ] removing player 1 token from slot 0
[16:43:53.128] [SEVERE ] updating countdown to 54625
[16:43:53.151] [SEVERE ] updating countdown to 54602
[16:43:53.173] [SEVERE ] updating countdown to 54580
[16:43:53.196] [SEVERE ] updating countdown to 54557
[16:43:53.217] [SEVERE ] updating countdown to 54536
[16:43:53.238] [SEVERE ] updating countdown to 54515
[16:43:53.260] [SEVERE ] updating countdown to 54493
[16:43:53.283] [SEVERE ] updating countdown to 54470
[16:43:53.307] [SEVERE ] updating countdown to 54446
[16:43:53.331] [SEVERE ] updating countdown to 54422
[16:43:53.353] [SEVERE ] updating countdown to 54400
[16:43:53.374] [SEVERE ] updating countdown to 54380
[16:43:53.395] [SEVERE ] updating countdown to 54359
[16:43:53.417] [SEVERE ] updating countdown to 54336
[16:43:53.439] [SEVERE ] updating countdown to 54314
[16:43:53.461] [SEVERE ] updating countdown to 54292
[16:43:53.483] [SEVERE ] updating countdown to 54270
[16:43:53.504] [SEVERE ] updating countdown to 54249
[16:43:53.526] [SEVERE ] updating countdown to 54227
[16:43:53.547] [SEVERE ] updating countdown to 54206
[16:43:53.568] [SEVERE ] updating countdown to 54185
[16:43:53.590] [SEVERE ] updating countdown to 54163
[16:43:53.612] [SEVERE ] updating countdown to 54141
[16:43:53.633] [SEVERE ] updating countdown to 54120
[16:43:53.655] [SEVERE ] updating countdown to 54098
[16:43:53.677] [SEVERE ] updating countdown to 54076
[16:43:53.698] [SEVERE ] updating countdown to 54055
[16:43:53.720] [SEVERE ] updating countdown to 54033
[16:43:53.742] [SEVERE ] updating countdown to 54011
[16:43:53.764] [SEVERE ] updating countdown to 53990
[16:43:53.784] [SEVERE ] updating countdown to 53969
[16:43:53.806] [SEVERE ] updating countdown to 53947
[16:43:53.827] [SEVERE ] updating countdown to 53926
[16:43:53.849] [SEVERE ] updating countdown to 53904
[16:43:53.870] [SEVERE ] updating countdown to 53883
[16:43:53.892] [SEVERE ] updating countdown to 53861
[16:43:53.913] [SEVERE ] updating countdown to 53840
[16:43:53.935] [SEVERE ] updating countdown to 53818
[16:43:53.956] [SEVERE ] updating countdown to 53797
[16:43:53.977] [SEVERE ] updating countdown to 53776
[16:43:54.002] [SEVERE ] updating countdown to 53751
[16:43:54.027] [SEVERE ] updating countdown to 53726
[16:43:54.053] [SEVERE ] updating countdown to 53700
[16:43:54.077] [SEVERE ] updating countdown to 53676
[16:43:54.099] [SEVERE ] updating countdown to 53654
[16:43:54.122] [SEVERE ] updating countdown to 53631
[16:43:54.148] [SEVERE ] updating countdown to 53605
[16:43:54.172] [SEVERE ] updating countdown to 53581
[16:43:54.197] [SEVERE ] updating countdown to 53556
[16:43:54.221] [SEVERE ] updating countdown to 53532
[16:43:54.243] [SEVERE ] updating countdown to 53510
[16:43:54.265] [SEVERE ] updating countdown to 53488
[16:43:54.287] [SEVERE ] updating countdown to 53466
[16:43:54.311] [SEVERE ] updating countdown to 53442
[16:43:54.335] [SEVERE ] updating countdown to 53418
[16:43:54.356] [SEVERE ] updating countdown to 53397
[16:43:54.380] [SEVERE ] updating countdown to 53373
[16:43:54.403] [SEVERE ] updating countdown to 53350
[16:43:54.426] [SEVERE ] updating countdown to 53327
[16:43:54.451] [SEVERE ] updating countdown to 53302
[16:43:54.461] [SEVERE ] key 87 was pressed by player 1
[16:43:54.462] [SEVERE ] player 1 placing token on slot 1
[16:43:54.473] [SEVERE ] updating countdown to 53280
[16:43:54.495] [SEVERE ] updating countdown to 53258
[16:43:54.520] [SEVERE ] updating countdown to 53233
[16:43:54.542] [SEVERE ] updating countdown to 53211
[16:43:54.565] [SEVERE ] updating countdown to 53188
[16:43:54.589] [SEVERE ] updating countdown to 53164
[16:43:54.615] [SEVERE ] updating countdown to 53138
[16:43:54.638] [SEVERE ] updating countdown to 53115
[16:43:54.660] [SEVERE ] updating countdown to 53093
[16:43:54.683] [SEVERE ] updating countdown to 53070
[16:43:54.705] [SEVERE ] updating countdown to 53048
[16:43:54.731] [SEVERE ] updating countdown to 53022
[16:43:54.758] [SEVERE ] updating countdown to 52996
[16:43:54.782] [SEVERE ] updating countdown to 52971
[16:43:54.805] [SEVERE ] updating countdown to 52948
[16:43:54.831] [SEVERE ] updating countdown to 52922
[16:43:54.853] [SEVERE ] updating countdown to 52900
[16:43:54.855] [SEVERE ] key 87 was pressed by player 1
[16:43:54.855] [SEVERE ] removing player 1 token from slot 1
[16:43:54.876] [SEVERE ] updating countdown to 52877
[16:43:54.897] [SEVERE ] updating countdown to 52856
[16:43:54.919] [SEVERE ] updating countdown to 52834
[16:43:54.940] [SEVERE ] updating countdown to 52813
[16:43:54.961] [SEVERE ] updating countdown to 52792
[16:43:54.982] [SEVERE ] updating countdown to 52771
[16:43:55.003] [SEVERE ] updating countdown to 52750
[16:43:55.028] [SEVERE ] updating countdown to 52725
[16:43:55.054] [SEVERE ] updating countdown to 52699
[16:43:55.079] [SEVERE ] updating countdown to 52674
[16:43:55.101] [SEVERE ] updating countdown to 52652
[16:43:55.126] [SEVERE ] updating countdown to 52627
[16:43:55.151] [SEVERE ] updating countdown to 52602
[16:43:55.172] [SEVERE ] updating countdown to 52581
[16:43:55.195] [SEVERE ] updating countdown to 52558
[16:43:55.219] [SEVERE ] updating countdown to 52534
[16:43:55.240] [SEVERE ] updating countdown to 52513
[16:43:55.262] [SEVERE ] updating countdown to 52491
[16:43:55.288] [SEVERE ] updating countdown to 52465
[16:43:55.303] [SEVERE ] key 69 was pressed by player 1
[16:43:55.304] [SEVERE ] player 1 placing token on slot 2
[16:43:55.311] [SEVERE ] updating countdown to 52442
[16:43:55.332] [SEVERE ] updating countdown to 52421
[16:43:55.354] [SEVERE ] updating countdown to 52399
[16:43:55.375] [SEVERE ] updating countdown to 52378
[16:43:55.397] [SEVERE ] updating countdown to 52356
[16:43:55.420] [SEVERE ] updating countdown to 52333
[16:43:55.442] [SEVERE ] updating countdown to 52311
[16:43:55.466] [SEVERE ] updating countdown to 52287
[16:43:55.492] [SEVERE ] updating countdown to 52261
[16:43:55.515] [SEVERE ] updating countdown to 52238
[16:43:55.540] [SEVERE ] updating countdown to 52213
[16:43:55.561] [SEVERE ] updating countdown to 52192
[16:43:55.581] [SEVERE ] updating countdown to 52172
[16:43:55.603] [SEVERE ] updating countdown to 52150
[16:43:55.624] [SEVERE ] updating countdown to 52129
[16:43:55.644] [SEVERE ] updating countdown to 52109
[16:43:55.662] [SEVERE ] key 69 was pressed by player 1
[16:43:55.662] [SEVERE ] removing player 1 token from slot 2
[16:43:55.666] [SEVERE ] updating countdown to 52087
[16:43:55.687] [SEVERE ] updating countdown to 52066
[16:43:55.708] [SEVERE ] updating countdown to 52046
[16:43:55.729] [SEVERE ] updating countdown to 52024
[16:43:55.750] [SEVERE ] updating countdown to 52003
[16:43:55.770] [SEVERE ] updating countdown to 51983
[16:43:55.791] [SEVERE ] updating countdown to 51962
[16:43:55.813] [SEVERE ] updating countdown to 51940
[16:43:55.835] [SEVERE ] updating countdown to 51918
[16:43:55.856] [SEVERE ] updating countdown to 51897
[16:43:55.876] [SEVERE ] updating countdown to 51877
[16:43:55.898] [SEVERE ] updating countdown to 51855
[16:43:55.920] [SEVERE ] updating countdown to 51833
[16:43:55.941] [SEVERE ] updating countdown to 51812
[16:43:55.962] [SEVERE ] updating countdown to 51791
[16:43:55.984] [SEVERE ] updating countdown to 51769
[16:43:56.004] [SEVERE ] updating countdown to 51749
[16:43:56.029] [SEVERE ] updating countdown to 51724
[16:43:56.051] [SEVERE ] updating countdown to 51703
[16:43:56.072] [SEVERE ] updating countdown to 51681
[16:43:56.094] [SEVERE ] updating countdown to 51659
[16:43:56.115] [SEVERE ] updating countdown to 51638
[16:43:56.136] [SEVERE ] updating countdown to 51617
[16:43:56.157] [SEVERE ] updating countdown to 51596
[16:43:56.179] [SEVERE ] updating countdown to 51574
[16:43:56.201] [SEVERE ] key 82 was pressed by player 1
[16:43:56.201] [SEVERE ] updating countdown to 51552
[16:43:56.201] [SEVERE ] player 1 placing token on slot 3
[16:43:56.223] [SEVERE ] updating countdown to 51530
[16:43:56.244] [SEVERE ] updating countdown to 51509
[16:43:56.265] [SEVERE ] updating countdown to 51489
[16:43:56.286] [SEVERE ] updating countdown to 51467
[16:43:56.307] [SEVERE ] updating countdown to 51446
[16:43:56.329] [SEVERE ] updating countdown to 51424
[16:43:56.350] [SEVERE ] updating countdown to 51403
[16:43:56.372] [SEVERE ] updating countdown to 51381
[16:43:56.393] [SEVERE ] updating countdown to 51361
[16:43:56.414] [SEVERE ] updating countdown to 51339
[16:43:56.435] [SEVERE ] updating countdown to 51318
[16:43:56.455] [SEVERE ] updating countdown to 51298
[16:43:56.477] [SEVERE ] updating countdown to 51276
[16:43:56.498] [SEVERE ] updating countdown to 51255
[16:43:56.519] [SEVERE ] updating countdown to 51235
[16:43:56.540] [SEVERE ] updating countdown to 51213
[16:43:56.560] [SEVERE ] updating countdown to 51193
[16:43:56.582] [SEVERE ] updating countdown to 51171
[16:43:56.593] [SEVERE ] key 82 was pressed by player 1
[16:43:56.594] [SEVERE ] removing player 1 token from slot 3
[16:43:56.602] [SEVERE ] updating countdown to 51151
[16:43:56.623] [SEVERE ] updating countdown to 51130
[16:43:56.644] [SEVERE ] updating countdown to 51109
[16:43:56.666] [SEVERE ] updating countdown to 51087
[16:43:56.688] [SEVERE ] updating countdown to 51065
[16:43:56.709] [SEVERE ] updating countdown to 51044
[16:43:56.731] [SEVERE ] updating countdown to 51022
[16:43:56.755] [SEVERE ] updating countdown to 50998
[16:43:56.778] [SEVERE ] updating countdown to 50975
[16:43:56.800] [SEVERE ] updating countdown to 50953
[16:43:56.822] [SEVERE ] updating countdown to 50931
[16:43:56.843] [SEVERE ] updating countdown to 50910
[16:43:56.867] [SEVERE ] updating countdown to 50886
[16:43:56.889] [SEVERE ] updating countdown to 50865
[16:43:56.909] [SEVERE ] updating countdown to 50844
[16:43:56.931] [SEVERE ] updating countdown to 50822
[16:43:56.953] [SEVERE ] updating countdown to 50800
[16:43:56.978] [SEVERE ] updating countdown to 50775
[16:43:56.999] [SEVERE ] updating countdown to 50754
[16:43:57.020] [SEVERE ] updating countdown to 50733
[16:43:57.041] [SEVERE ] updating countdown to 50712
[16:43:57.062] [SEVERE ] updating countdown to 50691
[16:43:57.083] [SEVERE ] updating countdown to 50670
[16:43:57.104] [SEVERE ] updating countdown to 50649
[16:43:57.125] [SEVERE ] updating countdown to 50628
[16:43:57.146] [SEVERE ] updating countdown to 50607
[16:43:57.167] [SEVERE ] updating countdown to 50586
[16:43:57.188] [SEVERE ] updating countdown to 50565
[16:43:57.209] [SEVERE ] updating countdown to 50544
[16:43:57.230] [SEVERE ] updating countdown to 50523
[16:43:57.251] [SEVERE ] updating countdown to 50502
[16:43:57.272] [SEVERE ] updating countdown to 50481
[16:43:57.293] [SEVERE ] updating countdown to 50460
[16:43:57.315] [SEVERE ] updating countdown to 50438
[16:43:57.336] [SEVERE ] updating countdown to 50417
[16:43:57.357] [SEVERE ] updating countdown to 50396
[16:43:57.378] [SEVERE ] updating countdown to 50375
[16:43:57.399] [SEVERE ] updating countdown to 50354
[16:43:57.420] [SEVERE ] updating countdown to 50333
[16:43:57.441] [SEVERE ] updating countdown to 50312
[16:43:57.462] [SEVERE ] updating countdown to 50291
[16:43:57.483] [SEVERE ] updating countdown to 50270
[16:43:57.504] [SEVERE ] updating countdown to 50249
[16:43:57.525] [SEVERE ] updating countdown to 50228
[16:43:57.546] [SEVERE ] updating countdown to 50207
[16:43:57.567] [SEVERE ] updating countdown to 50186
[16:43:57.588] [SEVERE ] updating countdown to 50165
[16:43:57.609] [SEVERE ] updating countdown to 50144
[16:43:57.630] [SEVERE ] updating countdown to 50123
[16:43:57.651] [SEVERE ] updating countdown to 50102
[16:43:57.672] [SEVERE ] updating countdown to 50081
[16:43:57.693] [SEVERE ] updating countdown to 50060
[16:43:57.719] [SEVERE ] updating countdown to 50034
[16:43:57.740] [SEVERE ] updating countdown to 50013
[16:43:57.762] [SEVERE ] updating countdown to 49991
[16:43:57.784] [SEVERE ] updating countdown to 49969
[16:43:57.810] [SEVERE ] updating countdown to 49943
[16:43:57.831] [SEVERE ] updating countdown to 49922
[16:43:57.852] [SEVERE ] updating countdown to 49901
[16:43:57.873] [SEVERE ] updating countdown to 49880
[16:43:57.894] [SEVERE ] updating countdown to 49859
[16:43:57.915] [SEVERE ] updating countdown to 49838
[16:43:57.936] [SEVERE ] updating countdown to 49817
[16:43:57.957] [SEVERE ] updating countdown to 49796
[16:43:57.978] [SEVERE ] updating countdown to 49775
[16:43:57.999] [SEVERE ] updating countdown to 49754
[16:43:58.020] [SEVERE ] updating countdown to 49733
[16:43:58.041] [SEVERE ] updating countdown to 49712
[16:43:58.062] [SEVERE ] updating countdown to 49691
[16:43:58.083] [SEVERE ] updating countdown to 49670
[16:43:58.104] [SEVERE ] updating countdown to 49649
[16:43:58.125] [SEVERE ] updating countdown to 49628
[16:43:58.147] [SEVERE ] updating countdown to 49606
[16:43:58.168] [SEVERE ] updating countdown to 49585
[16:43:58.189] [SEVERE ] updating countdown to 49564
[16:43:58.210] [SEVERE ] updating countdown to 49543
[16:43:58.231] [SEVERE ] updating countdown to 49522
[16:43:58.252] [SEVERE ] updating countdown to 49501
[16:43:58.273] [SEVERE ] updating countdown to 49480
[16:43:58.298] [SEVERE ] updating countdown to 49455
[16:43:58.319] [SEVERE ] updating countdown to 49434
[16:43:58.340] [SEVERE ] updating countdown to 49413
[16:43:58.366] [SEVERE ] updating countdown to 49387
[16:43:58.387] [SEVERE ] updating countdown to 49366
[16:43:58.408] [SEVERE ] updating countdown to 49345
[16:43:58.432] [SEVERE ] updating countdown to 49321
[16:43:58.454] [SEVERE ] updating countdown to 49299
[16:43:58.478] [SEVERE ] updating countdown to 49275
[16:43:58.505] [SEVERE ] updating countdown to 49248
[16:43:58.528] [SEVERE ] updating countdown to 49225
[16:43:58.549] [SEVERE ] updating countdown to 49204
[16:43:58.575] [SEVERE ] updating countdown to 49178
[16:43:58.597] [SEVERE ] updating countdown to 49156
[16:43:58.618] [SEVERE ] updating countdown to 49135
[16:43:58.639] [SEVERE ] updating countdown to 49114
[16:43:58.660] [SEVERE ] updating countdown to 49093
[16:43:58.682] [SEVERE ] updating countdown to 49071
[16:43:58.694] [SEVERE ] key 68 was pressed by player 1
[16:43:58.695] [SEVERE ] player 1 placing token on slot 6
[16:43:58.703] [SEVERE ] updating countdown to 49050
[16:43:58.725] [SEVERE ] updating countdown to 49028
[16:43:58.746] [SEVERE ] updating countdown to 49007
[16:43:58.767] [SEVERE ] updating countdown to 48986
[16:43:58.788] [SEVERE ] updating countdown to 48965
[16:43:58.809] [SEVERE ] updating countdown to 48944
[16:43:58.831] [SEVERE ] updating countdown to 48922
[16:43:58.852] [SEVERE ] updating countdown to 48901
[16:43:58.873] [SEVERE ] updating countdown to 48880
[16:43:58.894] [SEVERE ] updating countdown to 48859
[16:43:58.915] [SEVERE ] updating countdown to 48838
[16:43:58.936] [SEVERE ] updating countdown to 48817
[16:43:58.957] [SEVERE ] updating countdown to 48796
[16:43:58.978] [SEVERE ] updating countdown to 48775
[16:43:58.999] [SEVERE ] updating countdown to 48754
[16:43:59.021] [SEVERE ] updating countdown to 48732
[16:43:59.042] [SEVERE ] updating countdown to 48711
[16:43:59.063] [SEVERE ] updating countdown to 48690
[16:43:59.084] [SEVERE ] updating countdown to 48669
[16:43:59.096] [SEVERE ] key 68 was pressed by player 1
[16:43:59.096] [SEVERE ] removing player 1 token from slot 6
[16:43:59.105] [SEVERE ] updating countdown to 48648
[16:43:59.126] [SEVERE ] updating countdown to 48627
[16:43:59.147] [SEVERE ] updating countdown to 48606
[16:43:59.169] [SEVERE ] updating countdown to 48584
[16:43:59.190] [SEVERE ] updating countdown to 48563
[16:43:59.211] [SEVERE ] updating countdown to 48542
[16:43:59.234] [SEVERE ] updating countdown to 48519
[16:43:59.259] [SEVERE ] updating countdown to 48494
[16:43:59.279] [SEVERE ] key 70 was pressed by player 1
[16:43:59.279] [SEVERE ] player 1 placing token on slot 7
[16:43:59.281] [SEVERE ] updating countdown to 48472
[16:43:59.302] [SEVERE ] updating countdown to 48451
[16:43:59.324] [SEVERE ] updating countdown to 48429
[16:43:59.346] [SEVERE ] updating countdown to 48407
[16:43:59.369] [SEVERE ] updating countdown to 48384
[16:43:59.391] [SEVERE ] updating countdown to 48362
[16:43:59.412] [SEVERE ] updating countdown to 48341
[16:43:59.434] [SEVERE ] updating countdown to 48319
[16:43:59.457] [SEVERE ] updating countdown to 48296
[16:43:59.470] [SEVERE ] key 83 was pressed by player 1
[16:43:59.470] [SEVERE ] player 1 placing token on slot 5
[16:43:59.478] [SEVERE ] updating countdown to 48275
[16:43:59.498] [SEVERE ] updating countdown to 48255
[16:43:59.522] [SEVERE ] updating countdown to 48231
[16:43:59.543] [SEVERE ] updating countdown to 48210
[16:43:59.558] [SEVERE ] key 68 was pressed by player 1
[16:43:59.559] [SEVERE ] player 1 placing token on slot 6
[16:43:59.561] [SEVERE ] setting player 1 freeze to 3000
[16:43:59.565] [SEVERE ] updating countdown to 48188
[16:43:59.587] [SEVERE ] updating countdown to 48166
[16:43:59.605] [SEVERE ] key 70 was pressed by player 1
[16:43:59.608] [SEVERE ] updating countdown to 48145
[16:43:59.631] [SEVERE ] updating countdown to 48122
[16:43:59.653] [SEVERE ] updating countdown to 48100
[16:43:59.679] [SEVERE ] updating countdown to 48074
[16:43:59.701] [SEVERE ] updating countdown to 48052
[16:43:59.722] [SEVERE ] updating countdown to 48031
[16:43:59.744] [SEVERE ] updating countdown to 48009
[16:43:59.764] [SEVERE ] updating countdown to 47989
[16:43:59.788] [SEVERE ] updating countdown to 47965
[16:43:59.812] [SEVERE ] updating countdown to 47941
[16:43:59.836] [SEVERE ] updating countdown to 47917
[16:43:59.847] [SEVERE ] key 65 was pressed by player 1
[16:43:59.858] [SEVERE ] updating countdown to 47895
[16:43:59.880] [SEVERE ] updating countdown to 47873
[16:43:59.903] [SEVERE ] updating countdown to 47850
[16:43:59.922] [SEVERE ] key 83 was pressed by player 1
[16:43:59.924] [SEVERE ] updating countdown to 47829
[16:43:59.945] [SEVERE ] updating countdown to 47808
[16:43:59.966] [SEVERE ] updating countdown to 47787
[16:43:59.988] [SEVERE ] updating countdown to 47765
[16:44:00.009] [SEVERE ] updating countdown to 47744
[16:44:00.036] [SEVERE ] updating countdown to 47717
[16:44:00.043] [SEVERE ] key 68 was pressed by player 1
[16:44:00.057] [SEVERE ] updating countdown to 47696
[16:44:00.080] [SEVERE ] updating countdown to 47673
[16:44:00.102] [SEVERE ] updating countdown to 47651
[16:44:00.127] [SEVERE ] updating countdown to 47626
[16:44:00.150] [SEVERE ] updating countdown to 47603
[16:44:00.173] [SEVERE ] updating countdown to 47580
[16:44:00.194] [SEVERE ] updating countdown to 47559
[16:44:00.215] [SEVERE ] updating countdown to 47538
[16:44:00.240] [SEVERE ] updating countdown to 47513
[16:44:00.261] [SEVERE ] updating countdown to 47492
[16:44:00.284] [SEVERE ] updating countdown to 47469
[16:44:00.311] [SEVERE ] updating countdown to 47442
[16:44:00.333] [SEVERE ] updating countdown to 47420
[16:44:00.359] [SEVERE ] updating countdown to 47394
[16:44:00.379] [SEVERE ] updating countdown to 47374
[16:44:00.389] [SEVERE ] key 68 was pressed by player 1
[16:44:00.402] [SEVERE ] updating countdown to 47351
[16:44:00.428] [SEVERE ] updating countdown to 47325
[16:44:00.454] [SEVERE ] updating countdown to 47299
[16:44:00.475] [SEVERE ] updating countdown to 47278
[16:44:00.497] [SEVERE ] updating countdown to 47256
[16:44:00.499] [SEVERE ] key 65 was pressed by player 1
[16:44:00.519] [SEVERE ] updating countdown to 47234
[16:44:00.539] [SEVERE ] updating countdown to 47214
[16:44:00.560] [SEVERE ] updating countdown to 47193
[16:44:00.581] [SEVERE ] updating countdown to 47172
[16:44:00.602] [SEVERE ] updating countdown to 47151
[16:44:00.623] [SEVERE ] updating countdown to 47130
[16:44:00.644] [SEVERE ] updating countdown to 47109
[16:44:00.665] [SEVERE ] updating countdown to 47088
[16:44:00.686] [SEVERE ] updating countdown to 47067
[16:44:00.707] [SEVERE ] updating countdown to 47046
[16:44:00.730] [SEVERE ] updating countdown to 47023
[16:44:00.756] [SEVERE ] updating countdown to 46997
[16:44:00.779] [SEVERE ] updating countdown to 46974
[16:44:00.800] [SEVERE ] updating countdown to 46953
[16:44:00.822] [SEVERE ] updating countdown to 46931
[16:44:00.822] [SEVERE ] key 65 was pressed by player 1
[16:44:00.843] [SEVERE ] updating countdown to 46910
[16:44:00.869] [SEVERE ] updating countdown to 46884
[16:44:00.892] [SEVERE ] updating countdown to 46861
[16:44:00.914] [SEVERE ] updating countdown to 46839
[16:44:00.935] [SEVERE ] updating countdown to 46818
[16:44:00.956] [SEVERE ] updating countdown to 46797
[16:44:00.978] [SEVERE ] updating countdown to 46775
[16:44:01.001] [SEVERE ] updating countdown to 46752
[16:44:01.024] [SEVERE ] updating countdown to 46729
[16:44:01.048] [SEVERE ] updating countdown to 46705
[16:44:01.074] [SEVERE ] updating countdown to 46679
[16:44:01.095] [SEVERE ] updating countdown to 46658
[16:44:01.116] [SEVERE ] updating countdown to 46637
[16:44:01.141] [SEVERE ] updating countdown to 46612
[16:44:01.163] [SEVERE ] updating countdown to 46590
[16:44:01.189] [SEVERE ] updating countdown to 46564
[16:44:01.209] [SEVERE ] updating countdown to 46544
[16:44:01.231] [SEVERE ] updating countdown to 46522
[16:44:01.257] [SEVERE ] updating countdown to 46496
[16:44:01.281] [SEVERE ] updating countdown to 46472
[16:44:01.303] [SEVERE ] updating countdown to 46450
[16:44:01.326] [SEVERE ] updating countdown to 46427
[16:44:01.349] [SEVERE ] updating countdown to 46404
[16:44:01.370] [SEVERE ] updating countdown to 46383
[16:44:01.394] [SEVERE ] updating countdown to 46359
[16:44:01.417] [SEVERE ] updating countdown to 46336
[16:44:01.441] [SEVERE ] updating countdown to 46312
[16:44:01.467] [SEVERE ] updating countdown to 46286
[16:44:01.489] [SEVERE ] updating countdown to 46264
[16:44:01.510] [SEVERE ] updating countdown to 46243
[16:44:01.532] [SEVERE ] updating countdown to 46221
[16:44:01.556] [SEVERE ] updating countdown to 46197
[16:44:01.579] [SEVERE ] updating countdown to 46174
[16:44:01.600] [SEVERE ] updating countdown to 46153
[16:44:01.623] [SEVERE ] updating countdown to 46130
[16:44:01.644] [SEVERE ] updating countdown to 46109
[16:44:01.667] [SEVERE ] updating countdown to 46086
[16:44:01.688] [SEVERE ] updating countdown to 46065
[16:44:01.710] [SEVERE ] updating countdown to 46043
[16:44:01.735] [SEVERE ] updating countdown to 46018
[16:44:01.761] [SEVERE ] updating countdown to 45992
[16:44:01.787] [SEVERE ] updating countdown to 45966
[16:44:01.812] [SEVERE ] updating countdown to 45941
[16:44:01.838] [SEVERE ] updating countdown to 45915
[16:44:01.864] [SEVERE ] updating countdown to 45889
[16:44:01.890] [SEVERE ] updating countdown to 45863
[16:44:01.916] [SEVERE ] updating countdown to 45837
[16:44:01.937] [SEVERE ] updating countdown to 45816
[16:44:01.959] [SEVERE ] updating countdown to 45794
[16:44:01.985] [SEVERE ] updating countdown to 45768
[16:44:02.006] [SEVERE ] updating countdown to 45747
[16:44:02.029] [SEVERE ] updating countdown to 45724
[16:44:02.050] [SEVERE ] updating countdown to 45703
[16:44:02.074] [SEVERE ] updating countdown to 45679
[16:44:02.097] [SEVERE ] updating countdown to 45656
[16:44:02.119] [SEVERE ] updating countdown to 45634
[16:44:02.140] [SEVERE ] updating countdown to 45613
[16:44:02.161] [SEVERE ] updating countdown to 45592
[16:44:02.185] [SEVERE ] updating countdown to 45568
[16:44:02.208] [SEVERE ] updating countdown to 45545
[16:44:02.233] [SEVERE ] updating countdown to 45520
[16:44:02.255] [SEVERE ] updating countdown to 45498
[16:44:02.278] [SEVERE ] updating countdown to 45475
[16:44:02.301] [SEVERE ] updating countdown to 45452
[16:44:02.322] [SEVERE ] updating countdown to 45431
[16:44:02.349] [SEVERE ] updating countdown to 45404
[16:44:02.374] [SEVERE ] updating countdown to 45379
[16:44:02.395] [SEVERE ] updating countdown to 45358
[16:44:02.418] [SEVERE ] updating countdown to 45335
[16:44:02.443] [SEVERE ] updating countdown to 45310
[16:44:02.467] [SEVERE ] updating countdown to 45286
[16:44:02.490] [SEVERE ] updating countdown to 45263
[16:44:02.512] [SEVERE ] updating countdown to 45241
[16:44:02.534] [SEVERE ] updating countdown to 45219
[16:44:02.557] [SEVERE ] updating countdown to 45196
[16:44:02.567] [SEVERE ] setting player 1 freeze to 0
[16:44:02.579] [SEVERE ] updating countdown to 45174
[16:44:02.602] [SEVERE ] updating countdown to 45151
[16:44:02.624] [SEVERE ] updating countdown to 45130
[16:44:02.645] [SEVERE ] updating countdown to 45108
[16:44:02.669] [SEVERE ] updating countdown to 45084
[16:44:02.695] [SEVERE ] updating countdown to 45058
[16:44:02.721] [SEVERE ] updating countdown to 45032
[16:44:02.747] [SEVERE ] updating countdown to 45006
[16:44:02.769] [SEVERE ] updating countdown to 44984
[16:44:02.792] [SEVERE ] updating countdown to 44961
[16:44:02.814] [SEVERE ] updating countdown to 44939
[16:44:02.840] [SEVERE ] updating countdown to 44913
[16:44:02.863] [SEVERE ] updating countdown to 44890
[16:44:02.889] [SEVERE ] updating countdown to 44864
[16:44:02.910] [SEVERE ] updating countdown to 44843
[16:44:02.936] [SEVERE ] updating countdown to 44817
[16:44:02.958] [SEVERE ] updating countdown to 44795
[16:44:02.982] [SEVERE ] updating countdown to 44771
[16:44:03.006] [SEVERE ] updating countdown to 44747
[16:44:03.033] [SEVERE ] updating countdown to 44720
[16:44:03.059] [SEVERE ] updating countdown to 44694
[16:44:03.083] [SEVERE ] updating countdown to 44670
[16:44:03.109] [SEVERE ] updating countdown to 44644
[16:44:03.131] [SEVERE ] updating countdown to 44622
[16:44:03.153] [SEVERE ] updating countdown to 44600
[16:44:03.175] [SEVERE ] updating countdown to 44578
[16:44:03.198] [SEVERE ] updating countdown to 44555
[16:44:03.219] [SEVERE ] updating countdown to 44534
[16:44:03.240] [SEVERE ] updating countdown to 44513
[16:44:03.261] [SEVERE ] updating countdown to 44492
[16:44:03.282] [SEVERE ] updating countdown to 44471
[16:44:03.303] [SEVERE ] updating countdown to 44450
[16:44:03.325] [SEVERE ] updating countdown to 44428
[16:44:03.351] [SEVERE ] updating countdown to 44402
[16:44:03.377] [SEVERE ] updating countdown to 44376
[16:44:03.402] [SEVERE ] updating countdown to 44351
[16:44:03.425] [SEVERE ] updating countdown to 44328
[16:44:03.452] [SEVERE ] updating countdown to 44301
[16:44:03.477] [SEVERE ] updating countdown to 44276
[16:44:03.499] [SEVERE ] updating countdown to 44254
[16:44:03.521] [SEVERE ] updating countdown to 44232
[16:44:03.544] [SEVERE ] updating countdown to 44209
[16:44:03.569] [SEVERE ] updating countdown to 44184
[16:44:03.590] [SEVERE ] updating countdown to 44163
[16:44:03.612] [SEVERE ] updating countdown to 44141
[16:44:03.635] [SEVERE ] updating countdown to 44118
[16:44:03.658] [SEVERE ] updating countdown to 44095
[16:44:03.680] [SEVERE ] updating countdown to 44073
[16:44:03.704] [SEVERE ] updating countdown to 44049
[16:44:03.731] [SEVERE ] updating countdown to 44022
[16:44:03.757] [SEVERE ] updating countdown to 43996
[16:44:03.778] [SEVERE ] updating countdown to 43975
[16:44:03.803] [SEVERE ] updating countdown to 43950
[16:44:03.825] [SEVERE ] updating countdown to 43928
[16:44:03.851] [SEVERE ] updating countdown to 43902
[16:44:03.877] [SEVERE ] updating countdown to 43876
[16:44:03.899] [SEVERE ] updating countdown to 43854
[16:44:03.925] [SEVERE ] updating countdown to 43828
[16:44:03.946] [SEVERE ] updating countdown to 43807
[16:44:03.969] [SEVERE ] updating countdown to 43784
[16:44:03.995] [SEVERE ] updating countdown to 43758
[16:44:04.021] [SEVERE ] updating countdown to 43732
[16:44:04.043] [SEVERE ] updating countdown to 43710
[16:44:04.070] [SEVERE ] updating countdown to 43683
[16:44:04.092] [SEVERE ] updating countdown to 43661
[16:44:04.114] [SEVERE ] updating countdown to 43639
[16:44:04.137] [SEVERE ] updating countdown to 43616
[16:44:04.163] [SEVERE ] updating countdown to 43590
[16:44:04.188] [SEVERE ] updating countdown to 43565
[16:44:04.215] [SEVERE ] updating countdown to 43538
[16:44:04.240] [SEVERE ] updating countdown to 43513
[16:44:04.262] [SEVERE ] updating countdown to 43491
[16:44:04.283] [SEVERE ] updating countdown to 43470
[16:44:04.304] [SEVERE ] updating countdown to 43449
[16:44:04.326] [SEVERE ] updating countdown to 43427
[16:44:04.347] [SEVERE ] updating countdown to 43406
[16:44:04.370] [SEVERE ] updating countdown to 43383
[16:44:04.392] [SEVERE ] updating countdown to 43361
[16:44:04.413] [SEVERE ] updating countdown to 43340
[16:44:04.435] [SEVERE ] updating countdown to 43318
[16:44:04.457] [SEVERE ] updating countdown to 43296
[16:44:04.480] [SEVERE ] updating countdown to 43273
[16:44:04.502] [SEVERE ] updating countdown to 43251
[16:44:04.524] [SEVERE ] updating countdown to 43229
[16:44:04.546] [SEVERE ] updating countdown to 43207
[16:44:04.569] [SEVERE ] updating countdown to 43184
[16:44:04.591] [SEVERE ] updating countdown to 43162
[16:44:04.614] [SEVERE ] updating countdown to 43139
[16:44:04.635] [SEVERE ] updating countdown to 43118
[16:44:04.658] [SEVERE ] updating countdown to 43095
[16:44:04.680] [SEVERE ] updating countdown to 43073
[16:44:04.702] [SEVERE ] updating countdown to 43051
[16:44:04.724] [SEVERE ] updating countdown to 43029
[16:44:04.750] [SEVERE ] updating countdown to 43003
[16:44:04.771] [SEVERE ] updating countdown to 42982
[16:44:04.794] [SEVERE ] updating countdown to 42959
[16:44:04.815] [SEVERE ] updating countdown to 42938
[16:44:04.841] [SEVERE ] updating countdown to 42912
[16:44:04.865] [SEVERE ] updating countdown to 42888
[16:44:04.887] [SEVERE ] updating countdown to 42866
[16:44:04.909] [SEVERE ] updating countdown to 42844
[16:44:04.933] [SEVERE ] updating countdown to 42820
[16:44:04.955] [SEVERE ] updating countdown to 42798
[16:44:04.977] [SEVERE ] updating countdown to 42776
[16:44:04.999] [SEVERE ] updating countdown to 42754
[16:44:05.021] [SEVERE ] updating countdown to 42732
[16:44:05.044] [SEVERE ] updating countdown to 42709
[16:44:05.067] [SEVERE ] updating countdown to 42686
[16:44:05.092] [SEVERE ] updating countdown to 42661
[16:44:05.116] [SEVERE ] updating countdown to 42637
[16:44:05.137] [SEVERE ] updating countdown to 42616
[16:44:05.158] [SEVERE ] updating countdown to 42595
[16:44:05.180] [SEVERE ] updating countdown to 42573
[16:44:05.206] [SEVERE ] updating countdown to 42547
[16:44:05.232] [SEVERE ] updating countdown to 42521
[16:44:05.258] [SEVERE ] updating countdown to 42495
[16:44:05.281] [SEVERE ] updating countdown to 42472
[16:44:05.302] [SEVERE ] updating countdown to 42451
[16:44:05.329] [SEVERE ] updating countdown to 42424
[16:44:05.350] [SEVERE ] updating countdown to 42403
[16:44:05.373] [SEVERE ] updating countdown to 42380
[16:44:05.396] [SEVERE ] updating countdown to 42357
[16:44:05.418] [SEVERE ] updating countdown to 42335
[16:44:05.443] [SEVERE ] updating countdown to 42310
[16:44:05.469] [SEVERE ] updating countdown to 42284
[16:44:05.493] [SEVERE ] updating countdown to 42260
[16:44:05.517] [SEVERE ] updating countdown to 42236
[16:44:05.539] [SEVERE ] updating countdown to 42214
[16:44:05.565] [SEVERE ] updating countdown to 42188
[16:44:05.588] [SEVERE ] updating countdown to 42165
[16:44:05.610] [SEVERE ] updating countdown to 42143
[16:44:05.633] [SEVERE ] updating countdown to 42121
[16:44:05.654] [SEVERE ] updating countdown to 42099
[16:44:05.677] [SEVERE ] updating countdown to 42076
[16:44:05.698] [SEVERE ] updating countdown to 42055
[16:44:05.719] [SEVERE ] updating countdown to 42034
[16:44:05.740] [SEVERE ] updating countdown to 42013
[16:44:05.765] [SEVERE ] updating countdown to 41988
[16:44:05.788] [SEVERE ] updating countdown to 41965
[16:44:05.810] [SEVERE ] updating countdown to 41943
[16:44:05.831] [SEVERE ] updating countdown to 41922
[16:44:05.857] [SEVERE ] updating countdown to 41896
[16:44:05.882] [SEVERE ] updating countdown to 41871
[16:44:05.905] [SEVERE ] updating countdown to 41848
[16:44:05.929] [SEVERE ] updating countdown to 41824
[16:44:05.950] [SEVERE ] updating countdown to 41803
[16:44:05.974] [SEVERE ] updating countdown to 41779
[16:44:05.996] [SEVERE ] updating countdown to 41757
[16:44:06.017] [SEVERE ] updating countdown to 41736
[16:44:06.041] [SEVERE ] updating countdown to 41712
[16:44:06.065] [SEVERE ] updating countdown to 41688
[16:44:06.088] [SEVERE ] updating countdown to 41665
[16:44:06.115] [SEVERE ] updating countdown to 41638
[16:44:06.141] [SEVERE ] updating countdown to 41612
[16:44:06.162] [SEVERE ] updating countdown to 41591
[16:44:06.183] [SEVERE ] updating countdown to 41570
[16:44:06.205] [SEVERE ] updating countdown to 41548
[16:44:06.231] [SEVERE ] updating countdown to 41522
[16:44:06.257] [SEVERE ] updating countdown to 41496
[16:44:06.283] [SEVERE ] updating countdown to 41470
[16:44:06.304] [SEVERE ] updating countdown to 41449
[16:44:06.328] [SEVERE ] updating countdown to 41425
[16:44:06.353] [SEVERE ] updating countdown to 41400
[16:44:06.379] [SEVERE ] updating countdown to 41374
[16:44:06.403] [SEVERE ] updating countdown to 41350
[16:44:06.429] [SEVERE ] updating countdown to 41324
[16:44:06.456] [SEVERE ] updating countdown to 41297
[16:44:06.482] [SEVERE ] updating countdown to 41271
[16:44:06.504] [SEVERE ] updating countdown to 41249
[16:44:06.530] [SEVERE ] updating countdown to 41223
[16:44:06.553] [SEVERE ] updating countdown to 41200
[16:44:06.575] [SEVERE ] updating countdown to 41178
[16:44:06.597] [SEVERE ] updating countdown to 41156
[16:44:06.619] [SEVERE ] updating countdown to 41134
[16:44:06.642] [SEVERE ] updating countdown to 41111
[16:44:06.665] [SEVERE ] updating countdown to 41088
[16:44:06.688] [SEVERE ] updating countdown to 41065
[16:44:06.715] [SEVERE ] updating countdown to 41038
[16:44:06.741] [SEVERE ] updating countdown to 41012
[16:44:06.767] [SEVERE ] updating countdown to 40986
[16:44:06.793] [SEVERE ] updating countdown to 40960
[16:44:06.819] [SEVERE ] updating countdown to 40934
[16:44:06.845] [SEVERE ] updating countdown to 40908
[16:44:06.869] [SEVERE ] updating countdown to 40884
[16:44:06.895] [SEVERE ] updating countdown to 40858
[16:44:06.920] [SEVERE ] updating countdown to 40833
[16:44:06.941] [SEVERE ] updating countdown to 40812
[16:44:06.962] [SEVERE ] updating countdown to 40791
[16:44:06.987] [SEVERE ] updating countdown to 40766
[16:44:07.008] [SEVERE ] updating countdown to 40745
[16:44:07.034] [SEVERE ] updating countdown to 40719
[16:44:07.060] [SEVERE ] updating countdown to 40693
[16:44:07.086] [SEVERE ] updating countdown to 40667
[16:44:07.111] [SEVERE ] updating countdown to 40642
[16:44:07.137] [SEVERE ] updating countdown to 40616
[16:44:07.163] [SEVERE ] updating countdown to 40590
[16:44:07.188] [SEVERE ] updating countdown to 40565
[16:44:07.214] [SEVERE ] updating countdown to 40539
[16:44:07.240] [SEVERE ] updating countdown to 40513
[16:44:07.266] [SEVERE ] updating countdown to 40487
[16:44:07.288] [SEVERE ] updating countdown to 40465
[16:44:07.313] [SEVERE ] updating countdown to 40440
[16:44:07.340] [SEVERE ] updating countdown to 40413
[16:44:07.365] [SEVERE ] updating countdown to 40388
[16:44:07.387] [SEVERE ] updating countdown to 40366
[16:44:07.412] [SEVERE ] updating countdown to 40341
[16:44:07.439] [SEVERE ] updating countdown to 40314
[16:44:07.462] [SEVERE ] updating countdown to 40291
[16:44:07.488] [SEVERE ] updating countdown to 40265
[16:44:07.511] [SEVERE ] updating countdown to 40242
[16:44:07.534] [SEVERE ] updating countdown to 40219
[16:44:07.557] [SEVERE ] updating countdown to 40196
[16:44:07.579] [SEVERE ] updating countdown to 40174
[16:44:07.602] [SEVERE ] updating countdown to 40151
[16:44:07.629] [SEVERE ] updating countdown to 40124
[16:44:07.654] [SEVERE ] updating countdown to 40099
[16:44:07.678] [SEVERE ] updating countdown to 40075
[16:44:07.699] [SEVERE ] updating countdown to 40054
[16:44:07.720] [SEVERE ] updating countdown to 40033
[16:44:07.741] [SEVERE ] updating countdown to 40012
[16:44:07.763] [SEVERE ] updating countdown to 39990
[16:44:07.784] [SEVERE ] updating countdown to 39969
[16:44:07.805] [SEVERE ] updating countdown to 39948
[16:44:07.826] [SEVERE ] updating countdown to 39927
[16:44:07.849] [SEVERE ] updating countdown to 39904
[16:44:07.870] [SEVERE ] updating countdown to 39883
[16:44:07.891] [SEVERE ] updating countdown to 39862
[16:44:07.912] [SEVERE ] updating countdown to 39841
[16:44:07.934] [SEVERE ] updating countdown to 39819
[16:44:07.955] [SEVERE ] updating countdown to 39798
[16:44:07.977] [SEVERE ] updating countdown to 39776
[16:44:07.999] [SEVERE ] updating countdown to 39754
[16:44:08.020] [SEVERE ] updating countdown to 39733
[16:44:08.041] [SEVERE ] updating countdown to 39712
[16:44:08.062] [SEVERE ] updating countdown to 39691
[16:44:08.088] [SEVERE ] updating countdown to 39665
[16:44:08.114] [SEVERE ] updating countdown to 39639
[16:44:08.138] [SEVERE ] updating countdown to 39615
[16:44:08.164] [SEVERE ] updating countdown to 39589
[16:44:08.189] [SEVERE ] updating countdown to 39564
[16:44:08.211] [SEVERE ] updating countdown to 39542
[16:44:08.233] [SEVERE ] updating countdown to 39520
[16:44:08.260] [SEVERE ] updating countdown to 39493
[16:44:08.286] [SEVERE ] updating countdown to 39467
[16:44:08.312] [SEVERE ] updating countdown to 39441
[16:44:08.335] [SEVERE ] updating countdown to 39418
[16:44:08.362] [SEVERE ] updating countdown to 39391
[16:44:08.384] [SEVERE ] updating countdown to 39369
[16:44:08.405] [SEVERE ] updating countdown to 39348
[16:44:08.426] [SEVERE ] updating countdown to 39327
[16:44:08.447] [SEVERE ] updating countdown to 39306
[16:44:08.469] [SEVERE ] updating countdown to 39284
[16:44:08.491] [SEVERE ] updating countdown to 39262
[16:44:08.513] [SEVERE ] updating countdown to 39240
[16:44:08.535] [SEVERE ] updating countdown to 39218
[16:44:08.556] [SEVERE ] updating countdown to 39197
[16:44:08.578] [SEVERE ] updating countdown to 39175
[16:44:08.599] [SEVERE ] updating countdown to 39154
[16:44:08.621] [SEVERE ] updating countdown to 39132
[16:44:08.643] [SEVERE ] updating countdown to 39110
[16:44:08.664] [SEVERE ] updating countdown to 39089
[16:44:08.686] [SEVERE ] updating countdown to 39067
[16:44:08.707] [SEVERE ] updating countdown to 39046
[16:44:08.728] [SEVERE ] updating countdown to 39025
[16:44:08.750] [SEVERE ] updating countdown to 39003
[16:44:08.772] [SEVERE ] updating countdown to 38981
[16:44:08.794] [SEVERE ] updating countdown to 38959
[16:44:08.816] [SEVERE ] updating countdown to 38937
[16:44:08.838] [SEVERE ] updating countdown to 38915
[16:44:08.859] [SEVERE ] updating countdown to 38894
[16:44:08.880] [SEVERE ] updating countdown to 38873
[16:44:08.902] [SEVERE ] updating countdown to 38851
[16:44:08.923] [SEVERE ] updating countdown to 38830
[16:44:08.944] [SEVERE ] updating countdown to 38809
[16:44:08.966] [SEVERE ] updating countdown to 38787
[16:44:08.988] [SEVERE ] updating countdown to 38765
[16:44:09.009] [SEVERE ] updating countdown to 38744
[16:44:09.032] [SEVERE ] updating countdown to 38721
[16:44:09.055] [SEVERE ] updating countdown to 38698
[16:44:09.085] [SEVERE ] updating countdown to 38668
[16:44:09.107] [SEVERE ] updating countdown to 38646
[16:44:09.130] [SEVERE ] updating countdown to 38623
