[08:28:33.971] [INFO   ] thread main starting.
[08:28:33.977] [SEVERE ] cannot read configuration file config.properties trying from resources.
[08:28:33.979] [SEVERE ] configuration file was loaded from resources directory.
[08:28:34.443] [INFO   ] thread dealer starting.
[08:28:34.444] [INFO   ] thread playerID: 1 starting.
[08:28:34.444] [INFO   ] thread playerID: 0 starting.
[08:28:34.444] [INFO   ] thread dealer starting.
[08:28:34.553] [SEVERE ] placing card 51 in slot 9
[08:28:34.656] [SEVERE ] placing card 9 in slot 10
[08:28:34.759] [SEVERE ] placing card 68 in slot 6
[08:28:34.861] [SEVERE ] placing card 70 in slot 2
[08:28:34.963] [SEVERE ] placing card 64 in slot 4
[08:28:35.066] [SEVERE ] placing card 55 in slot 1
[08:28:35.168] [SEVERE ] placing card 42 in slot 7
[08:28:35.275] [SEVERE ] placing card 19 in slot 11
[08:28:35.381] [SEVERE ] placing card 60 in slot 3
[08:28:35.483] [SEVERE ] placing card 58 in slot 5
[08:28:35.590] [SEVERE ] placing card 52 in slot 0
[08:28:35.693] [SEVERE ] placing card 79 in slot 8
[08:29:07.299] [SEVERE ] exit button pressed
[08:29:07.301] [SEVERE ] disposing of user interface elements
[08:29:07.301] [INFO   ] thread playerID: 0 terminated.
[08:29:07.301] [INFO   ] thread playerID: 1 terminated.
