[16:48:29.437] [INFO   ] thread main starting.
[16:48:29.442] [SEVERE ] cannot read configuration file config.properties trying from resources.
[16:48:29.443] [SEVERE ] configuration file was loaded from resources directory.
[16:48:29.816] [INFO   ] thread dealer starting.
[16:48:29.817] [INFO   ] thread playerID: 0 starting.
[16:48:29.818] [INFO   ] thread dealer starting.
[16:48:29.817] [INFO   ] thread playerID: 1 starting.
[16:48:29.821] [SEVERE ] updating countdown to 60000
[16:48:29.924] [SEVERE ] placing card 2 in slot 6
[16:48:30.025] [SEVERE ] placing card 16 in slot 8
[16:48:30.126] [SEVERE ] placing card 25 in slot 2
[16:48:30.228] [SEVERE ] placing card 32 in slot 4
[16:48:30.329] [SEVERE ] placing card 66 in slot 7
[16:48:30.435] [SEVERE ] placing card 26 in slot 11
[16:48:30.539] [SEVERE ] placing card 22 in slot 1
[16:48:30.641] [SEVERE ] placing card 17 in slot 10
[16:48:30.744] [SEVERE ] placing card 54 in slot 9
[16:48:30.845] [SEVERE ] placing card 18 in slot 5
[16:48:30.947] [SEVERE ] placing card 49 in slot 3
[16:48:31.048] [SEVERE ] placing card 7 in slot 0
[16:48:31.070] [SEVERE ] updating countdown to 58751
[16:48:31.094] [SEVERE ] updating countdown to 58727
[16:48:31.115] [SEVERE ] updating countdown to 58706
[16:48:31.136] [SEVERE ] updating countdown to 58685
[16:48:31.159] [SEVERE ] updating countdown to 58662
[16:48:31.182] [SEVERE ] updating countdown to 58639
[16:48:31.204] [SEVERE ] updating countdown to 58617
[16:48:31.225] [SEVERE ] updating countdown to 58596
[16:48:31.247] [SEVERE ] updating countdown to 58574
[16:48:31.272] [SEVERE ] updating countdown to 58549
[16:48:31.295] [SEVERE ] updating countdown to 58526
[16:48:31.317] [SEVERE ] updating countdown to 58504
[16:48:31.339] [SEVERE ] updating countdown to 58482
[16:48:31.360] [SEVERE ] updating countdown to 58461
[16:48:31.382] [SEVERE ] updating countdown to 58439
[16:48:31.409] [SEVERE ] updating countdown to 58412
[16:48:31.435] [SEVERE ] updating countdown to 58386
[16:48:31.460] [SEVERE ] updating countdown to 58361
[16:48:31.484] [SEVERE ] updating countdown to 58337
[16:48:31.510] [SEVERE ] updating countdown to 58311
[16:48:31.531] [SEVERE ] updating countdown to 58290
[16:48:31.554] [SEVERE ] updating countdown to 58267
[16:48:31.579] [SEVERE ] updating countdown to 58242
[16:48:31.605] [SEVERE ] updating countdown to 58216
[16:48:31.627] [SEVERE ] updating countdown to 58194
[16:48:31.652] [SEVERE ] updating countdown to 58169
[16:48:31.677] [SEVERE ] updating countdown to 58144
[16:48:31.698] [SEVERE ] updating countdown to 58123
[16:48:31.723] [SEVERE ] updating countdown to 58098
[16:48:31.746] [SEVERE ] updating countdown to 58075
[16:48:31.769] [SEVERE ] updating countdown to 58052
[16:48:31.793] [SEVERE ] updating countdown to 58028
[16:48:31.815] [SEVERE ] updating countdown to 58006
[16:48:31.837] [SEVERE ] updating countdown to 57984
[16:48:31.860] [SEVERE ] updating countdown to 57961
[16:48:31.882] [SEVERE ] updating countdown to 57939
[16:48:31.905] [SEVERE ] updating countdown to 57916
[16:48:31.930] [SEVERE ] updating countdown to 57891
[16:48:31.952] [SEVERE ] updating countdown to 57869
[16:48:31.974] [SEVERE ] updating countdown to 57847
[16:48:31.997] [SEVERE ] updating countdown to 57824
[16:48:32.018] [SEVERE ] updating countdown to 57803
[16:48:32.040] [SEVERE ] updating countdown to 57781
[16:48:32.062] [SEVERE ] updating countdown to 57759
[16:48:32.085] [SEVERE ] updating countdown to 57736
[16:48:32.107] [SEVERE ] updating countdown to 57714
[16:48:32.129] [SEVERE ] updating countdown to 57692
[16:48:32.150] [SEVERE ] updating countdown to 57671
[16:48:32.174] [SEVERE ] updating countdown to 57647
[16:48:32.196] [SEVERE ] updating countdown to 57625
[16:48:32.218] [SEVERE ] updating countdown to 57603
[16:48:32.239] [SEVERE ] updating countdown to 57582
[16:48:32.260] [SEVERE ] updating countdown to 57561
[16:48:32.284] [SEVERE ] updating countdown to 57537
[16:48:32.305] [SEVERE ] updating countdown to 57516
[16:48:32.330] [SEVERE ] updating countdown to 57491
[16:48:32.352] [SEVERE ] updating countdown to 57470
[16:48:32.373] [SEVERE ] updating countdown to 57448
[16:48:32.394] [SEVERE ] updating countdown to 57427
[16:48:32.418] [SEVERE ] updating countdown to 57403
[16:48:32.440] [SEVERE ] updating countdown to 57381
[16:48:32.464] [SEVERE ] updating countdown to 57357
[16:48:32.490] [SEVERE ] updating countdown to 57331
[16:48:32.516] [SEVERE ] updating countdown to 57305
[16:48:32.540] [SEVERE ] updating countdown to 57281
[16:48:32.566] [SEVERE ] updating countdown to 57255
[16:48:32.589] [SEVERE ] updating countdown to 57232
[16:48:32.612] [SEVERE ] updating countdown to 57209
[16:48:32.637] [SEVERE ] updating countdown to 57184
[16:48:32.663] [SEVERE ] updating countdown to 57158
[16:48:32.687] [SEVERE ] updating countdown to 57134
[16:48:32.711] [SEVERE ] updating countdown to 57110
[16:48:32.733] [SEVERE ] updating countdown to 57088
[16:48:32.755] [SEVERE ] updating countdown to 57066
[16:48:32.779] [SEVERE ] updating countdown to 57042
[16:48:32.805] [SEVERE ] updating countdown to 57016
[16:48:32.828] [SEVERE ] updating countdown to 56993
[16:48:32.851] [SEVERE ] updating countdown to 56970
[16:48:32.872] [SEVERE ] updating countdown to 56949
[16:48:32.897] [SEVERE ] updating countdown to 56924
[16:48:32.919] [SEVERE ] updating countdown to 56902
[16:48:32.943] [SEVERE ] updating countdown to 56878
[16:48:32.967] [SEVERE ] updating countdown to 56854
[16:48:32.990] [SEVERE ] updating countdown to 56831
[16:48:33.014] [SEVERE ] updating countdown to 56807
[16:48:33.036] [SEVERE ] updating countdown to 56785
[16:48:33.058] [SEVERE ] updating countdown to 56763
[16:48:33.084] [SEVERE ] updating countdown to 56737
[16:48:33.105] [SEVERE ] updating countdown to 56716
[16:48:33.127] [SEVERE ] updating countdown to 56694
[16:48:33.150] [SEVERE ] updating countdown to 56671
[16:48:33.173] [SEVERE ] updating countdown to 56648
[16:48:33.195] [SEVERE ] updating countdown to 56626
[16:48:33.216] [SEVERE ] updating countdown to 56605
[16:48:33.238] [SEVERE ] updating countdown to 56583
[16:48:33.261] [SEVERE ] updating countdown to 56560
[16:48:33.282] [SEVERE ] updating countdown to 56539
[16:48:33.304] [SEVERE ] updating countdown to 56517
[16:48:33.327] [SEVERE ] updating countdown to 56494
[16:48:33.348] [SEVERE ] updating countdown to 56473
[16:48:33.372] [SEVERE ] updating countdown to 56449
[16:48:33.394] [SEVERE ] updating countdown to 56427
[16:48:33.416] [SEVERE ] updating countdown to 56405
[16:48:33.438] [SEVERE ] updating countdown to 56383
[16:48:33.461] [SEVERE ] updating countdown to 56360
[16:48:33.482] [SEVERE ] updating countdown to 56339
[16:48:33.507] [SEVERE ] updating countdown to 56314
[16:48:33.529] [SEVERE ] updating countdown to 56292
[16:48:33.552] [SEVERE ] updating countdown to 56269
[16:48:33.573] [SEVERE ] updating countdown to 56248
[16:48:33.594] [SEVERE ] updating countdown to 56227
[16:48:33.616] [SEVERE ] updating countdown to 56205
[16:48:33.637] [SEVERE ] updating countdown to 56184
[16:48:33.658] [SEVERE ] updating countdown to 56163
[16:48:33.683] [SEVERE ] updating countdown to 56138
[16:48:33.708] [SEVERE ] updating countdown to 56113
[16:48:33.730] [SEVERE ] updating countdown to 56091
[16:48:33.754] [SEVERE ] updating countdown to 56067
[16:48:33.778] [SEVERE ] updating countdown to 56043
[16:48:33.802] [SEVERE ] updating countdown to 56019
[16:48:33.828] [SEVERE ] updating countdown to 55993
[16:48:33.852] [SEVERE ] updating countdown to 55969
[16:48:33.878] [SEVERE ] updating countdown to 55943
[16:48:33.902] [SEVERE ] updating countdown to 55919
[16:48:33.926] [SEVERE ] updating countdown to 55895
[16:48:33.953] [SEVERE ] updating countdown to 55868
[16:48:33.977] [SEVERE ] updating countdown to 55844
[16:48:33.999] [SEVERE ] updating countdown to 55822
[16:48:34.026] [SEVERE ] updating countdown to 55795
[16:48:34.052] [SEVERE ] updating countdown to 55769
[16:48:34.076] [SEVERE ] updating countdown to 55745
[16:48:34.097] [SEVERE ] updating countdown to 55724
[16:48:34.120] [SEVERE ] updating countdown to 55701
[16:48:34.144] [SEVERE ] updating countdown to 55677
[16:48:34.165] [SEVERE ] updating countdown to 55656
[16:48:34.188] [SEVERE ] updating countdown to 55633
[16:48:34.209] [SEVERE ] updating countdown to 55612
[16:48:34.232] [SEVERE ] updating countdown to 55589
[16:48:34.256] [SEVERE ] updating countdown to 55565
[16:48:34.279] [SEVERE ] updating countdown to 55542
[16:48:34.301] [SEVERE ] updating countdown to 55520
[16:48:34.324] [SEVERE ] updating countdown to 55497
[16:48:34.345] [SEVERE ] updating countdown to 55476
[16:48:34.366] [SEVERE ] updating countdown to 55455
[16:48:34.388] [SEVERE ] updating countdown to 55433
[16:48:34.410] [SEVERE ] updating countdown to 55411
[16:48:34.432] [SEVERE ] updating countdown to 55389
[16:48:34.454] [SEVERE ] updating countdown to 55367
[16:48:34.477] [SEVERE ] updating countdown to 55344
[16:48:34.501] [SEVERE ] updating countdown to 55320
[16:48:34.522] [SEVERE ] updating countdown to 55299
[16:48:34.545] [SEVERE ] updating countdown to 55276
[16:48:34.566] [SEVERE ] updating countdown to 55255
[16:48:34.587] [SEVERE ] updating countdown to 55234
[16:48:34.613] [SEVERE ] updating countdown to 55208
[16:48:34.639] [SEVERE ] updating countdown to 55182
[16:48:34.663] [SEVERE ] updating countdown to 55158
[16:48:34.688] [SEVERE ] updating countdown to 55133
[16:48:34.713] [SEVERE ] updating countdown to 55108
[16:48:34.734] [SEVERE ] updating countdown to 55087
[16:48:34.760] [SEVERE ] updating countdown to 55061
[16:48:34.781] [SEVERE ] updating countdown to 55040
[16:48:34.804] [SEVERE ] updating countdown to 55017
[16:48:34.829] [SEVERE ] updating countdown to 54992
[16:48:34.852] [SEVERE ] updating countdown to 54969
[16:48:34.874] [SEVERE ] updating countdown to 54947
[16:48:34.896] [SEVERE ] updating countdown to 54925
[16:48:34.917] [SEVERE ] updating countdown to 54904
[16:48:34.940] [SEVERE ] updating countdown to 54881
[16:48:34.961] [SEVERE ] updating countdown to 54860
[16:48:34.983] [SEVERE ] updating countdown to 54838
[16:48:35.005] [SEVERE ] updating countdown to 54816
[16:48:35.031] [SEVERE ] updating countdown to 54790
[16:48:35.057] [SEVERE ] updating countdown to 54764
[16:48:35.083] [SEVERE ] updating countdown to 54738
[16:48:35.109] [SEVERE ] updating countdown to 54712
[16:48:35.134] [SEVERE ] updating countdown to 54687
[16:48:35.159] [SEVERE ] updating countdown to 54662
[16:48:35.186] [SEVERE ] updating countdown to 54635
[16:48:35.212] [SEVERE ] updating countdown to 54609
[16:48:35.238] [SEVERE ] updating countdown to 54583
[16:48:35.261] [SEVERE ] updating countdown to 54560
[16:48:35.285] [SEVERE ] updating countdown to 54536
[16:48:35.308] [SEVERE ] updating countdown to 54513
[16:48:35.333] [SEVERE ] updating countdown to 54488
[16:48:35.354] [SEVERE ] updating countdown to 54467
[16:48:35.375] [SEVERE ] updating countdown to 54446
[16:48:35.397] [SEVERE ] updating countdown to 54424
[16:48:35.419] [SEVERE ] updating countdown to 54402
[16:48:35.440] [SEVERE ] updating countdown to 54381
[16:48:35.462] [SEVERE ] updating countdown to 54359
[16:48:35.486] [SEVERE ] updating countdown to 54335
[16:48:35.513] [SEVERE ] updating countdown to 54308
[16:48:35.541] [SEVERE ] updating countdown to 54280
[16:48:35.565] [SEVERE ] updating countdown to 54256
[16:48:35.586] [SEVERE ] updating countdown to 54235
[16:48:35.607] [SEVERE ] updating countdown to 54214
[16:48:35.635] [SEVERE ] updating countdown to 54186
[16:48:35.661] [SEVERE ] updating countdown to 54160
[16:48:35.684] [SEVERE ] updating countdown to 54137
[16:48:35.707] [SEVERE ] updating countdown to 54114
[16:48:35.730] [SEVERE ] updating countdown to 54091
[16:48:35.753] [SEVERE ] updating countdown to 54068
[16:48:35.780] [SEVERE ] updating countdown to 54041
[16:48:35.806] [SEVERE ] updating countdown to 54015
[16:48:35.832] [SEVERE ] updating countdown to 53989
[16:48:35.858] [SEVERE ] updating countdown to 53963
[16:48:35.880] [SEVERE ] updating countdown to 53941
[16:48:35.903] [SEVERE ] updating countdown to 53918
[16:48:35.925] [SEVERE ] updating countdown to 53896
[16:48:35.946] [SEVERE ] updating countdown to 53875
[16:48:35.968] [SEVERE ] updating countdown to 53853
[16:48:35.989] [SEVERE ] updating countdown to 53832
[16:48:36.010] [SEVERE ] updating countdown to 53811
[16:48:36.031] [SEVERE ] updating countdown to 53790
[16:48:36.052] [SEVERE ] updating countdown to 53769
[16:48:36.073] [SEVERE ] updating countdown to 53748
[16:48:36.094] [SEVERE ] updating countdown to 53727
[16:48:36.114] [SEVERE ] updating countdown to 53707
[16:48:36.135] [SEVERE ] updating countdown to 53686
[16:48:36.156] [SEVERE ] updating countdown to 53665
[16:48:36.177] [SEVERE ] updating countdown to 53644
[16:48:36.198] [SEVERE ] updating countdown to 53623
[16:48:36.219] [SEVERE ] updating countdown to 53602
[16:48:36.240] [SEVERE ] updating countdown to 53581
[16:48:36.265] [SEVERE ] updating countdown to 53556
[16:48:36.290] [SEVERE ] updating countdown to 53531
[16:48:36.313] [SEVERE ] updating countdown to 53508
[16:48:36.339] [SEVERE ] updating countdown to 53482
[16:48:36.364] [SEVERE ] updating countdown to 53457
[16:48:36.389] [SEVERE ] updating countdown to 53432
[16:48:36.412] [SEVERE ] updating countdown to 53409
[16:48:36.433] [SEVERE ] updating countdown to 53388
[16:48:36.455] [SEVERE ] updating countdown to 53366
[16:48:36.476] [SEVERE ] updating countdown to 53345
[16:48:36.498] [SEVERE ] updating countdown to 53323
[16:48:36.520] [SEVERE ] updating countdown to 53301
[16:48:36.544] [SEVERE ] updating countdown to 53277
[16:48:36.570] [SEVERE ] updating countdown to 53251
[16:48:36.595] [SEVERE ] updating countdown to 53226
[16:48:36.619] [SEVERE ] updating countdown to 53202
[16:48:36.645] [SEVERE ] updating countdown to 53176
[16:48:36.669] [SEVERE ] updating countdown to 53152
[16:48:36.694] [SEVERE ] updating countdown to 53127
[16:48:36.717] [SEVERE ] updating countdown to 53104
[16:48:36.743] [SEVERE ] updating countdown to 53078
[16:48:36.765] [SEVERE ] updating countdown to 53056
[16:48:36.791] [SEVERE ] updating countdown to 53030
[16:48:36.813] [SEVERE ] updating countdown to 53008
[16:48:36.835] [SEVERE ] updating countdown to 52986
[16:48:36.861] [SEVERE ] updating countdown to 52960
[16:48:36.886] [SEVERE ] updating countdown to 52935
[16:48:36.912] [SEVERE ] updating countdown to 52909
[16:48:36.937] [SEVERE ] updating countdown to 52884
[16:48:36.961] [SEVERE ] updating countdown to 52861
[16:48:36.985] [SEVERE ] updating countdown to 52836
[16:48:37.006] [SEVERE ] updating countdown to 52815
[16:48:37.029] [SEVERE ] updating countdown to 52792
[16:48:37.056] [SEVERE ] updating countdown to 52765
[16:48:37.082] [SEVERE ] updating countdown to 52739
[16:48:37.103] [SEVERE ] updating countdown to 52718
[16:48:37.124] [SEVERE ] updating countdown to 52697
[16:48:37.148] [SEVERE ] updating countdown to 52673
[16:48:37.172] [SEVERE ] updating countdown to 52649
[16:48:37.194] [SEVERE ] updating countdown to 52627
[16:48:37.217] [SEVERE ] updating countdown to 52604
[16:48:37.243] [SEVERE ] updating countdown to 52578
[16:48:37.265] [SEVERE ] updating countdown to 52556
[16:48:37.288] [SEVERE ] updating countdown to 52533
[16:48:37.312] [SEVERE ] updating countdown to 52509
[16:48:37.334] [SEVERE ] updating countdown to 52487
[16:48:37.359] [SEVERE ] updating countdown to 52462
[16:48:37.383] [SEVERE ] updating countdown to 52438
[16:48:37.404] [SEVERE ] updating countdown to 52417
[16:48:37.428] [SEVERE ] updating countdown to 52393
[16:48:37.452] [SEVERE ] updating countdown to 52369
[16:48:37.476] [SEVERE ] updating countdown to 52345
[16:48:37.499] [SEVERE ] updating countdown to 52322
[16:48:37.522] [SEVERE ] updating countdown to 52299
[16:48:37.544] [SEVERE ] updating countdown to 52277
[16:48:37.565] [SEVERE ] updating countdown to 52256
[16:48:37.589] [SEVERE ] updating countdown to 52232
[16:48:37.615] [SEVERE ] updating countdown to 52206
[16:48:37.641] [SEVERE ] updating countdown to 52180
[16:48:37.664] [SEVERE ] updating countdown to 52157
[16:48:37.688] [SEVERE ] updating countdown to 52133
[16:48:37.709] [SEVERE ] updating countdown to 52112
[16:48:37.731] [SEVERE ] updating countdown to 52090
[16:48:37.753] [SEVERE ] updating countdown to 52068
[16:48:37.774] [SEVERE ] updating countdown to 52047
[16:48:37.797] [SEVERE ] updating countdown to 52024
[16:48:37.824] [SEVERE ] updating countdown to 51997
[16:48:37.850] [SEVERE ] updating countdown to 51971
[16:48:37.876] [SEVERE ] updating countdown to 51945
[16:48:37.901] [SEVERE ] updating countdown to 51920
[16:48:37.925] [SEVERE ] updating countdown to 51896
[16:48:37.950] [SEVERE ] updating countdown to 51871
[16:48:37.972] [SEVERE ] updating countdown to 51849
[16:48:37.996] [SEVERE ] updating countdown to 51825
[16:48:38.019] [SEVERE ] updating countdown to 51802
[16:48:38.041] [SEVERE ] updating countdown to 51780
[16:48:38.067] [SEVERE ] updating countdown to 51754
[16:48:38.089] [SEVERE ] updating countdown to 51732
[16:48:38.112] [SEVERE ] updating countdown to 51709
[16:48:38.134] [SEVERE ] updating countdown to 51687
[16:48:38.155] [SEVERE ] updating countdown to 51666
[16:48:38.180] [SEVERE ] updating countdown to 51641
[16:48:38.202] [SEVERE ] updating countdown to 51619
[16:48:38.227] [SEVERE ] updating countdown to 51594
[16:48:38.248] [SEVERE ] updating countdown to 51573
[16:48:38.272] [SEVERE ] updating countdown to 51549
[16:48:38.294] [SEVERE ] updating countdown to 51527
[16:48:38.315] [SEVERE ] updating countdown to 51506
[16:48:38.337] [SEVERE ] updating countdown to 51484
[16:48:38.358] [SEVERE ] updating countdown to 51463
[16:48:38.381] [SEVERE ] updating countdown to 51440
[16:48:38.407] [SEVERE ] updating countdown to 51414
[16:48:38.432] [SEVERE ] updating countdown to 51389
[16:48:38.458] [SEVERE ] updating countdown to 51363
[16:48:38.480] [SEVERE ] updating countdown to 51341
[16:48:38.501] [SEVERE ] updating countdown to 51320
[16:48:38.525] [SEVERE ] updating countdown to 51296
[16:48:38.549] [SEVERE ] updating countdown to 51272
[16:48:38.570] [SEVERE ] updating countdown to 51251
[16:48:38.593] [SEVERE ] updating countdown to 51228
[16:48:38.616] [SEVERE ] updating countdown to 51205
[16:48:38.636] [SEVERE ] updating countdown to 51185
[16:48:38.661] [SEVERE ] updating countdown to 51160
[16:48:38.684] [SEVERE ] updating countdown to 51137
[16:48:38.705] [SEVERE ] updating countdown to 51116
[16:48:38.728] [SEVERE ] updating countdown to 51093
[16:48:38.753] [SEVERE ] updating countdown to 51068
[16:48:38.775] [SEVERE ] updating countdown to 51046
[16:48:38.796] [SEVERE ] updating countdown to 51025
[16:48:38.819] [SEVERE ] updating countdown to 51002
[16:48:38.840] [SEVERE ] updating countdown to 50981
[16:48:38.861] [SEVERE ] updating countdown to 50960
[16:48:38.883] [SEVERE ] updating countdown to 50938
[16:48:38.904] [SEVERE ] updating countdown to 50917
[16:48:38.926] [SEVERE ] updating countdown to 50895
[16:48:38.950] [SEVERE ] updating countdown to 50871
[16:48:38.971] [SEVERE ] updating countdown to 50850
[16:48:38.997] [SEVERE ] updating countdown to 50824
[16:48:39.020] [SEVERE ] updating countdown to 50801
[16:48:39.044] [SEVERE ] updating countdown to 50777
[16:48:39.067] [SEVERE ] updating countdown to 50754
[16:48:39.088] [SEVERE ] updating countdown to 50733
[16:48:39.110] [SEVERE ] updating countdown to 50711
[16:48:39.132] [SEVERE ] updating countdown to 50689
[16:48:39.153] [SEVERE ] updating countdown to 50668
[16:48:39.176] [SEVERE ] updating countdown to 50645
[16:48:39.200] [SEVERE ] updating countdown to 50621
[16:48:39.225] [SEVERE ] updating countdown to 50596
[16:48:39.246] [SEVERE ] updating countdown to 50575
[16:48:39.270] [SEVERE ] updating countdown to 50551
[16:48:39.294] [SEVERE ] updating countdown to 50527
[16:48:39.317] [SEVERE ] updating countdown to 50504
[16:48:39.339] [SEVERE ] updating countdown to 50482
[16:48:39.362] [SEVERE ] updating countdown to 50459
[16:48:39.388] [SEVERE ] updating countdown to 50433
[16:48:39.411] [SEVERE ] updating countdown to 50410
[16:48:39.432] [SEVERE ] updating countdown to 50389
[16:48:39.458] [SEVERE ] updating countdown to 50363
[16:48:39.480] [SEVERE ] updating countdown to 50341
[16:48:39.504] [SEVERE ] updating countdown to 50317
[16:48:39.527] [SEVERE ] updating countdown to 50294
[16:48:39.550] [SEVERE ] updating countdown to 50271
[16:48:39.571] [SEVERE ] updating countdown to 50250
[16:48:39.593] [SEVERE ] updating countdown to 50228
[16:48:39.614] [SEVERE ] updating countdown to 50207
[16:48:39.635] [SEVERE ] updating countdown to 50186
[16:48:39.657] [SEVERE ] updating countdown to 50164
[16:48:39.679] [SEVERE ] updating countdown to 50142
[16:48:39.700] [SEVERE ] updating countdown to 50121
[16:48:39.726] [SEVERE ] updating countdown to 50095
[16:48:39.751] [SEVERE ] updating countdown to 50070
[16:48:39.775] [SEVERE ] updating countdown to 50046
[16:48:39.796] [SEVERE ] updating countdown to 50025
[16:48:39.818] [SEVERE ] updating countdown to 50003
[16:48:39.839] [SEVERE ] updating countdown to 49982
[16:48:39.860] [SEVERE ] updating countdown to 49961
[16:48:39.882] [SEVERE ] updating countdown to 49939
[16:48:39.903] [SEVERE ] updating countdown to 49918
[16:48:39.924] [SEVERE ] updating countdown to 49897
[16:48:39.950] [SEVERE ] updating countdown to 49871
[16:48:39.972] [SEVERE ] updating countdown to 49849
[16:48:39.994] [SEVERE ] updating countdown to 49827
[16:48:40.020] [SEVERE ] updating countdown to 49801
[16:48:40.041] [SEVERE ] updating countdown to 49780
[16:48:40.068] [SEVERE ] updating countdown to 49753
[16:48:40.090] [SEVERE ] updating countdown to 49731
[16:48:40.111] [SEVERE ] updating countdown to 49710
[16:48:40.132] [SEVERE ] updating countdown to 49689
[16:48:40.155] [SEVERE ] updating countdown to 49666
[16:48:40.177] [SEVERE ] updating countdown to 49644
[16:48:40.203] [SEVERE ] updating countdown to 49618
[16:48:40.225] [SEVERE ] updating countdown to 49596
[16:48:40.247] [SEVERE ] updating countdown to 49574
[16:48:40.268] [SEVERE ] updating countdown to 49553
[16:48:40.290] [SEVERE ] updating countdown to 49531
[16:48:40.311] [SEVERE ] updating countdown to 49510
[16:48:40.333] [SEVERE ] updating countdown to 49488
[16:48:40.355] [SEVERE ] updating countdown to 49466
[16:48:40.376] [SEVERE ] updating countdown to 49445
[16:48:40.398] [SEVERE ] updating countdown to 49423
[16:48:40.419] [SEVERE ] updating countdown to 49402
[16:48:40.440] [SEVERE ] updating countdown to 49381
[16:48:40.461] [SEVERE ] updating countdown to 49360
[16:48:40.483] [SEVERE ] updating countdown to 49338
[16:48:40.503] [SEVERE ] updating countdown to 49318
[16:48:40.524] [SEVERE ] updating countdown to 49297
[16:48:40.545] [SEVERE ] updating countdown to 49276
[16:48:40.568] [SEVERE ] updating countdown to 49253
[16:48:40.594] [SEVERE ] updating countdown to 49227
[16:48:40.617] [SEVERE ] updating countdown to 49204
[16:48:40.640] [SEVERE ] updating countdown to 49181
[16:48:40.661] [SEVERE ] updating countdown to 49160
[16:48:40.687] [SEVERE ] updating countdown to 49134
[16:48:40.713] [SEVERE ] updating countdown to 49108
[16:48:40.739] [SEVERE ] updating countdown to 49082
[16:48:40.765] [SEVERE ] updating countdown to 49056
[16:48:40.791] [SEVERE ] updating countdown to 49030
[16:48:40.816] [SEVERE ] updating countdown to 49005
[16:48:40.837] [SEVERE ] updating countdown to 48984
[16:48:40.859] [SEVERE ] updating countdown to 48963
[16:48:40.881] [SEVERE ] updating countdown to 48940
[16:48:40.902] [SEVERE ] updating countdown to 48919
[16:48:40.923] [SEVERE ] updating countdown to 48898
[16:48:40.944] [SEVERE ] updating countdown to 48877
[16:48:40.965] [SEVERE ] updating countdown to 48856
[16:48:40.986] [SEVERE ] updating countdown to 48835
[16:48:41.007] [SEVERE ] updating countdown to 48814
[16:48:41.027] [SEVERE ] updating countdown to 48794
[16:48:41.048] [SEVERE ] updating countdown to 48773
[16:48:41.069] [SEVERE ] updating countdown to 48752
[16:48:41.090] [SEVERE ] updating countdown to 48731
[16:48:41.112] [SEVERE ] updating countdown to 48709
[16:48:41.133] [SEVERE ] updating countdown to 48688
[16:48:41.156] [SEVERE ] updating countdown to 48665
[16:48:41.178] [SEVERE ] updating countdown to 48643
[16:48:41.200] [SEVERE ] updating countdown to 48621
[16:48:41.223] [SEVERE ] updating countdown to 48598
[16:48:41.245] [SEVERE ] updating countdown to 48576
[16:48:41.268] [SEVERE ] updating countdown to 48553
[16:48:41.290] [SEVERE ] updating countdown to 48531
[16:48:41.314] [SEVERE ] updating countdown to 48507
[16:48:41.337] [SEVERE ] updating countdown to 48484
[16:48:41.359] [SEVERE ] updating countdown to 48462
[16:48:41.380] [SEVERE ] updating countdown to 48441
[16:48:41.402] [SEVERE ] updating countdown to 48419
[16:48:41.423] [SEVERE ] updating countdown to 48398
[16:48:41.445] [SEVERE ] updating countdown to 48376
[16:48:41.467] [SEVERE ] updating countdown to 48354
[16:48:41.488] [SEVERE ] updating countdown to 48333
[16:48:41.509] [SEVERE ] updating countdown to 48312
[16:48:41.532] [SEVERE ] updating countdown to 48289
[16:48:41.554] [SEVERE ] updating countdown to 48267
[16:48:41.575] [SEVERE ] updating countdown to 48246
[16:48:41.596] [SEVERE ] updating countdown to 48225
[16:48:41.617] [SEVERE ] updating countdown to 48204
[16:48:41.638] [SEVERE ] updating countdown to 48183
[16:48:41.660] [SEVERE ] updating countdown to 48161
[16:48:41.681] [SEVERE ] updating countdown to 48140
[16:48:41.702] [SEVERE ] updating countdown to 48119
[16:48:41.723] [SEVERE ] updating countdown to 48098
[16:48:41.745] [SEVERE ] updating countdown to 48076
[16:48:41.766] [SEVERE ] updating countdown to 48055
[16:48:41.787] [SEVERE ] updating countdown to 48034
[16:48:41.809] [SEVERE ] updating countdown to 48012
[16:48:41.830] [SEVERE ] updating countdown to 47991
[16:48:41.851] [SEVERE ] updating countdown to 47970
[16:48:41.873] [SEVERE ] updating countdown to 47948
[16:48:41.895] [SEVERE ] updating countdown to 47926
[16:48:41.916] [SEVERE ] updating countdown to 47905
[16:48:41.937] [SEVERE ] updating countdown to 47884
[16:48:41.958] [SEVERE ] updating countdown to 47863
[16:48:41.979] [SEVERE ] updating countdown to 47842
[16:48:42.000] [SEVERE ] updating countdown to 47821
[16:48:42.021] [SEVERE ] updating countdown to 47800
[16:48:42.042] [SEVERE ] updating countdown to 47779
[16:48:42.064] [SEVERE ] updating countdown to 47757
[16:48:42.086] [SEVERE ] updating countdown to 47735
[16:48:42.107] [SEVERE ] updating countdown to 47714
[16:48:42.128] [SEVERE ] updating countdown to 47693
[16:48:42.150] [SEVERE ] updating countdown to 47671
[16:48:42.171] [SEVERE ] updating countdown to 47650
[16:48:42.192] [SEVERE ] updating countdown to 47629
[16:48:42.213] [SEVERE ] updating countdown to 47608
[16:48:42.235] [SEVERE ] updating countdown to 47586
[16:48:42.259] [SEVERE ] updating countdown to 47562
[16:48:42.281] [SEVERE ] updating countdown to 47540
[16:48:42.302] [SEVERE ] updating countdown to 47519
[16:48:42.325] [SEVERE ] updating countdown to 47496
[16:48:42.348] [SEVERE ] updating countdown to 47473
[16:48:42.372] [SEVERE ] updating countdown to 47449
[16:48:42.397] [SEVERE ] updating countdown to 47424
[16:48:42.421] [SEVERE ] updating countdown to 47400
[16:48:42.445] [SEVERE ] updating countdown to 47376
[16:48:42.467] [SEVERE ] updating countdown to 47354
[16:48:42.488] [SEVERE ] updating countdown to 47333
[16:48:42.509] [SEVERE ] updating countdown to 47312
[16:48:42.532] [SEVERE ] updating countdown to 47289
[16:48:42.554] [SEVERE ] updating countdown to 47267
[16:48:42.575] [SEVERE ] updating countdown to 47246
[16:48:42.596] [SEVERE ] updating countdown to 47225
[16:48:42.618] [SEVERE ] updating countdown to 47203
[16:48:42.639] [SEVERE ] updating countdown to 47182
[16:48:42.660] [SEVERE ] updating countdown to 47161
[16:48:42.681] [SEVERE ] updating countdown to 47140
[16:48:42.703] [SEVERE ] updating countdown to 47118
[16:48:42.724] [SEVERE ] updating countdown to 47097
[16:48:42.745] [SEVERE ] updating countdown to 47076
[16:48:42.766] [SEVERE ] updating countdown to 47055
[16:48:42.787] [SEVERE ] updating countdown to 47034
[16:48:42.808] [SEVERE ] updating countdown to 47013
[16:48:42.829] [SEVERE ] updating countdown to 46992
[16:48:42.851] [SEVERE ] updating countdown to 46970
[16:48:42.874] [SEVERE ] updating countdown to 46947
[16:48:42.895] [SEVERE ] updating countdown to 46926
[16:48:42.917] [SEVERE ] updating countdown to 46904
[16:48:42.938] [SEVERE ] updating countdown to 46883
[16:48:42.959] [SEVERE ] updating countdown to 46862
[16:48:42.980] [SEVERE ] updating countdown to 46841
[16:48:43.005] [SEVERE ] updating countdown to 46816
[16:48:43.031] [SEVERE ] updating countdown to 46790
[16:48:43.054] [SEVERE ] updating countdown to 46767
[16:48:43.077] [SEVERE ] updating countdown to 46744
[16:48:43.098] [SEVERE ] updating countdown to 46723
[16:48:43.124] [SEVERE ] updating countdown to 46697
[16:48:43.146] [SEVERE ] updating countdown to 46675
[16:48:43.172] [SEVERE ] updating countdown to 46649
[16:48:43.198] [SEVERE ] updating countdown to 46623
[16:48:43.224] [SEVERE ] updating countdown to 46597
[16:48:43.247] [SEVERE ] updating countdown to 46574
[16:48:43.269] [SEVERE ] updating countdown to 46552
[16:48:43.290] [SEVERE ] updating countdown to 46531
[16:48:43.314] [SEVERE ] updating countdown to 46507
[16:48:43.335] [SEVERE ] updating countdown to 46486
[16:48:43.356] [SEVERE ] updating countdown to 46465
[16:48:43.377] [SEVERE ] updating countdown to 46444
[16:48:43.398] [SEVERE ] updating countdown to 46423
[16:48:43.419] [SEVERE ] updating countdown to 46402
[16:48:43.440] [SEVERE ] updating countdown to 46381
[16:48:43.461] [SEVERE ] updating countdown to 46360
[16:48:43.482] [SEVERE ] updating countdown to 46339
[16:48:43.503] [SEVERE ] updating countdown to 46318
[16:48:43.529] [SEVERE ] updating countdown to 46292
[16:48:43.555] [SEVERE ] updating countdown to 46266
[16:48:43.581] [SEVERE ] updating countdown to 46240
[16:48:43.607] [SEVERE ] updating countdown to 46214
[16:48:43.633] [SEVERE ] updating countdown to 46188
[16:48:43.655] [SEVERE ] updating countdown to 46166
[16:48:43.680] [SEVERE ] updating countdown to 46141
[16:48:43.707] [SEVERE ] updating countdown to 46114
[16:48:43.732] [SEVERE ] updating countdown to 46089
[16:48:43.757] [SEVERE ] updating countdown to 46064
[16:48:43.779] [SEVERE ] updating countdown to 46042
[16:48:43.784] [SEVERE ] key 81 was pressed by player 1
[16:48:43.785] [SEVERE ] player 1 placing token on slot 0
[16:48:43.801] [SEVERE ] updating countdown to 46020
[16:48:43.828] [SEVERE ] updating countdown to 45993
[16:48:43.855] [SEVERE ] updating countdown to 45966
[16:48:43.880] [SEVERE ] updating countdown to 45941
[16:48:43.902] [SEVERE ] updating countdown to 45919
[16:48:43.929] [SEVERE ] updating countdown to 45892
[16:48:43.955] [SEVERE ] updating countdown to 45866
[16:48:43.980] [SEVERE ] updating countdown to 45841
[16:48:44.002] [SEVERE ] updating countdown to 45819
[16:48:44.028] [SEVERE ] updating countdown to 45793
[16:48:44.053] [SEVERE ] updating countdown to 45768
[16:48:44.079] [SEVERE ] updating countdown to 45742
[16:48:44.103] [SEVERE ] updating countdown to 45718
[16:48:44.125] [SEVERE ] updating countdown to 45696
[16:48:44.149] [SEVERE ] updating countdown to 45672
[16:48:44.175] [SEVERE ] updating countdown to 45646
[16:48:44.201] [SEVERE ] updating countdown to 45620
[16:48:44.222] [SEVERE ] updating countdown to 45599
[16:48:44.245] [SEVERE ] updating countdown to 45576
[16:48:44.266] [SEVERE ] updating countdown to 45555
[16:48:44.289] [SEVERE ] updating countdown to 45532
[16:48:44.314] [SEVERE ] updating countdown to 45507
[16:48:44.335] [SEVERE ] updating countdown to 45486
[16:48:44.357] [SEVERE ] updating countdown to 45464
[16:48:44.381] [SEVERE ] updating countdown to 45440
[16:48:44.394] [SEVERE ] key 90 was pressed by player 1
[16:48:44.394] [SEVERE ] player 1 placing token on slot 8
[16:48:44.402] [SEVERE ] updating countdown to 45419
[16:48:44.428] [SEVERE ] updating countdown to 45393
[16:48:44.454] [SEVERE ] updating countdown to 45367
[16:48:44.477] [SEVERE ] updating countdown to 45344
[16:48:44.503] [SEVERE ] updating countdown to 45318
[16:48:44.525] [SEVERE ] updating countdown to 45296
[16:48:44.548] [SEVERE ] updating countdown to 45273
[16:48:44.573] [SEVERE ] updating countdown to 45248
[16:48:44.594] [SEVERE ] updating countdown to 45227
[16:48:44.615] [SEVERE ] updating countdown to 45206
[16:48:44.636] [SEVERE ] updating countdown to 45185
[16:48:44.662] [SEVERE ] updating countdown to 45159
[16:48:44.684] [SEVERE ] updating countdown to 45137
[16:48:44.710] [SEVERE ] updating countdown to 45111
[16:48:44.731] [SEVERE ] updating countdown to 45090
[16:48:44.753] [SEVERE ] updating countdown to 45068
[16:48:44.777] [SEVERE ] updating countdown to 45044
[16:48:44.798] [SEVERE ] updating countdown to 45023
[16:48:44.820] [SEVERE ] updating countdown to 45001
[16:48:44.843] [SEVERE ] updating countdown to 44978
[16:48:44.865] [SEVERE ] updating countdown to 44956
[16:48:44.886] [SEVERE ] updating countdown to 44935
[16:48:44.910] [SEVERE ] updating countdown to 44911
[16:48:44.935] [SEVERE ] updating countdown to 44886
[16:48:44.961] [SEVERE ] updating countdown to 44860
[16:48:44.983] [SEVERE ] updating countdown to 44838
[16:48:45.008] [SEVERE ] updating countdown to 44813
[16:48:45.032] [SEVERE ] updating countdown to 44789
[16:48:45.057] [SEVERE ] updating countdown to 44764
[16:48:45.080] [SEVERE ] updating countdown to 44741
[16:48:45.105] [SEVERE ] updating countdown to 44716
[16:48:45.129] [SEVERE ] updating countdown to 44692
[16:48:45.152] [SEVERE ] updating countdown to 44669
[16:48:45.178] [SEVERE ] updating countdown to 44643
[16:48:45.203] [SEVERE ] updating countdown to 44618
[16:48:45.229] [SEVERE ] updating countdown to 44592
[16:48:45.253] [SEVERE ] updating countdown to 44568
[16:48:45.279] [SEVERE ] updating countdown to 44542
[16:48:45.302] [SEVERE ] updating countdown to 44519
[16:48:45.327] [SEVERE ] updating countdown to 44494
[16:48:45.351] [SEVERE ] updating countdown to 44470
[16:48:45.376] [SEVERE ] updating countdown to 44445
[16:48:45.400] [SEVERE ] updating countdown to 44421
[16:48:45.426] [SEVERE ] updating countdown to 44395
[16:48:45.452] [SEVERE ] updating countdown to 44369
[16:48:45.477] [SEVERE ] updating countdown to 44344
[16:48:45.502] [SEVERE ] updating countdown to 44319
[16:48:45.528] [SEVERE ] updating countdown to 44293
[16:48:45.551] [SEVERE ] updating countdown to 44270
[16:48:45.576] [SEVERE ] updating countdown to 44245
[16:48:45.602] [SEVERE ] updating countdown to 44219
[16:48:45.625] [SEVERE ] updating countdown to 44196
[16:48:45.651] [SEVERE ] updating countdown to 44170
[16:48:45.677] [SEVERE ] updating countdown to 44144
[16:48:45.703] [SEVERE ] updating countdown to 44118
[16:48:45.728] [SEVERE ] updating countdown to 44093
[16:48:45.754] [SEVERE ] updating countdown to 44067
[16:48:45.780] [SEVERE ] updating countdown to 44041
[16:48:45.806] [SEVERE ] updating countdown to 44015
[16:48:45.828] [SEVERE ] updating countdown to 43993
[16:48:45.854] [SEVERE ] updating countdown to 43967
[16:48:45.880] [SEVERE ] updating countdown to 43941
[16:48:45.905] [SEVERE ] updating countdown to 43916
[16:48:45.927] [SEVERE ] updating countdown to 43894
[16:48:45.949] [SEVERE ] updating countdown to 43872
[16:48:45.972] [SEVERE ] updating countdown to 43849
[16:48:45.994] [SEVERE ] updating countdown to 43827
[16:48:46.015] [SEVERE ] updating countdown to 43806
[16:48:46.036] [SEVERE ] updating countdown to 43785
[16:48:46.058] [SEVERE ] updating countdown to 43763
[16:48:46.079] [SEVERE ] updating countdown to 43742
[16:48:46.101] [SEVERE ] updating countdown to 43720
[16:48:46.124] [SEVERE ] updating countdown to 43697
[16:48:46.145] [SEVERE ] updating countdown to 43676
[16:48:46.169] [SEVERE ] updating countdown to 43652
[16:48:46.195] [SEVERE ] updating countdown to 43626
[16:48:46.221] [SEVERE ] updating countdown to 43600
[16:48:46.242] [SEVERE ] updating countdown to 43579
[16:48:46.268] [SEVERE ] updating countdown to 43553
[16:48:46.290] [SEVERE ] updating countdown to 43531
[16:48:46.311] [SEVERE ] updating countdown to 43510
[16:48:46.336] [SEVERE ] updating countdown to 43485
[16:48:46.362] [SEVERE ] updating countdown to 43459
[16:48:46.388] [SEVERE ] updating countdown to 43433
[16:48:46.412] [SEVERE ] updating countdown to 43409
[16:48:46.438] [SEVERE ] updating countdown to 43383
[16:48:46.464] [SEVERE ] updating countdown to 43357
[16:48:46.488] [SEVERE ] updating countdown to 43333
[16:48:46.512] [SEVERE ] updating countdown to 43309
[16:48:46.534] [SEVERE ] updating countdown to 43287
[16:48:46.558] [SEVERE ] updating countdown to 43263
[16:48:46.585] [SEVERE ] updating countdown to 43236
[16:48:46.611] [SEVERE ] updating countdown to 43210
[16:48:46.637] [SEVERE ] updating countdown to 43184
[16:48:46.658] [SEVERE ] updating countdown to 43163
[16:48:46.679] [SEVERE ] updating countdown to 43142
[16:48:46.700] [SEVERE ] updating countdown to 43121
[16:48:46.723] [SEVERE ] updating countdown to 43098
[16:48:46.744] [SEVERE ] updating countdown to 43077
[16:48:46.765] [SEVERE ] updating countdown to 43056
[16:48:46.786] [SEVERE ] updating countdown to 43035
[16:48:46.807] [SEVERE ] updating countdown to 43014
[16:48:46.828] [SEVERE ] updating countdown to 42993
[16:48:46.850] [SEVERE ] updating countdown to 42971
[16:48:46.871] [SEVERE ] updating countdown to 42950
[16:48:46.892] [SEVERE ] updating countdown to 42929
[16:48:46.913] [SEVERE ] updating countdown to 42908
[16:48:46.934] [SEVERE ] updating countdown to 42887
[16:48:46.955] [SEVERE ] updating countdown to 42866
[16:48:46.977] [SEVERE ] updating countdown to 42844
[16:48:46.998] [SEVERE ] updating countdown to 42823
[16:48:47.019] [SEVERE ] updating countdown to 42802
[16:48:47.041] [SEVERE ] updating countdown to 42780
[16:48:47.062] [SEVERE ] updating countdown to 42759
[16:48:47.083] [SEVERE ] updating countdown to 42738
[16:48:47.105] [SEVERE ] updating countdown to 42716
[16:48:47.126] [SEVERE ] updating countdown to 42695
[16:48:47.148] [SEVERE ] updating countdown to 42673
[16:48:47.169] [SEVERE ] updating countdown to 42652
[16:48:47.190] [SEVERE ] updating countdown to 42631
[16:48:47.211] [SEVERE ] updating countdown to 42610
[16:48:47.234] [SEVERE ] updating countdown to 42587
[16:48:47.256] [SEVERE ] updating countdown to 42565
[16:48:47.277] [SEVERE ] updating countdown to 42544
[16:48:47.300] [SEVERE ] updating countdown to 42521
[16:48:47.322] [SEVERE ] updating countdown to 42499
[16:48:47.347] [SEVERE ] updating countdown to 42474
[16:48:47.368] [SEVERE ] updating countdown to 42453
[16:48:47.392] [SEVERE ] updating countdown to 42429
[16:48:47.418] [SEVERE ] updating countdown to 42403
[16:48:47.444] [SEVERE ] updating countdown to 42377
[16:48:47.470] [SEVERE ] updating countdown to 42351
[16:48:47.495] [SEVERE ] updating countdown to 42326
[16:48:47.519] [SEVERE ] updating countdown to 42302
[16:48:47.532] [SEVERE ] key 69 was pressed by player 1
[16:48:47.532] [SEVERE ] player 1 placing token on slot 2
[16:48:47.533] [SEVERE ] setting player 1 score to 1
[16:48:47.535] [SEVERE ] setting player 1 freeze to 1000
[16:48:47.541] [SEVERE ] updating countdown to 42280
[16:48:47.564] [SEVERE ] updating countdown to 42257
[16:48:47.588] [SEVERE ] updating countdown to 42233
[16:48:47.610] [SEVERE ] updating countdown to 42211
[16:48:47.631] [SEVERE ] updating countdown to 42190
[16:48:47.656] [SEVERE ] updating countdown to 42165
[16:48:47.679] [SEVERE ] updating countdown to 42142
[16:48:47.701] [SEVERE ] updating countdown to 42120
[16:48:47.723] [SEVERE ] updating countdown to 42098
[16:48:47.743] [SEVERE ] updating countdown to 42078
[16:48:47.770] [SEVERE ] updating countdown to 42051
[16:48:47.793] [SEVERE ] updating countdown to 42028
[16:48:47.819] [SEVERE ] updating countdown to 42002
[16:48:47.841] [SEVERE ] updating countdown to 41980
[16:48:47.863] [SEVERE ] updating countdown to 41958
[16:48:47.890] [SEVERE ] updating countdown to 41931
[16:48:47.914] [SEVERE ] updating countdown to 41907
[16:48:47.936] [SEVERE ] updating countdown to 41885
[16:48:47.957] [SEVERE ] updating countdown to 41864
[16:48:47.978] [SEVERE ] updating countdown to 41843
[16:48:48.002] [SEVERE ] updating countdown to 41819
[16:48:48.028] [SEVERE ] updating countdown to 41793
[16:48:48.049] [SEVERE ] updating countdown to 41772
[16:48:48.073] [SEVERE ] updating countdown to 41748
[16:48:48.100] [SEVERE ] updating countdown to 41721
[16:48:48.123] [SEVERE ] updating countdown to 41698
[16:48:48.145] [SEVERE ] updating countdown to 41676
[16:48:48.166] [SEVERE ] updating countdown to 41655
[16:48:48.189] [SEVERE ] updating countdown to 41632
[16:48:48.214] [SEVERE ] updating countdown to 41607
[16:48:48.240] [SEVERE ] updating countdown to 41581
[16:48:48.261] [SEVERE ] updating countdown to 41560
[16:48:48.282] [SEVERE ] updating countdown to 41539
[16:48:48.304] [SEVERE ] updating countdown to 41517
[16:48:48.325] [SEVERE ] updating countdown to 41496
[16:48:48.349] [SEVERE ] updating countdown to 41472
[16:48:48.372] [SEVERE ] updating countdown to 41449
[16:48:48.395] [SEVERE ] updating countdown to 41426
[16:48:48.421] [SEVERE ] updating countdown to 41400
[16:48:48.445] [SEVERE ] updating countdown to 41376
[16:48:48.467] [SEVERE ] updating countdown to 41354
[16:48:48.489] [SEVERE ] updating countdown to 41332
[16:48:48.512] [SEVERE ] updating countdown to 41310
[16:48:48.533] [SEVERE ] updating countdown to 41288
[16:48:48.557] [SEVERE ] updating countdown to 41264
[16:48:48.579] [SEVERE ] updating countdown to 41242
[16:48:48.605] [SEVERE ] updating countdown to 41216
[16:48:48.629] [SEVERE ] updating countdown to 41192
[16:48:48.650] [SEVERE ] updating countdown to 41171
[16:48:48.677] [SEVERE ] updating countdown to 41144
[16:48:48.699] [SEVERE ] updating countdown to 41122
[16:48:48.720] [SEVERE ] updating countdown to 41101
[16:48:48.741] [SEVERE ] updating countdown to 41080
[16:48:48.762] [SEVERE ] updating countdown to 41059
[16:48:48.783] [SEVERE ] updating countdown to 41038
[16:48:48.809] [SEVERE ] updating countdown to 41012
[16:48:48.835] [SEVERE ] updating countdown to 40986
[16:48:48.856] [SEVERE ] updating countdown to 40965
[16:48:48.882] [SEVERE ] updating countdown to 40939
[16:48:48.908] [SEVERE ] updating countdown to 40913
[16:48:48.934] [SEVERE ] updating countdown to 40887
[16:48:48.960] [SEVERE ] updating countdown to 40861
[16:48:48.981] [SEVERE ] updating countdown to 40840
[16:48:49.003] [SEVERE ] updating countdown to 40818
[16:48:49.029] [SEVERE ] updating countdown to 40792
[16:48:49.053] [SEVERE ] updating countdown to 40768
[16:48:49.076] [SEVERE ] updating countdown to 40745
[16:48:49.102] [SEVERE ] updating countdown to 40719
[16:48:49.128] [SEVERE ] updating countdown to 40693
[16:48:49.149] [SEVERE ] updating countdown to 40672
[16:48:49.172] [SEVERE ] updating countdown to 40649
[16:48:49.194] [SEVERE ] updating countdown to 40627
[16:48:49.219] [SEVERE ] updating countdown to 40602
[16:48:49.240] [SEVERE ] updating countdown to 40581
[16:48:49.264] [SEVERE ] updating countdown to 40557
[16:48:49.285] [SEVERE ] updating countdown to 40536
[16:48:49.308] [SEVERE ] updating countdown to 40513
[16:48:49.332] [SEVERE ] updating countdown to 40489
[16:48:49.358] [SEVERE ] updating countdown to 40463
[16:48:49.380] [SEVERE ] updating countdown to 40441
[16:48:49.404] [SEVERE ] updating countdown to 40417
[16:48:49.426] [SEVERE ] updating countdown to 40395
[16:48:49.449] [SEVERE ] updating countdown to 40372
[16:48:49.470] [SEVERE ] updating countdown to 40351
[16:48:49.491] [SEVERE ] updating countdown to 40330
[16:48:49.514] [SEVERE ] updating countdown to 40307
[16:48:49.535] [SEVERE ] updating countdown to 40286
[16:48:49.556] [SEVERE ] updating countdown to 40265
[16:48:49.578] [SEVERE ] updating countdown to 40243
[16:48:49.598] [SEVERE ] updating countdown to 40223
[16:48:49.623] [SEVERE ] updating countdown to 40198
[16:48:49.646] [SEVERE ] updating countdown to 40175
[16:48:49.670] [SEVERE ] updating countdown to 40151
[16:48:49.695] [SEVERE ] updating countdown to 40126
[16:48:49.720] [SEVERE ] updating countdown to 40101
[16:48:49.742] [SEVERE ] updating countdown to 40079
[16:48:49.767] [SEVERE ] updating countdown to 40054
[16:48:49.791] [SEVERE ] updating countdown to 40030
[16:48:49.813] [SEVERE ] updating countdown to 40008
[16:48:49.835] [SEVERE ] updating countdown to 39986
[16:48:49.859] [SEVERE ] updating countdown to 39962
[16:48:49.885] [SEVERE ] updating countdown to 39936
[16:48:49.911] [SEVERE ] updating countdown to 39910
[16:48:49.937] [SEVERE ] updating countdown to 39884
[16:48:49.960] [SEVERE ] updating countdown to 39861
[16:48:49.982] [SEVERE ] updating countdown to 39839
[16:48:50.008] [SEVERE ] updating countdown to 39813
[16:48:50.034] [SEVERE ] updating countdown to 39787
[16:48:50.057] [SEVERE ] updating countdown to 39765
[16:48:50.080] [SEVERE ] updating countdown to 39741
[16:48:50.106] [SEVERE ] updating countdown to 39715
[16:48:50.128] [SEVERE ] updating countdown to 39693
[16:48:50.148] [SEVERE ] updating countdown to 39673
[16:48:50.172] [SEVERE ] updating countdown to 39649
[16:48:50.195] [SEVERE ] updating countdown to 39626
[16:48:50.217] [SEVERE ] updating countdown to 39604
[16:48:50.240] [SEVERE ] updating countdown to 39581
[16:48:50.266] [SEVERE ] updating countdown to 39555
[16:48:50.288] [SEVERE ] updating countdown to 39533
[16:48:50.309] [SEVERE ] updating countdown to 39512
[16:48:50.331] [SEVERE ] updating countdown to 39490
[16:48:50.352] [SEVERE ] updating countdown to 39469
[16:48:50.376] [SEVERE ] updating countdown to 39445
[16:48:50.399] [SEVERE ] updating countdown to 39422
[16:48:50.425] [SEVERE ] updating countdown to 39396
[16:48:50.448] [SEVERE ] updating countdown to 39373
[16:48:50.474] [SEVERE ] updating countdown to 39347
[16:48:50.496] [SEVERE ] updating countdown to 39325
[16:48:50.517] [SEVERE ] updating countdown to 39304
[16:48:50.544] [SEVERE ] updating countdown to 39277
[16:48:50.566] [SEVERE ] updating countdown to 39255
[16:48:50.592] [SEVERE ] updating countdown to 39229
[16:48:50.617] [SEVERE ] updating countdown to 39204
[16:48:50.640] [SEVERE ] updating countdown to 39181
[16:48:50.664] [SEVERE ] updating countdown to 39157
[16:48:50.689] [SEVERE ] updating countdown to 39132
[16:48:50.713] [SEVERE ] updating countdown to 39108
[16:48:50.740] [SEVERE ] updating countdown to 39081
[16:48:50.761] [SEVERE ] updating countdown to 39060
[16:48:50.783] [SEVERE ] updating countdown to 39038
[16:48:50.804] [SEVERE ] updating countdown to 39017
[16:48:50.826] [SEVERE ] updating countdown to 38995
[16:48:50.850] [SEVERE ] updating countdown to 38971
[16:48:50.873] [SEVERE ] updating countdown to 38948
[16:48:50.896] [SEVERE ] updating countdown to 38925
[16:48:50.922] [SEVERE ] updating countdown to 38899
[16:48:50.943] [SEVERE ] updating countdown to 38878
[16:48:50.964] [SEVERE ] updating countdown to 38857
[16:48:50.985] [SEVERE ] updating countdown to 38836
[16:48:51.006] [SEVERE ] updating countdown to 38815
[16:48:51.027] [SEVERE ] updating countdown to 38794
[16:48:51.049] [SEVERE ] updating countdown to 38772
[16:48:51.071] [SEVERE ] updating countdown to 38750
[16:48:51.092] [SEVERE ] updating countdown to 38729
[16:48:51.114] [SEVERE ] updating countdown to 38707
[16:48:51.140] [SEVERE ] updating countdown to 38681
[16:48:51.164] [SEVERE ] updating countdown to 38657
[16:48:51.188] [SEVERE ] updating countdown to 38633
[16:48:51.210] [SEVERE ] updating countdown to 38611
[16:48:51.231] [SEVERE ] updating countdown to 38590
[16:48:51.252] [SEVERE ] updating countdown to 38569
[16:48:51.273] [SEVERE ] updating countdown to 38548
[16:48:51.295] [SEVERE ] updating countdown to 38526
[16:48:51.316] [SEVERE ] updating countdown to 38505
[16:48:51.337] [SEVERE ] updating countdown to 38484
[16:48:51.359] [SEVERE ] updating countdown to 38462
[16:48:51.380] [SEVERE ] updating countdown to 38441
[16:48:51.401] [SEVERE ] updating countdown to 38420
[16:48:51.423] [SEVERE ] updating countdown to 38398
[16:48:51.444] [SEVERE ] updating countdown to 38377
[16:48:51.465] [SEVERE ] updating countdown to 38356
[16:48:51.487] [SEVERE ] updating countdown to 38334
[16:48:51.508] [SEVERE ] updating countdown to 38313
[16:48:51.529] [SEVERE ] updating countdown to 38292
[16:48:51.551] [SEVERE ] updating countdown to 38270
[16:48:51.572] [SEVERE ] updating countdown to 38249
[16:48:51.593] [SEVERE ] updating countdown to 38228
[16:48:51.615] [SEVERE ] updating countdown to 38206
[16:48:51.636] [SEVERE ] updating countdown to 38185
[16:48:51.657] [SEVERE ] updating countdown to 38164
[16:48:51.683] [SEVERE ] updating countdown to 38138
[16:48:51.709] [SEVERE ] updating countdown to 38112
[16:48:51.735] [SEVERE ] updating countdown to 38086
[16:48:51.756] [SEVERE ] updating countdown to 38065
[16:48:51.780] [SEVERE ] updating countdown to 38041
[16:48:51.801] [SEVERE ] updating countdown to 38020
[16:48:51.822] [SEVERE ] updating countdown to 37999
[16:48:51.843] [SEVERE ] updating countdown to 37978
[16:48:51.864] [SEVERE ] updating countdown to 37957
[16:48:51.885] [SEVERE ] updating countdown to 37936
[16:48:51.906] [SEVERE ] updating countdown to 37915
[16:48:51.927] [SEVERE ] updating countdown to 37894
[16:48:51.948] [SEVERE ] updating countdown to 37873
[16:48:51.969] [SEVERE ] updating countdown to 37852
[16:48:51.990] [SEVERE ] updating countdown to 37831
[16:48:52.011] [SEVERE ] updating countdown to 37810
[16:48:52.032] [SEVERE ] updating countdown to 37789
[16:48:52.055] [SEVERE ] updating countdown to 37766
[16:48:52.076] [SEVERE ] updating countdown to 37745
[16:48:52.098] [SEVERE ] updating countdown to 37723
[16:48:52.119] [SEVERE ] updating countdown to 37702
[16:48:52.140] [SEVERE ] updating countdown to 37681
[16:48:52.161] [SEVERE ] updating countdown to 37660
[16:48:52.184] [SEVERE ] updating countdown to 37637
[16:48:52.206] [SEVERE ] updating countdown to 37615
[16:48:52.232] [SEVERE ] updating countdown to 37589
[16:48:52.254] [SEVERE ] updating countdown to 37567
[16:48:52.277] [SEVERE ] updating countdown to 37544
[16:48:52.299] [SEVERE ] updating countdown to 37522
[16:48:52.321] [SEVERE ] updating countdown to 37500
[16:48:52.347] [SEVERE ] updating countdown to 37474
[16:48:52.370] [SEVERE ] updating countdown to 37451
[16:48:52.392] [SEVERE ] updating countdown to 37429
[16:48:52.413] [SEVERE ] updating countdown to 37408
[16:48:52.434] [SEVERE ] updating countdown to 37387
[16:48:52.457] [SEVERE ] updating countdown to 37364
[16:48:52.478] [SEVERE ] updating countdown to 37343
[16:48:52.500] [SEVERE ] updating countdown to 37321
[16:48:52.522] [SEVERE ] updating countdown to 37299
[16:48:52.543] [SEVERE ] updating countdown to 37278
[16:48:52.564] [SEVERE ] updating countdown to 37257
[16:48:52.587] [SEVERE ] updating countdown to 37234
[16:48:52.608] [SEVERE ] updating countdown to 37213
[16:48:52.630] [SEVERE ] updating countdown to 37191
[16:48:52.651] [SEVERE ] updating countdown to 37170
[16:48:52.672] [SEVERE ] updating countdown to 37149
[16:48:52.693] [SEVERE ] updating countdown to 37128
[16:48:52.716] [SEVERE ] updating countdown to 37105
[16:48:52.738] [SEVERE ] updating countdown to 37083
[16:48:52.760] [SEVERE ] updating countdown to 37061
[16:48:52.781] [SEVERE ] updating countdown to 37040
[16:48:52.803] [SEVERE ] updating countdown to 37018
[16:48:52.824] [SEVERE ] updating countdown to 36997
[16:48:52.845] [SEVERE ] updating countdown to 36976
[16:48:52.866] [SEVERE ] updating countdown to 36955
[16:48:52.887] [SEVERE ] updating countdown to 36934
[16:48:52.908] [SEVERE ] updating countdown to 36913
[16:48:52.929] [SEVERE ] updating countdown to 36892
[16:48:52.950] [SEVERE ] updating countdown to 36871
[16:48:52.971] [SEVERE ] updating countdown to 36850
[16:48:52.992] [SEVERE ] updating countdown to 36829
[16:48:53.013] [SEVERE ] updating countdown to 36808
[16:48:53.035] [SEVERE ] updating countdown to 36786
[16:48:53.056] [SEVERE ] updating countdown to 36765
[16:48:53.077] [SEVERE ] updating countdown to 36744
[16:48:53.098] [SEVERE ] updating countdown to 36723
[16:48:53.119] [SEVERE ] updating countdown to 36702
[16:48:53.140] [SEVERE ] updating countdown to 36681
[16:48:53.161] [SEVERE ] updating countdown to 36660
[16:48:53.182] [SEVERE ] updating countdown to 36639
[16:48:53.204] [SEVERE ] updating countdown to 36617
[16:48:53.225] [SEVERE ] updating countdown to 36596
[16:48:53.243] [SEVERE ] key 83 was pressed by player 1
[16:48:53.243] [SEVERE ] player 1 placing token on slot 5
[16:48:53.246] [SEVERE ] updating countdown to 36575
[16:48:53.271] [SEVERE ] updating countdown to 36550
[16:48:53.292] [SEVERE ] updating countdown to 36529
[16:48:53.313] [SEVERE ] updating countdown to 36508
[16:48:53.334] [SEVERE ] updating countdown to 36487
[16:48:53.355] [SEVERE ] updating countdown to 36466
[16:48:53.376] [SEVERE ] updating countdown to 36445
[16:48:53.397] [SEVERE ] updating countdown to 36424
[16:48:53.418] [SEVERE ] updating countdown to 36403
[16:48:53.440] [SEVERE ] updating countdown to 36381
[16:48:53.462] [SEVERE ] updating countdown to 36359
[16:48:53.486] [SEVERE ] updating countdown to 36335
[16:48:53.512] [SEVERE ] updating countdown to 36309
[16:48:53.534] [SEVERE ] updating countdown to 36287
[16:48:53.556] [SEVERE ] updating countdown to 36265
[16:48:53.577] [SEVERE ] updating countdown to 36244
[16:48:53.598] [SEVERE ] updating countdown to 36223
[16:48:53.622] [SEVERE ] updating countdown to 36199
[16:48:53.643] [SEVERE ] updating countdown to 36178
[16:48:53.665] [SEVERE ] updating countdown to 36156
[16:48:53.687] [SEVERE ] updating countdown to 36134
[16:48:53.708] [SEVERE ] updating countdown to 36113
[16:48:53.730] [SEVERE ] updating countdown to 36091
[16:48:53.751] [SEVERE ] updating countdown to 36070
[16:48:53.772] [SEVERE ] updating countdown to 36049
[16:48:53.793] [SEVERE ] updating countdown to 36028
[16:48:53.814] [SEVERE ] updating countdown to 36007
[16:48:53.835] [SEVERE ] updating countdown to 35986
[16:48:53.856] [SEVERE ] updating countdown to 35965
[16:48:53.878] [SEVERE ] updating countdown to 35943
[16:48:53.899] [SEVERE ] updating countdown to 35922
[16:48:53.920] [SEVERE ] updating countdown to 35901
[16:48:53.943] [SEVERE ] updating countdown to 35878
[16:48:53.964] [SEVERE ] updating countdown to 35857
[16:48:53.985] [SEVERE ] updating countdown to 35836
[16:48:54.006] [SEVERE ] updating countdown to 35815
[16:48:54.028] [SEVERE ] updating countdown to 35793
[16:48:54.049] [SEVERE ] updating countdown to 35772
[16:48:54.071] [SEVERE ] updating countdown to 35750
[16:48:54.092] [SEVERE ] updating countdown to 35729
[16:48:54.114] [SEVERE ] updating countdown to 35707
[16:48:54.140] [SEVERE ] updating countdown to 35681
[16:48:54.161] [SEVERE ] updating countdown to 35660
[16:48:54.185] [SEVERE ] updating countdown to 35636
[16:48:54.210] [SEVERE ] updating countdown to 35611
[16:48:54.231] [SEVERE ] updating countdown to 35590
[16:48:54.252] [SEVERE ] updating countdown to 35569
[16:48:54.273] [SEVERE ] updating countdown to 35548
[16:48:54.294] [SEVERE ] updating countdown to 35527
[16:48:54.315] [SEVERE ] updating countdown to 35506
[16:48:54.336] [SEVERE ] updating countdown to 35485
[16:48:54.357] [SEVERE ] updating countdown to 35464
[16:48:54.378] [SEVERE ] updating countdown to 35443
[16:48:54.399] [SEVERE ] updating countdown to 35422
[16:48:54.420] [SEVERE ] updating countdown to 35401
[16:48:54.441] [SEVERE ] updating countdown to 35380
[16:48:54.462] [SEVERE ] updating countdown to 35359
[16:48:54.483] [SEVERE ] updating countdown to 35338
[16:48:54.504] [SEVERE ] updating countdown to 35317
[16:48:54.526] [SEVERE ] updating countdown to 35295
[16:48:54.547] [SEVERE ] updating countdown to 35274
[16:48:54.569] [SEVERE ] updating countdown to 35252
[16:48:54.590] [SEVERE ] updating countdown to 35231
[16:48:54.611] [SEVERE ] updating countdown to 35210
[16:48:54.632] [SEVERE ] updating countdown to 35189
[16:48:54.653] [SEVERE ] updating countdown to 35168
[16:48:54.674] [SEVERE ] updating countdown to 35147
[16:48:54.695] [SEVERE ] updating countdown to 35126
[16:48:54.716] [SEVERE ] updating countdown to 35105
[16:48:54.737] [SEVERE ] updating countdown to 35084
[16:48:54.758] [SEVERE ] updating countdown to 35063
[16:48:54.779] [SEVERE ] updating countdown to 35042
[16:48:54.800] [SEVERE ] updating countdown to 35021
[16:48:54.821] [SEVERE ] updating countdown to 35000
[16:48:54.842] [SEVERE ] updating countdown to 34979
[16:48:54.863] [SEVERE ] updating countdown to 34958
[16:48:54.884] [SEVERE ] updating countdown to 34937
[16:48:54.905] [SEVERE ] updating countdown to 34916
[16:48:54.927] [SEVERE ] updating countdown to 34894
[16:48:54.953] [SEVERE ] updating countdown to 34868
[16:48:54.979] [SEVERE ] updating countdown to 34842
[16:48:55.004] [SEVERE ] updating countdown to 34817
[16:48:55.030] [SEVERE ] updating countdown to 34791
[16:48:55.056] [SEVERE ] updating countdown to 34765
[16:48:55.071] [SEVERE ] key 68 was pressed by player 1
[16:48:55.071] [SEVERE ] player 1 placing token on slot 6
[16:48:55.078] [SEVERE ] updating countdown to 34743
[16:48:55.104] [SEVERE ] updating countdown to 34717
[16:48:55.130] [SEVERE ] updating countdown to 34691
[16:48:55.152] [SEVERE ] updating countdown to 34669
[16:48:55.173] [SEVERE ] updating countdown to 34648
[16:48:55.195] [SEVERE ] updating countdown to 34626
[16:48:55.220] [SEVERE ] updating countdown to 34601
[16:48:55.245] [SEVERE ] updating countdown to 34576
[16:48:55.268] [SEVERE ] updating countdown to 34553
[16:48:55.290] [SEVERE ] updating countdown to 34531
[16:48:55.311] [SEVERE ] updating countdown to 34510
[16:48:55.337] [SEVERE ] updating countdown to 34484
[16:48:55.358] [SEVERE ] updating countdown to 34463
[16:48:55.385] [SEVERE ] updating countdown to 34436
[16:48:55.407] [SEVERE ] updating countdown to 34414
[16:48:55.429] [SEVERE ] updating countdown to 34392
[16:48:55.452] [SEVERE ] updating countdown to 34369
[16:48:55.475] [SEVERE ] updating countdown to 34346
[16:48:55.501] [SEVERE ] updating countdown to 34320
[16:48:55.523] [SEVERE ] updating countdown to 34298
[16:48:55.545] [SEVERE ] updating countdown to 34276
[16:48:55.568] [SEVERE ] updating countdown to 34253
[16:48:55.592] [SEVERE ] updating countdown to 34229
[16:48:55.618] [SEVERE ] updating countdown to 34203
[16:48:55.644] [SEVERE ] updating countdown to 34177
[16:48:55.670] [SEVERE ] updating countdown to 34151
[16:48:55.695] [SEVERE ] updating countdown to 34126
[16:48:55.716] [SEVERE ] updating countdown to 34105
[16:48:55.738] [SEVERE ] updating countdown to 34083
[16:48:55.759] [SEVERE ] updating countdown to 34062
[16:48:55.780] [SEVERE ] updating countdown to 34041
[16:48:55.802] [SEVERE ] updating countdown to 34019
[16:48:55.823] [SEVERE ] updating countdown to 33998
[16:48:55.844] [SEVERE ] updating countdown to 33977
[16:48:55.866] [SEVERE ] updating countdown to 33955
[16:48:55.888] [SEVERE ] updating countdown to 33933
[16:48:55.909] [SEVERE ] updating countdown to 33912
[16:48:55.930] [SEVERE ] updating countdown to 33891
[16:48:55.951] [SEVERE ] updating countdown to 33870
[16:48:55.972] [SEVERE ] updating countdown to 33849
[16:48:55.993] [SEVERE ] updating countdown to 33828
[16:48:56.014] [SEVERE ] updating countdown to 33807
[16:48:56.029] [SEVERE ] key 83 was pressed by player 1
[16:48:56.030] [SEVERE ] removing player 1 token from slot 5
[16:48:56.035] [SEVERE ] updating countdown to 33786
[16:48:56.059] [SEVERE ] updating countdown to 33762
[16:48:56.085] [SEVERE ] updating countdown to 33736
[16:48:56.109] [SEVERE ] updating countdown to 33712
[16:48:56.134] [SEVERE ] updating countdown to 33687
[16:48:56.160] [SEVERE ] updating countdown to 33661
[16:48:56.181] [SEVERE ] updating countdown to 33640
[16:48:56.205] [SEVERE ] updating countdown to 33616
[16:48:56.231] [SEVERE ] updating countdown to 33590
[16:48:56.257] [SEVERE ] updating countdown to 33564
[16:48:56.283] [SEVERE ] updating countdown to 33538
[16:48:56.305] [SEVERE ] updating countdown to 33516
[16:48:56.331] [SEVERE ] updating countdown to 33490
[16:48:56.357] [SEVERE ] updating countdown to 33464
[16:48:56.383] [SEVERE ] updating countdown to 33438
[16:48:56.406] [SEVERE ] updating countdown to 33415
[16:48:56.432] [SEVERE ] updating countdown to 33389
[16:48:56.455] [SEVERE ] updating countdown to 33366
[16:48:56.478] [SEVERE ] updating countdown to 33343
[16:48:56.504] [SEVERE ] updating countdown to 33317
[16:48:56.530] [SEVERE ] updating countdown to 33291
[16:48:56.556] [SEVERE ] updating countdown to 33265
[16:48:56.582] [SEVERE ] updating countdown to 33239
[16:48:56.608] [SEVERE ] updating countdown to 33213
[16:48:56.631] [SEVERE ] updating countdown to 33190
[16:48:56.657] [SEVERE ] updating countdown to 33164
[16:48:56.681] [SEVERE ] updating countdown to 33140
[16:48:56.707] [SEVERE ] updating countdown to 33114
[16:48:56.730] [SEVERE ] updating countdown to 33091
[16:48:56.756] [SEVERE ] updating countdown to 33065
[16:48:56.778] [SEVERE ] updating countdown to 33043
[16:48:56.803] [SEVERE ] updating countdown to 33018
[16:48:56.829] [SEVERE ] updating countdown to 32992
[16:48:56.850] [SEVERE ] updating countdown to 32971
[16:48:56.871] [SEVERE ] updating countdown to 32950
[16:48:56.892] [SEVERE ] updating countdown to 32929
[16:48:56.907] [SEVERE ] key 68 was pressed by player 1
[16:48:56.908] [SEVERE ] removing player 1 token from slot 6
[16:48:56.913] [SEVERE ] updating countdown to 32908
[16:48:56.938] [SEVERE ] updating countdown to 32883
[16:48:56.960] [SEVERE ] updating countdown to 32861
[16:48:56.994] [SEVERE ] updating countdown to 32827
[16:48:57.015] [SEVERE ] updating countdown to 32806
[16:48:57.040] [SEVERE ] updating countdown to 32781
[16:48:57.061] [SEVERE ] key 83 was pressed by player 1
[16:48:57.061] [SEVERE ] player 1 placing token on slot 5
[16:48:57.061] [SEVERE ] updating countdown to 32760
[16:48:57.085] [SEVERE ] updating countdown to 32736
[16:48:57.111] [SEVERE ] updating countdown to 32710
[16:48:57.133] [SEVERE ] updating countdown to 32688
[16:48:57.158] [SEVERE ] updating countdown to 32663
[16:48:57.180] [SEVERE ] updating countdown to 32641
[16:48:57.202] [SEVERE ] updating countdown to 32619
[16:48:57.224] [SEVERE ] updating countdown to 32597
[16:48:57.245] [SEVERE ] updating countdown to 32576
[16:48:57.271] [SEVERE ] updating countdown to 32550
[16:48:57.296] [SEVERE ] updating countdown to 32525
[16:48:57.317] [SEVERE ] updating countdown to 32504
[16:48:57.340] [SEVERE ] updating countdown to 32481
[16:48:57.362] [SEVERE ] updating countdown to 32459
[16:48:57.384] [SEVERE ] updating countdown to 32437
[16:48:57.406] [SEVERE ] updating countdown to 32415
[16:48:57.428] [SEVERE ] updating countdown to 32393
[16:48:57.449] [SEVERE ] updating countdown to 32372
[16:48:57.472] [SEVERE ] updating countdown to 32349
[16:48:57.494] [SEVERE ] updating countdown to 32327
[16:48:57.517] [SEVERE ] updating countdown to 32304
[16:48:57.530] [SEVERE ] key 69 was pressed by player 1
[16:48:57.540] [SEVERE ] updating countdown to 32281
[16:48:57.560] [SEVERE ] updating countdown to 32261
[16:48:57.586] [SEVERE ] updating countdown to 32235
[16:48:57.609] [SEVERE ] updating countdown to 32212
[16:48:57.632] [SEVERE ] updating countdown to 32189
[16:48:57.657] [SEVERE ] updating countdown to 32164
[16:48:57.682] [SEVERE ] updating countdown to 32139
[16:48:57.707] [SEVERE ] updating countdown to 32114
[16:48:57.729] [SEVERE ] updating countdown to 32092
[16:48:57.751] [SEVERE ] updating countdown to 32070
[16:48:57.772] [SEVERE ] updating countdown to 32049
[16:48:57.797] [SEVERE ] updating countdown to 32024
[16:48:57.819] [SEVERE ] updating countdown to 32002
[16:48:57.841] [SEVERE ] updating countdown to 31980
[16:48:57.862] [SEVERE ] updating countdown to 31959
[16:48:57.885] [SEVERE ] updating countdown to 31936
[16:48:57.906] [SEVERE ] updating countdown to 31915
[16:48:57.931] [SEVERE ] updating countdown to 31890
[16:48:57.954] [SEVERE ] updating countdown to 31867
[16:48:57.979] [SEVERE ] updating countdown to 31842
[16:48:58.001] [SEVERE ] updating countdown to 31820
[16:48:58.023] [SEVERE ] updating countdown to 31798
[16:48:58.046] [SEVERE ] updating countdown to 31775
[16:48:58.071] [SEVERE ] updating countdown to 31750
[16:48:58.093] [SEVERE ] updating countdown to 31728
[16:48:58.115] [SEVERE ] updating countdown to 31706
[16:48:58.136] [SEVERE ] updating countdown to 31685
[16:48:58.158] [SEVERE ] updating countdown to 31663
[16:48:58.182] [SEVERE ] updating countdown to 31639
[16:48:58.204] [SEVERE ] updating countdown to 31617
[16:48:58.226] [SEVERE ] updating countdown to 31595
[16:48:58.247] [SEVERE ] updating countdown to 31574
[16:48:58.273] [SEVERE ] updating countdown to 31548
[16:48:58.296] [SEVERE ] updating countdown to 31525
[16:48:58.321] [SEVERE ] updating countdown to 31500
[16:48:58.344] [SEVERE ] updating countdown to 31477
[16:48:58.368] [SEVERE ] updating countdown to 31453
[16:48:58.393] [SEVERE ] updating countdown to 31428
[16:48:58.416] [SEVERE ] updating countdown to 31405
[16:48:58.442] [SEVERE ] updating countdown to 31379
[16:48:58.466] [SEVERE ] updating countdown to 31355
[16:48:58.488] [SEVERE ] updating countdown to 31333
[16:48:58.509] [SEVERE ] updating countdown to 31312
[16:48:58.533] [SEVERE ] updating countdown to 31288
[16:48:58.554] [SEVERE ] updating countdown to 31267
[16:48:58.580] [SEVERE ] updating countdown to 31241
[16:48:58.605] [SEVERE ] updating countdown to 31216
[16:48:58.631] [SEVERE ] updating countdown to 31190
[16:48:58.654] [SEVERE ] updating countdown to 31167
[16:48:58.679] [SEVERE ] updating countdown to 31142
[16:48:58.705] [SEVERE ] updating countdown to 31116
[16:48:58.726] [SEVERE ] updating countdown to 31095
[16:48:58.752] [SEVERE ] updating countdown to 31069
[16:48:58.776] [SEVERE ] updating countdown to 31045
[16:48:58.802] [SEVERE ] updating countdown to 31019
[16:48:58.826] [SEVERE ] updating countdown to 30995
[16:48:58.850] [SEVERE ] updating countdown to 30971
[16:48:58.872] [SEVERE ] updating countdown to 30949
[16:48:58.898] [SEVERE ] updating countdown to 30923
[16:48:58.921] [SEVERE ] updating countdown to 30900
[16:48:58.944] [SEVERE ] updating countdown to 30877
[16:48:58.964] [SEVERE ] updating countdown to 30857
[16:48:58.986] [SEVERE ] updating countdown to 30835
[16:48:59.008] [SEVERE ] updating countdown to 30813
[16:48:59.030] [SEVERE ] updating countdown to 30791
[16:48:59.056] [SEVERE ] updating countdown to 30765
[16:48:59.078] [SEVERE ] updating countdown to 30743
[16:48:59.102] [SEVERE ] updating countdown to 30719
[16:48:59.127] [SEVERE ] updating countdown to 30694
[16:48:59.150] [SEVERE ] updating countdown to 30671
[16:48:59.174] [SEVERE ] updating countdown to 30647
[16:48:59.196] [SEVERE ] updating countdown to 30625
[16:48:59.217] [SEVERE ] updating countdown to 30604
[16:48:59.242] [SEVERE ] updating countdown to 30579
[16:48:59.268] [SEVERE ] updating countdown to 30553
[16:48:59.289] [SEVERE ] updating countdown to 30532
[16:48:59.311] [SEVERE ] updating countdown to 30510
[16:48:59.332] [SEVERE ] updating countdown to 30489
[16:48:59.355] [SEVERE ] updating countdown to 30466
[16:48:59.381] [SEVERE ] updating countdown to 30440
[16:48:59.403] [SEVERE ] updating countdown to 30418
[16:48:59.426] [SEVERE ] updating countdown to 30395
[16:48:59.450] [SEVERE ] updating countdown to 30371
[16:48:59.476] [SEVERE ] updating countdown to 30345
[16:48:59.498] [SEVERE ] updating countdown to 30323
[16:48:59.523] [SEVERE ] updating countdown to 30298
[16:48:59.548] [SEVERE ] updating countdown to 30273
[16:48:59.570] [SEVERE ] updating countdown to 30251
[16:48:59.596] [SEVERE ] updating countdown to 30225
[16:48:59.620] [SEVERE ] updating countdown to 30201
[16:48:59.646] [SEVERE ] updating countdown to 30175
[16:48:59.668] [SEVERE ] updating countdown to 30153
[16:48:59.692] [SEVERE ] updating countdown to 30129
[16:48:59.712] [SEVERE ] updating countdown to 30109
[16:48:59.734] [SEVERE ] updating countdown to 30087
[16:48:59.756] [SEVERE ] updating countdown to 30065
[16:48:59.778] [SEVERE ] updating countdown to 30043
[16:48:59.798] [SEVERE ] updating countdown to 30023
[16:48:59.819] [SEVERE ] updating countdown to 30002
[16:48:59.841] [SEVERE ] updating countdown to 29980
[16:48:59.866] [SEVERE ] updating countdown to 29955
[16:48:59.887] [SEVERE ] updating countdown to 29934
[16:48:59.910] [SEVERE ] updating countdown to 29911
[16:48:59.933] [SEVERE ] updating countdown to 29888
[16:48:59.954] [SEVERE ] updating countdown to 29867
[16:48:59.975] [SEVERE ] updating countdown to 29846
[16:48:59.995] [SEVERE ] updating countdown to 29826
[16:49:00.017] [SEVERE ] updating countdown to 29804
[16:49:00.038] [SEVERE ] updating countdown to 29783
[16:49:00.064] [SEVERE ] updating countdown to 29757
[16:49:00.087] [SEVERE ] updating countdown to 29734
[16:49:00.113] [SEVERE ] updating countdown to 29708
[16:49:00.135] [SEVERE ] updating countdown to 29686
[16:49:00.156] [SEVERE ] updating countdown to 29665
[16:49:00.181] [SEVERE ] updating countdown to 29640
[16:49:00.201] [SEVERE ] updating countdown to 29620
[16:49:00.226] [SEVERE ] updating countdown to 29595
[16:49:00.246] [SEVERE ] updating countdown to 29575
[16:49:00.267] [SEVERE ] updating countdown to 29554
[16:49:00.289] [SEVERE ] updating countdown to 29532
[16:49:00.310] [SEVERE ] updating countdown to 29511
[16:49:00.336] [SEVERE ] updating countdown to 29486
[16:49:00.356] [SEVERE ] updating countdown to 29465
[16:49:00.378] [SEVERE ] updating countdown to 29443
[16:49:00.399] [SEVERE ] updating countdown to 29422
[16:49:00.421] [SEVERE ] updating countdown to 29400
[16:49:00.447] [SEVERE ] updating countdown to 29374
[16:49:00.469] [SEVERE ] updating countdown to 29352
[16:49:00.490] [SEVERE ] updating countdown to 29331
[16:49:00.511] [SEVERE ] updating countdown to 29310
[16:49:00.532] [SEVERE ] updating countdown to 29289
[16:49:00.553] [SEVERE ] updating countdown to 29268
[16:49:00.575] [SEVERE ] updating countdown to 29246
[16:49:00.597] [SEVERE ] updating countdown to 29224
[16:49:00.622] [SEVERE ] updating countdown to 29199
[16:49:00.647] [SEVERE ] updating countdown to 29174
[16:49:00.672] [SEVERE ] updating countdown to 29149
[16:49:00.693] [SEVERE ] updating countdown to 29128
[16:49:00.715] [SEVERE ] updating countdown to 29106
[16:49:00.741] [SEVERE ] updating countdown to 29080
[16:49:00.763] [SEVERE ] updating countdown to 29058
[16:49:00.789] [SEVERE ] updating countdown to 29032
[16:49:00.815] [SEVERE ] updating countdown to 29006
[16:49:00.836] [SEVERE ] updating countdown to 28985
[16:49:00.857] [SEVERE ] updating countdown to 28964
[16:49:00.883] [SEVERE ] updating countdown to 28938
[16:49:00.909] [SEVERE ] updating countdown to 28912
[16:49:00.934] [SEVERE ] updating countdown to 28887
[16:49:00.956] [SEVERE ] updating countdown to 28865
[16:49:00.977] [SEVERE ] updating countdown to 28844
[16:49:00.998] [SEVERE ] updating countdown to 28823
[16:49:01.019] [SEVERE ] updating countdown to 28802
[16:49:01.040] [SEVERE ] updating countdown to 28781
[16:49:01.061] [SEVERE ] updating countdown to 28760
[16:49:01.081] [SEVERE ] updating countdown to 28740
[16:49:01.104] [SEVERE ] updating countdown to 28717
[16:49:01.126] [SEVERE ] updating countdown to 28695
[16:49:01.146] [SEVERE ] updating countdown to 28675
[16:49:01.170] [SEVERE ] updating countdown to 28651
[16:49:01.191] [SEVERE ] updating countdown to 28630
[16:49:01.213] [SEVERE ] updating countdown to 28608
[16:49:01.235] [SEVERE ] updating countdown to 28586
[16:49:01.255] [SEVERE ] updating countdown to 28566
[16:49:01.277] [SEVERE ] updating countdown to 28544
[16:49:01.298] [SEVERE ] updating countdown to 28523
[16:49:01.319] [SEVERE ] updating countdown to 28502
[16:49:01.345] [SEVERE ] updating countdown to 28476
[16:49:01.370] [SEVERE ] updating countdown to 28451
[16:49:01.396] [SEVERE ] updating countdown to 28425
[16:49:01.419] [SEVERE ] updating countdown to 28402
[16:49:01.441] [SEVERE ] updating countdown to 28380
[16:49:01.466] [SEVERE ] updating countdown to 28355
[16:49:01.490] [SEVERE ] updating countdown to 28331
[16:49:01.515] [SEVERE ] updating countdown to 28306
[16:49:01.538] [SEVERE ] updating countdown to 28283
[16:49:01.559] [SEVERE ] updating countdown to 28262
[16:49:01.584] [SEVERE ] updating countdown to 28237
[16:49:01.610] [SEVERE ] updating countdown to 28211
[16:49:01.631] [SEVERE ] updating countdown to 28190
[16:49:01.655] [SEVERE ] updating countdown to 28166
[16:49:01.679] [SEVERE ] updating countdown to 28142
[16:49:01.703] [SEVERE ] updating countdown to 28118
[16:49:01.725] [SEVERE ] updating countdown to 28096
[16:49:01.748] [SEVERE ] updating countdown to 28073
[16:49:01.769] [SEVERE ] updating countdown to 28052
[16:49:01.791] [SEVERE ] updating countdown to 28030
[16:49:01.817] [SEVERE ] updating countdown to 28004
[16:49:01.843] [SEVERE ] updating countdown to 27978
[16:49:01.868] [SEVERE ] updating countdown to 27953
[16:49:01.894] [SEVERE ] updating countdown to 27927
[16:49:01.920] [SEVERE ] updating countdown to 27901
[16:49:01.944] [SEVERE ] updating countdown to 27877
[16:49:01.967] [SEVERE ] updating countdown to 27854
[16:49:01.993] [SEVERE ] updating countdown to 27828
[16:49:02.015] [SEVERE ] updating countdown to 27806
[16:49:02.037] [SEVERE ] updating countdown to 27784
[16:49:02.057] [SEVERE ] updating countdown to 27764
[16:49:02.078] [SEVERE ] updating countdown to 27743
[16:49:02.099] [SEVERE ] updating countdown to 27722
[16:49:02.120] [SEVERE ] updating countdown to 27701
[16:49:02.141] [SEVERE ] updating countdown to 27680
[16:49:02.162] [SEVERE ] updating countdown to 27659
[16:49:02.183] [SEVERE ] updating countdown to 27638
[16:49:02.205] [SEVERE ] updating countdown to 27616
[16:49:02.226] [SEVERE ] updating countdown to 27595
[16:49:02.246] [SEVERE ] updating countdown to 27575
[16:49:02.268] [SEVERE ] updating countdown to 27553
[16:49:02.294] [SEVERE ] updating countdown to 27527
[16:49:02.319] [SEVERE ] updating countdown to 27502
[16:49:02.341] [SEVERE ] updating countdown to 27480
[16:49:02.362] [SEVERE ] updating countdown to 27459
[16:49:02.384] [SEVERE ] updating countdown to 27437
[16:49:02.406] [SEVERE ] updating countdown to 27415
[16:49:02.427] [SEVERE ] updating countdown to 27394
[16:49:02.449] [SEVERE ] updating countdown to 27372
[16:49:02.470] [SEVERE ] updating countdown to 27351
[16:49:02.492] [SEVERE ] updating countdown to 27329
[16:49:02.518] [SEVERE ] updating countdown to 27303
[16:49:02.541] [SEVERE ] updating countdown to 27280
[16:49:02.567] [SEVERE ] updating countdown to 27254
[16:49:02.589] [SEVERE ] updating countdown to 27232
[16:49:02.614] [SEVERE ] updating countdown to 27207
[16:49:02.637] [SEVERE ] updating countdown to 27184
[16:49:02.663] [SEVERE ] updating countdown to 27158
[16:49:02.689] [SEVERE ] updating countdown to 27132
[16:49:02.714] [SEVERE ] updating countdown to 27107
[16:49:02.737] [SEVERE ] updating countdown to 27084
[16:49:02.758] [SEVERE ] updating countdown to 27063
[16:49:02.782] [SEVERE ] updating countdown to 27039
[16:49:02.806] [SEVERE ] updating countdown to 27015
[16:49:02.827] [SEVERE ] updating countdown to 26994
[16:49:02.849] [SEVERE ] updating countdown to 26972
[16:49:02.870] [SEVERE ] updating countdown to 26951
[16:49:02.891] [SEVERE ] updating countdown to 26930
[16:49:02.913] [SEVERE ] updating countdown to 26908
[16:49:02.935] [SEVERE ] updating countdown to 26886
[16:49:02.956] [SEVERE ] updating countdown to 26865
[16:49:02.978] [SEVERE ] updating countdown to 26843
[16:49:03.000] [SEVERE ] updating countdown to 26821
[16:49:03.036] [SEVERE ] updating countdown to 26785
[16:49:03.072] [SEVERE ] updating countdown to 26749
[16:49:03.094] [SEVERE ] updating countdown to 26727
[16:49:03.115] [SEVERE ] updating countdown to 26706
[16:49:03.136] [SEVERE ] updating countdown to 26685
[16:49:03.157] [SEVERE ] updating countdown to 26664
[16:49:03.181] [SEVERE ] updating countdown to 26640
[16:49:03.208] [SEVERE ] updating countdown to 26613
[16:49:03.231] [SEVERE ] updating countdown to 26590
[16:49:03.253] [SEVERE ] updating countdown to 26568
[16:49:03.273] [SEVERE ] updating countdown to 26548
[16:49:03.294] [SEVERE ] updating countdown to 26527
[16:49:03.315] [SEVERE ] updating countdown to 26506
[16:49:03.337] [SEVERE ] updating countdown to 26484
[16:49:03.358] [SEVERE ] updating countdown to 26463
[16:49:03.379] [SEVERE ] updating countdown to 26442
[16:49:03.401] [SEVERE ] updating countdown to 26420
[16:49:03.425] [SEVERE ] updating countdown to 26396
[16:49:03.450] [SEVERE ] updating countdown to 26371
[16:49:03.472] [SEVERE ] updating countdown to 26349
[16:49:03.492] [SEVERE ] updating countdown to 26329
[16:49:03.513] [SEVERE ] updating countdown to 26308
[16:49:03.537] [SEVERE ] updating countdown to 26284
[16:49:03.563] [SEVERE ] updating countdown to 26258
[16:49:03.584] [SEVERE ] updating countdown to 26237
[16:49:03.610] [SEVERE ] updating countdown to 26211
[16:49:03.635] [SEVERE ] updating countdown to 26186
[16:49:03.661] [SEVERE ] updating countdown to 26160
[16:49:03.686] [SEVERE ] updating countdown to 26135
[16:49:03.712] [SEVERE ] updating countdown to 26109
[16:49:03.736] [SEVERE ] updating countdown to 26085
[16:49:03.761] [SEVERE ] updating countdown to 26060
[16:49:03.785] [SEVERE ] updating countdown to 26036
[16:49:03.811] [SEVERE ] updating countdown to 26010
[16:49:03.833] [SEVERE ] updating countdown to 25988
[16:49:03.859] [SEVERE ] updating countdown to 25962
[16:49:03.881] [SEVERE ] updating countdown to 25940
[16:49:03.903] [SEVERE ] updating countdown to 25918
[16:49:03.929] [SEVERE ] updating countdown to 25892
[16:49:03.953] [SEVERE ] updating countdown to 25868
[16:49:03.974] [SEVERE ] updating countdown to 25847
[16:49:03.995] [SEVERE ] updating countdown to 25826
[16:49:04.016] [SEVERE ] updating countdown to 25805
[16:49:04.038] [SEVERE ] updating countdown to 25783
[16:49:04.064] [SEVERE ] updating countdown to 25757
[16:49:04.085] [SEVERE ] updating countdown to 25736
[16:49:04.107] [SEVERE ] updating countdown to 25714
[16:49:04.129] [SEVERE ] updating countdown to 25692
[16:49:04.150] [SEVERE ] updating countdown to 25671
[16:49:04.172] [SEVERE ] updating countdown to 25649
