[09:35:35.523] [INFO   ] thread main starting.
[09:35:35.533] [SEVERE ] cannot read configuration file config.properties trying from resources.
[09:35:35.535] [SEVERE ] configuration file was loaded from resources directory.
[09:35:36.033] [INFO   ] thread dealer starting.
[09:35:36.034] [INFO   ] thread dealer starting.
[09:35:36.034] [INFO   ] thread playerID: 1 starting.
[09:35:36.034] [INFO   ] thread playerID: 0 starting.
[09:35:36.038] [SEVERE ] updating countdown to 60000
[09:35:36.142] [SEVERE ] placing card 58 in slot 6
[09:35:36.246] [SEVERE ] placing card 42 in slot 8
[09:35:36.354] [SEVERE ] placing card 63 in slot 7
[09:35:36.456] [SEVERE ] placing card 0 in slot 3
[09:35:36.564] [SEVERE ] placing card 31 in slot 1
[09:35:36.666] [SEVERE ] placing card 80 in slot 10
[09:35:36.769] [SEVERE ] placing card 35 in slot 2
[09:35:36.870] [SEVERE ] placing card 74 in slot 9
[09:35:36.972] [SEVERE ] placing card 13 in slot 11
[09:35:37.075] [SEVERE ] placing card 17 in slot 0
[09:35:37.177] [SEVERE ] placing card 34 in slot 5
[09:35:37.278] [SEVERE ] placing card 66 in slot 4
[09:35:39.294] [SEVERE ] updating countdown to 60000
[09:35:41.346] [SEVERE ] updating countdown to 60000
[09:35:41.523] [SEVERE ] exit button pressed
[09:35:41.524] [SEVERE ] disposing of user interface elements
[09:35:41.525] [INFO   ] thread playerID: 1 terminated.
[09:35:41.525] [INFO   ] thread playerID: 0 terminated.
[09:35:43.353] [SEVERE ] updating countdown to 5000
[09:35:43.356] [SEVERE ] updating countdown to 5000
[09:35:43.457] [SEVERE ] removing card from slot 0
[09:35:43.565] [SEVERE ] removing card from slot 1
[09:35:43.668] [SEVERE ] removing card from slot 2
[09:35:43.771] [SEVERE ] removing card from slot 3
[09:35:43.874] [SEVERE ] removing card from slot 4
[09:35:43.976] [SEVERE ] removing card from slot 5
