[07:53:57.834] [INFO   ] thread main starting.
[07:53:57.841] [SEVERE ] cannot read configuration file config.properties trying from resources.
[07:53:57.844] [SEVERE ] configuration file was loaded from resources directory.
[07:53:58.392] [INFO   ] thread dealer starting.
[07:53:58.393] [INFO   ] thread playerID: 0 starting.
[07:53:58.393] [INFO   ] thread dealer starting.
[07:53:58.393] [INFO   ] thread playerID: 1 starting.
[07:53:58.498] [SEVERE ] placing card 15 in slot 6
[07:53:58.621] [SEVERE ] placing card 77 in slot 9
[07:53:58.726] [SEVERE ] placing card 78 in slot 7
[07:53:58.829] [SEVERE ] placing card 2 in slot 8
[07:53:58.934] [SEVERE ] placing card 57 in slot 1
[07:53:59.037] [SEVERE ] placing card 43 in slot 10
[07:53:59.138] [SEVERE ] placing card 22 in slot 3
[07:53:59.241] [SEVERE ] placing card 19 in slot 2
[07:53:59.342] [SEVERE ] placing card 6 in slot 5
[07:53:59.444] [SEVERE ] placing card 71 in slot 11
[07:53:59.546] [SEVERE ] placing card 51 in slot 4
[07:53:59.648] [SEVERE ] placing card 59 in slot 0
[07:54:02.603] [SEVERE ] exit button pressed
[07:54:02.604] [SEVERE ] disposing of user interface elements
[07:54:02.605] [INFO   ] thread playerID: 0 terminated.
[07:54:02.604] [INFO   ] thread playerID: 1 terminated.
