[09:11:57.085] [INFO   ] thread main starting.
[09:11:57.092] [SEVERE ] cannot read configuration file config.properties trying from resources.
[09:11:57.094] [SEVERE ] configuration file was loaded from resources directory.
[09:11:57.644] [INFO   ] thread dealer starting.
[09:11:57.650] [INFO   ] thread playerID: 0 starting.
[09:11:57.651] [INFO   ] thread playerID: 1 starting.
[09:11:57.651] [INFO   ] thread dealer starting.
[09:12:08.729] [SEVERE ] placing card 9 in slot 7
[09:12:09.435] [SEVERE ] placing card 70 in slot 10
[09:12:10.195] [SEVERE ] placing card 66 in slot 9
[09:12:10.867] [SEVERE ] placing card 41 in slot 1
[09:12:11.594] [SEVERE ] placing card 49 in slot 8
[09:12:12.357] [SEVERE ] placing card 23 in slot 0
[09:12:13.145] [SEVERE ] placing card 75 in slot 4
[09:12:13.887] [SEVERE ] placing card 4 in slot 11
[09:12:14.647] [SEVERE ] placing card 7 in slot 6
[09:12:15.401] [SEVERE ] placing card 10 in slot 5
[09:12:16.541] [SEVERE ] placing card 0 in slot 2
[09:12:17.537] [SEVERE ] placing card 22 in slot 3
[09:12:18.411] [SEVERE ] updating countdown to 60000
[09:12:50.177] [SEVERE ] updating countdown to 60000
[09:12:56.927] [SEVERE ] updating countdown to 60000
