[11:52:03.046] [INFO   ] thread main starting.
[11:52:03.051] [SEVERE ] cannot read configuration file config.properties trying from resources.
[11:52:03.052] [SEVERE ] configuration file was loaded from resources directory.
[11:52:03.385] [INFO   ] thread dealer starting.
[11:52:03.386] [INFO   ] thread playerID: 0 starting.
[11:52:03.386] [INFO   ] thread playerID: 1 starting.
[11:52:03.386] [INFO   ] thread dealer starting.
[11:52:03.394] [SEVERE ] updating countdown to 60000
[11:52:03.497] [SEVERE ] placing card 56 in slot 3
[11:52:03.600] [SEVERE ] placing card 23 in slot 0
[11:52:03.701] [SEVERE ] placing card 68 in slot 8
[11:52:03.808] [SEVERE ] placing card 70 in slot 4
[11:52:03.910] [SEVERE ] placing card 24 in slot 7
[11:52:04.012] [SEVERE ] placing card 66 in slot 1
[11:52:04.118] [SEVERE ] placing card 38 in slot 5
[11:52:04.221] [SEVERE ] placing card 71 in slot 10
[11:52:04.323] [SEVERE ] placing card 42 in slot 9
[11:52:04.428] [SEVERE ] placing card 27 in slot 2
[11:52:04.529] [SEVERE ] placing card 19 in slot 11
[11:52:04.631] [SEVERE ] placing card 44 in slot 6
[11:52:04.652] [SEVERE ] updating countdown to 58741
[11:52:04.675] [SEVERE ] updating countdown to 58719
[11:52:04.696] [SEVERE ] updating countdown to 58697
[11:52:04.719] [SEVERE ] updating countdown to 58674
[11:52:04.740] [SEVERE ] updating countdown to 58653
[11:52:04.762] [SEVERE ] updating countdown to 58631
[11:52:04.783] [SEVERE ] updating countdown to 58610
[11:52:04.804] [SEVERE ] updating countdown to 58589
[11:52:04.825] [SEVERE ] updating countdown to 58568
[11:52:04.846] [SEVERE ] updating countdown to 58547
[11:52:04.867] [SEVERE ] updating countdown to 58526
[11:52:04.888] [SEVERE ] updating countdown to 58505
[11:52:04.909] [SEVERE ] updating countdown to 58484
[11:52:04.932] [SEVERE ] updating countdown to 58461
[11:52:04.953] [SEVERE ] updating countdown to 58440
[11:52:04.975] [SEVERE ] updating countdown to 58418
[11:52:04.996] [SEVERE ] updating countdown to 58397
[11:52:05.019] [SEVERE ] updating countdown to 58374
[11:52:05.040] [SEVERE ] updating countdown to 58353
[11:52:05.062] [SEVERE ] updating countdown to 58331
[11:52:05.083] [SEVERE ] updating countdown to 58310
[11:52:05.104] [SEVERE ] updating countdown to 58289
[11:52:05.126] [SEVERE ] updating countdown to 58267
[11:52:05.147] [SEVERE ] updating countdown to 58246
[11:52:05.168] [SEVERE ] updating countdown to 58225
[11:52:05.189] [SEVERE ] updating countdown to 58204
[11:52:05.211] [SEVERE ] updating countdown to 58182
[11:52:05.233] [SEVERE ] updating countdown to 58160
[11:52:05.256] [SEVERE ] updating countdown to 58137
[11:52:05.278] [SEVERE ] updating countdown to 58115
[11:52:05.299] [SEVERE ] updating countdown to 58094
[11:52:05.320] [SEVERE ] updating countdown to 58073
[11:52:05.341] [SEVERE ] updating countdown to 58052
[11:52:05.362] [SEVERE ] updating countdown to 58031
[11:52:05.383] [SEVERE ] updating countdown to 58010
[11:52:05.405] [SEVERE ] updating countdown to 57988
[11:52:05.426] [SEVERE ] updating countdown to 57967
[11:52:05.447] [SEVERE ] updating countdown to 57946
[11:52:05.468] [SEVERE ] updating countdown to 57925
[11:52:05.490] [SEVERE ] updating countdown to 57903
[11:52:05.511] [SEVERE ] updating countdown to 57882
[11:52:05.533] [SEVERE ] updating countdown to 57860
[11:52:05.555] [SEVERE ] updating countdown to 57838
[11:52:05.576] [SEVERE ] updating countdown to 57817
[11:52:05.597] [SEVERE ] updating countdown to 57796
[11:52:05.621] [SEVERE ] updating countdown to 57772
[11:52:05.642] [SEVERE ] updating countdown to 57751
[11:52:05.663] [SEVERE ] updating countdown to 57730
[11:52:05.684] [SEVERE ] updating countdown to 57709
[11:52:05.705] [SEVERE ] updating countdown to 57688
[11:52:05.727] [SEVERE ] updating countdown to 57666
[11:52:05.748] [SEVERE ] updating countdown to 57645
[11:52:05.770] [SEVERE ] updating countdown to 57623
[11:52:05.791] [SEVERE ] updating countdown to 57602
[11:52:05.813] [SEVERE ] updating countdown to 57580
[11:52:05.834] [SEVERE ] updating countdown to 57559
[11:52:05.855] [SEVERE ] updating countdown to 57538
[11:52:05.876] [SEVERE ] updating countdown to 57517
[11:52:05.898] [SEVERE ] updating countdown to 57495
[11:52:05.919] [SEVERE ] updating countdown to 57474
[11:52:05.941] [SEVERE ] updating countdown to 57452
[11:52:05.963] [SEVERE ] updating countdown to 57430
[11:52:05.985] [SEVERE ] updating countdown to 57408
[11:52:06.006] [SEVERE ] updating countdown to 57387
[11:52:06.027] [SEVERE ] updating countdown to 57366
[11:52:06.048] [SEVERE ] updating countdown to 57345
[11:52:06.074] [SEVERE ] updating countdown to 57319
[11:52:06.096] [SEVERE ] updating countdown to 57297
[11:52:06.117] [SEVERE ] updating countdown to 57276
[11:52:06.138] [SEVERE ] updating countdown to 57255
[11:52:06.160] [SEVERE ] updating countdown to 57233
[11:52:06.186] [SEVERE ] updating countdown to 57207
[11:52:06.210] [SEVERE ] updating countdown to 57183
[11:52:06.232] [SEVERE ] updating countdown to 57161
[11:52:06.258] [SEVERE ] updating countdown to 57135
[11:52:06.284] [SEVERE ] updating countdown to 57109
[11:52:06.305] [SEVERE ] updating countdown to 57088
[11:52:06.331] [SEVERE ] updating countdown to 57062
[11:52:06.352] [SEVERE ] updating countdown to 57041
[11:52:06.373] [SEVERE ] updating countdown to 57020
[11:52:06.399] [SEVERE ] updating countdown to 56994
[11:52:06.425] [SEVERE ] updating countdown to 56968
[11:52:06.448] [SEVERE ] updating countdown to 56945
[11:52:06.474] [SEVERE ] updating countdown to 56919
[11:52:06.497] [SEVERE ] updating countdown to 56896
[11:52:06.520] [SEVERE ] updating countdown to 56873
[11:52:06.546] [SEVERE ] updating countdown to 56847
[11:52:06.568] [SEVERE ] updating countdown to 56825
[11:52:06.594] [SEVERE ] updating countdown to 56799
[11:52:06.615] [SEVERE ] updating countdown to 56778
[11:52:06.641] [SEVERE ] updating countdown to 56752
[11:52:06.662] [SEVERE ] updating countdown to 56731
[11:52:06.688] [SEVERE ] updating countdown to 56705
[11:52:06.710] [SEVERE ] updating countdown to 56683
[11:52:06.731] [SEVERE ] updating countdown to 56662
[11:52:06.753] [SEVERE ] updating countdown to 56640
[11:52:06.775] [SEVERE ] updating countdown to 56618
[11:52:06.801] [SEVERE ] updating countdown to 56592
[11:52:06.825] [SEVERE ] updating countdown to 56568
[11:52:06.846] [SEVERE ] updating countdown to 56547
[11:52:06.872] [SEVERE ] updating countdown to 56521
[11:52:06.895] [SEVERE ] updating countdown to 56498
[11:52:06.921] [SEVERE ] updating countdown to 56472
[11:52:06.943] [SEVERE ] updating countdown to 56450
[11:52:06.965] [SEVERE ] updating countdown to 56428
[11:52:06.986] [SEVERE ] updating countdown to 56407
[11:52:07.007] [SEVERE ] updating countdown to 56386
[11:52:07.028] [SEVERE ] updating countdown to 56365
[11:52:07.049] [SEVERE ] updating countdown to 56344
[11:52:07.070] [SEVERE ] updating countdown to 56323
[11:52:07.091] [SEVERE ] updating countdown to 56302
[11:52:07.112] [SEVERE ] updating countdown to 56281
[11:52:07.133] [SEVERE ] updating countdown to 56260
[11:52:07.154] [SEVERE ] updating countdown to 56239
[11:52:07.175] [SEVERE ] updating countdown to 56218
[11:52:07.196] [SEVERE ] updating countdown to 56197
[11:52:07.217] [SEVERE ] updating countdown to 56176
[11:52:07.243] [SEVERE ] updating countdown to 56150
[11:52:07.266] [SEVERE ] updating countdown to 56127
[11:52:07.290] [SEVERE ] updating countdown to 56103
[11:52:07.316] [SEVERE ] updating countdown to 56077
[11:52:07.337] [SEVERE ] updating countdown to 56056
[11:52:07.361] [SEVERE ] updating countdown to 56032
[11:52:07.382] [SEVERE ] updating countdown to 56011
[11:52:07.403] [SEVERE ] updating countdown to 55990
[11:52:07.429] [SEVERE ] updating countdown to 55964
[11:52:07.452] [SEVERE ] updating countdown to 55941
[11:52:07.474] [SEVERE ] updating countdown to 55919
[11:52:07.495] [SEVERE ] updating countdown to 55898
[11:52:07.516] [SEVERE ] updating countdown to 55877
[11:52:07.537] [SEVERE ] updating countdown to 55856
[11:52:07.558] [SEVERE ] updating countdown to 55835
[11:52:07.579] [SEVERE ] updating countdown to 55814
[11:52:07.600] [SEVERE ] updating countdown to 55793
[11:52:07.624] [SEVERE ] updating countdown to 55769
[11:52:07.646] [SEVERE ] updating countdown to 55747
[11:52:07.670] [SEVERE ] updating countdown to 55723
[11:52:07.696] [SEVERE ] updating countdown to 55697
[11:52:07.718] [SEVERE ] updating countdown to 55675
[11:52:07.743] [SEVERE ] updating countdown to 55650
[11:52:07.766] [SEVERE ] updating countdown to 55627
[11:52:07.788] [SEVERE ] updating countdown to 55605
[11:52:07.811] [SEVERE ] updating countdown to 55582
[11:52:07.833] [SEVERE ] updating countdown to 55560
[11:52:07.854] [SEVERE ] updating countdown to 55539
[11:52:07.880] [SEVERE ] updating countdown to 55513
[11:52:07.904] [SEVERE ] updating countdown to 55489
[11:52:07.925] [SEVERE ] updating countdown to 55468
[11:52:07.947] [SEVERE ] updating countdown to 55446
[11:52:07.973] [SEVERE ] updating countdown to 55420
[11:52:07.994] [SEVERE ] updating countdown to 55399
[11:52:08.020] [SEVERE ] updating countdown to 55373
[11:52:08.044] [SEVERE ] updating countdown to 55349
[11:52:08.069] [SEVERE ] updating countdown to 55324
[11:52:08.090] [SEVERE ] updating countdown to 55303
[11:52:08.113] [SEVERE ] updating countdown to 55280
[11:52:08.134] [SEVERE ] updating countdown to 55259
[11:52:08.156] [SEVERE ] updating countdown to 55238
[11:52:08.177] [SEVERE ] updating countdown to 55216
[11:52:08.197] [SEVERE ] updating countdown to 55196
[11:52:08.224] [SEVERE ] updating countdown to 55169
[11:52:08.246] [SEVERE ] updating countdown to 55147
[11:52:08.268] [SEVERE ] updating countdown to 55125
[11:52:08.292] [SEVERE ] updating countdown to 55101
[11:52:08.313] [SEVERE ] updating countdown to 55080
[11:52:08.335] [SEVERE ] updating countdown to 55058
[11:52:08.356] [SEVERE ] updating countdown to 55037
[11:52:08.378] [SEVERE ] updating countdown to 55015
[11:52:08.400] [SEVERE ] updating countdown to 54993
[11:52:08.422] [SEVERE ] updating countdown to 54971
[11:52:08.443] [SEVERE ] updating countdown to 54950
[11:52:08.465] [SEVERE ] updating countdown to 54928
[11:52:08.489] [SEVERE ] updating countdown to 54904
[11:52:08.510] [SEVERE ] updating countdown to 54883
[11:52:08.532] [SEVERE ] updating countdown to 54861
[11:52:08.558] [SEVERE ] updating countdown to 54835
[11:52:08.579] [SEVERE ] updating countdown to 54814
[11:52:08.601] [SEVERE ] updating countdown to 54792
[11:52:08.623] [SEVERE ] updating countdown to 54770
[11:52:08.647] [SEVERE ] updating countdown to 54746
[11:52:08.668] [SEVERE ] updating countdown to 54725
[11:52:08.690] [SEVERE ] updating countdown to 54703
[11:52:08.711] [SEVERE ] updating countdown to 54682
[11:52:08.732] [SEVERE ] updating countdown to 54661
[11:52:08.753] [SEVERE ] updating countdown to 54640
[11:52:08.774] [SEVERE ] updating countdown to 54619
[11:52:08.796] [SEVERE ] updating countdown to 54597
[11:52:08.817] [SEVERE ] updating countdown to 54576
[11:52:08.838] [SEVERE ] updating countdown to 54555
[11:52:08.859] [SEVERE ] updating countdown to 54534
[11:52:08.880] [SEVERE ] updating countdown to 54513
[11:52:08.901] [SEVERE ] updating countdown to 54492
[11:52:08.922] [SEVERE ] updating countdown to 54471
[11:52:08.943] [SEVERE ] updating countdown to 54450
[11:52:08.965] [SEVERE ] updating countdown to 54428
[11:52:08.986] [SEVERE ] updating countdown to 54407
[11:52:09.007] [SEVERE ] updating countdown to 54386
[11:52:09.028] [SEVERE ] updating countdown to 54365
[11:52:09.049] [SEVERE ] updating countdown to 54344
[11:52:09.075] [SEVERE ] updating countdown to 54318
[11:52:09.097] [SEVERE ] updating countdown to 54296
[11:52:09.118] [SEVERE ] updating countdown to 54275
[11:52:09.140] [SEVERE ] updating countdown to 54253
[11:52:09.163] [SEVERE ] updating countdown to 54230
[11:52:09.185] [SEVERE ] updating countdown to 54208
[11:52:09.207] [SEVERE ] updating countdown to 54186
[11:52:09.228] [SEVERE ] updating countdown to 54165
[11:52:09.250] [SEVERE ] updating countdown to 54143
[11:52:09.271] [SEVERE ] updating countdown to 54122
[11:52:09.294] [SEVERE ] updating countdown to 54099
[11:52:09.315] [SEVERE ] updating countdown to 54078
[11:52:09.341] [SEVERE ] updating countdown to 54052
[11:52:09.363] [SEVERE ] updating countdown to 54030
[11:52:09.386] [SEVERE ] updating countdown to 54007
[11:52:09.407] [SEVERE ] updating countdown to 53986
[11:52:09.431] [SEVERE ] updating countdown to 53962
[11:52:09.453] [SEVERE ] updating countdown to 53940
[11:52:09.478] [SEVERE ] updating countdown to 53915
[11:52:09.500] [SEVERE ] updating countdown to 53893
[11:52:09.522] [SEVERE ] updating countdown to 53871
[11:52:09.544] [SEVERE ] updating countdown to 53849
[11:52:09.567] [SEVERE ] updating countdown to 53826
[11:52:09.588] [SEVERE ] updating countdown to 53805
[11:52:09.609] [SEVERE ] updating countdown to 53784
[11:52:09.631] [SEVERE ] updating countdown to 53762
[11:52:09.652] [SEVERE ] updating countdown to 53741
[11:52:09.674] [SEVERE ] updating countdown to 53719
[11:52:09.699] [SEVERE ] updating countdown to 53694
[11:52:09.725] [SEVERE ] updating countdown to 53668
[11:52:09.749] [SEVERE ] updating countdown to 53645
[11:52:09.774] [SEVERE ] updating countdown to 53619
[11:52:09.799] [SEVERE ] updating countdown to 53594
[11:52:09.823] [SEVERE ] updating countdown to 53570
[11:52:09.846] [SEVERE ] updating countdown to 53547
[11:52:09.869] [SEVERE ] updating countdown to 53524
[11:52:09.893] [SEVERE ] updating countdown to 53500
[11:52:09.914] [SEVERE ] updating countdown to 53479
[11:52:09.935] [SEVERE ] updating countdown to 53458
[11:52:09.956] [SEVERE ] updating countdown to 53437
[11:52:09.977] [SEVERE ] updating countdown to 53416
[11:52:09.998] [SEVERE ] updating countdown to 53395
[11:52:10.019] [SEVERE ] updating countdown to 53374
[11:52:10.040] [SEVERE ] updating countdown to 53353
[11:52:10.061] [SEVERE ] updating countdown to 53332
[11:52:10.082] [SEVERE ] updating countdown to 53311
[11:52:10.103] [SEVERE ] updating countdown to 53290
[11:52:10.125] [SEVERE ] updating countdown to 53268
[11:52:10.146] [SEVERE ] updating countdown to 53247
[11:52:10.167] [SEVERE ] updating countdown to 53226
[11:52:10.188] [SEVERE ] updating countdown to 53205
[11:52:10.210] [SEVERE ] updating countdown to 53183
[11:52:10.236] [SEVERE ] updating countdown to 53157
[11:52:10.262] [SEVERE ] updating countdown to 53131
[11:52:10.288] [SEVERE ] updating countdown to 53105
[11:52:10.314] [SEVERE ] updating countdown to 53079
[11:52:10.337] [SEVERE ] updating countdown to 53056
[11:52:10.363] [SEVERE ] updating countdown to 53030
[11:52:10.384] [SEVERE ] updating countdown to 53009
[11:52:10.406] [SEVERE ] updating countdown to 52987
[11:52:10.427] [SEVERE ] updating countdown to 52966
[11:52:10.448] [SEVERE ] updating countdown to 52945
[11:52:10.469] [SEVERE ] updating countdown to 52924
[11:52:10.490] [SEVERE ] updating countdown to 52903
[11:52:10.512] [SEVERE ] updating countdown to 52881
[11:52:10.533] [SEVERE ] updating countdown to 52860
[11:52:10.554] [SEVERE ] updating countdown to 52839
[11:52:10.575] [SEVERE ] updating countdown to 52818
[11:52:10.597] [SEVERE ] updating countdown to 52796
[11:52:10.620] [SEVERE ] updating countdown to 52773
[11:52:10.646] [SEVERE ] updating countdown to 52747
[11:52:10.670] [SEVERE ] updating countdown to 52723
[11:52:10.692] [SEVERE ] updating countdown to 52701
[11:52:10.716] [SEVERE ] updating countdown to 52677
[11:52:10.742] [SEVERE ] updating countdown to 52651
[11:52:10.768] [SEVERE ] updating countdown to 52625
[11:52:10.793] [SEVERE ] updating countdown to 52600
[11:52:10.819] [SEVERE ] updating countdown to 52574
[11:52:10.840] [SEVERE ] updating countdown to 52553
[11:52:10.862] [SEVERE ] updating countdown to 52531
[11:52:10.886] [SEVERE ] updating countdown to 52507
[11:52:10.909] [SEVERE ] updating countdown to 52484
[11:52:10.931] [SEVERE ] updating countdown to 52462
[11:52:10.953] [SEVERE ] updating countdown to 52440
[11:52:10.974] [SEVERE ] updating countdown to 52419
[11:52:10.996] [SEVERE ] updating countdown to 52397
[11:52:11.019] [SEVERE ] updating countdown to 52374
[11:52:11.042] [SEVERE ] updating countdown to 52351
[11:52:11.063] [SEVERE ] updating countdown to 52330
[11:52:11.087] [SEVERE ] updating countdown to 52306
[11:52:11.111] [SEVERE ] updating countdown to 52282
[11:52:11.133] [SEVERE ] updating countdown to 52260
[11:52:11.155] [SEVERE ] updating countdown to 52238
[11:52:11.177] [SEVERE ] updating countdown to 52216
[11:52:11.198] [SEVERE ] updating countdown to 52195
[11:52:11.218] [SEVERE ] updating countdown to 52175
[11:52:11.242] [SEVERE ] updating countdown to 52151
[11:52:11.268] [SEVERE ] updating countdown to 52125
[11:52:11.290] [SEVERE ] updating countdown to 52103
[11:52:11.313] [SEVERE ] updating countdown to 52081
[11:52:11.339] [SEVERE ] updating countdown to 52054
[11:52:11.362] [SEVERE ] updating countdown to 52031
[11:52:11.388] [SEVERE ] updating countdown to 52005
[11:52:11.412] [SEVERE ] updating countdown to 51981
[11:52:11.434] [SEVERE ] updating countdown to 51959
[11:52:11.456] [SEVERE ] updating countdown to 51937
[11:52:11.478] [SEVERE ] updating countdown to 51915
[11:52:11.504] [SEVERE ] updating countdown to 51889
[11:52:11.530] [SEVERE ] updating countdown to 51863
[11:52:11.551] [SEVERE ] updating countdown to 51842
[11:52:11.572] [SEVERE ] updating countdown to 51821
[11:52:11.594] [SEVERE ] updating countdown to 51799
[11:52:11.616] [SEVERE ] updating countdown to 51777
[11:52:11.640] [SEVERE ] updating countdown to 51753
[11:52:11.666] [SEVERE ] updating countdown to 51727
[11:52:11.692] [SEVERE ] updating countdown to 51701
[11:52:11.715] [SEVERE ] updating countdown to 51678
[11:52:11.741] [SEVERE ] updating countdown to 51652
[11:52:11.766] [SEVERE ] updating countdown to 51627
[11:52:11.788] [SEVERE ] updating countdown to 51605
[11:52:11.811] [SEVERE ] updating countdown to 51582
[11:52:11.835] [SEVERE ] updating countdown to 51558
[11:52:11.857] [SEVERE ] updating countdown to 51536
[11:52:11.878] [SEVERE ] updating countdown to 51515
[11:52:11.900] [SEVERE ] updating countdown to 51493
[11:52:11.921] [SEVERE ] updating countdown to 51472
[11:52:11.922] [SEVERE ] key 81 was pressed by player 1
[11:52:11.923] [SEVERE ] player 1 placing token on slot 0
[11:52:11.942] [SEVERE ] updating countdown to 51451
[11:52:11.965] [SEVERE ] updating countdown to 51428
[11:52:11.986] [SEVERE ] updating countdown to 51407
[11:52:12.012] [SEVERE ] updating countdown to 51381
[11:52:12.035] [SEVERE ] updating countdown to 51358
[11:52:12.061] [SEVERE ] updating countdown to 51332
[11:52:12.087] [SEVERE ] updating countdown to 51306
[11:52:12.109] [SEVERE ] updating countdown to 51284
[11:52:12.131] [SEVERE ] updating countdown to 51262
[11:52:12.152] [SEVERE ] updating countdown to 51241
[11:52:12.178] [SEVERE ] updating countdown to 51215
[11:52:12.204] [SEVERE ] updating countdown to 51189
[11:52:12.230] [SEVERE ] updating countdown to 51163
[11:52:12.256] [SEVERE ] updating countdown to 51137
[11:52:12.279] [SEVERE ] updating countdown to 51114
[11:52:12.305] [SEVERE ] updating countdown to 51088
[11:52:12.326] [SEVERE ] updating countdown to 51067
[11:52:12.352] [SEVERE ] updating countdown to 51041
[11:52:12.378] [SEVERE ] updating countdown to 51015
[11:52:12.404] [SEVERE ] updating countdown to 50989
[11:52:12.427] [SEVERE ] updating countdown to 50966
[11:52:12.453] [SEVERE ] updating countdown to 50940
[11:52:12.479] [SEVERE ] updating countdown to 50914
[11:52:12.505] [SEVERE ] updating countdown to 50888
[11:52:12.528] [SEVERE ] updating countdown to 50865
[11:52:12.553] [SEVERE ] updating countdown to 50840
[11:52:12.579] [SEVERE ] updating countdown to 50814
[11:52:12.604] [SEVERE ] updating countdown to 50789
[11:52:12.625] [SEVERE ] updating countdown to 50768
[11:52:12.649] [SEVERE ] updating countdown to 50744
[11:52:12.673] [SEVERE ] updating countdown to 50720
[11:52:12.694] [SEVERE ] updating countdown to 50699
[11:52:12.720] [SEVERE ] updating countdown to 50673
[11:52:12.741] [SEVERE ] updating countdown to 50652
[11:52:12.767] [SEVERE ] updating countdown to 50626
[11:52:12.788] [SEVERE ] updating countdown to 50605
[11:52:12.813] [SEVERE ] updating countdown to 50580
[11:52:12.839] [SEVERE ] updating countdown to 50554
[11:52:12.860] [SEVERE ] updating countdown to 50533
[11:52:12.883] [SEVERE ] updating countdown to 50510
[11:52:12.905] [SEVERE ] updating countdown to 50488
[11:52:12.928] [SEVERE ] updating countdown to 50465
[11:52:12.949] [SEVERE ] updating countdown to 50444
[11:52:12.971] [SEVERE ] updating countdown to 50422
[11:52:12.992] [SEVERE ] updating countdown to 50401
[11:52:13.013] [SEVERE ] updating countdown to 50380
[11:52:13.035] [SEVERE ] updating countdown to 50358
[11:52:13.057] [SEVERE ] updating countdown to 50336
[11:52:13.081] [SEVERE ] updating countdown to 50312
[11:52:13.102] [SEVERE ] updating countdown to 50291
[11:52:13.123] [SEVERE ] updating countdown to 50270
[11:52:13.144] [SEVERE ] updating countdown to 50249
[11:52:13.166] [SEVERE ] updating countdown to 50227
[11:52:13.187] [SEVERE ] updating countdown to 50206
[11:52:13.208] [SEVERE ] updating countdown to 50185
[11:52:13.229] [SEVERE ] updating countdown to 50164
[11:52:13.251] [SEVERE ] updating countdown to 50142
[11:52:13.272] [SEVERE ] updating countdown to 50121
[11:52:13.293] [SEVERE ] updating countdown to 50100
[11:52:13.314] [SEVERE ] updating countdown to 50079
[11:52:13.335] [SEVERE ] updating countdown to 50058
[11:52:13.356] [SEVERE ] updating countdown to 50037
[11:52:13.377] [SEVERE ] updating countdown to 50016
[11:52:13.398] [SEVERE ] updating countdown to 49995
[11:52:13.419] [SEVERE ] updating countdown to 49974
[11:52:13.440] [SEVERE ] updating countdown to 49953
[11:52:13.461] [SEVERE ] updating countdown to 49932
[11:52:13.482] [SEVERE ] updating countdown to 49911
[11:52:13.503] [SEVERE ] updating countdown to 49890
[11:52:13.524] [SEVERE ] updating countdown to 49869
[11:52:13.545] [SEVERE ] updating countdown to 49848
[11:52:13.566] [SEVERE ] updating countdown to 49827
[11:52:13.587] [SEVERE ] updating countdown to 49806
[11:52:13.608] [SEVERE ] updating countdown to 49785
[11:52:13.629] [SEVERE ] updating countdown to 49764
[11:52:13.650] [SEVERE ] updating countdown to 49743
[11:52:13.671] [SEVERE ] updating countdown to 49722
[11:52:13.692] [SEVERE ] updating countdown to 49701
[11:52:13.714] [SEVERE ] updating countdown to 49679
[11:52:13.734] [SEVERE ] updating countdown to 49659
[11:52:13.755] [SEVERE ] updating countdown to 49638
[11:52:13.776] [SEVERE ] updating countdown to 49617
[11:52:13.797] [SEVERE ] updating countdown to 49596
[11:52:13.818] [SEVERE ] updating countdown to 49575
[11:52:13.839] [SEVERE ] updating countdown to 49554
[11:52:13.860] [SEVERE ] updating countdown to 49533
[11:52:13.881] [SEVERE ] updating countdown to 49512
[11:52:13.902] [SEVERE ] updating countdown to 49491
[11:52:13.924] [SEVERE ] updating countdown to 49469
[11:52:13.945] [SEVERE ] updating countdown to 49448
[11:52:13.966] [SEVERE ] updating countdown to 49427
[11:52:13.987] [SEVERE ] updating countdown to 49406
[11:52:14.008] [SEVERE ] updating countdown to 49385
[11:52:14.029] [SEVERE ] updating countdown to 49364
[11:52:14.050] [SEVERE ] updating countdown to 49343
[11:52:14.071] [SEVERE ] updating countdown to 49322
[11:52:14.092] [SEVERE ] updating countdown to 49301
[11:52:14.113] [SEVERE ] updating countdown to 49280
[11:52:14.134] [SEVERE ] updating countdown to 49259
[11:52:14.155] [SEVERE ] updating countdown to 49238
[11:52:14.176] [SEVERE ] updating countdown to 49217
[11:52:14.197] [SEVERE ] updating countdown to 49196
[11:52:14.218] [SEVERE ] updating countdown to 49175
[11:52:14.240] [SEVERE ] updating countdown to 49153
[11:52:14.261] [SEVERE ] updating countdown to 49132
[11:52:14.282] [SEVERE ] updating countdown to 49111
[11:52:14.303] [SEVERE ] updating countdown to 49090
[11:52:14.324] [SEVERE ] updating countdown to 49069
[11:52:14.331] [SEVERE ] key 65 was pressed by player 1
[11:52:14.331] [SEVERE ] player 1 placing token on slot 4
[11:52:14.346] [SEVERE ] updating countdown to 49047
[11:52:14.367] [SEVERE ] updating countdown to 49026
[11:52:14.388] [SEVERE ] updating countdown to 49005
[11:52:14.409] [SEVERE ] updating countdown to 48984
[11:52:14.430] [SEVERE ] updating countdown to 48963
[11:52:14.451] [SEVERE ] updating countdown to 48942
[11:52:14.472] [SEVERE ] updating countdown to 48921
[11:52:14.493] [SEVERE ] updating countdown to 48900
[11:52:14.518] [SEVERE ] updating countdown to 48875
[11:52:14.541] [SEVERE ] updating countdown to 48852
[11:52:14.565] [SEVERE ] updating countdown to 48828
[11:52:14.587] [SEVERE ] updating countdown to 48806
[11:52:14.612] [SEVERE ] updating countdown to 48781
[11:52:14.633] [SEVERE ] updating countdown to 48760
[11:52:14.659] [SEVERE ] updating countdown to 48734
[11:52:14.682] [SEVERE ] updating countdown to 48711
[11:52:14.703] [SEVERE ] updating countdown to 48690
[11:52:14.729] [SEVERE ] updating countdown to 48664
[11:52:14.751] [SEVERE ] updating countdown to 48642
[11:52:14.777] [SEVERE ] updating countdown to 48616
[11:52:14.799] [SEVERE ] updating countdown to 48594
[11:52:14.825] [SEVERE ] updating countdown to 48568
[11:52:14.849] [SEVERE ] updating countdown to 48544
[11:52:14.872] [SEVERE ] updating countdown to 48521
[11:52:14.894] [SEVERE ] updating countdown to 48499
[11:52:14.915] [SEVERE ] updating countdown to 48478
[11:52:14.936] [SEVERE ] updating countdown to 48457
[11:52:14.946] [SEVERE ] key 90 was pressed by player 1
[11:52:14.946] [SEVERE ] player 1 placing token on slot 8
[11:52:14.947] [SEVERE ] removing player 1 token from slot 0
[11:52:14.947] [SEVERE ] removing player 1 token from slot 4
[11:52:14.947] [SEVERE ] removing player 1 token from slot 8
[11:52:14.949] [SEVERE ] setting player 1 freeze to 3000
[11:52:14.957] [SEVERE ] updating countdown to 48436
[11:52:14.980] [SEVERE ] updating countdown to 48413
[11:52:15.000] [SEVERE ] updating countdown to 48393
[11:52:15.026] [SEVERE ] updating countdown to 48367
[11:52:15.047] [SEVERE ] updating countdown to 48346
[11:52:15.069] [SEVERE ] updating countdown to 48324
[11:52:15.095] [SEVERE ] updating countdown to 48298
[11:52:15.118] [SEVERE ] updating countdown to 48275
[11:52:15.142] [SEVERE ] updating countdown to 48251
[11:52:15.163] [SEVERE ] updating countdown to 48230
[11:52:15.189] [SEVERE ] updating countdown to 48204
[11:52:15.215] [SEVERE ] updating countdown to 48178
[11:52:15.238] [SEVERE ] updating countdown to 48155
[11:52:15.264] [SEVERE ] updating countdown to 48129
[11:52:15.286] [SEVERE ] updating countdown to 48107
[11:52:15.312] [SEVERE ] updating countdown to 48081
[11:52:15.338] [SEVERE ] updating countdown to 48055
[11:52:15.364] [SEVERE ] updating countdown to 48029
[11:52:15.390] [SEVERE ] updating countdown to 48003
[11:52:15.413] [SEVERE ] updating countdown to 47980
[11:52:15.435] [SEVERE ] updating countdown to 47958
[11:52:15.461] [SEVERE ] updating countdown to 47932
[11:52:15.487] [SEVERE ] updating countdown to 47906
[11:52:15.508] [SEVERE ] updating countdown to 47885
[11:52:15.530] [SEVERE ] updating countdown to 47863
[11:52:15.556] [SEVERE ] updating countdown to 47837
[11:52:15.581] [SEVERE ] updating countdown to 47812
[11:52:15.602] [SEVERE ] updating countdown to 47791
[11:52:15.624] [SEVERE ] updating countdown to 47769
[11:52:15.646] [SEVERE ] updating countdown to 47748
[11:52:15.669] [SEVERE ] updating countdown to 47724
[11:52:15.690] [SEVERE ] updating countdown to 47703
[11:52:15.712] [SEVERE ] updating countdown to 47681
[11:52:15.735] [SEVERE ] updating countdown to 47658
[11:52:15.761] [SEVERE ] updating countdown to 47632
[11:52:15.784] [SEVERE ] updating countdown to 47609
[11:52:15.810] [SEVERE ] updating countdown to 47583
[11:52:15.834] [SEVERE ] updating countdown to 47559
[11:52:15.855] [SEVERE ] updating countdown to 47538
[11:52:15.877] [SEVERE ] updating countdown to 47516
[11:52:15.898] [SEVERE ] updating countdown to 47495
[11:52:15.919] [SEVERE ] updating countdown to 47474
[11:52:15.943] [SEVERE ] updating countdown to 47450
[11:52:15.964] [SEVERE ] updating countdown to 47429
[11:52:15.988] [SEVERE ] updating countdown to 47405
[11:52:16.009] [SEVERE ] updating countdown to 47384
[11:52:16.033] [SEVERE ] updating countdown to 47360
[11:52:16.055] [SEVERE ] updating countdown to 47338
[11:52:16.081] [SEVERE ] updating countdown to 47312
[11:52:16.102] [SEVERE ] updating countdown to 47291
[11:52:16.127] [SEVERE ] updating countdown to 47266
[11:52:16.153] [SEVERE ] updating countdown to 47240
[11:52:16.179] [SEVERE ] updating countdown to 47214
[11:52:16.202] [SEVERE ] updating countdown to 47191
[11:52:16.223] [SEVERE ] updating countdown to 47170
[11:52:16.249] [SEVERE ] updating countdown to 47144
[11:52:16.275] [SEVERE ] updating countdown to 47118
[11:52:16.297] [SEVERE ] updating countdown to 47096
[11:52:16.318] [SEVERE ] updating countdown to 47075
[11:52:16.338] [SEVERE ] updating countdown to 47055
[11:52:16.359] [SEVERE ] updating countdown to 47034
[11:52:16.385] [SEVERE ] updating countdown to 47008
[11:52:16.406] [SEVERE ] updating countdown to 46987
[11:52:16.431] [SEVERE ] updating countdown to 46962
[11:52:16.453] [SEVERE ] updating countdown to 46940
[11:52:16.479] [SEVERE ] updating countdown to 46914
[11:52:16.503] [SEVERE ] updating countdown to 46890
[11:52:16.529] [SEVERE ] updating countdown to 46864
[11:52:16.553] [SEVERE ] updating countdown to 46840
[11:52:16.576] [SEVERE ] updating countdown to 46817
[11:52:16.597] [SEVERE ] updating countdown to 46796
[11:52:16.623] [SEVERE ] updating countdown to 46770
[11:52:16.645] [SEVERE ] updating countdown to 46748
[11:52:16.667] [SEVERE ] updating countdown to 46726
[11:52:16.688] [SEVERE ] updating countdown to 46705
[11:52:16.709] [SEVERE ] updating countdown to 46684
[11:52:16.731] [SEVERE ] updating countdown to 46662
[11:52:16.753] [SEVERE ] updating countdown to 46640
[11:52:16.774] [SEVERE ] updating countdown to 46619
[11:52:16.795] [SEVERE ] updating countdown to 46598
[11:52:16.816] [SEVERE ] updating countdown to 46577
[11:52:16.842] [SEVERE ] updating countdown to 46551
[11:52:16.863] [SEVERE ] updating countdown to 46530
[11:52:16.886] [SEVERE ] updating countdown to 46507
[11:52:16.907] [SEVERE ] updating countdown to 46486
[11:52:16.928] [SEVERE ] updating countdown to 46465
[11:52:16.952] [SEVERE ] updating countdown to 46441
[11:52:16.974] [SEVERE ] updating countdown to 46419
[11:52:16.995] [SEVERE ] updating countdown to 46398
[11:52:17.018] [SEVERE ] updating countdown to 46375
[11:52:17.041] [SEVERE ] updating countdown to 46352
[11:52:17.063] [SEVERE ] updating countdown to 46330
[11:52:17.089] [SEVERE ] updating countdown to 46304
[11:52:17.115] [SEVERE ] updating countdown to 46278
[11:52:17.141] [SEVERE ] updating countdown to 46252
[11:52:17.167] [SEVERE ] updating countdown to 46226
[11:52:17.191] [SEVERE ] updating countdown to 46202
[11:52:17.217] [SEVERE ] updating countdown to 46176
[11:52:17.229] [SEVERE ] key 81 was pressed by player 1
[11:52:17.239] [SEVERE ] updating countdown to 46154
[11:52:17.265] [SEVERE ] updating countdown to 46128
[11:52:17.288] [SEVERE ] updating countdown to 46105
[11:52:17.310] [SEVERE ] updating countdown to 46083
[11:52:17.336] [SEVERE ] updating countdown to 46057
[11:52:17.362] [SEVERE ] updating countdown to 46031
[11:52:17.385] [SEVERE ] updating countdown to 46008
[11:52:17.410] [SEVERE ] updating countdown to 45983
[11:52:17.432] [SEVERE ] updating countdown to 45961
[11:52:17.457] [SEVERE ] updating countdown to 45936
[11:52:17.480] [SEVERE ] updating countdown to 45913
[11:52:17.506] [SEVERE ] updating countdown to 45887
[11:52:17.527] [SEVERE ] updating countdown to 45866
[11:52:17.552] [SEVERE ] updating countdown to 45841
[11:52:17.573] [SEVERE ] updating countdown to 45820
[11:52:17.597] [SEVERE ] updating countdown to 45796
[11:52:17.618] [SEVERE ] updating countdown to 45775
[11:52:17.644] [SEVERE ] updating countdown to 45749
[11:52:17.665] [SEVERE ] updating countdown to 45728
[11:52:17.686] [SEVERE ] updating countdown to 45707
[11:52:17.709] [SEVERE ] updating countdown to 45684
[11:52:17.730] [SEVERE ] updating countdown to 45663
[11:52:17.752] [SEVERE ] updating countdown to 45641
[11:52:17.778] [SEVERE ] updating countdown to 45615
[11:52:17.801] [SEVERE ] updating countdown to 45592
[11:52:17.827] [SEVERE ] updating countdown to 45566
[11:52:17.853] [SEVERE ] updating countdown to 45540
[11:52:17.874] [SEVERE ] updating countdown to 45519
[11:52:17.897] [SEVERE ] updating countdown to 45496
[11:52:17.918] [SEVERE ] updating countdown to 45475
[11:52:17.941] [SEVERE ] updating countdown to 45452
[11:52:17.952] [SEVERE ] setting player 1 freeze to 0
[11:52:17.952] [SEVERE ] player 1 placing token on slot 0
[11:52:17.953] [SEVERE ] removing player 1 token from slot 0
[11:52:17.953] [SEVERE ] setting player 1 freeze to 3000
[11:52:17.962] [SEVERE ] updating countdown to 45431
[11:52:17.983] [SEVERE ] updating countdown to 45410
[11:52:18.005] [SEVERE ] updating countdown to 45388
[11:52:18.029] [SEVERE ] updating countdown to 45364
[11:52:18.055] [SEVERE ] updating countdown to 45338
[11:52:18.078] [SEVERE ] updating countdown to 45315
[11:52:18.099] [SEVERE ] updating countdown to 45294
[11:52:18.121] [SEVERE ] updating countdown to 45272
[11:52:18.142] [SEVERE ] updating countdown to 45251
[11:52:18.163] [SEVERE ] updating countdown to 45230
[11:52:18.184] [SEVERE ] updating countdown to 45209
[11:52:18.207] [SEVERE ] updating countdown to 45186
[11:52:18.228] [SEVERE ] updating countdown to 45165
[11:52:18.249] [SEVERE ] updating countdown to 45144
[11:52:18.271] [SEVERE ] updating countdown to 45122
[11:52:18.293] [SEVERE ] updating countdown to 45100
[11:52:18.319] [SEVERE ] updating countdown to 45074
[11:52:18.342] [SEVERE ] updating countdown to 45051
[11:52:18.368] [SEVERE ] updating countdown to 45025
[11:52:18.393] [SEVERE ] updating countdown to 45000
[11:52:18.415] [SEVERE ] updating countdown to 44978
[11:52:18.441] [SEVERE ] updating countdown to 44952
[11:52:18.463] [SEVERE ] updating countdown to 44930
[11:52:18.488] [SEVERE ] updating countdown to 44905
[11:52:18.510] [SEVERE ] updating countdown to 44883
[11:52:18.532] [SEVERE ] updating countdown to 44861
[11:52:18.553] [SEVERE ] updating countdown to 44840
[11:52:18.579] [SEVERE ] updating countdown to 44814
[11:52:18.600] [SEVERE ] updating countdown to 44793
[11:52:18.626] [SEVERE ] updating countdown to 44767
[11:52:18.652] [SEVERE ] updating countdown to 44741
[11:52:18.676] [SEVERE ] updating countdown to 44717
[11:52:18.698] [SEVERE ] updating countdown to 44695
[11:52:18.720] [SEVERE ] updating countdown to 44673
[11:52:18.740] [SEVERE ] updating countdown to 44653
[11:52:18.761] [SEVERE ] updating countdown to 44632
[11:52:18.787] [SEVERE ] updating countdown to 44606
[11:52:18.813] [SEVERE ] updating countdown to 44580
[11:52:18.839] [SEVERE ] updating countdown to 44554
[11:52:18.860] [SEVERE ] updating countdown to 44533
[11:52:18.882] [SEVERE ] updating countdown to 44511
[11:52:18.908] [SEVERE ] updating countdown to 44485
[11:52:18.930] [SEVERE ] updating countdown to 44463
[11:52:18.952] [SEVERE ] updating countdown to 44441
[11:52:18.975] [SEVERE ] updating countdown to 44418
[11:52:18.996] [SEVERE ] updating countdown to 44397
[11:52:19.020] [SEVERE ] updating countdown to 44373
[11:52:19.045] [SEVERE ] updating countdown to 44348
[11:52:19.066] [SEVERE ] updating countdown to 44327
[11:52:19.091] [SEVERE ] updating countdown to 44302
[11:52:19.113] [SEVERE ] updating countdown to 44280
[11:52:19.136] [SEVERE ] updating countdown to 44257
[11:52:19.159] [SEVERE ] updating countdown to 44234
[11:52:19.182] [SEVERE ] updating countdown to 44211
[11:52:19.207] [SEVERE ] updating countdown to 44186
[11:52:19.233] [SEVERE ] updating countdown to 44160
[11:52:19.258] [SEVERE ] updating countdown to 44135
[11:52:19.284] [SEVERE ] updating countdown to 44109
[11:52:19.310] [SEVERE ] updating countdown to 44083
[11:52:19.336] [SEVERE ] updating countdown to 44057
[11:52:19.358] [SEVERE ] updating countdown to 44035
[11:52:19.384] [SEVERE ] updating countdown to 44009
[11:52:19.408] [SEVERE ] updating countdown to 43985
[11:52:19.433] [SEVERE ] updating countdown to 43960
[11:52:19.455] [SEVERE ] updating countdown to 43938
[11:52:19.477] [SEVERE ] updating countdown to 43916
[11:52:19.502] [SEVERE ] updating countdown to 43891
[11:52:19.527] [SEVERE ] updating countdown to 43866
[11:52:19.551] [SEVERE ] updating countdown to 43842
[11:52:19.574] [SEVERE ] updating countdown to 43819
[11:52:19.600] [SEVERE ] updating countdown to 43793
[11:52:19.621] [SEVERE ] updating countdown to 43772
[11:52:19.643] [SEVERE ] updating countdown to 43750
[11:52:19.665] [SEVERE ] updating countdown to 43728
[11:52:19.690] [SEVERE ] updating countdown to 43703
[11:52:19.711] [SEVERE ] updating countdown to 43682
[11:52:19.732] [SEVERE ] updating countdown to 43661
[11:52:19.754] [SEVERE ] updating countdown to 43639
[11:52:19.780] [SEVERE ] updating countdown to 43613
[11:52:19.803] [SEVERE ] updating countdown to 43590
[11:52:19.826] [SEVERE ] updating countdown to 43567
[11:52:19.848] [SEVERE ] updating countdown to 43545
[11:52:19.869] [SEVERE ] updating countdown to 43524
[11:52:19.891] [SEVERE ] updating countdown to 43502
[11:52:19.917] [SEVERE ] updating countdown to 43476
[11:52:19.939] [SEVERE ] updating countdown to 43454
[11:52:19.963] [SEVERE ] updating countdown to 43430
[11:52:19.984] [SEVERE ] updating countdown to 43409
[11:52:20.008] [SEVERE ] updating countdown to 43385
[11:52:20.034] [SEVERE ] updating countdown to 43359
[11:52:20.060] [SEVERE ] updating countdown to 43333
[11:52:20.085] [SEVERE ] updating countdown to 43308
[11:52:20.110] [SEVERE ] updating countdown to 43283
[11:52:20.132] [SEVERE ] updating countdown to 43261
[11:52:20.158] [SEVERE ] updating countdown to 43235
[11:52:20.184] [SEVERE ] updating countdown to 43209
[11:52:20.207] [SEVERE ] updating countdown to 43186
[11:52:20.229] [SEVERE ] updating countdown to 43164
[11:52:20.255] [SEVERE ] updating countdown to 43138
[11:52:20.280] [SEVERE ] updating countdown to 43113
[11:52:20.300] [SEVERE ] updating countdown to 43093
[11:52:20.326] [SEVERE ] updating countdown to 43067
[11:52:20.352] [SEVERE ] updating countdown to 43041
[11:52:20.373] [SEVERE ] updating countdown to 43020
[11:52:20.395] [SEVERE ] updating countdown to 42998
[11:52:20.419] [SEVERE ] updating countdown to 42974
[11:52:20.445] [SEVERE ] updating countdown to 42948
[11:52:20.471] [SEVERE ] updating countdown to 42922
[11:52:20.494] [SEVERE ] updating countdown to 42899
[11:52:20.515] [SEVERE ] updating countdown to 42878
[11:52:20.541] [SEVERE ] updating countdown to 42852
[11:52:20.563] [SEVERE ] updating countdown to 42830
[11:52:20.587] [SEVERE ] updating countdown to 42806
[11:52:20.608] [SEVERE ] updating countdown to 42785
[11:52:20.634] [SEVERE ] updating countdown to 42759
[11:52:20.659] [SEVERE ] updating countdown to 42734
[11:52:20.684] [SEVERE ] updating countdown to 42709
[11:52:20.710] [SEVERE ] updating countdown to 42683
[11:52:20.734] [SEVERE ] updating countdown to 42659
[11:52:20.760] [SEVERE ] updating countdown to 42633
[11:52:20.781] [SEVERE ] updating countdown to 42612
[11:52:20.803] [SEVERE ] updating countdown to 42590
[11:52:20.827] [SEVERE ] updating countdown to 42566
[11:52:20.849] [SEVERE ] updating countdown to 42544
[11:52:20.870] [SEVERE ] updating countdown to 42523
[11:52:20.890] [SEVERE ] updating countdown to 42503
[11:52:20.912] [SEVERE ] updating countdown to 42481
[11:52:20.933] [SEVERE ] updating countdown to 42460
[11:52:20.954] [SEVERE ] setting player 1 freeze to 0
[11:52:20.955] [SEVERE ] updating countdown to 42438
[11:52:20.976] [SEVERE ] updating countdown to 42417
[11:52:21.002] [SEVERE ] updating countdown to 42391
[11:52:21.027] [SEVERE ] updating countdown to 42366
[11:52:21.050] [SEVERE ] updating countdown to 42343
[11:52:21.071] [SEVERE ] updating countdown to 42322
[11:52:21.093] [SEVERE ] updating countdown to 42300
[11:52:21.119] [SEVERE ] updating countdown to 42274
[11:52:21.142] [SEVERE ] updating countdown to 42251
[11:52:21.163] [SEVERE ] updating countdown to 42230
[11:52:21.184] [SEVERE ] updating countdown to 42209
[11:52:21.207] [SEVERE ] updating countdown to 42186
[11:52:21.229] [SEVERE ] updating countdown to 42164
[11:52:21.251] [SEVERE ] updating countdown to 42142
[11:52:21.277] [SEVERE ] updating countdown to 42116
[11:52:21.299] [SEVERE ] updating countdown to 42094
[11:52:21.320] [SEVERE ] updating countdown to 42073
[11:52:21.341] [SEVERE ] updating countdown to 42052
[11:52:21.367] [SEVERE ] updating countdown to 42026
[11:52:21.389] [SEVERE ] updating countdown to 42004
[11:52:21.411] [SEVERE ] updating countdown to 41982
[11:52:21.433] [SEVERE ] updating countdown to 41960
[11:52:21.455] [SEVERE ] updating countdown to 41938
[11:52:21.476] [SEVERE ] updating countdown to 41917
[11:52:21.502] [SEVERE ] updating countdown to 41891
[11:52:21.524] [SEVERE ] updating countdown to 41869
[11:52:21.549] [SEVERE ] updating countdown to 41844
[11:52:21.571] [SEVERE ] updating countdown to 41822
[11:52:21.594] [SEVERE ] updating countdown to 41799
[11:52:21.608] [SEVERE ] key 87 was pressed by player 1
[11:52:21.609] [SEVERE ] player 1 placing token on slot 1
[11:52:21.609] [SEVERE ] setting player 1 freeze to 3000
[11:52:21.615] [SEVERE ] updating countdown to 41778
[11:52:21.638] [SEVERE ] updating countdown to 41755
[11:52:21.659] [SEVERE ] updating countdown to 41734
[11:52:21.682] [SEVERE ] updating countdown to 41711
[11:52:21.703] [SEVERE ] updating countdown to 41690
[11:52:21.725] [SEVERE ] updating countdown to 41668
[11:52:21.746] [SEVERE ] updating countdown to 41647
[11:52:21.767] [SEVERE ] updating countdown to 41626
[11:52:21.790] [SEVERE ] updating countdown to 41603
[11:52:21.813] [SEVERE ] updating countdown to 41580
[11:52:21.835] [SEVERE ] updating countdown to 41558
[11:52:21.857] [SEVERE ] updating countdown to 41536
[11:52:21.878] [SEVERE ] updating countdown to 41515
[11:52:21.901] [SEVERE ] updating countdown to 41492
[11:52:21.922] [SEVERE ] updating countdown to 41471
[11:52:21.945] [SEVERE ] updating countdown to 41448
[11:52:21.969] [SEVERE ] updating countdown to 41424
[11:52:21.990] [SEVERE ] updating countdown to 41403
[11:52:22.013] [SEVERE ] updating countdown to 41380
[11:52:22.035] [SEVERE ] updating countdown to 41358
[11:52:22.056] [SEVERE ] updating countdown to 41337
[11:52:22.077] [SEVERE ] updating countdown to 41316
[11:52:22.100] [SEVERE ] updating countdown to 41293
[11:52:22.122] [SEVERE ] updating countdown to 41271
[11:52:22.143] [SEVERE ] updating countdown to 41250
[11:52:22.169] [SEVERE ] updating countdown to 41224
[11:52:22.193] [SEVERE ] updating countdown to 41200
[11:52:22.218] [SEVERE ] updating countdown to 41175
[11:52:22.242] [SEVERE ] updating countdown to 41151
[11:52:22.264] [SEVERE ] updating countdown to 41129
[11:52:22.286] [SEVERE ] updating countdown to 41107
[11:52:22.308] [SEVERE ] updating countdown to 41085
[11:52:22.333] [SEVERE ] updating countdown to 41060
[11:52:22.359] [SEVERE ] updating countdown to 41034
[11:52:22.382] [SEVERE ] updating countdown to 41011
[11:52:22.404] [SEVERE ] updating countdown to 40989
[11:52:22.427] [SEVERE ] updating countdown to 40966
[11:52:22.449] [SEVERE ] updating countdown to 40944
[11:52:22.471] [SEVERE ] updating countdown to 40922
[11:52:22.493] [SEVERE ] updating countdown to 40900
[11:52:22.519] [SEVERE ] updating countdown to 40874
[11:52:22.545] [SEVERE ] updating countdown to 40848
[11:52:22.570] [SEVERE ] updating countdown to 40823
[11:52:22.596] [SEVERE ] updating countdown to 40797
[11:52:22.619] [SEVERE ] updating countdown to 40774
[11:52:22.645] [SEVERE ] updating countdown to 40748
[11:52:22.669] [SEVERE ] updating countdown to 40724
[11:52:22.691] [SEVERE ] updating countdown to 40702
[11:52:22.715] [SEVERE ] updating countdown to 40678
[11:52:22.740] [SEVERE ] updating countdown to 40653
[11:52:22.761] [SEVERE ] updating countdown to 40632
[11:52:22.781] [SEVERE ] updating countdown to 40612
[11:52:22.803] [SEVERE ] updating countdown to 40590
[11:52:22.824] [SEVERE ] updating countdown to 40569
[11:52:22.846] [SEVERE ] updating countdown to 40547
[11:52:22.872] [SEVERE ] updating countdown to 40521
[11:52:22.895] [SEVERE ] updating countdown to 40498
[11:52:22.921] [SEVERE ] updating countdown to 40472
[11:52:22.947] [SEVERE ] updating countdown to 40446
[11:52:22.973] [SEVERE ] updating countdown to 40420
[11:52:22.994] [SEVERE ] updating countdown to 40399
[11:52:23.016] [SEVERE ] updating countdown to 40377
[11:52:23.042] [SEVERE ] updating countdown to 40351
[11:52:23.068] [SEVERE ] updating countdown to 40325
[11:52:23.094] [SEVERE ] updating countdown to 40299
[11:52:23.116] [SEVERE ] updating countdown to 40277
[11:52:23.137] [SEVERE ] updating countdown to 40256
[11:52:23.163] [SEVERE ] updating countdown to 40230
[11:52:23.184] [SEVERE ] updating countdown to 40209
[11:52:23.194] [SEVERE ] key 68 was pressed by player 1
[11:52:23.206] [SEVERE ] updating countdown to 40187
[11:52:23.227] [SEVERE ] updating countdown to 40166
[11:52:23.249] [SEVERE ] updating countdown to 40144
[11:52:23.275] [SEVERE ] updating countdown to 40118
[11:52:23.297] [SEVERE ] updating countdown to 40096
[11:52:23.323] [SEVERE ] updating countdown to 40070
[11:52:23.349] [SEVERE ] updating countdown to 40044
[11:52:23.375] [SEVERE ] updating countdown to 40018
[11:52:23.401] [SEVERE ] updating countdown to 39992
[11:52:23.423] [SEVERE ] updating countdown to 39970
[11:52:23.447] [SEVERE ] updating countdown to 39946
[11:52:23.469] [SEVERE ] updating countdown to 39924
[11:52:23.493] [SEVERE ] updating countdown to 39900
[11:52:23.519] [SEVERE ] updating countdown to 39874
[11:52:23.543] [SEVERE ] updating countdown to 39850
[11:52:23.567] [SEVERE ] updating countdown to 39826
[11:52:23.592] [SEVERE ] updating countdown to 39801
[11:52:23.618] [SEVERE ] updating countdown to 39775
[11:52:23.639] [SEVERE ] updating countdown to 39754
[11:52:23.662] [SEVERE ] updating countdown to 39731
[11:52:23.684] [SEVERE ] updating countdown to 39709
[11:52:23.708] [SEVERE ] updating countdown to 39685
[11:52:23.730] [SEVERE ] updating countdown to 39663
[11:52:23.756] [SEVERE ] updating countdown to 39637
[11:52:23.780] [SEVERE ] updating countdown to 39613
[11:52:23.801] [SEVERE ] updating countdown to 39592
[11:52:23.822] [SEVERE ] updating countdown to 39571
[11:52:23.848] [SEVERE ] updating countdown to 39545
[11:52:23.874] [SEVERE ] updating countdown to 39519
[11:52:23.895] [SEVERE ] updating countdown to 39498
[11:52:23.921] [SEVERE ] updating countdown to 39472
[11:52:23.946] [SEVERE ] updating countdown to 39447
[11:52:23.969] [SEVERE ] updating countdown to 39424
[11:52:23.990] [SEVERE ] updating countdown to 39403
[11:52:24.012] [SEVERE ] updating countdown to 39381
[11:52:24.034] [SEVERE ] updating countdown to 39359
[11:52:24.055] [SEVERE ] updating countdown to 39338
[11:52:24.079] [SEVERE ] updating countdown to 39314
[11:52:24.105] [SEVERE ] updating countdown to 39288
[11:52:24.129] [SEVERE ] updating countdown to 39264
[11:52:24.155] [SEVERE ] updating countdown to 39238
[11:52:24.180] [SEVERE ] updating countdown to 39213
[11:52:24.202] [SEVERE ] updating countdown to 39191
[11:52:24.227] [SEVERE ] updating countdown to 39166
[11:52:24.254] [SEVERE ] updating countdown to 39139
[11:52:24.275] [SEVERE ] updating countdown to 39118
[11:52:24.297] [SEVERE ] updating countdown to 39096
[11:52:24.323] [SEVERE ] updating countdown to 39070
[11:52:24.344] [SEVERE ] updating countdown to 39049
[11:52:24.369] [SEVERE ] updating countdown to 39024
[11:52:24.393] [SEVERE ] updating countdown to 39000
[11:52:24.419] [SEVERE ] updating countdown to 38974
[11:52:24.444] [SEVERE ] updating countdown to 38949
[11:52:24.466] [SEVERE ] updating countdown to 38927
[11:52:24.491] [SEVERE ] updating countdown to 38902
[11:52:24.514] [SEVERE ] updating countdown to 38879
[11:52:24.540] [SEVERE ] updating countdown to 38853
[11:52:24.561] [SEVERE ] updating countdown to 38832
[11:52:24.584] [SEVERE ] updating countdown to 38809
[11:52:24.608] [SEVERE ] updating countdown to 38785
[11:52:24.611] [SEVERE ] setting player 1 freeze to 0
[11:52:24.612] [SEVERE ] player 1 placing token on slot 6
[11:52:24.612] [SEVERE ] setting player 1 freeze to 3000
[11:52:24.630] [SEVERE ] updating countdown to 38763
[11:52:24.654] [SEVERE ] updating countdown to 38739
[11:52:24.675] [SEVERE ] updating countdown to 38718
[11:52:24.701] [SEVERE ] updating countdown to 38692
[11:52:24.727] [SEVERE ] updating countdown to 38666
[11:52:24.748] [SEVERE ] updating countdown to 38645
[11:52:24.772] [SEVERE ] updating countdown to 38621
[11:52:24.793] [SEVERE ] updating countdown to 38600
[11:52:24.815] [SEVERE ] updating countdown to 38578
[11:52:24.836] [SEVERE ] updating countdown to 38557
[11:52:24.859] [SEVERE ] updating countdown to 38534
[11:52:24.880] [SEVERE ] updating countdown to 38513
[11:52:24.902] [SEVERE ] updating countdown to 38491
[11:52:24.924] [SEVERE ] updating countdown to 38469
[11:52:24.946] [SEVERE ] updating countdown to 38447
[11:52:24.967] [SEVERE ] updating countdown to 38426
[11:52:24.988] [SEVERE ] updating countdown to 38405
[11:52:25.010] [SEVERE ] updating countdown to 38383
[11:52:25.032] [SEVERE ] updating countdown to 38361
[11:52:25.057] [SEVERE ] updating countdown to 38336
[11:52:25.081] [SEVERE ] updating countdown to 38312
[11:52:25.105] [SEVERE ] updating countdown to 38288
[11:52:25.128] [SEVERE ] updating countdown to 38265
[11:52:25.151] [SEVERE ] updating countdown to 38242
[11:52:25.172] [SEVERE ] updating countdown to 38221
[11:52:25.194] [SEVERE ] updating countdown to 38199
[11:52:25.220] [SEVERE ] updating countdown to 38173
[11:52:25.242] [SEVERE ] updating countdown to 38151
[11:52:25.265] [SEVERE ] updating countdown to 38128
[11:52:25.289] [SEVERE ] updating countdown to 38104
[11:52:25.315] [SEVERE ] updating countdown to 38078
[11:52:25.339] [SEVERE ] updating countdown to 38054
[11:52:25.365] [SEVERE ] updating countdown to 38028
[11:52:25.388] [SEVERE ] updating countdown to 38005
[11:52:25.411] [SEVERE ] updating countdown to 37982
[11:52:25.438] [SEVERE ] updating countdown to 37955
[11:52:25.459] [SEVERE ] updating countdown to 37934
[11:52:25.481] [SEVERE ] updating countdown to 37912
[11:52:25.504] [SEVERE ] updating countdown to 37889
[11:52:25.530] [SEVERE ] updating countdown to 37863
[11:52:25.556] [SEVERE ] updating countdown to 37837
[11:52:25.582] [SEVERE ] updating countdown to 37811
[11:52:25.605] [SEVERE ] updating countdown to 37788
[11:52:25.627] [SEVERE ] updating countdown to 37766
[11:52:25.648] [SEVERE ] updating countdown to 37745
[11:52:25.670] [SEVERE ] updating countdown to 37723
[11:52:25.693] [SEVERE ] updating countdown to 37700
[11:52:25.719] [SEVERE ] updating countdown to 37674
[11:52:25.745] [SEVERE ] updating countdown to 37648
[11:52:25.771] [SEVERE ] updating countdown to 37622
[11:52:25.794] [SEVERE ] updating countdown to 37599
[11:52:25.815] [SEVERE ] updating countdown to 37578
[11:52:25.836] [SEVERE ] updating countdown to 37557
[11:52:25.850] [SEVERE ] key 69 was pressed by player 1
[11:52:25.857] [SEVERE ] updating countdown to 37536
[11:52:25.878] [SEVERE ] updating countdown to 37515
[11:52:25.900] [SEVERE ] updating countdown to 37493
[11:52:25.921] [SEVERE ] updating countdown to 37472
[11:52:25.947] [SEVERE ] updating countdown to 37446
[11:52:25.968] [SEVERE ] updating countdown to 37425
[11:52:25.993] [SEVERE ] updating countdown to 37400
[11:52:26.014] [SEVERE ] updating countdown to 37379
[11:52:26.038] [SEVERE ] updating countdown to 37355
[11:52:26.063] [SEVERE ] updating countdown to 37330
[11:52:26.086] [SEVERE ] updating countdown to 37307
[11:52:26.110] [SEVERE ] updating countdown to 37283
[11:52:26.132] [SEVERE ] updating countdown to 37261
[11:52:26.155] [SEVERE ] updating countdown to 37238
[11:52:26.181] [SEVERE ] updating countdown to 37212
[11:52:26.203] [SEVERE ] updating countdown to 37190
[11:52:26.225] [SEVERE ] updating countdown to 37168
[11:52:26.247] [SEVERE ] updating countdown to 37146
[11:52:26.268] [SEVERE ] updating countdown to 37125
[11:52:26.295] [SEVERE ] updating countdown to 37098
[11:52:26.318] [SEVERE ] updating countdown to 37075
[11:52:26.341] [SEVERE ] updating countdown to 37052
[11:52:26.367] [SEVERE ] updating countdown to 37026
[11:52:26.391] [SEVERE ] updating countdown to 37002
[11:52:26.417] [SEVERE ] updating countdown to 36976
[11:52:26.438] [SEVERE ] updating countdown to 36955
[11:52:26.459] [SEVERE ] updating countdown to 36934
[11:52:26.484] [SEVERE ] updating countdown to 36909
[11:52:26.510] [SEVERE ] updating countdown to 36883
[11:52:26.536] [SEVERE ] updating countdown to 36857
[11:52:26.561] [SEVERE ] updating countdown to 36832
[11:52:26.585] [SEVERE ] updating countdown to 36808
[11:52:26.611] [SEVERE ] updating countdown to 36782
[11:52:26.634] [SEVERE ] updating countdown to 36759
[11:52:26.656] [SEVERE ] updating countdown to 36737
[11:52:26.682] [SEVERE ] updating countdown to 36711
[11:52:26.707] [SEVERE ] updating countdown to 36686
[11:52:26.728] [SEVERE ] updating countdown to 36665
[11:52:26.754] [SEVERE ] updating countdown to 36639
[11:52:26.778] [SEVERE ] updating countdown to 36615
[11:52:26.803] [SEVERE ] updating countdown to 36590
[11:52:26.827] [SEVERE ] updating countdown to 36566
[11:52:26.853] [SEVERE ] updating countdown to 36540
[11:52:26.874] [SEVERE ] updating countdown to 36519
[11:52:26.900] [SEVERE ] updating countdown to 36493
[11:52:26.921] [SEVERE ] updating countdown to 36472
[11:52:26.942] [SEVERE ] updating countdown to 36451
[11:52:26.967] [SEVERE ] updating countdown to 36426
[11:52:26.988] [SEVERE ] updating countdown to 36405
[11:52:27.012] [SEVERE ] updating countdown to 36381
[11:52:27.035] [SEVERE ] updating countdown to 36358
[11:52:27.061] [SEVERE ] updating countdown to 36332
[11:52:27.087] [SEVERE ] updating countdown to 36306
[11:52:27.111] [SEVERE ] updating countdown to 36282
[11:52:27.132] [SEVERE ] updating countdown to 36261
[11:52:27.158] [SEVERE ] updating countdown to 36235
[11:52:27.179] [SEVERE ] updating countdown to 36214
[11:52:27.203] [SEVERE ] updating countdown to 36190
[11:52:27.224] [SEVERE ] updating countdown to 36169
[11:52:27.246] [SEVERE ] updating countdown to 36147
[11:52:27.271] [SEVERE ] updating countdown to 36122
[11:52:27.293] [SEVERE ] updating countdown to 36100
[11:52:27.317] [SEVERE ] updating countdown to 36076
[11:52:27.343] [SEVERE ] updating countdown to 36050
[11:52:27.369] [SEVERE ] updating countdown to 36024
[11:52:27.393] [SEVERE ] updating countdown to 36000
[11:52:27.420] [SEVERE ] updating countdown to 35973
[11:52:27.446] [SEVERE ] updating countdown to 35947
[11:52:27.472] [SEVERE ] updating countdown to 35921
[11:52:27.493] [SEVERE ] updating countdown to 35900
[11:52:27.519] [SEVERE ] updating countdown to 35874
[11:52:27.545] [SEVERE ] updating countdown to 35848
[11:52:27.567] [SEVERE ] updating countdown to 35826
[11:52:27.593] [SEVERE ] updating countdown to 35800
[11:52:27.614] [SEVERE ] setting player 1 freeze to 0
[11:52:27.614] [SEVERE ] player 1 placing token on slot 2
[11:52:27.614] [SEVERE ] updating countdown to 35779
[11:52:27.615] [SEVERE ] setting player 1 freeze to 3000
[11:52:27.635] [SEVERE ] updating countdown to 35758
[11:52:27.657] [SEVERE ] updating countdown to 35736
[11:52:27.682] [SEVERE ] updating countdown to 35711
[11:52:27.708] [SEVERE ] updating countdown to 35685
[11:52:27.734] [SEVERE ] updating countdown to 35659
[11:52:27.756] [SEVERE ] updating countdown to 35637
[11:52:27.778] [SEVERE ] updating countdown to 35615
[11:52:27.802] [SEVERE ] updating countdown to 35591
[11:52:27.823] [SEVERE ] updating countdown to 35570
[11:52:27.844] [SEVERE ] updating countdown to 35549
[11:52:27.846] [SEVERE ] key 69 was pressed by player 1
[11:52:27.865] [SEVERE ] updating countdown to 35528
[11:52:27.886] [SEVERE ] updating countdown to 35507
[11:52:27.907] [SEVERE ] updating countdown to 35486
[11:52:27.928] [SEVERE ] updating countdown to 35465
[11:52:27.949] [SEVERE ] updating countdown to 35444
[11:52:27.970] [SEVERE ] updating countdown to 35423
[11:52:27.991] [SEVERE ] updating countdown to 35402
[11:52:28.012] [SEVERE ] updating countdown to 35381
[11:52:28.035] [SEVERE ] updating countdown to 35358
[11:52:28.060] [SEVERE ] updating countdown to 35333
[11:52:28.081] [SEVERE ] updating countdown to 35312
[11:52:28.102] [SEVERE ] updating countdown to 35291
[11:52:28.123] [SEVERE ] updating countdown to 35270
[11:52:28.144] [SEVERE ] updating countdown to 35249
[11:52:28.165] [SEVERE ] updating countdown to 35228
[11:52:28.186] [SEVERE ] updating countdown to 35207
[11:52:28.207] [SEVERE ] updating countdown to 35186
[11:52:28.233] [SEVERE ] updating countdown to 35160
[11:52:28.254] [SEVERE ] updating countdown to 35139
[11:52:28.278] [SEVERE ] updating countdown to 35115
[11:52:28.308] [SEVERE ] updating countdown to 35085
[11:52:28.334] [SEVERE ] updating countdown to 35059
[11:52:28.356] [SEVERE ] updating countdown to 35037
[11:52:28.378] [SEVERE ] updating countdown to 35015
[11:52:28.399] [SEVERE ] updating countdown to 34994
[11:52:28.421] [SEVERE ] updating countdown to 34972
[11:52:28.445] [SEVERE ] updating countdown to 34948
[11:52:28.466] [SEVERE ] updating countdown to 34927
[11:52:28.492] [SEVERE ] updating countdown to 34901
[11:52:28.518] [SEVERE ] updating countdown to 34875
[11:52:28.539] [SEVERE ] updating countdown to 34854
[11:52:28.565] [SEVERE ] updating countdown to 34828
[11:52:28.586] [SEVERE ] updating countdown to 34807
[11:52:28.608] [SEVERE ] updating countdown to 34785
[11:52:28.629] [SEVERE ] updating countdown to 34764
[11:52:28.650] [SEVERE ] updating countdown to 34743
[11:52:28.675] [SEVERE ] updating countdown to 34718
[11:52:28.697] [SEVERE ] updating countdown to 34696
[11:52:28.719] [SEVERE ] updating countdown to 34674
[11:52:28.745] [SEVERE ] updating countdown to 34648
[11:52:28.767] [SEVERE ] updating countdown to 34626
[11:52:28.790] [SEVERE ] updating countdown to 34603
[11:52:28.812] [SEVERE ] updating countdown to 34581
[11:52:28.833] [SEVERE ] updating countdown to 34560
[11:52:28.855] [SEVERE ] updating countdown to 34538
[11:52:28.881] [SEVERE ] updating countdown to 34512
[11:52:28.904] [SEVERE ] updating countdown to 34489
[11:52:28.930] [SEVERE ] updating countdown to 34463
[11:52:28.956] [SEVERE ] updating countdown to 34437
[11:52:28.977] [SEVERE ] updating countdown to 34416
[11:52:28.998] [SEVERE ] updating countdown to 34395
[11:52:29.022] [SEVERE ] updating countdown to 34371
[11:52:29.048] [SEVERE ] updating countdown to 34345
[11:52:29.072] [SEVERE ] updating countdown to 34321
[11:52:29.093] [SEVERE ] updating countdown to 34300
[11:52:29.119] [SEVERE ] updating countdown to 34274
[11:52:29.145] [SEVERE ] updating countdown to 34248
[11:52:29.171] [SEVERE ] updating countdown to 34222
[11:52:29.197] [SEVERE ] updating countdown to 34196
[11:52:29.219] [SEVERE ] updating countdown to 34174
[11:52:29.245] [SEVERE ] updating countdown to 34148
[11:52:29.258] [SEVERE ] key 83 was pressed by player 1
[11:52:29.266] [SEVERE ] updating countdown to 34127
[11:52:29.292] [SEVERE ] updating countdown to 34101
[11:52:29.317] [SEVERE ] updating countdown to 34076
[11:52:29.343] [SEVERE ] updating countdown to 34050
[11:52:29.369] [SEVERE ] updating countdown to 34024
[11:52:29.393] [SEVERE ] updating countdown to 34000
[11:52:29.419] [SEVERE ] updating countdown to 33974
[11:52:29.444] [SEVERE ] updating countdown to 33949
[11:52:29.470] [SEVERE ] updating countdown to 33923
[11:52:29.494] [SEVERE ] updating countdown to 33899
[11:52:29.520] [SEVERE ] updating countdown to 33873
[11:52:29.546] [SEVERE ] updating countdown to 33847
[11:52:29.569] [SEVERE ] updating countdown to 33824
[11:52:29.595] [SEVERE ] updating countdown to 33798
[11:52:29.621] [SEVERE ] updating countdown to 33772
[11:52:29.643] [SEVERE ] updating countdown to 33750
[11:52:29.668] [SEVERE ] updating countdown to 33725
[11:52:29.694] [SEVERE ] updating countdown to 33699
[11:52:29.716] [SEVERE ] updating countdown to 33677
[11:52:29.742] [SEVERE ] updating countdown to 33651
[11:52:29.763] [SEVERE ] updating countdown to 33630
[11:52:29.785] [SEVERE ] updating countdown to 33608
[11:52:29.806] [SEVERE ] updating countdown to 33587
[11:52:29.830] [SEVERE ] updating countdown to 33563
[11:52:29.852] [SEVERE ] updating countdown to 33541
[11:52:29.874] [SEVERE ] updating countdown to 33519
[11:52:29.895] [SEVERE ] updating countdown to 33498
[11:52:29.917] [SEVERE ] updating countdown to 33476
[11:52:29.940] [SEVERE ] updating countdown to 33453
[11:52:29.966] [SEVERE ] updating countdown to 33427
[11:52:29.988] [SEVERE ] updating countdown to 33405
[11:52:30.009] [SEVERE ] updating countdown to 33384
[11:52:30.035] [SEVERE ] updating countdown to 33358
[11:52:30.061] [SEVERE ] updating countdown to 33332
[11:52:30.084] [SEVERE ] updating countdown to 33309
[11:52:30.110] [SEVERE ] updating countdown to 33283
[11:52:30.133] [SEVERE ] updating countdown to 33260
[11:52:30.156] [SEVERE ] updating countdown to 33237
[11:52:30.182] [SEVERE ] updating countdown to 33211
[11:52:30.203] [SEVERE ] updating countdown to 33190
[11:52:30.204] [SEVERE ] key 88 was pressed by player 1
[11:52:30.224] [SEVERE ] updating countdown to 33169
[11:52:30.246] [SEVERE ] updating countdown to 33147
[11:52:30.269] [SEVERE ] updating countdown to 33124
[11:52:30.290] [SEVERE ] updating countdown to 33103
[11:52:30.312] [SEVERE ] updating countdown to 33081
[11:52:30.334] [SEVERE ] updating countdown to 33059
[11:52:30.356] [SEVERE ] updating countdown to 33037
[11:52:30.377] [SEVERE ] updating countdown to 33016
[11:52:30.399] [SEVERE ] updating countdown to 32994
[11:52:30.420] [SEVERE ] updating countdown to 32973
[11:52:30.442] [SEVERE ] updating countdown to 32951
[11:52:30.463] [SEVERE ] updating countdown to 32930
[11:52:30.485] [SEVERE ] updating countdown to 32908
[11:52:30.506] [SEVERE ] updating countdown to 32887
[11:52:30.527] [SEVERE ] updating countdown to 32866
[11:52:30.553] [SEVERE ] updating countdown to 32840
[11:52:30.574] [SEVERE ] updating countdown to 32819
[11:52:30.600] [SEVERE ] updating countdown to 32793
[11:52:30.616] [SEVERE ] setting player 1 freeze to 0
[11:52:30.616] [SEVERE ] removing player 1 token from slot 2
[11:52:30.617] [SEVERE ] player 1 placing token on slot 2
[11:52:30.617] [SEVERE ] setting player 1 freeze to 3000
[11:52:30.621] [SEVERE ] updating countdown to 32772
[11:52:30.642] [SEVERE ] updating countdown to 32751
[11:52:30.663] [SEVERE ] updating countdown to 32730
[11:52:30.689] [SEVERE ] updating countdown to 32704
[11:52:30.715] [SEVERE ] updating countdown to 32678
[11:52:30.738] [SEVERE ] updating countdown to 32655
[11:52:30.759] [SEVERE ] updating countdown to 32634
[11:52:30.780] [SEVERE ] updating countdown to 32613
[11:52:30.805] [SEVERE ] updating countdown to 32588
[11:52:30.829] [SEVERE ] updating countdown to 32564
[11:52:30.855] [SEVERE ] updating countdown to 32538
[11:52:30.876] [SEVERE ] updating countdown to 32517
[11:52:30.897] [SEVERE ] updating countdown to 32496
[11:52:30.919] [SEVERE ] updating countdown to 32474
[11:52:30.941] [SEVERE ] updating countdown to 32452
[11:52:30.963] [SEVERE ] updating countdown to 32430
[11:52:30.984] [SEVERE ] updating countdown to 32409
[11:52:31.005] [SEVERE ] updating countdown to 32388
[11:52:31.026] [SEVERE ] updating countdown to 32367
[11:52:31.048] [SEVERE ] updating countdown to 32345
[11:52:31.069] [SEVERE ] updating countdown to 32324
[11:52:31.090] [SEVERE ] updating countdown to 32303
[11:52:31.113] [SEVERE ] updating countdown to 32280
[11:52:31.135] [SEVERE ] updating countdown to 32258
[11:52:31.156] [SEVERE ] updating countdown to 32237
[11:52:31.178] [SEVERE ] updating countdown to 32215
[11:52:31.200] [SEVERE ] updating countdown to 32193
[11:52:31.221] [SEVERE ] updating countdown to 32172
[11:52:31.244] [SEVERE ] updating countdown to 32149
[11:52:31.265] [SEVERE ] updating countdown to 32128
[11:52:31.287] [SEVERE ] updating countdown to 32106
[11:52:31.308] [SEVERE ] updating countdown to 32085
[11:52:31.334] [SEVERE ] updating countdown to 32059
[11:52:31.359] [SEVERE ] updating countdown to 32034
[11:52:31.382] [SEVERE ] updating countdown to 32011
[11:52:31.403] [SEVERE ] updating countdown to 31990
[11:52:31.429] [SEVERE ] updating countdown to 31964
[11:52:31.451] [SEVERE ] updating countdown to 31942
[11:52:31.472] [SEVERE ] updating countdown to 31921
[11:52:31.494] [SEVERE ] updating countdown to 31899
[11:52:31.515] [SEVERE ] updating countdown to 31878
[11:52:31.539] [SEVERE ] updating countdown to 31854
[11:52:31.565] [SEVERE ] updating countdown to 31828
[11:52:31.587] [SEVERE ] updating countdown to 31806
[11:52:31.614] [SEVERE ] updating countdown to 31779
[11:52:31.635] [SEVERE ] updating countdown to 31758
[11:52:31.657] [SEVERE ] updating countdown to 31736
[11:52:31.678] [SEVERE ] updating countdown to 31715
[11:52:31.701] [SEVERE ] updating countdown to 31692
[11:52:31.725] [SEVERE ] updating countdown to 31668
[11:52:31.746] [SEVERE ] updating countdown to 31647
[11:52:31.770] [SEVERE ] updating countdown to 31623
[11:52:31.792] [SEVERE ] updating countdown to 31602
[11:52:31.815] [SEVERE ] updating countdown to 31578
[11:52:31.841] [SEVERE ] updating countdown to 31552
[11:52:31.863] [SEVERE ] updating countdown to 31530
[11:52:31.888] [SEVERE ] updating countdown to 31505
[11:52:31.910] [SEVERE ] updating countdown to 31483
[11:52:31.931] [SEVERE ] updating countdown to 31462
[11:52:31.952] [SEVERE ] updating countdown to 31441
[11:52:31.973] [SEVERE ] updating countdown to 31420
[11:52:31.995] [SEVERE ] updating countdown to 31398
[11:52:32.020] [SEVERE ] updating countdown to 31373
[11:52:32.046] [SEVERE ] updating countdown to 31347
[11:52:32.069] [SEVERE ] updating countdown to 31324
[11:52:32.093] [SEVERE ] updating countdown to 31300
[11:52:32.119] [SEVERE ] updating countdown to 31274
[11:52:32.145] [SEVERE ] updating countdown to 31248
[11:52:32.167] [SEVERE ] updating countdown to 31226
[11:52:32.190] [SEVERE ] updating countdown to 31203
[11:52:32.216] [SEVERE ] updating countdown to 31177
[11:52:32.237] [SEVERE ] updating countdown to 31156
[11:52:32.263] [SEVERE ] updating countdown to 31130
[11:52:32.284] [SEVERE ] updating countdown to 31109
[11:52:32.307] [SEVERE ] updating countdown to 31086
[11:52:32.328] [SEVERE ] updating countdown to 31065
[11:52:32.349] [SEVERE ] updating countdown to 31044
[11:52:32.370] [SEVERE ] updating countdown to 31023
[11:52:32.391] [SEVERE ] updating countdown to 31002
[11:52:32.412] [SEVERE ] updating countdown to 30981
[11:52:32.433] [SEVERE ] updating countdown to 30960
[11:52:32.454] [SEVERE ] updating countdown to 30939
[11:52:32.476] [SEVERE ] updating countdown to 30917
[11:52:32.498] [SEVERE ] updating countdown to 30895
[11:52:32.520] [SEVERE ] updating countdown to 30873
[11:52:32.545] [SEVERE ] updating countdown to 30848
[11:52:32.570] [SEVERE ] updating countdown to 30823
[11:52:32.591] [SEVERE ] updating countdown to 30802
[11:52:32.617] [SEVERE ] updating countdown to 30776
[11:52:32.638] [SEVERE ] updating countdown to 30755
[11:52:32.660] [SEVERE ] updating countdown to 30733
[11:52:32.681] [SEVERE ] updating countdown to 30712
[11:52:32.704] [SEVERE ] updating countdown to 30690
[11:52:32.725] [SEVERE ] updating countdown to 30668
[11:52:32.747] [SEVERE ] updating countdown to 30646
[11:52:32.773] [SEVERE ] updating countdown to 30620
[11:52:32.795] [SEVERE ] updating countdown to 30598
[11:52:32.816] [SEVERE ] updating countdown to 30577
[11:52:32.842] [SEVERE ] updating countdown to 30551
[11:52:32.863] [SEVERE ] updating countdown to 30530
[11:52:32.888] [SEVERE ] updating countdown to 30505
[11:52:32.913] [SEVERE ] updating countdown to 30480
[11:52:32.939] [SEVERE ] updating countdown to 30454
[11:52:32.965] [SEVERE ] updating countdown to 30428
[11:52:32.991] [SEVERE ] updating countdown to 30402
[11:52:33.013] [SEVERE ] updating countdown to 30380
[11:52:33.035] [SEVERE ] updating countdown to 30358
[11:52:33.059] [SEVERE ] updating countdown to 30334
[11:52:33.079] [SEVERE ] updating countdown to 30314
[11:52:33.100] [SEVERE ] updating countdown to 30293
[11:52:33.121] [SEVERE ] updating countdown to 30272
[11:52:33.142] [SEVERE ] updating countdown to 30251
[11:52:33.163] [SEVERE ] updating countdown to 30230
[11:52:33.184] [SEVERE ] updating countdown to 30209
[11:52:33.205] [SEVERE ] updating countdown to 30188
[11:52:33.226] [SEVERE ] updating countdown to 30167
[11:52:33.247] [SEVERE ] updating countdown to 30146
[11:52:33.269] [SEVERE ] updating countdown to 30124
[11:52:33.291] [SEVERE ] updating countdown to 30102
[11:52:33.313] [SEVERE ] updating countdown to 30080
[11:52:33.335] [SEVERE ] updating countdown to 30058
[11:52:33.360] [SEVERE ] updating countdown to 30033
[11:52:33.384] [SEVERE ] updating countdown to 30009
[11:52:33.406] [SEVERE ] updating countdown to 29987
[11:52:33.428] [SEVERE ] updating countdown to 29965
[11:52:33.450] [SEVERE ] updating countdown to 29943
[11:52:33.472] [SEVERE ] updating countdown to 29921
[11:52:33.493] [SEVERE ] updating countdown to 29900
[11:52:33.515] [SEVERE ] updating countdown to 29878
[11:52:33.536] [SEVERE ] updating countdown to 29857
[11:52:33.557] [SEVERE ] updating countdown to 29836
[11:52:33.571] [SEVERE ] exit button pressed
[11:52:33.571] [SEVERE ] disposing of user interface elements
[11:52:33.572] [SEVERE ] setting player 1 freeze to 0
[11:52:33.572] [INFO   ] thread playerID: 1 terminated.
[11:52:33.572] [INFO   ] thread playerID: 0 terminated.
[11:52:33.578] [SEVERE ] updating countdown to 29815
[11:52:33.578] [SEVERE ] updating countdown to 29815
[11:52:33.684] [SEVERE ] removing card from slot 0
[11:52:33.685] [SEVERE ] removing tokens from slot 0
[11:52:33.786] [SEVERE ] removing card from slot 1
[11:52:33.787] [SEVERE ] removing tokens from slot 1
[11:52:33.893] [SEVERE ] removing card from slot 2
[11:52:33.895] [SEVERE ] removing tokens from slot 2
[11:52:33.996] [SEVERE ] removing card from slot 3
[11:52:33.997] [SEVERE ] removing tokens from slot 3
[11:52:34.105] [SEVERE ] removing card from slot 4
[11:52:34.105] [SEVERE ] removing tokens from slot 4
[11:52:34.208] [SEVERE ] removing card from slot 5
[11:52:34.209] [SEVERE ] removing tokens from slot 5
[11:52:34.310] [SEVERE ] removing card from slot 6
[11:52:34.310] [SEVERE ] removing tokens from slot 6
[11:52:34.414] [SEVERE ] removing card from slot 7
[11:52:34.414] [SEVERE ] removing tokens from slot 7
[11:52:34.517] [SEVERE ] removing card from slot 8
[11:52:34.519] [SEVERE ] removing tokens from slot 8
[11:52:34.624] [SEVERE ] removing card from slot 9
[11:52:34.625] [SEVERE ] removing tokens from slot 9
[11:52:34.730] [SEVERE ] removing card from slot 10
[11:52:34.731] [SEVERE ] removing tokens from slot 10
[11:52:34.835] [SEVERE ] removing card from slot 11
[11:52:34.836] [SEVERE ] removing tokens from slot 11
[11:52:34.837] [SEVERE ] player 1 placing token on slot 0
[11:52:34.838] [SEVERE ] player 2 placing token on slot 1
[11:52:34.840] [INFO   ] thread dealer terminated.
[11:52:34.841] [INFO   ] thread dealer terminated.
[11:52:34.842] [SEVERE ] thanks for playing... it was fun!
[11:52:34.843] [INFO   ] thread main terminated.
