[10:01:54.769] [INFO   ] thread main starting.
[10:01:54.775] [SEVERE ] cannot read configuration file config.properties trying from resources.
[10:01:54.777] [SEVERE ] configuration file was loaded from resources directory.
[10:01:55.084] [INFO   ] thread dealer starting.
[10:01:55.085] [INFO   ] thread playerID: 0 starting.
[10:01:55.085] [INFO   ] thread dealer starting.
[10:01:55.085] [INFO   ] thread playerID: 1 starting.
[10:01:55.089] [SEVERE ] updating countdown to 60000
[10:01:55.192] [SEVERE ] placing card 4 in slot 4
[10:01:55.293] [SEVERE ] placing card 17 in slot 8
[10:01:55.394] [SEVERE ] placing card 5 in slot 7
[10:01:55.508] [SEVERE ] placing card 34 in slot 5
[10:01:55.614] [SEVERE ] placing card 29 in slot 11
[10:01:55.716] [SEVERE ] placing card 43 in slot 3
[10:01:55.817] [SEVERE ] placing card 46 in slot 1
[10:01:55.918] [SEVERE ] placing card 42 in slot 9
[10:01:56.019] [SEVERE ] placing card 21 in slot 6
[10:01:56.120] [SEVERE ] placing card 22 in slot 0
[10:01:56.222] [SEVERE ] placing card 28 in slot 10
[10:01:56.325] [SEVERE ] placing card 16 in slot 2
[10:01:56.347] [SEVERE ] updating countdown to 58742
[10:01:56.452] [SEVERE ] removing card from slot 0
[10:01:56.453] [SEVERE ] removing all tokens
[10:01:56.555] [SEVERE ] removing card from slot 1
[10:01:56.555] [SEVERE ] removing all tokens
[10:01:56.656] [SEVERE ] removing card from slot 2
[10:01:56.656] [SEVERE ] removing all tokens
[10:01:56.758] [SEVERE ] removing card from slot 3
[10:01:56.758] [SEVERE ] removing all tokens
[10:01:56.861] [SEVERE ] removing card from slot 4
[10:01:56.861] [SEVERE ] removing all tokens
[10:01:56.962] [SEVERE ] removing card from slot 5
[10:01:56.962] [SEVERE ] removing all tokens
[10:01:57.065] [SEVERE ] removing card from slot 6
[10:01:57.065] [SEVERE ] removing all tokens
[10:01:57.166] [SEVERE ] removing card from slot 7
[10:01:57.167] [SEVERE ] removing all tokens
[10:01:57.270] [SEVERE ] removing card from slot 8
[10:01:57.271] [SEVERE ] removing all tokens
[10:01:57.372] [SEVERE ] removing card from slot 9
[10:01:57.373] [SEVERE ] removing all tokens
[10:01:57.479] [SEVERE ] removing card from slot 10
[10:01:57.479] [SEVERE ] removing all tokens
[10:01:57.581] [SEVERE ] removing card from slot 11
[10:01:57.584] [SEVERE ] removing all tokens
[10:01:57.686] [SEVERE ] placing card 58 in slot 11
[10:01:57.787] [SEVERE ] placing card 30 in slot 10
[10:01:57.891] [SEVERE ] placing card 67 in slot 7
[10:01:57.992] [SEVERE ] placing card 35 in slot 2
[10:01:58.093] [SEVERE ] placing card 69 in slot 0
[10:01:58.195] [SEVERE ] placing card 76 in slot 9
[10:01:58.296] [SEVERE ] placing card 47 in slot 1
[10:01:58.397] [SEVERE ] placing card 32 in slot 3
[10:01:58.501] [SEVERE ] placing card 45 in slot 8
[10:01:58.603] [SEVERE ] placing card 66 in slot 6
[10:01:58.705] [SEVERE ] placing card 77 in slot 4
[10:01:58.808] [SEVERE ] placing card 27 in slot 5
[10:01:58.808] [SEVERE ] updating countdown to 60000
[10:01:58.831] [SEVERE ] updating countdown to 59977
[10:01:58.853] [SEVERE ] updating countdown to 59955
[10:01:58.875] [SEVERE ] updating countdown to 59933
[10:01:58.897] [SEVERE ] updating countdown to 59911
[10:01:58.918] [SEVERE ] updating countdown to 59890
[10:01:58.939] [SEVERE ] updating countdown to 59869
[10:01:58.960] [SEVERE ] updating countdown to 59848
[10:01:58.981] [SEVERE ] updating countdown to 59827
[10:01:59.002] [SEVERE ] updating countdown to 59806
[10:01:59.024] [SEVERE ] updating countdown to 59784
[10:01:59.045] [SEVERE ] updating countdown to 59763
[10:01:59.068] [SEVERE ] updating countdown to 59740
[10:01:59.089] [SEVERE ] updating countdown to 59719
[10:01:59.110] [SEVERE ] updating countdown to 59698
[10:01:59.131] [SEVERE ] updating countdown to 59677
[10:01:59.152] [SEVERE ] updating countdown to 59656
[10:01:59.173] [SEVERE ] updating countdown to 59635
[10:01:59.194] [SEVERE ] updating countdown to 59614
[10:01:59.215] [SEVERE ] updating countdown to 59593
[10:01:59.236] [SEVERE ] updating countdown to 59572
[10:01:59.257] [SEVERE ] updating countdown to 59551
[10:01:59.278] [SEVERE ] updating countdown to 59530
[10:01:59.299] [SEVERE ] updating countdown to 59509
[10:01:59.320] [SEVERE ] updating countdown to 59488
[10:01:59.341] [SEVERE ] updating countdown to 59467
[10:01:59.362] [SEVERE ] updating countdown to 59446
[10:01:59.383] [SEVERE ] updating countdown to 59425
[10:01:59.404] [SEVERE ] updating countdown to 59404
[10:01:59.425] [SEVERE ] updating countdown to 59383
[10:01:59.446] [SEVERE ] updating countdown to 59362
[10:01:59.467] [SEVERE ] updating countdown to 59341
[10:01:59.488] [SEVERE ] updating countdown to 59320
[10:01:59.509] [SEVERE ] updating countdown to 59299
[10:01:59.530] [SEVERE ] updating countdown to 59278
[10:01:59.556] [SEVERE ] updating countdown to 59252
[10:01:59.579] [SEVERE ] updating countdown to 59229
[10:01:59.601] [SEVERE ] updating countdown to 59207
[10:01:59.624] [SEVERE ] updating countdown to 59184
[10:01:59.650] [SEVERE ] updating countdown to 59158
[10:01:59.671] [SEVERE ] updating countdown to 59137
[10:01:59.692] [SEVERE ] updating countdown to 59116
[10:01:59.714] [SEVERE ] updating countdown to 59094
[10:01:59.736] [SEVERE ] updating countdown to 59072
[10:01:59.757] [SEVERE ] updating countdown to 59051
[10:01:59.780] [SEVERE ] updating countdown to 59028
[10:01:59.801] [SEVERE ] updating countdown to 59007
[10:01:59.822] [SEVERE ] updating countdown to 58986
[10:01:59.844] [SEVERE ] updating countdown to 58965
[10:01:59.866] [SEVERE ] updating countdown to 58942
[10:01:59.887] [SEVERE ] updating countdown to 58921
[10:01:59.908] [SEVERE ] updating countdown to 58900
[10:01:59.929] [SEVERE ] updating countdown to 58879
[10:01:59.951] [SEVERE ] updating countdown to 58857
[10:01:59.973] [SEVERE ] updating countdown to 58835
[10:02:00.000] [SEVERE ] updating countdown to 58808
[10:02:00.024] [SEVERE ] updating countdown to 58784
[10:02:00.046] [SEVERE ] updating countdown to 58762
[10:02:00.067] [SEVERE ] updating countdown to 58741
[10:02:00.089] [SEVERE ] updating countdown to 58719
[10:02:00.112] [SEVERE ] updating countdown to 58696
[10:02:00.135] [SEVERE ] updating countdown to 58673
[10:02:00.158] [SEVERE ] updating countdown to 58650
[10:02:00.181] [SEVERE ] updating countdown to 58627
[10:02:00.205] [SEVERE ] updating countdown to 58603
[10:02:00.228] [SEVERE ] updating countdown to 58580
[10:02:00.254] [SEVERE ] updating countdown to 58554
[10:02:00.279] [SEVERE ] updating countdown to 58529
[10:02:00.302] [SEVERE ] updating countdown to 58506
[10:02:00.328] [SEVERE ] updating countdown to 58480
[10:02:00.353] [SEVERE ] updating countdown to 58455
[10:02:00.374] [SEVERE ] updating countdown to 58434
[10:02:00.398] [SEVERE ] updating countdown to 58410
[10:02:00.422] [SEVERE ] updating countdown to 58386
[10:02:00.444] [SEVERE ] updating countdown to 58365
[10:02:00.469] [SEVERE ] updating countdown to 58339
[10:02:00.491] [SEVERE ] updating countdown to 58317
[10:02:00.512] [SEVERE ] updating countdown to 58296
[10:02:00.534] [SEVERE ] updating countdown to 58274
[10:02:00.558] [SEVERE ] updating countdown to 58250
[10:02:00.580] [SEVERE ] updating countdown to 58228
[10:02:00.601] [SEVERE ] updating countdown to 58207
[10:02:00.623] [SEVERE ] updating countdown to 58185
[10:02:00.647] [SEVERE ] updating countdown to 58161
[10:02:00.671] [SEVERE ] updating countdown to 58137
[10:02:00.693] [SEVERE ] updating countdown to 58115
[10:02:00.714] [SEVERE ] updating countdown to 58094
[10:02:00.736] [SEVERE ] updating countdown to 58072
[10:02:00.760] [SEVERE ] updating countdown to 58048
[10:02:00.783] [SEVERE ] updating countdown to 58025
[10:02:00.804] [SEVERE ] updating countdown to 58004
[10:02:00.826] [SEVERE ] updating countdown to 57982
[10:02:00.848] [SEVERE ] updating countdown to 57960
[10:02:00.869] [SEVERE ] updating countdown to 57939
[10:02:00.890] [SEVERE ] updating countdown to 57918
[10:02:00.913] [SEVERE ] updating countdown to 57895
[10:02:00.938] [SEVERE ] updating countdown to 57870
[10:02:00.959] [SEVERE ] updating countdown to 57849
[10:02:00.980] [SEVERE ] updating countdown to 57828
[10:02:01.001] [SEVERE ] updating countdown to 57807
[10:02:01.024] [SEVERE ] updating countdown to 57784
[10:02:01.046] [SEVERE ] updating countdown to 57762
[10:02:01.067] [SEVERE ] updating countdown to 57741
[10:02:01.089] [SEVERE ] updating countdown to 57719
[10:02:01.110] [SEVERE ] updating countdown to 57698
[10:02:01.131] [SEVERE ] updating countdown to 57677
[10:02:01.152] [SEVERE ] updating countdown to 57656
[10:02:01.173] [SEVERE ] updating countdown to 57635
[10:02:01.194] [SEVERE ] updating countdown to 57614
[10:02:01.217] [SEVERE ] updating countdown to 57591
[10:02:01.238] [SEVERE ] updating countdown to 57570
[10:02:01.260] [SEVERE ] updating countdown to 57548
[10:02:01.273] [SEVERE ] key 81 was pressed by player 1
[10:02:01.274] [SEVERE ] player 1 placing token on slot 0
[10:02:01.281] [SEVERE ] updating countdown to 57527
[10:02:01.302] [SEVERE ] updating countdown to 57506
[10:02:01.324] [SEVERE ] updating countdown to 57484
[10:02:01.344] [SEVERE ] updating countdown to 57464
[10:02:01.365] [SEVERE ] updating countdown to 57443
[10:02:01.386] [SEVERE ] updating countdown to 57422
[10:02:01.407] [SEVERE ] updating countdown to 57401
[10:02:01.428] [SEVERE ] updating countdown to 57380
[10:02:01.449] [SEVERE ] updating countdown to 57359
[10:02:01.470] [SEVERE ] updating countdown to 57338
[10:02:01.491] [SEVERE ] updating countdown to 57317
[10:02:01.512] [SEVERE ] updating countdown to 57296
[10:02:01.532] [SEVERE ] updating countdown to 57276
[10:02:01.556] [SEVERE ] updating countdown to 57252
[10:02:01.582] [SEVERE ] updating countdown to 57226
[10:02:01.604] [SEVERE ] updating countdown to 57204
[10:02:01.626] [SEVERE ] updating countdown to 57182
[10:02:01.647] [SEVERE ] updating countdown to 57161
[10:02:01.669] [SEVERE ] updating countdown to 57139
[10:02:01.691] [SEVERE ] updating countdown to 57117
[10:02:01.713] [SEVERE ] updating countdown to 57095
[10:02:01.734] [SEVERE ] updating countdown to 57074
[10:02:01.755] [SEVERE ] updating countdown to 57053
[10:02:01.776] [SEVERE ] updating countdown to 57032
[10:02:01.797] [SEVERE ] updating countdown to 57011
[10:02:01.818] [SEVERE ] updating countdown to 56990
[10:02:01.840] [SEVERE ] updating countdown to 56968
[10:02:01.864] [SEVERE ] updating countdown to 56944
[10:02:01.886] [SEVERE ] updating countdown to 56922
[10:02:01.907] [SEVERE ] updating countdown to 56901
[10:02:01.933] [SEVERE ] updating countdown to 56875
[10:02:01.955] [SEVERE ] updating countdown to 56853
[10:02:01.976] [SEVERE ] updating countdown to 56832
[10:02:01.997] [SEVERE ] updating countdown to 56811
[10:02:02.018] [SEVERE ] updating countdown to 56790
[10:02:02.040] [SEVERE ] updating countdown to 56768
[10:02:02.061] [SEVERE ] updating countdown to 56747
[10:02:02.082] [SEVERE ] updating countdown to 56726
[10:02:02.103] [SEVERE ] updating countdown to 56705
[10:02:02.124] [SEVERE ] updating countdown to 56684
[10:02:02.145] [SEVERE ] updating countdown to 56663
[10:02:02.166] [SEVERE ] updating countdown to 56642
[10:02:02.187] [SEVERE ] updating countdown to 56621
[10:02:02.208] [SEVERE ] updating countdown to 56600
[10:02:02.230] [SEVERE ] updating countdown to 56578
[10:02:02.252] [SEVERE ] updating countdown to 56556
[10:02:02.273] [SEVERE ] updating countdown to 56535
[10:02:02.294] [SEVERE ] updating countdown to 56514
[10:02:02.315] [SEVERE ] updating countdown to 56493
[10:02:02.336] [SEVERE ] updating countdown to 56472
[10:02:02.357] [SEVERE ] updating countdown to 56451
[10:02:02.383] [SEVERE ] updating countdown to 56425
[10:02:02.404] [SEVERE ] updating countdown to 56404
[10:02:02.425] [SEVERE ] updating countdown to 56383
[10:02:02.447] [SEVERE ] updating countdown to 56361
[10:02:02.468] [SEVERE ] updating countdown to 56340
[10:02:02.489] [SEVERE ] updating countdown to 56319
[10:02:02.511] [SEVERE ] updating countdown to 56297
[10:02:02.532] [SEVERE ] updating countdown to 56276
[10:02:02.553] [SEVERE ] updating countdown to 56255
[10:02:02.574] [SEVERE ] updating countdown to 56234
[10:02:02.600] [SEVERE ] updating countdown to 56208
[10:02:02.621] [SEVERE ] updating countdown to 56187
[10:02:02.644] [SEVERE ] updating countdown to 56164
[10:02:02.670] [SEVERE ] updating countdown to 56138
[10:02:02.691] [SEVERE ] updating countdown to 56117
[10:02:02.713] [SEVERE ] updating countdown to 56095
[10:02:02.739] [SEVERE ] updating countdown to 56069
[10:02:02.764] [SEVERE ] updating countdown to 56044
[10:02:02.788] [SEVERE ] updating countdown to 56020
[10:02:02.809] [SEVERE ] updating countdown to 55999
[10:02:02.833] [SEVERE ] updating countdown to 55975
[10:02:02.858] [SEVERE ] updating countdown to 55950
[10:02:02.880] [SEVERE ] updating countdown to 55928
[10:02:02.901] [SEVERE ] updating countdown to 55907
[10:02:02.922] [SEVERE ] updating countdown to 55886
[10:02:02.943] [SEVERE ] updating countdown to 55865
[10:02:02.964] [SEVERE ] updating countdown to 55844
[10:02:02.988] [SEVERE ] updating countdown to 55820
[10:02:03.009] [SEVERE ] updating countdown to 55799
[10:02:03.030] [SEVERE ] updating countdown to 55778
[10:02:03.051] [SEVERE ] updating countdown to 55757
[10:02:03.072] [SEVERE ] updating countdown to 55736
[10:02:03.093] [SEVERE ] updating countdown to 55715
[10:02:03.114] [SEVERE ] updating countdown to 55694
[10:02:03.135] [SEVERE ] updating countdown to 55673
[10:02:03.161] [SEVERE ] updating countdown to 55647
[10:02:03.182] [SEVERE ] updating countdown to 55626
[10:02:03.204] [SEVERE ] updating countdown to 55604
[10:02:03.225] [SEVERE ] updating countdown to 55583
[10:02:03.251] [SEVERE ] updating countdown to 55557
[10:02:03.273] [SEVERE ] updating countdown to 55535
[10:02:03.293] [SEVERE ] updating countdown to 55515
[10:02:03.314] [SEVERE ] updating countdown to 55494
[10:02:03.336] [SEVERE ] updating countdown to 55472
[10:02:03.358] [SEVERE ] updating countdown to 55450
[10:02:03.380] [SEVERE ] updating countdown to 55428
[10:02:03.401] [SEVERE ] updating countdown to 55407
[10:02:03.423] [SEVERE ] updating countdown to 55385
[10:02:03.445] [SEVERE ] updating countdown to 55363
[10:02:03.466] [SEVERE ] updating countdown to 55342
[10:02:03.487] [SEVERE ] updating countdown to 55321
[10:02:03.509] [SEVERE ] updating countdown to 55299
[10:02:03.531] [SEVERE ] updating countdown to 55277
[10:02:03.552] [SEVERE ] updating countdown to 55256
[10:02:03.574] [SEVERE ] updating countdown to 55234
[10:02:03.595] [SEVERE ] updating countdown to 55213
[10:02:03.617] [SEVERE ] updating countdown to 55191
[10:02:03.637] [SEVERE ] updating countdown to 55171
[10:02:03.663] [SEVERE ] updating countdown to 55146
[10:02:03.688] [SEVERE ] updating countdown to 55120
[10:02:03.712] [SEVERE ] updating countdown to 55096
[10:02:03.733] [SEVERE ] updating countdown to 55075
[10:02:03.759] [SEVERE ] updating countdown to 55049
[10:02:03.781] [SEVERE ] updating countdown to 55027
[10:02:03.805] [SEVERE ] updating countdown to 55003
[10:02:03.827] [SEVERE ] updating countdown to 54981
[10:02:03.852] [SEVERE ] updating countdown to 54956
[10:02:03.873] [SEVERE ] updating countdown to 54935
[10:02:03.896] [SEVERE ] updating countdown to 54912
[10:02:03.919] [SEVERE ] updating countdown to 54889
[10:02:03.946] [SEVERE ] updating countdown to 54862
[10:02:03.967] [SEVERE ] updating countdown to 54841
[10:02:03.989] [SEVERE ] updating countdown to 54819
[10:02:04.015] [SEVERE ] updating countdown to 54793
[10:02:04.041] [SEVERE ] updating countdown to 54767
[10:02:04.066] [SEVERE ] updating countdown to 54742
[10:02:04.092] [SEVERE ] updating countdown to 54716
[10:02:04.119] [SEVERE ] updating countdown to 54689
[10:02:04.148] [SEVERE ] updating countdown to 54660
[10:02:04.171] [SEVERE ] updating countdown to 54637
[10:02:04.193] [SEVERE ] updating countdown to 54615
[10:02:04.214] [SEVERE ] updating countdown to 54594
[10:02:04.236] [SEVERE ] updating countdown to 54572
[10:02:04.260] [SEVERE ] updating countdown to 54548
[10:02:04.286] [SEVERE ] updating countdown to 54522
[10:02:04.309] [SEVERE ] updating countdown to 54499
[10:02:04.347] [SEVERE ] updating countdown to 54461
[10:02:04.372] [SEVERE ] updating countdown to 54436
[10:02:04.394] [SEVERE ] updating countdown to 54414
[10:02:04.420] [SEVERE ] updating countdown to 54388
[10:02:04.446] [SEVERE ] updating countdown to 54362
[10:02:04.472] [SEVERE ] updating countdown to 54336
[10:02:04.494] [SEVERE ] updating countdown to 54314
[10:02:04.515] [SEVERE ] updating countdown to 54293
[10:02:04.526] [SEVERE ] key 83 was pressed by player 1
[10:02:04.527] [SEVERE ] player 1 placing token on slot 5
[10:02:04.537] [SEVERE ] updating countdown to 54271
[10:02:04.559] [SEVERE ] updating countdown to 54249
[10:02:04.583] [SEVERE ] updating countdown to 54225
[10:02:04.606] [SEVERE ] updating countdown to 54202
[10:02:04.627] [SEVERE ] updating countdown to 54181
[10:02:04.652] [SEVERE ] updating countdown to 54156
[10:02:04.673] [SEVERE ] updating countdown to 54135
[10:02:04.696] [SEVERE ] updating countdown to 54112
[10:02:04.721] [SEVERE ] updating countdown to 54087
[10:02:04.745] [SEVERE ] updating countdown to 54063
[10:02:04.769] [SEVERE ] updating countdown to 54039
[10:02:04.795] [SEVERE ] updating countdown to 54013
[10:02:04.817] [SEVERE ] updating countdown to 53991
[10:02:04.838] [SEVERE ] updating countdown to 53970
[10:02:04.863] [SEVERE ] updating countdown to 53945
[10:02:04.885] [SEVERE ] updating countdown to 53923
[10:02:04.906] [SEVERE ] updating countdown to 53902
[10:02:04.928] [SEVERE ] updating countdown to 53880
[10:02:04.949] [SEVERE ] updating countdown to 53859
[10:02:04.971] [SEVERE ] updating countdown to 53837
[10:02:04.993] [SEVERE ] updating countdown to 53815
[10:02:05.015] [SEVERE ] updating countdown to 53793
[10:02:05.036] [SEVERE ] updating countdown to 53772
[10:02:05.059] [SEVERE ] updating countdown to 53749
[10:02:05.084] [SEVERE ] updating countdown to 53724
[10:02:05.106] [SEVERE ] updating countdown to 53702
[10:02:05.127] [SEVERE ] updating countdown to 53681
[10:02:05.148] [SEVERE ] updating countdown to 53660
[10:02:05.170] [SEVERE ] updating countdown to 53638
[10:02:05.195] [SEVERE ] updating countdown to 53613
[10:02:05.218] [SEVERE ] updating countdown to 53590
[10:02:05.239] [SEVERE ] updating countdown to 53569
[10:02:05.260] [SEVERE ] updating countdown to 53548
[10:02:05.283] [SEVERE ] updating countdown to 53525
[10:02:05.305] [SEVERE ] updating countdown to 53503
[10:02:05.326] [SEVERE ] updating countdown to 53482
[10:02:05.347] [SEVERE ] updating countdown to 53461
[10:02:05.368] [SEVERE ] updating countdown to 53440
[10:02:05.388] [SEVERE ] updating countdown to 53420
[10:02:05.414] [SEVERE ] updating countdown to 53394
[10:02:05.435] [SEVERE ] updating countdown to 53373
[10:02:05.456] [SEVERE ] updating countdown to 53352
[10:02:05.477] [SEVERE ] updating countdown to 53331
[10:02:05.499] [SEVERE ] updating countdown to 53309
[10:02:05.521] [SEVERE ] updating countdown to 53287
[10:02:05.543] [SEVERE ] updating countdown to 53265
[10:02:05.567] [SEVERE ] updating countdown to 53241
[10:02:05.588] [SEVERE ] updating countdown to 53220
[10:02:05.609] [SEVERE ] updating countdown to 53199
[10:02:05.630] [SEVERE ] updating countdown to 53178
[10:02:05.652] [SEVERE ] updating countdown to 53156
[10:02:05.673] [SEVERE ] updating countdown to 53135
[10:02:05.694] [SEVERE ] updating countdown to 53114
[10:02:05.716] [SEVERE ] updating countdown to 53092
[10:02:05.740] [SEVERE ] updating countdown to 53068
[10:02:05.761] [SEVERE ] updating countdown to 53047
[10:02:05.783] [SEVERE ] updating countdown to 53025
[10:02:05.805] [SEVERE ] updating countdown to 53003
[10:02:05.831] [SEVERE ] updating countdown to 52977
[10:02:05.852] [SEVERE ] updating countdown to 52956
[10:02:05.874] [SEVERE ] updating countdown to 52934
[10:02:05.896] [SEVERE ] updating countdown to 52912
[10:02:05.918] [SEVERE ] updating countdown to 52890
[10:02:05.941] [SEVERE ] updating countdown to 52867
[10:02:05.964] [SEVERE ] updating countdown to 52844
[10:02:05.987] [SEVERE ] updating countdown to 52821
[10:02:06.010] [SEVERE ] updating countdown to 52798
[10:02:06.030] [SEVERE ] updating countdown to 52778
[10:02:06.034] [SEVERE ] key 83 was pressed by player 1
[10:02:06.035] [SEVERE ] removing player 1 token from slot 5
[10:02:06.052] [SEVERE ] updating countdown to 52757
[10:02:06.074] [SEVERE ] updating countdown to 52734
[10:02:06.095] [SEVERE ] updating countdown to 52713
[10:02:06.116] [SEVERE ] updating countdown to 52692
[10:02:06.137] [SEVERE ] updating countdown to 52671
[10:02:06.158] [SEVERE ] updating countdown to 52650
[10:02:06.179] [SEVERE ] updating countdown to 52629
[10:02:06.201] [SEVERE ] updating countdown to 52607
[10:02:06.223] [SEVERE ] updating countdown to 52585
[10:02:06.244] [SEVERE ] updating countdown to 52564
[10:02:06.265] [SEVERE ] updating countdown to 52543
[10:02:06.287] [SEVERE ] updating countdown to 52521
[10:02:06.308] [SEVERE ] updating countdown to 52500
[10:02:06.329] [SEVERE ] updating countdown to 52479
[10:02:06.350] [SEVERE ] updating countdown to 52458
[10:02:06.371] [SEVERE ] updating countdown to 52437
[10:02:06.394] [SEVERE ] updating countdown to 52414
[10:02:06.420] [SEVERE ] updating countdown to 52388
[10:02:06.446] [SEVERE ] updating countdown to 52362
[10:02:06.467] [SEVERE ] updating countdown to 52341
[10:02:06.488] [SEVERE ] updating countdown to 52320
[10:02:06.509] [SEVERE ] updating countdown to 52299
[10:02:06.530] [SEVERE ] updating countdown to 52278
[10:02:06.551] [SEVERE ] updating countdown to 52257
[10:02:06.573] [SEVERE ] updating countdown to 52235
[10:02:06.596] [SEVERE ] updating countdown to 52212
[10:02:06.619] [SEVERE ] updating countdown to 52189
[10:02:06.644] [SEVERE ] updating countdown to 52164
[10:02:06.666] [SEVERE ] updating countdown to 52142
[10:02:06.688] [SEVERE ] updating countdown to 52120
[10:02:06.710] [SEVERE ] updating countdown to 52098
[10:02:06.731] [SEVERE ] updating countdown to 52077
[10:02:06.752] [SEVERE ] updating countdown to 52056
[10:02:06.773] [SEVERE ] updating countdown to 52035
[10:02:06.794] [SEVERE ] updating countdown to 52014
[10:02:06.815] [SEVERE ] updating countdown to 51993
[10:02:06.836] [SEVERE ] updating countdown to 51972
[10:02:06.860] [SEVERE ] updating countdown to 51948
[10:02:06.881] [SEVERE ] updating countdown to 51927
[10:02:06.902] [SEVERE ] updating countdown to 51906
[10:02:06.923] [SEVERE ] updating countdown to 51885
[10:02:06.945] [SEVERE ] updating countdown to 51863
[10:02:06.966] [SEVERE ] updating countdown to 51842
[10:02:06.987] [SEVERE ] updating countdown to 51821
[10:02:07.012] [SEVERE ] updating countdown to 51796
[10:02:07.034] [SEVERE ] updating countdown to 51774
[10:02:07.060] [SEVERE ] updating countdown to 51748
[10:02:07.085] [SEVERE ] updating countdown to 51723
[10:02:07.106] [SEVERE ] updating countdown to 51702
[10:02:07.132] [SEVERE ] updating countdown to 51676
[10:02:07.157] [SEVERE ] updating countdown to 51651
[10:02:07.178] [SEVERE ] updating countdown to 51630
[10:02:07.199] [SEVERE ] updating countdown to 51609
[10:02:07.220] [SEVERE ] updating countdown to 51588
[10:02:07.240] [SEVERE ] key 65 was pressed by player 1
[10:02:07.240] [SEVERE ] player 1 placing token on slot 4
[10:02:07.241] [SEVERE ] updating countdown to 51567
[10:02:07.262] [SEVERE ] updating countdown to 51546
[10:02:07.288] [SEVERE ] updating countdown to 51520
[10:02:07.314] [SEVERE ] updating countdown to 51494
[10:02:07.336] [SEVERE ] updating countdown to 51472
[10:02:07.358] [SEVERE ] updating countdown to 51450
[10:02:07.381] [SEVERE ] updating countdown to 51427
[10:02:07.402] [SEVERE ] updating countdown to 51406
[10:02:07.423] [SEVERE ] updating countdown to 51385
[10:02:07.449] [SEVERE ] updating countdown to 51359
[10:02:07.470] [SEVERE ] updating countdown to 51338
[10:02:07.496] [SEVERE ] updating countdown to 51312
[10:02:07.518] [SEVERE ] updating countdown to 51290
[10:02:07.541] [SEVERE ] updating countdown to 51267
[10:02:07.564] [SEVERE ] updating countdown to 51244
[10:02:07.588] [SEVERE ] updating countdown to 51220
[10:02:07.610] [SEVERE ] updating countdown to 51198
[10:02:07.631] [SEVERE ] updating countdown to 51177
[10:02:07.655] [SEVERE ] updating countdown to 51153
[10:02:07.680] [SEVERE ] updating countdown to 51128
[10:02:07.702] [SEVERE ] updating countdown to 51106
[10:02:07.725] [SEVERE ] updating countdown to 51083
[10:02:07.747] [SEVERE ] updating countdown to 51061
[10:02:07.769] [SEVERE ] updating countdown to 51039
[10:02:07.791] [SEVERE ] updating countdown to 51017
[10:02:07.812] [SEVERE ] updating countdown to 50996
[10:02:07.832] [SEVERE ] updating countdown to 50976
[10:02:07.854] [SEVERE ] updating countdown to 50954
[10:02:07.877] [SEVERE ] updating countdown to 50931
[10:02:07.900] [SEVERE ] updating countdown to 50908
[10:02:07.922] [SEVERE ] updating countdown to 50886
[10:02:07.943] [SEVERE ] updating countdown to 50865
[10:02:07.964] [SEVERE ] updating countdown to 50844
[10:02:07.985] [SEVERE ] updating countdown to 50823
[10:02:08.006] [SEVERE ] updating countdown to 50802
[10:02:08.027] [SEVERE ] updating countdown to 50781
[10:02:08.048] [SEVERE ] updating countdown to 50760
[10:02:08.069] [SEVERE ] updating countdown to 50739
[10:02:08.090] [SEVERE ] updating countdown to 50718
[10:02:08.111] [SEVERE ] updating countdown to 50697
[10:02:08.132] [SEVERE ] updating countdown to 50676
[10:02:08.154] [SEVERE ] updating countdown to 50654
[10:02:08.175] [SEVERE ] updating countdown to 50633
[10:02:08.196] [SEVERE ] updating countdown to 50612
[10:02:08.217] [SEVERE ] updating countdown to 50591
[10:02:08.238] [SEVERE ] updating countdown to 50570
[10:02:08.260] [SEVERE ] updating countdown to 50548
[10:02:08.282] [SEVERE ] updating countdown to 50526
[10:02:08.306] [SEVERE ] updating countdown to 50502
[10:02:08.328] [SEVERE ] updating countdown to 50480
[10:02:08.349] [SEVERE ] updating countdown to 50459
[10:02:08.370] [SEVERE ] updating countdown to 50438
[10:02:08.391] [SEVERE ] updating countdown to 50417
[10:02:08.412] [SEVERE ] updating countdown to 50396
[10:02:08.435] [SEVERE ] updating countdown to 50373
[10:02:08.459] [SEVERE ] updating countdown to 50349
[10:02:08.480] [SEVERE ] updating countdown to 50328
[10:02:08.504] [SEVERE ] updating countdown to 50304
[10:02:08.525] [SEVERE ] updating countdown to 50283
[10:02:08.547] [SEVERE ] updating countdown to 50261
[10:02:08.571] [SEVERE ] updating countdown to 50237
[10:02:08.593] [SEVERE ] updating countdown to 50215
[10:02:08.617] [SEVERE ] updating countdown to 50191
[10:02:08.640] [SEVERE ] updating countdown to 50168
[10:02:08.666] [SEVERE ] updating countdown to 50142
[10:02:08.689] [SEVERE ] updating countdown to 50119
[10:02:08.715] [SEVERE ] updating countdown to 50093
[10:02:08.736] [SEVERE ] updating countdown to 50072
[10:02:08.762] [SEVERE ] updating countdown to 50046
[10:02:08.788] [SEVERE ] updating countdown to 50020
[10:02:08.809] [SEVERE ] updating countdown to 49999
[10:02:08.833] [SEVERE ] updating countdown to 49975
[10:02:08.854] [SEVERE ] updating countdown to 49954
[10:02:08.880] [SEVERE ] updating countdown to 49928
[10:02:08.901] [SEVERE ] updating countdown to 49907
[10:02:08.926] [SEVERE ] updating countdown to 49882
[10:02:08.947] [SEVERE ] updating countdown to 49861
[10:02:08.972] [SEVERE ] updating countdown to 49836
[10:02:08.993] [SEVERE ] updating countdown to 49815
[10:02:09.014] [SEVERE ] updating countdown to 49794
[10:02:09.035] [SEVERE ] updating countdown to 49773
[10:02:09.057] [SEVERE ] updating countdown to 49751
[10:02:09.081] [SEVERE ] updating countdown to 49727
[10:02:09.107] [SEVERE ] updating countdown to 49701
[10:02:09.133] [SEVERE ] updating countdown to 49675
[10:02:09.154] [SEVERE ] updating countdown to 49654
[10:02:09.177] [SEVERE ] updating countdown to 49631
[10:02:09.203] [SEVERE ] updating countdown to 49605
[10:02:09.229] [SEVERE ] updating countdown to 49579
[10:02:09.251] [SEVERE ] updating countdown to 49557
[10:02:09.272] [SEVERE ] updating countdown to 49536
[10:02:09.294] [SEVERE ] updating countdown to 49514
[10:02:09.315] [SEVERE ] updating countdown to 49493
[10:02:09.338] [SEVERE ] updating countdown to 49470
[10:02:09.362] [SEVERE ] updating countdown to 49446
[10:02:09.383] [SEVERE ] updating countdown to 49425
[10:02:09.407] [SEVERE ] updating countdown to 49401
[10:02:09.428] [SEVERE ] updating countdown to 49380
[10:02:09.454] [SEVERE ] updating countdown to 49354
[10:02:09.480] [SEVERE ] updating countdown to 49328
[10:02:09.502] [SEVERE ] updating countdown to 49306
[10:02:09.528] [SEVERE ] updating countdown to 49280
[10:02:09.551] [SEVERE ] updating countdown to 49257
[10:02:09.574] [SEVERE ] updating countdown to 49234
[10:02:09.599] [SEVERE ] updating countdown to 49209
[10:02:09.622] [SEVERE ] updating countdown to 49186
[10:02:09.643] [SEVERE ] updating countdown to 49165
[10:02:09.667] [SEVERE ] updating countdown to 49141
[10:02:09.688] [SEVERE ] updating countdown to 49120
[10:02:09.712] [SEVERE ] updating countdown to 49096
[10:02:09.738] [SEVERE ] updating countdown to 49070
[10:02:09.760] [SEVERE ] updating countdown to 49048
[10:02:09.782] [SEVERE ] updating countdown to 49026
[10:02:09.803] [SEVERE ] updating countdown to 49005
[10:02:09.825] [SEVERE ] updating countdown to 48983
[10:02:09.847] [SEVERE ] updating countdown to 48961
[10:02:09.868] [SEVERE ] updating countdown to 48940
[10:02:09.894] [SEVERE ] updating countdown to 48914
[10:02:09.917] [SEVERE ] updating countdown to 48891
[10:02:09.939] [SEVERE ] updating countdown to 48869
[10:02:09.964] [SEVERE ] updating countdown to 48844
[10:02:09.985] [SEVERE ] updating countdown to 48823
[10:02:10.011] [SEVERE ] updating countdown to 48797
[10:02:10.032] [SEVERE ] updating countdown to 48776
[10:02:10.054] [SEVERE ] updating countdown to 48755
[10:02:10.075] [SEVERE ] updating countdown to 48733
[10:02:10.101] [SEVERE ] updating countdown to 48707
[10:02:10.123] [SEVERE ] updating countdown to 48685
[10:02:10.149] [SEVERE ] updating countdown to 48659
[10:02:10.170] [SEVERE ] updating countdown to 48638
[10:02:10.192] [SEVERE ] updating countdown to 48616
[10:02:10.214] [SEVERE ] updating countdown to 48594
[10:02:10.237] [SEVERE ] updating countdown to 48571
[10:02:10.263] [SEVERE ] updating countdown to 48545
[10:02:10.284] [SEVERE ] updating countdown to 48524
[10:02:10.306] [SEVERE ] updating countdown to 48502
[10:02:10.328] [SEVERE ] updating countdown to 48480
[10:02:10.349] [SEVERE ] updating countdown to 48459
[10:02:10.371] [SEVERE ] updating countdown to 48437
[10:02:10.393] [SEVERE ] updating countdown to 48415
[10:02:10.417] [SEVERE ] updating countdown to 48391
[10:02:10.440] [SEVERE ] updating countdown to 48368
[10:02:10.465] [SEVERE ] updating countdown to 48343
[10:02:10.491] [SEVERE ] updating countdown to 48317
[10:02:10.513] [SEVERE ] updating countdown to 48295
[10:02:10.535] [SEVERE ] updating countdown to 48273
[10:02:10.561] [SEVERE ] updating countdown to 48247
[10:02:10.582] [SEVERE ] updating countdown to 48226
[10:02:10.604] [SEVERE ] updating countdown to 48204
[10:02:10.630] [SEVERE ] updating countdown to 48178
[10:02:10.651] [SEVERE ] updating countdown to 48157
[10:02:10.676] [SEVERE ] updating countdown to 48132
[10:02:10.697] [SEVERE ] updating countdown to 48111
[10:02:10.719] [SEVERE ] updating countdown to 48089
[10:02:10.742] [SEVERE ] updating countdown to 48066
[10:02:10.763] [SEVERE ] updating countdown to 48045
[10:02:10.785] [SEVERE ] updating countdown to 48023
[10:02:10.806] [SEVERE ] updating countdown to 48002
[10:02:10.827] [SEVERE ] updating countdown to 47981
[10:02:10.848] [SEVERE ] updating countdown to 47960
[10:02:10.870] [SEVERE ] updating countdown to 47938
[10:02:10.892] [SEVERE ] updating countdown to 47916
[10:02:10.914] [SEVERE ] updating countdown to 47894
[10:02:10.940] [SEVERE ] updating countdown to 47868
[10:02:10.964] [SEVERE ] updating countdown to 47844
[10:02:10.986] [SEVERE ] updating countdown to 47822
[10:02:11.008] [SEVERE ] updating countdown to 47800
[10:02:11.029] [SEVERE ] updating countdown to 47779
[10:02:11.050] [SEVERE ] updating countdown to 47758
[10:02:11.071] [SEVERE ] updating countdown to 47737
[10:02:11.093] [SEVERE ] updating countdown to 47715
[10:02:11.115] [SEVERE ] updating countdown to 47693
[10:02:11.135] [SEVERE ] updating countdown to 47673
[10:02:11.158] [SEVERE ] updating countdown to 47650
[10:02:11.180] [SEVERE ] updating countdown to 47628
[10:02:11.202] [SEVERE ] updating countdown to 47606
[10:02:11.228] [SEVERE ] updating countdown to 47580
[10:02:11.249] [SEVERE ] updating countdown to 47559
[10:02:11.274] [SEVERE ] updating countdown to 47534
[10:02:11.298] [SEVERE ] updating countdown to 47510
[10:02:11.319] [SEVERE ] updating countdown to 47489
[10:02:11.342] [SEVERE ] updating countdown to 47466
[10:02:11.364] [SEVERE ] updating countdown to 47444
[10:02:11.386] [SEVERE ] updating countdown to 47422
[10:02:11.412] [SEVERE ] updating countdown to 47396
[10:02:11.434] [SEVERE ] updating countdown to 47374
[10:02:11.460] [SEVERE ] updating countdown to 47348
[10:02:11.484] [SEVERE ] updating countdown to 47324
[10:02:11.506] [SEVERE ] updating countdown to 47302
[10:02:11.530] [SEVERE ] updating countdown to 47278
[10:02:11.551] [SEVERE ] updating countdown to 47257
[10:02:11.574] [SEVERE ] updating countdown to 47234
[10:02:11.596] [SEVERE ] updating countdown to 47212
[10:02:11.617] [SEVERE ] updating countdown to 47191
[10:02:11.638] [SEVERE ] updating countdown to 47170
[10:02:11.660] [SEVERE ] updating countdown to 47148
[10:02:11.682] [SEVERE ] updating countdown to 47126
[10:02:11.704] [SEVERE ] updating countdown to 47104
[10:02:11.726] [SEVERE ] updating countdown to 47082
[10:02:11.747] [SEVERE ] updating countdown to 47061
[10:02:11.768] [SEVERE ] updating countdown to 47040
[10:02:11.789] [SEVERE ] updating countdown to 47019
[10:02:11.810] [SEVERE ] updating countdown to 46998
[10:02:11.832] [SEVERE ] updating countdown to 46976
[10:02:11.854] [SEVERE ] updating countdown to 46954
[10:02:11.874] [SEVERE ] updating countdown to 46934
[10:02:11.895] [SEVERE ] updating countdown to 46913
[10:02:11.916] [SEVERE ] updating countdown to 46892
[10:02:11.938] [SEVERE ] updating countdown to 46870
[10:02:11.960] [SEVERE ] updating countdown to 46848
[10:02:11.983] [SEVERE ] updating countdown to 46825
[10:02:12.004] [SEVERE ] updating countdown to 46804
[10:02:12.025] [SEVERE ] updating countdown to 46783
[10:02:12.046] [SEVERE ] updating countdown to 46762
[10:02:12.068] [SEVERE ] updating countdown to 46740
[10:02:12.090] [SEVERE ] updating countdown to 46718
[10:02:12.111] [SEVERE ] updating countdown to 46697
[10:02:12.132] [SEVERE ] updating countdown to 46676
[10:02:12.153] [SEVERE ] updating countdown to 46655
[10:02:12.174] [SEVERE ] updating countdown to 46634
[10:02:12.195] [SEVERE ] updating countdown to 46613
[10:02:12.216] [SEVERE ] updating countdown to 46592
[10:02:12.237] [SEVERE ] updating countdown to 46571
[10:02:12.258] [SEVERE ] updating countdown to 46550
[10:02:12.281] [SEVERE ] updating countdown to 46527
[10:02:12.302] [SEVERE ] updating countdown to 46506
[10:02:12.324] [SEVERE ] updating countdown to 46484
[10:02:12.346] [SEVERE ] updating countdown to 46462
[10:02:12.368] [SEVERE ] updating countdown to 46440
[10:02:12.390] [SEVERE ] updating countdown to 46418
[10:02:12.412] [SEVERE ] updating countdown to 46396
[10:02:12.434] [SEVERE ] updating countdown to 46374
[10:02:12.455] [SEVERE ] updating countdown to 46353
[10:02:12.476] [SEVERE ] updating countdown to 46332
[10:02:12.497] [SEVERE ] updating countdown to 46311
[10:02:12.519] [SEVERE ] updating countdown to 46289
[10:02:12.540] [SEVERE ] updating countdown to 46268
[10:02:12.562] [SEVERE ] updating countdown to 46246
[10:02:12.584] [SEVERE ] updating countdown to 46224
[10:02:12.605] [SEVERE ] updating countdown to 46203
[10:02:12.627] [SEVERE ] updating countdown to 46181
[10:02:12.648] [SEVERE ] updating countdown to 46160
[10:02:12.669] [SEVERE ] updating countdown to 46139
[10:02:12.692] [SEVERE ] updating countdown to 46116
[10:02:12.718] [SEVERE ] updating countdown to 46090
[10:02:12.744] [SEVERE ] updating countdown to 46064
[10:02:12.772] [SEVERE ] updating countdown to 46036
[10:02:12.793] [SEVERE ] updating countdown to 46015
[10:02:12.817] [SEVERE ] updating countdown to 45991
[10:02:12.839] [SEVERE ] updating countdown to 45969
[10:02:12.861] [SEVERE ] updating countdown to 45947
[10:02:12.883] [SEVERE ] updating countdown to 45925
[10:02:12.906] [SEVERE ] updating countdown to 45902
[10:02:12.927] [SEVERE ] updating countdown to 45881
[10:02:12.949] [SEVERE ] updating countdown to 45859
[10:02:12.970] [SEVERE ] updating countdown to 45838
[10:02:12.991] [SEVERE ] updating countdown to 45817
[10:02:13.012] [SEVERE ] updating countdown to 45796
[10:02:13.033] [SEVERE ] updating countdown to 45775
[10:02:13.054] [SEVERE ] updating countdown to 45754
[10:02:13.075] [SEVERE ] updating countdown to 45733
[10:02:13.097] [SEVERE ] updating countdown to 45711
[10:02:13.118] [SEVERE ] updating countdown to 45690
[10:02:13.139] [SEVERE ] updating countdown to 45669
[10:02:13.163] [SEVERE ] updating countdown to 45645
[10:02:13.189] [SEVERE ] updating countdown to 45619
[10:02:13.211] [SEVERE ] updating countdown to 45597
[10:02:13.233] [SEVERE ] updating countdown to 45575
[10:02:13.255] [SEVERE ] updating countdown to 45553
[10:02:13.277] [SEVERE ] updating countdown to 45531
[10:02:13.299] [SEVERE ] updating countdown to 45509
[10:02:13.321] [SEVERE ] updating countdown to 45487
[10:02:13.343] [SEVERE ] updating countdown to 45465
[10:02:13.366] [SEVERE ] updating countdown to 45442
[10:02:13.392] [SEVERE ] updating countdown to 45416
[10:02:13.417] [SEVERE ] updating countdown to 45391
[10:02:13.439] [SEVERE ] updating countdown to 45369
[10:02:13.461] [SEVERE ] updating countdown to 45347
[10:02:13.483] [SEVERE ] updating countdown to 45325
[10:02:13.505] [SEVERE ] updating countdown to 45303
[10:02:13.526] [SEVERE ] updating countdown to 45282
[10:02:13.547] [SEVERE ] updating countdown to 45261
[10:02:13.570] [SEVERE ] updating countdown to 45238
[10:02:13.592] [SEVERE ] updating countdown to 45216
[10:02:13.613] [SEVERE ] updating countdown to 45195
[10:02:13.635] [SEVERE ] updating countdown to 45173
[10:02:13.660] [SEVERE ] updating countdown to 45148
[10:02:13.671] [SEVERE ] key 81 was pressed by player 1
[10:02:13.671] [SEVERE ] removing player 1 token from slot 0
[10:02:13.681] [SEVERE ] updating countdown to 45127
[10:02:13.702] [SEVERE ] updating countdown to 45106
[10:02:13.724] [SEVERE ] updating countdown to 45084
[10:02:13.745] [SEVERE ] updating countdown to 45063
[10:02:13.766] [SEVERE ] updating countdown to 45042
[10:02:13.787] [SEVERE ] updating countdown to 45021
[10:02:13.808] [SEVERE ] updating countdown to 45000
[10:02:13.829] [SEVERE ] updating countdown to 44979
[10:02:13.850] [SEVERE ] updating countdown to 44958
[10:02:13.871] [SEVERE ] updating countdown to 44937
[10:02:13.892] [SEVERE ] updating countdown to 44916
[10:02:13.913] [SEVERE ] updating countdown to 44895
[10:02:13.937] [SEVERE ] updating countdown to 44871
[10:02:13.958] [SEVERE ] updating countdown to 44850
[10:02:13.980] [SEVERE ] updating countdown to 44828
[10:02:14.004] [SEVERE ] updating countdown to 44804
[10:02:14.024] [SEVERE ] updating countdown to 44784
[10:02:14.045] [SEVERE ] updating countdown to 44763
[10:02:14.066] [SEVERE ] updating countdown to 44742
[10:02:14.087] [SEVERE ] updating countdown to 44721
[10:02:14.089] [SEVERE ] key 65 was pressed by player 1
[10:02:14.089] [SEVERE ] removing player 1 token from slot 4
[10:02:14.108] [SEVERE ] updating countdown to 44700
[10:02:14.129] [SEVERE ] updating countdown to 44679
[10:02:14.151] [SEVERE ] updating countdown to 44657
[10:02:14.172] [SEVERE ] updating countdown to 44636
[10:02:14.193] [SEVERE ] updating countdown to 44615
[10:02:14.214] [SEVERE ] updating countdown to 44594
[10:02:14.235] [SEVERE ] updating countdown to 44573
[10:02:14.257] [SEVERE ] updating countdown to 44551
[10:02:14.278] [SEVERE ] updating countdown to 44530
[10:02:14.300] [SEVERE ] updating countdown to 44508
[10:02:14.321] [SEVERE ] updating countdown to 44487
[10:02:14.342] [SEVERE ] updating countdown to 44466
[10:02:14.364] [SEVERE ] updating countdown to 44444
[10:02:14.385] [SEVERE ] updating countdown to 44423
[10:02:14.406] [SEVERE ] updating countdown to 44402
[10:02:14.428] [SEVERE ] updating countdown to 44380
[10:02:14.449] [SEVERE ] updating countdown to 44359
[10:02:14.470] [SEVERE ] updating countdown to 44338
[10:02:14.492] [SEVERE ] updating countdown to 44316
[10:02:14.513] [SEVERE ] updating countdown to 44295
[10:02:14.534] [SEVERE ] updating countdown to 44274
[10:02:14.555] [SEVERE ] updating countdown to 44253
[10:02:14.576] [SEVERE ] updating countdown to 44232
[10:02:14.597] [SEVERE ] updating countdown to 44211
[10:02:14.618] [SEVERE ] updating countdown to 44190
[10:02:14.639] [SEVERE ] updating countdown to 44169
[10:02:14.660] [SEVERE ] updating countdown to 44148
[10:02:14.681] [SEVERE ] updating countdown to 44127
[10:02:14.703] [SEVERE ] updating countdown to 44105
[10:02:14.729] [SEVERE ] updating countdown to 44079
[10:02:14.753] [SEVERE ] updating countdown to 44055
[10:02:14.778] [SEVERE ] updating countdown to 44030
[10:02:14.803] [SEVERE ] updating countdown to 44005
[10:02:14.824] [SEVERE ] updating countdown to 43984
[10:02:14.845] [SEVERE ] updating countdown to 43963
[10:02:14.869] [SEVERE ] updating countdown to 43939
[10:02:14.895] [SEVERE ] updating countdown to 43913
[10:02:14.916] [SEVERE ] updating countdown to 43892
[10:02:14.937] [SEVERE ] updating countdown to 43871
[10:02:14.959] [SEVERE ] updating countdown to 43849
[10:02:14.980] [SEVERE ] updating countdown to 43828
[10:02:15.003] [SEVERE ] updating countdown to 43805
[10:02:15.028] [SEVERE ] updating countdown to 43780
[10:02:15.051] [SEVERE ] updating countdown to 43757
[10:02:15.077] [SEVERE ] updating countdown to 43731
[10:02:15.098] [SEVERE ] updating countdown to 43710
[10:02:15.119] [SEVERE ] updating countdown to 43689
[10:02:15.141] [SEVERE ] updating countdown to 43667
[10:02:15.163] [SEVERE ] updating countdown to 43645
[10:02:15.190] [SEVERE ] updating countdown to 43618
[10:02:15.214] [SEVERE ] updating countdown to 43594
[10:02:15.240] [SEVERE ] updating countdown to 43568
[10:02:15.265] [SEVERE ] updating countdown to 43543
[10:02:15.291] [SEVERE ] updating countdown to 43517
[10:02:15.316] [SEVERE ] updating countdown to 43492
[10:02:15.337] [SEVERE ] updating countdown to 43471
[10:02:15.359] [SEVERE ] updating countdown to 43449
[10:02:15.385] [SEVERE ] updating countdown to 43423
[10:02:15.406] [SEVERE ] updating countdown to 43402
[10:02:15.432] [SEVERE ] updating countdown to 43376
[10:02:15.458] [SEVERE ] updating countdown to 43350
[10:02:15.479] [SEVERE ] updating countdown to 43329
[10:02:15.501] [SEVERE ] updating countdown to 43307
[10:02:15.527] [SEVERE ] updating countdown to 43281
[10:02:15.548] [SEVERE ] updating countdown to 43260
[10:02:15.572] [SEVERE ] updating countdown to 43236
[10:02:15.596] [SEVERE ] updating countdown to 43212
[10:02:15.617] [SEVERE ] updating countdown to 43191
[10:02:15.643] [SEVERE ] updating countdown to 43165
[10:02:15.665] [SEVERE ] updating countdown to 43143
[10:02:15.691] [SEVERE ] updating countdown to 43117
[10:02:15.712] [SEVERE ] updating countdown to 43096
[10:02:15.738] [SEVERE ] updating countdown to 43070
[10:02:15.759] [SEVERE ] updating countdown to 43049
[10:02:15.783] [SEVERE ] updating countdown to 43025
[10:02:15.808] [SEVERE ] updating countdown to 43000
[10:02:15.832] [SEVERE ] updating countdown to 42976
[10:02:15.854] [SEVERE ] updating countdown to 42954
[10:02:15.875] [SEVERE ] updating countdown to 42933
[10:02:15.897] [SEVERE ] updating countdown to 42911
[10:02:15.919] [SEVERE ] updating countdown to 42889
[10:02:15.941] [SEVERE ] updating countdown to 42867
[10:02:15.964] [SEVERE ] updating countdown to 42844
[10:02:15.990] [SEVERE ] updating countdown to 42818
[10:02:16.016] [SEVERE ] updating countdown to 42792
[10:02:16.038] [SEVERE ] updating countdown to 42770
[10:02:16.059] [SEVERE ] updating countdown to 42749
[10:02:16.081] [SEVERE ] updating countdown to 42727
[10:02:16.107] [SEVERE ] updating countdown to 42701
[10:02:16.130] [SEVERE ] updating countdown to 42678
[10:02:16.156] [SEVERE ] updating countdown to 42652
[10:02:16.178] [SEVERE ] updating countdown to 42630
[10:02:16.201] [SEVERE ] updating countdown to 42607
[10:02:16.227] [SEVERE ] updating countdown to 42581
[10:02:16.250] [SEVERE ] updating countdown to 42558
[10:02:16.272] [SEVERE ] updating countdown to 42536
[10:02:16.295] [SEVERE ] updating countdown to 42513
[10:02:16.314] [SEVERE ] key 70 was pressed by player 1
[10:02:16.314] [SEVERE ] player 1 placing token on slot 7
[10:02:16.316] [SEVERE ] updating countdown to 42492
[10:02:16.338] [SEVERE ] updating countdown to 42470
[10:02:16.364] [SEVERE ] updating countdown to 42444
[10:02:16.390] [SEVERE ] updating countdown to 42418
[10:02:16.416] [SEVERE ] updating countdown to 42392
[10:02:16.442] [SEVERE ] updating countdown to 42366
[10:02:16.463] [SEVERE ] updating countdown to 42345
[10:02:16.485] [SEVERE ] updating countdown to 42323
[10:02:16.510] [SEVERE ] updating countdown to 42298
[10:02:16.533] [SEVERE ] updating countdown to 42275
[10:02:16.559] [SEVERE ] updating countdown to 42249
[10:02:16.585] [SEVERE ] updating countdown to 42223
[10:02:16.609] [SEVERE ] updating countdown to 42199
[10:02:16.631] [SEVERE ] updating countdown to 42177
[10:02:16.653] [SEVERE ] updating countdown to 42155
[10:02:16.674] [SEVERE ] updating countdown to 42134
[10:02:16.695] [SEVERE ] updating countdown to 42113
[10:02:16.717] [SEVERE ] updating countdown to 42091
[10:02:16.738] [SEVERE ] updating countdown to 42070
[10:02:16.759] [SEVERE ] updating countdown to 42049
[10:02:16.781] [SEVERE ] updating countdown to 42027
[10:02:16.802] [SEVERE ] updating countdown to 42006
[10:02:16.824] [SEVERE ] updating countdown to 41984
[10:02:16.845] [SEVERE ] updating countdown to 41963
[10:02:16.867] [SEVERE ] updating countdown to 41941
[10:02:16.888] [SEVERE ] updating countdown to 41920
[10:02:16.908] [SEVERE ] updating countdown to 41900
[10:02:16.929] [SEVERE ] updating countdown to 41879
[10:02:16.951] [SEVERE ] updating countdown to 41857
[10:02:16.972] [SEVERE ] updating countdown to 41836
[10:02:16.995] [SEVERE ] updating countdown to 41813
[10:02:17.016] [SEVERE ] updating countdown to 41792
[10:02:17.040] [SEVERE ] updating countdown to 41768
[10:02:17.062] [SEVERE ] updating countdown to 41746
[10:02:17.083] [SEVERE ] updating countdown to 41725
[10:02:17.104] [SEVERE ] updating countdown to 41704
[10:02:17.125] [SEVERE ] updating countdown to 41683
[10:02:17.146] [SEVERE ] updating countdown to 41662
[10:02:17.167] [SEVERE ] updating countdown to 41641
[10:02:17.188] [SEVERE ] updating countdown to 41620
[10:02:17.210] [SEVERE ] updating countdown to 41598
[10:02:17.231] [SEVERE ] updating countdown to 41577
[10:02:17.252] [SEVERE ] updating countdown to 41556
[10:02:17.274] [SEVERE ] updating countdown to 41534
[10:02:17.300] [SEVERE ] updating countdown to 41508
[10:02:17.326] [SEVERE ] updating countdown to 41482
[10:02:17.352] [SEVERE ] updating countdown to 41456
[10:02:17.373] [SEVERE ] updating countdown to 41435
[10:02:17.394] [SEVERE ] updating countdown to 41414
[10:02:17.416] [SEVERE ] updating countdown to 41392
[10:02:17.438] [SEVERE ] updating countdown to 41370
[10:02:17.460] [SEVERE ] updating countdown to 41348
[10:02:17.482] [SEVERE ] updating countdown to 41326
[10:02:17.503] [SEVERE ] updating countdown to 41305
[10:02:17.524] [SEVERE ] updating countdown to 41284
[10:02:17.545] [SEVERE ] updating countdown to 41263
[10:02:17.566] [SEVERE ] updating countdown to 41242
[10:02:17.588] [SEVERE ] updating countdown to 41220
[10:02:17.610] [SEVERE ] updating countdown to 41198
[10:02:17.632] [SEVERE ] updating countdown to 41176
[10:02:17.652] [SEVERE ] updating countdown to 41156
[10:02:17.673] [SEVERE ] updating countdown to 41135
[10:02:17.695] [SEVERE ] updating countdown to 41113
[10:02:17.716] [SEVERE ] updating countdown to 41092
[10:02:17.737] [SEVERE ] updating countdown to 41071
[10:02:17.758] [SEVERE ] updating countdown to 41050
[10:02:17.779] [SEVERE ] updating countdown to 41029
[10:02:17.800] [SEVERE ] updating countdown to 41008
[10:02:17.821] [SEVERE ] updating countdown to 40987
[10:02:17.843] [SEVERE ] updating countdown to 40965
[10:02:17.865] [SEVERE ] updating countdown to 40943
[10:02:17.886] [SEVERE ] updating countdown to 40922
[10:02:17.908] [SEVERE ] updating countdown to 40900
[10:02:17.929] [SEVERE ] updating countdown to 40879
[10:02:17.950] [SEVERE ] updating countdown to 40858
[10:02:17.972] [SEVERE ] updating countdown to 40836
[10:02:17.990] [SEVERE ] key 86 was pressed by player 1
[10:02:17.990] [SEVERE ] player 1 placing token on slot 11
[10:02:17.994] [SEVERE ] updating countdown to 40814
[10:02:18.015] [SEVERE ] updating countdown to 40793
[10:02:18.036] [SEVERE ] updating countdown to 40772
[10:02:18.057] [SEVERE ] updating countdown to 40751
[10:02:18.078] [SEVERE ] updating countdown to 40730
[10:02:18.099] [SEVERE ] updating countdown to 40709
[10:02:18.121] [SEVERE ] updating countdown to 40687
[10:02:18.142] [SEVERE ] updating countdown to 40666
[10:02:18.163] [SEVERE ] updating countdown to 40645
[10:02:18.186] [SEVERE ] updating countdown to 40622
[10:02:18.207] [SEVERE ] updating countdown to 40601
[10:02:18.229] [SEVERE ] updating countdown to 40579
[10:02:18.251] [SEVERE ] updating countdown to 40557
[10:02:18.273] [SEVERE ] updating countdown to 40535
[10:02:18.294] [SEVERE ] updating countdown to 40514
[10:02:18.316] [SEVERE ] updating countdown to 40492
[10:02:18.337] [SEVERE ] updating countdown to 40471
[10:02:18.358] [SEVERE ] updating countdown to 40450
[10:02:18.379] [SEVERE ] updating countdown to 40429
[10:02:18.400] [SEVERE ] updating countdown to 40408
[10:02:18.421] [SEVERE ] updating countdown to 40387
[10:02:18.442] [SEVERE ] updating countdown to 40366
[10:02:18.463] [SEVERE ] updating countdown to 40345
[10:02:18.483] [SEVERE ] updating countdown to 40325
[10:02:18.504] [SEVERE ] updating countdown to 40304
[10:02:18.525] [SEVERE ] updating countdown to 40283
[10:02:18.546] [SEVERE ] updating countdown to 40262
[10:02:18.567] [SEVERE ] updating countdown to 40241
[10:02:18.588] [SEVERE ] updating countdown to 40220
[10:02:18.609] [SEVERE ] updating countdown to 40199
[10:02:18.630] [SEVERE ] updating countdown to 40178
[10:02:18.651] [SEVERE ] updating countdown to 40157
[10:02:18.672] [SEVERE ] updating countdown to 40136
[10:02:18.693] [SEVERE ] updating countdown to 40115
[10:02:18.714] [SEVERE ] updating countdown to 40094
[10:02:18.735] [SEVERE ] updating countdown to 40073
[10:02:18.756] [SEVERE ] updating countdown to 40052
[10:02:18.777] [SEVERE ] updating countdown to 40031
[10:02:18.798] [SEVERE ] updating countdown to 40010
[10:02:18.819] [SEVERE ] updating countdown to 39989
[10:02:18.840] [SEVERE ] updating countdown to 39968
[10:02:18.861] [SEVERE ] updating countdown to 39947
[10:02:18.882] [SEVERE ] updating countdown to 39926
[10:02:18.903] [SEVERE ] updating countdown to 39905
[10:02:18.924] [SEVERE ] updating countdown to 39884
[10:02:18.945] [SEVERE ] updating countdown to 39863
[10:02:18.966] [SEVERE ] updating countdown to 39842
[10:02:18.987] [SEVERE ] updating countdown to 39821
[10:02:19.008] [SEVERE ] updating countdown to 39800
[10:02:19.029] [SEVERE ] updating countdown to 39779
[10:02:19.050] [SEVERE ] updating countdown to 39758
[10:02:19.072] [SEVERE ] updating countdown to 39736
[10:02:19.092] [SEVERE ] updating countdown to 39716
[10:02:19.113] [SEVERE ] updating countdown to 39695
[10:02:19.134] [SEVERE ] updating countdown to 39674
[10:02:19.155] [SEVERE ] updating countdown to 39653
[10:02:19.176] [SEVERE ] updating countdown to 39632
[10:02:19.197] [SEVERE ] updating countdown to 39611
[10:02:19.219] [SEVERE ] updating countdown to 39589
[10:02:19.240] [SEVERE ] updating countdown to 39568
[10:02:19.262] [SEVERE ] updating countdown to 39546
[10:02:19.284] [SEVERE ] updating countdown to 39524
[10:02:19.306] [SEVERE ] updating countdown to 39502
[10:02:19.327] [SEVERE ] updating countdown to 39481
[10:02:19.349] [SEVERE ] updating countdown to 39459
[10:02:19.370] [SEVERE ] updating countdown to 39438
[10:02:19.392] [SEVERE ] updating countdown to 39416
[10:02:19.412] [SEVERE ] updating countdown to 39396
[10:02:19.433] [SEVERE ] updating countdown to 39375
[10:02:19.459] [SEVERE ] updating countdown to 39349
[10:02:19.482] [SEVERE ] updating countdown to 39326
[10:02:19.503] [SEVERE ] updating countdown to 39305
[10:02:19.527] [SEVERE ] updating countdown to 39281
[10:02:19.553] [SEVERE ] updating countdown to 39255
[10:02:19.578] [SEVERE ] updating countdown to 39230
[10:02:19.604] [SEVERE ] updating countdown to 39204
[10:02:19.630] [SEVERE ] updating countdown to 39178
[10:02:19.655] [SEVERE ] updating countdown to 39153
[10:02:19.681] [SEVERE ] updating countdown to 39127
[10:02:19.702] [SEVERE ] updating countdown to 39106
[10:02:19.726] [SEVERE ] updating countdown to 39082
[10:02:19.732] [SEVERE ] key 88 was pressed by player 1
[10:02:19.732] [SEVERE ] player 1 placing token on slot 9
[10:02:19.732] [SEVERE ] removing player 1 token from slot 7
[10:02:19.732] [SEVERE ] removing player 1 token from slot 11
[10:02:19.733] [SEVERE ] removing player 1 token from slot 9
[10:02:19.733] [SEVERE ] setting player 1 score to 1
[10:02:19.733] [SEVERE ] removing player 1 token from slot 7
[10:02:19.733] [SEVERE ] removing player 1 token from slot 11
[10:02:19.734] [SEVERE ] removing player 1 token from slot 9
[10:02:19.735] [SEVERE ] setting player 1 freeze to 1000
[10:02:19.747] [SEVERE ] updating countdown to 39061
[10:02:19.770] [SEVERE ] updating countdown to 39038
[10:02:19.796] [SEVERE ] updating countdown to 39012
[10:02:19.822] [SEVERE ] updating countdown to 38986
[10:02:19.843] [SEVERE ] updating countdown to 38965
[10:02:19.864] [SEVERE ] updating countdown to 38944
[10:02:19.886] [SEVERE ] updating countdown to 38922
[10:02:19.910] [SEVERE ] updating countdown to 38898
[10:02:19.932] [SEVERE ] updating countdown to 38876
[10:02:19.956] [SEVERE ] updating countdown to 38852
[10:02:19.981] [SEVERE ] updating countdown to 38827
[10:02:20.007] [SEVERE ] updating countdown to 38801
[10:02:20.030] [SEVERE ] updating countdown to 38778
[10:02:20.051] [SEVERE ] updating countdown to 38757
[10:02:20.076] [SEVERE ] updating countdown to 38732
[10:02:20.097] [SEVERE ] updating countdown to 38711
[10:02:20.121] [SEVERE ] updating countdown to 38687
[10:02:20.143] [SEVERE ] updating countdown to 38665
[10:02:20.169] [SEVERE ] updating countdown to 38639
[10:02:20.195] [SEVERE ] updating countdown to 38613
[10:02:20.221] [SEVERE ] updating countdown to 38587
[10:02:20.245] [SEVERE ] updating countdown to 38563
[10:02:20.270] [SEVERE ] updating countdown to 38538
[10:02:20.297] [SEVERE ] updating countdown to 38511
[10:02:20.323] [SEVERE ] updating countdown to 38485
[10:02:20.349] [SEVERE ] updating countdown to 38459
[10:02:20.370] [SEVERE ] updating countdown to 38438
[10:02:20.396] [SEVERE ] updating countdown to 38412
[10:02:20.417] [SEVERE ] updating countdown to 38391
[10:02:20.439] [SEVERE ] updating countdown to 38369
[10:02:20.461] [SEVERE ] updating countdown to 38347
[10:02:20.483] [SEVERE ] updating countdown to 38325
[10:02:20.504] [SEVERE ] updating countdown to 38304
[10:02:20.530] [SEVERE ] updating countdown to 38278
[10:02:20.552] [SEVERE ] updating countdown to 38256
[10:02:20.573] [SEVERE ] updating countdown to 38235
[10:02:20.595] [SEVERE ] updating countdown to 38213
[10:02:20.617] [SEVERE ] updating countdown to 38191
[10:02:20.642] [SEVERE ] updating countdown to 38166
[10:02:20.668] [SEVERE ] updating countdown to 38140
[10:02:20.689] [SEVERE ] updating countdown to 38119
[10:02:20.710] [SEVERE ] updating countdown to 38098
[10:02:20.736] [SEVERE ] updating countdown to 38072
[10:02:20.762] [SEVERE ] updating countdown to 38046
[10:02:20.785] [SEVERE ] updating countdown to 38023
[10:02:20.807] [SEVERE ] updating countdown to 38001
[10:02:20.832] [SEVERE ] updating countdown to 37976
[10:02:20.853] [SEVERE ] updating countdown to 37955
[10:02:20.879] [SEVERE ] updating countdown to 37929
[10:02:20.902] [SEVERE ] updating countdown to 37906
[10:02:20.923] [SEVERE ] updating countdown to 37885
[10:02:20.949] [SEVERE ] updating countdown to 37859
[10:02:20.974] [SEVERE ] updating countdown to 37834
[10:02:20.999] [SEVERE ] updating countdown to 37809
[10:02:21.021] [SEVERE ] updating countdown to 37787
[10:02:21.043] [SEVERE ] updating countdown to 37765
[10:02:21.064] [SEVERE ] updating countdown to 37744
[10:02:21.086] [SEVERE ] updating countdown to 37722
[10:02:21.107] [SEVERE ] updating countdown to 37701
[10:02:21.132] [SEVERE ] updating countdown to 37676
[10:02:21.152] [SEVERE ] updating countdown to 37656
[10:02:21.173] [SEVERE ] updating countdown to 37635
[10:02:21.194] [SEVERE ] updating countdown to 37614
[10:02:21.215] [SEVERE ] updating countdown to 37593
[10:02:21.240] [SEVERE ] updating countdown to 37568
[10:02:21.262] [SEVERE ] updating countdown to 37546
[10:02:21.284] [SEVERE ] updating countdown to 37524
[10:02:21.305] [SEVERE ] updating countdown to 37503
[10:02:21.329] [SEVERE ] updating countdown to 37479
[10:02:21.351] [SEVERE ] updating countdown to 37457
[10:02:21.372] [SEVERE ] updating countdown to 37436
[10:02:21.395] [SEVERE ] updating countdown to 37413
[10:02:21.421] [SEVERE ] updating countdown to 37387
[10:02:21.445] [SEVERE ] updating countdown to 37363
[10:02:21.471] [SEVERE ] updating countdown to 37337
[10:02:21.493] [SEVERE ] updating countdown to 37315
[10:02:21.514] [SEVERE ] updating countdown to 37294
[10:02:21.538] [SEVERE ] updating countdown to 37270
[10:02:21.559] [SEVERE ] updating countdown to 37249
[10:02:21.583] [SEVERE ] updating countdown to 37225
[10:02:21.604] [SEVERE ] updating countdown to 37204
[10:02:21.625] [SEVERE ] updating countdown to 37183
[10:02:21.647] [SEVERE ] updating countdown to 37161
[10:02:21.668] [SEVERE ] updating countdown to 37140
[10:02:21.690] [SEVERE ] updating countdown to 37118
[10:02:21.714] [SEVERE ] updating countdown to 37094
[10:02:21.740] [SEVERE ] updating countdown to 37068
[10:02:21.764] [SEVERE ] updating countdown to 37044
[10:02:21.785] [SEVERE ] updating countdown to 37023
[10:02:21.806] [SEVERE ] updating countdown to 37002
[10:02:21.832] [SEVERE ] updating countdown to 36976
[10:02:21.854] [SEVERE ] updating countdown to 36954
[10:02:21.878] [SEVERE ] updating countdown to 36930
[10:02:21.902] [SEVERE ] updating countdown to 36906
[10:02:21.923] [SEVERE ] updating countdown to 36885
[10:02:21.945] [SEVERE ] updating countdown to 36863
[10:02:21.966] [SEVERE ] updating countdown to 36842
[10:02:21.989] [SEVERE ] updating countdown to 36819
[10:02:22.010] [SEVERE ] updating countdown to 36798
[10:02:22.032] [SEVERE ] updating countdown to 36776
[10:02:22.053] [SEVERE ] updating countdown to 36755
[10:02:22.077] [SEVERE ] updating countdown to 36731
[10:02:22.099] [SEVERE ] updating countdown to 36709
[10:02:22.125] [SEVERE ] updating countdown to 36683
[10:02:22.146] [SEVERE ] updating countdown to 36662
[10:02:22.172] [SEVERE ] updating countdown to 36636
[10:02:22.194] [SEVERE ] updating countdown to 36615
[10:02:22.214] [SEVERE ] updating countdown to 36594
[10:02:22.235] [SEVERE ] updating countdown to 36573
[10:02:22.256] [SEVERE ] updating countdown to 36552
[10:02:22.278] [SEVERE ] updating countdown to 36530
[10:02:22.300] [SEVERE ] updating countdown to 36508
[10:02:22.321] [SEVERE ] updating countdown to 36487
[10:02:22.342] [SEVERE ] updating countdown to 36466
[10:02:22.364] [SEVERE ] updating countdown to 36444
[10:02:22.385] [SEVERE ] updating countdown to 36423
[10:02:22.406] [SEVERE ] updating countdown to 36402
[10:02:22.428] [SEVERE ] updating countdown to 36380
[10:02:22.448] [SEVERE ] updating countdown to 36360
[10:02:22.469] [SEVERE ] updating countdown to 36339
[10:02:22.491] [SEVERE ] updating countdown to 36317
[10:02:22.512] [SEVERE ] updating countdown to 36296
[10:02:22.533] [SEVERE ] updating countdown to 36275
[10:02:22.554] [SEVERE ] updating countdown to 36254
[10:02:22.575] [SEVERE ] updating countdown to 36233
[10:02:22.596] [SEVERE ] updating countdown to 36212
[10:02:22.617] [SEVERE ] updating countdown to 36191
[10:02:22.638] [SEVERE ] updating countdown to 36170
[10:02:22.660] [SEVERE ] updating countdown to 36148
[10:02:22.682] [SEVERE ] updating countdown to 36126
[10:02:22.704] [SEVERE ] updating countdown to 36104
[10:02:22.726] [SEVERE ] updating countdown to 36082
[10:02:22.747] [SEVERE ] updating countdown to 36061
[10:02:22.769] [SEVERE ] updating countdown to 36039
[10:02:22.791] [SEVERE ] updating countdown to 36017
[10:02:22.813] [SEVERE ] updating countdown to 35995
[10:02:22.835] [SEVERE ] updating countdown to 35973
[10:02:22.856] [SEVERE ] updating countdown to 35952
[10:02:22.878] [SEVERE ] updating countdown to 35930
[10:02:22.899] [SEVERE ] updating countdown to 35909
[10:02:22.919] [SEVERE ] updating countdown to 35889
[10:02:22.940] [SEVERE ] updating countdown to 35868
[10:02:22.961] [SEVERE ] updating countdown to 35847
[10:02:22.983] [SEVERE ] updating countdown to 35825
[10:02:23.005] [SEVERE ] updating countdown to 35804
[10:02:23.026] [SEVERE ] updating countdown to 35782
[10:02:23.048] [SEVERE ] updating countdown to 35760
[10:02:23.068] [SEVERE ] updating countdown to 35740
[10:02:23.089] [SEVERE ] updating countdown to 35719
[10:02:23.110] [SEVERE ] updating countdown to 35698
[10:02:23.132] [SEVERE ] updating countdown to 35676
[10:02:23.152] [SEVERE ] updating countdown to 35656
[10:02:23.174] [SEVERE ] updating countdown to 35634
[10:02:23.196] [SEVERE ] updating countdown to 35612
[10:02:23.216] [SEVERE ] updating countdown to 35592
[10:02:23.237] [SEVERE ] updating countdown to 35571
[10:02:23.259] [SEVERE ] updating countdown to 35549
[10:02:23.281] [SEVERE ] updating countdown to 35527
[10:02:23.302] [SEVERE ] updating countdown to 35506
[10:02:23.324] [SEVERE ] updating countdown to 35484
[10:02:23.345] [SEVERE ] updating countdown to 35463
[10:02:23.366] [SEVERE ] updating countdown to 35442
[10:02:23.387] [SEVERE ] updating countdown to 35421
[10:02:23.408] [SEVERE ] updating countdown to 35400
[10:02:23.430] [SEVERE ] updating countdown to 35378
[10:02:23.452] [SEVERE ] updating countdown to 35356
[10:02:23.472] [SEVERE ] updating countdown to 35336
[10:02:23.493] [SEVERE ] updating countdown to 35315
[10:02:23.514] [SEVERE ] updating countdown to 35294
[10:02:23.535] [SEVERE ] updating countdown to 35273
[10:02:23.557] [SEVERE ] updating countdown to 35251
[10:02:23.577] [SEVERE ] updating countdown to 35231
[10:02:23.599] [SEVERE ] updating countdown to 35209
[10:02:23.621] [SEVERE ] updating countdown to 35187
[10:02:23.643] [SEVERE ] updating countdown to 35165
[10:02:23.665] [SEVERE ] updating countdown to 35143
[10:02:23.688] [SEVERE ] updating countdown to 35120
[10:02:23.709] [SEVERE ] updating countdown to 35099
[10:02:23.730] [SEVERE ] updating countdown to 35078
[10:02:23.751] [SEVERE ] updating countdown to 35057
[10:02:23.772] [SEVERE ] updating countdown to 35036
[10:02:23.793] [SEVERE ] updating countdown to 35015
[10:02:23.814] [SEVERE ] updating countdown to 34994
[10:02:23.834] [SEVERE ] updating countdown to 34974
[10:02:23.857] [SEVERE ] updating countdown to 34951
[10:02:23.879] [SEVERE ] updating countdown to 34929
[10:02:23.900] [SEVERE ] updating countdown to 34908
[10:02:23.920] [SEVERE ] updating countdown to 34888
[10:02:23.941] [SEVERE ] updating countdown to 34867
[10:02:23.963] [SEVERE ] updating countdown to 34845
[10:02:23.985] [SEVERE ] updating countdown to 34823
[10:02:24.006] [SEVERE ] updating countdown to 34802
[10:02:24.026] [SEVERE ] updating countdown to 34782
[10:02:24.048] [SEVERE ] updating countdown to 34760
[10:02:24.069] [SEVERE ] updating countdown to 34739
[10:02:24.089] [SEVERE ] updating countdown to 34719
[10:02:24.111] [SEVERE ] updating countdown to 34697
[10:02:24.132] [SEVERE ] updating countdown to 34676
[10:02:24.153] [SEVERE ] updating countdown to 34655
[10:02:24.174] [SEVERE ] updating countdown to 34634
[10:02:24.197] [SEVERE ] updating countdown to 34611
[10:02:24.218] [SEVERE ] updating countdown to 34590
[10:02:24.240] [SEVERE ] updating countdown to 34568
[10:02:24.262] [SEVERE ] updating countdown to 34546
[10:02:24.282] [SEVERE ] updating countdown to 34526
[10:02:24.304] [SEVERE ] updating countdown to 34504
[10:02:24.326] [SEVERE ] updating countdown to 34482
[10:02:24.346] [SEVERE ] updating countdown to 34462
[10:02:24.370] [SEVERE ] updating countdown to 34438
[10:02:24.392] [SEVERE ] updating countdown to 34416
[10:02:24.414] [SEVERE ] updating countdown to 34394
[10:02:24.436] [SEVERE ] updating countdown to 34372
[10:02:24.458] [SEVERE ] updating countdown to 34350
[10:02:24.479] [SEVERE ] updating countdown to 34329
[10:02:24.500] [SEVERE ] updating countdown to 34308
[10:02:24.522] [SEVERE ] updating countdown to 34286
[10:02:24.543] [SEVERE ] updating countdown to 34265
[10:02:24.564] [SEVERE ] updating countdown to 34244
[10:02:24.586] [SEVERE ] updating countdown to 34222
[10:02:24.607] [SEVERE ] updating countdown to 34201
[10:02:24.630] [SEVERE ] updating countdown to 34178
[10:02:24.651] [SEVERE ] updating countdown to 34157
[10:02:24.674] [SEVERE ] updating countdown to 34134
[10:02:24.695] [SEVERE ] updating countdown to 34113
[10:02:24.716] [SEVERE ] updating countdown to 34092
[10:02:24.736] [SEVERE ] updating countdown to 34072
[10:02:24.758] [SEVERE ] updating countdown to 34050
[10:02:24.782] [SEVERE ] updating countdown to 34026
[10:02:24.802] [SEVERE ] updating countdown to 34006
[10:02:24.828] [SEVERE ] updating countdown to 33980
[10:02:24.851] [SEVERE ] updating countdown to 33957
[10:02:24.873] [SEVERE ] updating countdown to 33935
[10:02:24.893] [SEVERE ] key 87 was pressed by player 1
[10:02:24.893] [SEVERE ] player 1 placing token on slot 1
[10:02:24.894] [SEVERE ] updating countdown to 33914
[10:02:24.917] [SEVERE ] updating countdown to 33891
[10:02:24.939] [SEVERE ] updating countdown to 33869
[10:02:24.961] [SEVERE ] updating countdown to 33847
[10:02:24.983] [SEVERE ] updating countdown to 33825
[10:02:25.005] [SEVERE ] updating countdown to 33803
[10:02:25.025] [SEVERE ] updating countdown to 33783
[10:02:25.048] [SEVERE ] updating countdown to 33760
[10:02:25.072] [SEVERE ] updating countdown to 33736
[10:02:25.093] [SEVERE ] updating countdown to 33715
[10:02:25.115] [SEVERE ] updating countdown to 33693
[10:02:25.139] [SEVERE ] updating countdown to 33669
[10:02:25.160] [SEVERE ] updating countdown to 33648
[10:02:25.182] [SEVERE ] updating countdown to 33626
[10:02:25.204] [SEVERE ] updating countdown to 33604
[10:02:25.225] [SEVERE ] updating countdown to 33583
[10:02:25.246] [SEVERE ] updating countdown to 33562
[10:02:25.267] [SEVERE ] updating countdown to 33541
[10:02:25.293] [SEVERE ] updating countdown to 33515
[10:02:25.313] [SEVERE ] updating countdown to 33495
[10:02:25.335] [SEVERE ] updating countdown to 33473
[10:02:25.360] [SEVERE ] updating countdown to 33448
[10:02:25.386] [SEVERE ] updating countdown to 33422
[10:02:25.412] [SEVERE ] updating countdown to 33396
[10:02:25.435] [SEVERE ] updating countdown to 33373
[10:02:25.457] [SEVERE ] updating countdown to 33351
[10:02:25.481] [SEVERE ] updating countdown to 33327
[10:02:25.502] [SEVERE ] updating countdown to 33306
[10:02:25.526] [SEVERE ] updating countdown to 33282
[10:02:25.548] [SEVERE ] updating countdown to 33260
[10:02:25.570] [SEVERE ] updating countdown to 33238
[10:02:25.596] [SEVERE ] updating countdown to 33212
[10:02:25.602] [SEVERE ] key 65 was pressed by player 1
[10:02:25.618] [SEVERE ] updating countdown to 33190
[10:02:25.641] [SEVERE ] updating countdown to 33167
[10:02:25.662] [SEVERE ] updating countdown to 33146
[10:02:25.684] [SEVERE ] updating countdown to 33124
[10:02:25.705] [SEVERE ] updating countdown to 33103
[10:02:25.726] [SEVERE ] updating countdown to 33082
[10:02:25.749] [SEVERE ] updating countdown to 33059
[10:02:25.771] [SEVERE ] updating countdown to 33037
[10:02:25.792] [SEVERE ] updating countdown to 33016
[10:02:25.814] [SEVERE ] updating countdown to 32994
[10:02:25.839] [SEVERE ] updating countdown to 32969
[10:02:25.864] [SEVERE ] updating countdown to 32944
[10:02:25.887] [SEVERE ] updating countdown to 32921
[10:02:25.912] [SEVERE ] updating countdown to 32896
[10:02:25.934] [SEVERE ] updating countdown to 32874
[10:02:25.942] [SEVERE ] key 83 was pressed by player 1
[10:02:25.958] [SEVERE ] updating countdown to 32850
[10:02:25.981] [SEVERE ] updating countdown to 32827
[10:02:26.003] [SEVERE ] updating countdown to 32805
[10:02:26.025] [SEVERE ] updating countdown to 32783
[10:02:26.050] [SEVERE ] updating countdown to 32758
[10:02:26.076] [SEVERE ] updating countdown to 32732
[10:02:26.102] [SEVERE ] updating countdown to 32706
[10:02:26.128] [SEVERE ] updating countdown to 32680
[10:02:26.153] [SEVERE ] updating countdown to 32655
[10:02:26.176] [SEVERE ] updating countdown to 32632
[10:02:26.198] [SEVERE ] updating countdown to 32610
[10:02:26.223] [SEVERE ] updating countdown to 32585
[10:02:26.245] [SEVERE ] updating countdown to 32563
[10:02:26.267] [SEVERE ] updating countdown to 32541
[10:02:26.287] [SEVERE ] updating countdown to 32521
[10:02:26.310] [SEVERE ] updating countdown to 32498
[10:02:26.335] [SEVERE ] updating countdown to 32473
[10:02:26.360] [SEVERE ] updating countdown to 32448
[10:02:26.383] [SEVERE ] updating countdown to 32425
[10:02:26.405] [SEVERE ] updating countdown to 32403
[10:02:26.425] [SEVERE ] updating countdown to 32383
[10:02:26.451] [SEVERE ] updating countdown to 32357
[10:02:26.475] [SEVERE ] updating countdown to 32333
[10:02:26.483] [SEVERE ] key 68 was pressed by player 1
[10:02:26.497] [SEVERE ] updating countdown to 32311
[10:02:26.510] [SEVERE ] key 83 was pressed by player 1
[10:02:26.519] [SEVERE ] updating countdown to 32289
[10:02:26.544] [SEVERE ] updating countdown to 32264
[10:02:26.568] [SEVERE ] updating countdown to 32240
[10:02:26.589] [SEVERE ] updating countdown to 32219
[10:02:26.614] [SEVERE ] updating countdown to 32194
[10:02:26.640] [SEVERE ] updating countdown to 32168
[10:02:26.663] [SEVERE ] updating countdown to 32145
[10:02:26.684] [SEVERE ] updating countdown to 32124
[10:02:26.706] [SEVERE ] updating countdown to 32102
[10:02:26.722] [SEVERE ] key 65 was pressed by player 1
[10:02:26.727] [SEVERE ] updating countdown to 32081
[10:02:26.750] [SEVERE ] updating countdown to 32058
[10:02:26.775] [SEVERE ] updating countdown to 32033
[10:02:26.781] [SEVERE ] key 83 was pressed by player 1
[10:02:26.797] [SEVERE ] updating countdown to 32011
[10:02:26.819] [SEVERE ] updating countdown to 31989
[10:02:26.842] [SEVERE ] updating countdown to 31966
[10:02:26.863] [SEVERE ] updating countdown to 31945
[10:02:26.888] [SEVERE ] updating countdown to 31920
[10:02:26.899] [SEVERE ] key 68 was pressed by player 1
[10:02:26.911] [SEVERE ] updating countdown to 31897
[10:02:26.935] [SEVERE ] updating countdown to 31873
[10:02:26.956] [SEVERE ] updating countdown to 31852
[10:02:26.978] [SEVERE ] updating countdown to 31830
[10:02:27.002] [SEVERE ] updating countdown to 31806
[10:02:27.025] [SEVERE ] updating countdown to 31783
[10:02:27.047] [SEVERE ] updating countdown to 31761
[10:02:27.068] [SEVERE ] updating countdown to 31740
[10:02:27.092] [SEVERE ] updating countdown to 31716
[10:02:27.117] [SEVERE ] updating countdown to 31691
[10:02:27.143] [SEVERE ] updating countdown to 31665
[10:02:27.157] [SEVERE ] key 65 was pressed by player 1
[10:02:27.164] [SEVERE ] updating countdown to 31644
[10:02:27.188] [SEVERE ] updating countdown to 31620
[10:02:27.200] [SEVERE ] key 83 was pressed by player 1
[10:02:27.209] [SEVERE ] updating countdown to 31599
[10:02:27.232] [SEVERE ] updating countdown to 31576
[10:02:27.245] [SEVERE ] key 68 was pressed by player 1
[10:02:27.254] [SEVERE ] updating countdown to 31554
[10:02:27.276] [SEVERE ] updating countdown to 31532
[10:02:27.296] [SEVERE ] updating countdown to 31512
[10:02:27.318] [SEVERE ] updating countdown to 31490
[10:02:27.341] [SEVERE ] updating countdown to 31467
[10:02:27.362] [SEVERE ] updating countdown to 31446
[10:02:27.383] [SEVERE ] updating countdown to 31425
[10:02:27.405] [SEVERE ] updating countdown to 31403
[10:02:27.427] [SEVERE ] updating countdown to 31381
[10:02:27.448] [SEVERE ] updating countdown to 31360
[10:02:27.469] [SEVERE ] updating countdown to 31339
[10:02:27.490] [SEVERE ] updating countdown to 31318
[10:02:27.511] [SEVERE ] updating countdown to 31297
[10:02:27.532] [SEVERE ] updating countdown to 31276
[10:02:27.552] [SEVERE ] updating countdown to 31256
[10:02:27.562] [SEVERE ] key 65 was pressed by player 1
[10:02:27.574] [SEVERE ] updating countdown to 31234
[10:02:27.599] [SEVERE ] updating countdown to 31209
[10:02:27.620] [SEVERE ] updating countdown to 31188
[10:02:27.621] [SEVERE ] key 83 was pressed by player 1
[10:02:27.643] [SEVERE ] updating countdown to 31165
[10:02:27.651] [SEVERE ] key 68 was pressed by player 1
[10:02:27.665] [SEVERE ] updating countdown to 31143
[10:02:27.687] [SEVERE ] updating countdown to 31121
[10:02:27.709] [SEVERE ] updating countdown to 31099
[10:02:27.731] [SEVERE ] updating countdown to 31077
[10:02:27.751] [SEVERE ] updating countdown to 31057
[10:02:27.773] [SEVERE ] updating countdown to 31035
[10:02:27.794] [SEVERE ] updating countdown to 31014
[10:02:27.814] [SEVERE ] updating countdown to 30994
[10:02:27.836] [SEVERE ] updating countdown to 30972
[10:02:27.859] [SEVERE ] updating countdown to 30949
[10:02:27.880] [SEVERE ] updating countdown to 30928
[10:02:27.902] [SEVERE ] updating countdown to 30906
[10:02:27.923] [SEVERE ] updating countdown to 30885
[10:02:27.945] [SEVERE ] updating countdown to 30863
[10:02:27.967] [SEVERE ] updating countdown to 30841
[10:02:27.988] [SEVERE ] updating countdown to 30820
[10:02:28.008] [SEVERE ] updating countdown to 30800
[10:02:28.027] [SEVERE ] key 65 was pressed by player 1
[10:02:28.031] [SEVERE ] updating countdown to 30777
[10:02:28.052] [SEVERE ] updating countdown to 30756
[10:02:28.073] [SEVERE ] updating countdown to 30735
[10:02:28.095] [SEVERE ] updating countdown to 30713
[10:02:28.117] [SEVERE ] updating countdown to 30691
[10:02:28.140] [SEVERE ] updating countdown to 30668
[10:02:28.160] [SEVERE ] updating countdown to 30648
[10:02:28.182] [SEVERE ] updating countdown to 30626
[10:02:28.204] [SEVERE ] updating countdown to 30604
[10:02:28.226] [SEVERE ] updating countdown to 30582
[10:02:28.246] [SEVERE ] updating countdown to 30562
[10:02:28.268] [SEVERE ] updating countdown to 30540
[10:02:28.289] [SEVERE ] updating countdown to 30519
[10:02:28.309] [SEVERE ] updating countdown to 30499
[10:02:28.331] [SEVERE ] updating countdown to 30477
[10:02:28.352] [SEVERE ] updating countdown to 30456
[10:02:28.373] [SEVERE ] updating countdown to 30435
[10:02:28.393] [SEVERE ] updating countdown to 30415
[10:02:28.405] [SEVERE ] key 83 was pressed by player 1
[10:02:28.414] [SEVERE ] updating countdown to 30394
[10:02:28.436] [SEVERE ] updating countdown to 30372
[10:02:28.457] [SEVERE ] updating countdown to 30351
[10:02:28.480] [SEVERE ] updating countdown to 30328
[10:02:28.505] [SEVERE ] updating countdown to 30303
[10:02:28.530] [SEVERE ] updating countdown to 30278
[10:02:28.551] [SEVERE ] updating countdown to 30257
[10:02:28.573] [SEVERE ] updating countdown to 30235
[10:02:28.594] [SEVERE ] updating countdown to 30214
[10:02:28.615] [SEVERE ] updating countdown to 30193
[10:02:28.636] [SEVERE ] updating countdown to 30172
[10:02:28.657] [SEVERE ] updating countdown to 30151
[10:02:28.679] [SEVERE ] updating countdown to 30129
[10:02:28.689] [SEVERE ] key 65 was pressed by player 1
[10:02:28.701] [SEVERE ] updating countdown to 30107
[10:02:28.722] [SEVERE ] updating countdown to 30086
[10:02:28.746] [SEVERE ] updating countdown to 30062
[10:02:28.769] [SEVERE ] updating countdown to 30039
[10:02:28.792] [SEVERE ] updating countdown to 30016
[10:02:28.813] [SEVERE ] updating countdown to 29995
[10:02:28.834] [SEVERE ] updating countdown to 29974
[10:02:28.860] [SEVERE ] updating countdown to 29948
[10:02:28.881] [SEVERE ] updating countdown to 29927
[10:02:28.905] [SEVERE ] updating countdown to 29903
[10:02:28.929] [SEVERE ] updating countdown to 29879
[10:02:28.951] [SEVERE ] updating countdown to 29857
[10:02:28.971] [SEVERE ] updating countdown to 29837
[10:02:28.994] [SEVERE ] updating countdown to 29814
[10:02:29.018] [SEVERE ] updating countdown to 29790
[10:02:29.039] [SEVERE ] updating countdown to 29769
[10:02:29.061] [SEVERE ] updating countdown to 29747
[10:02:29.082] [SEVERE ] updating countdown to 29726
[10:02:29.105] [SEVERE ] updating countdown to 29703
[10:02:29.126] [SEVERE ] updating countdown to 29682
[10:02:29.148] [SEVERE ] updating countdown to 29660
[10:02:29.170] [SEVERE ] updating countdown to 29638
[10:02:29.190] [SEVERE ] updating countdown to 29618
[10:02:29.212] [SEVERE ] updating countdown to 29596
[10:02:29.233] [SEVERE ] updating countdown to 29575
[10:02:29.255] [SEVERE ] updating countdown to 29553
[10:02:29.277] [SEVERE ] updating countdown to 29531
[10:02:29.301] [SEVERE ] updating countdown to 29507
[10:02:29.322] [SEVERE ] updating countdown to 29486
[10:02:29.344] [SEVERE ] updating countdown to 29464
[10:02:29.366] [SEVERE ] updating countdown to 29442
[10:02:29.387] [SEVERE ] updating countdown to 29421
[10:02:29.409] [SEVERE ] updating countdown to 29399
[10:02:29.432] [SEVERE ] updating countdown to 29376
[10:02:29.453] [SEVERE ] updating countdown to 29355
[10:02:29.478] [SEVERE ] updating countdown to 29330
[10:02:29.500] [SEVERE ] updating countdown to 29308
[10:02:29.522] [SEVERE ] updating countdown to 29286
[10:02:29.543] [SEVERE ] updating countdown to 29265
[10:02:29.563] [SEVERE ] updating countdown to 29245
[10:02:29.585] [SEVERE ] updating countdown to 29223
[10:02:29.605] [SEVERE ] updating countdown to 29203
[10:02:29.629] [SEVERE ] updating countdown to 29179
[10:02:29.650] [SEVERE ] updating countdown to 29158
[10:02:29.672] [SEVERE ] updating countdown to 29136
[10:02:29.692] [SEVERE ] updating countdown to 29116
[10:02:29.714] [SEVERE ] updating countdown to 29094
[10:02:29.734] [SEVERE ] updating countdown to 29074
[10:02:29.756] [SEVERE ] updating countdown to 29052
[10:02:29.777] [SEVERE ] updating countdown to 29031
[10:02:29.799] [SEVERE ] updating countdown to 29009
[10:02:29.820] [SEVERE ] updating countdown to 28988
[10:02:29.841] [SEVERE ] updating countdown to 28967
[10:02:29.863] [SEVERE ] updating countdown to 28945
[10:02:29.883] [SEVERE ] updating countdown to 28925
[10:02:29.904] [SEVERE ] updating countdown to 28904
[10:02:29.925] [SEVERE ] updating countdown to 28883
[10:02:29.946] [SEVERE ] updating countdown to 28862
[10:02:29.968] [SEVERE ] updating countdown to 28840
[10:02:29.988] [SEVERE ] updating countdown to 28820
[10:02:30.012] [SEVERE ] updating countdown to 28796
[10:02:30.036] [SEVERE ] updating countdown to 28772
[10:02:30.057] [SEVERE ] updating countdown to 28751
[10:02:30.078] [SEVERE ] updating countdown to 28730
[10:02:30.098] [SEVERE ] updating countdown to 28710
[10:02:30.120] [SEVERE ] updating countdown to 28688
[10:02:30.143] [SEVERE ] updating countdown to 28665
[10:02:30.164] [SEVERE ] updating countdown to 28644
[10:02:30.185] [SEVERE ] updating countdown to 28623
[10:02:30.206] [SEVERE ] updating countdown to 28602
[10:02:30.227] [SEVERE ] updating countdown to 28581
[10:02:30.249] [SEVERE ] updating countdown to 28559
[10:02:30.270] [SEVERE ] updating countdown to 28538
[10:02:30.292] [SEVERE ] updating countdown to 28516
[10:02:30.312] [SEVERE ] updating countdown to 28496
[10:02:30.334] [SEVERE ] updating countdown to 28474
[10:02:30.356] [SEVERE ] updating countdown to 28452
[10:02:30.376] [SEVERE ] updating countdown to 28432
[10:02:30.398] [SEVERE ] updating countdown to 28410
[10:02:30.418] [SEVERE ] updating countdown to 28390
[10:02:30.439] [SEVERE ] updating countdown to 28369
[10:02:30.460] [SEVERE ] updating countdown to 28348
[10:02:30.480] [SEVERE ] updating countdown to 28328
[10:02:30.505] [SEVERE ] updating countdown to 28303
[10:02:30.526] [SEVERE ] updating countdown to 28282
[10:02:30.548] [SEVERE ] updating countdown to 28260
[10:02:30.568] [SEVERE ] updating countdown to 28240
[10:02:30.591] [SEVERE ] updating countdown to 28217
[10:02:30.611] [SEVERE ] updating countdown to 28197
[10:02:30.632] [SEVERE ] updating countdown to 28176
[10:02:30.654] [SEVERE ] updating countdown to 28154
[10:02:30.675] [SEVERE ] updating countdown to 28133
[10:02:30.696] [SEVERE ] updating countdown to 28112
[10:02:30.716] [SEVERE ] updating countdown to 28092
[10:02:30.738] [SEVERE ] updating countdown to 28070
[10:02:30.760] [SEVERE ] updating countdown to 28048
[10:02:30.786] [SEVERE ] updating countdown to 28022
[10:02:30.812] [SEVERE ] updating countdown to 27996
[10:02:30.837] [SEVERE ] updating countdown to 27971
[10:02:30.859] [SEVERE ] updating countdown to 27949
[10:02:30.881] [SEVERE ] updating countdown to 27927
[10:02:30.902] [SEVERE ] updating countdown to 27906
[10:02:30.924] [SEVERE ] updating countdown to 27884
[10:02:30.948] [SEVERE ] updating countdown to 27860
[10:02:30.974] [SEVERE ] updating countdown to 27834
[10:02:30.995] [SEVERE ] updating countdown to 27813
[10:02:31.017] [SEVERE ] updating countdown to 27791
[10:02:31.037] [SEVERE ] updating countdown to 27771
[10:02:31.059] [SEVERE ] updating countdown to 27749
[10:02:31.080] [SEVERE ] updating countdown to 27728
[10:02:31.100] [SEVERE ] updating countdown to 27708
[10:02:31.122] [SEVERE ] updating countdown to 27686
[10:02:31.146] [SEVERE ] updating countdown to 27662
[10:02:31.168] [SEVERE ] updating countdown to 27640
[10:02:31.191] [SEVERE ] updating countdown to 27617
[10:02:31.212] [SEVERE ] updating countdown to 27596
[10:02:31.237] [SEVERE ] updating countdown to 27571
[10:02:31.262] [SEVERE ] updating countdown to 27546
[10:02:31.288] [SEVERE ] updating countdown to 27520
[10:02:31.312] [SEVERE ] updating countdown to 27496
[10:02:31.333] [SEVERE ] updating countdown to 27475
[10:02:31.355] [SEVERE ] updating countdown to 27453
[10:02:31.377] [SEVERE ] updating countdown to 27431
[10:02:31.400] [SEVERE ] updating countdown to 27408
[10:02:31.423] [SEVERE ] updating countdown to 27385
[10:02:31.444] [SEVERE ] updating countdown to 27364
[10:02:31.466] [SEVERE ] updating countdown to 27342
[10:02:31.492] [SEVERE ] updating countdown to 27316
[10:02:31.518] [SEVERE ] updating countdown to 27290
[10:02:31.543] [SEVERE ] updating countdown to 27265
[10:02:31.565] [SEVERE ] updating countdown to 27243
[10:02:31.586] [SEVERE ] updating countdown to 27222
[10:02:31.612] [SEVERE ] updating countdown to 27196
[10:02:31.635] [SEVERE ] updating countdown to 27173
[10:02:31.661] [SEVERE ] updating countdown to 27147
[10:02:31.682] [SEVERE ] updating countdown to 27126
[10:02:31.707] [SEVERE ] updating countdown to 27101
[10:02:31.730] [SEVERE ] updating countdown to 27078
[10:02:31.753] [SEVERE ] updating countdown to 27055
[10:02:31.779] [SEVERE ] updating countdown to 27029
[10:02:31.802] [SEVERE ] updating countdown to 27006
[10:02:31.825] [SEVERE ] updating countdown to 26983
[10:02:31.850] [SEVERE ] updating countdown to 26958
[10:02:31.874] [SEVERE ] updating countdown to 26934
[10:02:31.895] [SEVERE ] updating countdown to 26913
[10:02:31.917] [SEVERE ] updating countdown to 26891
[10:02:31.939] [SEVERE ] updating countdown to 26869
[10:02:31.960] [SEVERE ] updating countdown to 26848
[10:02:31.983] [SEVERE ] updating countdown to 26825
[10:02:32.004] [SEVERE ] updating countdown to 26804
[10:02:32.025] [SEVERE ] updating countdown to 26783
[10:02:32.047] [SEVERE ] updating countdown to 26761
[10:02:32.071] [SEVERE ] updating countdown to 26737
[10:02:32.092] [SEVERE ] updating countdown to 26716
[10:02:32.114] [SEVERE ] updating countdown to 26694
[10:02:32.139] [SEVERE ] updating countdown to 26669
[10:02:32.161] [SEVERE ] updating countdown to 26647
[10:02:32.183] [SEVERE ] updating countdown to 26625
[10:02:32.208] [SEVERE ] updating countdown to 26600
[10:02:32.234] [SEVERE ] updating countdown to 26574
[10:02:32.260] [SEVERE ] updating countdown to 26548
[10:02:32.286] [SEVERE ] updating countdown to 26522
[10:02:32.308] [SEVERE ] updating countdown to 26500
[10:02:32.334] [SEVERE ] updating countdown to 26474
[10:02:32.358] [SEVERE ] updating countdown to 26450
[10:02:32.382] [SEVERE ] updating countdown to 26426
[10:02:32.403] [SEVERE ] updating countdown to 26405
[10:02:32.429] [SEVERE ] updating countdown to 26379
[10:02:32.455] [SEVERE ] updating countdown to 26353
[10:02:32.481] [SEVERE ] updating countdown to 26327
[10:02:32.503] [SEVERE ] updating countdown to 26305
[10:02:32.529] [SEVERE ] updating countdown to 26279
[10:02:32.555] [SEVERE ] updating countdown to 26253
[10:02:32.577] [SEVERE ] updating countdown to 26231
[10:02:32.603] [SEVERE ] updating countdown to 26205
[10:02:32.625] [SEVERE ] updating countdown to 26183
[10:02:32.647] [SEVERE ] updating countdown to 26161
[10:02:32.671] [SEVERE ] updating countdown to 26137
[10:02:32.693] [SEVERE ] updating countdown to 26115
[10:02:32.715] [SEVERE ] updating countdown to 26093
[10:02:32.739] [SEVERE ] updating countdown to 26069
[10:02:32.762] [SEVERE ] updating countdown to 26046
[10:02:32.786] [SEVERE ] updating countdown to 26022
[10:02:32.808] [SEVERE ] updating countdown to 26000
[10:02:32.829] [SEVERE ] updating countdown to 25979
[10:02:32.855] [SEVERE ] updating countdown to 25953
[10:02:32.879] [SEVERE ] updating countdown to 25929
[10:02:32.900] [SEVERE ] updating countdown to 25908
[10:02:32.922] [SEVERE ] updating countdown to 25886
[10:02:32.944] [SEVERE ] updating countdown to 25864
[10:02:32.969] [SEVERE ] updating countdown to 25839
[10:02:32.995] [SEVERE ] updating countdown to 25813
