[11:19:19.564] [INFO   ] thread main starting.
[11:19:31.390] [SEVERE ] cannot read configuration file config.properties trying from resources.
[11:19:31.396] [SEVERE ] configuration file was loaded from resources directory.
[11:19:31.777] [INFO   ] thread dealer starting.
[11:19:38.248] [INFO   ] thread playerID: 0 starting.
[11:19:40.263] [INFO   ] thread playerID: 1 starting.
[11:19:40.264] [INFO   ] thread dealer starting.
[11:19:40.286] [SEVERE ] updating countdown to 60000
[11:19:40.395] [SEVERE ] placing card 10 in slot 0
[11:19:40.501] [SEVERE ] placing card 18 in slot 4
[11:19:40.604] [SEVERE ] placing card 58 in slot 6
[11:19:40.709] [SEVERE ] placing card 14 in slot 9
[11:19:40.813] [SEVERE ] placing card 39 in slot 7
[11:19:40.917] [SEVERE ] placing card 12 in slot 10
[11:19:41.024] [SEVERE ] placing card 36 in slot 5
[11:19:41.126] [SEVERE ] placing card 31 in slot 1
[11:19:41.230] [SEVERE ] placing card 4 in slot 2
[11:19:41.332] [SEVERE ] placing card 16 in slot 3
[11:19:41.435] [SEVERE ] placing card 62 in slot 11
[11:19:41.539] [SEVERE ] placing card 13 in slot 8
[11:19:41.568] [SEVERE ] updating countdown to 58717
[11:19:41.600] [SEVERE ] updating countdown to 58685
[11:19:41.630] [SEVERE ] updating countdown to 58655
[11:19:41.662] [SEVERE ] updating countdown to 58624
[11:19:41.689] [SEVERE ] updating countdown to 58596
[11:19:41.717] [SEVERE ] updating countdown to 58568
[11:19:41.752] [SEVERE ] updating countdown to 58533
[11:19:41.787] [SEVERE ] updating countdown to 58499
[11:19:41.817] [SEVERE ] updating countdown to 58468
[11:19:41.848] [SEVERE ] updating countdown to 58437
[11:19:41.878] [SEVERE ] updating countdown to 58407
[11:19:41.907] [SEVERE ] updating countdown to 58378
[11:19:41.937] [SEVERE ] updating countdown to 58348
[11:19:41.967] [SEVERE ] updating countdown to 58318
[11:19:41.996] [SEVERE ] updating countdown to 58289
[11:19:42.028] [SEVERE ] updating countdown to 58257
[11:19:42.063] [SEVERE ] updating countdown to 58222
[11:19:42.093] [SEVERE ] updating countdown to 58192
[11:19:42.121] [SEVERE ] updating countdown to 58164
[11:19:42.150] [SEVERE ] updating countdown to 58135
[11:19:42.182] [SEVERE ] updating countdown to 58103
[11:19:42.210] [SEVERE ] updating countdown to 58075
[11:19:42.240] [SEVERE ] updating countdown to 58045
[11:19:42.269] [SEVERE ] updating countdown to 58016
[11:19:42.298] [SEVERE ] updating countdown to 57987
[11:19:42.333] [SEVERE ] updating countdown to 57952
[11:19:42.367] [SEVERE ] updating countdown to 57918
[11:19:42.400] [SEVERE ] updating countdown to 57885
[11:19:42.430] [SEVERE ] updating countdown to 57855
[11:19:42.464] [SEVERE ] updating countdown to 57821
[11:19:42.493] [SEVERE ] updating countdown to 57792
[11:19:42.523] [SEVERE ] updating countdown to 57762
[11:19:42.553] [SEVERE ] updating countdown to 57732
[11:19:42.583] [SEVERE ] updating countdown to 57702
[11:19:42.613] [SEVERE ] updating countdown to 57672
[11:19:42.643] [SEVERE ] updating countdown to 57642
[11:19:42.671] [SEVERE ] updating countdown to 57614
[11:19:42.701] [SEVERE ] updating countdown to 57584
[11:19:42.732] [SEVERE ] updating countdown to 57553
[11:19:42.767] [SEVERE ] updating countdown to 57518
[11:19:42.798] [SEVERE ] updating countdown to 57487
[11:19:42.832] [SEVERE ] updating countdown to 57453
[11:19:42.866] [SEVERE ] updating countdown to 57419
[11:19:42.899] [SEVERE ] updating countdown to 57386
[11:19:42.933] [SEVERE ] updating countdown to 57352
[11:19:42.966] [SEVERE ] updating countdown to 57319
[11:19:42.996] [SEVERE ] updating countdown to 57289
[11:19:43.026] [SEVERE ] updating countdown to 57259
[11:19:43.059] [SEVERE ] updating countdown to 57226
[11:19:43.089] [SEVERE ] updating countdown to 57196
[11:19:43.123] [SEVERE ] updating countdown to 57162
[11:19:43.150] [SEVERE ] updating countdown to 57135
[11:19:43.179] [SEVERE ] updating countdown to 57106
[11:19:43.207] [SEVERE ] updating countdown to 57078
[11:19:43.236] [SEVERE ] updating countdown to 57049
[11:19:43.266] [SEVERE ] updating countdown to 57019
[11:19:43.295] [SEVERE ] updating countdown to 56990
[11:19:43.324] [SEVERE ] updating countdown to 56961
[11:19:43.352] [SEVERE ] updating countdown to 56933
[11:19:43.382] [SEVERE ] updating countdown to 56903
[11:19:43.412] [SEVERE ] updating countdown to 56873
[11:19:43.441] [SEVERE ] updating countdown to 56844
[11:19:43.472] [SEVERE ] updating countdown to 56813
[11:19:43.502] [SEVERE ] updating countdown to 56783
[11:19:43.535] [SEVERE ] updating countdown to 56750
[11:19:43.565] [SEVERE ] updating countdown to 56720
[11:19:43.596] [SEVERE ] updating countdown to 56689
[11:19:43.627] [SEVERE ] updating countdown to 56658
[11:19:43.656] [SEVERE ] updating countdown to 56629
[11:19:43.684] [SEVERE ] updating countdown to 56601
[11:19:43.717] [SEVERE ] updating countdown to 56568
[11:19:43.746] [SEVERE ] updating countdown to 56539
[11:19:43.779] [SEVERE ] updating countdown to 56506
[11:19:43.813] [SEVERE ] updating countdown to 56472
[11:19:43.844] [SEVERE ] updating countdown to 56441
[11:19:43.874] [SEVERE ] updating countdown to 56411
[11:19:43.905] [SEVERE ] updating countdown to 56380
[11:19:43.938] [SEVERE ] updating countdown to 56347
[11:19:43.965] [SEVERE ] updating countdown to 56320
[11:19:43.996] [SEVERE ] updating countdown to 56289
[11:19:44.027] [SEVERE ] updating countdown to 56258
[11:19:44.061] [SEVERE ] updating countdown to 56224
[11:19:44.092] [SEVERE ] updating countdown to 56194
[11:19:44.121] [SEVERE ] updating countdown to 56164
[11:19:44.151] [SEVERE ] updating countdown to 56134
[11:19:44.182] [SEVERE ] updating countdown to 56103
[11:19:44.213] [SEVERE ] updating countdown to 56072
[11:19:44.247] [SEVERE ] updating countdown to 56038
[11:19:44.280] [SEVERE ] updating countdown to 56005
[11:19:44.312] [SEVERE ] updating countdown to 55973
[11:19:44.341] [SEVERE ] updating countdown to 55944
[11:19:44.369] [SEVERE ] updating countdown to 55916
[11:19:44.397] [SEVERE ] updating countdown to 55888
[11:19:44.431] [SEVERE ] updating countdown to 55854
[11:19:44.465] [SEVERE ] updating countdown to 55820
[11:19:44.496] [SEVERE ] updating countdown to 55789
[11:19:44.524] [SEVERE ] updating countdown to 55761
[11:19:44.553] [SEVERE ] updating countdown to 55732
[11:19:44.587] [SEVERE ] updating countdown to 55698
[11:19:44.615] [SEVERE ] updating countdown to 55670
[11:19:44.649] [SEVERE ] updating countdown to 55636
[11:19:44.681] [SEVERE ] updating countdown to 55604
[11:19:44.710] [SEVERE ] updating countdown to 55575
[11:19:44.744] [SEVERE ] updating countdown to 55541
[11:19:44.775] [SEVERE ] updating countdown to 55511
[11:19:44.804] [SEVERE ] updating countdown to 55482
[11:19:44.838] [SEVERE ] updating countdown to 55448
[11:19:44.867] [SEVERE ] updating countdown to 55418
[11:19:44.898] [SEVERE ] updating countdown to 55387
[11:19:44.927] [SEVERE ] updating countdown to 55358
[11:19:44.956] [SEVERE ] updating countdown to 55329
[11:19:44.985] [SEVERE ] updating countdown to 55300
[11:19:45.015] [SEVERE ] updating countdown to 55270
[11:19:45.044] [SEVERE ] updating countdown to 55241
[11:19:45.073] [SEVERE ] updating countdown to 55213
[11:19:45.102] [SEVERE ] updating countdown to 55183
[11:19:45.131] [SEVERE ] updating countdown to 55154
[11:19:45.171] [SEVERE ] updating countdown to 55114
[11:19:45.200] [SEVERE ] updating countdown to 55085
[11:19:45.230] [SEVERE ] updating countdown to 55055
[11:19:45.266] [SEVERE ] updating countdown to 55019
[11:19:45.294] [SEVERE ] updating countdown to 54991
[11:19:45.325] [SEVERE ] updating countdown to 54960
[11:19:45.358] [SEVERE ] updating countdown to 54927
[11:19:45.391] [SEVERE ] updating countdown to 54894
[11:19:45.421] [SEVERE ] updating countdown to 54864
[11:19:45.452] [SEVERE ] updating countdown to 54834
[11:19:45.482] [SEVERE ] updating countdown to 54803
[11:19:45.513] [SEVERE ] updating countdown to 54772
[11:19:45.545] [SEVERE ] updating countdown to 54741
[11:19:45.577] [SEVERE ] updating countdown to 54708
[11:19:45.607] [SEVERE ] updating countdown to 54678
[11:19:45.637] [SEVERE ] updating countdown to 54648
[11:19:45.667] [SEVERE ] updating countdown to 54618
[11:19:45.697] [SEVERE ] updating countdown to 54588
[11:19:45.730] [SEVERE ] updating countdown to 54555
[11:19:45.766] [SEVERE ] updating countdown to 54519
[11:19:45.795] [SEVERE ] updating countdown to 54490
[11:19:45.824] [SEVERE ] updating countdown to 54461
[11:19:45.853] [SEVERE ] updating countdown to 54432
[11:19:45.886] [SEVERE ] updating countdown to 54399
[11:19:45.915] [SEVERE ] updating countdown to 54370
[11:19:45.970] [SEVERE ] updating countdown to 54315
[11:19:46.005] [SEVERE ] updating countdown to 54280
[11:19:46.040] [SEVERE ] updating countdown to 54246
[11:19:46.072] [SEVERE ] updating countdown to 54213
[11:19:46.105] [SEVERE ] updating countdown to 54181
[11:19:46.136] [SEVERE ] updating countdown to 54149
[11:19:46.166] [SEVERE ] updating countdown to 54119
[11:19:46.196] [SEVERE ] updating countdown to 54090
[11:19:46.231] [SEVERE ] updating countdown to 54054
[11:19:46.263] [SEVERE ] updating countdown to 54022
[11:19:46.299] [SEVERE ] updating countdown to 53987
[11:19:46.329] [SEVERE ] updating countdown to 53956
[11:19:46.364] [SEVERE ] updating countdown to 53921
[11:19:46.399] [SEVERE ] updating countdown to 53886
[11:19:46.434] [SEVERE ] updating countdown to 53851
[11:19:46.465] [SEVERE ] updating countdown to 53820
[11:19:46.500] [SEVERE ] updating countdown to 53785
[11:19:46.531] [SEVERE ] updating countdown to 53754
[11:19:46.563] [SEVERE ] updating countdown to 53722
[11:19:46.593] [SEVERE ] updating countdown to 53692
[11:19:46.623] [SEVERE ] updating countdown to 53662
[11:19:46.654] [SEVERE ] updating countdown to 53631
[11:19:46.685] [SEVERE ] updating countdown to 53600
[11:19:46.713] [SEVERE ] updating countdown to 53572
[11:19:46.743] [SEVERE ] updating countdown to 53542
[11:19:46.770] [SEVERE ] updating countdown to 53515
[11:19:46.805] [SEVERE ] updating countdown to 53480
[11:19:46.839] [SEVERE ] updating countdown to 53446
[11:19:46.873] [SEVERE ] updating countdown to 53412
[11:19:46.906] [SEVERE ] updating countdown to 53379
[11:19:46.939] [SEVERE ] updating countdown to 53346
[11:19:46.972] [SEVERE ] updating countdown to 53313
[11:19:47.006] [SEVERE ] updating countdown to 53279
[11:19:47.040] [SEVERE ] updating countdown to 53245
[11:19:47.073] [SEVERE ] updating countdown to 53212
[11:19:47.108] [SEVERE ] updating countdown to 53177
[11:19:47.138] [SEVERE ] updating countdown to 53147
[11:19:47.171] [SEVERE ] updating countdown to 53114
[11:19:47.205] [SEVERE ] updating countdown to 53080
[11:19:47.233] [SEVERE ] updating countdown to 53052
[11:19:47.266] [SEVERE ] updating countdown to 53019
[11:19:47.299] [SEVERE ] updating countdown to 52986
[11:19:47.328] [SEVERE ] updating countdown to 52957
[11:19:47.357] [SEVERE ] updating countdown to 52928
[11:19:47.387] [SEVERE ] updating countdown to 52898
[11:19:47.418] [SEVERE ] updating countdown to 52867
[11:19:47.447] [SEVERE ] updating countdown to 52838
[11:19:47.476] [SEVERE ] updating countdown to 52809
[11:19:47.503] [SEVERE ] updating countdown to 52782
[11:19:47.532] [SEVERE ] updating countdown to 52753
[11:19:47.560] [SEVERE ] updating countdown to 52725
[11:19:47.586] [SEVERE ] updating countdown to 52699
[11:19:47.615] [SEVERE ] updating countdown to 52670
[11:19:47.643] [SEVERE ] updating countdown to 52642
[11:19:47.673] [SEVERE ] updating countdown to 52612
[11:19:47.702] [SEVERE ] updating countdown to 52583
[11:19:47.731] [SEVERE ] updating countdown to 52554
[11:19:47.760] [SEVERE ] updating countdown to 52525
[11:19:47.790] [SEVERE ] updating countdown to 52495
[11:19:47.818] [SEVERE ] updating countdown to 52467
[11:19:47.847] [SEVERE ] updating countdown to 52438
[11:19:47.877] [SEVERE ] updating countdown to 52408
[11:19:47.906] [SEVERE ] updating countdown to 52379
[11:19:47.934] [SEVERE ] updating countdown to 52351
[11:19:47.963] [SEVERE ] updating countdown to 52322
[11:19:47.994] [SEVERE ] updating countdown to 52291
[11:19:48.025] [SEVERE ] updating countdown to 52260
[11:19:48.054] [SEVERE ] updating countdown to 52231
[11:19:48.083] [SEVERE ] updating countdown to 52202
[11:19:48.110] [SEVERE ] updating countdown to 52175
[11:19:48.138] [SEVERE ] updating countdown to 52147
[11:19:48.182] [SEVERE ] updating countdown to 52103
[11:19:48.214] [SEVERE ] updating countdown to 52071
[11:19:48.242] [SEVERE ] updating countdown to 52043
[11:19:48.272] [SEVERE ] updating countdown to 52013
[11:19:48.303] [SEVERE ] updating countdown to 51982
[11:19:48.333] [SEVERE ] updating countdown to 51952
[11:19:48.365] [SEVERE ] updating countdown to 51920
[11:19:48.400] [SEVERE ] updating countdown to 51885
[11:19:48.429] [SEVERE ] updating countdown to 51856
[11:19:48.462] [SEVERE ] updating countdown to 51823
[11:19:48.492] [SEVERE ] updating countdown to 51794
[11:19:48.524] [SEVERE ] updating countdown to 51761
[11:19:48.555] [SEVERE ] updating countdown to 51730
[11:19:48.584] [SEVERE ] updating countdown to 51701
[11:19:48.614] [SEVERE ] updating countdown to 51672
[11:19:48.642] [SEVERE ] updating countdown to 51643
[11:19:48.670] [SEVERE ] updating countdown to 51615
[11:19:48.697] [SEVERE ] updating countdown to 51588
[11:19:48.726] [SEVERE ] updating countdown to 51559
[11:19:48.755] [SEVERE ] updating countdown to 51530
[11:19:48.784] [SEVERE ] updating countdown to 51501
[11:19:48.813] [SEVERE ] updating countdown to 51472
[11:19:48.856] [SEVERE ] updating countdown to 51429
[11:19:48.887] [SEVERE ] updating countdown to 51399
[11:19:48.915] [SEVERE ] updating countdown to 51370
[11:19:48.943] [SEVERE ] updating countdown to 51342
[11:19:48.973] [SEVERE ] updating countdown to 51312
[11:19:49.001] [SEVERE ] updating countdown to 51284
[11:19:49.028] [SEVERE ] updating countdown to 51257
[11:19:49.055] [SEVERE ] updating countdown to 51230
[11:19:49.083] [SEVERE ] updating countdown to 51202
[11:19:49.112] [SEVERE ] updating countdown to 51173
[11:19:49.140] [SEVERE ] updating countdown to 51145
[11:19:49.169] [SEVERE ] updating countdown to 51116
[11:19:49.199] [SEVERE ] updating countdown to 51086
[11:19:49.230] [SEVERE ] updating countdown to 51055
[11:19:49.259] [SEVERE ] updating countdown to 51026
[11:19:49.288] [SEVERE ] updating countdown to 50997
[11:19:49.318] [SEVERE ] updating countdown to 50967
[11:19:49.351] [SEVERE ] updating countdown to 50934
[11:19:49.380] [SEVERE ] updating countdown to 50905
[11:19:49.412] [SEVERE ] updating countdown to 50873
[11:19:49.440] [SEVERE ] updating countdown to 50845
[11:19:49.473] [SEVERE ] updating countdown to 50812
[11:19:49.512] [SEVERE ] updating countdown to 50773
[11:19:49.549] [SEVERE ] updating countdown to 50736
[11:19:49.580] [SEVERE ] updating countdown to 50705
[11:19:49.609] [SEVERE ] updating countdown to 50676
[11:19:49.638] [SEVERE ] updating countdown to 50647
[11:19:49.672] [SEVERE ] updating countdown to 50613
[11:19:49.705] [SEVERE ] updating countdown to 50580
[11:19:49.737] [SEVERE ] updating countdown to 50548
[11:19:49.771] [SEVERE ] updating countdown to 50514
[11:19:49.803] [SEVERE ] updating countdown to 50482
[11:19:49.837] [SEVERE ] updating countdown to 50448
[11:19:49.871] [SEVERE ] updating countdown to 50414
[11:19:49.905] [SEVERE ] updating countdown to 50380
[11:19:49.937] [SEVERE ] updating countdown to 50348
[11:19:49.966] [SEVERE ] updating countdown to 50319
[11:19:50.000] [SEVERE ] updating countdown to 50285
[11:19:50.033] [SEVERE ] updating countdown to 50252
[11:19:50.068] [SEVERE ] updating countdown to 50217
[11:19:50.097] [SEVERE ] updating countdown to 50188
[11:19:50.126] [SEVERE ] updating countdown to 50159
[11:19:50.155] [SEVERE ] updating countdown to 50130
[11:19:50.186] [SEVERE ] updating countdown to 50099
[11:19:50.218] [SEVERE ] updating countdown to 50067
[11:19:50.250] [SEVERE ] updating countdown to 50035
[11:19:50.283] [SEVERE ] updating countdown to 50002
[11:19:50.318] [SEVERE ] updating countdown to 49967
[11:19:50.347] [SEVERE ] updating countdown to 49938
[11:19:50.375] [SEVERE ] updating countdown to 49910
[11:19:50.402] [SEVERE ] updating countdown to 49883
[11:19:50.430] [SEVERE ] updating countdown to 49855
[11:19:50.462] [SEVERE ] updating countdown to 49823
[11:19:50.496] [SEVERE ] updating countdown to 49789
[11:19:50.526] [SEVERE ] updating countdown to 49759
[11:19:50.558] [SEVERE ] updating countdown to 49727
[11:19:50.588] [SEVERE ] updating countdown to 49697
[11:19:50.616] [SEVERE ] updating countdown to 49669
[11:19:50.642] [SEVERE ] updating countdown to 49643
[11:19:50.676] [SEVERE ] updating countdown to 49609
[11:19:50.706] [SEVERE ] updating countdown to 49579
[11:19:50.739] [SEVERE ] updating countdown to 49546
[11:19:50.770] [SEVERE ] updating countdown to 49515
[11:19:50.797] [SEVERE ] updating countdown to 49488
[11:19:50.830] [SEVERE ] updating countdown to 49455
[11:19:50.865] [SEVERE ] updating countdown to 49420
[11:19:50.895] [SEVERE ] updating countdown to 49390
[11:19:50.924] [SEVERE ] updating countdown to 49361
[11:19:50.958] [SEVERE ] updating countdown to 49327
[11:19:50.992] [SEVERE ] updating countdown to 49293
[11:19:51.021] [SEVERE ] updating countdown to 49264
[11:19:51.054] [SEVERE ] updating countdown to 49231
[11:19:51.088] [SEVERE ] updating countdown to 49197
[11:19:51.119] [SEVERE ] updating countdown to 49166
[11:19:51.148] [SEVERE ] updating countdown to 49137
[11:19:51.177] [SEVERE ] updating countdown to 49108
[11:19:51.206] [SEVERE ] updating countdown to 49079
[11:19:51.240] [SEVERE ] updating countdown to 49045
[11:19:51.275] [SEVERE ] updating countdown to 49010
[11:19:51.309] [SEVERE ] updating countdown to 48976
[11:19:51.339] [SEVERE ] updating countdown to 48946
[11:19:51.373] [SEVERE ] updating countdown to 48912
[11:19:51.404] [SEVERE ] updating countdown to 48881
[11:19:51.433] [SEVERE ] updating countdown to 48852
[11:19:51.463] [SEVERE ] updating countdown to 48822
[11:19:51.496] [SEVERE ] updating countdown to 48789
[11:19:51.523] [SEVERE ] updating countdown to 48762
[11:19:51.554] [SEVERE ] updating countdown to 48731
[11:19:51.589] [SEVERE ] updating countdown to 48696
[11:19:51.619] [SEVERE ] updating countdown to 48666
[11:19:51.647] [SEVERE ] updating countdown to 48638
[11:19:51.678] [SEVERE ] updating countdown to 48607
[11:19:51.711] [SEVERE ] updating countdown to 48574
[11:19:51.745] [SEVERE ] updating countdown to 48540
[11:19:51.779] [SEVERE ] updating countdown to 48506
[11:19:51.806] [SEVERE ] updating countdown to 48479
[11:19:51.840] [SEVERE ] updating countdown to 48445
[11:19:51.873] [SEVERE ] updating countdown to 48412
[11:19:51.906] [SEVERE ] updating countdown to 48379
[11:19:51.935] [SEVERE ] updating countdown to 48350
[11:19:51.965] [SEVERE ] updating countdown to 48320
[11:19:51.992] [SEVERE ] updating countdown to 48293
[11:19:52.019] [SEVERE ] updating countdown to 48266
[11:19:52.048] [SEVERE ] updating countdown to 48237
[11:19:52.076] [SEVERE ] updating countdown to 48209
[11:19:52.105] [SEVERE ] updating countdown to 48180
[11:19:52.133] [SEVERE ] updating countdown to 48152
[11:19:52.162] [SEVERE ] updating countdown to 48123
[11:19:52.190] [SEVERE ] updating countdown to 48095
[11:19:52.222] [SEVERE ] updating countdown to 48063
[11:19:52.250] [SEVERE ] updating countdown to 48035
[11:19:52.279] [SEVERE ] updating countdown to 48006
[11:19:52.306] [SEVERE ] updating countdown to 47979
[11:19:52.339] [SEVERE ] updating countdown to 47946
[11:19:52.373] [SEVERE ] updating countdown to 47912
[11:19:52.407] [SEVERE ] updating countdown to 47878
[11:19:52.437] [SEVERE ] updating countdown to 47848
[11:19:52.467] [SEVERE ] updating countdown to 47818
[11:19:52.501] [SEVERE ] updating countdown to 47784
[11:19:52.532] [SEVERE ] updating countdown to 47753
[11:19:52.564] [SEVERE ] updating countdown to 47721
[11:19:52.593] [SEVERE ] updating countdown to 47692
[11:19:52.621] [SEVERE ] updating countdown to 47664
[11:19:52.650] [SEVERE ] updating countdown to 47635
[11:19:52.677] [SEVERE ] updating countdown to 47608
[11:19:52.709] [SEVERE ] updating countdown to 47576
[11:19:52.740] [SEVERE ] updating countdown to 47545
[11:19:52.771] [SEVERE ] updating countdown to 47514
[11:19:52.798] [SEVERE ] updating countdown to 47487
[11:19:52.828] [SEVERE ] updating countdown to 47457
[11:19:52.857] [SEVERE ] updating countdown to 47428
[11:19:52.887] [SEVERE ] updating countdown to 47398
[11:19:52.921] [SEVERE ] updating countdown to 47364
[11:19:52.951] [SEVERE ] updating countdown to 47334
[11:19:52.981] [SEVERE ] updating countdown to 47304
[11:19:53.011] [SEVERE ] updating countdown to 47274
[11:19:53.041] [SEVERE ] updating countdown to 47244
[11:19:53.068] [SEVERE ] updating countdown to 47217
[11:19:53.097] [SEVERE ] updating countdown to 47188
[11:19:53.128] [SEVERE ] updating countdown to 47157
[11:19:53.163] [SEVERE ] updating countdown to 47122
[11:19:53.192] [SEVERE ] updating countdown to 47093
[11:19:53.222] [SEVERE ] updating countdown to 47064
[11:19:53.250] [SEVERE ] updating countdown to 47035
[11:19:53.280] [SEVERE ] updating countdown to 47005
[11:19:53.310] [SEVERE ] updating countdown to 46975
[11:19:53.340] [SEVERE ] updating countdown to 46945
[11:19:53.368] [SEVERE ] updating countdown to 46917
[11:19:53.397] [SEVERE ] updating countdown to 46888
[11:19:53.427] [SEVERE ] updating countdown to 46858
[11:19:53.457] [SEVERE ] updating countdown to 46829
[11:19:53.492] [SEVERE ] updating countdown to 46793
[11:19:53.523] [SEVERE ] updating countdown to 46762
[11:19:53.555] [SEVERE ] updating countdown to 46730
[11:19:53.587] [SEVERE ] updating countdown to 46698
[11:19:53.618] [SEVERE ] updating countdown to 46667
[11:19:53.651] [SEVERE ] updating countdown to 46634
[11:19:53.684] [SEVERE ] updating countdown to 46601
[11:19:53.716] [SEVERE ] updating countdown to 46569
[11:19:53.746] [SEVERE ] updating countdown to 46539
[11:19:53.778] [SEVERE ] updating countdown to 46507
[11:19:53.809] [SEVERE ] updating countdown to 46476
[11:19:53.838] [SEVERE ] updating countdown to 46447
[11:19:53.867] [SEVERE ] updating countdown to 46418
[11:19:53.897] [SEVERE ] updating countdown to 46388
[11:19:53.932] [SEVERE ] updating countdown to 46353
[11:19:53.964] [SEVERE ] updating countdown to 46321
[11:19:53.991] [SEVERE ] updating countdown to 46294
[11:19:54.019] [SEVERE ] updating countdown to 46266
[11:19:54.053] [SEVERE ] updating countdown to 46232
[11:19:54.081] [SEVERE ] updating countdown to 46204
[11:19:54.112] [SEVERE ] updating countdown to 46173
[11:19:54.142] [SEVERE ] updating countdown to 46143
[11:19:54.171] [SEVERE ] updating countdown to 46114
[11:19:54.199] [SEVERE ] updating countdown to 46086
[11:19:54.234] [SEVERE ] updating countdown to 46051
[11:19:54.265] [SEVERE ] updating countdown to 46020
[11:19:54.298] [SEVERE ] updating countdown to 45987
[11:19:54.328] [SEVERE ] updating countdown to 45957
[11:19:54.363] [SEVERE ] updating countdown to 45922
[11:19:54.393] [SEVERE ] updating countdown to 45892
[11:19:54.423] [SEVERE ] updating countdown to 45862
[11:19:54.450] [SEVERE ] updating countdown to 45835
[11:19:54.476] [SEVERE ] updating countdown to 45809
[11:19:54.506] [SEVERE ] updating countdown to 45779
[11:19:54.534] [SEVERE ] updating countdown to 45751
[11:19:54.563] [SEVERE ] updating countdown to 45722
[11:19:54.591] [SEVERE ] updating countdown to 45694
[11:19:54.620] [SEVERE ] updating countdown to 45666
[11:19:54.653] [SEVERE ] updating countdown to 45633
[11:19:54.681] [SEVERE ] updating countdown to 45604
[11:19:54.711] [SEVERE ] updating countdown to 45574
[11:19:54.745] [SEVERE ] updating countdown to 45541
[11:19:54.776] [SEVERE ] updating countdown to 45510
[11:19:54.804] [SEVERE ] updating countdown to 45481
[11:19:54.839] [SEVERE ] updating countdown to 45447
[11:19:54.872] [SEVERE ] updating countdown to 45413
[11:19:54.904] [SEVERE ] updating countdown to 45382
[11:19:54.933] [SEVERE ] updating countdown to 45352
[11:19:54.964] [SEVERE ] updating countdown to 45321
[11:19:54.994] [SEVERE ] updating countdown to 45291
[11:19:55.023] [SEVERE ] updating countdown to 45262
[11:19:55.050] [SEVERE ] updating countdown to 45235
[11:19:55.080] [SEVERE ] updating countdown to 45205
[11:19:55.109] [SEVERE ] updating countdown to 45176
[11:19:55.140] [SEVERE ] updating countdown to 45145
[11:19:55.182] [SEVERE ] updating countdown to 45103
[11:19:55.214] [SEVERE ] updating countdown to 45072
[11:19:55.246] [SEVERE ] updating countdown to 45039
[11:19:55.279] [SEVERE ] updating countdown to 45006
[11:19:55.307] [SEVERE ] updating countdown to 44978
[11:19:55.336] [SEVERE ] updating countdown to 44949
[11:19:55.367] [SEVERE ] updating countdown to 44918
[11:19:55.394] [SEVERE ] updating countdown to 44891
[11:19:55.424] [SEVERE ] updating countdown to 44861
[11:19:55.455] [SEVERE ] updating countdown to 44830
[11:19:55.485] [SEVERE ] updating countdown to 44800
[11:19:55.515] [SEVERE ] updating countdown to 44770
[11:19:55.544] [SEVERE ] updating countdown to 44741
[11:19:55.574] [SEVERE ] updating countdown to 44712
[11:19:55.605] [SEVERE ] updating countdown to 44680
[11:19:55.633] [SEVERE ] updating countdown to 44652
[11:19:55.663] [SEVERE ] updating countdown to 44622
[11:19:55.692] [SEVERE ] updating countdown to 44593
[11:19:55.727] [SEVERE ] updating countdown to 44558
[11:19:55.761] [SEVERE ] updating countdown to 44524
[11:19:55.795] [SEVERE ] updating countdown to 44490
[11:19:55.825] [SEVERE ] updating countdown to 44460
[11:19:55.859] [SEVERE ] updating countdown to 44426
[11:19:55.889] [SEVERE ] updating countdown to 44396
[11:19:55.924] [SEVERE ] updating countdown to 44361
[11:19:55.959] [SEVERE ] updating countdown to 44326
[11:19:55.988] [SEVERE ] updating countdown to 44297
[11:19:56.020] [SEVERE ] updating countdown to 44265
[11:19:56.054] [SEVERE ] updating countdown to 44231
[11:19:56.087] [SEVERE ] updating countdown to 44198
[11:19:56.116] [SEVERE ] updating countdown to 44169
[11:19:56.148] [SEVERE ] updating countdown to 44137
[11:19:56.182] [SEVERE ] updating countdown to 44103
[11:19:56.213] [SEVERE ] updating countdown to 44072
[11:19:56.247] [SEVERE ] updating countdown to 44038
[11:19:56.282] [SEVERE ] updating countdown to 44004
[11:19:56.321] [SEVERE ] updating countdown to 43965
[11:19:56.357] [SEVERE ] updating countdown to 43929
[11:19:56.388] [SEVERE ] updating countdown to 43897
[11:19:56.419] [SEVERE ] updating countdown to 43866
[11:19:56.448] [SEVERE ] updating countdown to 43837
[11:19:56.481] [SEVERE ] updating countdown to 43804
[11:19:56.513] [SEVERE ] updating countdown to 43772
[11:19:56.548] [SEVERE ] updating countdown to 43737
[11:19:56.578] [SEVERE ] updating countdown to 43707
[11:19:56.608] [SEVERE ] updating countdown to 43678
[11:19:56.639] [SEVERE ] updating countdown to 43647
[11:19:56.669] [SEVERE ] updating countdown to 43616
[11:19:56.701] [SEVERE ] updating countdown to 43585
[11:19:56.731] [SEVERE ] updating countdown to 43554
[11:19:56.760] [SEVERE ] updating countdown to 43525
[11:19:56.791] [SEVERE ] updating countdown to 43494
[11:19:56.826] [SEVERE ] updating countdown to 43459
[11:19:56.861] [SEVERE ] updating countdown to 43424
[11:19:56.894] [SEVERE ] updating countdown to 43391
[11:19:56.924] [SEVERE ] updating countdown to 43361
[11:19:56.956] [SEVERE ] updating countdown to 43329
[11:19:56.986] [SEVERE ] updating countdown to 43299
[11:19:57.020] [SEVERE ] updating countdown to 43266
[11:19:57.053] [SEVERE ] updating countdown to 43232
[11:19:57.086] [SEVERE ] updating countdown to 43199
[11:19:57.118] [SEVERE ] updating countdown to 43167
[11:19:57.148] [SEVERE ] updating countdown to 43137
[11:19:57.178] [SEVERE ] updating countdown to 43107
[11:19:57.208] [SEVERE ] updating countdown to 43077
[11:19:57.238] [SEVERE ] updating countdown to 43047
[11:19:57.268] [SEVERE ] updating countdown to 43017
[11:19:57.299] [SEVERE ] updating countdown to 42986
[11:19:57.329] [SEVERE ] updating countdown to 42956
[11:19:57.365] [SEVERE ] updating countdown to 42921
[11:19:57.397] [SEVERE ] updating countdown to 42888
[11:19:57.426] [SEVERE ] updating countdown to 42859
[11:19:57.456] [SEVERE ] updating countdown to 42829
[11:19:57.484] [SEVERE ] updating countdown to 42801
[11:19:57.514] [SEVERE ] updating countdown to 42771
[11:19:57.543] [SEVERE ] updating countdown to 42742
[11:19:57.576] [SEVERE ] updating countdown to 42709
[11:19:57.607] [SEVERE ] updating countdown to 42678
[11:19:57.635] [SEVERE ] updating countdown to 42650
[11:19:57.668] [SEVERE ] updating countdown to 42617
[11:19:57.700] [SEVERE ] updating countdown to 42585
[11:19:57.734] [SEVERE ] updating countdown to 42551
[11:19:57.767] [SEVERE ] updating countdown to 42518
[11:19:57.793] [SEVERE ] updating countdown to 42492
[11:19:57.824] [SEVERE ] updating countdown to 42461
[11:19:57.856] [SEVERE ] updating countdown to 42429
[11:19:57.887] [SEVERE ] updating countdown to 42398
[11:19:57.920] [SEVERE ] updating countdown to 42365
[11:19:57.954] [SEVERE ] updating countdown to 42331
[11:19:57.982] [SEVERE ] updating countdown to 42303
[11:19:58.017] [SEVERE ] updating countdown to 42268
[11:19:58.049] [SEVERE ] updating countdown to 42236
[11:19:58.082] [SEVERE ] updating countdown to 42203
[11:19:58.117] [SEVERE ] updating countdown to 42168
[11:19:58.149] [SEVERE ] updating countdown to 42136
[11:19:58.178] [SEVERE ] updating countdown to 42107
[11:19:58.210] [SEVERE ] updating countdown to 42075
[11:19:58.243] [SEVERE ] updating countdown to 42042
[11:19:58.278] [SEVERE ] updating countdown to 42007
[11:19:58.308] [SEVERE ] updating countdown to 41977
[11:19:58.339] [SEVERE ] updating countdown to 41946
[11:19:58.371] [SEVERE ] updating countdown to 41914
[11:19:58.403] [SEVERE ] updating countdown to 41882
[11:19:58.433] [SEVERE ] updating countdown to 41852
[11:19:58.467] [SEVERE ] updating countdown to 41818
[11:19:58.497] [SEVERE ] updating countdown to 41788
[11:19:58.524] [SEVERE ] updating countdown to 41761
[11:19:58.553] [SEVERE ] updating countdown to 41732
[11:19:58.586] [SEVERE ] updating countdown to 41699
[11:19:58.616] [SEVERE ] updating countdown to 41669
[11:19:58.650] [SEVERE ] updating countdown to 41635
[11:19:58.685] [SEVERE ] updating countdown to 41601
[11:19:58.714] [SEVERE ] updating countdown to 41571
[11:19:58.742] [SEVERE ] updating countdown to 41543
[11:19:58.772] [SEVERE ] updating countdown to 41513
[11:19:58.803] [SEVERE ] updating countdown to 41482
[11:19:58.838] [SEVERE ] updating countdown to 41447
[11:19:58.872] [SEVERE ] updating countdown to 41413
[11:19:58.906] [SEVERE ] updating countdown to 41379
[11:19:58.937] [SEVERE ] updating countdown to 41348
[11:19:58.965] [SEVERE ] updating countdown to 41320
[11:19:58.996] [SEVERE ] updating countdown to 41289
[11:19:59.030] [SEVERE ] updating countdown to 41255
[11:19:59.062] [SEVERE ] updating countdown to 41223
[11:19:59.096] [SEVERE ] updating countdown to 41189
[11:19:59.130] [SEVERE ] updating countdown to 41155
[11:19:59.158] [SEVERE ] updating countdown to 41127
[11:19:59.187] [SEVERE ] updating countdown to 41098
[11:19:59.222] [SEVERE ] updating countdown to 41063
[11:19:59.255] [SEVERE ] updating countdown to 41030
[11:19:59.284] [SEVERE ] updating countdown to 41001
[11:19:59.316] [SEVERE ] updating countdown to 40969
[11:19:59.344] [SEVERE ] updating countdown to 40941
[11:19:59.379] [SEVERE ] updating countdown to 40906
[11:19:59.410] [SEVERE ] updating countdown to 40875
[11:19:59.441] [SEVERE ] updating countdown to 40844
[11:19:59.471] [SEVERE ] updating countdown to 40814
[11:19:59.506] [SEVERE ] updating countdown to 40779
[11:19:59.536] [SEVERE ] updating countdown to 40749
[11:19:59.568] [SEVERE ] updating countdown to 40717
[11:19:59.603] [SEVERE ] updating countdown to 40682
[11:19:59.637] [SEVERE ] updating countdown to 40648
[11:19:59.671] [SEVERE ] updating countdown to 40614
[11:19:59.701] [SEVERE ] updating countdown to 40584
[11:19:59.736] [SEVERE ] updating countdown to 40549
[11:19:59.765] [SEVERE ] updating countdown to 40520
[11:19:59.794] [SEVERE ] updating countdown to 40491
[11:19:59.823] [SEVERE ] updating countdown to 40462
[11:19:59.850] [SEVERE ] updating countdown to 40435
[11:19:59.880] [SEVERE ] updating countdown to 40405
[11:19:59.908] [SEVERE ] updating countdown to 40377
[11:19:59.936] [SEVERE ] updating countdown to 40349
[11:19:59.964] [SEVERE ] updating countdown to 40321
[11:19:59.995] [SEVERE ] updating countdown to 40290
[11:20:00.024] [SEVERE ] updating countdown to 40261
[11:20:00.053] [SEVERE ] updating countdown to 40233
[11:20:00.080] [SEVERE ] updating countdown to 40205
[11:20:00.109] [SEVERE ] updating countdown to 40176
[11:20:00.138] [SEVERE ] updating countdown to 40147
[11:20:00.170] [SEVERE ] updating countdown to 40115
[11:20:00.203] [SEVERE ] updating countdown to 40082
[11:20:00.233] [SEVERE ] updating countdown to 40052
[11:20:00.260] [SEVERE ] updating countdown to 40025
[11:20:00.289] [SEVERE ] updating countdown to 39996
[11:20:00.316] [SEVERE ] updating countdown to 39969
[11:20:00.346] [SEVERE ] updating countdown to 39939
[11:20:00.374] [SEVERE ] updating countdown to 39911
[11:20:00.404] [SEVERE ] updating countdown to 39881
[11:20:00.432] [SEVERE ] updating countdown to 39853
[11:20:00.463] [SEVERE ] updating countdown to 39822
[11:20:00.497] [SEVERE ] updating countdown to 39788
[11:20:00.530] [SEVERE ] updating countdown to 39755
[11:20:00.559] [SEVERE ] updating countdown to 39726
[11:20:00.592] [SEVERE ] updating countdown to 39694
[11:20:00.622] [SEVERE ] updating countdown to 39663
[11:20:00.651] [SEVERE ] updating countdown to 39634
[11:20:00.682] [SEVERE ] updating countdown to 39603
[11:20:00.712] [SEVERE ] updating countdown to 39573
[11:20:00.741] [SEVERE ] updating countdown to 39544
[11:20:00.771] [SEVERE ] updating countdown to 39514
[11:20:00.801] [SEVERE ] updating countdown to 39484
[11:20:00.831] [SEVERE ] updating countdown to 39454
[11:20:00.863] [SEVERE ] updating countdown to 39422
[11:20:00.893] [SEVERE ] updating countdown to 39392
[11:20:00.924] [SEVERE ] updating countdown to 39361
[11:20:00.955] [SEVERE ] updating countdown to 39331
[11:20:00.984] [SEVERE ] updating countdown to 39301
[11:20:01.016] [SEVERE ] updating countdown to 39269
[11:20:01.046] [SEVERE ] updating countdown to 39239
[11:20:01.079] [SEVERE ] updating countdown to 39206
[11:20:01.112] [SEVERE ] updating countdown to 39173
[11:20:01.140] [SEVERE ] updating countdown to 39145
[11:20:01.168] [SEVERE ] updating countdown to 39117
[11:20:01.195] [SEVERE ] updating countdown to 39090
[11:20:01.224] [SEVERE ] updating countdown to 39061
[11:20:01.259] [SEVERE ] updating countdown to 39026
[11:20:01.288] [SEVERE ] updating countdown to 38997
[11:20:01.320] [SEVERE ] updating countdown to 38965
[11:20:01.352] [SEVERE ] updating countdown to 38933
[11:20:01.384] [SEVERE ] updating countdown to 38901
[11:20:01.413] [SEVERE ] updating countdown to 38872
[11:20:01.444] [SEVERE ] updating countdown to 38841
[11:20:01.473] [SEVERE ] updating countdown to 38812
[11:20:01.503] [SEVERE ] updating countdown to 38782
[11:20:01.537] [SEVERE ] updating countdown to 38748
[11:20:01.571] [SEVERE ] updating countdown to 38714
[11:20:01.600] [SEVERE ] updating countdown to 38685
[11:20:01.630] [SEVERE ] updating countdown to 38655
[11:20:01.663] [SEVERE ] updating countdown to 38622
[11:20:01.692] [SEVERE ] updating countdown to 38593
[11:20:01.723] [SEVERE ] updating countdown to 38562
[11:20:01.754] [SEVERE ] updating countdown to 38531
[11:20:01.786] [SEVERE ] updating countdown to 38499
[11:20:01.820] [SEVERE ] updating countdown to 38465
[11:20:01.852] [SEVERE ] updating countdown to 38433
[11:20:01.881] [SEVERE ] updating countdown to 38404
[11:20:01.911] [SEVERE ] updating countdown to 38374
[11:20:01.939] [SEVERE ] updating countdown to 38347
[11:20:01.941] [SEVERE ] key 81 was pressed by player 1
[11:20:01.968] [SEVERE ] updating countdown to 38317
[11:20:01.997] [SEVERE ] updating countdown to 38288
[11:20:02.027] [SEVERE ] updating countdown to 38258
[11:20:02.058] [SEVERE ] updating countdown to 38227
[11:20:02.093] [SEVERE ] updating countdown to 38192
[11:20:02.219] [SEVERE ] updating countdown to 38066
[11:20:02.250] [SEVERE ] updating countdown to 38035
[11:20:02.283] [SEVERE ] updating countdown to 38003
[11:20:02.319] [SEVERE ] updating countdown to 37966
[11:20:02.352] [SEVERE ] updating countdown to 37933
[11:20:02.383] [SEVERE ] updating countdown to 37902
[11:20:02.418] [SEVERE ] updating countdown to 37867
[11:20:02.450] [SEVERE ] updating countdown to 37835
[11:20:02.480] [SEVERE ] updating countdown to 37806
[11:20:02.512] [SEVERE ] updating countdown to 37773
[11:20:02.544] [SEVERE ] updating countdown to 37741
[11:20:02.575] [SEVERE ] updating countdown to 37710
[11:20:02.608] [SEVERE ] updating countdown to 37677
[11:20:02.636] [SEVERE ] updating countdown to 37649
[11:20:02.667] [SEVERE ] updating countdown to 37618
[11:20:02.698] [SEVERE ] updating countdown to 37587
[11:20:02.732] [SEVERE ] updating countdown to 37553
[11:20:02.762] [SEVERE ] updating countdown to 37523
[11:20:02.795] [SEVERE ] updating countdown to 37490
[11:20:02.838] [SEVERE ] updating countdown to 37447
[11:20:02.869] [SEVERE ] updating countdown to 37416
[11:20:02.902] [SEVERE ] updating countdown to 37383
[11:20:02.937] [SEVERE ] updating countdown to 37349
[11:20:02.967] [SEVERE ] updating countdown to 37318
[11:20:03.000] [SEVERE ] updating countdown to 37285
[11:20:03.036] [SEVERE ] updating countdown to 37249
[11:20:03.067] [SEVERE ] updating countdown to 37218
[11:20:03.096] [SEVERE ] updating countdown to 37189
[11:20:03.127] [SEVERE ] updating countdown to 37158
[11:20:03.161] [SEVERE ] updating countdown to 37125
[11:20:03.190] [SEVERE ] updating countdown to 37095
[11:20:03.222] [SEVERE ] updating countdown to 37063
[11:20:03.257] [SEVERE ] updating countdown to 37028
[11:20:03.292] [SEVERE ] updating countdown to 36993
[11:20:03.322] [SEVERE ] updating countdown to 36963
[11:20:03.357] [SEVERE ] updating countdown to 36928
[11:20:03.387] [SEVERE ] updating countdown to 36898
[11:20:03.422] [SEVERE ] updating countdown to 36863
[11:20:03.453] [SEVERE ] updating countdown to 36832
[11:20:03.483] [SEVERE ] updating countdown to 36803
[11:20:03.519] [SEVERE ] updating countdown to 36767
[11:20:03.554] [SEVERE ] updating countdown to 36731
[11:20:03.588] [SEVERE ] updating countdown to 36697
[11:20:03.617] [SEVERE ] updating countdown to 36668
[11:20:03.652] [SEVERE ] updating countdown to 36633
[11:20:03.687] [SEVERE ] updating countdown to 36598
[11:20:03.722] [SEVERE ] updating countdown to 36564
[11:20:03.756] [SEVERE ] updating countdown to 36529
[11:20:03.791] [SEVERE ] updating countdown to 36494
[11:20:03.823] [SEVERE ] updating countdown to 36462
[11:20:03.858] [SEVERE ] updating countdown to 36427
[11:20:03.887] [SEVERE ] updating countdown to 36398
[11:20:03.917] [SEVERE ] updating countdown to 36368
[11:20:03.946] [SEVERE ] updating countdown to 36339
[11:20:03.975] [SEVERE ] updating countdown to 36310
[11:20:04.004] [SEVERE ] updating countdown to 36281
[11:20:04.034] [SEVERE ] updating countdown to 36251
[11:20:04.067] [SEVERE ] updating countdown to 36218
[11:20:04.096] [SEVERE ] updating countdown to 36189
[11:20:04.126] [SEVERE ] updating countdown to 36159
[11:20:04.157] [SEVERE ] updating countdown to 36128
[11:20:04.188] [SEVERE ] updating countdown to 36097
[11:20:04.217] [SEVERE ] updating countdown to 36068
[11:20:04.249] [SEVERE ] updating countdown to 36036
[11:20:04.283] [SEVERE ] updating countdown to 36002
[11:20:04.315] [SEVERE ] updating countdown to 35970
[11:20:04.345] [SEVERE ] updating countdown to 35940
[11:20:04.380] [SEVERE ] updating countdown to 35905
[11:20:04.414] [SEVERE ] updating countdown to 35871
[11:20:04.445] [SEVERE ] updating countdown to 35840
[11:20:04.474] [SEVERE ] updating countdown to 35811
[11:20:04.503] [SEVERE ] updating countdown to 35782
[11:20:04.533] [SEVERE ] updating countdown to 35752
[11:20:04.566] [SEVERE ] updating countdown to 35720
[11:20:04.594] [SEVERE ] updating countdown to 35691
[11:20:04.625] [SEVERE ] updating countdown to 35660
[11:20:04.655] [SEVERE ] updating countdown to 35630
[11:20:04.686] [SEVERE ] updating countdown to 35599
[11:20:04.714] [SEVERE ] updating countdown to 35571
[11:20:04.745] [SEVERE ] updating countdown to 35540
[11:20:04.779] [SEVERE ] updating countdown to 35506
[11:20:04.812] [SEVERE ] updating countdown to 35473
[11:20:04.845] [SEVERE ] updating countdown to 35440
[11:20:04.873] [SEVERE ] updating countdown to 35412
[11:20:04.903] [SEVERE ] updating countdown to 35382
[11:20:04.936] [SEVERE ] updating countdown to 35349
[11:20:04.966] [SEVERE ] updating countdown to 35319
[11:20:04.997] [SEVERE ] updating countdown to 35288
[11:20:05.032] [SEVERE ] updating countdown to 35253
[11:20:05.062] [SEVERE ] updating countdown to 35223
[11:20:05.092] [SEVERE ] updating countdown to 35193
[11:20:05.127] [SEVERE ] updating countdown to 35158
[11:20:05.157] [SEVERE ] updating countdown to 35128
[11:20:05.191] [SEVERE ] updating countdown to 35094
[11:20:05.222] [SEVERE ] updating countdown to 35063
[11:20:05.256] [SEVERE ] updating countdown to 35029
[11:20:05.291] [SEVERE ] updating countdown to 34994
[11:20:05.325] [SEVERE ] updating countdown to 34960
[11:20:05.358] [SEVERE ] updating countdown to 34927
[11:20:05.388] [SEVERE ] updating countdown to 34897
[11:20:05.422] [SEVERE ] updating countdown to 34863
[11:20:05.456] [SEVERE ] updating countdown to 34829
[11:20:05.487] [SEVERE ] updating countdown to 34798
[11:20:05.521] [SEVERE ] updating countdown to 34764
[11:20:05.554] [SEVERE ] updating countdown to 34732
[11:20:05.587] [SEVERE ] updating countdown to 34698
[11:20:05.622] [SEVERE ] updating countdown to 34664
[11:20:05.657] [SEVERE ] updating countdown to 34629
[11:20:05.687] [SEVERE ] updating countdown to 34598
[11:20:05.722] [SEVERE ] updating countdown to 34563
[11:20:05.757] [SEVERE ] updating countdown to 34528
[11:20:05.791] [SEVERE ] updating countdown to 34494
[11:20:05.825] [SEVERE ] updating countdown to 34460
[11:20:05.858] [SEVERE ] updating countdown to 34427
[11:20:05.893] [SEVERE ] updating countdown to 34392
[11:20:05.928] [SEVERE ] updating countdown to 34357
[11:20:05.963] [SEVERE ] updating countdown to 34322
[11:20:05.996] [SEVERE ] updating countdown to 34289
[11:20:06.030] [SEVERE ] updating countdown to 34255
[11:20:06.059] [SEVERE ] updating countdown to 34226
[11:20:06.091] [SEVERE ] updating countdown to 34194
[11:20:06.122] [SEVERE ] updating countdown to 34163
[11:20:06.158] [SEVERE ] updating countdown to 34128
[11:20:06.187] [SEVERE ] updating countdown to 34098
[11:20:06.216] [SEVERE ] updating countdown to 34069
[11:20:06.250] [SEVERE ] updating countdown to 34035
[11:20:06.278] [SEVERE ] updating countdown to 34007
[11:20:06.307] [SEVERE ] updating countdown to 33978
[11:20:06.339] [SEVERE ] updating countdown to 33947
[11:20:06.368] [SEVERE ] updating countdown to 33917
[11:20:06.399] [SEVERE ] updating countdown to 33886
[11:20:06.434] [SEVERE ] updating countdown to 33851
[11:20:06.469] [SEVERE ] updating countdown to 33816
[11:20:06.504] [SEVERE ] updating countdown to 33781
[11:20:06.534] [SEVERE ] updating countdown to 33751
[11:20:06.563] [SEVERE ] updating countdown to 33722
[11:20:06.594] [SEVERE ] updating countdown to 33691
[11:20:06.624] [SEVERE ] updating countdown to 33661
[11:20:06.654] [SEVERE ] updating countdown to 33631
[11:20:06.685] [SEVERE ] updating countdown to 33600
[11:20:06.716] [SEVERE ] updating countdown to 33569
[11:20:06.745] [SEVERE ] updating countdown to 33540
[11:20:06.775] [SEVERE ] updating countdown to 33510
[11:20:06.802] [SEVERE ] updating countdown to 33483
[11:20:06.832] [SEVERE ] updating countdown to 33453
[11:20:06.862] [SEVERE ] updating countdown to 33423
[11:20:06.894] [SEVERE ] updating countdown to 33391
[11:20:06.927] [SEVERE ] updating countdown to 33358
[11:20:06.959] [SEVERE ] updating countdown to 33326
[11:20:06.989] [SEVERE ] updating countdown to 33297
[11:20:07.023] [SEVERE ] updating countdown to 33262
[11:20:07.052] [SEVERE ] updating countdown to 33233
[11:20:07.088] [SEVERE ] updating countdown to 33197
[11:20:07.123] [SEVERE ] updating countdown to 33163
[11:20:07.153] [SEVERE ] updating countdown to 33132
[11:20:07.183] [SEVERE ] updating countdown to 33102
[11:20:07.217] [SEVERE ] updating countdown to 33068
[11:20:07.251] [SEVERE ] updating countdown to 33035
[11:20:07.283] [SEVERE ] updating countdown to 33002
[11:20:07.316] [SEVERE ] updating countdown to 32969
[11:20:07.351] [SEVERE ] updating countdown to 32934
[11:20:07.385] [SEVERE ] updating countdown to 32900
[11:20:07.419] [SEVERE ] updating countdown to 32866
[11:20:07.453] [SEVERE ] updating countdown to 32832
[11:20:07.488] [SEVERE ] updating countdown to 32797
[11:20:07.522] [SEVERE ] updating countdown to 32763
[11:20:07.555] [SEVERE ] updating countdown to 32730
[11:20:07.587] [SEVERE ] updating countdown to 32698
[11:20:07.622] [SEVERE ] updating countdown to 32663
[11:20:07.652] [SEVERE ] updating countdown to 32633
[11:20:07.684] [SEVERE ] updating countdown to 32601
[11:20:07.717] [SEVERE ] updating countdown to 32568
[11:20:07.750] [SEVERE ] updating countdown to 32535
[11:20:07.781] [SEVERE ] updating countdown to 32504
[11:20:07.816] [SEVERE ] updating countdown to 32469
[11:20:07.851] [SEVERE ] updating countdown to 32434
[11:20:07.881] [SEVERE ] updating countdown to 32404
[11:20:07.912] [SEVERE ] updating countdown to 32373
[11:20:07.947] [SEVERE ] updating countdown to 32338
[11:20:07.982] [SEVERE ] updating countdown to 32303
[11:20:08.015] [SEVERE ] updating countdown to 32271
[11:20:08.049] [SEVERE ] updating countdown to 32236
[11:20:08.084] [SEVERE ] updating countdown to 32201
[11:20:08.118] [SEVERE ] updating countdown to 32167
[11:20:08.153] [SEVERE ] updating countdown to 32132
[11:20:08.188] [SEVERE ] updating countdown to 32097
[11:20:08.222] [SEVERE ] updating countdown to 32063
[11:20:08.254] [SEVERE ] updating countdown to 32031
[11:20:08.289] [SEVERE ] updating countdown to 31997
[11:20:08.318] [SEVERE ] updating countdown to 31967
[11:20:08.349] [SEVERE ] updating countdown to 31936
[11:20:08.379] [SEVERE ] updating countdown to 31906
[11:20:08.409] [SEVERE ] updating countdown to 31876
[11:20:08.444] [SEVERE ] updating countdown to 31841
[11:20:08.479] [SEVERE ] updating countdown to 31806
[11:20:08.512] [SEVERE ] updating countdown to 31773
[11:20:08.547] [SEVERE ] updating countdown to 31739
[11:20:08.581] [SEVERE ] updating countdown to 31704
[11:20:08.617] [SEVERE ] updating countdown to 31669
[11:20:08.647] [SEVERE ] updating countdown to 31638
[11:20:08.678] [SEVERE ] updating countdown to 31607
[11:20:08.706] [SEVERE ] updating countdown to 31579
[11:20:08.741] [SEVERE ] updating countdown to 31544
[11:20:08.771] [SEVERE ] updating countdown to 31514
[11:20:08.799] [SEVERE ] updating countdown to 31486
[11:20:08.829] [SEVERE ] updating countdown to 31456
[11:20:08.862] [SEVERE ] updating countdown to 31423
[11:20:08.897] [SEVERE ] updating countdown to 31388
[11:20:08.927] [SEVERE ] updating countdown to 31358
[11:20:08.958] [SEVERE ] updating countdown to 31327
[11:20:08.992] [SEVERE ] updating countdown to 31293
[11:20:09.028] [SEVERE ] updating countdown to 31258
[11:20:09.060] [SEVERE ] updating countdown to 31225
[11:20:09.091] [SEVERE ] updating countdown to 31194
[11:20:09.126] [SEVERE ] updating countdown to 31159
[11:20:09.161] [SEVERE ] updating countdown to 31124
[11:20:09.191] [SEVERE ] updating countdown to 31094
[11:20:09.223] [SEVERE ] updating countdown to 31062
[11:20:09.258] [SEVERE ] updating countdown to 31027
[11:20:09.293] [SEVERE ] updating countdown to 30992
[11:20:09.322] [SEVERE ] updating countdown to 30963
[11:20:09.356] [SEVERE ] updating countdown to 30930
[11:20:09.387] [SEVERE ] updating countdown to 30898
[11:20:09.421] [SEVERE ] updating countdown to 30864
[11:20:09.451] [SEVERE ] updating countdown to 30834
[11:20:09.486] [SEVERE ] updating countdown to 30799
[11:20:09.520] [SEVERE ] updating countdown to 30765
[11:20:09.555] [SEVERE ] updating countdown to 30731
[11:20:09.587] [SEVERE ] updating countdown to 30698
[11:20:09.621] [SEVERE ] updating countdown to 30664
[11:20:09.655] [SEVERE ] updating countdown to 30630
[11:20:09.685] [SEVERE ] updating countdown to 30600
[11:20:09.714] [SEVERE ] updating countdown to 30571
[11:20:09.745] [SEVERE ] updating countdown to 30540
[11:20:09.778] [SEVERE ] updating countdown to 30507
[11:20:09.813] [SEVERE ] updating countdown to 30472
[11:20:09.846] [SEVERE ] updating countdown to 30440
[11:20:09.880] [SEVERE ] updating countdown to 30405
[11:20:09.915] [SEVERE ] updating countdown to 30370
[11:20:09.946] [SEVERE ] updating countdown to 30339
[11:20:09.977] [SEVERE ] updating countdown to 30308
[11:20:10.008] [SEVERE ] updating countdown to 30277
[11:20:10.043] [SEVERE ] updating countdown to 30242
[11:20:10.077] [SEVERE ] updating countdown to 30208
[11:20:10.110] [SEVERE ] updating countdown to 30175
[11:20:10.140] [SEVERE ] updating countdown to 30145
[11:20:10.175] [SEVERE ] updating countdown to 30110
[11:20:10.207] [SEVERE ] updating countdown to 30079
[11:20:10.235] [SEVERE ] updating countdown to 30050
[11:20:10.267] [SEVERE ] updating countdown to 30018
[11:20:10.301] [SEVERE ] updating countdown to 29984
[11:20:10.334] [SEVERE ] updating countdown to 29951
[11:20:10.369] [SEVERE ] updating countdown to 29917
[11:20:10.399] [SEVERE ] updating countdown to 29886
[11:20:10.433] [SEVERE ] updating countdown to 29852
[11:20:10.466] [SEVERE ] updating countdown to 29819
[11:20:10.499] [SEVERE ] updating countdown to 29786
[11:20:10.531] [SEVERE ] updating countdown to 29754
[11:20:10.562] [SEVERE ] updating countdown to 29723
[11:20:10.593] [SEVERE ] updating countdown to 29692
[11:20:10.626] [SEVERE ] updating countdown to 29659
[11:20:10.654] [SEVERE ] updating countdown to 29631
[11:20:10.689] [SEVERE ] updating countdown to 29596
[11:20:10.717] [SEVERE ] updating countdown to 29568
[11:20:10.746] [SEVERE ] updating countdown to 29539
[11:20:10.775] [SEVERE ] updating countdown to 29510
[11:20:10.807] [SEVERE ] updating countdown to 29478
[11:20:10.842] [SEVERE ] updating countdown to 29444
[11:20:10.873] [SEVERE ] updating countdown to 29412
[11:20:10.908] [SEVERE ] updating countdown to 29377
[11:20:10.943] [SEVERE ] updating countdown to 29342
[11:20:10.973] [SEVERE ] updating countdown to 29312
[11:20:11.002] [SEVERE ] updating countdown to 29283
[11:20:11.037] [SEVERE ] updating countdown to 29248
[11:20:11.068] [SEVERE ] updating countdown to 29217
[11:20:11.099] [SEVERE ] updating countdown to 29186
[11:20:11.128] [SEVERE ] updating countdown to 29157
[11:20:11.161] [SEVERE ] updating countdown to 29124
[11:20:11.191] [SEVERE ] updating countdown to 29094
[11:20:11.219] [SEVERE ] updating countdown to 29066
[11:20:11.254] [SEVERE ] updating countdown to 29031
[11:20:11.289] [SEVERE ] updating countdown to 28996
[11:20:11.319] [SEVERE ] updating countdown to 28966
[11:20:11.348] [SEVERE ] updating countdown to 28937
[11:20:11.379] [SEVERE ] updating countdown to 28906
[11:20:11.409] [SEVERE ] updating countdown to 28876
[11:20:11.443] [SEVERE ] updating countdown to 28842
[11:20:11.474] [SEVERE ] updating countdown to 28811
[11:20:11.509] [SEVERE ] updating countdown to 28776
[11:20:11.544] [SEVERE ] updating countdown to 28741
[11:20:11.577] [SEVERE ] updating countdown to 28708
[11:20:11.607] [SEVERE ] updating countdown to 28678
[11:20:11.638] [SEVERE ] updating countdown to 28648
[11:20:11.667] [SEVERE ] updating countdown to 28618
[11:20:11.696] [SEVERE ] updating countdown to 28589
[11:20:11.725] [SEVERE ] updating countdown to 28560
[11:20:11.755] [SEVERE ] updating countdown to 28530
[11:20:11.790] [SEVERE ] updating countdown to 28495
[11:20:11.822] [SEVERE ] updating countdown to 28463
[11:20:11.853] [SEVERE ] updating countdown to 28433
[11:20:11.886] [SEVERE ] updating countdown to 28400
[11:20:11.916] [SEVERE ] updating countdown to 28369
[11:20:11.946] [SEVERE ] updating countdown to 28340
[11:20:11.979] [SEVERE ] updating countdown to 28307
[11:20:12.015] [SEVERE ] updating countdown to 28270
[11:20:12.049] [SEVERE ] updating countdown to 28236
[11:20:12.081] [SEVERE ] updating countdown to 28204
[11:20:12.115] [SEVERE ] updating countdown to 28170
[11:20:12.147] [SEVERE ] updating countdown to 28138
[11:20:12.178] [SEVERE ] updating countdown to 28107
[11:20:12.213] [SEVERE ] updating countdown to 28072
[11:20:12.243] [SEVERE ] updating countdown to 28042
[11:20:12.275] [SEVERE ] updating countdown to 28010
[11:20:12.306] [SEVERE ] updating countdown to 27979
[11:20:12.335] [SEVERE ] updating countdown to 27950
[11:20:12.368] [SEVERE ] updating countdown to 27917
[11:20:12.402] [SEVERE ] updating countdown to 27884
[11:20:12.436] [SEVERE ] updating countdown to 27850
[11:20:12.468] [SEVERE ] updating countdown to 27818
[11:20:12.498] [SEVERE ] updating countdown to 27787
[11:20:12.533] [SEVERE ] updating countdown to 27752
[11:20:12.568] [SEVERE ] updating countdown to 27717
[11:20:12.599] [SEVERE ] updating countdown to 27686
[11:20:12.631] [SEVERE ] updating countdown to 27654
[11:20:12.667] [SEVERE ] updating countdown to 27619
[11:20:12.696] [SEVERE ] updating countdown to 27589
[11:20:12.732] [SEVERE ] updating countdown to 27553
[11:20:12.759] [SEVERE ] updating countdown to 27526
[11:20:12.787] [SEVERE ] updating countdown to 27498
[11:20:12.816] [SEVERE ] updating countdown to 27469
[11:20:12.850] [SEVERE ] updating countdown to 27435
[11:20:12.880] [SEVERE ] updating countdown to 27405
[11:20:12.914] [SEVERE ] updating countdown to 27371
[11:20:12.944] [SEVERE ] updating countdown to 27341
[11:20:12.979] [SEVERE ] updating countdown to 27306
[11:20:13.009] [SEVERE ] updating countdown to 27276
[11:20:13.040] [SEVERE ] updating countdown to 27245
[11:20:13.070] [SEVERE ] updating countdown to 27215
[11:20:13.104] [SEVERE ] updating countdown to 27181
[11:20:13.138] [SEVERE ] updating countdown to 27147
[11:20:13.169] [SEVERE ] updating countdown to 27116
[11:20:13.203] [SEVERE ] updating countdown to 27082
[11:20:13.234] [SEVERE ] updating countdown to 27051
[11:20:13.266] [SEVERE ] updating countdown to 27019
[11:20:13.299] [SEVERE ] updating countdown to 26987
[11:20:13.333] [SEVERE ] updating countdown to 26952
[11:20:13.368] [SEVERE ] updating countdown to 26917
[11:20:13.403] [SEVERE ] updating countdown to 26882
[11:20:13.434] [SEVERE ] updating countdown to 26851
[11:20:13.463] [SEVERE ] updating countdown to 26822
[11:20:13.498] [SEVERE ] updating countdown to 26788
[11:20:13.533] [SEVERE ] updating countdown to 26753
[11:20:13.566] [SEVERE ] updating countdown to 26719
[11:20:13.598] [SEVERE ] updating countdown to 26688
[11:20:13.630] [SEVERE ] updating countdown to 26655
[11:20:13.666] [SEVERE ] updating countdown to 26620
[11:20:13.700] [SEVERE ] updating countdown to 26585
[11:20:13.735] [SEVERE ] updating countdown to 26550
[11:20:13.769] [SEVERE ] updating countdown to 26516
[11:20:13.803] [SEVERE ] updating countdown to 26482
[11:20:13.836] [SEVERE ] updating countdown to 26449
[11:20:13.867] [SEVERE ] updating countdown to 26418
[11:20:13.896] [SEVERE ] updating countdown to 26389
[11:20:13.929] [SEVERE ] updating countdown to 26356
[11:20:13.960] [SEVERE ] updating countdown to 26326
[11:20:13.990] [SEVERE ] updating countdown to 26296
[11:20:14.024] [SEVERE ] updating countdown to 26261
[11:20:14.053] [SEVERE ] updating countdown to 26232
[11:20:14.083] [SEVERE ] updating countdown to 26202
[11:20:14.115] [SEVERE ] updating countdown to 26170
[11:20:14.148] [SEVERE ] updating countdown to 26137
[11:20:14.176] [SEVERE ] updating countdown to 26109
[11:20:14.205] [SEVERE ] updating countdown to 26080
[11:20:14.236] [SEVERE ] updating countdown to 26049
[11:20:14.266] [SEVERE ] updating countdown to 26019
[11:20:14.299] [SEVERE ] updating countdown to 25987
[11:20:14.333] [SEVERE ] updating countdown to 25952
[11:20:14.363] [SEVERE ] updating countdown to 25922
[11:20:14.392] [SEVERE ] updating countdown to 25893
[11:20:14.427] [SEVERE ] updating countdown to 25859
[11:20:14.457] [SEVERE ] updating countdown to 25828
[11:20:14.486] [SEVERE ] updating countdown to 25800
[11:20:14.516] [SEVERE ] updating countdown to 25769
[11:20:14.548] [SEVERE ] updating countdown to 25738
[11:20:14.579] [SEVERE ] updating countdown to 25706
[11:20:14.615] [SEVERE ] updating countdown to 25670
[11:20:14.645] [SEVERE ] updating countdown to 25640
[11:20:14.694] [SEVERE ] updating countdown to 25592
[11:20:14.722] [SEVERE ] updating countdown to 25563
[11:20:14.757] [SEVERE ] updating countdown to 25528
[11:20:14.787] [SEVERE ] updating countdown to 25499
[11:20:14.817] [SEVERE ] updating countdown to 25468
[11:20:14.849] [SEVERE ] updating countdown to 25437
[11:20:14.879] [SEVERE ] updating countdown to 25406
[11:20:14.909] [SEVERE ] updating countdown to 25377
[11:20:14.940] [SEVERE ] updating countdown to 25345
[11:20:14.971] [SEVERE ] updating countdown to 25315
[11:20:15.004] [SEVERE ] updating countdown to 25281
[11:20:15.034] [SEVERE ] updating countdown to 25251
[11:20:15.064] [SEVERE ] updating countdown to 25222
[11:20:15.098] [SEVERE ] updating countdown to 25187
[11:20:15.128] [SEVERE ] updating countdown to 25158
[11:20:15.162] [SEVERE ] updating countdown to 25123
[11:20:15.192] [SEVERE ] updating countdown to 25093
[11:20:15.222] [SEVERE ] updating countdown to 25063
[11:20:15.256] [SEVERE ] updating countdown to 25029
[11:20:15.291] [SEVERE ] updating countdown to 24994
[11:20:15.321] [SEVERE ] updating countdown to 24964
[11:20:15.356] [SEVERE ] updating countdown to 24929
[11:20:15.388] [SEVERE ] updating countdown to 24897
[11:20:15.423] [SEVERE ] updating countdown to 24862
[11:20:15.457] [SEVERE ] updating countdown to 24828
[11:20:15.486] [SEVERE ] updating countdown to 24799
[11:20:15.521] [SEVERE ] updating countdown to 24764
[11:20:15.556] [SEVERE ] updating countdown to 24729
[11:20:15.589] [SEVERE ] updating countdown to 24696
[11:20:15.620] [SEVERE ] updating countdown to 24665
[11:20:15.653] [SEVERE ] updating countdown to 24632
[11:20:15.684] [SEVERE ] updating countdown to 24602
[11:20:15.715] [SEVERE ] updating countdown to 24570
[11:20:15.750] [SEVERE ] updating countdown to 24535
[11:20:15.783] [SEVERE ] updating countdown to 24502
[11:20:15.812] [SEVERE ] updating countdown to 24473
[11:20:15.844] [SEVERE ] updating countdown to 24441
[11:20:15.874] [SEVERE ] updating countdown to 24411
[11:20:15.905] [SEVERE ] updating countdown to 24380
[11:20:15.940] [SEVERE ] updating countdown to 24345
[11:20:15.968] [SEVERE ] updating countdown to 24317
[11:20:15.997] [SEVERE ] updating countdown to 24288
[11:20:16.032] [SEVERE ] updating countdown to 24253
[11:20:16.067] [SEVERE ] updating countdown to 24218
[11:20:16.102] [SEVERE ] updating countdown to 24183
[11:20:16.137] [SEVERE ] updating countdown to 24148
[11:20:16.169] [SEVERE ] updating countdown to 24116
[11:20:16.199] [SEVERE ] updating countdown to 24086
[11:20:16.234] [SEVERE ] updating countdown to 24051
[11:20:16.269] [SEVERE ] updating countdown to 24016
[11:20:16.302] [SEVERE ] updating countdown to 23983
[11:20:16.331] [SEVERE ] updating countdown to 23954
[11:20:16.366] [SEVERE ] updating countdown to 23919
[11:20:16.400] [SEVERE ] updating countdown to 23885
[11:20:16.430] [SEVERE ] updating countdown to 23855
[11:20:16.464] [SEVERE ] updating countdown to 23821
[11:20:16.494] [SEVERE ] updating countdown to 23791
[11:20:16.525] [SEVERE ] updating countdown to 23760
[11:20:16.555] [SEVERE ] updating countdown to 23730
[11:20:47.750] [SEVERE ] player 1 placing token on slot 0
