[10:44:39.707] [INFO   ] thread main starting.
[10:44:39.711] [SEVERE ] cannot read configuration file config.properties trying from resources.
[10:44:39.712] [SEVERE ] configuration file was loaded from resources directory.
[10:44:40.053] [INFO   ] thread dealer starting.
[10:44:40.054] [INFO   ] thread playerID: 0 starting.
[10:44:40.054] [INFO   ] thread playerID: 1 starting.
[10:44:40.054] [INFO   ] thread dealer starting.
[10:44:40.058] [SEVERE ] updating countdown to 60000
[10:44:40.161] [SEVERE ] placing card 5 in slot 9
[10:44:40.262] [SEVERE ] placing card 71 in slot 11
[10:44:40.362] [SEVERE ] placing card 46 in slot 6
[10:44:40.463] [SEVERE ] placing card 78 in slot 2
[10:44:40.565] [SEVERE ] placing card 51 in slot 5
[10:44:40.667] [SEVERE ] placing card 53 in slot 10
[10:44:40.768] [SEVERE ] placing card 68 in slot 7
[10:44:40.868] [SEVERE ] placing card 79 in slot 1
[10:44:40.969] [SEVERE ] placing card 22 in slot 4
[10:44:41.073] [SEVERE ] placing card 73 in slot 3
[10:44:41.176] [SEVERE ] placing card 34 in slot 8
[10:44:41.278] [SEVERE ] placing card 0 in slot 0
[10:44:41.299] [SEVERE ] updating countdown to 58759
[10:44:41.326] [SEVERE ] updating countdown to 58732
[10:44:41.352] [SEVERE ] updating countdown to 58706
[10:44:41.375] [SEVERE ] updating countdown to 58683
[10:44:41.399] [SEVERE ] updating countdown to 58659
[10:44:41.420] [SEVERE ] updating countdown to 58638
[10:44:41.444] [SEVERE ] updating countdown to 58614
[10:44:41.465] [SEVERE ] updating countdown to 58593
[10:44:41.487] [SEVERE ] updating countdown to 58571
[10:44:41.508] [SEVERE ] updating countdown to 58550
[10:44:41.530] [SEVERE ] updating countdown to 58528
[10:44:41.550] [SEVERE ] updating countdown to 58508
[10:44:41.573] [SEVERE ] updating countdown to 58485
[10:44:41.594] [SEVERE ] updating countdown to 58464
[10:44:41.616] [SEVERE ] updating countdown to 58442
[10:44:41.637] [SEVERE ] updating countdown to 58421
[10:44:41.658] [SEVERE ] updating countdown to 58400
[10:44:41.679] [SEVERE ] updating countdown to 58379
[10:44:41.701] [SEVERE ] updating countdown to 58357
[10:44:41.722] [SEVERE ] updating countdown to 58336
[10:44:41.742] [SEVERE ] updating countdown to 58316
[10:44:41.763] [SEVERE ] updating countdown to 58295
[10:44:41.784] [SEVERE ] updating countdown to 58274
[10:44:41.805] [SEVERE ] updating countdown to 58253
[10:44:41.827] [SEVERE ] updating countdown to 58231
[10:44:41.849] [SEVERE ] updating countdown to 58209
[10:44:41.871] [SEVERE ] updating countdown to 58187
[10:44:41.893] [SEVERE ] updating countdown to 58165
[10:44:41.919] [SEVERE ] updating countdown to 58139
[10:44:41.944] [SEVERE ] updating countdown to 58114
[10:44:41.969] [SEVERE ] updating countdown to 58089
[10:44:41.990] [SEVERE ] updating countdown to 58068
[10:44:42.012] [SEVERE ] updating countdown to 58046
[10:44:42.034] [SEVERE ] updating countdown to 58024
[10:44:42.058] [SEVERE ] updating countdown to 58000
[10:44:42.080] [SEVERE ] updating countdown to 57978
[10:44:42.101] [SEVERE ] updating countdown to 57957
[10:44:42.121] [SEVERE ] updating countdown to 57937
[10:44:42.142] [SEVERE ] updating countdown to 57916
[10:44:42.163] [SEVERE ] updating countdown to 57895
[10:44:42.185] [SEVERE ] updating countdown to 57873
[10:44:42.205] [SEVERE ] updating countdown to 57853
[10:44:42.227] [SEVERE ] updating countdown to 57831
[10:44:42.247] [SEVERE ] updating countdown to 57811
[10:44:42.269] [SEVERE ] updating countdown to 57789
[10:44:42.289] [SEVERE ] updating countdown to 57769
[10:44:42.311] [SEVERE ] updating countdown to 57747
[10:44:42.331] [SEVERE ] updating countdown to 57727
[10:44:42.352] [SEVERE ] updating countdown to 57706
[10:44:42.374] [SEVERE ] updating countdown to 57684
[10:44:42.395] [SEVERE ] updating countdown to 57663
[10:44:42.416] [SEVERE ] updating countdown to 57642
[10:44:42.436] [SEVERE ] updating countdown to 57622
[10:44:42.458] [SEVERE ] updating countdown to 57600
[10:44:42.480] [SEVERE ] updating countdown to 57578
[10:44:42.501] [SEVERE ] updating countdown to 57557
[10:44:42.522] [SEVERE ] updating countdown to 57536
[10:44:42.544] [SEVERE ] updating countdown to 57514
[10:44:42.565] [SEVERE ] updating countdown to 57493
[10:44:42.587] [SEVERE ] updating countdown to 57471
[10:44:42.608] [SEVERE ] updating countdown to 57450
[10:44:42.630] [SEVERE ] updating countdown to 57428
[10:44:42.652] [SEVERE ] updating countdown to 57406
[10:44:42.673] [SEVERE ] updating countdown to 57385
[10:44:42.694] [SEVERE ] updating countdown to 57364
[10:44:42.714] [SEVERE ] updating countdown to 57344
[10:44:42.736] [SEVERE ] updating countdown to 57322
[10:44:42.757] [SEVERE ] updating countdown to 57301
[10:44:42.778] [SEVERE ] updating countdown to 57280
[10:44:42.800] [SEVERE ] updating countdown to 57258
[10:44:42.820] [SEVERE ] updating countdown to 57238
[10:44:42.842] [SEVERE ] updating countdown to 57216
[10:44:42.864] [SEVERE ] updating countdown to 57194
[10:44:42.885] [SEVERE ] updating countdown to 57173
[10:44:42.906] [SEVERE ] updating countdown to 57152
[10:44:42.928] [SEVERE ] updating countdown to 57130
[10:44:42.948] [SEVERE ] updating countdown to 57110
[10:44:42.970] [SEVERE ] updating countdown to 57088
[10:44:42.992] [SEVERE ] updating countdown to 57066
[10:44:43.012] [SEVERE ] updating countdown to 57046
[10:44:43.034] [SEVERE ] updating countdown to 57024
[10:44:43.054] [SEVERE ] updating countdown to 57004
[10:44:43.075] [SEVERE ] updating countdown to 56983
[10:44:43.097] [SEVERE ] updating countdown to 56961
[10:44:43.117] [SEVERE ] updating countdown to 56941
[10:44:43.141] [SEVERE ] updating countdown to 56917
[10:44:43.164] [SEVERE ] updating countdown to 56894
[10:44:43.185] [SEVERE ] updating countdown to 56873
[10:44:43.210] [SEVERE ] updating countdown to 56848
[10:44:43.232] [SEVERE ] updating countdown to 56826
[10:44:43.257] [SEVERE ] updating countdown to 56801
[10:44:43.282] [SEVERE ] updating countdown to 56776
[10:44:43.308] [SEVERE ] updating countdown to 56750
[10:44:43.334] [SEVERE ] updating countdown to 56724
[10:44:43.360] [SEVERE ] updating countdown to 56698
[10:44:43.381] [SEVERE ] updating countdown to 56677
[10:44:43.404] [SEVERE ] updating countdown to 56654
[10:44:43.425] [SEVERE ] updating countdown to 56633
[10:44:43.447] [SEVERE ] updating countdown to 56611
[10:44:43.471] [SEVERE ] updating countdown to 56587
[10:44:43.497] [SEVERE ] updating countdown to 56561
[10:44:43.518] [SEVERE ] updating countdown to 56540
[10:44:43.540] [SEVERE ] updating countdown to 56518
[10:44:43.562] [SEVERE ] updating countdown to 56496
[10:44:43.583] [SEVERE ] updating countdown to 56475
[10:44:43.609] [SEVERE ] updating countdown to 56449
[10:44:43.631] [SEVERE ] updating countdown to 56427
[10:44:43.655] [SEVERE ] updating countdown to 56403
[10:44:43.681] [SEVERE ] updating countdown to 56377
[10:44:43.703] [SEVERE ] updating countdown to 56355
[10:44:43.724] [SEVERE ] updating countdown to 56334
[10:44:43.747] [SEVERE ] updating countdown to 56311
[10:44:43.773] [SEVERE ] updating countdown to 56285
[10:44:43.794] [SEVERE ] updating countdown to 56264
[10:44:43.815] [SEVERE ] updating countdown to 56243
[10:44:43.836] [SEVERE ] updating countdown to 56222
[10:44:43.859] [SEVERE ] updating countdown to 56199
[10:44:43.884] [SEVERE ] updating countdown to 56174
[10:44:43.905] [SEVERE ] updating countdown to 56153
[10:44:43.931] [SEVERE ] updating countdown to 56127
[10:44:43.953] [SEVERE ] updating countdown to 56105
[10:44:43.978] [SEVERE ] updating countdown to 56080
[10:44:44.004] [SEVERE ] updating countdown to 56054
[10:44:44.026] [SEVERE ] updating countdown to 56032
[10:44:44.049] [SEVERE ] updating countdown to 56009
[10:44:44.071] [SEVERE ] updating countdown to 55987
[10:44:44.097] [SEVERE ] updating countdown to 55961
[10:44:44.119] [SEVERE ] updating countdown to 55939
[10:44:44.140] [SEVERE ] updating countdown to 55918
[10:44:44.162] [SEVERE ] updating countdown to 55896
[10:44:44.186] [SEVERE ] updating countdown to 55872
[10:44:44.208] [SEVERE ] updating countdown to 55850
[10:44:44.229] [SEVERE ] updating countdown to 55829
[10:44:44.254] [SEVERE ] updating countdown to 55804
[10:44:44.277] [SEVERE ] updating countdown to 55781
[10:44:44.302] [SEVERE ] updating countdown to 55756
[10:44:44.324] [SEVERE ] updating countdown to 55734
[10:44:44.346] [SEVERE ] updating countdown to 55712
[10:44:44.371] [SEVERE ] updating countdown to 55687
[10:44:44.396] [SEVERE ] updating countdown to 55662
[10:44:44.422] [SEVERE ] updating countdown to 55636
[10:44:44.446] [SEVERE ] updating countdown to 55612
[10:44:44.472] [SEVERE ] updating countdown to 55586
[10:44:44.498] [SEVERE ] updating countdown to 55560
[10:44:44.522] [SEVERE ] updating countdown to 55536
[10:44:44.548] [SEVERE ] updating countdown to 55510
[10:44:44.572] [SEVERE ] updating countdown to 55486
[10:44:44.598] [SEVERE ] updating countdown to 55460
[10:44:44.618] [SEVERE ] updating countdown to 55440
[10:44:44.642] [SEVERE ] updating countdown to 55416
[10:44:44.653] [SEVERE ] key 81 was pressed by player 1
[10:44:44.653] [SEVERE ] player 1 placing token on slot 0
[10:44:44.662] [SEVERE ] updating countdown to 55396
[10:44:44.684] [SEVERE ] updating countdown to 55374
[10:44:44.708] [SEVERE ] updating countdown to 55350
[10:44:44.734] [SEVERE ] updating countdown to 55324
[10:44:44.756] [SEVERE ] updating countdown to 55302
[10:44:44.779] [SEVERE ] updating countdown to 55279
[10:44:44.801] [SEVERE ] updating countdown to 55257
[10:44:44.826] [SEVERE ] updating countdown to 55232
[10:44:44.851] [SEVERE ] updating countdown to 55207
[10:44:44.875] [SEVERE ] updating countdown to 55183
[10:44:44.895] [SEVERE ] updating countdown to 55163
[10:44:44.917] [SEVERE ] updating countdown to 55142
[10:44:44.938] [SEVERE ] updating countdown to 55120
[10:44:44.960] [SEVERE ] updating countdown to 55098
[10:44:44.980] [SEVERE ] updating countdown to 55078
[10:44:45.002] [SEVERE ] updating countdown to 55056
[10:44:45.023] [SEVERE ] updating countdown to 55035
[10:44:45.047] [SEVERE ] updating countdown to 55011
[10:44:45.068] [SEVERE ] updating countdown to 54990
[10:44:45.070] [SEVERE ] key 87 was pressed by player 1
[10:44:45.070] [SEVERE ] player 1 placing token on slot 1
[10:44:45.089] [SEVERE ] updating countdown to 54969
[10:44:45.111] [SEVERE ] updating countdown to 54947
[10:44:45.134] [SEVERE ] updating countdown to 54924
[10:44:45.155] [SEVERE ] updating countdown to 54903
[10:44:45.178] [SEVERE ] updating countdown to 54880
[10:44:45.202] [SEVERE ] updating countdown to 54856
[10:44:45.226] [SEVERE ] updating countdown to 54832
[10:44:45.248] [SEVERE ] updating countdown to 54810
[10:44:45.270] [SEVERE ] updating countdown to 54788
[10:44:45.291] [SEVERE ] updating countdown to 54767
[10:44:45.312] [SEVERE ] updating countdown to 54746
[10:44:45.332] [SEVERE ] updating countdown to 54726
[10:44:45.354] [SEVERE ] updating countdown to 54705
[10:44:45.376] [SEVERE ] updating countdown to 54682
[10:44:45.401] [SEVERE ] updating countdown to 54657
[10:44:45.424] [SEVERE ] updating countdown to 54634
[10:44:45.448] [SEVERE ] updating countdown to 54610
[10:44:45.474] [SEVERE ] updating countdown to 54584
[10:44:45.499] [SEVERE ] updating countdown to 54559
[10:44:45.521] [SEVERE ] updating countdown to 54537
[10:44:45.544] [SEVERE ] updating countdown to 54514
[10:44:45.569] [SEVERE ] updating countdown to 54489
[10:44:45.595] [SEVERE ] updating countdown to 54463
[10:44:45.621] [SEVERE ] updating countdown to 54437
[10:44:45.642] [SEVERE ] updating countdown to 54416
[10:44:45.664] [SEVERE ] updating countdown to 54394
[10:44:45.686] [SEVERE ] updating countdown to 54372
[10:44:45.710] [SEVERE ] updating countdown to 54348
[10:44:45.735] [SEVERE ] updating countdown to 54323
[10:44:45.757] [SEVERE ] updating countdown to 54301
[10:44:45.783] [SEVERE ] updating countdown to 54275
[10:44:45.806] [SEVERE ] updating countdown to 54252
[10:44:45.831] [SEVERE ] updating countdown to 54227
[10:44:45.853] [SEVERE ] updating countdown to 54205
[10:44:45.873] [SEVERE ] updating countdown to 54185
[10:44:45.880] [SEVERE ] key 69 was pressed by player 1
[10:44:45.880] [SEVERE ] player 1 placing token on slot 2
[10:44:45.880] [SEVERE ] removing player 1 token from slot 0
[10:44:45.881] [SEVERE ] removing player 1 token from slot 1
[10:44:45.881] [SEVERE ] removing player 1 token from slot 2
[10:44:45.882] [SEVERE ] setting player 1 freeze to 3000
[10:44:45.895] [SEVERE ] updating countdown to 54163
[10:44:45.917] [SEVERE ] updating countdown to 54141
[10:44:45.942] [SEVERE ] updating countdown to 54116
[10:44:45.968] [SEVERE ] updating countdown to 54090
[10:44:45.990] [SEVERE ] updating countdown to 54068
[10:44:46.014] [SEVERE ] updating countdown to 54044
[10:44:46.037] [SEVERE ] updating countdown to 54021
[10:44:46.063] [SEVERE ] updating countdown to 53995
[10:44:46.089] [SEVERE ] updating countdown to 53969
[10:44:46.115] [SEVERE ] updating countdown to 53943
[10:44:46.138] [SEVERE ] updating countdown to 53920
[10:44:46.159] [SEVERE ] updating countdown to 53899
[10:44:46.185] [SEVERE ] updating countdown to 53873
[10:44:46.210] [SEVERE ] updating countdown to 53848
[10:44:46.232] [SEVERE ] updating countdown to 53826
[10:44:46.257] [SEVERE ] updating countdown to 53801
[10:44:46.283] [SEVERE ] updating countdown to 53775
[10:44:46.305] [SEVERE ] updating countdown to 53753
[10:44:46.331] [SEVERE ] updating countdown to 53727
[10:44:46.355] [SEVERE ] updating countdown to 53703
[10:44:46.377] [SEVERE ] updating countdown to 53681
[10:44:46.401] [SEVERE ] updating countdown to 53658
[10:44:46.422] [SEVERE ] updating countdown to 53636
[10:44:46.447] [SEVERE ] updating countdown to 53611
[10:44:46.470] [SEVERE ] updating countdown to 53588
[10:44:46.495] [SEVERE ] updating countdown to 53563
[10:44:46.521] [SEVERE ] updating countdown to 53537
[10:44:46.546] [SEVERE ] updating countdown to 53512
[10:44:46.572] [SEVERE ] updating countdown to 53486
[10:44:46.598] [SEVERE ] updating countdown to 53460
[10:44:46.621] [SEVERE ] updating countdown to 53437
[10:44:46.646] [SEVERE ] updating countdown to 53412
[10:44:46.672] [SEVERE ] updating countdown to 53386
[10:44:46.698] [SEVERE ] updating countdown to 53360
[10:44:46.724] [SEVERE ] updating countdown to 53334
[10:44:46.749] [SEVERE ] updating countdown to 53309
[10:44:46.775] [SEVERE ] updating countdown to 53283
[10:44:46.798] [SEVERE ] updating countdown to 53260
[10:44:46.823] [SEVERE ] updating countdown to 53235
[10:44:46.849] [SEVERE ] updating countdown to 53209
[10:44:46.874] [SEVERE ] updating countdown to 53184
[10:44:46.900] [SEVERE ] updating countdown to 53158
[10:44:46.922] [SEVERE ] updating countdown to 53136
[10:44:46.944] [SEVERE ] updating countdown to 53114
[10:44:46.969] [SEVERE ] updating countdown to 53089
[10:44:46.993] [SEVERE ] updating countdown to 53065
[10:44:47.019] [SEVERE ] updating countdown to 53039
[10:44:47.041] [SEVERE ] updating countdown to 53017
[10:44:47.066] [SEVERE ] updating countdown to 52992
[10:44:47.088] [SEVERE ] updating countdown to 52970
[10:44:47.110] [SEVERE ] updating countdown to 52948
[10:44:47.135] [SEVERE ] updating countdown to 52923
[10:44:47.159] [SEVERE ] updating countdown to 52899
[10:44:47.185] [SEVERE ] updating countdown to 52873
[10:44:47.211] [SEVERE ] updating countdown to 52847
[10:44:47.237] [SEVERE ] updating countdown to 52821
[10:44:47.260] [SEVERE ] updating countdown to 52798
[10:44:47.285] [SEVERE ] updating countdown to 52773
[10:44:47.307] [SEVERE ] updating countdown to 52751
[10:44:47.333] [SEVERE ] updating countdown to 52725
[10:44:47.355] [SEVERE ] updating countdown to 52703
[10:44:47.378] [SEVERE ] updating countdown to 52680
[10:44:47.401] [SEVERE ] updating countdown to 52657
[10:44:47.415] [SEVERE ] key 87 was pressed by player 1
[10:44:47.423] [SEVERE ] updating countdown to 52635
[10:44:47.448] [SEVERE ] updating countdown to 52610
[10:44:47.471] [SEVERE ] updating countdown to 52587
[10:44:47.493] [SEVERE ] updating countdown to 52565
[10:44:47.518] [SEVERE ] updating countdown to 52540
[10:44:47.542] [SEVERE ] updating countdown to 52516
[10:44:47.567] [SEVERE ] updating countdown to 52491
[10:44:47.587] [SEVERE ] updating countdown to 52471
[10:44:47.609] [SEVERE ] updating countdown to 52449
[10:44:47.632] [SEVERE ] updating countdown to 52426
[10:44:47.658] [SEVERE ] updating countdown to 52400
[10:44:47.684] [SEVERE ] updating countdown to 52374
[10:44:47.710] [SEVERE ] updating countdown to 52348
[10:44:47.732] [SEVERE ] updating countdown to 52326
[10:44:47.754] [SEVERE ] updating countdown to 52304
[10:44:47.779] [SEVERE ] updating countdown to 52279
[10:44:47.805] [SEVERE ] updating countdown to 52253
[10:44:47.826] [SEVERE ] updating countdown to 52232
[10:44:47.852] [SEVERE ] updating countdown to 52206
[10:44:47.876] [SEVERE ] updating countdown to 52182
[10:44:47.900] [SEVERE ] updating countdown to 52158
[10:44:47.921] [SEVERE ] updating countdown to 52137
[10:44:47.942] [SEVERE ] updating countdown to 52116
[10:44:47.966] [SEVERE ] updating countdown to 52092
[10:44:47.986] [SEVERE ] updating countdown to 52072
[10:44:48.008] [SEVERE ] updating countdown to 52050
[10:44:48.030] [SEVERE ] updating countdown to 52028
[10:44:48.051] [SEVERE ] updating countdown to 52007
[10:44:48.072] [SEVERE ] updating countdown to 51986
[10:44:48.093] [SEVERE ] updating countdown to 51965
[10:44:48.116] [SEVERE ] updating countdown to 51942
[10:44:48.140] [SEVERE ] updating countdown to 51918
[10:44:48.163] [SEVERE ] updating countdown to 51895
[10:44:48.185] [SEVERE ] updating countdown to 51873
[10:44:48.206] [SEVERE ] updating countdown to 51852
[10:44:48.228] [SEVERE ] updating countdown to 51830
[10:44:48.249] [SEVERE ] updating countdown to 51809
[10:44:48.270] [SEVERE ] updating countdown to 51788
[10:44:48.293] [SEVERE ] updating countdown to 51765
[10:44:48.315] [SEVERE ] updating countdown to 51743
[10:44:48.336] [SEVERE ] updating countdown to 51722
[10:44:48.361] [SEVERE ] updating countdown to 51697
[10:44:48.382] [SEVERE ] updating countdown to 51676
[10:44:48.403] [SEVERE ] updating countdown to 51655
[10:44:48.425] [SEVERE ] updating countdown to 51633
[10:44:48.446] [SEVERE ] updating countdown to 51612
[10:44:48.467] [SEVERE ] updating countdown to 51591
[10:44:48.488] [SEVERE ] updating countdown to 51570
[10:44:48.510] [SEVERE ] updating countdown to 51548
[10:44:48.531] [SEVERE ] updating countdown to 51527
[10:44:48.553] [SEVERE ] updating countdown to 51505
[10:44:48.575] [SEVERE ] updating countdown to 51483
[10:44:48.597] [SEVERE ] updating countdown to 51461
[10:44:48.619] [SEVERE ] updating countdown to 51439
[10:44:48.643] [SEVERE ] updating countdown to 51415
[10:44:48.664] [SEVERE ] updating countdown to 51394
[10:44:48.685] [SEVERE ] updating countdown to 51373
[10:44:48.706] [SEVERE ] updating countdown to 51352
[10:44:48.727] [SEVERE ] updating countdown to 51331
[10:44:48.748] [SEVERE ] updating countdown to 51310
[10:44:48.768] [SEVERE ] updating countdown to 51290
[10:44:48.790] [SEVERE ] updating countdown to 51268
[10:44:48.810] [SEVERE ] updating countdown to 51248
[10:44:48.832] [SEVERE ] updating countdown to 51226
[10:44:48.853] [SEVERE ] updating countdown to 51205
[10:44:48.874] [SEVERE ] updating countdown to 51184
[10:44:48.885] [SEVERE ] setting player 1 freeze to 0
[10:44:48.885] [SEVERE ] removing player 1 token from slot 1
[10:44:48.886] [SEVERE ] player 1 placing token on slot 1
[10:44:48.895] [SEVERE ] updating countdown to 51163
[10:44:48.916] [SEVERE ] updating countdown to 51142
[10:44:48.937] [SEVERE ] updating countdown to 51121
[10:44:48.960] [SEVERE ] updating countdown to 51098
[10:44:48.981] [SEVERE ] updating countdown to 51077
[10:44:49.002] [SEVERE ] updating countdown to 51056
[10:44:49.023] [SEVERE ] updating countdown to 51035
[10:44:49.044] [SEVERE ] updating countdown to 51014
[10:44:49.066] [SEVERE ] updating countdown to 50992
[10:44:49.088] [SEVERE ] updating countdown to 50970
[10:44:49.109] [SEVERE ] updating countdown to 50949
[10:44:49.130] [SEVERE ] updating countdown to 50928
[10:44:49.151] [SEVERE ] updating countdown to 50907
[10:44:49.173] [SEVERE ] updating countdown to 50885
[10:44:49.194] [SEVERE ] updating countdown to 50864
[10:44:49.215] [SEVERE ] updating countdown to 50843
[10:44:49.237] [SEVERE ] updating countdown to 50821
[10:44:49.258] [SEVERE ] updating countdown to 50800
[10:44:49.281] [SEVERE ] updating countdown to 50777
[10:44:49.303] [SEVERE ] updating countdown to 50755
[10:44:49.325] [SEVERE ] updating countdown to 50733
[10:44:49.346] [SEVERE ] updating countdown to 50712
[10:44:49.350] [SEVERE ] key 81 was pressed by player 1
[10:44:49.350] [SEVERE ] removing player 1 token from slot 0
[10:44:49.367] [SEVERE ] updating countdown to 50691
[10:44:49.389] [SEVERE ] updating countdown to 50669
[10:44:49.410] [SEVERE ] updating countdown to 50648
[10:44:49.432] [SEVERE ] updating countdown to 50626
[10:44:49.453] [SEVERE ] updating countdown to 50605
[10:44:49.475] [SEVERE ] updating countdown to 50583
[10:44:49.496] [SEVERE ] updating countdown to 50562
[10:44:49.517] [SEVERE ] updating countdown to 50541
[10:44:49.541] [SEVERE ] updating countdown to 50517
[10:44:49.561] [SEVERE ] updating countdown to 50497
[10:44:49.582] [SEVERE ] updating countdown to 50476
[10:44:49.603] [SEVERE ] updating countdown to 50455
[10:44:49.624] [SEVERE ] updating countdown to 50434
[10:44:49.646] [SEVERE ] updating countdown to 50412
[10:44:49.668] [SEVERE ] updating countdown to 50390
[10:44:49.694] [SEVERE ] updating countdown to 50364
[10:44:49.718] [SEVERE ] updating countdown to 50340
[10:44:49.741] [SEVERE ] updating countdown to 50317
[10:44:49.762] [SEVERE ] updating countdown to 50296
[10:44:49.784] [SEVERE ] updating countdown to 50274
[10:44:49.806] [SEVERE ] updating countdown to 50252
[10:44:49.831] [SEVERE ] updating countdown to 50227
[10:44:49.853] [SEVERE ] updating countdown to 50205
[10:44:49.879] [SEVERE ] updating countdown to 50179
[10:44:49.901] [SEVERE ] updating countdown to 50157
[10:44:49.922] [SEVERE ] updating countdown to 50136
[10:44:49.943] [SEVERE ] updating countdown to 50115
[10:44:49.965] [SEVERE ] updating countdown to 50093
[10:44:49.986] [SEVERE ] updating countdown to 50072
[10:44:50.007] [SEVERE ] updating countdown to 50051
[10:44:50.032] [SEVERE ] updating countdown to 50026
[10:44:50.053] [SEVERE ] updating countdown to 50005
[10:44:50.075] [SEVERE ] updating countdown to 49983
[10:44:50.097] [SEVERE ] updating countdown to 49961
[10:44:50.118] [SEVERE ] updating countdown to 49940
[10:44:50.140] [SEVERE ] updating countdown to 49918
[10:44:50.161] [SEVERE ] updating countdown to 49897
[10:44:50.183] [SEVERE ] updating countdown to 49875
[10:44:50.205] [SEVERE ] updating countdown to 49853
[10:44:50.226] [SEVERE ] updating countdown to 49832
[10:44:50.248] [SEVERE ] updating countdown to 49810
[10:44:50.269] [SEVERE ] updating countdown to 49789
[10:44:50.291] [SEVERE ] updating countdown to 49767
[10:44:50.312] [SEVERE ] updating countdown to 49746
[10:44:50.334] [SEVERE ] updating countdown to 49724
[10:44:50.355] [SEVERE ] updating countdown to 49703
[10:44:50.377] [SEVERE ] updating countdown to 49681
[10:44:50.399] [SEVERE ] updating countdown to 49659
[10:44:50.415] [SEVERE ] key 65 was pressed by player 1
[10:44:50.416] [SEVERE ] player 1 placing token on slot 4
[10:44:50.421] [SEVERE ] updating countdown to 49637
[10:44:50.444] [SEVERE ] updating countdown to 49614
[10:44:50.466] [SEVERE ] updating countdown to 49592
[10:44:50.487] [SEVERE ] updating countdown to 49571
[10:44:50.507] [SEVERE ] updating countdown to 49551
[10:44:50.529] [SEVERE ] updating countdown to 49529
[10:44:50.550] [SEVERE ] updating countdown to 49508
[10:44:50.576] [SEVERE ] updating countdown to 49482
[10:44:50.601] [SEVERE ] updating countdown to 49457
[10:44:50.622] [SEVERE ] updating countdown to 49436
[10:44:50.644] [SEVERE ] updating countdown to 49414
[10:44:50.665] [SEVERE ] updating countdown to 49393
[10:44:50.690] [SEVERE ] updating countdown to 49368
[10:44:50.716] [SEVERE ] updating countdown to 49342
[10:44:50.742] [SEVERE ] updating countdown to 49316
[10:44:50.768] [SEVERE ] updating countdown to 49290
[10:44:50.790] [SEVERE ] updating countdown to 49268
[10:44:50.813] [SEVERE ] updating countdown to 49245
[10:44:50.838] [SEVERE ] updating countdown to 49220
[10:44:50.861] [SEVERE ] updating countdown to 49197
[10:44:50.882] [SEVERE ] updating countdown to 49176
[10:44:50.904] [SEVERE ] updating countdown to 49154
[10:44:50.926] [SEVERE ] updating countdown to 49132
[10:44:50.947] [SEVERE ] updating countdown to 49111
[10:44:50.971] [SEVERE ] updating countdown to 49087
[10:44:50.996] [SEVERE ] updating countdown to 49062
[10:44:51.020] [SEVERE ] updating countdown to 49038
[10:44:51.042] [SEVERE ] updating countdown to 49016
[10:44:51.063] [SEVERE ] updating countdown to 48995
[10:44:51.069] [SEVERE ] key 90 was pressed by player 1
[10:44:51.069] [SEVERE ] player 1 placing token on slot 8
[10:44:51.086] [SEVERE ] updating countdown to 48972
[10:44:51.109] [SEVERE ] updating countdown to 48949
[10:44:51.134] [SEVERE ] updating countdown to 48924
[10:44:51.156] [SEVERE ] updating countdown to 48902
[10:44:51.179] [SEVERE ] updating countdown to 48879
[10:44:51.201] [SEVERE ] updating countdown to 48857
[10:44:51.226] [SEVERE ] updating countdown to 48832
[10:44:51.248] [SEVERE ] updating countdown to 48810
[10:44:51.269] [SEVERE ] updating countdown to 48789
[10:44:51.290] [SEVERE ] updating countdown to 48768
[10:44:51.312] [SEVERE ] updating countdown to 48746
[10:44:51.333] [SEVERE ] updating countdown to 48725
[10:44:51.356] [SEVERE ] updating countdown to 48702
[10:44:51.377] [SEVERE ] updating countdown to 48681
[10:44:51.401] [SEVERE ] updating countdown to 48657
[10:44:51.421] [SEVERE ] updating countdown to 48637
[10:44:51.445] [SEVERE ] updating countdown to 48613
[10:44:51.471] [SEVERE ] updating countdown to 48587
[10:44:51.497] [SEVERE ] updating countdown to 48561
[10:44:51.523] [SEVERE ] updating countdown to 48535
[10:44:51.549] [SEVERE ] updating countdown to 48509
[10:44:51.572] [SEVERE ] updating countdown to 48486
[10:44:51.594] [SEVERE ] updating countdown to 48464
[10:44:51.615] [SEVERE ] updating countdown to 48443
[10:44:51.637] [SEVERE ] updating countdown to 48421
[10:44:51.659] [SEVERE ] updating countdown to 48399
[10:44:51.681] [SEVERE ] updating countdown to 48377
[10:44:51.706] [SEVERE ] updating countdown to 48352
[10:44:51.729] [SEVERE ] updating countdown to 48329
[10:44:51.752] [SEVERE ] updating countdown to 48306
[10:44:51.773] [SEVERE ] updating countdown to 48285
[10:44:51.798] [SEVERE ] updating countdown to 48260
[10:44:51.820] [SEVERE ] updating countdown to 48238
[10:44:51.822] [SEVERE ] key 88 was pressed by player 1
[10:44:51.822] [SEVERE ] player 1 placing token on slot 9
[10:44:51.822] [SEVERE ] removing player 1 token from slot 4
[10:44:51.823] [SEVERE ] removing player 1 token from slot 1
[10:44:51.823] [SEVERE ] removing player 1 token from slot 2
[10:44:51.823] [SEVERE ] setting player 1 freeze to 3000
[10:44:51.844] [SEVERE ] updating countdown to 48214
[10:44:51.864] [SEVERE ] updating countdown to 48194
[10:44:51.889] [SEVERE ] updating countdown to 48169
[10:44:51.914] [SEVERE ] updating countdown to 48144
[10:44:51.936] [SEVERE ] updating countdown to 48122
[10:44:51.956] [SEVERE ] updating countdown to 48102
[10:44:51.978] [SEVERE ] updating countdown to 48080
[10:44:52.000] [SEVERE ] updating countdown to 48058
[10:44:52.023] [SEVERE ] updating countdown to 48035
[10:44:52.045] [SEVERE ] updating countdown to 48013
[10:44:52.065] [SEVERE ] updating countdown to 47993
[10:44:52.086] [SEVERE ] updating countdown to 47972
[10:44:52.112] [SEVERE ] updating countdown to 47946
[10:44:52.138] [SEVERE ] updating countdown to 47920
[10:44:52.164] [SEVERE ] updating countdown to 47894
[10:44:52.185] [SEVERE ] updating countdown to 47873
[10:44:52.210] [SEVERE ] updating countdown to 47848
[10:44:52.236] [SEVERE ] updating countdown to 47822
[10:44:52.262] [SEVERE ] updating countdown to 47796
[10:44:52.286] [SEVERE ] updating countdown to 47772
[10:44:52.312] [SEVERE ] updating countdown to 47746
[10:44:52.338] [SEVERE ] updating countdown to 47720
[10:44:52.364] [SEVERE ] updating countdown to 47694
[10:44:52.386] [SEVERE ] updating countdown to 47672
[10:44:52.406] [SEVERE ] updating countdown to 47652
[10:44:52.432] [SEVERE ] updating countdown to 47626
[10:44:52.453] [SEVERE ] updating countdown to 47605
[10:44:52.476] [SEVERE ] updating countdown to 47582
[10:44:52.501] [SEVERE ] updating countdown to 47557
[10:44:52.526] [SEVERE ] updating countdown to 47532
[10:44:52.551] [SEVERE ] updating countdown to 47507
[10:44:52.572] [SEVERE ] updating countdown to 47486
[10:44:52.595] [SEVERE ] updating countdown to 47463
[10:44:52.620] [SEVERE ] updating countdown to 47438
[10:44:52.641] [SEVERE ] updating countdown to 47417
[10:44:52.663] [SEVERE ] updating countdown to 47395
[10:44:52.689] [SEVERE ] updating countdown to 47369
[10:44:52.714] [SEVERE ] updating countdown to 47344
[10:44:52.736] [SEVERE ] updating countdown to 47322
[10:44:52.756] [SEVERE ] updating countdown to 47302
[10:44:52.777] [SEVERE ] updating countdown to 47281
[10:44:52.800] [SEVERE ] updating countdown to 47258
[10:44:52.821] [SEVERE ] updating countdown to 47237
[10:44:52.847] [SEVERE ] updating countdown to 47211
[10:44:52.873] [SEVERE ] updating countdown to 47185
[10:44:52.897] [SEVERE ] updating countdown to 47162
[10:44:52.922] [SEVERE ] updating countdown to 47136
[10:44:52.944] [SEVERE ] updating countdown to 47114
[10:44:52.967] [SEVERE ] updating countdown to 47091
[10:44:52.989] [SEVERE ] updating countdown to 47069
[10:44:53.011] [SEVERE ] updating countdown to 47048
[10:44:53.033] [SEVERE ] updating countdown to 47025
[10:44:53.056] [SEVERE ] updating countdown to 47002
[10:44:53.077] [SEVERE ] updating countdown to 46981
[10:44:53.099] [SEVERE ] updating countdown to 46959
[10:44:53.124] [SEVERE ] updating countdown to 46934
[10:44:53.149] [SEVERE ] updating countdown to 46909
[10:44:53.172] [SEVERE ] updating countdown to 46886
[10:44:53.196] [SEVERE ] updating countdown to 46862
[10:44:53.220] [SEVERE ] updating countdown to 46838
[10:44:53.241] [SEVERE ] updating countdown to 46817
[10:44:53.263] [SEVERE ] updating countdown to 46795
[10:44:53.288] [SEVERE ] updating countdown to 46770
[10:44:53.314] [SEVERE ] updating countdown to 46744
[10:44:53.336] [SEVERE ] updating countdown to 46722
[10:44:53.361] [SEVERE ] updating countdown to 46697
[10:44:53.383] [SEVERE ] updating countdown to 46675
[10:44:53.409] [SEVERE ] updating countdown to 46649
[10:44:53.435] [SEVERE ] updating countdown to 46623
[10:44:53.460] [SEVERE ] updating countdown to 46598
[10:44:53.485] [SEVERE ] updating countdown to 46573
[10:44:53.507] [SEVERE ] updating countdown to 46551
[10:44:53.531] [SEVERE ] updating countdown to 46527
[10:44:53.556] [SEVERE ] updating countdown to 46502
[10:44:53.578] [SEVERE ] updating countdown to 46480
[10:44:53.600] [SEVERE ] updating countdown to 46458
[10:44:53.626] [SEVERE ] updating countdown to 46432
[10:44:53.650] [SEVERE ] updating countdown to 46408
[10:44:53.676] [SEVERE ] updating countdown to 46382
[10:44:53.700] [SEVERE ] updating countdown to 46358
[10:44:53.726] [SEVERE ] updating countdown to 46332
[10:44:53.747] [SEVERE ] updating countdown to 46311
[10:44:53.773] [SEVERE ] updating countdown to 46285
[10:44:53.794] [SEVERE ] updating countdown to 46264
[10:44:53.816] [SEVERE ] updating countdown to 46242
[10:44:53.842] [SEVERE ] updating countdown to 46216
[10:44:53.865] [SEVERE ] updating countdown to 46193
[10:44:53.888] [SEVERE ] updating countdown to 46170
[10:44:53.914] [SEVERE ] updating countdown to 46144
[10:44:53.936] [SEVERE ] updating countdown to 46122
[10:44:53.961] [SEVERE ] updating countdown to 46097
[10:44:53.983] [SEVERE ] updating countdown to 46075
[10:44:54.005] [SEVERE ] updating countdown to 46053
[10:44:54.029] [SEVERE ] updating countdown to 46029
[10:44:54.054] [SEVERE ] updating countdown to 46004
[10:44:54.077] [SEVERE ] updating countdown to 45981
[10:44:54.101] [SEVERE ] updating countdown to 45957
[10:44:54.127] [SEVERE ] updating countdown to 45931
[10:44:54.153] [SEVERE ] updating countdown to 45905
[10:44:54.174] [SEVERE ] updating countdown to 45884
[10:44:54.196] [SEVERE ] updating countdown to 45862
[10:44:54.220] [SEVERE ] updating countdown to 45838
[10:44:54.241] [SEVERE ] updating countdown to 45817
[10:44:54.263] [SEVERE ] updating countdown to 45795
[10:44:54.285] [SEVERE ] updating countdown to 45773
[10:44:54.310] [SEVERE ] updating countdown to 45748
[10:44:54.331] [SEVERE ] updating countdown to 45727
[10:44:54.357] [SEVERE ] updating countdown to 45701
[10:44:54.383] [SEVERE ] updating countdown to 45675
[10:44:54.409] [SEVERE ] updating countdown to 45649
[10:44:54.431] [SEVERE ] updating countdown to 45627
[10:44:54.456] [SEVERE ] updating countdown to 45602
[10:44:54.478] [SEVERE ] updating countdown to 45580
[10:44:54.504] [SEVERE ] updating countdown to 45554
[10:44:54.529] [SEVERE ] updating countdown to 45529
[10:44:54.551] [SEVERE ] updating countdown to 45507
[10:44:54.575] [SEVERE ] updating countdown to 45483
[10:44:54.601] [SEVERE ] updating countdown to 45457
[10:44:54.623] [SEVERE ] updating countdown to 45435
[10:44:54.644] [SEVERE ] updating countdown to 45414
[10:44:54.666] [SEVERE ] updating countdown to 45392
[10:44:54.691] [SEVERE ] updating countdown to 45367
[10:44:54.714] [SEVERE ] updating countdown to 45344
[10:44:54.735] [SEVERE ] updating countdown to 45323
[10:44:54.758] [SEVERE ] updating countdown to 45300
[10:44:54.784] [SEVERE ] updating countdown to 45274
[10:44:54.806] [SEVERE ] updating countdown to 45252
[10:44:54.828] [SEVERE ] setting player 1 freeze to 0
[10:44:54.828] [SEVERE ] updating countdown to 45230
[10:44:54.851] [SEVERE ] updating countdown to 45207
[10:44:54.876] [SEVERE ] updating countdown to 45182
[10:44:54.898] [SEVERE ] updating countdown to 45160
[10:44:54.920] [SEVERE ] updating countdown to 45138
[10:44:54.940] [SEVERE ] updating countdown to 45118
[10:44:54.962] [SEVERE ] updating countdown to 45096
[10:44:54.983] [SEVERE ] updating countdown to 45075
[10:44:55.004] [SEVERE ] updating countdown to 45054
[10:44:55.025] [SEVERE ] updating countdown to 45033
[10:44:55.047] [SEVERE ] updating countdown to 45011
[10:44:55.067] [SEVERE ] updating countdown to 44991
[10:44:55.088] [SEVERE ] updating countdown to 44970
[10:44:55.110] [SEVERE ] updating countdown to 44948
[10:44:55.132] [SEVERE ] updating countdown to 44926
[10:44:55.153] [SEVERE ] updating countdown to 44905
[10:44:55.175] [SEVERE ] updating countdown to 44883
[10:44:55.196] [SEVERE ] updating countdown to 44862
[10:44:55.217] [SEVERE ] updating countdown to 44841
[10:44:55.238] [SEVERE ] updating countdown to 44820
[10:44:55.260] [SEVERE ] updating countdown to 44798
[10:44:55.281] [SEVERE ] updating countdown to 44777
[10:44:55.302] [SEVERE ] updating countdown to 44756
[10:44:55.322] [SEVERE ] updating countdown to 44736
[10:44:55.344] [SEVERE ] updating countdown to 44714
[10:44:55.366] [SEVERE ] updating countdown to 44692
[10:44:55.386] [SEVERE ] updating countdown to 44672
[10:44:55.407] [SEVERE ] updating countdown to 44651
[10:44:55.429] [SEVERE ] updating countdown to 44629
[10:44:55.449] [SEVERE ] updating countdown to 44609
[10:44:55.470] [SEVERE ] updating countdown to 44588
[10:44:55.491] [SEVERE ] updating countdown to 44567
[10:44:55.512] [SEVERE ] updating countdown to 44546
[10:44:55.533] [SEVERE ] updating countdown to 44525
[10:44:55.555] [SEVERE ] updating countdown to 44503
[10:44:55.576] [SEVERE ] updating countdown to 44482
[10:44:55.597] [SEVERE ] updating countdown to 44461
[10:44:55.619] [SEVERE ] updating countdown to 44439
[10:44:55.639] [SEVERE ] updating countdown to 44419
[10:44:55.660] [SEVERE ] updating countdown to 44398
[10:44:55.681] [SEVERE ] updating countdown to 44377
[10:44:55.703] [SEVERE ] updating countdown to 44355
[10:44:55.723] [SEVERE ] updating countdown to 44335
[10:44:55.744] [SEVERE ] updating countdown to 44314
[10:44:55.765] [SEVERE ] updating countdown to 44293
[10:44:55.787] [SEVERE ] updating countdown to 44271
[10:44:55.807] [SEVERE ] updating countdown to 44251
[10:44:55.831] [SEVERE ] updating countdown to 44227
[10:44:55.853] [SEVERE ] updating countdown to 44205
[10:44:55.879] [SEVERE ] updating countdown to 44179
[10:44:55.901] [SEVERE ] updating countdown to 44157
[10:44:55.923] [SEVERE ] updating countdown to 44135
[10:44:55.948] [SEVERE ] updating countdown to 44110
[10:44:55.969] [SEVERE ] updating countdown to 44089
[10:44:55.991] [SEVERE ] updating countdown to 44067
[10:44:56.011] [SEVERE ] updating countdown to 44047
[10:44:56.032] [SEVERE ] updating countdown to 44026
[10:44:56.053] [SEVERE ] updating countdown to 44005
[10:44:56.078] [SEVERE ] updating countdown to 43980
[10:44:56.104] [SEVERE ] updating countdown to 43954
[10:44:56.128] [SEVERE ] updating countdown to 43930
[10:44:56.151] [SEVERE ] updating countdown to 43907
[10:44:56.177] [SEVERE ] updating countdown to 43881
[10:44:56.198] [SEVERE ] updating countdown to 43860
[10:44:56.220] [SEVERE ] updating countdown to 43838
[10:44:56.242] [SEVERE ] updating countdown to 43816
[10:44:56.263] [SEVERE ] updating countdown to 43795
[10:44:56.289] [SEVERE ] updating countdown to 43769
[10:44:56.315] [SEVERE ] updating countdown to 43743
[10:44:56.341] [SEVERE ] updating countdown to 43717
[10:44:56.366] [SEVERE ] updating countdown to 43692
[10:44:56.391] [SEVERE ] updating countdown to 43667
[10:44:56.411] [SEVERE ] updating countdown to 43647
[10:44:56.433] [SEVERE ] updating countdown to 43625
[10:44:56.455] [SEVERE ] updating countdown to 43603
[10:44:56.480] [SEVERE ] updating countdown to 43578
[10:44:56.501] [SEVERE ] updating countdown to 43557
[10:44:56.503] [SEVERE ] key 68 was pressed by player 1
[10:44:56.503] [SEVERE ] player 1 placing token on slot 6
[10:44:56.524] [SEVERE ] updating countdown to 43534
[10:44:56.546] [SEVERE ] updating countdown to 43512
[10:44:56.567] [SEVERE ] updating countdown to 43491
[10:44:56.589] [SEVERE ] updating countdown to 43469
[10:44:56.611] [SEVERE ] updating countdown to 43447
[10:44:56.632] [SEVERE ] updating countdown to 43426
[10:44:56.653] [SEVERE ] updating countdown to 43405
[10:44:56.665] [SEVERE ] key 87 was pressed by player 1
[10:44:56.665] [SEVERE ] player 1 placing token on slot 1
[10:44:56.674] [SEVERE ] updating countdown to 43384
[10:44:56.695] [SEVERE ] updating countdown to 43363
[10:44:56.717] [SEVERE ] updating countdown to 43341
[10:44:56.740] [SEVERE ] updating countdown to 43318
[10:44:56.764] [SEVERE ] updating countdown to 43294
[10:44:56.786] [SEVERE ] updating countdown to 43272
[10:44:56.808] [SEVERE ] updating countdown to 43250
[10:44:56.829] [SEVERE ] updating countdown to 43229
[10:44:56.854] [SEVERE ] updating countdown to 43204
[10:44:56.878] [SEVERE ] updating countdown to 43180
[10:44:56.900] [SEVERE ] updating countdown to 43158
[10:44:56.924] [SEVERE ] updating countdown to 43134
[10:44:56.950] [SEVERE ] updating countdown to 43108
[10:44:56.973] [SEVERE ] updating countdown to 43085
[10:44:56.994] [SEVERE ] updating countdown to 43064
[10:44:57.016] [SEVERE ] updating countdown to 43042
[10:44:57.040] [SEVERE ] updating countdown to 43018
[10:44:57.063] [SEVERE ] updating countdown to 42995
[10:44:57.088] [SEVERE ] updating countdown to 42970
[10:44:57.111] [SEVERE ] updating countdown to 42947
[10:44:57.135] [SEVERE ] updating countdown to 42923
[10:44:57.158] [SEVERE ] updating countdown to 42900
[10:44:57.183] [SEVERE ] updating countdown to 42875
[10:44:57.205] [SEVERE ] updating countdown to 42853
[10:44:57.231] [SEVERE ] updating countdown to 42827
[10:44:57.253] [SEVERE ] updating countdown to 42805
[10:44:57.279] [SEVERE ] updating countdown to 42779
[10:44:57.301] [SEVERE ] updating countdown to 42757
[10:44:57.326] [SEVERE ] updating countdown to 42732
[10:44:57.348] [SEVERE ] updating countdown to 42710
[10:44:57.369] [SEVERE ] updating countdown to 42689
[10:44:57.387] [SEVERE ] key 65 was pressed by player 1
[10:44:57.388] [SEVERE ] removing player 1 token from slot 4
[10:44:57.388] [SEVERE ] player 1 placing token on slot 4
[10:44:57.388] [SEVERE ] removing player 1 token from slot 4
[10:44:57.388] [SEVERE ] removing player 1 token from slot 1
[10:44:57.388] [SEVERE ] removing player 1 token from slot 2
[10:44:57.389] [SEVERE ] setting player 1 freeze to 3000
[10:44:57.391] [SEVERE ] updating countdown to 42667
[10:44:57.411] [SEVERE ] updating countdown to 42647
[10:44:57.433] [SEVERE ] updating countdown to 42625
[10:44:57.455] [SEVERE ] updating countdown to 42603
[10:44:57.480] [SEVERE ] updating countdown to 42578
[10:44:57.501] [SEVERE ] updating countdown to 42557
[10:44:57.523] [SEVERE ] updating countdown to 42535
[10:44:57.549] [SEVERE ] updating countdown to 42509
[10:44:57.573] [SEVERE ] updating countdown to 42485
[10:44:57.595] [SEVERE ] updating countdown to 42463
[10:44:57.620] [SEVERE ] updating countdown to 42438
[10:44:57.641] [SEVERE ] updating countdown to 42417
[10:44:57.662] [SEVERE ] updating countdown to 42396
[10:44:57.688] [SEVERE ] updating countdown to 42370
[10:44:57.712] [SEVERE ] updating countdown to 42346
[10:44:57.734] [SEVERE ] updating countdown to 42324
[10:44:57.757] [SEVERE ] updating countdown to 42301
[10:44:57.780] [SEVERE ] updating countdown to 42278
[10:44:57.803] [SEVERE ] updating countdown to 42255
[10:44:57.825] [SEVERE ] updating countdown to 42233
[10:44:57.847] [SEVERE ] updating countdown to 42211
[10:44:57.868] [SEVERE ] updating countdown to 42190
[10:44:57.892] [SEVERE ] updating countdown to 42166
[10:44:57.918] [SEVERE ] updating countdown to 42140
[10:44:57.943] [SEVERE ] updating countdown to 42115
[10:44:57.967] [SEVERE ] updating countdown to 42091
[10:44:57.989] [SEVERE ] updating countdown to 42069
[10:44:58.011] [SEVERE ] updating countdown to 42047
[10:44:58.035] [SEVERE ] updating countdown to 42023
[10:44:58.056] [SEVERE ] updating countdown to 42002
[10:44:58.077] [SEVERE ] updating countdown to 41981
[10:44:58.101] [SEVERE ] updating countdown to 41957
[10:44:58.127] [SEVERE ] updating countdown to 41931
[10:44:58.149] [SEVERE ] updating countdown to 41909
[10:44:58.168] [SEVERE ] key 65 was pressed by player 1
[10:44:58.169] [SEVERE ] updating countdown to 41889
[10:44:58.195] [SEVERE ] updating countdown to 41863
[10:44:58.221] [SEVERE ] updating countdown to 41837
[10:44:58.240] [SEVERE ] key 83 was pressed by player 1
[10:44:58.243] [SEVERE ] updating countdown to 41815
[10:44:58.268] [SEVERE ] updating countdown to 41790
[10:44:58.293] [SEVERE ] updating countdown to 41765
[10:44:58.319] [SEVERE ] updating countdown to 41739
[10:44:58.342] [SEVERE ] updating countdown to 41716
[10:44:58.364] [SEVERE ] updating countdown to 41694
[10:44:58.378] [SEVERE ] key 68 was pressed by player 1
[10:44:58.386] [SEVERE ] updating countdown to 41672
[10:44:58.411] [SEVERE ] updating countdown to 41647
[10:44:58.435] [SEVERE ] updating countdown to 41623
[10:44:58.456] [SEVERE ] updating countdown to 41602
[10:44:58.482] [SEVERE ] updating countdown to 41576
[10:44:58.507] [SEVERE ] updating countdown to 41551
[10:44:58.528] [SEVERE ] updating countdown to 41530
[10:44:58.551] [SEVERE ] updating countdown to 41507
[10:44:58.572] [SEVERE ] updating countdown to 41486
[10:44:58.594] [SEVERE ] updating countdown to 41464
[10:44:58.619] [SEVERE ] updating countdown to 41439
[10:44:58.643] [SEVERE ] updating countdown to 41415
[10:44:58.668] [SEVERE ] updating countdown to 41390
[10:44:58.694] [SEVERE ] updating countdown to 41364
[10:44:58.720] [SEVERE ] updating countdown to 41338
[10:44:58.742] [SEVERE ] updating countdown to 41316
[10:44:58.764] [SEVERE ] updating countdown to 41294
[10:44:58.769] [SEVERE ] key 83 was pressed by player 1
[10:44:58.770] [SEVERE ] key 68 was pressed by player 1
[10:44:58.787] [SEVERE ] updating countdown to 41271
[10:44:58.808] [SEVERE ] updating countdown to 41250
[10:44:58.829] [SEVERE ] updating countdown to 41229
[10:44:58.853] [SEVERE ] updating countdown to 41205
[10:44:58.875] [SEVERE ] updating countdown to 41183
[10:44:58.899] [SEVERE ] updating countdown to 41159
[10:44:58.921] [SEVERE ] updating countdown to 41137
[10:44:58.944] [SEVERE ] updating countdown to 41114
[10:44:58.969] [SEVERE ] updating countdown to 41089
[10:44:58.990] [SEVERE ] updating countdown to 41068
[10:44:59.016] [SEVERE ] updating countdown to 41042
[10:44:59.037] [SEVERE ] updating countdown to 41021
[10:44:59.058] [SEVERE ] updating countdown to 41000
[10:44:59.081] [SEVERE ] updating countdown to 40977
[10:44:59.106] [SEVERE ] updating countdown to 40952
[10:44:59.131] [SEVERE ] updating countdown to 40927
[10:44:59.155] [SEVERE ] updating countdown to 40903
[10:44:59.181] [SEVERE ] updating countdown to 40877
[10:44:59.203] [SEVERE ] updating countdown to 40855
[10:44:59.229] [SEVERE ] updating countdown to 40829
[10:44:59.251] [SEVERE ] updating countdown to 40807
[10:44:59.277] [SEVERE ] updating countdown to 40781
[10:44:59.301] [SEVERE ] updating countdown to 40757
[10:44:59.326] [SEVERE ] updating countdown to 40732
[10:44:59.348] [SEVERE ] updating countdown to 40710
[10:44:59.369] [SEVERE ] updating countdown to 40689
[10:44:59.391] [SEVERE ] updating countdown to 40667
[10:44:59.412] [SEVERE ] updating countdown to 40646
[10:44:59.436] [SEVERE ] updating countdown to 40622
[10:44:59.460] [SEVERE ] updating countdown to 40598
[10:44:59.485] [SEVERE ] updating countdown to 40573
[10:44:59.510] [SEVERE ] updating countdown to 40548
[10:44:59.533] [SEVERE ] updating countdown to 40525
[10:44:59.558] [SEVERE ] updating countdown to 40500
[10:44:59.584] [SEVERE ] updating countdown to 40474
[10:44:59.607] [SEVERE ] updating countdown to 40451
[10:44:59.627] [SEVERE ] updating countdown to 40431
[10:44:59.649] [SEVERE ] updating countdown to 40409
[10:44:59.675] [SEVERE ] updating countdown to 40383
[10:44:59.701] [SEVERE ] updating countdown to 40357
[10:44:59.723] [SEVERE ] updating countdown to 40335
[10:44:59.745] [SEVERE ] updating countdown to 40313
[10:44:59.771] [SEVERE ] updating countdown to 40287
[10:44:59.797] [SEVERE ] updating countdown to 40261
[10:44:59.819] [SEVERE ] updating countdown to 40239
[10:44:59.845] [SEVERE ] updating countdown to 40213
[10:44:59.867] [SEVERE ] updating countdown to 40191
[10:44:59.887] [SEVERE ] updating countdown to 40171
[10:44:59.909] [SEVERE ] updating countdown to 40149
[10:44:59.929] [SEVERE ] updating countdown to 40129
[10:44:59.951] [SEVERE ] updating countdown to 40107
[10:44:59.972] [SEVERE ] updating countdown to 40086
[10:44:59.992] [SEVERE ] updating countdown to 40066
[10:45:00.013] [SEVERE ] updating countdown to 40045
[10:45:00.035] [SEVERE ] updating countdown to 40023
[10:45:00.056] [SEVERE ] updating countdown to 40002
[10:45:00.078] [SEVERE ] updating countdown to 39980
[10:45:00.100] [SEVERE ] updating countdown to 39958
[10:45:00.123] [SEVERE ] updating countdown to 39935
[10:45:00.145] [SEVERE ] updating countdown to 39913
[10:45:00.167] [SEVERE ] updating countdown to 39891
[10:45:00.191] [SEVERE ] updating countdown to 39867
[10:45:00.217] [SEVERE ] updating countdown to 39841
[10:45:00.240] [SEVERE ] updating countdown to 39818
[10:45:00.262] [SEVERE ] updating countdown to 39796
[10:45:00.284] [SEVERE ] updating countdown to 39774
[10:45:00.307] [SEVERE ] updating countdown to 39751
[10:45:00.330] [SEVERE ] updating countdown to 39728
[10:45:00.355] [SEVERE ] updating countdown to 39703
[10:45:00.376] [SEVERE ] updating countdown to 39682
[10:45:00.390] [SEVERE ] setting player 1 freeze to 0
[10:45:00.390] [SEVERE ] player 1 placing token on slot 4
[10:45:00.390] [SEVERE ] player 1 placing token on slot 5
[10:45:00.391] [SEVERE ] removing player 1 token from slot 6
[10:45:00.391] [SEVERE ] player 1 placing token on slot 6
[10:45:00.391] [SEVERE ] removing player 1 token from slot 4
[10:45:00.391] [SEVERE ] removing player 1 token from slot 1
[10:45:00.391] [SEVERE ] removing player 1 token from slot 2
[10:45:00.392] [SEVERE ] setting player 1 freeze to 3000
[10:45:00.397] [SEVERE ] updating countdown to 39661
[10:45:00.419] [SEVERE ] updating countdown to 39639
[10:45:00.450] [SEVERE ] updating countdown to 39608
[10:45:00.472] [SEVERE ] updating countdown to 39586
[10:45:00.492] [SEVERE ] updating countdown to 39566
[10:45:00.518] [SEVERE ] updating countdown to 39540
[10:45:00.540] [SEVERE ] updating countdown to 39518
[10:45:00.565] [SEVERE ] updating countdown to 39493
[10:45:00.590] [SEVERE ] updating countdown to 39468
[10:45:00.610] [SEVERE ] updating countdown to 39448
[10:45:00.636] [SEVERE ] updating countdown to 39422
[10:45:00.658] [SEVERE ] updating countdown to 39400
[10:45:00.679] [SEVERE ] updating countdown to 39379
[10:45:00.701] [SEVERE ] updating countdown to 39357
[10:45:00.724] [SEVERE ] updating countdown to 39334
[10:45:00.745] [SEVERE ] updating countdown to 39313
[10:45:00.768] [SEVERE ] updating countdown to 39290
[10:45:00.788] [SEVERE ] updating countdown to 39270
[10:45:00.811] [SEVERE ] updating countdown to 39247
[10:45:00.833] [SEVERE ] updating countdown to 39225
[10:45:00.857] [SEVERE ] updating countdown to 39201
[10:45:00.878] [SEVERE ] updating countdown to 39180
[10:45:00.899] [SEVERE ] updating countdown to 39159
[10:45:00.920] [SEVERE ] updating countdown to 39138
[10:45:00.942] [SEVERE ] updating countdown to 39116
[10:45:00.963] [SEVERE ] updating countdown to 39095
[10:45:00.988] [SEVERE ] updating countdown to 39070
[10:45:01.012] [SEVERE ] updating countdown to 39046
[10:45:01.034] [SEVERE ] updating countdown to 39024
[10:45:01.056] [SEVERE ] updating countdown to 39002
[10:45:01.077] [SEVERE ] updating countdown to 38981
[10:45:01.101] [SEVERE ] updating countdown to 38957
[10:45:01.124] [SEVERE ] updating countdown to 38934
[10:45:01.149] [SEVERE ] updating countdown to 38909
[10:45:01.173] [SEVERE ] updating countdown to 38885
[10:45:01.199] [SEVERE ] updating countdown to 38859
[10:45:01.225] [SEVERE ] updating countdown to 38833
[10:45:01.250] [SEVERE ] updating countdown to 38808
[10:45:01.276] [SEVERE ] updating countdown to 38782
[10:45:01.297] [SEVERE ] updating countdown to 38761
[10:45:01.320] [SEVERE ] updating countdown to 38738
[10:45:01.342] [SEVERE ] updating countdown to 38716
[10:45:01.364] [SEVERE ] updating countdown to 38694
[10:45:01.385] [SEVERE ] updating countdown to 38673
[10:45:01.409] [SEVERE ] updating countdown to 38649
[10:45:01.431] [SEVERE ] updating countdown to 38627
[10:45:01.456] [SEVERE ] updating countdown to 38602
[10:45:01.478] [SEVERE ] updating countdown to 38580
[10:45:01.499] [SEVERE ] updating countdown to 38559
[10:45:01.525] [SEVERE ] updating countdown to 38533
[10:45:01.550] [SEVERE ] updating countdown to 38508
[10:45:01.572] [SEVERE ] updating countdown to 38486
[10:45:01.594] [SEVERE ] updating countdown to 38464
[10:45:01.615] [SEVERE ] updating countdown to 38443
[10:45:01.637] [SEVERE ] updating countdown to 38421
[10:45:01.659] [SEVERE ] updating countdown to 38399
[10:45:01.681] [SEVERE ] updating countdown to 38377
[10:45:01.703] [SEVERE ] updating countdown to 38355
[10:45:01.726] [SEVERE ] updating countdown to 38332
[10:45:01.748] [SEVERE ] updating countdown to 38310
[10:45:01.770] [SEVERE ] updating countdown to 38288
[10:45:01.792] [SEVERE ] updating countdown to 38266
[10:45:01.815] [SEVERE ] updating countdown to 38243
[10:45:01.836] [SEVERE ] updating countdown to 38222
[10:45:01.858] [SEVERE ] updating countdown to 38200
[10:45:01.881] [SEVERE ] updating countdown to 38177
[10:45:01.902] [SEVERE ] updating countdown to 38156
[10:45:01.924] [SEVERE ] updating countdown to 38134
[10:45:01.946] [SEVERE ] updating countdown to 38112
[10:45:01.968] [SEVERE ] updating countdown to 38090
[10:45:01.990] [SEVERE ] updating countdown to 38068
[10:45:02.012] [SEVERE ] updating countdown to 38046
[10:45:02.032] [SEVERE ] updating countdown to 38026
[10:45:02.054] [SEVERE ] updating countdown to 38004
[10:45:02.075] [SEVERE ] updating countdown to 37983
[10:45:02.097] [SEVERE ] updating countdown to 37961
[10:45:02.119] [SEVERE ] updating countdown to 37939
[10:45:02.140] [SEVERE ] updating countdown to 37918
[10:45:02.163] [SEVERE ] updating countdown to 37895
[10:45:02.184] [SEVERE ] updating countdown to 37874
[10:45:02.210] [SEVERE ] updating countdown to 37848
[10:45:02.232] [SEVERE ] updating countdown to 37826
[10:45:02.254] [SEVERE ] updating countdown to 37804
[10:45:02.275] [SEVERE ] updating countdown to 37783
[10:45:02.301] [SEVERE ] updating countdown to 37757
[10:45:02.326] [SEVERE ] updating countdown to 37732
[10:45:02.352] [SEVERE ] updating countdown to 37706
[10:45:02.378] [SEVERE ] updating countdown to 37680
[10:45:02.404] [SEVERE ] updating countdown to 37654
[10:45:02.430] [SEVERE ] updating countdown to 37628
[10:45:02.456] [SEVERE ] updating countdown to 37602
[10:45:02.479] [SEVERE ] updating countdown to 37579
[10:45:02.500] [SEVERE ] updating countdown to 37558
[10:45:02.526] [SEVERE ] updating countdown to 37532
[10:45:02.547] [SEVERE ] updating countdown to 37511
[10:45:02.571] [SEVERE ] updating countdown to 37487
[10:45:02.593] [SEVERE ] updating countdown to 37465
[10:45:02.618] [SEVERE ] updating countdown to 37440
[10:45:02.644] [SEVERE ] updating countdown to 37414
[10:45:02.665] [SEVERE ] updating countdown to 37393
[10:45:02.687] [SEVERE ] updating countdown to 37371
[10:45:02.708] [SEVERE ] updating countdown to 37350
[10:45:02.729] [SEVERE ] updating countdown to 37329
[10:45:02.750] [SEVERE ] updating countdown to 37308
[10:45:02.771] [SEVERE ] updating countdown to 37287
[10:45:02.797] [SEVERE ] updating countdown to 37261
[10:45:02.822] [SEVERE ] updating countdown to 37236
[10:45:02.845] [SEVERE ] updating countdown to 37213
[10:45:02.870] [SEVERE ] updating countdown to 37188
[10:45:02.892] [SEVERE ] updating countdown to 37166
[10:45:02.916] [SEVERE ] updating countdown to 37142
[10:45:02.940] [SEVERE ] updating countdown to 37118
[10:45:02.961] [SEVERE ] updating countdown to 37097
[10:45:02.983] [SEVERE ] updating countdown to 37075
[10:45:03.004] [SEVERE ] updating countdown to 37054
[10:45:03.030] [SEVERE ] updating countdown to 37028
[10:45:03.056] [SEVERE ] updating countdown to 37002
[10:45:03.078] [SEVERE ] updating countdown to 36980
[10:45:03.101] [SEVERE ] updating countdown to 36957
[10:45:03.125] [SEVERE ] updating countdown to 36933
[10:45:03.149] [SEVERE ] updating countdown to 36909
[10:45:03.172] [SEVERE ] updating countdown to 36886
[10:45:03.198] [SEVERE ] updating countdown to 36860
[10:45:03.222] [SEVERE ] updating countdown to 36836
[10:45:03.245] [SEVERE ] updating countdown to 36813
[10:45:03.270] [SEVERE ] updating countdown to 36788
[10:45:03.296] [SEVERE ] updating countdown to 36762
[10:45:03.321] [SEVERE ] updating countdown to 36737
[10:45:03.347] [SEVERE ] updating countdown to 36711
[10:45:03.371] [SEVERE ] updating countdown to 36687
[10:45:03.393] [SEVERE ] setting player 1 freeze to 0
[10:45:03.394] [SEVERE ] updating countdown to 36664
[10:45:03.415] [SEVERE ] updating countdown to 36643
[10:45:03.437] [SEVERE ] updating countdown to 36621
[10:45:03.463] [SEVERE ] updating countdown to 36595
[10:45:03.486] [SEVERE ] updating countdown to 36572
[10:45:03.507] [SEVERE ] updating countdown to 36551
[10:45:03.530] [SEVERE ] updating countdown to 36528
[10:45:03.551] [SEVERE ] updating countdown to 36507
[10:45:03.573] [SEVERE ] updating countdown to 36485
[10:45:03.594] [SEVERE ] updating countdown to 36464
[10:45:03.615] [SEVERE ] updating countdown to 36443
[10:45:03.636] [SEVERE ] updating countdown to 36422
[10:45:03.658] [SEVERE ] updating countdown to 36400
[10:45:03.679] [SEVERE ] updating countdown to 36379
[10:45:03.700] [SEVERE ] updating countdown to 36358
[10:45:03.722] [SEVERE ] updating countdown to 36336
[10:45:03.756] [SEVERE ] updating countdown to 36302
[10:45:03.799] [SEVERE ] updating countdown to 36259
[10:45:03.822] [SEVERE ] updating countdown to 36236
[10:45:03.844] [SEVERE ] updating countdown to 36214
[10:45:03.867] [SEVERE ] updating countdown to 36191
[10:45:03.889] [SEVERE ] updating countdown to 36169
[10:45:03.911] [SEVERE ] updating countdown to 36147
[10:45:03.934] [SEVERE ] updating countdown to 36124
[10:45:03.960] [SEVERE ] updating countdown to 36098
[10:45:03.982] [SEVERE ] updating countdown to 36076
[10:45:04.003] [SEVERE ] updating countdown to 36055
[10:45:04.029] [SEVERE ] updating countdown to 36029
[10:45:04.051] [SEVERE ] updating countdown to 36007
[10:45:04.077] [SEVERE ] updating countdown to 35981
[10:45:04.100] [SEVERE ] updating countdown to 35958
[10:45:04.125] [SEVERE ] updating countdown to 35933
[10:45:04.146] [SEVERE ] updating countdown to 35912
[10:45:04.167] [SEVERE ] updating countdown to 35891
[10:45:04.189] [SEVERE ] updating countdown to 35869
[10:45:04.211] [SEVERE ] updating countdown to 35847
[10:45:04.232] [SEVERE ] updating countdown to 35826
[10:45:04.254] [SEVERE ] updating countdown to 35804
[10:45:04.279] [SEVERE ] updating countdown to 35779
[10:45:04.300] [SEVERE ] updating countdown to 35758
[10:45:04.323] [SEVERE ] updating countdown to 35735
[10:45:04.346] [SEVERE ] updating countdown to 35712
[10:45:04.372] [SEVERE ] updating countdown to 35686
[10:45:04.395] [SEVERE ] updating countdown to 35663
[10:45:04.416] [SEVERE ] updating countdown to 35642
[10:45:04.442] [SEVERE ] updating countdown to 35616
[10:45:04.467] [SEVERE ] updating countdown to 35591
[10:45:04.491] [SEVERE ] updating countdown to 35567
[10:45:04.513] [SEVERE ] updating countdown to 35545
[10:45:04.533] [SEVERE ] updating countdown to 35525
[10:45:04.554] [SEVERE ] updating countdown to 35504
[10:45:04.580] [SEVERE ] updating countdown to 35478
[10:45:04.604] [SEVERE ] updating countdown to 35454
[10:45:04.625] [SEVERE ] updating countdown to 35433
[10:45:04.646] [SEVERE ] updating countdown to 35412
[10:45:04.671] [SEVERE ] updating countdown to 35387
[10:45:04.693] [SEVERE ] updating countdown to 35365
[10:45:04.718] [SEVERE ] updating countdown to 35340
[10:45:04.740] [SEVERE ] updating countdown to 35318
[10:45:04.762] [SEVERE ] updating countdown to 35296
[10:45:04.783] [SEVERE ] updating countdown to 35275
[10:45:04.809] [SEVERE ] updating countdown to 35249
[10:45:04.835] [SEVERE ] updating countdown to 35223
[10:45:04.861] [SEVERE ] updating countdown to 35197
[10:45:04.887] [SEVERE ] updating countdown to 35171
[10:45:04.909] [SEVERE ] updating countdown to 35149
[10:45:04.930] [SEVERE ] updating countdown to 35128
[10:45:04.951] [SEVERE ] updating countdown to 35107
[10:45:04.973] [SEVERE ] updating countdown to 35085
[10:45:04.997] [SEVERE ] updating countdown to 35061
[10:45:05.021] [SEVERE ] updating countdown to 35037
[10:45:05.042] [SEVERE ] updating countdown to 35016
[10:45:05.063] [SEVERE ] updating countdown to 34995
[10:45:05.084] [SEVERE ] updating countdown to 34974
[10:45:05.105] [SEVERE ] updating countdown to 34953
[10:45:05.126] [SEVERE ] updating countdown to 34932
[10:45:05.148] [SEVERE ] updating countdown to 34910
[10:45:05.168] [SEVERE ] updating countdown to 34890
[10:45:05.190] [SEVERE ] updating countdown to 34868
[10:45:05.210] [SEVERE ] updating countdown to 34848
[10:45:05.232] [SEVERE ] updating countdown to 34826
[10:45:05.254] [SEVERE ] updating countdown to 34804
[10:45:05.276] [SEVERE ] updating countdown to 34782
[10:45:05.301] [SEVERE ] updating countdown to 34757
[10:45:05.322] [SEVERE ] updating countdown to 34736
[10:45:05.343] [SEVERE ] updating countdown to 34715
[10:45:05.365] [SEVERE ] updating countdown to 34693
[10:45:05.390] [SEVERE ] updating countdown to 34668
[10:45:05.413] [SEVERE ] updating countdown to 34645
[10:45:05.439] [SEVERE ] updating countdown to 34619
[10:45:05.465] [SEVERE ] updating countdown to 34593
[10:45:05.487] [SEVERE ] updating countdown to 34571
[10:45:05.508] [SEVERE ] updating countdown to 34550
[10:45:05.530] [SEVERE ] updating countdown to 34528
[10:45:05.555] [SEVERE ] updating countdown to 34503
[10:45:05.575] [SEVERE ] updating countdown to 34483
[10:45:05.599] [SEVERE ] updating countdown to 34459
[10:45:05.623] [SEVERE ] updating countdown to 34435
[10:45:05.645] [SEVERE ] updating countdown to 34413
[10:45:05.666] [SEVERE ] updating countdown to 34392
[10:45:05.692] [SEVERE ] updating countdown to 34366
[10:45:05.718] [SEVERE ] updating countdown to 34340
[10:45:05.742] [SEVERE ] updating countdown to 34316
[10:45:05.762] [SEVERE ] updating countdown to 34296
[10:45:05.784] [SEVERE ] updating countdown to 34274
[10:45:05.810] [SEVERE ] updating countdown to 34248
[10:45:05.833] [SEVERE ] updating countdown to 34225
[10:45:05.856] [SEVERE ] updating countdown to 34202
[10:45:05.877] [SEVERE ] updating countdown to 34181
[10:45:05.899] [SEVERE ] updating countdown to 34159
[10:45:05.919] [SEVERE ] updating countdown to 34139
[10:45:05.940] [SEVERE ] updating countdown to 34118
[10:45:05.961] [SEVERE ] updating countdown to 34097
[10:45:05.983] [SEVERE ] updating countdown to 34075
[10:45:06.004] [SEVERE ] updating countdown to 34054
[10:45:06.026] [SEVERE ] updating countdown to 34032
[10:45:06.048] [SEVERE ] updating countdown to 34010
[10:45:06.070] [SEVERE ] updating countdown to 33988
[10:45:06.092] [SEVERE ] updating countdown to 33966
[10:45:06.112] [SEVERE ] updating countdown to 33946
[10:45:06.133] [SEVERE ] updating countdown to 33925
[10:45:06.155] [SEVERE ] updating countdown to 33903
