[11:50:41.973] [INFO   ] thread main starting.
[11:50:41.978] [SEVERE ] cannot read configuration file config.properties trying from resources.
[11:50:41.979] [SEVERE ] configuration file was loaded from resources directory.
[11:50:42.277] [INFO   ] thread dealer starting.
[11:50:42.278] [INFO   ] thread dealer starting.
[11:50:42.278] [INFO   ] thread playerID: 1 starting.
[11:50:42.278] [INFO   ] thread playerID: 0 starting.
[11:50:42.281] [SEVERE ] updating countdown to 60000
[11:50:42.384] [SEVERE ] placing card 75 in slot 7
[11:50:42.490] [SEVERE ] placing card 58 in slot 9
[11:50:42.596] [SEVERE ] placing card 16 in slot 3
[11:50:42.697] [SEVERE ] placing card 28 in slot 2
[11:50:42.798] [SEVERE ] placing card 40 in slot 4
[11:50:42.903] [SEVERE ] placing card 48 in slot 11
[11:50:43.009] [SEVERE ] placing card 57 in slot 6
[11:50:43.110] [SEVERE ] placing card 29 in slot 5
[11:50:43.214] [SEVERE ] placing card 11 in slot 1
[11:50:43.316] [SEVERE ] placing card 4 in slot 8
[11:50:43.419] [SEVERE ] placing card 25 in slot 0
[11:50:43.521] [SEVERE ] placing card 23 in slot 10
[11:50:43.542] [SEVERE ] updating countdown to 58739
[11:50:43.543] [INFO   ] thread dealer terminated.
[11:50:48.549] [SEVERE ] thanks for playing... it was fun!
[11:50:48.550] [INFO   ] thread main terminated.
[11:50:48.550] [SEVERE ] disposing of user interface elements
