[12:01:16.497] [INFO   ] thread main starting.
[12:01:16.502] [SEVERE ] cannot read configuration file config.properties trying from resources.
[12:01:16.503] [SEVERE ] configuration file was loaded from resources directory.
[12:01:16.837] [INFO   ] thread dealer starting.
[12:01:16.838] [INFO   ] thread playerID: 0 starting.
[12:01:16.838] [INFO   ] thread dealer starting.
[12:01:16.838] [INFO   ] thread playerID: 1 starting.
[12:01:16.841] [SEVERE ] updating countdown to 60000
[12:01:16.944] [SEVERE ] placing card 72 in slot 4
[12:01:17.046] [SEVERE ] placing card 69 in slot 5
[12:01:17.147] [SEVERE ] placing card 4 in slot 11
[12:01:17.249] [SEVERE ] placing card 20 in slot 10
[12:01:17.351] [SEVERE ] placing card 78 in slot 7
[12:01:17.453] [SEVERE ] placing card 52 in slot 1
[12:01:17.557] [SEVERE ] placing card 44 in slot 9
[12:01:17.659] [SEVERE ] placing card 67 in slot 3
[12:01:17.763] [SEVERE ] placing card 59 in slot 6
[12:01:17.864] [SEVERE ] placing card 54 in slot 8
[12:01:17.968] [SEVERE ] placing card 43 in slot 0
[12:01:18.072] [SEVERE ] placing card 60 in slot 2
[12:01:18.093] [SEVERE ] updating countdown to 58748
[12:01:18.117] [SEVERE ] updating countdown to 58724
[12:01:18.139] [SEVERE ] updating countdown to 58702
[12:01:18.161] [SEVERE ] updating countdown to 58680
[12:01:18.185] [SEVERE ] updating countdown to 58656
[12:01:18.212] [SEVERE ] updating countdown to 58630
[12:01:18.234] [SEVERE ] updating countdown to 58607
[12:01:18.260] [SEVERE ] updating countdown to 58581
[12:01:18.286] [SEVERE ] updating countdown to 58555
[12:01:18.313] [SEVERE ] updating countdown to 58529
[12:01:18.334] [SEVERE ] updating countdown to 58507
[12:01:18.361] [SEVERE ] updating countdown to 58481
[12:01:18.382] [SEVERE ] updating countdown to 58459
[12:01:18.406] [SEVERE ] updating countdown to 58435
[12:01:18.428] [SEVERE ] updating countdown to 58413
[12:01:18.454] [SEVERE ] updating countdown to 58388
[12:01:18.475] [SEVERE ] updating countdown to 58366
[12:01:18.496] [SEVERE ] updating countdown to 58345
[12:01:18.523] [SEVERE ] updating countdown to 58318
[12:01:18.545] [SEVERE ] updating countdown to 58296
[12:01:18.567] [SEVERE ] updating countdown to 58274
[12:01:18.589] [SEVERE ] updating countdown to 58252
[12:01:18.614] [SEVERE ] updating countdown to 58227
[12:01:18.637] [SEVERE ] updating countdown to 58204
[12:01:18.663] [SEVERE ] updating countdown to 58178
[12:01:18.685] [SEVERE ] updating countdown to 58156
[12:01:18.710] [SEVERE ] updating countdown to 58131
[12:01:18.734] [SEVERE ] updating countdown to 58107
[12:01:18.760] [SEVERE ] updating countdown to 58081
[12:01:18.782] [SEVERE ] updating countdown to 58059
[12:01:18.806] [SEVERE ] updating countdown to 58035
[12:01:18.830] [SEVERE ] updating countdown to 58011
[12:01:18.851] [SEVERE ] updating countdown to 57990
[12:01:18.873] [SEVERE ] updating countdown to 57968
[12:01:18.894] [SEVERE ] updating countdown to 57947
[12:01:18.916] [SEVERE ] updating countdown to 57926
[12:01:18.937] [SEVERE ] updating countdown to 57904
[12:01:18.958] [SEVERE ] updating countdown to 57883
[12:01:18.980] [SEVERE ] updating countdown to 57861
[12:01:19.002] [SEVERE ] updating countdown to 57839
[12:01:19.023] [SEVERE ] updating countdown to 57818
[12:01:19.049] [SEVERE ] updating countdown to 57792
[12:01:19.071] [SEVERE ] updating countdown to 57770
[12:01:19.094] [SEVERE ] updating countdown to 57747
[12:01:19.115] [SEVERE ] updating countdown to 57726
[12:01:19.138] [SEVERE ] updating countdown to 57703
[12:01:19.161] [SEVERE ] updating countdown to 57680
[12:01:19.187] [SEVERE ] updating countdown to 57654
[12:01:19.209] [SEVERE ] updating countdown to 57632
[12:01:19.230] [SEVERE ] updating countdown to 57611
[12:01:19.252] [SEVERE ] updating countdown to 57589
[12:01:19.277] [SEVERE ] updating countdown to 57564
[12:01:19.300] [SEVERE ] updating countdown to 57541
[12:01:19.324] [SEVERE ] updating countdown to 57517
[12:01:19.348] [SEVERE ] updating countdown to 57493
[12:01:19.373] [SEVERE ] updating countdown to 57468
[12:01:19.395] [SEVERE ] updating countdown to 57446
[12:01:19.418] [SEVERE ] updating countdown to 57423
[12:01:19.442] [SEVERE ] updating countdown to 57399
[12:01:19.465] [SEVERE ] updating countdown to 57376
[12:01:19.491] [SEVERE ] updating countdown to 57350
[12:01:19.517] [SEVERE ] updating countdown to 57324
[12:01:19.541] [SEVERE ] updating countdown to 57300
[12:01:19.566] [SEVERE ] updating countdown to 57275
[12:01:19.591] [SEVERE ] updating countdown to 57250
[12:01:19.613] [SEVERE ] updating countdown to 57228
[12:01:19.640] [SEVERE ] updating countdown to 57202
[12:01:19.666] [SEVERE ] updating countdown to 57176
[12:01:19.687] [SEVERE ] updating countdown to 57154
[12:01:19.712] [SEVERE ] updating countdown to 57129
[12:01:19.739] [SEVERE ] updating countdown to 57103
[12:01:19.764] [SEVERE ] updating countdown to 57077
[12:01:19.786] [SEVERE ] updating countdown to 57055
[12:01:19.810] [SEVERE ] updating countdown to 57031
[12:01:19.835] [SEVERE ] updating countdown to 57006
[12:01:19.856] [SEVERE ] updating countdown to 56985
[12:01:19.878] [SEVERE ] updating countdown to 56963
[12:01:19.901] [SEVERE ] updating countdown to 56940
[12:01:19.927] [SEVERE ] updating countdown to 56914
[12:01:19.953] [SEVERE ] updating countdown to 56888
[12:01:19.975] [SEVERE ] updating countdown to 56866
[12:01:19.996] [SEVERE ] updating countdown to 56845
[12:01:20.022] [SEVERE ] updating countdown to 56819
[12:01:20.048] [SEVERE ] updating countdown to 56793
[12:01:20.070] [SEVERE ] updating countdown to 56771
[12:01:20.092] [SEVERE ] updating countdown to 56749
[12:01:20.113] [SEVERE ] updating countdown to 56728
[12:01:20.137] [SEVERE ] updating countdown to 56704
[12:01:20.159] [SEVERE ] updating countdown to 56682
[12:01:20.180] [SEVERE ] updating countdown to 56661
[12:01:20.205] [SEVERE ] updating countdown to 56636
[12:01:20.230] [SEVERE ] updating countdown to 56611
[12:01:20.256] [SEVERE ] updating countdown to 56585
[12:01:20.280] [SEVERE ] updating countdown to 56562
[12:01:20.303] [SEVERE ] updating countdown to 56538
[12:01:20.325] [SEVERE ] updating countdown to 56516
[12:01:20.347] [SEVERE ] updating countdown to 56494
[12:01:20.373] [SEVERE ] updating countdown to 56469
[12:01:20.398] [SEVERE ] updating countdown to 56443
[12:01:20.423] [SEVERE ] updating countdown to 56418
[12:01:20.448] [SEVERE ] updating countdown to 56393
[12:01:20.474] [SEVERE ] updating countdown to 56367
[12:01:20.498] [SEVERE ] updating countdown to 56343
[12:01:20.520] [SEVERE ] updating countdown to 56321
[12:01:20.545] [SEVERE ] updating countdown to 56296
[12:01:20.568] [SEVERE ] updating countdown to 56273
[12:01:20.590] [SEVERE ] updating countdown to 56251
[12:01:20.612] [SEVERE ] updating countdown to 56229
[12:01:20.639] [SEVERE ] updating countdown to 56203
[12:01:20.661] [SEVERE ] updating countdown to 56180
[12:01:20.687] [SEVERE ] updating countdown to 56154
[12:01:20.711] [SEVERE ] updating countdown to 56130
[12:01:20.735] [SEVERE ] updating countdown to 56106
[12:01:20.756] [SEVERE ] updating countdown to 56085
[12:01:20.778] [SEVERE ] updating countdown to 56064
[12:01:20.800] [SEVERE ] updating countdown to 56041
[12:01:20.821] [SEVERE ] updating countdown to 56020
[12:01:20.846] [SEVERE ] updating countdown to 55995
[12:01:20.872] [SEVERE ] updating countdown to 55969
[12:01:20.898] [SEVERE ] updating countdown to 55943
[12:01:20.925] [SEVERE ] updating countdown to 55916
[12:01:20.951] [SEVERE ] updating countdown to 55891
[12:01:20.973] [SEVERE ] updating countdown to 55868
[12:01:20.999] [SEVERE ] updating countdown to 55843
[12:01:21.025] [SEVERE ] updating countdown to 55817
[12:01:21.050] [SEVERE ] updating countdown to 55791
[12:01:21.072] [SEVERE ] updating countdown to 55769
[12:01:21.093] [SEVERE ] updating countdown to 55748
[12:01:21.115] [SEVERE ] updating countdown to 55726
[12:01:21.141] [SEVERE ] updating countdown to 55700
[12:01:21.163] [SEVERE ] updating countdown to 55678
[12:01:21.188] [SEVERE ] updating countdown to 55653
[12:01:21.210] [SEVERE ] updating countdown to 55631
[12:01:21.236] [SEVERE ] updating countdown to 55605
[12:01:21.260] [SEVERE ] updating countdown to 55581
[12:01:21.285] [SEVERE ] updating countdown to 55556
[12:01:21.312] [SEVERE ] updating countdown to 55530
[12:01:21.337] [SEVERE ] updating countdown to 55504
[12:01:21.359] [SEVERE ] updating countdown to 55482
[12:01:21.384] [SEVERE ] updating countdown to 55457
[12:01:21.406] [SEVERE ] updating countdown to 55435
[12:01:21.428] [SEVERE ] updating countdown to 55413
[12:01:21.450] [SEVERE ] updating countdown to 55391
[12:01:21.473] [SEVERE ] updating countdown to 55368
[12:01:21.499] [SEVERE ] updating countdown to 55342
[12:01:21.522] [SEVERE ] updating countdown to 55319
[12:01:21.547] [SEVERE ] updating countdown to 55294
[12:01:21.573] [SEVERE ] updating countdown to 55268
[12:01:21.597] [SEVERE ] updating countdown to 55244
[12:01:21.619] [SEVERE ] updating countdown to 55222
[12:01:21.641] [SEVERE ] updating countdown to 55200
[12:01:21.663] [SEVERE ] updating countdown to 55178
[12:01:21.689] [SEVERE ] updating countdown to 55152
[12:01:21.714] [SEVERE ] updating countdown to 55127
[12:01:21.739] [SEVERE ] updating countdown to 55102
[12:01:21.764] [SEVERE ] updating countdown to 55078
[12:01:21.786] [SEVERE ] updating countdown to 55055
[12:01:21.808] [SEVERE ] updating countdown to 55033
[12:01:21.833] [SEVERE ] updating countdown to 55008
[12:01:21.857] [SEVERE ] updating countdown to 54984
[12:01:21.878] [SEVERE ] updating countdown to 54963
[12:01:21.899] [SEVERE ] updating countdown to 54942
[12:01:21.925] [SEVERE ] updating countdown to 54916
[12:01:21.950] [SEVERE ] updating countdown to 54891
[12:01:21.976] [SEVERE ] updating countdown to 54865
[12:01:22.002] [SEVERE ] updating countdown to 54839
[12:01:22.025] [SEVERE ] updating countdown to 54816
[12:01:22.046] [SEVERE ] updating countdown to 54795
[12:01:22.071] [SEVERE ] updating countdown to 54770
[12:01:22.094] [SEVERE ] updating countdown to 54747
[12:01:22.117] [SEVERE ] updating countdown to 54724
[12:01:22.139] [SEVERE ] updating countdown to 54702
[12:01:22.161] [SEVERE ] updating countdown to 54680
[12:01:22.186] [SEVERE ] updating countdown to 54655
[12:01:22.212] [SEVERE ] updating countdown to 54629
[12:01:22.235] [SEVERE ] updating countdown to 54606
[12:01:22.261] [SEVERE ] updating countdown to 54580
[12:01:22.286] [SEVERE ] updating countdown to 54555
[12:01:22.312] [SEVERE ] updating countdown to 54529
[12:01:22.335] [SEVERE ] updating countdown to 54506
[12:01:22.359] [SEVERE ] updating countdown to 54482
[12:01:22.384] [SEVERE ] updating countdown to 54457
[12:01:22.410] [SEVERE ] updating countdown to 54431
[12:01:22.432] [SEVERE ] updating countdown to 54409
[12:01:22.453] [SEVERE ] updating countdown to 54388
[12:01:22.479] [SEVERE ] updating countdown to 54362
[12:01:22.506] [SEVERE ] updating countdown to 54336
[12:01:22.528] [SEVERE ] updating countdown to 54313
[12:01:22.549] [SEVERE ] updating countdown to 54292
[12:01:22.573] [SEVERE ] updating countdown to 54268
[12:01:22.598] [SEVERE ] updating countdown to 54243
[12:01:22.621] [SEVERE ] updating countdown to 54220
[12:01:22.646] [SEVERE ] updating countdown to 54195
[12:01:22.671] [SEVERE ] updating countdown to 54170
[12:01:22.695] [SEVERE ] updating countdown to 54146
[12:01:22.720] [SEVERE ] updating countdown to 54121
[12:01:22.743] [SEVERE ] updating countdown to 54098
[12:01:22.767] [SEVERE ] updating countdown to 54074
[12:01:22.788] [SEVERE ] updating countdown to 54053
[12:01:22.813] [SEVERE ] updating countdown to 54028
[12:01:22.838] [SEVERE ] updating countdown to 54003
[12:01:22.860] [SEVERE ] updating countdown to 53981
[12:01:22.885] [SEVERE ] updating countdown to 53956
[12:01:22.909] [SEVERE ] updating countdown to 53932
[12:01:22.933] [SEVERE ] updating countdown to 53908
[12:01:22.954] [SEVERE ] updating countdown to 53887
[12:01:22.977] [SEVERE ] updating countdown to 53864
[12:01:22.998] [SEVERE ] updating countdown to 53843
[12:01:23.020] [SEVERE ] updating countdown to 53821
[12:01:23.046] [SEVERE ] updating countdown to 53796
[12:01:23.071] [SEVERE ] updating countdown to 53770
[12:01:23.093] [SEVERE ] updating countdown to 53748
[12:01:23.118] [SEVERE ] updating countdown to 53723
[12:01:23.144] [SEVERE ] updating countdown to 53698
[12:01:23.169] [SEVERE ] updating countdown to 53672
[12:01:23.192] [SEVERE ] updating countdown to 53649
[12:01:23.218] [SEVERE ] updating countdown to 53623
[12:01:23.242] [SEVERE ] updating countdown to 53599
[12:01:23.264] [SEVERE ] updating countdown to 53577
[12:01:23.290] [SEVERE ] updating countdown to 53551
[12:01:23.314] [SEVERE ] updating countdown to 53527
[12:01:23.340] [SEVERE ] updating countdown to 53501
[12:01:23.363] [SEVERE ] updating countdown to 53478
[12:01:23.388] [SEVERE ] updating countdown to 53453
[12:01:23.414] [SEVERE ] updating countdown to 53427
[12:01:23.437] [SEVERE ] updating countdown to 53404
[12:01:23.463] [SEVERE ] updating countdown to 53378
[12:01:23.486] [SEVERE ] updating countdown to 53355
[12:01:23.512] [SEVERE ] updating countdown to 53329
[12:01:23.537] [SEVERE ] updating countdown to 53304
[12:01:23.562] [SEVERE ] updating countdown to 53279
[12:01:23.585] [SEVERE ] updating countdown to 53256
[12:01:23.610] [SEVERE ] updating countdown to 53231
[12:01:23.632] [SEVERE ] updating countdown to 53209
[12:01:23.653] [SEVERE ] updating countdown to 53188
[12:01:23.676] [SEVERE ] updating countdown to 53165
[12:01:23.697] [SEVERE ] updating countdown to 53144
[12:01:23.722] [SEVERE ] updating countdown to 53119
[12:01:23.745] [SEVERE ] updating countdown to 53096
[12:01:23.769] [SEVERE ] updating countdown to 53072
[12:01:23.791] [SEVERE ] updating countdown to 53050
[12:01:23.814] [SEVERE ] updating countdown to 53027
[12:01:23.840] [SEVERE ] updating countdown to 53001
[12:01:23.866] [SEVERE ] updating countdown to 52975
[12:01:23.887] [SEVERE ] updating countdown to 52954
[12:01:23.908] [SEVERE ] updating countdown to 52933
[12:01:23.930] [SEVERE ] updating countdown to 52911
[12:01:23.952] [SEVERE ] updating countdown to 52889
[12:01:23.973] [SEVERE ] updating countdown to 52868
[12:01:23.999] [SEVERE ] updating countdown to 52842
[12:01:24.022] [SEVERE ] updating countdown to 52819
[12:01:24.048] [SEVERE ] updating countdown to 52793
[12:01:24.072] [SEVERE ] updating countdown to 52769
[12:01:24.098] [SEVERE ] updating countdown to 52743
[12:01:24.123] [SEVERE ] updating countdown to 52718
[12:01:24.149] [SEVERE ] updating countdown to 52692
[12:01:24.171] [SEVERE ] updating countdown to 52670
[12:01:24.193] [SEVERE ] updating countdown to 52648
[12:01:24.219] [SEVERE ] updating countdown to 52622
[12:01:24.240] [SEVERE ] updating countdown to 52601
[12:01:24.265] [SEVERE ] updating countdown to 52576
[12:01:24.286] [SEVERE ] updating countdown to 52555
[12:01:24.312] [SEVERE ] updating countdown to 52529
[12:01:24.338] [SEVERE ] updating countdown to 52503
[12:01:24.360] [SEVERE ] updating countdown to 52481
[12:01:24.383] [SEVERE ] updating countdown to 52458
[12:01:24.404] [SEVERE ] updating countdown to 52437
[12:01:24.429] [SEVERE ] updating countdown to 52412
[12:01:24.452] [SEVERE ] updating countdown to 52389
[12:01:24.473] [SEVERE ] updating countdown to 52368
[12:01:24.495] [SEVERE ] updating countdown to 52346
[12:01:24.520] [SEVERE ] updating countdown to 52321
[12:01:24.542] [SEVERE ] updating countdown to 52299
[12:01:24.568] [SEVERE ] updating countdown to 52273
[12:01:24.594] [SEVERE ] updating countdown to 52247
[12:01:24.617] [SEVERE ] updating countdown to 52224
[12:01:24.641] [SEVERE ] updating countdown to 52200
[12:01:24.666] [SEVERE ] updating countdown to 52175
[12:01:24.692] [SEVERE ] updating countdown to 52149
[12:01:24.713] [SEVERE ] updating countdown to 52128
[12:01:24.735] [SEVERE ] updating countdown to 52106
[12:01:24.757] [SEVERE ] updating countdown to 52084
[12:01:24.778] [SEVERE ] updating countdown to 52063
[12:01:24.800] [SEVERE ] updating countdown to 52041
[12:01:24.822] [SEVERE ] updating countdown to 52019
[12:01:24.845] [SEVERE ] updating countdown to 51996
[12:01:24.871] [SEVERE ] updating countdown to 51970
[12:01:24.897] [SEVERE ] updating countdown to 51944
[12:01:24.922] [SEVERE ] updating countdown to 51919
[12:01:24.948] [SEVERE ] updating countdown to 51893
[12:01:24.977] [SEVERE ] updating countdown to 51864
[12:01:24.999] [SEVERE ] updating countdown to 51842
[12:01:25.025] [SEVERE ] updating countdown to 51816
[12:01:25.046] [SEVERE ] updating countdown to 51795
[12:01:25.072] [SEVERE ] updating countdown to 51769
[12:01:25.098] [SEVERE ] updating countdown to 51743
[12:01:25.119] [SEVERE ] updating countdown to 51722
[12:01:25.140] [SEVERE ] updating countdown to 51701
[12:01:25.166] [SEVERE ] updating countdown to 51675
[12:01:25.190] [SEVERE ] updating countdown to 51651
[12:01:25.212] [SEVERE ] updating countdown to 51629
[12:01:25.238] [SEVERE ] updating countdown to 51603
[12:01:25.264] [SEVERE ] updating countdown to 51577
[12:01:25.287] [SEVERE ] updating countdown to 51554
[12:01:25.308] [SEVERE ] updating countdown to 51533
[12:01:25.332] [SEVERE ] updating countdown to 51509
[12:01:25.358] [SEVERE ] updating countdown to 51483
[12:01:25.382] [SEVERE ] updating countdown to 51459
[12:01:25.405] [SEVERE ] updating countdown to 51436
[12:01:25.427] [SEVERE ] updating countdown to 51414
[12:01:25.448] [SEVERE ] updating countdown to 51393
[12:01:25.471] [SEVERE ] updating countdown to 51370
[12:01:25.492] [SEVERE ] updating countdown to 51349
[12:01:25.515] [SEVERE ] updating countdown to 51326
[12:01:25.538] [SEVERE ] updating countdown to 51303
[12:01:25.561] [SEVERE ] updating countdown to 51280
[12:01:25.586] [SEVERE ] updating countdown to 51255
[12:01:25.612] [SEVERE ] updating countdown to 51229
[12:01:25.636] [SEVERE ] updating countdown to 51205
[12:01:25.660] [SEVERE ] updating countdown to 51181
[12:01:25.682] [SEVERE ] updating countdown to 51159
[12:01:25.705] [SEVERE ] updating countdown to 51136
[12:01:25.730] [SEVERE ] updating countdown to 51111
[12:01:25.753] [SEVERE ] updating countdown to 51088
[12:01:25.774] [SEVERE ] updating countdown to 51067
[12:01:25.796] [SEVERE ] updating countdown to 51045
[12:01:25.818] [SEVERE ] updating countdown to 51023
[12:01:25.842] [SEVERE ] updating countdown to 50999
[12:01:25.863] [SEVERE ] updating countdown to 50978
[12:01:25.888] [SEVERE ] updating countdown to 50953
[12:01:25.910] [SEVERE ] updating countdown to 50931
[12:01:25.934] [SEVERE ] updating countdown to 50907
[12:01:25.955] [SEVERE ] updating countdown to 50886
[12:01:25.978] [SEVERE ] updating countdown to 50863
[12:01:26.000] [SEVERE ] updating countdown to 50841
[12:01:26.024] [SEVERE ] updating countdown to 50817
[12:01:26.049] [SEVERE ] updating countdown to 50792
[12:01:26.071] [SEVERE ] updating countdown to 50770
[12:01:26.092] [SEVERE ] updating countdown to 50749
[12:01:26.109] [SEVERE ] key 81 was pressed by player 1
[12:01:26.110] [SEVERE ] player 1 placing token on slot 0
[12:01:26.113] [SEVERE ] updating countdown to 50728
[12:01:26.139] [SEVERE ] updating countdown to 50702
[12:01:26.161] [SEVERE ] updating countdown to 50680
[12:01:26.184] [SEVERE ] updating countdown to 50657
[12:01:26.207] [SEVERE ] updating countdown to 50634
[12:01:26.225] [SEVERE ] key 87 was pressed by player 1
[12:01:26.226] [SEVERE ] player 1 placing token on slot 1
[12:01:26.228] [SEVERE ] updating countdown to 50613
[12:01:26.248] [SEVERE ] updating countdown to 50593
[12:01:26.270] [SEVERE ] updating countdown to 50571
[12:01:26.295] [SEVERE ] updating countdown to 50546
[12:01:26.316] [SEVERE ] updating countdown to 50525
[12:01:26.341] [SEVERE ] updating countdown to 50501
[12:01:26.362] [SEVERE ] updating countdown to 50479
[12:01:26.385] [SEVERE ] updating countdown to 50456
[12:01:26.406] [SEVERE ] updating countdown to 50435
[12:01:26.427] [SEVERE ] updating countdown to 50414
[12:01:26.452] [SEVERE ] updating countdown to 50389
[12:01:26.473] [SEVERE ] updating countdown to 50368
[12:01:26.496] [SEVERE ] updating countdown to 50345
[12:01:26.518] [SEVERE ] updating countdown to 50323
[12:01:26.540] [SEVERE ] updating countdown to 50301
[12:01:26.564] [SEVERE ] updating countdown to 50277
[12:01:26.588] [SEVERE ] updating countdown to 50253
[12:01:26.609] [SEVERE ] updating countdown to 50232
[12:01:26.631] [SEVERE ] updating countdown to 50210
[12:01:26.655] [SEVERE ] updating countdown to 50186
[12:01:26.677] [SEVERE ] updating countdown to 50164
[12:01:26.696] [SEVERE ] key 65 was pressed by player 1
[12:01:26.697] [SEVERE ] player 1 placing token on slot 4
[12:01:26.697] [SEVERE ] removing player 1 token from slot 0
[12:01:26.698] [SEVERE ] removing player 1 token from slot 1
[12:01:26.698] [SEVERE ] removing player 1 token from slot 4
[12:01:26.698] [SEVERE ] updating countdown to 50143
[12:01:26.700] [SEVERE ] setting player 1 freeze to 3000
[12:01:26.719] [SEVERE ] updating countdown to 50122
[12:01:26.724] [SEVERE ] key 83 was pressed by player 1
[12:01:26.741] [SEVERE ] updating countdown to 50100
[12:01:26.762] [SEVERE ] updating countdown to 50079
[12:01:26.785] [SEVERE ] updating countdown to 50056
[12:01:26.806] [SEVERE ] updating countdown to 50035
[12:01:26.828] [SEVERE ] updating countdown to 50013
[12:01:26.849] [SEVERE ] updating countdown to 49992
[12:01:26.870] [SEVERE ] updating countdown to 49971
[12:01:26.891] [SEVERE ] updating countdown to 49950
[12:01:26.913] [SEVERE ] updating countdown to 49928
[12:01:26.936] [SEVERE ] updating countdown to 49905
[12:01:26.956] [SEVERE ] updating countdown to 49885
[12:01:26.978] [SEVERE ] updating countdown to 49863
[12:01:27.001] [SEVERE ] updating countdown to 49840
[12:01:27.026] [SEVERE ] updating countdown to 49815
[12:01:27.049] [SEVERE ] updating countdown to 49792
[12:01:27.071] [SEVERE ] updating countdown to 49770
[12:01:27.095] [SEVERE ] updating countdown to 49746
[12:01:27.116] [SEVERE ] updating countdown to 49725
[12:01:27.138] [SEVERE ] updating countdown to 49703
[12:01:27.160] [SEVERE ] updating countdown to 49681
[12:01:27.182] [SEVERE ] updating countdown to 49659
[12:01:27.203] [SEVERE ] updating countdown to 49638
[12:01:27.224] [SEVERE ] updating countdown to 49617
[12:01:27.250] [SEVERE ] updating countdown to 49591
[12:01:27.270] [SEVERE ] updating countdown to 49571
[12:01:27.291] [SEVERE ] updating countdown to 49550
[12:01:27.313] [SEVERE ] updating countdown to 49528
[12:01:27.334] [SEVERE ] updating countdown to 49507
[12:01:27.360] [SEVERE ] updating countdown to 49481
[12:01:27.381] [SEVERE ] updating countdown to 49460
[12:01:27.407] [SEVERE ] updating countdown to 49434
[12:01:27.429] [SEVERE ] updating countdown to 49412
[12:01:27.450] [SEVERE ] updating countdown to 49391
[12:01:27.471] [SEVERE ] updating countdown to 49370
[12:01:27.496] [SEVERE ] updating countdown to 49345
[12:01:27.516] [SEVERE ] updating countdown to 49325
[12:01:27.517] [SEVERE ] key 90 was pressed by player 1
[12:01:27.542] [SEVERE ] updating countdown to 49299
[12:01:27.565] [SEVERE ] updating countdown to 49276
[12:01:27.589] [SEVERE ] updating countdown to 49252
[12:01:27.615] [SEVERE ] updating countdown to 49226
[12:01:27.640] [SEVERE ] updating countdown to 49201
[12:01:27.661] [SEVERE ] updating countdown to 49180
[12:01:27.683] [SEVERE ] updating countdown to 49158
[12:01:27.705] [SEVERE ] updating countdown to 49136
[12:01:27.730] [SEVERE ] updating countdown to 49111
[12:01:27.754] [SEVERE ] updating countdown to 49087
[12:01:27.779] [SEVERE ] updating countdown to 49062
[12:01:27.800] [SEVERE ] updating countdown to 49041
[12:01:27.825] [SEVERE ] updating countdown to 49016
[12:01:27.850] [SEVERE ] updating countdown to 48991
[12:01:27.875] [SEVERE ] updating countdown to 48966
[12:01:27.878] [SEVERE ] key 65 was pressed by player 1
[12:01:27.896] [SEVERE ] updating countdown to 48945
[12:01:27.918] [SEVERE ] updating countdown to 48923
[12:01:27.940] [SEVERE ] updating countdown to 48901
[12:01:27.961] [SEVERE ] updating countdown to 48880
[12:01:27.987] [SEVERE ] updating countdown to 48854
[12:01:28.008] [SEVERE ] updating countdown to 48833
[12:01:28.030] [SEVERE ] updating countdown to 48811
[12:01:28.052] [SEVERE ] updating countdown to 48789
[12:01:28.077] [SEVERE ] updating countdown to 48764
[12:01:28.102] [SEVERE ] updating countdown to 48739
[12:01:28.123] [SEVERE ] updating countdown to 48718
[12:01:28.144] [SEVERE ] updating countdown to 48697
[12:01:28.166] [SEVERE ] updating countdown to 48675
[12:01:28.188] [SEVERE ] updating countdown to 48653
[12:01:28.209] [SEVERE ] updating countdown to 48632
[12:01:28.230] [SEVERE ] updating countdown to 48611
[12:01:28.252] [SEVERE ] updating countdown to 48589
[12:01:28.273] [SEVERE ] updating countdown to 48568
[12:01:28.296] [SEVERE ] updating countdown to 48545
[12:01:28.298] [SEVERE ] key 83 was pressed by player 1
[12:01:28.318] [SEVERE ] updating countdown to 48523
[12:01:28.343] [SEVERE ] updating countdown to 48498
[12:01:28.365] [SEVERE ] updating countdown to 48476
[12:01:28.388] [SEVERE ] updating countdown to 48453
[12:01:28.414] [SEVERE ] updating countdown to 48427
[12:01:28.436] [SEVERE ] updating countdown to 48405
[12:01:28.460] [SEVERE ] updating countdown to 48381
[12:01:28.485] [SEVERE ] updating countdown to 48356
[12:01:28.510] [SEVERE ] updating countdown to 48331
[12:01:28.531] [SEVERE ] updating countdown to 48310
[12:01:28.554] [SEVERE ] updating countdown to 48287
[12:01:28.580] [SEVERE ] updating countdown to 48261
[12:01:28.606] [SEVERE ] updating countdown to 48235
[12:01:28.630] [SEVERE ] updating countdown to 48211
[12:01:28.656] [SEVERE ] updating countdown to 48185
[12:01:28.680] [SEVERE ] updating countdown to 48161
[12:01:28.706] [SEVERE ] updating countdown to 48135
[12:01:28.730] [SEVERE ] updating countdown to 48111
[12:01:28.752] [SEVERE ] updating countdown to 48089
[12:01:28.776] [SEVERE ] updating countdown to 48065
[12:01:28.798] [SEVERE ] updating countdown to 48043
[12:01:28.819] [SEVERE ] updating countdown to 48022
[12:01:28.843] [SEVERE ] updating countdown to 47998
[12:01:28.865] [SEVERE ] updating countdown to 47976
[12:01:28.889] [SEVERE ] updating countdown to 47952
[12:01:28.913] [SEVERE ] updating countdown to 47928
[12:01:28.935] [SEVERE ] updating countdown to 47906
[12:01:28.957] [SEVERE ] updating countdown to 47884
[12:01:28.980] [SEVERE ] updating countdown to 47861
[12:01:29.006] [SEVERE ] updating countdown to 47835
[12:01:29.032] [SEVERE ] updating countdown to 47809
[12:01:29.054] [SEVERE ] updating countdown to 47787
[12:01:29.081] [SEVERE ] updating countdown to 47760
[12:01:29.103] [SEVERE ] updating countdown to 47738
[12:01:29.129] [SEVERE ] updating countdown to 47712
[12:01:29.154] [SEVERE ] updating countdown to 47687
[12:01:29.180] [SEVERE ] updating countdown to 47661
[12:01:29.205] [SEVERE ] updating countdown to 47636
[12:01:29.229] [SEVERE ] updating countdown to 47612
[12:01:29.251] [SEVERE ] updating countdown to 47590
[12:01:29.275] [SEVERE ] updating countdown to 47566
[12:01:29.298] [SEVERE ] updating countdown to 47543
[12:01:29.323] [SEVERE ] updating countdown to 47518
[12:01:29.349] [SEVERE ] updating countdown to 47492
[12:01:29.375] [SEVERE ] updating countdown to 47466
[12:01:29.401] [SEVERE ] updating countdown to 47440
[12:01:29.427] [SEVERE ] updating countdown to 47414
[12:01:29.453] [SEVERE ] updating countdown to 47388
[12:01:29.479] [SEVERE ] updating countdown to 47362
[12:01:29.501] [SEVERE ] updating countdown to 47340
[12:01:29.523] [SEVERE ] updating countdown to 47318
[12:01:29.544] [SEVERE ] updating countdown to 47297
[12:01:29.570] [SEVERE ] updating countdown to 47271
[12:01:29.596] [SEVERE ] updating countdown to 47245
[12:01:29.622] [SEVERE ] updating countdown to 47219
[12:01:29.651] [SEVERE ] updating countdown to 47190
[12:01:29.673] [SEVERE ] updating countdown to 47168
[12:01:29.696] [SEVERE ] updating countdown to 47145
[12:01:29.707] [SEVERE ] setting player 1 freeze to 2000
[12:01:29.718] [SEVERE ] updating countdown to 47123
[12:01:29.744] [SEVERE ] updating countdown to 47097
[12:01:29.770] [SEVERE ] updating countdown to 47071
[12:01:29.791] [SEVERE ] updating countdown to 47050
[12:01:29.816] [SEVERE ] updating countdown to 47025
[12:01:29.841] [SEVERE ] updating countdown to 47000
[12:01:29.864] [SEVERE ] updating countdown to 46977
[12:01:29.886] [SEVERE ] updating countdown to 46955
[12:01:29.910] [SEVERE ] updating countdown to 46931
[12:01:29.932] [SEVERE ] updating countdown to 46909
[12:01:29.953] [SEVERE ] updating countdown to 46888
[12:01:29.975] [SEVERE ] updating countdown to 46866
[12:01:29.997] [SEVERE ] updating countdown to 46844
[12:01:30.023] [SEVERE ] updating countdown to 46818
[12:01:30.044] [SEVERE ] updating countdown to 46797
[12:01:30.067] [SEVERE ] updating countdown to 46774
[12:01:30.089] [SEVERE ] updating countdown to 46752
[12:01:30.115] [SEVERE ] updating countdown to 46726
[12:01:30.140] [SEVERE ] updating countdown to 46701
[12:01:30.162] [SEVERE ] updating countdown to 46679
[12:01:30.187] [SEVERE ] updating countdown to 46654
[12:01:30.212] [SEVERE ] updating countdown to 46629
[12:01:30.232] [SEVERE ] updating countdown to 46609
[12:01:30.258] [SEVERE ] updating countdown to 46583
[12:01:30.284] [SEVERE ] updating countdown to 46557
[12:01:30.306] [SEVERE ] updating countdown to 46535
[12:01:30.332] [SEVERE ] updating countdown to 46509
[12:01:30.355] [SEVERE ] updating countdown to 46486
[12:01:30.378] [SEVERE ] updating countdown to 46463
[12:01:30.401] [SEVERE ] updating countdown to 46440
[12:01:30.421] [SEVERE ] updating countdown to 46420
[12:01:30.447] [SEVERE ] updating countdown to 46394
[12:01:30.473] [SEVERE ] updating countdown to 46368
[12:01:30.495] [SEVERE ] updating countdown to 46346
[12:01:30.516] [SEVERE ] updating countdown to 46325
[12:01:30.537] [SEVERE ] updating countdown to 46304
[12:01:30.558] [SEVERE ] updating countdown to 46283
[12:01:30.578] [SEVERE ] updating countdown to 46263
[12:01:30.599] [SEVERE ] updating countdown to 46242
[12:01:30.623] [SEVERE ] updating countdown to 46218
[12:01:30.644] [SEVERE ] updating countdown to 46197
[12:01:30.666] [SEVERE ] updating countdown to 46175
[12:01:30.688] [SEVERE ] updating countdown to 46153
[12:01:30.714] [SEVERE ] updating countdown to 46127
[12:01:30.738] [SEVERE ] updating countdown to 46103
[12:01:30.761] [SEVERE ] updating countdown to 46080
[12:01:30.785] [SEVERE ] updating countdown to 46056
[12:01:30.807] [SEVERE ] updating countdown to 46034
[12:01:30.829] [SEVERE ] updating countdown to 46012
[12:01:30.854] [SEVERE ] updating countdown to 45987
[12:01:30.879] [SEVERE ] updating countdown to 45962
[12:01:30.905] [SEVERE ] updating countdown to 45936
[12:01:30.929] [SEVERE ] updating countdown to 45912
[12:01:30.950] [SEVERE ] updating countdown to 45891
[12:01:30.971] [SEVERE ] updating countdown to 45870
[12:01:30.996] [SEVERE ] updating countdown to 45845
[12:01:31.020] [SEVERE ] updating countdown to 45821
[12:01:31.043] [SEVERE ] updating countdown to 45798
[12:01:31.065] [SEVERE ] updating countdown to 45776
[12:01:31.086] [SEVERE ] updating countdown to 45755
[12:01:31.112] [SEVERE ] updating countdown to 45729
[12:01:31.133] [SEVERE ] updating countdown to 45708
[12:01:31.158] [SEVERE ] updating countdown to 45683
[12:01:31.180] [SEVERE ] updating countdown to 45661
[12:01:31.203] [SEVERE ] updating countdown to 45638
[12:01:31.223] [SEVERE ] updating countdown to 45618
[12:01:31.244] [SEVERE ] updating countdown to 45597
[12:01:31.268] [SEVERE ] updating countdown to 45573
[12:01:31.290] [SEVERE ] updating countdown to 45551
[12:01:31.313] [SEVERE ] updating countdown to 45528
[12:01:31.335] [SEVERE ] updating countdown to 45506
[12:01:31.358] [SEVERE ] updating countdown to 45483
[12:01:31.384] [SEVERE ] updating countdown to 45457
[12:01:31.405] [SEVERE ] updating countdown to 45436
[12:01:31.431] [SEVERE ] updating countdown to 45410
[12:01:31.452] [SEVERE ] updating countdown to 45389
[12:01:31.477] [SEVERE ] updating countdown to 45364
[12:01:31.500] [SEVERE ] updating countdown to 45341
[12:01:31.524] [SEVERE ] updating countdown to 45317
[12:01:31.548] [SEVERE ] updating countdown to 45294
[12:01:31.569] [SEVERE ] updating countdown to 45272
[12:01:31.591] [SEVERE ] updating countdown to 45250
[12:01:31.614] [SEVERE ] updating countdown to 45227
[12:01:31.639] [SEVERE ] updating countdown to 45202
[12:01:31.660] [SEVERE ] updating countdown to 45181
[12:01:31.683] [SEVERE ] updating countdown to 45158
[12:01:31.706] [SEVERE ] updating countdown to 45135
[12:01:31.712] [SEVERE ] setting player 1 freeze to 1000
[12:01:31.727] [SEVERE ] updating countdown to 45114
[12:01:31.753] [SEVERE ] updating countdown to 45088
[12:01:31.775] [SEVERE ] updating countdown to 45066
[12:01:31.801] [SEVERE ] updating countdown to 45040
[12:01:31.823] [SEVERE ] updating countdown to 45018
[12:01:31.847] [SEVERE ] updating countdown to 44994
[12:01:31.867] [SEVERE ] updating countdown to 44974
[12:01:31.890] [SEVERE ] updating countdown to 44951
[12:01:31.914] [SEVERE ] updating countdown to 44927
[12:01:31.936] [SEVERE ] updating countdown to 44905
[12:01:31.959] [SEVERE ] updating countdown to 44882
[12:01:31.983] [SEVERE ] updating countdown to 44858
[12:01:32.005] [SEVERE ] updating countdown to 44836
[12:01:32.027] [SEVERE ] updating countdown to 44814
[12:01:32.050] [SEVERE ] updating countdown to 44791
[12:01:32.073] [SEVERE ] updating countdown to 44768
[12:01:32.094] [SEVERE ] updating countdown to 44747
[12:01:32.116] [SEVERE ] updating countdown to 44725
[12:01:32.138] [SEVERE ] updating countdown to 44703
[12:01:32.160] [SEVERE ] updating countdown to 44681
[12:01:32.182] [SEVERE ] updating countdown to 44659
[12:01:32.207] [SEVERE ] updating countdown to 44634
[12:01:32.230] [SEVERE ] updating countdown to 44611
[12:01:32.255] [SEVERE ] updating countdown to 44586
[12:01:32.279] [SEVERE ] updating countdown to 44562
[12:01:32.304] [SEVERE ] updating countdown to 44537
[12:01:32.328] [SEVERE ] updating countdown to 44513
[12:01:32.354] [SEVERE ] updating countdown to 44487
[12:01:32.378] [SEVERE ] updating countdown to 44463
[12:01:32.403] [SEVERE ] updating countdown to 44438
[12:01:32.425] [SEVERE ] updating countdown to 44416
[12:01:32.451] [SEVERE ] updating countdown to 44390
[12:01:32.475] [SEVERE ] updating countdown to 44366
[12:01:32.496] [SEVERE ] updating countdown to 44345
[12:01:32.522] [SEVERE ] updating countdown to 44319
[12:01:32.545] [SEVERE ] updating countdown to 44296
[12:01:32.568] [SEVERE ] updating countdown to 44273
[12:01:32.594] [SEVERE ] updating countdown to 44247
[12:01:32.620] [SEVERE ] updating countdown to 44221
[12:01:32.642] [SEVERE ] updating countdown to 44199
[12:01:32.668] [SEVERE ] updating countdown to 44173
[12:01:32.689] [SEVERE ] updating countdown to 44152
[12:01:32.711] [SEVERE ] updating countdown to 44130
[12:01:32.713] [SEVERE ] setting player 1 freeze to 0
[12:01:32.714] [SEVERE ] player 1 placing token on slot 5
[12:01:32.714] [SEVERE ] setting player 1 freeze to 3000
[12:01:32.734] [SEVERE ] updating countdown to 44107
[12:01:32.759] [SEVERE ] updating countdown to 44082
[12:01:32.780] [SEVERE ] updating countdown to 44061
[12:01:32.806] [SEVERE ] updating countdown to 44035
[12:01:32.828] [SEVERE ] updating countdown to 44013
[12:01:32.853] [SEVERE ] updating countdown to 43988
[12:01:32.875] [SEVERE ] updating countdown to 43966
[12:01:32.897] [SEVERE ] updating countdown to 43944
[12:01:32.920] [SEVERE ] updating countdown to 43921
[12:01:32.940] [SEVERE ] updating countdown to 43901
[12:01:32.961] [SEVERE ] updating countdown to 43880
[12:01:32.986] [SEVERE ] updating countdown to 43855
[12:01:33.007] [SEVERE ] updating countdown to 43834
[12:01:33.030] [SEVERE ] updating countdown to 43811
[12:01:33.052] [SEVERE ] updating countdown to 43789
[12:01:33.076] [SEVERE ] updating countdown to 43765
[12:01:33.102] [SEVERE ] updating countdown to 43739
[12:01:33.124] [SEVERE ] updating countdown to 43717
[12:01:33.145] [SEVERE ] updating countdown to 43696
[12:01:33.168] [SEVERE ] updating countdown to 43673
[12:01:33.194] [SEVERE ] updating countdown to 43647
[12:01:33.220] [SEVERE ] updating countdown to 43621
[12:01:33.243] [SEVERE ] updating countdown to 43598
[12:01:33.265] [SEVERE ] updating countdown to 43576
[12:01:33.287] [SEVERE ] updating countdown to 43554
[12:01:33.312] [SEVERE ] updating countdown to 43529
[12:01:33.335] [SEVERE ] updating countdown to 43506
[12:01:33.361] [SEVERE ] updating countdown to 43480
[12:01:33.384] [SEVERE ] updating countdown to 43457
[12:01:33.410] [SEVERE ] updating countdown to 43431
[12:01:33.431] [SEVERE ] updating countdown to 43410
[12:01:33.452] [SEVERE ] updating countdown to 43389
[12:01:33.478] [SEVERE ] updating countdown to 43363
[12:01:33.504] [SEVERE ] updating countdown to 43337
[12:01:33.529] [SEVERE ] updating countdown to 43312
[12:01:33.554] [SEVERE ] updating countdown to 43287
[12:01:33.577] [SEVERE ] updating countdown to 43264
[12:01:33.603] [SEVERE ] updating countdown to 43238
[12:01:33.625] [SEVERE ] updating countdown to 43216
[12:01:33.651] [SEVERE ] updating countdown to 43190
[12:01:33.674] [SEVERE ] updating countdown to 43167
[12:01:33.697] [SEVERE ] updating countdown to 43144
[12:01:33.719] [SEVERE ] updating countdown to 43122
[12:01:33.744] [SEVERE ] updating countdown to 43097
[12:01:33.765] [SEVERE ] updating countdown to 43076
[12:01:33.791] [SEVERE ] updating countdown to 43050
[12:01:33.812] [SEVERE ] updating countdown to 43029
[12:01:33.833] [SEVERE ] updating countdown to 43008
[12:01:33.855] [SEVERE ] updating countdown to 42986
[12:01:33.876] [SEVERE ] updating countdown to 42965
[12:01:33.898] [SEVERE ] updating countdown to 42943
[12:01:33.921] [SEVERE ] updating countdown to 42920
[12:01:33.942] [SEVERE ] updating countdown to 42899
[12:01:33.963] [SEVERE ] updating countdown to 42878
[12:01:33.985] [SEVERE ] updating countdown to 42856
[12:01:34.007] [SEVERE ] updating countdown to 42834
[12:01:34.032] [SEVERE ] updating countdown to 42809
[12:01:34.058] [SEVERE ] updating countdown to 42783
[12:01:34.080] [SEVERE ] updating countdown to 42761
[12:01:34.102] [SEVERE ] updating countdown to 42739
[12:01:34.122] [SEVERE ] updating countdown to 42719
[12:01:34.144] [SEVERE ] updating countdown to 42697
[12:01:34.166] [SEVERE ] updating countdown to 42675
[12:01:34.188] [SEVERE ] updating countdown to 42653
[12:01:34.210] [SEVERE ] updating countdown to 42631
[12:01:34.236] [SEVERE ] updating countdown to 42605
[12:01:34.260] [SEVERE ] updating countdown to 42581
[12:01:34.285] [SEVERE ] updating countdown to 42556
[12:01:34.308] [SEVERE ] updating countdown to 42533
[12:01:34.314] [SEVERE ] key 81 was pressed by player 1
[12:01:34.333] [SEVERE ] updating countdown to 42508
[12:01:34.354] [SEVERE ] updating countdown to 42487
[12:01:34.377] [SEVERE ] updating countdown to 42464
[12:01:34.402] [SEVERE ] updating countdown to 42439
[12:01:34.425] [SEVERE ] updating countdown to 42416
[12:01:34.445] [SEVERE ] updating countdown to 42396
[12:01:34.466] [SEVERE ] updating countdown to 42375
[12:01:34.488] [SEVERE ] updating countdown to 42353
[12:01:34.508] [SEVERE ] updating countdown to 42333
[12:01:34.531] [SEVERE ] updating countdown to 42310
[12:01:34.557] [SEVERE ] updating countdown to 42284
[12:01:34.578] [SEVERE ] updating countdown to 42263
[12:01:34.601] [SEVERE ] updating countdown to 42240
[12:01:34.626] [SEVERE ] updating countdown to 42215
[12:01:34.652] [SEVERE ] updating countdown to 42189
[12:01:34.678] [SEVERE ] updating countdown to 42163
[12:01:34.701] [SEVERE ] updating countdown to 42140
[12:01:34.726] [SEVERE ] updating countdown to 42115
[12:01:34.747] [SEVERE ] updating countdown to 42094
[12:01:34.768] [SEVERE ] updating countdown to 42073
[12:01:34.790] [SEVERE ] updating countdown to 42051
[12:01:34.811] [SEVERE ] updating countdown to 42030
[12:01:34.833] [SEVERE ] updating countdown to 42008
[12:01:34.856] [SEVERE ] updating countdown to 41985
[12:01:34.882] [SEVERE ] updating countdown to 41959
[12:01:34.908] [SEVERE ] updating countdown to 41933
[12:01:34.934] [SEVERE ] updating countdown to 41907
[12:01:34.958] [SEVERE ] updating countdown to 41883
[12:01:34.983] [SEVERE ] updating countdown to 41858
[12:01:35.008] [SEVERE ] updating countdown to 41833
[12:01:35.034] [SEVERE ] updating countdown to 41807
[12:01:35.060] [SEVERE ] updating countdown to 41781
[12:01:35.084] [SEVERE ] updating countdown to 41757
[12:01:35.108] [SEVERE ] updating countdown to 41733
[12:01:35.134] [SEVERE ] updating countdown to 41707
[12:01:35.160] [SEVERE ] updating countdown to 41681
[12:01:35.186] [SEVERE ] updating countdown to 41655
[12:01:35.212] [SEVERE ] updating countdown to 41629
[12:01:35.238] [SEVERE ] updating countdown to 41603
[12:01:35.261] [SEVERE ] updating countdown to 41580
[12:01:35.283] [SEVERE ] updating countdown to 41558
[12:01:35.307] [SEVERE ] updating countdown to 41534
[12:01:35.320] [SEVERE ] key 81 was pressed by player 1
[12:01:35.329] [SEVERE ] updating countdown to 41512
[12:01:35.354] [SEVERE ] updating countdown to 41487
[12:01:35.375] [SEVERE ] updating countdown to 41466
[12:01:35.376] [SEVERE ] key 87 was pressed by player 1
[12:01:35.397] [SEVERE ] updating countdown to 41444
[12:01:35.419] [SEVERE ] updating countdown to 41422
[12:01:35.441] [SEVERE ] updating countdown to 41400
[12:01:35.463] [SEVERE ] updating countdown to 41378
[12:01:35.487] [SEVERE ] updating countdown to 41354
[12:01:35.510] [SEVERE ] updating countdown to 41331
[12:01:35.535] [SEVERE ] updating countdown to 41306
[12:01:35.560] [SEVERE ] updating countdown to 41281
[12:01:35.580] [SEVERE ] updating countdown to 41261
[12:01:35.603] [SEVERE ] updating countdown to 41238
[12:01:35.628] [SEVERE ] updating countdown to 41213
[12:01:35.652] [SEVERE ] updating countdown to 41189
[12:01:35.678] [SEVERE ] updating countdown to 41163
[12:01:35.702] [SEVERE ] updating countdown to 41139
[12:01:35.718] [SEVERE ] setting player 1 freeze to 2000
[12:01:35.728] [SEVERE ] updating countdown to 41113
[12:01:35.751] [SEVERE ] updating countdown to 41090
[12:01:35.777] [SEVERE ] updating countdown to 41064
[12:01:35.799] [SEVERE ] updating countdown to 41042
[12:01:35.819] [SEVERE ] updating countdown to 41022
[12:01:35.840] [SEVERE ] updating countdown to 41001
[12:01:35.841] [SEVERE ] key 81 was pressed by player 1
[12:01:35.856] [SEVERE ] key 87 was pressed by player 1
[12:01:35.862] [SEVERE ] updating countdown to 40979
[12:01:35.886] [SEVERE ] updating countdown to 40955
[12:01:35.911] [SEVERE ] updating countdown to 40930
[12:01:35.936] [SEVERE ] updating countdown to 40905
[12:01:35.957] [SEVERE ] updating countdown to 40884
[12:01:35.983] [SEVERE ] updating countdown to 40858
[12:01:36.005] [SEVERE ] updating countdown to 40836
[12:01:36.029] [SEVERE ] updating countdown to 40812
[12:01:36.054] [SEVERE ] updating countdown to 40787
[12:01:36.075] [SEVERE ] updating countdown to 40766
[12:01:36.101] [SEVERE ] updating countdown to 40740
[12:01:36.123] [SEVERE ] updating countdown to 40718
[12:01:36.145] [SEVERE ] updating countdown to 40696
[12:01:36.166] [SEVERE ] updating countdown to 40675
[12:01:36.188] [SEVERE ] updating countdown to 40653
[12:01:36.213] [SEVERE ] updating countdown to 40628
[12:01:36.238] [SEVERE ] updating countdown to 40603
[12:01:36.264] [SEVERE ] updating countdown to 40577
[12:01:36.290] [SEVERE ] updating countdown to 40551
[12:01:36.316] [SEVERE ] updating countdown to 40525
[12:01:36.337] [SEVERE ] key 65 was pressed by player 1
[12:01:36.337] [SEVERE ] updating countdown to 40504
[12:01:36.358] [SEVERE ] updating countdown to 40483
[12:01:36.364] [SEVERE ] key 83 was pressed by player 1
[12:01:36.381] [SEVERE ] updating countdown to 40460
[12:01:36.404] [SEVERE ] updating countdown to 40437
[12:01:36.425] [SEVERE ] updating countdown to 40416
[12:01:36.447] [SEVERE ] updating countdown to 40394
[12:01:36.473] [SEVERE ] updating countdown to 40368
[12:01:36.499] [SEVERE ] updating countdown to 40342
[12:01:36.525] [SEVERE ] updating countdown to 40316
[12:01:36.550] [SEVERE ] updating countdown to 40291
[12:01:36.572] [SEVERE ] updating countdown to 40269
[12:01:36.593] [SEVERE ] updating countdown to 40248
[12:01:36.613] [SEVERE ] updating countdown to 40228
[12:01:36.635] [SEVERE ] updating countdown to 40206
[12:01:36.656] [SEVERE ] updating countdown to 40185
[12:01:36.679] [SEVERE ] updating countdown to 40162
[12:01:36.703] [SEVERE ] updating countdown to 40138
[12:01:36.729] [SEVERE ] updating countdown to 40112
[12:01:36.755] [SEVERE ] updating countdown to 40086
[12:01:36.776] [SEVERE ] key 65 was pressed by player 1
[12:01:36.776] [SEVERE ] updating countdown to 40065
[12:01:36.802] [SEVERE ] updating countdown to 40039
[12:01:36.823] [SEVERE ] updating countdown to 40018
[12:01:36.847] [SEVERE ] updating countdown to 39994
[12:01:36.872] [SEVERE ] updating countdown to 39969
[12:01:36.893] [SEVERE ] updating countdown to 39948
[12:01:36.915] [SEVERE ] updating countdown to 39926
[12:01:36.939] [SEVERE ] updating countdown to 39902
[12:01:36.964] [SEVERE ] updating countdown to 39877
[12:01:36.985] [SEVERE ] updating countdown to 39856
[12:01:37.007] [SEVERE ] updating countdown to 39834
[12:01:37.029] [SEVERE ] updating countdown to 39812
[12:01:37.049] [SEVERE ] updating countdown to 39792
[12:01:37.073] [SEVERE ] updating countdown to 39768
[12:01:37.097] [SEVERE ] updating countdown to 39744
[12:01:37.118] [SEVERE ] updating countdown to 39723
[12:01:37.140] [SEVERE ] updating countdown to 39701
[12:01:37.161] [SEVERE ] updating countdown to 39680
[12:01:37.185] [SEVERE ] updating countdown to 39656
[12:01:37.210] [SEVERE ] updating countdown to 39631
[12:01:37.233] [SEVERE ] updating countdown to 39608
[12:01:37.255] [SEVERE ] updating countdown to 39586
[12:01:37.280] [SEVERE ] updating countdown to 39561
[12:01:37.301] [SEVERE ] updating countdown to 39540
[12:01:37.327] [SEVERE ] updating countdown to 39514
[12:01:37.348] [SEVERE ] updating countdown to 39493
[12:01:37.374] [SEVERE ] updating countdown to 39467
[12:01:37.396] [SEVERE ] updating countdown to 39445
[12:01:37.417] [SEVERE ] updating countdown to 39424
[12:01:37.442] [SEVERE ] updating countdown to 39399
[12:01:37.468] [SEVERE ] updating countdown to 39373
[12:01:37.490] [SEVERE ] updating countdown to 39351
[12:01:37.516] [SEVERE ] updating countdown to 39325
[12:01:37.538] [SEVERE ] updating countdown to 39303
[12:01:37.562] [SEVERE ] updating countdown to 39279
[12:01:37.583] [SEVERE ] updating countdown to 39258
[12:01:37.609] [SEVERE ] updating countdown to 39232
[12:01:37.630] [SEVERE ] updating countdown to 39211
[12:01:37.652] [SEVERE ] updating countdown to 39189
[12:01:37.672] [SEVERE ] updating countdown to 39169
[12:01:37.697] [SEVERE ] updating countdown to 39144
[12:01:37.718] [SEVERE ] setting player 1 freeze to 1000
[12:01:37.718] [SEVERE ] updating countdown to 39123
[12:01:37.740] [SEVERE ] updating countdown to 39101
[12:01:37.766] [SEVERE ] updating countdown to 39075
[12:01:37.792] [SEVERE ] updating countdown to 39049
[12:01:37.814] [SEVERE ] updating countdown to 39027
[12:01:37.836] [SEVERE ] updating countdown to 39005
[12:01:37.862] [SEVERE ] updating countdown to 38979
[12:01:37.887] [SEVERE ] updating countdown to 38954
[12:01:37.908] [SEVERE ] updating countdown to 38933
[12:01:37.934] [SEVERE ] updating countdown to 38907
[12:01:37.959] [SEVERE ] updating countdown to 38882
[12:01:37.984] [SEVERE ] updating countdown to 38857
[12:01:38.006] [SEVERE ] updating countdown to 38835
[12:01:38.027] [SEVERE ] updating countdown to 38814
[12:01:38.053] [SEVERE ] updating countdown to 38788
[12:01:38.076] [SEVERE ] updating countdown to 38765
[12:01:38.102] [SEVERE ] updating countdown to 38739
[12:01:38.127] [SEVERE ] updating countdown to 38714
[12:01:38.150] [SEVERE ] updating countdown to 38691
[12:01:38.171] [SEVERE ] updating countdown to 38670
[12:01:38.192] [SEVERE ] updating countdown to 38649
[12:01:38.214] [SEVERE ] updating countdown to 38627
[12:01:38.236] [SEVERE ] updating countdown to 38605
[12:01:38.258] [SEVERE ] updating countdown to 38583
[12:01:38.282] [SEVERE ] updating countdown to 38559
[12:01:38.303] [SEVERE ] updating countdown to 38538
[12:01:38.327] [SEVERE ] updating countdown to 38514
[12:01:38.350] [SEVERE ] updating countdown to 38491
[12:01:38.372] [SEVERE ] updating countdown to 38469
[12:01:38.398] [SEVERE ] updating countdown to 38443
[12:01:38.422] [SEVERE ] updating countdown to 38419
[12:01:38.447] [SEVERE ] updating countdown to 38394
[12:01:38.471] [SEVERE ] updating countdown to 38370
[12:01:38.496] [SEVERE ] updating countdown to 38345
[12:01:38.519] [SEVERE ] updating countdown to 38322
[12:01:38.542] [SEVERE ] updating countdown to 38299
[12:01:38.567] [SEVERE ] updating countdown to 38274
[12:01:38.592] [SEVERE ] updating countdown to 38249
[12:01:38.617] [SEVERE ] updating countdown to 38224
[12:01:38.639] [SEVERE ] updating countdown to 38202
[12:01:38.664] [SEVERE ] updating countdown to 38177
[12:01:38.690] [SEVERE ] updating countdown to 38151
[12:01:38.712] [SEVERE ] updating countdown to 38129
[12:01:38.720] [SEVERE ] setting player 1 freeze to 0
[12:01:38.720] [SEVERE ] player 1 placing token on slot 0
[12:01:38.721] [SEVERE ] removing player 1 token from slot 0
[12:01:38.721] [SEVERE ] setting player 1 freeze to 3000
[12:01:38.733] [SEVERE ] updating countdown to 38108
[12:01:38.755] [SEVERE ] updating countdown to 38086
[12:01:38.776] [SEVERE ] updating countdown to 38065
[12:01:38.802] [SEVERE ] updating countdown to 38039
[12:01:38.825] [SEVERE ] updating countdown to 38016
[12:01:38.847] [SEVERE ] updating countdown to 37994
[12:01:38.868] [SEVERE ] updating countdown to 37973
[12:01:38.889] [SEVERE ] updating countdown to 37952
[12:01:38.900] [SEVERE ] key 81 was pressed by player 1
[12:01:38.910] [SEVERE ] updating countdown to 37931
[12:01:38.932] [SEVERE ] updating countdown to 37909
[12:01:38.954] [SEVERE ] updating countdown to 37887
[12:01:38.975] [SEVERE ] updating countdown to 37866
[12:01:38.996] [SEVERE ] updating countdown to 37845
[12:01:39.017] [SEVERE ] updating countdown to 37824
[12:01:39.039] [SEVERE ] updating countdown to 37802
[12:01:39.060] [SEVERE ] updating countdown to 37781
[12:01:39.085] [SEVERE ] updating countdown to 37756
[12:01:39.106] [SEVERE ] updating countdown to 37735
[12:01:39.131] [SEVERE ] updating countdown to 37710
[12:01:39.152] [SEVERE ] updating countdown to 37689
[12:01:39.174] [SEVERE ] updating countdown to 37667
[12:01:39.199] [SEVERE ] updating countdown to 37642
[12:01:39.220] [SEVERE ] updating countdown to 37621
[12:01:39.241] [SEVERE ] updating countdown to 37600
[12:01:39.263] [SEVERE ] updating countdown to 37578
[12:01:39.289] [SEVERE ] updating countdown to 37552
[12:01:39.309] [SEVERE ] updating countdown to 37532
[12:01:39.335] [SEVERE ] updating countdown to 37506
[12:01:39.358] [SEVERE ] updating countdown to 37483
[12:01:39.379] [SEVERE ] updating countdown to 37462
[12:01:39.405] [SEVERE ] updating countdown to 37436
[12:01:39.426] [SEVERE ] updating countdown to 37415
[12:01:39.449] [SEVERE ] updating countdown to 37392
[12:01:39.470] [SEVERE ] updating countdown to 37371
[12:01:39.496] [SEVERE ] updating countdown to 37345
[12:01:39.519] [SEVERE ] updating countdown to 37322
[12:01:39.540] [SEVERE ] updating countdown to 37301
[12:01:39.562] [SEVERE ] updating countdown to 37279
[12:01:39.585] [SEVERE ] updating countdown to 37256
[12:01:39.606] [SEVERE ] updating countdown to 37235
[12:01:39.628] [SEVERE ] updating countdown to 37213
[12:01:39.649] [SEVERE ] updating countdown to 37192
[12:01:39.675] [SEVERE ] updating countdown to 37166
[12:01:39.701] [SEVERE ] updating countdown to 37140
[12:01:39.724] [SEVERE ] updating countdown to 37117
[12:01:39.750] [SEVERE ] updating countdown to 37091
[12:01:39.776] [SEVERE ] updating countdown to 37065
[12:01:39.802] [SEVERE ] updating countdown to 37039
[12:01:39.825] [SEVERE ] updating countdown to 37016
[12:01:39.846] [SEVERE ] updating countdown to 36995
[12:01:39.868] [SEVERE ] updating countdown to 36973
[12:01:39.892] [SEVERE ] updating countdown to 36949
[12:01:39.914] [SEVERE ] updating countdown to 36927
[12:01:39.936] [SEVERE ] updating countdown to 36905
[12:01:39.960] [SEVERE ] updating countdown to 36881
[12:01:39.985] [SEVERE ] updating countdown to 36856
[12:01:40.008] [SEVERE ] updating countdown to 36833
[12:01:40.034] [SEVERE ] updating countdown to 36807
[12:01:40.058] [SEVERE ] updating countdown to 36783
[12:01:40.082] [SEVERE ] updating countdown to 36759
[12:01:40.106] [SEVERE ] updating countdown to 36735
[12:01:40.131] [SEVERE ] updating countdown to 36710
[12:01:40.156] [SEVERE ] updating countdown to 36685
[12:01:40.180] [SEVERE ] updating countdown to 36661
[12:01:40.202] [SEVERE ] updating countdown to 36639
[12:01:40.224] [SEVERE ] updating countdown to 36617
[12:01:40.245] [SEVERE ] updating countdown to 36596
[12:01:40.268] [SEVERE ] updating countdown to 36573
[12:01:40.289] [SEVERE ] updating countdown to 36552
[12:01:40.311] [SEVERE ] updating countdown to 36530
[12:01:40.336] [SEVERE ] updating countdown to 36505
[12:01:40.356] [SEVERE ] updating countdown to 36485
[12:01:40.380] [SEVERE ] updating countdown to 36461
[12:01:40.406] [SEVERE ] updating countdown to 36435
[12:01:40.431] [SEVERE ] updating countdown to 36410
[12:01:40.453] [SEVERE ] updating countdown to 36388
[12:01:40.479] [SEVERE ] updating countdown to 36362
[12:01:40.503] [SEVERE ] updating countdown to 36338
[12:01:40.524] [SEVERE ] updating countdown to 36317
[12:01:40.546] [SEVERE ] updating countdown to 36295
[12:01:40.572] [SEVERE ] updating countdown to 36269
[12:01:40.597] [SEVERE ] updating countdown to 36244
[12:01:40.623] [SEVERE ] updating countdown to 36218
[12:01:40.648] [SEVERE ] updating countdown to 36193
[12:01:40.670] [SEVERE ] updating countdown to 36171
[12:01:40.671] [SEVERE ] key 90 was pressed by player 1
[12:01:40.690] [SEVERE ] updating countdown to 36151
[12:01:40.714] [SEVERE ] updating countdown to 36127
[12:01:40.736] [SEVERE ] updating countdown to 36105
[12:01:40.757] [SEVERE ] updating countdown to 36084
[12:01:40.783] [SEVERE ] updating countdown to 36058
[12:01:40.806] [SEVERE ] updating countdown to 36035
[12:01:40.828] [SEVERE ] updating countdown to 36013
[12:01:40.850] [SEVERE ] updating countdown to 35991
[12:01:40.876] [SEVERE ] updating countdown to 35965
[12:01:40.897] [SEVERE ] updating countdown to 35944
[12:01:40.919] [SEVERE ] updating countdown to 35922
[12:01:40.940] [SEVERE ] updating countdown to 35901
[12:01:40.965] [SEVERE ] updating countdown to 35876
[12:01:40.991] [SEVERE ] updating countdown to 35850
[12:01:41.014] [SEVERE ] updating countdown to 35827
[12:01:41.036] [SEVERE ] updating countdown to 35805
[12:01:41.057] [SEVERE ] updating countdown to 35784
[12:01:41.083] [SEVERE ] updating countdown to 35758
[12:01:41.104] [SEVERE ] updating countdown to 35737
[12:01:41.128] [SEVERE ] updating countdown to 35713
[12:01:41.151] [SEVERE ] updating countdown to 35690
[12:01:41.153] [SEVERE ] key 83 was pressed by player 1
[12:01:41.177] [SEVERE ] updating countdown to 35664
[12:01:41.198] [SEVERE ] updating countdown to 35643
[12:01:41.220] [SEVERE ] updating countdown to 35621
[12:01:41.244] [SEVERE ] updating countdown to 35597
[12:01:41.266] [SEVERE ] updating countdown to 35575
[12:01:41.291] [SEVERE ] updating countdown to 35550
[12:01:41.312] [SEVERE ] updating countdown to 35529
[12:01:41.338] [SEVERE ] updating countdown to 35503
[12:01:41.360] [SEVERE ] updating countdown to 35481
[12:01:41.385] [SEVERE ] updating countdown to 35456
[12:01:41.411] [SEVERE ] updating countdown to 35430
[12:01:41.437] [SEVERE ] updating countdown to 35404
[12:01:41.453] [SEVERE ] key 68 was pressed by player 1
[12:01:41.459] [SEVERE ] updating countdown to 35382
[12:01:41.483] [SEVERE ] updating countdown to 35358
[12:01:41.506] [SEVERE ] updating countdown to 35335
[12:01:41.530] [SEVERE ] updating countdown to 35311
[12:01:41.552] [SEVERE ] updating countdown to 35289
[12:01:41.578] [SEVERE ] updating countdown to 35263
[12:01:41.604] [SEVERE ] updating countdown to 35237
[12:01:41.625] [SEVERE ] updating countdown to 35216
[12:01:41.647] [SEVERE ] updating countdown to 35194
[12:01:41.669] [SEVERE ] updating countdown to 35172
[12:01:41.692] [SEVERE ] updating countdown to 35149
[12:01:41.718] [SEVERE ] updating countdown to 35123
[12:01:41.722] [SEVERE ] setting player 1 freeze to 2000
[12:01:41.742] [SEVERE ] updating countdown to 35099
[12:01:41.764] [SEVERE ] updating countdown to 35077
[12:01:41.765] [SEVERE ] key 69 was pressed by player 1
[12:01:41.787] [SEVERE ] updating countdown to 35054
[12:01:41.813] [SEVERE ] updating countdown to 35028
[12:01:41.834] [SEVERE ] updating countdown to 35007
[12:01:41.859] [SEVERE ] updating countdown to 34982
[12:01:41.881] [SEVERE ] updating countdown to 34960
[12:01:41.902] [SEVERE ] updating countdown to 34939
[12:01:41.925] [SEVERE ] updating countdown to 34916
[12:01:41.948] [SEVERE ] updating countdown to 34893
[12:01:41.972] [SEVERE ] updating countdown to 34869
[12:01:41.994] [SEVERE ] updating countdown to 34847
[12:01:42.007] [SEVERE ] key 88 was pressed by player 1
[12:01:42.017] [SEVERE ] updating countdown to 34824
[12:01:42.043] [SEVERE ] updating countdown to 34798
[12:01:42.064] [SEVERE ] updating countdown to 34777
[12:01:42.088] [SEVERE ] updating countdown to 34753
[12:01:42.114] [SEVERE ] updating countdown to 34727
[12:01:42.136] [SEVERE ] updating countdown to 34705
[12:01:42.158] [SEVERE ] updating countdown to 34683
[12:01:42.182] [SEVERE ] updating countdown to 34659
[12:01:42.203] [SEVERE ] updating countdown to 34638
[12:01:42.226] [SEVERE ] updating countdown to 34615
[12:01:42.248] [SEVERE ] updating countdown to 34593
[12:01:42.260] [SEVERE ] key 69 was pressed by player 1
[12:01:42.272] [SEVERE ] updating countdown to 34569
[12:01:42.299] [SEVERE ] updating countdown to 34542
[12:01:42.324] [SEVERE ] updating countdown to 34517
[12:01:42.350] [SEVERE ] updating countdown to 34491
[12:01:42.350] [SEVERE ] key 68 was pressed by player 1
[12:01:42.372] [SEVERE ] updating countdown to 34469
[12:01:42.394] [SEVERE ] updating countdown to 34447
[12:01:42.420] [SEVERE ] updating countdown to 34421
[12:01:42.442] [SEVERE ] updating countdown to 34399
[12:01:42.465] [SEVERE ] updating countdown to 34376
[12:01:42.487] [SEVERE ] updating countdown to 34354
[12:01:42.509] [SEVERE ] updating countdown to 34332
[12:01:42.532] [SEVERE ] updating countdown to 34309
[12:01:42.554] [SEVERE ] updating countdown to 34287
[12:01:42.578] [SEVERE ] updating countdown to 34263
[12:01:42.602] [SEVERE ] updating countdown to 34239
[12:01:42.605] [SEVERE ] key 69 was pressed by player 1
[12:01:42.623] [SEVERE ] updating countdown to 34218
[12:01:42.647] [SEVERE ] updating countdown to 34194
[12:01:42.669] [SEVERE ] updating countdown to 34172
[12:01:42.679] [SEVERE ] key 68 was pressed by player 1
[12:01:42.692] [SEVERE ] updating countdown to 34149
[12:01:42.713] [SEVERE ] updating countdown to 34128
[12:01:42.738] [SEVERE ] updating countdown to 34103
[12:01:42.760] [SEVERE ] updating countdown to 34081
[12:01:42.783] [SEVERE ] updating countdown to 34058
[12:01:42.804] [SEVERE ] updating countdown to 34037
[12:01:42.829] [SEVERE ] updating countdown to 34012
[12:01:42.850] [SEVERE ] updating countdown to 33991
[12:01:42.873] [SEVERE ] updating countdown to 33968
[12:01:42.894] [SEVERE ] updating countdown to 33947
[12:01:42.916] [SEVERE ] updating countdown to 33925
[12:01:42.942] [SEVERE ] updating countdown to 33899
[12:01:42.963] [SEVERE ] updating countdown to 33878
[12:01:42.982] [SEVERE ] key 67 was pressed by player 1
[12:01:42.983] [SEVERE ] updating countdown to 33858
[12:01:43.006] [SEVERE ] updating countdown to 33835
[12:01:43.026] [SEVERE ] updating countdown to 33815
[12:01:43.052] [SEVERE ] updating countdown to 33789
[12:01:43.078] [SEVERE ] updating countdown to 33763
[12:01:43.102] [SEVERE ] updating countdown to 33739
[12:01:43.127] [SEVERE ] updating countdown to 33714
[12:01:43.150] [SEVERE ] updating countdown to 33691
[12:01:43.176] [SEVERE ] updating countdown to 33665
[12:01:43.199] [SEVERE ] updating countdown to 33642
[12:01:43.221] [SEVERE ] updating countdown to 33620
[12:01:43.245] [SEVERE ] updating countdown to 33596
[12:01:43.270] [SEVERE ] updating countdown to 33571
[12:01:43.296] [SEVERE ] updating countdown to 33545
[12:01:43.321] [SEVERE ] updating countdown to 33520
[12:01:43.342] [SEVERE ] updating countdown to 33499
[12:01:43.366] [SEVERE ] updating countdown to 33475
[12:01:43.390] [SEVERE ] updating countdown to 33451
[12:01:43.412] [SEVERE ] updating countdown to 33429
[12:01:43.438] [SEVERE ] updating countdown to 33403
[12:01:43.459] [SEVERE ] updating countdown to 33382
[12:01:43.485] [SEVERE ] updating countdown to 33356
[12:01:43.508] [SEVERE ] updating countdown to 33333
[12:01:43.533] [SEVERE ] updating countdown to 33308
[12:01:43.556] [SEVERE ] updating countdown to 33285
[12:01:43.582] [SEVERE ] updating countdown to 33259
[12:01:43.605] [SEVERE ] updating countdown to 33236
[12:01:43.629] [SEVERE ] updating countdown to 33212
[12:01:43.654] [SEVERE ] updating countdown to 33187
[12:01:43.676] [SEVERE ] updating countdown to 33165
[12:01:43.698] [SEVERE ] updating countdown to 33143
[12:01:43.720] [SEVERE ] updating countdown to 33121
[12:01:43.723] [SEVERE ] setting player 1 freeze to 1000
[12:01:43.744] [SEVERE ] updating countdown to 33097
[12:01:43.767] [SEVERE ] updating countdown to 33074
[12:01:43.793] [SEVERE ] updating countdown to 33048
[12:01:43.819] [SEVERE ] updating countdown to 33022
[12:01:43.841] [SEVERE ] updating countdown to 33000
[12:01:43.862] [SEVERE ] updating countdown to 32979
[12:01:43.884] [SEVERE ] updating countdown to 32957
[12:01:43.907] [SEVERE ] updating countdown to 32934
[12:01:43.927] [SEVERE ] updating countdown to 32914
[12:01:43.949] [SEVERE ] updating countdown to 32892
[12:01:43.971] [SEVERE ] updating countdown to 32870
[12:01:43.995] [SEVERE ] updating countdown to 32846
[12:01:44.020] [SEVERE ] updating countdown to 32821
[12:01:44.042] [SEVERE ] updating countdown to 32799
[12:01:44.066] [SEVERE ] updating countdown to 32775
[12:01:44.092] [SEVERE ] updating countdown to 32749
[12:01:44.114] [SEVERE ] updating countdown to 32727
[12:01:44.139] [SEVERE ] updating countdown to 32702
[12:01:44.162] [SEVERE ] updating countdown to 32679
[12:01:44.187] [SEVERE ] updating countdown to 32654
[12:01:44.207] [SEVERE ] updating countdown to 32634
[12:01:44.233] [SEVERE ] updating countdown to 32608
[12:01:44.254] [SEVERE ] updating countdown to 32587
[12:01:44.279] [SEVERE ] updating countdown to 32562
[12:01:44.299] [SEVERE ] updating countdown to 32542
[12:01:44.321] [SEVERE ] updating countdown to 32520
[12:01:44.346] [SEVERE ] updating countdown to 32495
[12:01:44.371] [SEVERE ] updating countdown to 32470
[12:01:44.396] [SEVERE ] updating countdown to 32445
[12:01:44.417] [SEVERE ] updating countdown to 32424
[12:01:44.443] [SEVERE ] updating countdown to 32398
[12:01:44.464] [SEVERE ] updating countdown to 32377
[12:01:44.488] [SEVERE ] updating countdown to 32353
[12:01:44.512] [SEVERE ] updating countdown to 32329
[12:01:44.536] [SEVERE ] updating countdown to 32305
[12:01:44.561] [SEVERE ] updating countdown to 32280
[12:01:44.586] [SEVERE ] updating countdown to 32255
[12:01:44.612] [SEVERE ] updating countdown to 32229
[12:01:44.633] [SEVERE ] updating countdown to 32208
[12:01:44.655] [SEVERE ] updating countdown to 32186
[12:01:44.679] [SEVERE ] updating countdown to 32162
[12:01:44.700] [SEVERE ] updating countdown to 32141
[12:01:44.722] [SEVERE ] updating countdown to 32119
[12:01:44.723] [SEVERE ] setting player 1 freeze to 0
[12:01:44.724] [SEVERE ] player 1 placing token on slot 0
[12:01:44.724] [SEVERE ] removing player 1 token from slot 0
[12:01:44.724] [SEVERE ] setting player 1 freeze to 3000
[12:01:44.746] [SEVERE ] updating countdown to 32095
[12:01:44.770] [SEVERE ] updating countdown to 32071
[12:01:44.792] [SEVERE ] updating countdown to 32049
[12:01:44.813] [SEVERE ] updating countdown to 32028
[12:01:44.836] [SEVERE ] updating countdown to 32005
[12:01:44.859] [SEVERE ] updating countdown to 31982
[12:01:44.882] [SEVERE ] updating countdown to 31959
[12:01:44.907] [SEVERE ] updating countdown to 31934
[12:01:44.927] [SEVERE ] updating countdown to 31914
[12:01:44.949] [SEVERE ] updating countdown to 31892
[12:01:44.970] [SEVERE ] updating countdown to 31871
[12:01:44.995] [SEVERE ] updating countdown to 31846
[12:01:45.018] [SEVERE ] updating countdown to 31823
[12:01:45.041] [SEVERE ] updating countdown to 31800
[12:01:45.063] [SEVERE ] updating countdown to 31778
[12:01:45.085] [SEVERE ] updating countdown to 31756
[12:01:45.107] [SEVERE ] updating countdown to 31734
[12:01:45.129] [SEVERE ] updating countdown to 31712
[12:01:45.150] [SEVERE ] updating countdown to 31691
[12:01:45.172] [SEVERE ] updating countdown to 31669
[12:01:45.195] [SEVERE ] updating countdown to 31646
[12:01:45.216] [SEVERE ] updating countdown to 31625
[12:01:45.238] [SEVERE ] updating countdown to 31603
[12:01:45.260] [SEVERE ] updating countdown to 31581
[12:01:45.285] [SEVERE ] updating countdown to 31556
[12:01:45.306] [SEVERE ] updating countdown to 31535
[12:01:45.332] [SEVERE ] updating countdown to 31509
[12:01:45.353] [SEVERE ] updating countdown to 31488
[12:01:45.375] [SEVERE ] updating countdown to 31466
[12:01:45.397] [SEVERE ] updating countdown to 31444
[12:01:45.423] [SEVERE ] updating countdown to 31418
[12:01:45.444] [SEVERE ] updating countdown to 31397
[12:01:45.467] [SEVERE ] updating countdown to 31374
[12:01:45.488] [SEVERE ] updating countdown to 31353
[12:01:45.512] [SEVERE ] updating countdown to 31330
[12:01:45.536] [SEVERE ] updating countdown to 31305
[12:01:45.558] [SEVERE ] updating countdown to 31283
[12:01:45.578] [SEVERE ] updating countdown to 31263
[12:01:45.600] [SEVERE ] updating countdown to 31241
[12:01:45.622] [SEVERE ] updating countdown to 31219
[12:01:45.644] [SEVERE ] updating countdown to 31197
[12:01:45.669] [SEVERE ] updating countdown to 31172
[12:01:45.691] [SEVERE ] updating countdown to 31150
[12:01:45.716] [SEVERE ] updating countdown to 31125
[12:01:45.737] [SEVERE ] updating countdown to 31104
[12:01:45.760] [SEVERE ] updating countdown to 31081
[12:01:45.781] [SEVERE ] updating countdown to 31060
[12:01:45.803] [SEVERE ] updating countdown to 31038
[12:01:45.825] [SEVERE ] updating countdown to 31016
[12:01:45.846] [SEVERE ] updating countdown to 30995
[12:01:45.869] [SEVERE ] updating countdown to 30972
[12:01:45.890] [SEVERE ] updating countdown to 30951
[12:01:45.911] [SEVERE ] updating countdown to 30930
[12:01:45.932] [SEVERE ] updating countdown to 30909
[12:01:45.955] [SEVERE ] updating countdown to 30886
[12:01:45.979] [SEVERE ] updating countdown to 30862
[12:01:46.001] [SEVERE ] updating countdown to 30840
[12:01:46.022] [SEVERE ] updating countdown to 30819
[12:01:46.045] [SEVERE ] updating countdown to 30796
[12:01:46.067] [SEVERE ] updating countdown to 30774
[12:01:46.089] [SEVERE ] updating countdown to 30752
[12:01:46.111] [SEVERE ] updating countdown to 30730
[12:01:46.131] [SEVERE ] updating countdown to 30710
[12:01:46.153] [SEVERE ] updating countdown to 30688
[12:01:46.175] [SEVERE ] updating countdown to 30666
[12:01:46.195] [SEVERE ] updating countdown to 30646
[12:01:46.217] [SEVERE ] updating countdown to 30624
[12:01:46.240] [SEVERE ] updating countdown to 30601
[12:01:46.261] [SEVERE ] updating countdown to 30580
[12:01:46.283] [SEVERE ] updating countdown to 30558
[12:01:46.307] [SEVERE ] updating countdown to 30534
[12:01:46.328] [SEVERE ] updating countdown to 30513
[12:01:46.350] [SEVERE ] updating countdown to 30491
[12:01:46.374] [SEVERE ] updating countdown to 30467
[12:01:46.396] [SEVERE ] updating countdown to 30445
[12:01:46.422] [SEVERE ] updating countdown to 30419
[12:01:46.445] [SEVERE ] updating countdown to 30396
[12:01:46.470] [SEVERE ] updating countdown to 30371
[12:01:46.492] [SEVERE ] updating countdown to 30349
[12:01:46.516] [SEVERE ] updating countdown to 30325
[12:01:46.537] [SEVERE ] updating countdown to 30304
[12:01:46.560] [SEVERE ] updating countdown to 30281
[12:01:46.586] [SEVERE ] updating countdown to 30255
[12:01:46.607] [SEVERE ] updating countdown to 30234
[12:01:46.630] [SEVERE ] updating countdown to 30211
[12:01:46.650] [SEVERE ] updating countdown to 30191
[12:01:46.671] [SEVERE ] updating countdown to 30170
[12:01:46.692] [SEVERE ] updating countdown to 30149
[12:01:46.714] [SEVERE ] updating countdown to 30127
[12:01:46.735] [SEVERE ] updating countdown to 30106
[12:01:46.757] [SEVERE ] updating countdown to 30084
[12:01:46.778] [SEVERE ] updating countdown to 30063
[12:01:46.800] [SEVERE ] updating countdown to 30041
[12:01:46.822] [SEVERE ] updating countdown to 30019
[12:01:46.844] [SEVERE ] updating countdown to 29997
[12:01:46.864] [SEVERE ] updating countdown to 29977
[12:01:46.887] [SEVERE ] updating countdown to 29954
[12:01:46.907] [SEVERE ] updating countdown to 29934
[12:01:46.928] [SEVERE ] updating countdown to 29913
[12:01:46.952] [SEVERE ] updating countdown to 29889
[12:01:46.975] [SEVERE ] updating countdown to 29866
[12:01:46.996] [SEVERE ] updating countdown to 29845
[12:01:47.018] [SEVERE ] updating countdown to 29823
[12:01:47.043] [SEVERE ] updating countdown to 29798
[12:01:47.069] [SEVERE ] updating countdown to 29772
[12:01:47.094] [SEVERE ] updating countdown to 29747
[12:01:47.118] [SEVERE ] updating countdown to 29723
[12:01:47.138] [SEVERE ] updating countdown to 29703
[12:01:47.159] [SEVERE ] updating countdown to 29682
[12:01:47.184] [SEVERE ] updating countdown to 29657
[12:01:47.206] [SEVERE ] updating countdown to 29635
[12:01:47.229] [SEVERE ] updating countdown to 29612
[12:01:47.252] [SEVERE ] updating countdown to 29589
[12:01:47.273] [SEVERE ] updating countdown to 29568
[12:01:47.299] [SEVERE ] updating countdown to 29542
[12:01:47.323] [SEVERE ] updating countdown to 29518
[12:01:47.346] [SEVERE ] updating countdown to 29495
[12:01:47.369] [SEVERE ] updating countdown to 29472
[12:01:47.392] [SEVERE ] updating countdown to 29449
[12:01:47.415] [SEVERE ] updating countdown to 29426
[12:01:47.438] [SEVERE ] updating countdown to 29403
[12:01:47.460] [SEVERE ] updating countdown to 29381
[12:01:47.484] [SEVERE ] updating countdown to 29357
[12:01:47.505] [SEVERE ] updating countdown to 29336
[12:01:47.522] [SEVERE ] exit button pressed
[12:01:47.522] [SEVERE ] disposing of user interface elements
[12:01:47.523] [INFO   ] thread playerID: 1 terminated.
[12:01:47.523] [INFO   ] thread playerID: 0 terminated.
[12:01:47.526] [SEVERE ] updating countdown to 29315
[12:01:47.527] [SEVERE ] updating countdown to 29314
[12:01:47.633] [SEVERE ] removing card from slot 0
[12:01:47.633] [SEVERE ] removing tokens from slot 0
[12:01:47.735] [SEVERE ] removing card from slot 1
[12:01:47.736] [SEVERE ] removing tokens from slot 1
[12:01:47.842] [SEVERE ] removing card from slot 2
[12:01:47.845] [SEVERE ] removing tokens from slot 2
[12:01:47.951] [SEVERE ] removing card from slot 3
[12:01:47.953] [SEVERE ] removing tokens from slot 3
[12:01:48.059] [SEVERE ] removing card from slot 4
[12:01:48.060] [SEVERE ] removing tokens from slot 4
[12:01:48.162] [SEVERE ] removing card from slot 5
[12:01:48.162] [SEVERE ] removing tokens from slot 5
[12:01:48.268] [SEVERE ] removing card from slot 6
[12:01:48.269] [SEVERE ] removing tokens from slot 6
[12:01:48.378] [SEVERE ] removing card from slot 7
[12:01:48.383] [SEVERE ] removing tokens from slot 7
[12:01:48.489] [SEVERE ] removing card from slot 8
[12:01:48.490] [SEVERE ] removing tokens from slot 8
[12:01:48.596] [SEVERE ] removing card from slot 9
[12:01:48.601] [SEVERE ] removing tokens from slot 9
[12:01:48.707] [SEVERE ] removing card from slot 10
[12:01:48.708] [SEVERE ] removing tokens from slot 10
[12:01:48.813] [SEVERE ] removing card from slot 11
[12:01:48.814] [SEVERE ] removing tokens from slot 11
[12:01:48.815] [SEVERE ] player 1 placing token on slot 0
[12:01:48.816] [SEVERE ] player 2 placing token on slot 1
[12:01:48.818] [INFO   ] thread dealer terminated.
[12:01:48.820] [INFO   ] thread dealer terminated.
[12:01:48.821] [SEVERE ] thanks for playing... it was fun!
[12:01:48.822] [INFO   ] thread main terminated.
