[11:45:08.287] [INFO   ] thread main starting.
[11:45:08.292] [SEVERE ] cannot read configuration file config.properties trying from resources.
[11:45:08.294] [SEVERE ] configuration file was loaded from resources directory.
[11:45:08.599] [INFO   ] thread dealer starting.
[11:45:08.600] [INFO   ] thread dealer starting.
[11:45:08.600] [INFO   ] thread playerID: 0 starting.
[11:45:08.600] [INFO   ] thread playerID: 1 starting.
[11:45:08.602] [SEVERE ] updating countdown to 60000
[11:45:08.704] [SEVERE ] placing card 11 in slot 8
[11:45:08.811] [SEVERE ] placing card 29 in slot 1
[11:45:08.917] [SEVERE ] placing card 30 in slot 11
[11:45:09.021] [SEVERE ] placing card 60 in slot 7
[11:45:09.123] [SEVERE ] placing card 69 in slot 2
[11:45:09.225] [SEVERE ] placing card 21 in slot 5
[11:45:09.329] [SEVERE ] placing card 74 in slot 9
[11:45:09.431] [SEVERE ] placing card 4 in slot 0
[11:45:09.534] [SEVERE ] placing card 53 in slot 10
[11:45:09.636] [SEVERE ] placing card 19 in slot 6
[11:45:09.743] [SEVERE ] placing card 27 in slot 3
[11:45:09.846] [SEVERE ] placing card 10 in slot 4
[11:45:09.867] [SEVERE ] updating countdown to 58735
[11:45:09.888] [SEVERE ] updating countdown to 58714
[11:45:09.910] [SEVERE ] updating countdown to 58692
[11:45:09.932] [SEVERE ] updating countdown to 58670
[11:45:09.955] [SEVERE ] updating countdown to 58647
[11:45:09.977] [SEVERE ] updating countdown to 58625
[11:45:10.000] [SEVERE ] updating countdown to 58602
[11:45:10.023] [SEVERE ] updating countdown to 58579
[11:45:10.045] [SEVERE ] updating countdown to 58557
[11:45:10.067] [SEVERE ] updating countdown to 58535
[11:45:10.094] [SEVERE ] updating countdown to 58508
[11:45:10.117] [SEVERE ] updating countdown to 58485
[11:45:10.143] [SEVERE ] updating countdown to 58459
[11:45:10.164] [SEVERE ] updating countdown to 58438
[11:45:10.188] [SEVERE ] updating countdown to 58414
[11:45:10.214] [SEVERE ] updating countdown to 58388
[11:45:10.237] [SEVERE ] updating countdown to 58365
[11:45:10.258] [SEVERE ] updating countdown to 58344
[11:45:10.282] [SEVERE ] updating countdown to 58320
[11:45:10.303] [SEVERE ] updating countdown to 58299
[11:45:10.327] [SEVERE ] updating countdown to 58275
[11:45:10.348] [SEVERE ] updating countdown to 58254
[11:45:10.370] [SEVERE ] updating countdown to 58232
[11:45:10.393] [SEVERE ] updating countdown to 58209
[11:45:10.414] [SEVERE ] updating countdown to 58188
[11:45:10.436] [SEVERE ] updating countdown to 58166
[11:45:10.460] [SEVERE ] updating countdown to 58142
[11:45:10.483] [SEVERE ] updating countdown to 58119
[11:45:10.507] [SEVERE ] updating countdown to 58095
[11:45:10.529] [SEVERE ] updating countdown to 58073
[11:45:10.550] [SEVERE ] updating countdown to 58052
[11:45:10.573] [SEVERE ] updating countdown to 58029
[11:45:10.602] [SEVERE ] updating countdown to 58000
[11:45:10.629] [SEVERE ] updating countdown to 57974
[11:45:10.653] [SEVERE ] updating countdown to 57950
[11:45:10.674] [SEVERE ] updating countdown to 57928
[11:45:10.696] [SEVERE ] updating countdown to 57906
[11:45:10.720] [SEVERE ] updating countdown to 57882
[11:45:10.742] [SEVERE ] updating countdown to 57860
[11:45:10.764] [SEVERE ] updating countdown to 57838
[11:45:10.785] [SEVERE ] updating countdown to 57817
[11:45:10.809] [SEVERE ] updating countdown to 57793
[11:45:10.833] [SEVERE ] updating countdown to 57769
[11:45:10.860] [SEVERE ] updating countdown to 57742
[11:45:10.882] [SEVERE ] updating countdown to 57720
[11:45:10.907] [SEVERE ] updating countdown to 57695
[11:45:10.934] [SEVERE ] updating countdown to 57669
[11:45:10.959] [SEVERE ] updating countdown to 57643
[11:45:10.982] [SEVERE ] updating countdown to 57620
[11:45:11.006] [SEVERE ] updating countdown to 57596
[11:45:11.031] [SEVERE ] updating countdown to 57572
[11:45:11.052] [SEVERE ] updating countdown to 57550
[11:45:11.074] [SEVERE ] updating countdown to 57528
[11:45:11.095] [SEVERE ] updating countdown to 57507
[11:45:11.121] [SEVERE ] updating countdown to 57481
[11:45:11.147] [SEVERE ] updating countdown to 57455
[11:45:11.169] [SEVERE ] updating countdown to 57433
[11:45:11.175] [SEVERE ] key 81 was pressed by player 1
[11:45:11.176] [SEVERE ] player 1 placing token on slot 0
[11:45:11.191] [SEVERE ] updating countdown to 57411
[11:45:11.215] [SEVERE ] updating countdown to 57387
[11:45:11.240] [SEVERE ] updating countdown to 57362
[11:45:11.263] [SEVERE ] updating countdown to 57339
[11:45:11.284] [SEVERE ] updating countdown to 57318
[11:45:11.310] [SEVERE ] updating countdown to 57292
[11:45:11.332] [SEVERE ] updating countdown to 57270
[11:45:11.358] [SEVERE ] updating countdown to 57244
[11:45:11.385] [SEVERE ] updating countdown to 57217
[11:45:11.407] [SEVERE ] updating countdown to 57195
[11:45:11.432] [SEVERE ] updating countdown to 57170
[11:45:11.454] [SEVERE ] updating countdown to 57148
[11:45:11.478] [SEVERE ] updating countdown to 57124
[11:45:11.505] [SEVERE ] updating countdown to 57097
[11:45:11.514] [SEVERE ] key 65 was pressed by player 1
[11:45:11.515] [SEVERE ] player 1 placing token on slot 4
[11:45:11.526] [SEVERE ] updating countdown to 57076
[11:45:11.547] [SEVERE ] updating countdown to 57055
[11:45:11.570] [SEVERE ] updating countdown to 57033
[11:45:11.596] [SEVERE ] updating countdown to 57006
[11:45:11.622] [SEVERE ] updating countdown to 56980
[11:45:11.648] [SEVERE ] updating countdown to 56954
[11:45:11.669] [SEVERE ] updating countdown to 56933
[11:45:11.692] [SEVERE ] updating countdown to 56910
[11:45:11.716] [SEVERE ] updating countdown to 56886
[11:45:11.742] [SEVERE ] updating countdown to 56860
[11:45:11.764] [SEVERE ] updating countdown to 56838
[11:45:11.790] [SEVERE ] updating countdown to 56812
[11:45:11.811] [SEVERE ] updating countdown to 56791
[11:45:11.835] [SEVERE ] updating countdown to 56767
[11:45:11.857] [SEVERE ] updating countdown to 56745
[11:45:11.878] [SEVERE ] updating countdown to 56724
[11:45:11.891] [SEVERE ] key 90 was pressed by player 1
[11:45:11.891] [SEVERE ] player 1 placing token on slot 8
[11:45:11.892] [SEVERE ] removing player 1 token from slot 0
[11:45:11.892] [SEVERE ] removing player 1 token from slot 4
[11:45:11.892] [SEVERE ] removing player 1 token from slot 8
[11:45:11.894] [SEVERE ] setting player 1 freeze to 3000
[11:45:11.899] [SEVERE ] updating countdown to 56703
[11:45:11.920] [SEVERE ] updating countdown to 56682
[11:45:11.942] [SEVERE ] updating countdown to 56660
[11:45:11.964] [SEVERE ] updating countdown to 56638
[11:45:11.985] [SEVERE ] updating countdown to 56617
[11:45:12.008] [SEVERE ] updating countdown to 56594
[11:45:12.033] [SEVERE ] updating countdown to 56569
[11:45:12.055] [SEVERE ] updating countdown to 56547
[11:45:12.081] [SEVERE ] updating countdown to 56522
[11:45:12.104] [SEVERE ] updating countdown to 56499
[11:45:12.127] [SEVERE ] updating countdown to 56475
[11:45:12.150] [SEVERE ] updating countdown to 56452
[11:45:12.173] [SEVERE ] updating countdown to 56429
[11:45:12.200] [SEVERE ] updating countdown to 56403
[11:45:12.225] [SEVERE ] updating countdown to 56377
[11:45:12.252] [SEVERE ] updating countdown to 56350
[11:45:12.277] [SEVERE ] updating countdown to 56325
[11:45:12.303] [SEVERE ] updating countdown to 56299
[11:45:12.326] [SEVERE ] updating countdown to 56276
[11:45:12.350] [SEVERE ] updating countdown to 56252
[11:45:12.371] [SEVERE ] updating countdown to 56231
[11:45:12.393] [SEVERE ] updating countdown to 56209
[11:45:12.416] [SEVERE ] updating countdown to 56186
[11:45:12.442] [SEVERE ] updating countdown to 56160
[11:45:12.463] [SEVERE ] updating countdown to 56139
[11:45:12.488] [SEVERE ] updating countdown to 56114
[11:45:12.509] [SEVERE ] updating countdown to 56093
[11:45:12.533] [SEVERE ] updating countdown to 56069
[11:45:12.554] [SEVERE ] updating countdown to 56048
[11:45:12.576] [SEVERE ] updating countdown to 56026
[11:45:12.597] [SEVERE ] updating countdown to 56005
[11:45:12.622] [SEVERE ] updating countdown to 55980
[11:45:12.643] [SEVERE ] updating countdown to 55959
[11:45:12.664] [SEVERE ] updating countdown to 55938
[11:45:12.686] [SEVERE ] updating countdown to 55916
[11:45:12.712] [SEVERE ] updating countdown to 55890
[11:45:12.734] [SEVERE ] updating countdown to 55868
[11:45:12.759] [SEVERE ] updating countdown to 55843
[11:45:12.785] [SEVERE ] updating countdown to 55817
[11:45:12.808] [SEVERE ] updating countdown to 55794
[11:45:12.829] [SEVERE ] updating countdown to 55774
[11:45:12.850] [SEVERE ] updating countdown to 55752
[11:45:12.872] [SEVERE ] updating countdown to 55730
[11:45:12.893] [SEVERE ] updating countdown to 55709
[11:45:12.914] [SEVERE ] updating countdown to 55688
[11:45:12.935] [SEVERE ] updating countdown to 55667
[11:45:12.961] [SEVERE ] updating countdown to 55641
[11:45:12.987] [SEVERE ] updating countdown to 55615
[11:45:13.013] [SEVERE ] updating countdown to 55589
[11:45:13.035] [SEVERE ] updating countdown to 55567
[11:45:13.060] [SEVERE ] updating countdown to 55542
[11:45:13.084] [SEVERE ] updating countdown to 55518
[11:45:13.110] [SEVERE ] updating countdown to 55493
[11:45:13.131] [SEVERE ] updating countdown to 55471
[11:45:13.158] [SEVERE ] updating countdown to 55444
[11:45:13.180] [SEVERE ] updating countdown to 55422
[11:45:13.203] [SEVERE ] updating countdown to 55399
[11:45:13.226] [SEVERE ] updating countdown to 55376
[11:45:13.248] [SEVERE ] updating countdown to 55354
[11:45:13.272] [SEVERE ] updating countdown to 55330
[11:45:13.298] [SEVERE ] updating countdown to 55304
[11:45:13.320] [SEVERE ] updating countdown to 55282
[11:45:13.345] [SEVERE ] updating countdown to 55257
[11:45:13.372] [SEVERE ] updating countdown to 55231
[11:45:13.393] [SEVERE ] updating countdown to 55209
[11:45:13.416] [SEVERE ] updating countdown to 55186
[11:45:13.438] [SEVERE ] updating countdown to 55164
[11:45:13.459] [SEVERE ] updating countdown to 55143
[11:45:13.481] [SEVERE ] updating countdown to 55121
[11:45:13.504] [SEVERE ] updating countdown to 55098
[11:45:13.527] [SEVERE ] updating countdown to 55075
[11:45:13.550] [SEVERE ] updating countdown to 55052
[11:45:13.577] [SEVERE ] updating countdown to 55025
[11:45:13.600] [SEVERE ] updating countdown to 55002
[11:45:13.626] [SEVERE ] updating countdown to 54977
[11:45:13.652] [SEVERE ] updating countdown to 54950
[11:45:13.678] [SEVERE ] updating countdown to 54925
[11:45:13.699] [SEVERE ] updating countdown to 54903
[11:45:13.724] [SEVERE ] updating countdown to 54878
[11:45:13.750] [SEVERE ] updating countdown to 54852
[11:45:13.776] [SEVERE ] updating countdown to 54826
[11:45:13.802] [SEVERE ] updating countdown to 54801
[11:45:13.823] [SEVERE ] updating countdown to 54779
[11:45:13.845] [SEVERE ] updating countdown to 54757
[11:45:13.870] [SEVERE ] updating countdown to 54732
[11:45:13.892] [SEVERE ] updating countdown to 54710
[11:45:13.914] [SEVERE ] updating countdown to 54688
[11:45:13.935] [SEVERE ] updating countdown to 54667
[11:45:13.956] [SEVERE ] updating countdown to 54646
[11:45:13.978] [SEVERE ] updating countdown to 54624
[11:45:14.002] [SEVERE ] updating countdown to 54600
[11:45:14.024] [SEVERE ] updating countdown to 54578
[11:45:14.048] [SEVERE ] updating countdown to 54554
[11:45:14.069] [SEVERE ] updating countdown to 54533
[11:45:14.091] [SEVERE ] updating countdown to 54511
[11:45:14.112] [SEVERE ] updating countdown to 54490
[11:45:14.134] [SEVERE ] updating countdown to 54468
[11:45:14.155] [SEVERE ] updating countdown to 54447
[11:45:14.181] [SEVERE ] updating countdown to 54422
[11:45:14.203] [SEVERE ] updating countdown to 54399
[11:45:14.224] [SEVERE ] updating countdown to 54378
[11:45:14.245] [SEVERE ] updating countdown to 54357
[11:45:14.270] [SEVERE ] updating countdown to 54332
[11:45:14.295] [SEVERE ] updating countdown to 54307
[11:45:14.321] [SEVERE ] updating countdown to 54281
[11:45:14.344] [SEVERE ] updating countdown to 54258
[11:45:14.370] [SEVERE ] updating countdown to 54233
[11:45:14.396] [SEVERE ] updating countdown to 54206
[11:45:14.421] [SEVERE ] updating countdown to 54181
[11:45:14.441] [SEVERE ] updating countdown to 54161
[11:45:14.468] [SEVERE ] updating countdown to 54135
[11:45:14.489] [SEVERE ] updating countdown to 54113
[11:45:14.511] [SEVERE ] updating countdown to 54091
[11:45:14.533] [SEVERE ] updating countdown to 54069
[11:45:14.555] [SEVERE ] updating countdown to 54047
[11:45:14.581] [SEVERE ] updating countdown to 54021
[11:45:14.602] [SEVERE ] updating countdown to 54001
[11:45:14.623] [SEVERE ] updating countdown to 53979
[11:45:14.647] [SEVERE ] updating countdown to 53955
[11:45:14.673] [SEVERE ] updating countdown to 53929
[11:45:14.694] [SEVERE ] updating countdown to 53908
[11:45:14.718] [SEVERE ] updating countdown to 53884
[11:45:14.740] [SEVERE ] updating countdown to 53862
[11:45:14.763] [SEVERE ] updating countdown to 53839
[11:45:14.788] [SEVERE ] updating countdown to 53814
[11:45:14.815] [SEVERE ] updating countdown to 53788
[11:45:14.841] [SEVERE ] updating countdown to 53762
[11:45:14.867] [SEVERE ] updating countdown to 53735
[11:45:14.888] [SEVERE ] updating countdown to 53714
[11:45:14.898] [SEVERE ] setting player 1 freeze to 0
[11:45:14.914] [SEVERE ] updating countdown to 53688
[11:45:14.936] [SEVERE ] updating countdown to 53666
[11:45:14.962] [SEVERE ] updating countdown to 53640
[11:45:14.983] [SEVERE ] updating countdown to 53619
[11:45:15.007] [SEVERE ] updating countdown to 53595
[11:45:15.028] [SEVERE ] updating countdown to 53574
[11:45:15.054] [SEVERE ] updating countdown to 53548
[11:45:15.081] [SEVERE ] updating countdown to 53521
[11:45:15.104] [SEVERE ] updating countdown to 53498
[11:45:15.126] [SEVERE ] updating countdown to 53476
[11:45:15.152] [SEVERE ] updating countdown to 53450
[11:45:15.178] [SEVERE ] updating countdown to 53425
[11:45:15.199] [SEVERE ] updating countdown to 53403
[11:45:15.224] [SEVERE ] updating countdown to 53378
[11:45:15.245] [SEVERE ] updating countdown to 53357
[11:45:15.271] [SEVERE ] updating countdown to 53331
[11:45:15.297] [SEVERE ] updating countdown to 53305
[11:45:15.318] [SEVERE ] updating countdown to 53284
[11:45:15.344] [SEVERE ] updating countdown to 53259
[11:45:15.370] [SEVERE ] updating countdown to 53232
[11:45:15.396] [SEVERE ] updating countdown to 53206
[11:45:15.418] [SEVERE ] updating countdown to 53184
[11:45:15.443] [SEVERE ] updating countdown to 53159
[11:45:15.470] [SEVERE ] updating countdown to 53132
[11:45:15.492] [SEVERE ] updating countdown to 53110
[11:45:15.517] [SEVERE ] updating countdown to 53085
[11:45:15.544] [SEVERE ] updating countdown to 53058
[11:45:15.566] [SEVERE ] updating countdown to 53036
[11:45:15.592] [SEVERE ] updating countdown to 53010
[11:45:15.618] [SEVERE ] updating countdown to 52984
[11:45:15.643] [SEVERE ] updating countdown to 52959
[11:45:15.670] [SEVERE ] updating countdown to 52932
[11:45:15.695] [SEVERE ] updating countdown to 52907
[11:45:15.721] [SEVERE ] updating countdown to 52881
[11:45:15.747] [SEVERE ] updating countdown to 52855
[11:45:15.773] [SEVERE ] updating countdown to 52829
[11:45:15.795] [SEVERE ] updating countdown to 52807
[11:45:15.821] [SEVERE ] updating countdown to 52781
[11:45:15.847] [SEVERE ] updating countdown to 52755
[11:45:15.873] [SEVERE ] updating countdown to 52729
[11:45:15.896] [SEVERE ] updating countdown to 52706
[11:45:15.919] [SEVERE ] updating countdown to 52683
[11:45:15.944] [SEVERE ] updating countdown to 52658
[11:45:15.970] [SEVERE ] updating countdown to 52632
[11:45:15.996] [SEVERE ] updating countdown to 52606
[11:45:16.022] [SEVERE ] updating countdown to 52580
[11:45:16.048] [SEVERE ] updating countdown to 52554
[11:45:16.071] [SEVERE ] updating countdown to 52531
[11:45:16.093] [SEVERE ] updating countdown to 52509
[11:45:16.114] [SEVERE ] updating countdown to 52488
[11:45:16.139] [SEVERE ] updating countdown to 52463
[11:45:16.165] [SEVERE ] updating countdown to 52437
[11:45:16.188] [SEVERE ] updating countdown to 52414
[11:45:16.214] [SEVERE ] updating countdown to 52388
[11:45:16.235] [SEVERE ] updating countdown to 52367
[11:45:16.258] [SEVERE ] updating countdown to 52344
[11:45:16.280] [SEVERE ] updating countdown to 52322
[11:45:16.304] [SEVERE ] updating countdown to 52298
[11:45:16.326] [SEVERE ] updating countdown to 52276
[11:45:16.350] [SEVERE ] updating countdown to 52252
[11:45:16.376] [SEVERE ] updating countdown to 52226
[11:45:16.399] [SEVERE ] updating countdown to 52203
[11:45:16.423] [SEVERE ] updating countdown to 52179
[11:45:16.449] [SEVERE ] updating countdown to 52153
[11:45:16.475] [SEVERE ] updating countdown to 52127
[11:45:16.499] [SEVERE ] updating countdown to 52103
[11:45:16.525] [SEVERE ] updating countdown to 52077
[11:45:16.550] [SEVERE ] updating countdown to 52052
[11:45:16.572] [SEVERE ] updating countdown to 52030
[11:45:16.599] [SEVERE ] updating countdown to 52003
[11:45:16.620] [SEVERE ] updating countdown to 51982
[11:45:16.643] [SEVERE ] updating countdown to 51959
[11:45:16.665] [SEVERE ] updating countdown to 51937
[11:45:16.691] [SEVERE ] updating countdown to 51911
[11:45:16.713] [SEVERE ] updating countdown to 51889
[11:45:16.736] [SEVERE ] updating countdown to 51866
[11:45:16.758] [SEVERE ] updating countdown to 51844
[11:45:16.781] [SEVERE ] updating countdown to 51821
[11:45:16.803] [SEVERE ] updating countdown to 51799
[11:45:16.827] [SEVERE ] updating countdown to 51775
[11:45:16.851] [SEVERE ] updating countdown to 51751
[11:45:16.872] [SEVERE ] updating countdown to 51730
[11:45:16.893] [SEVERE ] updating countdown to 51709
[11:45:16.918] [SEVERE ] updating countdown to 51684
[11:45:16.942] [SEVERE ] updating countdown to 51660
[11:45:16.969] [SEVERE ] updating countdown to 51633
[11:45:16.993] [SEVERE ] updating countdown to 51609
[11:45:17.015] [SEVERE ] updating countdown to 51587
[11:45:17.036] [SEVERE ] updating countdown to 51566
[11:45:17.063] [SEVERE ] updating countdown to 51539
[11:45:17.086] [SEVERE ] updating countdown to 51516
[11:45:17.108] [SEVERE ] updating countdown to 51494
[11:45:17.129] [SEVERE ] updating countdown to 51473
[11:45:17.155] [SEVERE ] updating countdown to 51447
[11:45:17.176] [SEVERE ] updating countdown to 51426
[11:45:17.198] [SEVERE ] updating countdown to 51404
[11:45:17.222] [SEVERE ] updating countdown to 51380
[11:45:17.244] [SEVERE ] updating countdown to 51358
[11:45:17.265] [SEVERE ] updating countdown to 51337
[11:45:17.288] [SEVERE ] updating countdown to 51314
[11:45:17.309] [SEVERE ] updating countdown to 51293
[11:45:17.330] [SEVERE ] updating countdown to 51272
[11:45:17.354] [SEVERE ] updating countdown to 51248
[11:45:17.376] [SEVERE ] updating countdown to 51226
[11:45:17.400] [SEVERE ] updating countdown to 51202
[11:45:17.421] [SEVERE ] updating countdown to 51181
[11:45:17.443] [SEVERE ] updating countdown to 51159
[11:45:17.467] [SEVERE ] updating countdown to 51135
[11:45:17.489] [SEVERE ] updating countdown to 51113
[11:45:17.511] [SEVERE ] updating countdown to 51091
[11:45:17.532] [SEVERE ] updating countdown to 51070
[11:45:17.554] [SEVERE ] updating countdown to 51048
[11:45:17.575] [SEVERE ] updating countdown to 51027
[11:45:17.599] [SEVERE ] updating countdown to 51003
[11:45:17.623] [SEVERE ] updating countdown to 50979
[11:45:17.647] [SEVERE ] updating countdown to 50955
[11:45:17.674] [SEVERE ] updating countdown to 50928
[11:45:17.696] [SEVERE ] updating countdown to 50906
[11:45:17.717] [SEVERE ] updating countdown to 50885
[11:45:17.741] [SEVERE ] updating countdown to 50861
[11:45:17.763] [SEVERE ] updating countdown to 50839
[11:45:17.790] [SEVERE ] updating countdown to 50812
[11:45:17.811] [SEVERE ] updating countdown to 50791
[11:45:17.833] [SEVERE ] updating countdown to 50769
[11:45:17.854] [SEVERE ] updating countdown to 50748
[11:45:17.875] [SEVERE ] updating countdown to 50727
[11:45:17.895] [SEVERE ] updating countdown to 50707
[11:45:17.917] [SEVERE ] updating countdown to 50685
[11:45:17.939] [SEVERE ] updating countdown to 50663
[11:45:17.964] [SEVERE ] updating countdown to 50638
[11:45:17.986] [SEVERE ] updating countdown to 50616
[11:45:18.010] [SEVERE ] updating countdown to 50592
[11:45:18.033] [SEVERE ] updating countdown to 50569
[11:45:18.059] [SEVERE ] updating countdown to 50543
[11:45:18.080] [SEVERE ] updating countdown to 50522
[11:45:18.102] [SEVERE ] updating countdown to 50500
[11:45:18.124] [SEVERE ] updating countdown to 50478
[11:45:18.150] [SEVERE ] updating countdown to 50452
[11:45:18.173] [SEVERE ] updating countdown to 50429
[11:45:18.196] [SEVERE ] updating countdown to 50406
[11:45:18.221] [SEVERE ] updating countdown to 50381
[11:45:18.243] [SEVERE ] updating countdown to 50359
[11:45:18.266] [SEVERE ] updating countdown to 50336
[11:45:18.288] [SEVERE ] updating countdown to 50314
[11:45:18.311] [SEVERE ] updating countdown to 50291
[11:45:18.333] [SEVERE ] updating countdown to 50269
[11:45:18.355] [SEVERE ] updating countdown to 50247
[11:45:18.382] [SEVERE ] updating countdown to 50220
[11:45:18.407] [SEVERE ] updating countdown to 50195
[11:45:18.433] [SEVERE ] updating countdown to 50169
[11:45:18.457] [SEVERE ] updating countdown to 50145
[11:45:18.483] [SEVERE ] updating countdown to 50119
[11:45:18.509] [SEVERE ] updating countdown to 50093
[11:45:18.530] [SEVERE ] updating countdown to 50072
[11:45:18.551] [SEVERE ] updating countdown to 50051
[11:45:18.573] [SEVERE ] updating countdown to 50029
[11:45:18.595] [SEVERE ] updating countdown to 50007
[11:45:18.617] [SEVERE ] updating countdown to 49985
[11:45:18.639] [SEVERE ] updating countdown to 49963
[11:45:18.660] [SEVERE ] updating countdown to 49942
[11:45:18.684] [SEVERE ] updating countdown to 49918
[11:45:18.705] [SEVERE ] updating countdown to 49897
[11:45:18.732] [SEVERE ] updating countdown to 49871
[11:45:18.758] [SEVERE ] updating countdown to 49844
[11:45:18.780] [SEVERE ] updating countdown to 49822
[11:45:18.804] [SEVERE ] updating countdown to 49798
[11:45:18.828] [SEVERE ] updating countdown to 49774
[11:45:18.849] [SEVERE ] updating countdown to 49753
[11:45:18.871] [SEVERE ] updating countdown to 49731
[11:45:18.892] [SEVERE ] updating countdown to 49710
[11:45:18.913] [SEVERE ] updating countdown to 49689
[11:45:18.934] [SEVERE ] updating countdown to 49668
[11:45:18.955] [SEVERE ] updating countdown to 49647
[11:45:18.979] [SEVERE ] updating countdown to 49623
[11:45:19.000] [SEVERE ] updating countdown to 49602
[11:45:19.022] [SEVERE ] updating countdown to 49580
[11:45:19.044] [SEVERE ] updating countdown to 49558
[11:45:19.065] [SEVERE ] updating countdown to 49537
[11:45:19.089] [SEVERE ] updating countdown to 49513
[11:45:19.111] [SEVERE ] updating countdown to 49491
[11:45:19.133] [SEVERE ] updating countdown to 49469
[11:45:19.153] [SEVERE ] updating countdown to 49449
[11:45:19.177] [SEVERE ] updating countdown to 49425
[11:45:19.200] [SEVERE ] updating countdown to 49402
[11:45:19.222] [SEVERE ] updating countdown to 49380
[11:45:19.248] [SEVERE ] updating countdown to 49354
[11:45:19.273] [SEVERE ] updating countdown to 49329
[11:45:19.299] [SEVERE ] updating countdown to 49303
[11:45:19.322] [SEVERE ] updating countdown to 49280
[11:45:19.343] [SEVERE ] updating countdown to 49259
[11:45:19.367] [SEVERE ] updating countdown to 49235
[11:45:19.388] [SEVERE ] updating countdown to 49214
[11:45:19.413] [SEVERE ] updating countdown to 49189
[11:45:19.439] [SEVERE ] updating countdown to 49163
[11:45:19.460] [SEVERE ] updating countdown to 49142
[11:45:19.485] [SEVERE ] updating countdown to 49117
[11:45:19.507] [SEVERE ] updating countdown to 49095
[11:45:19.534] [SEVERE ] updating countdown to 49068
[11:45:19.555] [SEVERE ] updating countdown to 49047
[11:45:19.581] [SEVERE ] updating countdown to 49021
[11:45:19.605] [SEVERE ] updating countdown to 48997
[11:45:19.627] [SEVERE ] updating countdown to 48975
[11:45:19.648] [SEVERE ] updating countdown to 48954
[11:45:19.675] [SEVERE ] updating countdown to 48927
[11:45:19.698] [SEVERE ] updating countdown to 48904
[11:45:19.724] [SEVERE ] updating countdown to 48878
[11:45:19.745] [SEVERE ] updating countdown to 48857
[11:45:19.767] [SEVERE ] updating countdown to 48835
[11:45:19.792] [SEVERE ] updating countdown to 48810
[11:45:19.814] [SEVERE ] updating countdown to 48788
[11:45:19.840] [SEVERE ] updating countdown to 48762
[11:45:19.862] [SEVERE ] updating countdown to 48740
[11:45:19.883] [SEVERE ] updating countdown to 48719
[11:45:19.907] [SEVERE ] updating countdown to 48695
[11:45:19.931] [SEVERE ] updating countdown to 48671
[11:45:19.954] [SEVERE ] updating countdown to 48648
[11:45:19.975] [SEVERE ] updating countdown to 48627
[11:45:19.997] [SEVERE ] updating countdown to 48605
[11:45:20.018] [SEVERE ] updating countdown to 48584
[11:45:20.039] [SEVERE ] updating countdown to 48563
[11:45:20.065] [SEVERE ] updating countdown to 48537
[11:45:20.091] [SEVERE ] updating countdown to 48511
[11:45:20.113] [SEVERE ] updating countdown to 48489
[11:45:20.135] [SEVERE ] updating countdown to 48467
[11:45:20.159] [SEVERE ] updating countdown to 48443
[11:45:20.180] [SEVERE ] updating countdown to 48422
[11:45:20.207] [SEVERE ] updating countdown to 48395
[11:45:20.232] [SEVERE ] updating countdown to 48370
[11:45:20.258] [SEVERE ] updating countdown to 48344
[11:45:20.283] [SEVERE ] updating countdown to 48319
[11:45:20.309] [SEVERE ] updating countdown to 48293
[11:45:20.334] [SEVERE ] updating countdown to 48268
[11:45:20.360] [SEVERE ] updating countdown to 48242
[11:45:20.382] [SEVERE ] updating countdown to 48220
[11:45:20.408] [SEVERE ] updating countdown to 48194
[11:45:20.429] [SEVERE ] updating countdown to 48173
[11:45:20.455] [SEVERE ] updating countdown to 48147
[11:45:20.477] [SEVERE ] updating countdown to 48125
[11:45:20.502] [SEVERE ] updating countdown to 48100
[11:45:20.529] [SEVERE ] updating countdown to 48073
[11:45:20.550] [SEVERE ] updating countdown to 48052
[11:45:20.572] [SEVERE ] updating countdown to 48030
[11:45:20.593] [SEVERE ] updating countdown to 48009
[11:45:20.619] [SEVERE ] updating countdown to 47983
[11:45:20.641] [SEVERE ] updating countdown to 47961
[11:45:20.666] [SEVERE ] updating countdown to 47936
[11:45:20.692] [SEVERE ] updating countdown to 47911
[11:45:20.713] [SEVERE ] updating countdown to 47890
[11:45:20.735] [SEVERE ] updating countdown to 47867
[11:45:20.757] [SEVERE ] updating countdown to 47845
[11:45:20.780] [SEVERE ] updating countdown to 47822
[11:45:20.806] [SEVERE ] updating countdown to 47796
[11:45:20.828] [SEVERE ] updating countdown to 47774
[11:45:20.850] [SEVERE ] updating countdown to 47752
[11:45:20.876] [SEVERE ] updating countdown to 47726
[11:45:20.902] [SEVERE ] updating countdown to 47700
[11:45:20.925] [SEVERE ] updating countdown to 47677
[11:45:20.946] [SEVERE ] updating countdown to 47656
[11:45:20.974] [SEVERE ] updating countdown to 47628
[11:45:21.000] [SEVERE ] updating countdown to 47602
[11:45:21.021] [SEVERE ] updating countdown to 47581
[11:45:21.047] [SEVERE ] updating countdown to 47555
[11:45:21.069] [SEVERE ] updating countdown to 47533
[11:45:21.090] [SEVERE ] updating countdown to 47512
[11:45:21.112] [SEVERE ] updating countdown to 47490
[11:45:21.136] [SEVERE ] updating countdown to 47466
[11:45:21.158] [SEVERE ] updating countdown to 47444
[11:45:21.179] [SEVERE ] updating countdown to 47423
[11:45:21.201] [SEVERE ] updating countdown to 47401
[11:45:21.225] [SEVERE ] updating countdown to 47377
[11:45:21.249] [SEVERE ] updating countdown to 47353
[11:45:21.273] [SEVERE ] updating countdown to 47329
[11:45:21.297] [SEVERE ] updating countdown to 47305
[11:45:21.324] [SEVERE ] updating countdown to 47278
[11:45:21.347] [SEVERE ] updating countdown to 47255
[11:45:21.374] [SEVERE ] updating countdown to 47228
[11:45:21.400] [SEVERE ] updating countdown to 47202
[11:45:21.422] [SEVERE ] updating countdown to 47180
[11:45:21.443] [SEVERE ] updating countdown to 47159
[11:45:21.470] [SEVERE ] updating countdown to 47132
[11:45:21.496] [SEVERE ] updating countdown to 47106
[11:45:21.521] [SEVERE ] updating countdown to 47081
[11:45:21.548] [SEVERE ] updating countdown to 47054
[11:45:21.573] [SEVERE ] updating countdown to 47029
[11:45:21.596] [SEVERE ] updating countdown to 47006
[11:45:21.617] [SEVERE ] updating countdown to 46985
[11:45:21.642] [SEVERE ] updating countdown to 46960
[11:45:21.666] [SEVERE ] updating countdown to 46936
[11:45:21.688] [SEVERE ] updating countdown to 46914
[11:45:21.710] [SEVERE ] updating countdown to 46892
[11:45:21.731] [SEVERE ] updating countdown to 46871
[11:45:21.753] [SEVERE ] updating countdown to 46849
[11:45:21.776] [SEVERE ] updating countdown to 46826
[11:45:21.802] [SEVERE ] updating countdown to 46800
[11:45:21.824] [SEVERE ] updating countdown to 46778
[11:45:21.848] [SEVERE ] updating countdown to 46754
[11:45:21.870] [SEVERE ] updating countdown to 46732
[11:45:21.892] [SEVERE ] updating countdown to 46710
[11:45:21.913] [SEVERE ] updating countdown to 46689
[11:45:21.935] [SEVERE ] updating countdown to 46667
[11:45:21.957] [SEVERE ] updating countdown to 46645
[11:45:21.982] [SEVERE ] updating countdown to 46620
[11:45:22.004] [SEVERE ] updating countdown to 46598
[11:45:22.027] [SEVERE ] updating countdown to 46575
[11:45:22.050] [SEVERE ] updating countdown to 46552
[11:45:22.072] [SEVERE ] updating countdown to 46530
[11:45:22.094] [SEVERE ] updating countdown to 46508
[11:45:22.115] [SEVERE ] updating countdown to 46487
[11:45:22.138] [SEVERE ] updating countdown to 46464
[11:45:22.162] [SEVERE ] updating countdown to 46440
[11:45:22.183] [SEVERE ] updating countdown to 46419
[11:45:22.205] [SEVERE ] updating countdown to 46397
[11:45:22.226] [SEVERE ] updating countdown to 46376
[11:45:22.248] [SEVERE ] updating countdown to 46354
[11:45:22.270] [SEVERE ] updating countdown to 46332
[11:45:22.292] [SEVERE ] updating countdown to 46310
[11:45:22.317] [SEVERE ] updating countdown to 46285
[11:45:22.339] [SEVERE ] updating countdown to 46263
[11:45:22.364] [SEVERE ] updating countdown to 46238
[11:45:22.391] [SEVERE ] updating countdown to 46211
[11:45:22.413] [SEVERE ] updating countdown to 46189
[11:45:22.434] [SEVERE ] updating countdown to 46168
[11:45:22.460] [SEVERE ] updating countdown to 46142
[11:45:22.481] [SEVERE ] updating countdown to 46121
[11:45:22.502] [SEVERE ] updating countdown to 46100
[11:45:22.525] [SEVERE ] updating countdown to 46077
[11:45:22.551] [SEVERE ] updating countdown to 46051
[11:45:22.577] [SEVERE ] updating countdown to 46025
[11:45:22.598] [SEVERE ] updating countdown to 46004
[11:45:22.620] [SEVERE ] updating countdown to 45982
[11:45:22.642] [SEVERE ] updating countdown to 45960
[11:45:22.663] [SEVERE ] updating countdown to 45939
[11:45:22.689] [SEVERE ] updating countdown to 45913
[11:45:22.714] [SEVERE ] updating countdown to 45888
[11:45:22.734] [SEVERE ] updating countdown to 45868
[11:45:22.756] [SEVERE ] updating countdown to 45846
[11:45:22.778] [SEVERE ] updating countdown to 45824
[11:45:22.799] [SEVERE ] updating countdown to 45803
[11:45:22.820] [SEVERE ] updating countdown to 45782
[11:45:22.841] [SEVERE ] updating countdown to 45761
[11:45:22.862] [SEVERE ] updating countdown to 45740
[11:45:22.883] [SEVERE ] updating countdown to 45719
[11:45:22.907] [SEVERE ] updating countdown to 45695
[11:45:22.929] [SEVERE ] updating countdown to 45673
[11:45:22.951] [SEVERE ] updating countdown to 45651
[11:45:22.972] [SEVERE ] updating countdown to 45630
[11:45:22.993] [SEVERE ] updating countdown to 45609
[11:45:23.019] [SEVERE ] updating countdown to 45583
[11:45:23.040] [SEVERE ] updating countdown to 45562
[11:45:23.061] [SEVERE ] updating countdown to 45541
[11:45:23.083] [SEVERE ] updating countdown to 45519
[11:45:23.104] [SEVERE ] updating countdown to 45498
[11:45:23.125] [SEVERE ] updating countdown to 45477
[11:45:23.146] [SEVERE ] updating countdown to 45456
[11:45:23.167] [SEVERE ] updating countdown to 45435
[11:45:23.188] [SEVERE ] updating countdown to 45414
[11:45:23.209] [SEVERE ] updating countdown to 45393
[11:45:23.230] [SEVERE ] updating countdown to 45372
[11:45:23.251] [SEVERE ] updating countdown to 45351
[11:45:23.272] [SEVERE ] updating countdown to 45330
[11:45:23.298] [SEVERE ] updating countdown to 45304
[11:45:23.321] [SEVERE ] updating countdown to 45281
[11:45:23.347] [SEVERE ] updating countdown to 45255
[11:45:23.369] [SEVERE ] updating countdown to 45233
[11:45:23.391] [SEVERE ] updating countdown to 45211
[11:45:23.415] [SEVERE ] updating countdown to 45187
[11:45:23.439] [SEVERE ] updating countdown to 45163
[11:45:23.461] [SEVERE ] updating countdown to 45141
[11:45:23.483] [SEVERE ] updating countdown to 45119
[11:45:23.504] [SEVERE ] updating countdown to 45098
[11:45:23.526] [SEVERE ] updating countdown to 45076
[11:45:23.547] [SEVERE ] updating countdown to 45055
[11:45:23.568] [SEVERE ] updating countdown to 45034
[11:45:23.589] [SEVERE ] updating countdown to 45013
[11:45:23.611] [SEVERE ] updating countdown to 44991
[11:45:23.632] [SEVERE ] updating countdown to 44970
[11:45:23.653] [SEVERE ] updating countdown to 44949
[11:45:23.674] [SEVERE ] updating countdown to 44928
[11:45:23.697] [SEVERE ] updating countdown to 44905
[11:45:23.723] [SEVERE ] updating countdown to 44879
[11:45:23.745] [SEVERE ] updating countdown to 44857
[11:45:23.766] [SEVERE ] updating countdown to 44836
[11:45:23.787] [SEVERE ] updating countdown to 44815
[11:45:23.808] [SEVERE ] updating countdown to 44794
[11:45:23.829] [SEVERE ] updating countdown to 44773
[11:45:23.850] [SEVERE ] updating countdown to 44752
[11:45:23.871] [SEVERE ] updating countdown to 44731
[11:45:23.892] [SEVERE ] updating countdown to 44710
[11:45:23.913] [SEVERE ] updating countdown to 44689
[11:45:23.934] [SEVERE ] updating countdown to 44668
[11:45:23.955] [SEVERE ] updating countdown to 44647
[11:45:23.976] [SEVERE ] updating countdown to 44626
[11:45:23.997] [SEVERE ] updating countdown to 44605
[11:45:24.018] [SEVERE ] updating countdown to 44584
[11:45:24.039] [SEVERE ] updating countdown to 44563
[11:45:24.060] [SEVERE ] updating countdown to 44542
[11:45:24.081] [SEVERE ] updating countdown to 44521
[11:45:24.102] [SEVERE ] updating countdown to 44500
[11:45:24.123] [SEVERE ] updating countdown to 44479
[11:45:24.144] [SEVERE ] updating countdown to 44458
[11:45:24.165] [SEVERE ] updating countdown to 44437
[11:45:24.186] [SEVERE ] updating countdown to 44416
[11:45:24.207] [SEVERE ] updating countdown to 44395
[11:45:24.228] [SEVERE ] updating countdown to 44374
[11:45:24.249] [SEVERE ] updating countdown to 44353
[11:45:24.270] [SEVERE ] updating countdown to 44332
[11:45:24.291] [SEVERE ] updating countdown to 44311
[11:45:24.312] [SEVERE ] updating countdown to 44290
[11:45:24.333] [SEVERE ] updating countdown to 44269
[11:45:24.354] [SEVERE ] updating countdown to 44248
[11:45:24.375] [SEVERE ] updating countdown to 44227
[11:45:24.396] [SEVERE ] updating countdown to 44206
[11:45:24.417] [SEVERE ] updating countdown to 44185
[11:45:24.441] [SEVERE ] updating countdown to 44161
[11:45:24.462] [SEVERE ] updating countdown to 44140
[11:45:24.484] [SEVERE ] updating countdown to 44118
[11:45:24.505] [SEVERE ] updating countdown to 44097
[11:45:24.531] [SEVERE ] updating countdown to 44071
[11:45:24.557] [SEVERE ] updating countdown to 44045
[11:45:24.580] [SEVERE ] updating countdown to 44022
[11:45:24.601] [SEVERE ] updating countdown to 44001
[11:45:24.623] [SEVERE ] updating countdown to 43979
[11:45:24.649] [SEVERE ] updating countdown to 43953
[11:45:24.671] [SEVERE ] updating countdown to 43931
[11:45:24.694] [SEVERE ] updating countdown to 43908
[11:45:24.720] [SEVERE ] updating countdown to 43882
[11:45:24.742] [SEVERE ] updating countdown to 43860
[11:45:24.763] [SEVERE ] updating countdown to 43839
[11:45:24.786] [SEVERE ] updating countdown to 43816
[11:45:24.810] [SEVERE ] updating countdown to 43792
[11:45:24.831] [SEVERE ] updating countdown to 43771
[11:45:24.853] [SEVERE ] updating countdown to 43749
[11:45:24.874] [SEVERE ] updating countdown to 43728
[11:45:24.898] [SEVERE ] updating countdown to 43704
[11:45:24.920] [SEVERE ] updating countdown to 43682
[11:45:24.941] [SEVERE ] updating countdown to 43661
[11:45:24.962] [SEVERE ] updating countdown to 43640
[11:45:24.983] [SEVERE ] updating countdown to 43619
[11:45:25.004] [SEVERE ] updating countdown to 43598
[11:45:25.025] [SEVERE ] updating countdown to 43577
[11:45:25.046] [SEVERE ] updating countdown to 43556
[11:45:25.067] [SEVERE ] updating countdown to 43535
[11:45:25.088] [SEVERE ] updating countdown to 43514
[11:45:25.109] [SEVERE ] updating countdown to 43493
[11:45:25.130] [SEVERE ] updating countdown to 43472
[11:45:25.151] [SEVERE ] updating countdown to 43451
[11:45:25.173] [SEVERE ] updating countdown to 43429
[11:45:25.194] [SEVERE ] updating countdown to 43408
[11:45:25.215] [SEVERE ] updating countdown to 43387
[11:45:25.236] [SEVERE ] updating countdown to 43366
[11:45:25.257] [SEVERE ] updating countdown to 43345
[11:45:25.278] [SEVERE ] updating countdown to 43324
[11:45:25.299] [SEVERE ] updating countdown to 43303
[11:45:25.320] [SEVERE ] updating countdown to 43282
[11:45:25.342] [SEVERE ] updating countdown to 43260
[11:45:25.363] [SEVERE ] updating countdown to 43239
[11:45:25.384] [SEVERE ] updating countdown to 43218
[11:45:25.405] [SEVERE ] updating countdown to 43197
[11:45:25.426] [SEVERE ] updating countdown to 43176
[11:45:25.447] [SEVERE ] updating countdown to 43155
[11:45:25.468] [SEVERE ] updating countdown to 43134
[11:45:25.489] [SEVERE ] updating countdown to 43113
[11:45:25.510] [SEVERE ] updating countdown to 43092
[11:45:25.531] [SEVERE ] updating countdown to 43071
[11:45:25.553] [SEVERE ] updating countdown to 43049
[11:45:25.574] [SEVERE ] updating countdown to 43028
[11:45:25.595] [SEVERE ] updating countdown to 43007
[11:45:25.617] [SEVERE ] updating countdown to 42985
[11:45:25.638] [SEVERE ] updating countdown to 42964
[11:45:25.660] [SEVERE ] updating countdown to 42942
[11:45:25.687] [SEVERE ] updating countdown to 42915
[11:45:25.713] [SEVERE ] updating countdown to 42889
[11:45:25.739] [SEVERE ] updating countdown to 42863
[11:45:25.765] [SEVERE ] updating countdown to 42837
[11:45:25.786] [SEVERE ] updating countdown to 42816
[11:45:25.812] [SEVERE ] updating countdown to 42790
[11:45:25.836] [SEVERE ] updating countdown to 42766
[11:45:25.857] [SEVERE ] updating countdown to 42745
[11:45:25.883] [SEVERE ] updating countdown to 42719
[11:45:25.904] [SEVERE ] updating countdown to 42698
[11:45:25.926] [SEVERE ] updating countdown to 42676
[11:45:25.951] [SEVERE ] updating countdown to 42651
[11:45:25.972] [SEVERE ] updating countdown to 42630
[11:45:25.994] [SEVERE ] updating countdown to 42608
[11:45:26.015] [SEVERE ] updating countdown to 42587
[11:45:26.039] [SEVERE ] updating countdown to 42563
[11:45:26.060] [SEVERE ] updating countdown to 42542
[11:45:26.083] [SEVERE ] updating countdown to 42519
[11:45:26.104] [SEVERE ] updating countdown to 42498
[11:45:26.128] [SEVERE ] updating countdown to 42474
[11:45:26.149] [SEVERE ] updating countdown to 42453
[11:45:26.172] [SEVERE ] updating countdown to 42430
[11:45:26.194] [SEVERE ] updating countdown to 42408
[11:45:26.216] [SEVERE ] updating countdown to 42386
[11:45:26.238] [SEVERE ] updating countdown to 42364
[11:45:26.260] [SEVERE ] updating countdown to 42342
[11:45:26.286] [SEVERE ] updating countdown to 42316
[11:45:26.309] [SEVERE ] updating countdown to 42293
[11:45:26.330] [SEVERE ] updating countdown to 42272
[11:45:26.353] [SEVERE ] updating countdown to 42249
[11:45:26.376] [SEVERE ] updating countdown to 42226
[11:45:26.399] [SEVERE ] updating countdown to 42203
[11:45:26.421] [SEVERE ] updating countdown to 42181
[11:45:26.442] [SEVERE ] updating countdown to 42160
[11:45:26.468] [SEVERE ] updating countdown to 42134
[11:45:26.489] [SEVERE ] updating countdown to 42113
[11:45:26.512] [SEVERE ] updating countdown to 42090
[11:45:26.536] [SEVERE ] updating countdown to 42066
[11:45:26.558] [SEVERE ] updating countdown to 42044
[11:45:26.580] [SEVERE ] updating countdown to 42022
[11:45:26.603] [SEVERE ] updating countdown to 41999
[11:45:26.625] [SEVERE ] updating countdown to 41977
[11:45:26.647] [SEVERE ] updating countdown to 41955
[11:45:26.668] [SEVERE ] updating countdown to 41934
[11:45:26.691] [SEVERE ] updating countdown to 41911
[11:45:26.714] [SEVERE ] updating countdown to 41888
[11:45:26.736] [SEVERE ] updating countdown to 41866
[11:45:26.757] [SEVERE ] updating countdown to 41845
[11:45:26.778] [SEVERE ] updating countdown to 41824
[11:45:26.800] [SEVERE ] updating countdown to 41802
[11:45:26.821] [SEVERE ] updating countdown to 41781
[11:45:26.848] [SEVERE ] updating countdown to 41754
[11:45:26.870] [SEVERE ] updating countdown to 41732
[11:45:26.892] [SEVERE ] updating countdown to 41710
[11:45:26.914] [SEVERE ] updating countdown to 41688
[11:45:26.935] [SEVERE ] updating countdown to 41667
[11:45:26.956] [SEVERE ] updating countdown to 41646
[11:45:26.982] [SEVERE ] updating countdown to 41620
[11:45:27.003] [SEVERE ] updating countdown to 41599
[11:45:27.025] [SEVERE ] updating countdown to 41577
[11:45:27.048] [SEVERE ] updating countdown to 41554
[11:45:27.072] [SEVERE ] updating countdown to 41530
[11:45:27.096] [SEVERE ] updating countdown to 41506
[11:45:27.118] [SEVERE ] updating countdown to 41484
[11:45:27.139] [SEVERE ] updating countdown to 41463
[11:45:27.162] [SEVERE ] updating countdown to 41440
[11:45:27.183] [SEVERE ] updating countdown to 41419
[11:45:27.205] [SEVERE ] updating countdown to 41397
[11:45:27.226] [SEVERE ] updating countdown to 41376
[11:45:27.247] [SEVERE ] updating countdown to 41355
[11:45:27.272] [SEVERE ] updating countdown to 41330
[11:45:27.295] [SEVERE ] updating countdown to 41307
[11:45:27.321] [SEVERE ] updating countdown to 41281
[11:45:27.345] [SEVERE ] updating countdown to 41257
[11:45:27.369] [SEVERE ] updating countdown to 41233
[11:45:27.391] [SEVERE ] updating countdown to 41211
[11:45:27.413] [SEVERE ] updating countdown to 41189
[11:45:27.434] [SEVERE ] updating countdown to 41168
[11:45:27.455] [SEVERE ] updating countdown to 41147
[11:45:27.481] [SEVERE ] updating countdown to 41121
[11:45:27.503] [SEVERE ] updating countdown to 41099
[11:45:27.524] [SEVERE ] updating countdown to 41078
[11:45:27.551] [SEVERE ] updating countdown to 41051
[11:45:27.573] [SEVERE ] updating countdown to 41029
[11:45:27.595] [SEVERE ] updating countdown to 41007
[11:45:27.619] [SEVERE ] updating countdown to 40983
[11:45:27.641] [SEVERE ] updating countdown to 40961
[11:45:27.662] [SEVERE ] updating countdown to 40940
[11:45:27.684] [SEVERE ] updating countdown to 40918
[11:45:27.705] [SEVERE ] updating countdown to 40897
[11:45:27.731] [SEVERE ] updating countdown to 40871
[11:45:27.753] [SEVERE ] updating countdown to 40849
[11:45:27.775] [SEVERE ] updating countdown to 40827
[11:45:27.797] [SEVERE ] updating countdown to 40805
[11:45:27.821] [SEVERE ] updating countdown to 40781
[11:45:27.842] [SEVERE ] updating countdown to 40760
[11:45:27.866] [SEVERE ] updating countdown to 40736
[11:45:27.887] [SEVERE ] updating countdown to 40715
[11:45:27.908] [SEVERE ] updating countdown to 40694
[11:45:27.929] [SEVERE ] updating countdown to 40673
[11:45:27.955] [SEVERE ] updating countdown to 40647
[11:45:27.981] [SEVERE ] updating countdown to 40621
[11:45:28.006] [SEVERE ] updating countdown to 40596
[11:45:28.031] [SEVERE ] updating countdown to 40571
[11:45:28.056] [SEVERE ] updating countdown to 40546
[11:45:28.077] [SEVERE ] updating countdown to 40525
[11:45:28.101] [SEVERE ] updating countdown to 40501
[11:45:28.125] [SEVERE ] updating countdown to 40477
[11:45:28.148] [SEVERE ] updating countdown to 40454
[11:45:28.169] [SEVERE ] updating countdown to 40433
[11:45:28.190] [SEVERE ] updating countdown to 40412
[11:45:28.213] [SEVERE ] updating countdown to 40389
[11:45:28.239] [SEVERE ] updating countdown to 40363
[11:45:28.265] [SEVERE ] updating countdown to 40337
[11:45:28.287] [SEVERE ] updating countdown to 40315
[11:45:28.312] [SEVERE ] updating countdown to 40290
[11:45:28.333] [SEVERE ] updating countdown to 40269
[11:45:28.359] [SEVERE ] updating countdown to 40243
[11:45:28.384] [SEVERE ] updating countdown to 40218
