[14:33:14.357] [INFO   ] thread main starting.
[14:33:14.361] [SEVERE ] cannot read configuration file config.properties trying from resources.
[14:33:14.363] [SEVERE ] configuration file was loaded from resources directory.
[14:33:14.682] [INFO   ] thread dealer starting.
[14:33:14.683] [INFO   ] thread playerID: 0 starting.
[14:33:14.683] [INFO   ] thread dealer starting.
[14:33:14.683] [INFO   ] thread playerID: 1 starting.
[14:33:14.685] [SEVERE ] updating countdown to 60000
[14:33:14.787] [SEVERE ] placing card 11 in slot 2
[14:33:14.890] [SEVERE ] placing card 28 in slot 6
[14:33:14.992] [SEVERE ] placing card 27 in slot 4
[14:33:15.095] [SEVERE ] placing card 54 in slot 0
[14:33:15.197] [SEVERE ] placing card 5 in slot 5
[14:33:15.298] [SEVERE ] placing card 16 in slot 11
[14:33:15.405] [SEVERE ] placing card 55 in slot 10
[14:33:15.506] [SEVERE ] placing card 49 in slot 1
[14:33:15.612] [SEVERE ] placing card 36 in slot 7
[14:33:15.714] [SEVERE ] placing card 26 in slot 9
[14:33:15.816] [SEVERE ] placing card 0 in slot 8
[14:33:15.923] [SEVERE ] placing card 40 in slot 3
[14:33:17.926] [SEVERE ] updating countdown to 56759
[14:33:19.930] [SEVERE ] updating countdown to 54755
[14:33:21.933] [SEVERE ] updating countdown to 52752
[14:33:23.939] [SEVERE ] updating countdown to 50746
[14:33:25.946] [SEVERE ] updating countdown to 48739
[14:33:27.953] [SEVERE ] updating countdown to 46732
[14:33:29.958] [SEVERE ] updating countdown to 44727
[14:33:31.965] [SEVERE ] updating countdown to 42720
[14:33:33.970] [SEVERE ] updating countdown to 40715
[14:33:35.976] [SEVERE ] updating countdown to 38709
[14:33:37.982] [SEVERE ] updating countdown to 36703
[14:33:39.984] [SEVERE ] updating countdown to 34701
[14:33:41.986] [SEVERE ] updating countdown to 32699
[14:33:43.990] [SEVERE ] updating countdown to 30695
[14:33:45.997] [SEVERE ] updating countdown to 28688
[14:33:48.005] [SEVERE ] updating countdown to 26680
[14:33:50.012] [SEVERE ] updating countdown to 24673
[14:33:52.013] [SEVERE ] updating countdown to 22672
[14:33:54.020] [SEVERE ] updating countdown to 20665
[14:33:55.993] [SEVERE ] updating countdown to 18692
[14:33:57.996] [SEVERE ] updating countdown to 16689
