[13:04:09.786] [INFO   ] thread main starting.
[13:04:09.791] [SEVERE ] cannot read configuration file config.properties trying from resources.
[13:04:09.792] [SEVERE ] configuration file was loaded from resources directory.
[13:04:10.114] [INFO   ] thread dealer starting.
[13:04:10.115] [INFO   ] thread dealer starting.
[13:04:10.115] [INFO   ] thread playerID: 0 starting.
[13:04:10.115] [INFO   ] thread playerID: 1 starting.
[13:04:10.118] [SEVERE ] updating countdown to 60000
[13:04:10.229] [SEVERE ] placing card 36 in slot 4
[13:04:10.332] [SEVERE ] placing card 43 in slot 5
[13:04:10.438] [SEVERE ] placing card 17 in slot 10
[13:04:10.543] [SEVERE ] placing card 7 in slot 6
[13:04:10.650] [SEVERE ] placing card 4 in slot 9
[13:04:10.753] [SEVERE ] placing card 58 in slot 3
[13:04:10.854] [SEVERE ] placing card 80 in slot 1
[13:04:10.955] [SEVERE ] placing card 3 in slot 7
[13:04:11.059] [SEVERE ] placing card 6 in slot 0
[13:04:11.162] [SEVERE ] placing card 8 in slot 8
[13:04:11.263] [SEVERE ] placing card 18 in slot 11
[13:04:11.366] [SEVERE ] placing card 37 in slot 2
[13:04:11.389] [SEVERE ] updating countdown to 58729
[13:04:11.413] [SEVERE ] updating countdown to 58705
[13:04:11.435] [SEVERE ] updating countdown to 58683
[13:04:11.460] [SEVERE ] updating countdown to 58658
[13:04:11.484] [SEVERE ] updating countdown to 58634
[13:04:11.510] [SEVERE ] updating countdown to 58608
[13:04:11.534] [SEVERE ] updating countdown to 58584
[13:04:11.556] [SEVERE ] updating countdown to 58562
[13:04:11.580] [SEVERE ] updating countdown to 58538
[13:04:11.606] [SEVERE ] updating countdown to 58512
[13:04:11.632] [SEVERE ] updating countdown to 58487
[13:04:11.657] [SEVERE ] updating countdown to 58461
[13:04:11.683] [SEVERE ] updating countdown to 58435
[13:04:11.707] [SEVERE ] updating countdown to 58411
[13:04:11.732] [SEVERE ] updating countdown to 58386
[13:04:11.755] [SEVERE ] updating countdown to 58363
[13:04:11.781] [SEVERE ] updating countdown to 58337
[13:04:11.805] [SEVERE ] updating countdown to 58313
[13:04:11.830] [SEVERE ] updating countdown to 58288
[13:04:11.851] [SEVERE ] updating countdown to 58267
[13:04:11.876] [SEVERE ] updating countdown to 58242
[13:04:11.903] [SEVERE ] updating countdown to 58215
[13:04:11.927] [SEVERE ] updating countdown to 58191
[13:04:11.952] [SEVERE ] updating countdown to 58166
[13:04:11.976] [SEVERE ] updating countdown to 58142
[13:04:12.000] [SEVERE ] updating countdown to 58118
[13:04:12.022] [SEVERE ] updating countdown to 58096
[13:04:12.046] [SEVERE ] updating countdown to 58072
[13:04:12.071] [SEVERE ] updating countdown to 58047
[13:04:12.097] [SEVERE ] updating countdown to 58021
[13:04:12.123] [SEVERE ] updating countdown to 57995
[13:04:12.146] [SEVERE ] updating countdown to 57972
[13:04:12.171] [SEVERE ] updating countdown to 57947
[13:04:12.197] [SEVERE ] updating countdown to 57921
[13:04:12.223] [SEVERE ] updating countdown to 57895
[13:04:12.249] [SEVERE ] updating countdown to 57869
[13:04:12.275] [SEVERE ] updating countdown to 57843
[13:04:12.301] [SEVERE ] updating countdown to 57817
[13:04:12.327] [SEVERE ] updating countdown to 57791
[13:04:12.353] [SEVERE ] updating countdown to 57765
[13:04:12.378] [SEVERE ] updating countdown to 57740
[13:04:12.404] [SEVERE ] updating countdown to 57715
[13:04:12.429] [SEVERE ] updating countdown to 57689
[13:04:12.455] [SEVERE ] updating countdown to 57663
[13:04:12.478] [SEVERE ] updating countdown to 57640
[13:04:12.502] [SEVERE ] updating countdown to 57616
[13:04:12.527] [SEVERE ] updating countdown to 57591
[13:04:12.553] [SEVERE ] updating countdown to 57565
[13:04:12.579] [SEVERE ] updating countdown to 57539
[13:04:12.605] [SEVERE ] updating countdown to 57513
[13:04:12.631] [SEVERE ] updating countdown to 57487
[13:04:12.657] [SEVERE ] updating countdown to 57461
[13:04:12.681] [SEVERE ] updating countdown to 57437
[13:04:12.706] [SEVERE ] updating countdown to 57412
[13:04:12.729] [SEVERE ] updating countdown to 57389
[13:04:12.751] [SEVERE ] updating countdown to 57367
[13:04:12.772] [SEVERE ] updating countdown to 57346
[13:04:12.798] [SEVERE ] updating countdown to 57320
[13:04:12.824] [SEVERE ] updating countdown to 57294
[13:04:12.850] [SEVERE ] updating countdown to 57268
[13:04:12.877] [SEVERE ] updating countdown to 57242
[13:04:12.902] [SEVERE ] updating countdown to 57216
[13:04:12.924] [SEVERE ] updating countdown to 57194
[13:04:12.947] [SEVERE ] updating countdown to 57171
[13:04:12.968] [SEVERE ] updating countdown to 57150
[13:04:12.993] [SEVERE ] updating countdown to 57126
[13:04:13.014] [SEVERE ] updating countdown to 57104
[13:04:13.039] [SEVERE ] updating countdown to 57079
[13:04:13.061] [SEVERE ] updating countdown to 57057
[13:04:13.082] [SEVERE ] updating countdown to 57036
[13:04:13.104] [SEVERE ] updating countdown to 57014
[13:04:13.125] [SEVERE ] updating countdown to 56993
[13:04:13.146] [SEVERE ] updating countdown to 56972
[13:04:13.167] [SEVERE ] updating countdown to 56951
[13:04:13.188] [SEVERE ] updating countdown to 56930
[13:04:13.209] [SEVERE ] updating countdown to 56909
[13:04:13.230] [SEVERE ] updating countdown to 56888
[13:04:13.253] [SEVERE ] updating countdown to 56865
[13:04:13.274] [SEVERE ] updating countdown to 56844
[13:04:13.297] [SEVERE ] updating countdown to 56821
[13:04:13.323] [SEVERE ] updating countdown to 56795
[13:04:13.344] [SEVERE ] updating countdown to 56774
[13:04:13.369] [SEVERE ] updating countdown to 56749
[13:04:13.391] [SEVERE ] updating countdown to 56727
[13:04:13.413] [SEVERE ] updating countdown to 56705
[13:04:13.441] [SEVERE ] updating countdown to 56680
[13:04:13.463] [SEVERE ] updating countdown to 56655
[13:04:13.488] [SEVERE ] updating countdown to 56630
[13:04:13.509] [SEVERE ] updating countdown to 56610
[13:04:13.531] [SEVERE ] updating countdown to 56587
[13:04:13.553] [SEVERE ] updating countdown to 56565
[13:04:13.576] [SEVERE ] updating countdown to 56542
[13:04:13.600] [SEVERE ] updating countdown to 56518
[13:04:13.621] [SEVERE ] updating countdown to 56497
[13:04:13.645] [SEVERE ] updating countdown to 56473
[13:04:13.672] [SEVERE ] updating countdown to 56447
[13:04:13.697] [SEVERE ] updating countdown to 56422
[13:04:13.723] [SEVERE ] updating countdown to 56396
[13:04:13.749] [SEVERE ] updating countdown to 56370
[13:04:13.774] [SEVERE ] updating countdown to 56344
[13:04:13.799] [SEVERE ] updating countdown to 56319
[13:04:13.820] [SEVERE ] updating countdown to 56298
[13:04:13.842] [SEVERE ] updating countdown to 56276
[13:04:13.868] [SEVERE ] updating countdown to 56250
[13:04:13.893] [SEVERE ] updating countdown to 56225
[13:04:13.920] [SEVERE ] updating countdown to 56199
[13:04:13.945] [SEVERE ] updating countdown to 56173
[13:04:13.972] [SEVERE ] updating countdown to 56146
[13:04:13.998] [SEVERE ] updating countdown to 56120
[13:04:14.024] [SEVERE ] updating countdown to 56095
[13:04:14.049] [SEVERE ] updating countdown to 56069
[13:04:14.074] [SEVERE ] updating countdown to 56044
[13:04:14.100] [SEVERE ] updating countdown to 56018
[13:04:14.126] [SEVERE ] updating countdown to 55992
[13:04:14.151] [SEVERE ] updating countdown to 55967
[13:04:14.178] [SEVERE ] updating countdown to 55941
[13:04:14.202] [SEVERE ] updating countdown to 55916
[13:04:14.227] [SEVERE ] updating countdown to 55891
[13:04:14.251] [SEVERE ] updating countdown to 55867
[13:04:14.276] [SEVERE ] updating countdown to 55842
[13:04:14.302] [SEVERE ] updating countdown to 55816
[13:04:14.329] [SEVERE ] updating countdown to 55790
[13:04:14.355] [SEVERE ] updating countdown to 55763
[13:04:14.380] [SEVERE ] updating countdown to 55738
[13:04:14.407] [SEVERE ] updating countdown to 55712
[13:04:14.432] [SEVERE ] updating countdown to 55686
[13:04:14.458] [SEVERE ] updating countdown to 55661
[13:04:14.482] [SEVERE ] updating countdown to 55636
[13:04:14.509] [SEVERE ] updating countdown to 55609
[13:04:14.534] [SEVERE ] updating countdown to 55584
[13:04:14.558] [SEVERE ] updating countdown to 55560
[13:04:14.579] [SEVERE ] updating countdown to 55539
[13:04:14.605] [SEVERE ] updating countdown to 55513
[13:04:14.631] [SEVERE ] updating countdown to 55487
[13:04:14.656] [SEVERE ] updating countdown to 55462
[13:04:14.681] [SEVERE ] updating countdown to 55437
[13:04:14.703] [SEVERE ] updating countdown to 55415
[13:04:14.728] [SEVERE ] updating countdown to 55390
[13:04:14.754] [SEVERE ] updating countdown to 55364
[13:04:14.780] [SEVERE ] updating countdown to 55338
[13:04:14.805] [SEVERE ] updating countdown to 55313
[13:04:14.829] [SEVERE ] updating countdown to 55289
[13:04:14.851] [SEVERE ] updating countdown to 55267
[13:04:14.876] [SEVERE ] updating countdown to 55242
[13:04:14.901] [SEVERE ] updating countdown to 55217
[13:04:14.926] [SEVERE ] updating countdown to 55192
[13:04:14.952] [SEVERE ] updating countdown to 55166
[13:04:14.978] [SEVERE ] updating countdown to 55140
[13:04:15.000] [SEVERE ] updating countdown to 55118
[13:04:15.023] [SEVERE ] updating countdown to 55095
[13:04:15.044] [SEVERE ] updating countdown to 55074
[13:04:15.065] [SEVERE ] updating countdown to 55053
[13:04:15.087] [SEVERE ] updating countdown to 55031
[13:04:15.108] [SEVERE ] updating countdown to 55010
[13:04:15.130] [SEVERE ] updating countdown to 54988
[13:04:15.152] [SEVERE ] updating countdown to 54967
[13:04:15.173] [SEVERE ] updating countdown to 54945
[13:04:15.194] [SEVERE ] updating countdown to 54924
[13:04:15.216] [SEVERE ] updating countdown to 54902
[13:04:15.238] [SEVERE ] updating countdown to 54880
[13:04:15.259] [SEVERE ] updating countdown to 54860
[13:04:15.280] [SEVERE ] updating countdown to 54839
[13:04:15.301] [SEVERE ] updating countdown to 54818
[13:04:15.322] [SEVERE ] updating countdown to 54796
[13:04:15.343] [SEVERE ] updating countdown to 54775
[13:04:15.365] [SEVERE ] updating countdown to 54753
[13:04:15.387] [SEVERE ] updating countdown to 54731
[13:04:15.408] [SEVERE ] updating countdown to 54710
[13:04:15.430] [SEVERE ] updating countdown to 54688
[13:04:15.455] [SEVERE ] updating countdown to 54663
[13:04:15.477] [SEVERE ] updating countdown to 54641
[13:04:15.498] [SEVERE ] updating countdown to 54620
[13:04:15.520] [SEVERE ] updating countdown to 54598
[13:04:15.541] [SEVERE ] updating countdown to 54577
[13:04:15.566] [SEVERE ] updating countdown to 54552
[13:04:15.592] [SEVERE ] updating countdown to 54526
[13:04:15.615] [SEVERE ] updating countdown to 54503
[13:04:15.640] [SEVERE ] updating countdown to 54478
[13:04:15.663] [SEVERE ] updating countdown to 54455
[13:04:15.688] [SEVERE ] updating countdown to 54430
[13:04:15.712] [SEVERE ] updating countdown to 54406
[13:04:15.732] [SEVERE ] updating countdown to 54386
[13:04:15.755] [SEVERE ] updating countdown to 54363
[13:04:15.781] [SEVERE ] updating countdown to 54337
[13:04:15.804] [SEVERE ] updating countdown to 54314
[13:04:15.828] [SEVERE ] updating countdown to 54290
[13:04:15.849] [SEVERE ] updating countdown to 54269
[13:04:15.870] [SEVERE ] updating countdown to 54248
[13:04:15.894] [SEVERE ] updating countdown to 54225
[13:04:15.915] [SEVERE ] updating countdown to 54203
[13:04:15.937] [SEVERE ] updating countdown to 54181
[13:04:15.962] [SEVERE ] updating countdown to 54156
[13:04:15.985] [SEVERE ] updating countdown to 54133
[13:04:16.010] [SEVERE ] updating countdown to 54108
[13:04:16.036] [SEVERE ] updating countdown to 54083
[13:04:16.057] [SEVERE ] updating countdown to 54061
[13:04:16.079] [SEVERE ] updating countdown to 54039
[13:04:16.105] [SEVERE ] updating countdown to 54013
[13:04:16.130] [SEVERE ] updating countdown to 53988
[13:04:16.156] [SEVERE ] updating countdown to 53962
[13:04:16.182] [SEVERE ] updating countdown to 53936
[13:04:16.207] [SEVERE ] updating countdown to 53911
[13:04:16.232] [SEVERE ] updating countdown to 53886
[13:04:16.257] [SEVERE ] updating countdown to 53861
[13:04:16.282] [SEVERE ] updating countdown to 53836
[13:04:16.309] [SEVERE ] updating countdown to 53810
[13:04:16.332] [SEVERE ] updating countdown to 53786
[13:04:16.354] [SEVERE ] updating countdown to 53764
[13:04:16.378] [SEVERE ] updating countdown to 53740
[13:04:16.399] [SEVERE ] updating countdown to 53719
[13:04:16.424] [SEVERE ] updating countdown to 53694
[13:04:16.448] [SEVERE ] updating countdown to 53670
[13:04:16.473] [SEVERE ] updating countdown to 53645
[13:04:16.498] [SEVERE ] updating countdown to 53620
[13:04:16.523] [SEVERE ] updating countdown to 53595
[13:04:16.548] [SEVERE ] updating countdown to 53570
[13:04:16.571] [SEVERE ] updating countdown to 53547
[13:04:16.595] [SEVERE ] updating countdown to 53523
[13:04:16.622] [SEVERE ] updating countdown to 53497
[13:04:16.646] [SEVERE ] updating countdown to 53472
[13:04:16.671] [SEVERE ] updating countdown to 53447
[13:04:16.693] [SEVERE ] updating countdown to 53425
[13:04:16.719] [SEVERE ] updating countdown to 53399
[13:04:16.741] [SEVERE ] updating countdown to 53377
[13:04:16.766] [SEVERE ] updating countdown to 53352
[13:04:16.791] [SEVERE ] updating countdown to 53327
[13:04:16.813] [SEVERE ] updating countdown to 53305
[13:04:16.837] [SEVERE ] updating countdown to 53281
[13:04:16.859] [SEVERE ] updating countdown to 53259
[13:04:16.881] [SEVERE ] updating countdown to 53237
[13:04:16.907] [SEVERE ] updating countdown to 53211
[13:04:16.929] [SEVERE ] updating countdown to 53189
[13:04:16.950] [SEVERE ] updating countdown to 53168
[13:04:16.975] [SEVERE ] updating countdown to 53143
[13:04:16.997] [SEVERE ] updating countdown to 53121
[13:04:17.018] [SEVERE ] updating countdown to 53100
[13:04:17.040] [SEVERE ] updating countdown to 53078
[13:04:17.066] [SEVERE ] updating countdown to 53052
[13:04:17.088] [SEVERE ] updating countdown to 53030
[13:04:17.113] [SEVERE ] updating countdown to 53005
[13:04:17.134] [SEVERE ] updating countdown to 52984
[13:04:17.159] [SEVERE ] updating countdown to 52959
[13:04:17.184] [SEVERE ] updating countdown to 52934
[13:04:17.206] [SEVERE ] updating countdown to 52912
[13:04:17.227] [SEVERE ] updating countdown to 52891
[13:04:17.249] [SEVERE ] updating countdown to 52869
[13:04:17.274] [SEVERE ] updating countdown to 52844
[13:04:17.295] [SEVERE ] updating countdown to 52823
[13:04:17.320] [SEVERE ] updating countdown to 52798
[13:04:17.342] [SEVERE ] updating countdown to 52776
[13:04:17.367] [SEVERE ] updating countdown to 52751
[13:04:17.393] [SEVERE ] updating countdown to 52725
[13:04:17.416] [SEVERE ] updating countdown to 52702
[13:04:17.437] [SEVERE ] updating countdown to 52681
[13:04:17.460] [SEVERE ] updating countdown to 52658
[13:04:17.482] [SEVERE ] updating countdown to 52636
[13:04:17.505] [SEVERE ] updating countdown to 52613
[13:04:17.531] [SEVERE ] updating countdown to 52587
[13:04:17.555] [SEVERE ] updating countdown to 52563
[13:04:17.580] [SEVERE ] updating countdown to 52538
[13:04:17.604] [SEVERE ] updating countdown to 52514
[13:04:17.630] [SEVERE ] updating countdown to 52488
[13:04:17.655] [SEVERE ] updating countdown to 52463
[13:04:17.678] [SEVERE ] updating countdown to 52440
[13:04:17.703] [SEVERE ] updating countdown to 52415
[13:04:17.729] [SEVERE ] updating countdown to 52389
[13:04:17.754] [SEVERE ] updating countdown to 52364
[13:04:17.779] [SEVERE ] updating countdown to 52339
[13:04:17.802] [SEVERE ] updating countdown to 52316
[13:04:17.827] [SEVERE ] updating countdown to 52291
[13:04:17.848] [SEVERE ] updating countdown to 52270
[13:04:17.872] [SEVERE ] updating countdown to 52246
[13:04:17.897] [SEVERE ] updating countdown to 52221
[13:04:17.918] [SEVERE ] updating countdown to 52200
[13:04:17.944] [SEVERE ] updating countdown to 52174
[13:04:17.970] [SEVERE ] updating countdown to 52148
[13:04:17.995] [SEVERE ] updating countdown to 52123
[13:04:18.015] [SEVERE ] updating countdown to 52103
[13:04:18.038] [SEVERE ] updating countdown to 52080
[13:04:18.063] [SEVERE ] updating countdown to 52055
[13:04:18.084] [SEVERE ] updating countdown to 52034
[13:04:18.107] [SEVERE ] updating countdown to 52011
[13:04:18.128] [SEVERE ] updating countdown to 51990
[13:04:18.149] [SEVERE ] updating countdown to 51969
[13:04:18.171] [SEVERE ] updating countdown to 51947
[13:04:18.192] [SEVERE ] updating countdown to 51926
[13:04:18.213] [SEVERE ] updating countdown to 51905
[13:04:18.234] [SEVERE ] updating countdown to 51884
[13:04:18.257] [SEVERE ] updating countdown to 51861
[13:04:18.278] [SEVERE ] updating countdown to 51840
[13:04:18.303] [SEVERE ] updating countdown to 51815
[13:04:18.327] [SEVERE ] updating countdown to 51791
[13:04:18.350] [SEVERE ] updating countdown to 51768
[13:04:18.374] [SEVERE ] updating countdown to 51744
[13:04:18.398] [SEVERE ] updating countdown to 51720
[13:04:18.420] [SEVERE ] updating countdown to 51698
[13:04:18.444] [SEVERE ] updating countdown to 51674
[13:04:18.466] [SEVERE ] updating countdown to 51652
[13:04:18.489] [SEVERE ] updating countdown to 51629
[13:04:18.513] [SEVERE ] updating countdown to 51605
[13:04:18.536] [SEVERE ] updating countdown to 51582
[13:04:18.561] [SEVERE ] updating countdown to 51557
[13:04:18.583] [SEVERE ] updating countdown to 51535
[13:04:18.610] [SEVERE ] updating countdown to 51509
[13:04:18.635] [SEVERE ] updating countdown to 51483
[13:04:18.660] [SEVERE ] updating countdown to 51458
[13:04:18.684] [SEVERE ] updating countdown to 51434
[13:04:18.708] [SEVERE ] updating countdown to 51410
[13:04:18.733] [SEVERE ] updating countdown to 51385
[13:04:18.760] [SEVERE ] updating countdown to 51359
[13:04:18.786] [SEVERE ] updating countdown to 51332
[13:04:18.811] [SEVERE ] updating countdown to 51307
[13:04:18.836] [SEVERE ] updating countdown to 51282
[13:04:18.862] [SEVERE ] updating countdown to 51256
[13:04:18.885] [SEVERE ] updating countdown to 51233
[13:04:18.910] [SEVERE ] updating countdown to 51208
[13:04:18.933] [SEVERE ] updating countdown to 51185
[13:04:18.956] [SEVERE ] updating countdown to 51162
[13:04:18.981] [SEVERE ] updating countdown to 51137
[13:04:19.004] [SEVERE ] updating countdown to 51114
[13:04:19.029] [SEVERE ] updating countdown to 51089
[13:04:19.051] [SEVERE ] updating countdown to 51067
[13:04:19.076] [SEVERE ] updating countdown to 51042
[13:04:19.101] [SEVERE ] updating countdown to 51017
[13:04:19.127] [SEVERE ] updating countdown to 50991
[13:04:19.153] [SEVERE ] updating countdown to 50965
[13:04:19.179] [SEVERE ] updating countdown to 50939
[13:04:19.201] [SEVERE ] updating countdown to 50917
[13:04:19.226] [SEVERE ] updating countdown to 50892
[13:04:19.247] [SEVERE ] updating countdown to 50871
[13:04:19.272] [SEVERE ] updating countdown to 50846
[13:04:19.297] [SEVERE ] updating countdown to 50821
[13:04:19.321] [SEVERE ] updating countdown to 50797
[13:04:19.342] [SEVERE ] updating countdown to 50776
[13:04:19.363] [SEVERE ] updating countdown to 50755
[13:04:19.385] [SEVERE ] updating countdown to 50733
[13:04:19.406] [SEVERE ] updating countdown to 50712
[13:04:19.427] [SEVERE ] updating countdown to 50691
[13:04:19.449] [SEVERE ] updating countdown to 50670
[13:04:19.470] [SEVERE ] updating countdown to 50648
[13:04:19.491] [SEVERE ] updating countdown to 50627
[13:04:19.513] [SEVERE ] updating countdown to 50605
[13:04:19.536] [SEVERE ] updating countdown to 50582
[13:04:19.556] [SEVERE ] updating countdown to 50562
[13:04:19.578] [SEVERE ] updating countdown to 50540
[13:04:19.600] [SEVERE ] updating countdown to 50518
[13:04:19.621] [SEVERE ] updating countdown to 50497
[13:04:19.642] [SEVERE ] updating countdown to 50476
[13:04:19.664] [SEVERE ] updating countdown to 50454
[13:04:19.685] [SEVERE ] updating countdown to 50433
[13:04:19.707] [SEVERE ] updating countdown to 50411
[13:04:19.729] [SEVERE ] updating countdown to 50389
[13:04:19.750] [SEVERE ] updating countdown to 50368
[13:04:19.771] [SEVERE ] updating countdown to 50347
[13:04:19.797] [SEVERE ] updating countdown to 50321
[13:04:19.822] [SEVERE ] updating countdown to 50296
[13:04:19.847] [SEVERE ] updating countdown to 50271
[13:04:19.869] [SEVERE ] updating countdown to 50249
[13:04:19.895] [SEVERE ] updating countdown to 50223
[13:04:19.921] [SEVERE ] updating countdown to 50197
[13:04:19.947] [SEVERE ] updating countdown to 50171
[13:04:19.973] [SEVERE ] updating countdown to 50145
[13:04:19.995] [SEVERE ] updating countdown to 50123
[13:04:20.022] [SEVERE ] updating countdown to 50097
[13:04:20.043] [SEVERE ] updating countdown to 50075
[13:04:20.068] [SEVERE ] updating countdown to 50050
[13:04:20.094] [SEVERE ] updating countdown to 50024
[13:04:20.121] [SEVERE ] updating countdown to 49998
[13:04:20.146] [SEVERE ] updating countdown to 49972
[13:04:20.171] [SEVERE ] updating countdown to 49947
[13:04:20.197] [SEVERE ] updating countdown to 49921
[13:04:20.223] [SEVERE ] updating countdown to 49895
[13:04:20.244] [SEVERE ] updating countdown to 49874
[13:04:20.268] [SEVERE ] updating countdown to 49850
[13:04:20.294] [SEVERE ] updating countdown to 49824
[13:04:20.316] [SEVERE ] updating countdown to 49802
[13:04:20.341] [SEVERE ] updating countdown to 49777
[13:04:20.368] [SEVERE ] updating countdown to 49750
[13:04:20.389] [SEVERE ] updating countdown to 49729
[13:04:20.411] [SEVERE ] updating countdown to 49707
[13:04:20.432] [SEVERE ] updating countdown to 49686
[13:04:20.454] [SEVERE ] updating countdown to 49664
[13:04:20.475] [SEVERE ] updating countdown to 49644
[13:04:20.497] [SEVERE ] updating countdown to 49622
[13:04:20.517] [SEVERE ] updating countdown to 49601
[13:04:20.539] [SEVERE ] updating countdown to 49579
[13:04:20.561] [SEVERE ] updating countdown to 49557
[13:04:20.582] [SEVERE ] updating countdown to 49536
[13:04:20.604] [SEVERE ] updating countdown to 49514
[13:04:20.626] [SEVERE ] updating countdown to 49492
[13:04:20.648] [SEVERE ] updating countdown to 49470
[13:04:20.671] [SEVERE ] updating countdown to 49447
[13:04:20.691] [SEVERE ] updating countdown to 49427
[13:04:20.713] [SEVERE ] updating countdown to 49405
[13:04:20.736] [SEVERE ] updating countdown to 49382
[13:04:20.756] [SEVERE ] updating countdown to 49362
[13:04:20.778] [SEVERE ] updating countdown to 49340
[13:04:20.799] [SEVERE ] updating countdown to 49319
[13:04:20.820] [SEVERE ] updating countdown to 49298
[13:04:20.842] [SEVERE ] updating countdown to 49276
[13:04:20.864] [SEVERE ] updating countdown to 49254
[13:04:20.886] [SEVERE ] updating countdown to 49232
[13:04:20.910] [SEVERE ] updating countdown to 49208
[13:04:20.935] [SEVERE ] updating countdown to 49183
[13:04:20.957] [SEVERE ] updating countdown to 49161
[13:04:20.980] [SEVERE ] updating countdown to 49138
[13:04:21.005] [SEVERE ] updating countdown to 49113
[13:04:21.027] [SEVERE ] updating countdown to 49091
[13:04:21.052] [SEVERE ] updating countdown to 49066
[13:04:21.078] [SEVERE ] updating countdown to 49040
[13:04:21.102] [SEVERE ] updating countdown to 49016
[13:04:21.127] [SEVERE ] updating countdown to 48991
[13:04:21.153] [SEVERE ] updating countdown to 48965
[13:04:21.179] [SEVERE ] updating countdown to 48939
[13:04:21.205] [SEVERE ] updating countdown to 48913
[13:04:21.230] [SEVERE ] updating countdown to 48888
[13:04:21.254] [SEVERE ] updating countdown to 48864
[13:04:21.279] [SEVERE ] updating countdown to 48839
[13:04:21.302] [SEVERE ] updating countdown to 48816
[13:04:21.323] [SEVERE ] updating countdown to 48795
[13:04:21.347] [SEVERE ] updating countdown to 48771
[13:04:21.368] [SEVERE ] updating countdown to 48750
[13:04:21.389] [SEVERE ] updating countdown to 48729
[13:04:21.410] [SEVERE ] updating countdown to 48708
[13:04:21.431] [SEVERE ] updating countdown to 48687
[13:04:21.453] [SEVERE ] updating countdown to 48665
[13:04:21.474] [SEVERE ] updating countdown to 48644
[13:04:21.495] [SEVERE ] updating countdown to 48623
[13:04:21.516] [SEVERE ] updating countdown to 48602
[13:04:21.537] [SEVERE ] updating countdown to 48581
[13:04:21.559] [SEVERE ] updating countdown to 48559
[13:04:21.580] [SEVERE ] updating countdown to 48538
[13:04:21.601] [SEVERE ] updating countdown to 48517
[13:04:21.622] [SEVERE ] updating countdown to 48496
[13:04:21.643] [SEVERE ] updating countdown to 48475
[13:04:21.664] [SEVERE ] updating countdown to 48454
[13:04:21.685] [SEVERE ] updating countdown to 48433
[13:04:21.705] [SEVERE ] updating countdown to 48413
[13:04:21.727] [SEVERE ] updating countdown to 48391
[13:04:21.748] [SEVERE ] updating countdown to 48370
[13:04:21.770] [SEVERE ] updating countdown to 48348
[13:04:21.791] [SEVERE ] updating countdown to 48327
[13:04:21.813] [SEVERE ] updating countdown to 48305
[13:04:21.834] [SEVERE ] updating countdown to 48284
[13:04:21.856] [SEVERE ] updating countdown to 48262
[13:04:21.877] [SEVERE ] updating countdown to 48241
[13:04:21.899] [SEVERE ] updating countdown to 48219
[13:04:21.920] [SEVERE ] updating countdown to 48198
[13:04:21.942] [SEVERE ] updating countdown to 48176
[13:04:21.964] [SEVERE ] updating countdown to 48154
[13:04:21.985] [SEVERE ] updating countdown to 48133
[13:04:22.007] [SEVERE ] updating countdown to 48111
[13:04:22.029] [SEVERE ] updating countdown to 48089
[13:04:22.051] [SEVERE ] updating countdown to 48067
[13:04:22.072] [SEVERE ] updating countdown to 48046
[13:04:22.097] [SEVERE ] updating countdown to 48021
[13:04:22.122] [SEVERE ] updating countdown to 47996
[13:04:22.145] [SEVERE ] updating countdown to 47973
[13:04:22.170] [SEVERE ] updating countdown to 47948
[13:04:22.196] [SEVERE ] updating countdown to 47922
[13:04:22.218] [SEVERE ] updating countdown to 47900
[13:04:22.239] [SEVERE ] updating countdown to 47879
[13:04:22.259] [SEVERE ] updating countdown to 47859
[13:04:22.281] [SEVERE ] updating countdown to 47837
[13:04:22.303] [SEVERE ] updating countdown to 47815
[13:04:22.324] [SEVERE ] updating countdown to 47794
[13:04:22.350] [SEVERE ] updating countdown to 47768
[13:04:22.372] [SEVERE ] updating countdown to 47746
[13:04:22.395] [SEVERE ] updating countdown to 47723
[13:04:22.416] [SEVERE ] updating countdown to 47702
[13:04:22.437] [SEVERE ] updating countdown to 47681
[13:04:22.458] [SEVERE ] updating countdown to 47660
[13:04:22.482] [SEVERE ] updating countdown to 47636
[13:04:22.504] [SEVERE ] updating countdown to 47614
[13:04:22.526] [SEVERE ] updating countdown to 47592
[13:04:22.552] [SEVERE ] updating countdown to 47566
[13:04:22.575] [SEVERE ] updating countdown to 47543
[13:04:22.601] [SEVERE ] updating countdown to 47517
[13:04:22.625] [SEVERE ] updating countdown to 47493
[13:04:22.651] [SEVERE ] updating countdown to 47467
[13:04:22.675] [SEVERE ] updating countdown to 47443
[13:04:22.700] [SEVERE ] updating countdown to 47418
[13:04:22.723] [SEVERE ] updating countdown to 47395
[13:04:22.748] [SEVERE ] updating countdown to 47370
[13:04:22.770] [SEVERE ] updating countdown to 47348
[13:04:22.795] [SEVERE ] updating countdown to 47323
[13:04:22.822] [SEVERE ] updating countdown to 47296
[13:04:22.847] [SEVERE ] updating countdown to 47271
[13:04:22.873] [SEVERE ] updating countdown to 47245
[13:04:22.898] [SEVERE ] updating countdown to 47220
[13:04:22.924] [SEVERE ] updating countdown to 47194
[13:04:22.950] [SEVERE ] updating countdown to 47168
[13:04:22.976] [SEVERE ] updating countdown to 47142
[13:04:23.000] [SEVERE ] updating countdown to 47118
[13:04:23.022] [SEVERE ] updating countdown to 47096
[13:04:23.048] [SEVERE ] updating countdown to 47070
[13:04:23.073] [SEVERE ] updating countdown to 47045
[13:04:23.099] [SEVERE ] updating countdown to 47019
[13:04:23.120] [SEVERE ] updating countdown to 46998
[13:04:23.142] [SEVERE ] updating countdown to 46976
[13:04:23.163] [SEVERE ] updating countdown to 46955
[13:04:23.184] [SEVERE ] updating countdown to 46934
[13:04:23.206] [SEVERE ] updating countdown to 46912
[13:04:23.227] [SEVERE ] updating countdown to 46891
[13:04:23.248] [SEVERE ] updating countdown to 46870
[13:04:23.270] [SEVERE ] updating countdown to 46848
[13:04:23.291] [SEVERE ] updating countdown to 46827
[13:04:23.313] [SEVERE ] updating countdown to 46805
[13:04:23.337] [SEVERE ] updating countdown to 46781
[13:04:23.362] [SEVERE ] updating countdown to 46756
[13:04:23.387] [SEVERE ] updating countdown to 46731
[13:04:23.407] [SEVERE ] updating countdown to 46711
[13:04:23.429] [SEVERE ] updating countdown to 46689
[13:04:23.455] [SEVERE ] updating countdown to 46663
[13:04:23.479] [SEVERE ] updating countdown to 46639
[13:04:23.504] [SEVERE ] updating countdown to 46614
[13:04:23.526] [SEVERE ] updating countdown to 46592
[13:04:23.551] [SEVERE ] updating countdown to 46567
[13:04:23.572] [SEVERE ] updating countdown to 46546
[13:04:23.597] [SEVERE ] updating countdown to 46521
[13:04:23.619] [SEVERE ] updating countdown to 46499
[13:04:23.644] [SEVERE ] updating countdown to 46474
[13:04:23.667] [SEVERE ] updating countdown to 46451
[13:04:23.693] [SEVERE ] updating countdown to 46425
[13:04:23.716] [SEVERE ] updating countdown to 46402
[13:04:23.741] [SEVERE ] updating countdown to 46377
[13:04:23.766] [SEVERE ] updating countdown to 46352
[13:04:23.792] [SEVERE ] updating countdown to 46326
[13:04:23.818] [SEVERE ] updating countdown to 46300
[13:04:23.844] [SEVERE ] updating countdown to 46274
[13:04:23.867] [SEVERE ] updating countdown to 46251
[13:04:23.888] [SEVERE ] updating countdown to 46230
[13:04:23.910] [SEVERE ] updating countdown to 46208
[13:04:23.931] [SEVERE ] updating countdown to 46187
[13:04:23.952] [SEVERE ] updating countdown to 46166
[13:04:23.976] [SEVERE ] updating countdown to 46142
[13:04:24.002] [SEVERE ] updating countdown to 46116
[13:04:24.028] [SEVERE ] updating countdown to 46090
[13:04:24.052] [SEVERE ] updating countdown to 46066
[13:04:24.076] [SEVERE ] updating countdown to 46042
[13:04:24.100] [SEVERE ] updating countdown to 46018
[13:04:24.126] [SEVERE ] updating countdown to 45992
[13:04:24.148] [SEVERE ] updating countdown to 45970
[13:04:24.174] [SEVERE ] updating countdown to 45944
[13:04:24.196] [SEVERE ] updating countdown to 45922
[13:04:24.218] [SEVERE ] updating countdown to 45900
[13:04:24.239] [SEVERE ] updating countdown to 45879
[13:04:24.261] [SEVERE ] updating countdown to 45857
[13:04:24.282] [SEVERE ] updating countdown to 45836
[13:04:24.303] [SEVERE ] updating countdown to 45815
[13:04:24.329] [SEVERE ] updating countdown to 45789
[13:04:24.350] [SEVERE ] updating countdown to 45768
[13:04:24.377] [SEVERE ] updating countdown to 45741
[13:04:24.399] [SEVERE ] updating countdown to 45719
[13:04:24.423] [SEVERE ] updating countdown to 45695
[13:04:24.444] [SEVERE ] updating countdown to 45674
[13:04:24.470] [SEVERE ] updating countdown to 45648
[13:04:24.492] [SEVERE ] updating countdown to 45626
[13:04:24.517] [SEVERE ] updating countdown to 45601
[13:04:24.540] [SEVERE ] updating countdown to 45578
[13:04:24.567] [SEVERE ] updating countdown to 45551
[13:04:24.593] [SEVERE ] updating countdown to 45525
[13:04:24.614] [SEVERE ] updating countdown to 45504
[13:04:24.640] [SEVERE ] updating countdown to 45478
[13:04:24.663] [SEVERE ] updating countdown to 45455
[13:04:24.689] [SEVERE ] updating countdown to 45429
[13:04:24.713] [SEVERE ] updating countdown to 45405
[13:04:24.738] [SEVERE ] updating countdown to 45380
[13:04:24.763] [SEVERE ] updating countdown to 45355
[13:04:24.789] [SEVERE ] updating countdown to 45329
[13:04:24.813] [SEVERE ] updating countdown to 45305
[13:04:24.835] [SEVERE ] updating countdown to 45283
[13:04:24.860] [SEVERE ] updating countdown to 45258
[13:04:24.883] [SEVERE ] updating countdown to 45235
[13:04:24.904] [SEVERE ] updating countdown to 45214
[13:04:24.930] [SEVERE ] updating countdown to 45188
[13:04:24.952] [SEVERE ] updating countdown to 45166
[13:04:24.979] [SEVERE ] updating countdown to 45139
[13:04:25.005] [SEVERE ] updating countdown to 45113
[13:04:25.027] [SEVERE ] updating countdown to 45091
[13:04:25.048] [SEVERE ] updating countdown to 45070
[13:04:25.072] [SEVERE ] updating countdown to 45046
[13:04:25.098] [SEVERE ] updating countdown to 45020
[13:04:25.119] [SEVERE ] updating countdown to 44999
[13:04:25.144] [SEVERE ] updating countdown to 44974
[13:04:25.170] [SEVERE ] updating countdown to 44948
[13:04:25.192] [SEVERE ] updating countdown to 44926
[13:04:25.213] [SEVERE ] updating countdown to 44905
[13:04:25.239] [SEVERE ] updating countdown to 44879
[13:04:25.265] [SEVERE ] updating countdown to 44853
[13:04:25.291] [SEVERE ] updating countdown to 44827
[13:04:25.313] [SEVERE ] updating countdown to 44805
[13:04:25.337] [SEVERE ] updating countdown to 44781
[13:04:25.360] [SEVERE ] updating countdown to 44758
[13:04:25.386] [SEVERE ] updating countdown to 44732
[13:04:25.408] [SEVERE ] updating countdown to 44710
[13:04:25.430] [SEVERE ] updating countdown to 44688
[13:04:25.451] [SEVERE ] updating countdown to 44667
[13:04:25.472] [SEVERE ] updating countdown to 44646
[13:04:25.496] [SEVERE ] updating countdown to 44622
[13:04:25.518] [SEVERE ] updating countdown to 44600
[13:04:25.540] [SEVERE ] updating countdown to 44578
[13:04:25.566] [SEVERE ] updating countdown to 44552
[13:04:25.588] [SEVERE ] updating countdown to 44530
[13:04:25.613] [SEVERE ] updating countdown to 44505
[13:04:25.637] [SEVERE ] updating countdown to 44481
[13:04:25.663] [SEVERE ] updating countdown to 44455
[13:04:25.688] [SEVERE ] updating countdown to 44430
[13:04:25.713] [SEVERE ] updating countdown to 44405
[13:04:25.740] [SEVERE ] updating countdown to 44378
[13:04:25.766] [SEVERE ] updating countdown to 44352
[13:04:25.792] [SEVERE ] updating countdown to 44326
[13:04:25.813] [SEVERE ] updating countdown to 44305
[13:04:25.839] [SEVERE ] updating countdown to 44279
[13:04:25.861] [SEVERE ] updating countdown to 44257
[13:04:25.887] [SEVERE ] updating countdown to 44231
[13:04:25.908] [SEVERE ] updating countdown to 44210
[13:04:25.934] [SEVERE ] updating countdown to 44184
[13:04:25.955] [SEVERE ] updating countdown to 44163
[13:04:25.980] [SEVERE ] updating countdown to 44138
[13:04:26.006] [SEVERE ] updating countdown to 44112
[13:04:26.031] [SEVERE ] updating countdown to 44087
[13:04:26.052] [SEVERE ] updating countdown to 44066
[13:04:26.074] [SEVERE ] updating countdown to 44044
[13:04:26.095] [SEVERE ] updating countdown to 44023
[13:04:26.121] [SEVERE ] updating countdown to 43997
[13:04:26.147] [SEVERE ] updating countdown to 43971
[13:04:26.168] [SEVERE ] updating countdown to 43950
[13:04:26.194] [SEVERE ] updating countdown to 43924
[13:04:26.215] [SEVERE ] updating countdown to 43903
[13:04:26.240] [SEVERE ] updating countdown to 43878
[13:04:26.266] [SEVERE ] updating countdown to 43852
[13:04:26.288] [SEVERE ] updating countdown to 43830
[13:04:26.313] [SEVERE ] updating countdown to 43805
[13:04:26.339] [SEVERE ] updating countdown to 43779
[13:04:26.361] [SEVERE ] updating countdown to 43757
[13:04:26.385] [SEVERE ] updating countdown to 43733
[13:04:26.409] [SEVERE ] updating countdown to 43709
[13:04:26.430] [SEVERE ] updating countdown to 43688
[13:04:26.456] [SEVERE ] updating countdown to 43662
[13:04:26.482] [SEVERE ] updating countdown to 43636
[13:04:26.506] [SEVERE ] updating countdown to 43612
[13:04:26.527] [SEVERE ] updating countdown to 43591
[13:04:26.549] [SEVERE ] updating countdown to 43569
[13:04:26.570] [SEVERE ] updating countdown to 43548
[13:04:26.596] [SEVERE ] updating countdown to 43522
[13:04:26.622] [SEVERE ] updating countdown to 43496
[13:04:26.648] [SEVERE ] updating countdown to 43470
[13:04:26.674] [SEVERE ] updating countdown to 43444
[13:04:26.697] [SEVERE ] updating countdown to 43421
[13:04:26.720] [SEVERE ] updating countdown to 43398
[13:04:26.743] [SEVERE ] updating countdown to 43375
[13:04:26.769] [SEVERE ] updating countdown to 43349
[13:04:26.794] [SEVERE ] updating countdown to 43324
[13:04:26.819] [SEVERE ] updating countdown to 43299
[13:04:26.844] [SEVERE ] updating countdown to 43274
[13:04:26.865] [SEVERE ] updating countdown to 43253
[13:04:26.891] [SEVERE ] updating countdown to 43227
[13:04:26.913] [SEVERE ] updating countdown to 43205
[13:04:26.939] [SEVERE ] updating countdown to 43179
[13:04:26.961] [SEVERE ] updating countdown to 43157
[13:04:26.983] [SEVERE ] updating countdown to 43135
[13:04:27.004] [SEVERE ] updating countdown to 43114
[13:04:27.029] [SEVERE ] updating countdown to 43089
[13:04:27.051] [SEVERE ] updating countdown to 43067
[13:04:27.076] [SEVERE ] updating countdown to 43042
[13:04:27.098] [SEVERE ] updating countdown to 43020
[13:04:27.124] [SEVERE ] updating countdown to 42994
[13:04:27.147] [SEVERE ] updating countdown to 42971
[13:04:27.173] [SEVERE ] updating countdown to 42945
[13:04:27.196] [SEVERE ] updating countdown to 42922
[13:04:27.222] [SEVERE ] updating countdown to 42896
[13:04:27.244] [SEVERE ] updating countdown to 42874
[13:04:27.270] [SEVERE ] updating countdown to 42848
[13:04:27.296] [SEVERE ] updating countdown to 42822
[13:04:27.317] [SEVERE ] updating countdown to 42801
[13:04:27.341] [SEVERE ] updating countdown to 42777
[13:04:27.362] [SEVERE ] updating countdown to 42756
[13:04:27.387] [SEVERE ] updating countdown to 42731
[13:04:27.408] [SEVERE ] updating countdown to 42710
[13:04:27.434] [SEVERE ] updating countdown to 42684
[13:04:27.455] [SEVERE ] updating countdown to 42663
[13:04:27.476] [SEVERE ] updating countdown to 42642
[13:04:27.497] [SEVERE ] updating countdown to 42621
[13:04:27.519] [SEVERE ] updating countdown to 42599
[13:04:27.544] [SEVERE ] updating countdown to 42574
[13:04:27.570] [SEVERE ] updating countdown to 42548
[13:04:27.593] [SEVERE ] updating countdown to 42525
[13:04:27.620] [SEVERE ] updating countdown to 42498
[13:04:27.643] [SEVERE ] updating countdown to 42475
[13:04:27.668] [SEVERE ] updating countdown to 42450
[13:04:27.691] [SEVERE ] updating countdown to 42427
[13:04:27.713] [SEVERE ] updating countdown to 42405
[13:04:27.737] [SEVERE ] updating countdown to 42381
[13:04:27.763] [SEVERE ] updating countdown to 42355
[13:04:27.787] [SEVERE ] updating countdown to 42331
[13:04:27.809] [SEVERE ] updating countdown to 42309
[13:04:27.833] [SEVERE ] updating countdown to 42285
[13:04:27.859] [SEVERE ] updating countdown to 42259
[13:04:27.884] [SEVERE ] updating countdown to 42234
[13:04:27.908] [SEVERE ] updating countdown to 42210
[13:04:27.930] [SEVERE ] updating countdown to 42188
[13:04:27.953] [SEVERE ] updating countdown to 42165
[13:04:27.979] [SEVERE ] updating countdown to 42139
[13:04:28.004] [SEVERE ] updating countdown to 42114
[13:04:28.026] [SEVERE ] updating countdown to 42092
[13:04:28.049] [SEVERE ] updating countdown to 42069
[13:04:28.073] [SEVERE ] updating countdown to 42045
[13:04:28.099] [SEVERE ] updating countdown to 42019
[13:04:28.120] [SEVERE ] updating countdown to 41998
[13:04:28.142] [SEVERE ] updating countdown to 41976
[13:04:28.163] [SEVERE ] updating countdown to 41955
[13:04:28.184] [SEVERE ] updating countdown to 41934
[13:04:28.205] [SEVERE ] updating countdown to 41913
[13:04:28.226] [SEVERE ] updating countdown to 41892
[13:04:28.248] [SEVERE ] updating countdown to 41870
[13:04:28.269] [SEVERE ] updating countdown to 41849
[13:04:28.293] [SEVERE ] updating countdown to 41825
[13:04:28.314] [SEVERE ] updating countdown to 41804
[13:04:28.335] [SEVERE ] updating countdown to 41783
[13:04:28.357] [SEVERE ] updating countdown to 41761
[13:04:28.379] [SEVERE ] updating countdown to 41739
[13:04:28.404] [SEVERE ] updating countdown to 41714
[13:04:28.426] [SEVERE ] updating countdown to 41692
[13:04:28.448] [SEVERE ] updating countdown to 41670
[13:04:28.474] [SEVERE ] updating countdown to 41644
[13:04:28.498] [SEVERE ] updating countdown to 41620
[13:04:28.524] [SEVERE ] updating countdown to 41594
[13:04:28.545] [SEVERE ] updating countdown to 41573
[13:04:28.567] [SEVERE ] updating countdown to 41551
[13:04:28.589] [SEVERE ] updating countdown to 41529
[13:04:28.613] [SEVERE ] updating countdown to 41505
[13:04:28.639] [SEVERE ] updating countdown to 41479
[13:04:28.665] [SEVERE ] updating countdown to 41453
[13:04:28.691] [SEVERE ] updating countdown to 41427
[13:04:28.717] [SEVERE ] updating countdown to 41401
[13:04:28.742] [SEVERE ] updating countdown to 41376
[13:04:28.764] [SEVERE ] updating countdown to 41354
[13:04:28.787] [SEVERE ] updating countdown to 41331
[13:04:28.793] [SEVERE ] key 90 was pressed by player 1
[13:04:28.794] [SEVERE ] player 1 placing token on slot 8
[13:04:28.808] [SEVERE ] updating countdown to 41310
[13:04:28.832] [SEVERE ] updating countdown to 41286
[13:04:28.854] [SEVERE ] updating countdown to 41264
[13:04:28.880] [SEVERE ] updating countdown to 41238
[13:04:28.901] [SEVERE ] updating countdown to 41217
[13:04:28.926] [SEVERE ] updating countdown to 41192
[13:04:28.950] [SEVERE ] updating countdown to 41168
[13:04:28.975] [SEVERE ] updating countdown to 41143
[13:04:29.000] [SEVERE ] updating countdown to 41118
[13:04:29.026] [SEVERE ] updating countdown to 41092
[13:04:29.052] [SEVERE ] updating countdown to 41066
[13:04:29.074] [SEVERE ] updating countdown to 41044
[13:04:29.096] [SEVERE ] updating countdown to 41022
[13:04:29.122] [SEVERE ] updating countdown to 40996
[13:04:29.144] [SEVERE ] updating countdown to 40974
[13:04:29.160] [SEVERE ] key 81 was pressed by player 1
[13:04:29.161] [SEVERE ] player 1 placing token on slot 0
[13:04:29.164] [SEVERE ] updating countdown to 40954
[13:04:29.189] [SEVERE ] updating countdown to 40929
[13:04:29.215] [SEVERE ] updating countdown to 40903
[13:04:29.240] [SEVERE ] updating countdown to 40878
[13:04:29.266] [SEVERE ] updating countdown to 40852
[13:04:29.292] [SEVERE ] updating countdown to 40826
[13:04:29.313] [SEVERE ] updating countdown to 40805
[13:04:29.337] [SEVERE ] updating countdown to 40781
[13:04:29.360] [SEVERE ] updating countdown to 40758
[13:04:29.384] [SEVERE ] updating countdown to 40734
[13:04:29.410] [SEVERE ] updating countdown to 40708
[13:04:29.435] [SEVERE ] updating countdown to 40683
[13:04:29.461] [SEVERE ] updating countdown to 40657
[13:04:29.487] [SEVERE ] updating countdown to 40631
[13:04:29.508] [SEVERE ] updating countdown to 40610
[13:04:29.529] [SEVERE ] updating countdown to 40589
[13:04:29.551] [SEVERE ] updating countdown to 40567
[13:04:29.573] [SEVERE ] updating countdown to 40545
[13:04:29.599] [SEVERE ] updating countdown to 40519
[13:04:29.623] [SEVERE ] updating countdown to 40495
[13:04:29.649] [SEVERE ] updating countdown to 40469
[13:04:29.675] [SEVERE ] updating countdown to 40443
[13:04:29.699] [SEVERE ] updating countdown to 40419
[13:04:29.725] [SEVERE ] updating countdown to 40393
[13:04:29.746] [SEVERE ] updating countdown to 40372
[13:04:29.772] [SEVERE ] updating countdown to 40346
[13:04:29.794] [SEVERE ] updating countdown to 40324
[13:04:29.816] [SEVERE ] updating countdown to 40302
[13:04:29.841] [SEVERE ] updating countdown to 40277
[13:04:29.864] [SEVERE ] updating countdown to 40254
[13:04:29.886] [SEVERE ] updating countdown to 40232
[13:04:29.912] [SEVERE ] updating countdown to 40206
[13:04:29.934] [SEVERE ] updating countdown to 40184
[13:04:29.960] [SEVERE ] updating countdown to 40158
[13:04:29.984] [SEVERE ] updating countdown to 40134
[13:04:30.010] [SEVERE ] updating countdown to 40108
[13:04:30.036] [SEVERE ] updating countdown to 40082
[13:04:30.062] [SEVERE ] updating countdown to 40056
[13:04:30.085] [SEVERE ] updating countdown to 40033
[13:04:30.106] [SEVERE ] updating countdown to 40012
[13:04:30.132] [SEVERE ] updating countdown to 39986
[13:04:30.155] [SEVERE ] updating countdown to 39963
[13:04:30.178] [SEVERE ] updating countdown to 39940
[13:04:30.202] [SEVERE ] updating countdown to 39916
[13:04:30.228] [SEVERE ] updating countdown to 39890
[13:04:30.250] [SEVERE ] updating countdown to 39868
[13:04:30.276] [SEVERE ] updating countdown to 39842
[13:04:30.298] [SEVERE ] updating countdown to 39820
[13:04:30.322] [SEVERE ] updating countdown to 39796
[13:04:30.344] [SEVERE ] updating countdown to 39774
[13:04:30.368] [SEVERE ] updating countdown to 39750
[13:04:30.394] [SEVERE ] updating countdown to 39724
[13:04:30.420] [SEVERE ] updating countdown to 39698
[13:04:30.446] [SEVERE ] updating countdown to 39672
[13:04:30.472] [SEVERE ] updating countdown to 39646
[13:04:30.498] [SEVERE ] updating countdown to 39620
[13:04:30.519] [SEVERE ] updating countdown to 39599
[13:04:30.542] [SEVERE ] updating countdown to 39576
[13:04:30.563] [SEVERE ] updating countdown to 39555
[13:04:30.586] [SEVERE ] updating countdown to 39532
[13:04:30.610] [SEVERE ] updating countdown to 39508
[13:04:30.633] [SEVERE ] updating countdown to 39485
[13:04:30.654] [SEVERE ] updating countdown to 39464
[13:04:30.677] [SEVERE ] updating countdown to 39441
[13:04:30.699] [SEVERE ] updating countdown to 39419
[13:04:30.721] [SEVERE ] updating countdown to 39397
[13:04:30.746] [SEVERE ] updating countdown to 39372
[13:04:30.772] [SEVERE ] updating countdown to 39346
[13:04:30.794] [SEVERE ] updating countdown to 39324
[13:04:30.816] [SEVERE ] updating countdown to 39302
[13:04:30.837] [SEVERE ] updating countdown to 39281
[13:04:30.858] [SEVERE ] updating countdown to 39260
[13:04:30.882] [SEVERE ] updating countdown to 39236
[13:04:30.904] [SEVERE ] updating countdown to 39214
[13:04:30.927] [SEVERE ] updating countdown to 39191
[13:04:30.951] [SEVERE ] updating countdown to 39167
[13:04:30.972] [SEVERE ] updating countdown to 39146
[13:04:30.994] [SEVERE ] updating countdown to 39124
[13:04:31.018] [SEVERE ] updating countdown to 39100
[13:04:31.044] [SEVERE ] updating countdown to 39074
[13:04:31.066] [SEVERE ] updating countdown to 39052
[13:04:31.092] [SEVERE ] updating countdown to 39026
[13:04:31.114] [SEVERE ] updating countdown to 39004
[13:04:31.140] [SEVERE ] updating countdown to 38978
[13:04:31.164] [SEVERE ] updating countdown to 38954
[13:04:31.186] [SEVERE ] updating countdown to 38932
[13:04:31.209] [SEVERE ] updating countdown to 38909
[13:04:31.230] [SEVERE ] updating countdown to 38888
[13:04:31.252] [SEVERE ] updating countdown to 38866
[13:04:31.275] [SEVERE ] updating countdown to 38843
[13:04:31.297] [SEVERE ] updating countdown to 38821
[13:04:31.322] [SEVERE ] updating countdown to 38796
[13:04:31.345] [SEVERE ] updating countdown to 38773
[13:04:31.367] [SEVERE ] updating countdown to 38751
[13:04:31.388] [SEVERE ] updating countdown to 38730
[13:04:31.411] [SEVERE ] updating countdown to 38707
[13:04:31.432] [SEVERE ] updating countdown to 38686
[13:04:31.454] [SEVERE ] updating countdown to 38664
[13:04:31.475] [SEVERE ] updating countdown to 38643
[13:04:31.501] [SEVERE ] updating countdown to 38617
[13:04:31.527] [SEVERE ] updating countdown to 38591
[13:04:31.548] [SEVERE ] updating countdown to 38570
[13:04:31.570] [SEVERE ] updating countdown to 38548
[13:04:31.593] [SEVERE ] updating countdown to 38525
[13:04:31.614] [SEVERE ] updating countdown to 38504
[13:04:31.641] [SEVERE ] updating countdown to 38477
[13:04:31.662] [SEVERE ] updating countdown to 38456
[13:04:31.686] [SEVERE ] updating countdown to 38432
[13:04:31.708] [SEVERE ] updating countdown to 38410
[13:04:31.734] [SEVERE ] updating countdown to 38384
[13:04:31.756] [SEVERE ] updating countdown to 38362
[13:04:31.781] [SEVERE ] updating countdown to 38337
[13:04:31.804] [SEVERE ] updating countdown to 38314
[13:04:31.829] [SEVERE ] updating countdown to 38289
[13:04:31.854] [SEVERE ] updating countdown to 38264
[13:04:31.875] [SEVERE ] updating countdown to 38243
[13:04:31.897] [SEVERE ] updating countdown to 38221
[13:04:31.922] [SEVERE ] updating countdown to 38196
[13:04:31.945] [SEVERE ] updating countdown to 38173
[13:04:31.971] [SEVERE ] updating countdown to 38147
[13:04:31.997] [SEVERE ] updating countdown to 38121
[13:04:32.018] [SEVERE ] updating countdown to 38100
[13:04:32.044] [SEVERE ] updating countdown to 38074
[13:04:32.065] [SEVERE ] updating countdown to 38053
[13:04:32.087] [SEVERE ] updating countdown to 38031
[13:04:32.113] [SEVERE ] updating countdown to 38005
[13:04:32.138] [SEVERE ] updating countdown to 37980
[13:04:32.162] [SEVERE ] updating countdown to 37956
[13:04:32.188] [SEVERE ] updating countdown to 37930
[13:04:32.213] [SEVERE ] updating countdown to 37905
[13:04:32.237] [SEVERE ] updating countdown to 37881
[13:04:32.264] [SEVERE ] updating countdown to 37854
[13:04:32.286] [SEVERE ] updating countdown to 37832
[13:04:32.307] [SEVERE ] updating countdown to 37811
[13:04:32.331] [SEVERE ] updating countdown to 37787
[13:04:32.354] [SEVERE ] updating countdown to 37764
[13:04:32.375] [SEVERE ] updating countdown to 37743
[13:04:32.401] [SEVERE ] updating countdown to 37717
[13:04:32.424] [SEVERE ] updating countdown to 37694
[13:04:32.446] [SEVERE ] updating countdown to 37672
[13:04:32.472] [SEVERE ] updating countdown to 37646
[13:04:32.494] [SEVERE ] updating countdown to 37624
[13:04:32.516] [SEVERE ] updating countdown to 37602
[13:04:32.537] [SEVERE ] updating countdown to 37581
[13:04:32.560] [SEVERE ] updating countdown to 37558
[13:04:32.582] [SEVERE ] updating countdown to 37536
[13:04:32.608] [SEVERE ] updating countdown to 37510
[13:04:32.634] [SEVERE ] updating countdown to 37484
[13:04:32.658] [SEVERE ] updating countdown to 37460
[13:04:32.681] [SEVERE ] updating countdown to 37437
[13:04:32.704] [SEVERE ] updating countdown to 37414
[13:04:32.730] [SEVERE ] updating countdown to 37388
[13:04:32.754] [SEVERE ] updating countdown to 37364
[13:04:32.780] [SEVERE ] updating countdown to 37338
[13:04:32.806] [SEVERE ] updating countdown to 37312
[13:04:32.832] [SEVERE ] updating countdown to 37286
[13:04:32.853] [SEVERE ] updating countdown to 37265
[13:04:32.856] [SEVERE ] key 68 was pressed by player 1
[13:04:32.856] [SEVERE ] player 1 placing token on slot 6
[13:04:32.876] [SEVERE ] updating countdown to 37242
[13:04:32.957] [SEVERE ] removing card from slot 8
[13:04:32.957] [SEVERE ] removing tokens from slot 8
[13:04:33.060] [SEVERE ] removing card from slot 0
[13:04:33.060] [SEVERE ] removing tokens from slot 0
[13:04:33.161] [SEVERE ] removing card from slot 6
[13:04:33.161] [SEVERE ] removing tokens from slot 6
[13:04:33.161] [SEVERE ] setting player 1 score to 1
[13:04:33.163] [SEVERE ] setting player 1 freeze to 1000
[13:04:33.264] [SEVERE ] placing card 57 in slot 8
[13:04:33.371] [SEVERE ] placing card 61 in slot 0
[13:04:33.474] [SEVERE ] placing card 63 in slot 6
[13:04:33.496] [SEVERE ] updating countdown to 36622
[13:04:33.519] [SEVERE ] updating countdown to 36599
[13:04:33.540] [SEVERE ] updating countdown to 36578
[13:04:33.561] [SEVERE ] updating countdown to 36557
[13:04:33.582] [SEVERE ] updating countdown to 36536
[13:04:33.606] [SEVERE ] updating countdown to 36512
[13:04:33.632] [SEVERE ] updating countdown to 36486
[13:04:33.658] [SEVERE ] updating countdown to 36460
[13:04:33.684] [SEVERE ] updating countdown to 36434
[13:04:33.708] [SEVERE ] updating countdown to 36410
[13:04:33.734] [SEVERE ] updating countdown to 36384
[13:04:33.760] [SEVERE ] updating countdown to 36358
[13:04:33.781] [SEVERE ] updating countdown to 36337
[13:04:33.805] [SEVERE ] updating countdown to 36313
[13:04:33.828] [SEVERE ] updating countdown to 36290
[13:04:33.852] [SEVERE ] updating countdown to 36266
[13:04:33.875] [SEVERE ] updating countdown to 36243
[13:04:33.902] [SEVERE ] updating countdown to 36216
[13:04:33.928] [SEVERE ] updating countdown to 36190
[13:04:33.954] [SEVERE ] updating countdown to 36164
[13:04:33.980] [SEVERE ] updating countdown to 36138
[13:04:34.001] [SEVERE ] updating countdown to 36117
[13:04:34.025] [SEVERE ] updating countdown to 36093
[13:04:34.046] [SEVERE ] updating countdown to 36072
[13:04:34.069] [SEVERE ] updating countdown to 36049
[13:04:34.095] [SEVERE ] updating countdown to 36023
[13:04:34.117] [SEVERE ] updating countdown to 36001
[13:04:34.143] [SEVERE ] updating countdown to 35975
[13:04:34.164] [SEVERE ] updating countdown to 35954
[13:04:34.189] [SEVERE ] updating countdown to 35929
[13:04:34.212] [SEVERE ] updating countdown to 35906
[13:04:34.236] [SEVERE ] updating countdown to 35882
[13:04:34.258] [SEVERE ] updating countdown to 35860
[13:04:34.284] [SEVERE ] updating countdown to 35834
[13:04:34.306] [SEVERE ] updating countdown to 35812
[13:04:34.332] [SEVERE ] updating countdown to 35786
[13:04:34.354] [SEVERE ] updating countdown to 35764
[13:04:34.377] [SEVERE ] updating countdown to 35741
[13:04:34.403] [SEVERE ] updating countdown to 35715
[13:04:34.427] [SEVERE ] updating countdown to 35691
[13:04:34.453] [SEVERE ] updating countdown to 35665
[13:04:34.477] [SEVERE ] updating countdown to 35641
[13:04:34.503] [SEVERE ] updating countdown to 35615
[13:04:34.527] [SEVERE ] updating countdown to 35591
[13:04:34.548] [SEVERE ] updating countdown to 35570
[13:04:34.569] [SEVERE ] updating countdown to 35549
[13:04:34.592] [SEVERE ] updating countdown to 35526
[13:04:34.615] [SEVERE ] updating countdown to 35503
[13:04:34.636] [SEVERE ] updating countdown to 35482
[13:04:34.660] [SEVERE ] updating countdown to 35458
[13:04:34.686] [SEVERE ] updating countdown to 35432
[13:04:34.712] [SEVERE ] updating countdown to 35406
[13:04:34.733] [SEVERE ] updating countdown to 35385
[13:04:34.759] [SEVERE ] updating countdown to 35359
[13:04:34.785] [SEVERE ] updating countdown to 35333
[13:04:34.806] [SEVERE ] updating countdown to 35312
[13:04:34.827] [SEVERE ] updating countdown to 35291
[13:04:34.848] [SEVERE ] updating countdown to 35270
[13:04:34.870] [SEVERE ] updating countdown to 35248
[13:04:34.896] [SEVERE ] updating countdown to 35222
[13:04:34.918] [SEVERE ] updating countdown to 35200
[13:04:34.940] [SEVERE ] updating countdown to 35178
[13:04:34.965] [SEVERE ] updating countdown to 35153
[13:04:34.991] [SEVERE ] updating countdown to 35127
[13:04:35.013] [SEVERE ] updating countdown to 35105
[13:04:35.039] [SEVERE ] updating countdown to 35079
[13:04:35.060] [SEVERE ] updating countdown to 35058
[13:04:35.085] [SEVERE ] updating countdown to 35033
[13:04:35.107] [SEVERE ] updating countdown to 35011
[13:04:35.131] [SEVERE ] updating countdown to 34987
[13:04:35.152] [SEVERE ] updating countdown to 34966
[13:04:35.173] [SEVERE ] updating countdown to 34945
[13:04:35.196] [SEVERE ] updating countdown to 34922
[13:04:35.222] [SEVERE ] updating countdown to 34896
[13:04:35.243] [SEVERE ] updating countdown to 34875
[13:04:35.269] [SEVERE ] updating countdown to 34849
[13:04:35.295] [SEVERE ] updating countdown to 34823
[13:04:35.320] [SEVERE ] updating countdown to 34798
[13:04:35.341] [SEVERE ] updating countdown to 34777
[13:04:35.368] [SEVERE ] updating countdown to 34750
[13:04:35.391] [SEVERE ] updating countdown to 34727
[13:04:35.412] [SEVERE ] updating countdown to 34706
[13:04:35.438] [SEVERE ] updating countdown to 34680
[13:04:35.462] [SEVERE ] updating countdown to 34656
[13:04:35.485] [SEVERE ] updating countdown to 34633
[13:04:35.511] [SEVERE ] updating countdown to 34607
[13:04:35.537] [SEVERE ] updating countdown to 34581
[13:04:35.558] [SEVERE ] updating countdown to 34560
[13:04:35.580] [SEVERE ] updating countdown to 34538
[13:04:35.603] [SEVERE ] updating countdown to 34515
[13:04:35.624] [SEVERE ] updating countdown to 34494
[13:04:35.645] [SEVERE ] updating countdown to 34473
[13:04:35.666] [SEVERE ] updating countdown to 34452
[13:04:35.687] [SEVERE ] updating countdown to 34431
[13:04:35.709] [SEVERE ] updating countdown to 34409
[13:04:35.730] [SEVERE ] updating countdown to 34388
[13:04:35.751] [SEVERE ] updating countdown to 34367
[13:04:35.772] [SEVERE ] updating countdown to 34346
[13:04:35.793] [SEVERE ] updating countdown to 34325
[13:04:35.814] [SEVERE ] updating countdown to 34304
[13:04:35.835] [SEVERE ] updating countdown to 34283
[13:04:35.858] [SEVERE ] updating countdown to 34260
[13:04:35.879] [SEVERE ] updating countdown to 34239
[13:04:35.901] [SEVERE ] updating countdown to 34217
[13:04:35.922] [SEVERE ] updating countdown to 34196
[13:04:35.943] [SEVERE ] updating countdown to 34175
[13:04:35.965] [SEVERE ] updating countdown to 34153
[13:04:35.988] [SEVERE ] updating countdown to 34130
[13:04:36.013] [SEVERE ] updating countdown to 34105
[13:04:36.039] [SEVERE ] updating countdown to 34079
[13:04:36.060] [SEVERE ] updating countdown to 34058
[13:04:36.083] [SEVERE ] updating countdown to 34035
[13:04:36.108] [SEVERE ] updating countdown to 34010
[13:04:36.134] [SEVERE ] updating countdown to 33984
[13:04:36.159] [SEVERE ] updating countdown to 33959
[13:04:36.181] [SEVERE ] updating countdown to 33937
[13:04:36.202] [SEVERE ] updating countdown to 33916
[13:04:36.223] [SEVERE ] updating countdown to 33895
[13:04:36.243] [SEVERE ] updating countdown to 33875
[13:04:36.270] [SEVERE ] updating countdown to 33848
[13:04:36.295] [SEVERE ] updating countdown to 33823
[13:04:36.317] [SEVERE ] updating countdown to 33801
[13:04:36.339] [SEVERE ] updating countdown to 33779
[13:04:36.360] [SEVERE ] updating countdown to 33758
[13:04:36.384] [SEVERE ] updating countdown to 33734
[13:04:36.410] [SEVERE ] updating countdown to 33708
[13:04:36.436] [SEVERE ] updating countdown to 33682
[13:04:36.457] [SEVERE ] updating countdown to 33661
[13:04:36.483] [SEVERE ] updating countdown to 33635
[13:04:36.504] [SEVERE ] updating countdown to 33614
[13:04:36.525] [SEVERE ] updating countdown to 33593
[13:04:36.546] [SEVERE ] updating countdown to 33572
[13:04:36.567] [SEVERE ] updating countdown to 33551
[13:04:36.588] [SEVERE ] updating countdown to 33530
[13:04:36.609] [SEVERE ] updating countdown to 33509
[13:04:36.630] [SEVERE ] updating countdown to 33488
[13:04:36.651] [SEVERE ] updating countdown to 33467
[13:04:36.677] [SEVERE ] updating countdown to 33441
[13:04:36.698] [SEVERE ] updating countdown to 33420
[13:04:36.724] [SEVERE ] updating countdown to 33394
[13:04:36.745] [SEVERE ] updating countdown to 33373
[13:04:36.771] [SEVERE ] updating countdown to 33347
[13:04:36.792] [SEVERE ] updating countdown to 33326
[13:04:36.814] [SEVERE ] updating countdown to 33304
[13:04:36.840] [SEVERE ] updating countdown to 33278
[13:04:36.865] [SEVERE ] updating countdown to 33253
[13:04:36.888] [SEVERE ] updating countdown to 33230
[13:04:36.913] [SEVERE ] updating countdown to 33205
[13:04:36.934] [SEVERE ] updating countdown to 33184
[13:04:36.935] [SEVERE ] key 81 was pressed by player 1
[13:04:36.935] [SEVERE ] removing player 1 token from slot 0
[13:04:36.935] [SEVERE ] player 1 placing token on slot 0
[13:04:36.936] [SEVERE ] setting player 1 freeze to 3000
[13:04:36.955] [SEVERE ] updating countdown to 33163
[13:04:36.982] [SEVERE ] updating countdown to 33136
[13:04:37.006] [SEVERE ] updating countdown to 33112
[13:04:37.029] [SEVERE ] updating countdown to 33089
[13:04:37.055] [SEVERE ] updating countdown to 33063
[13:04:37.076] [SEVERE ] updating countdown to 33042
[13:04:37.101] [SEVERE ] updating countdown to 33017
[13:04:37.126] [SEVERE ] updating countdown to 32992
[13:04:37.150] [SEVERE ] updating countdown to 32968
[13:04:37.174] [SEVERE ] updating countdown to 32944
[13:04:37.199] [SEVERE ] updating countdown to 32919
[13:04:37.225] [SEVERE ] updating countdown to 32893
[13:04:37.251] [SEVERE ] updating countdown to 32867
[13:04:37.272] [SEVERE ] updating countdown to 32846
[13:04:37.295] [SEVERE ] updating countdown to 32823
[13:04:37.316] [SEVERE ] updating countdown to 32802
[13:04:37.339] [SEVERE ] updating countdown to 32779
[13:04:37.365] [SEVERE ] updating countdown to 32753
[13:04:37.386] [SEVERE ] updating countdown to 32732
[13:04:37.412] [SEVERE ] updating countdown to 32706
[13:04:37.433] [SEVERE ] updating countdown to 32685
[13:04:37.459] [SEVERE ] updating countdown to 32659
[13:04:37.472] [SEVERE ] key 65 was pressed by player 1
[13:04:37.480] [SEVERE ] updating countdown to 32638
[13:04:37.505] [SEVERE ] updating countdown to 32613
[13:04:37.526] [SEVERE ] updating countdown to 32592
[13:04:37.550] [SEVERE ] updating countdown to 32568
[13:04:37.571] [SEVERE ] updating countdown to 32547
[13:04:37.593] [SEVERE ] updating countdown to 32525
[13:04:37.619] [SEVERE ] updating countdown to 32499
[13:04:37.640] [SEVERE ] updating countdown to 32478
[13:04:37.662] [SEVERE ] updating countdown to 32456
[13:04:37.685] [SEVERE ] updating countdown to 32433
[13:04:37.710] [SEVERE ] updating countdown to 32408
[13:04:37.733] [SEVERE ] updating countdown to 32385
[13:04:37.755] [SEVERE ] updating countdown to 32363
[13:04:37.781] [SEVERE ] updating countdown to 32337
[13:04:37.803] [SEVERE ] updating countdown to 32315
[13:04:37.829] [SEVERE ] updating countdown to 32289
[13:04:37.851] [SEVERE ] updating countdown to 32267
[13:04:37.877] [SEVERE ] updating countdown to 32241
[13:04:37.899] [SEVERE ] updating countdown to 32219
[13:04:37.920] [SEVERE ] updating countdown to 32198
[13:04:37.942] [SEVERE ] updating countdown to 32176
[13:04:37.967] [SEVERE ] updating countdown to 32151
[13:04:37.988] [SEVERE ] updating countdown to 32130
[13:04:38.009] [SEVERE ] updating countdown to 32109
[13:04:38.035] [SEVERE ] updating countdown to 32083
[13:04:38.059] [SEVERE ] updating countdown to 32059
[13:04:38.085] [SEVERE ] updating countdown to 32033
[13:04:38.109] [SEVERE ] updating countdown to 32009
[13:04:38.135] [SEVERE ] updating countdown to 31983
[13:04:38.156] [SEVERE ] updating countdown to 31962
[13:04:38.177] [SEVERE ] updating countdown to 31941
[13:04:38.199] [SEVERE ] updating countdown to 31919
[13:04:38.221] [SEVERE ] updating countdown to 31897
[13:04:38.242] [SEVERE ] updating countdown to 31876
[13:04:38.265] [SEVERE ] updating countdown to 31853
[13:04:38.291] [SEVERE ] updating countdown to 31827
[13:04:38.313] [SEVERE ] updating countdown to 31805
[13:04:38.338] [SEVERE ] updating countdown to 31780
[13:04:38.360] [SEVERE ] updating countdown to 31758
[13:04:38.383] [SEVERE ] updating countdown to 31735
[13:04:38.406] [SEVERE ] updating countdown to 31712
[13:04:38.428] [SEVERE ] updating countdown to 31690
[13:04:38.454] [SEVERE ] updating countdown to 31664
[13:04:38.476] [SEVERE ] updating countdown to 31642
[13:04:38.502] [SEVERE ] updating countdown to 31616
[13:04:38.525] [SEVERE ] updating countdown to 31593
[13:04:38.551] [SEVERE ] updating countdown to 31567
[13:04:38.571] [SEVERE ] updating countdown to 31547
[13:04:38.593] [SEVERE ] updating countdown to 31525
[13:04:38.615] [SEVERE ] updating countdown to 31504
[13:04:38.639] [SEVERE ] updating countdown to 31479
[13:04:38.660] [SEVERE ] updating countdown to 31458
[13:04:38.681] [SEVERE ] updating countdown to 31437
[13:04:38.705] [SEVERE ] updating countdown to 31413
[13:04:38.731] [SEVERE ] updating countdown to 31387
[13:04:38.755] [SEVERE ] updating countdown to 31363
[13:04:38.781] [SEVERE ] updating countdown to 31337
[13:04:38.802] [SEVERE ] updating countdown to 31316
[13:04:38.826] [SEVERE ] updating countdown to 31292
[13:04:38.849] [SEVERE ] updating countdown to 31269
[13:04:38.875] [SEVERE ] updating countdown to 31243
[13:04:38.897] [SEVERE ] updating countdown to 31221
[13:04:38.919] [SEVERE ] updating countdown to 31199
[13:04:38.945] [SEVERE ] updating countdown to 31173
[13:04:38.966] [SEVERE ] updating countdown to 31152
[13:04:38.990] [SEVERE ] updating countdown to 31128
[13:04:39.011] [SEVERE ] updating countdown to 31107
[13:04:39.036] [SEVERE ] updating countdown to 31082
[13:04:39.062] [SEVERE ] updating countdown to 31056
[13:04:39.088] [SEVERE ] updating countdown to 31030
[13:04:39.114] [SEVERE ] updating countdown to 31004
[13:04:39.137] [SEVERE ] updating countdown to 30981
[13:04:39.163] [SEVERE ] updating countdown to 30955
[13:04:39.187] [SEVERE ] updating countdown to 30931
[13:04:39.211] [SEVERE ] updating countdown to 30907
[13:04:39.235] [SEVERE ] updating countdown to 30883
[13:04:39.259] [SEVERE ] updating countdown to 30859
[13:04:39.286] [SEVERE ] updating countdown to 30832
[13:04:39.311] [SEVERE ] updating countdown to 30807
[13:04:39.333] [SEVERE ] updating countdown to 30785
[13:04:39.360] [SEVERE ] updating countdown to 30758
[13:04:39.386] [SEVERE ] updating countdown to 30732
[13:04:39.412] [SEVERE ] updating countdown to 30706
[13:04:39.434] [SEVERE ] updating countdown to 30684
[13:04:39.460] [SEVERE ] updating countdown to 30658
[13:04:39.486] [SEVERE ] updating countdown to 30632
[13:04:39.512] [SEVERE ] updating countdown to 30606
[13:04:39.537] [SEVERE ] updating countdown to 30581
[13:04:39.559] [SEVERE ] updating countdown to 30559
[13:04:39.581] [SEVERE ] updating countdown to 30537
[13:04:39.606] [SEVERE ] updating countdown to 30512
[13:04:39.628] [SEVERE ] updating countdown to 30490
[13:04:39.650] [SEVERE ] updating countdown to 30468
[13:04:39.671] [SEVERE ] updating countdown to 30447
[13:04:39.692] [SEVERE ] updating countdown to 30426
[13:04:39.713] [SEVERE ] updating countdown to 30405
[13:04:39.739] [SEVERE ] updating countdown to 30379
[13:04:39.761] [SEVERE ] updating countdown to 30357
[13:04:39.784] [SEVERE ] updating countdown to 30334
[13:04:39.806] [SEVERE ] updating countdown to 30312
[13:04:39.827] [SEVERE ] updating countdown to 30291
[13:04:39.851] [SEVERE ] updating countdown to 30267
[13:04:39.873] [SEVERE ] updating countdown to 30245
[13:04:39.899] [SEVERE ] updating countdown to 30219
[13:04:39.920] [SEVERE ] updating countdown to 30198
[13:04:39.938] [SEVERE ] setting player 1 freeze to 2000
[13:04:39.941] [SEVERE ] updating countdown to 30177
[13:04:39.963] [SEVERE ] updating countdown to 30155
[13:04:39.989] [SEVERE ] updating countdown to 30129
[13:04:40.013] [SEVERE ] updating countdown to 30105
[13:04:40.035] [SEVERE ] updating countdown to 30083
[13:04:40.058] [SEVERE ] updating countdown to 30060
[13:04:40.080] [SEVERE ] updating countdown to 30038
[13:04:40.102] [SEVERE ] updating countdown to 30016
[13:04:40.127] [SEVERE ] updating countdown to 29991
[13:04:40.153] [SEVERE ] updating countdown to 29965
[13:04:40.174] [SEVERE ] updating countdown to 29944
[13:04:40.196] [SEVERE ] updating countdown to 29922
[13:04:40.218] [SEVERE ] updating countdown to 29900
[13:04:40.239] [SEVERE ] updating countdown to 29879
[13:04:40.262] [SEVERE ] updating countdown to 29856
[13:04:40.284] [SEVERE ] updating countdown to 29834
[13:04:40.307] [SEVERE ] updating countdown to 29811
[13:04:40.328] [SEVERE ] updating countdown to 29790
[13:04:40.351] [SEVERE ] updating countdown to 29767
[13:04:40.372] [SEVERE ] updating countdown to 29746
[13:04:40.397] [SEVERE ] updating countdown to 29721
[13:04:40.423] [SEVERE ] updating countdown to 29695
[13:04:40.444] [SEVERE ] updating countdown to 29674
[13:04:40.469] [SEVERE ] updating countdown to 29649
[13:04:40.492] [SEVERE ] updating countdown to 29626
[13:04:40.518] [SEVERE ] updating countdown to 29600
[13:04:40.540] [SEVERE ] updating countdown to 29578
[13:04:40.566] [SEVERE ] updating countdown to 29552
[13:04:40.587] [SEVERE ] updating countdown to 29531
[13:04:40.613] [SEVERE ] updating countdown to 29505
[13:04:40.635] [SEVERE ] updating countdown to 29483
[13:04:40.662] [SEVERE ] updating countdown to 29456
[13:04:40.688] [SEVERE ] updating countdown to 29430
[13:04:40.711] [SEVERE ] updating countdown to 29407
[13:04:40.737] [SEVERE ] updating countdown to 29381
[13:04:40.762] [SEVERE ] updating countdown to 29356
[13:04:40.788] [SEVERE ] updating countdown to 29330
[13:04:40.809] [SEVERE ] updating countdown to 29309
[13:04:40.830] [SEVERE ] updating countdown to 29288
[13:04:40.852] [SEVERE ] updating countdown to 29266
[13:04:40.879] [SEVERE ] updating countdown to 29239
[13:04:40.900] [SEVERE ] updating countdown to 29218
[13:04:40.924] [SEVERE ] updating countdown to 29194
[13:04:40.949] [SEVERE ] updating countdown to 29169
[13:04:40.972] [SEVERE ] updating countdown to 29146
[13:04:40.995] [SEVERE ] updating countdown to 29123
[13:04:41.017] [SEVERE ] updating countdown to 29101
[13:04:41.043] [SEVERE ] updating countdown to 29075
[13:04:41.066] [SEVERE ] updating countdown to 29052
[13:04:41.089] [SEVERE ] updating countdown to 29029
[13:04:41.111] [SEVERE ] updating countdown to 29007
[13:04:41.137] [SEVERE ] updating countdown to 28981
[13:04:41.160] [SEVERE ] updating countdown to 28958
[13:04:41.182] [SEVERE ] updating countdown to 28936
[13:04:41.209] [SEVERE ] updating countdown to 28909
[13:04:41.234] [SEVERE ] updating countdown to 28884
[13:04:41.260] [SEVERE ] updating countdown to 28858
[13:04:41.281] [SEVERE ] updating countdown to 28837
[13:04:41.306] [SEVERE ] updating countdown to 28812
[13:04:41.331] [SEVERE ] updating countdown to 28787
[13:04:41.354] [SEVERE ] updating countdown to 28764
[13:04:41.378] [SEVERE ] updating countdown to 28740
[13:04:41.399] [SEVERE ] updating countdown to 28719
[13:04:41.425] [SEVERE ] updating countdown to 28693
[13:04:41.451] [SEVERE ] updating countdown to 28667
[13:04:41.474] [SEVERE ] updating countdown to 28644
[13:04:41.501] [SEVERE ] updating countdown to 28617
[13:04:41.527] [SEVERE ] updating countdown to 28591
[13:04:41.549] [SEVERE ] updating countdown to 28569
[13:04:41.570] [SEVERE ] updating countdown to 28548
[13:04:41.593] [SEVERE ] updating countdown to 28525
[13:04:41.615] [SEVERE ] updating countdown to 28503
[13:04:41.641] [SEVERE ] updating countdown to 28477
[13:04:41.664] [SEVERE ] updating countdown to 28454
[13:04:41.690] [SEVERE ] updating countdown to 28428
[13:04:41.713] [SEVERE ] updating countdown to 28405
[13:04:41.734] [SEVERE ] updating countdown to 28384
[13:04:41.758] [SEVERE ] updating countdown to 28360
[13:04:41.784] [SEVERE ] updating countdown to 28334
[13:04:41.810] [SEVERE ] updating countdown to 28308
[13:04:41.835] [SEVERE ] updating countdown to 28283
[13:04:41.858] [SEVERE ] updating countdown to 28260
[13:04:41.879] [SEVERE ] updating countdown to 28239
[13:04:41.905] [SEVERE ] updating countdown to 28213
[13:04:41.931] [SEVERE ] updating countdown to 28187
[13:04:41.940] [SEVERE ] setting player 1 freeze to 1000
[13:04:41.954] [SEVERE ] updating countdown to 28164
[13:04:41.980] [SEVERE ] updating countdown to 28138
[13:04:42.006] [SEVERE ] updating countdown to 28112
[13:04:42.030] [SEVERE ] updating countdown to 28088
[13:04:42.056] [SEVERE ] updating countdown to 28062
[13:04:42.081] [SEVERE ] updating countdown to 28037
[13:04:42.105] [SEVERE ] updating countdown to 28013
[13:04:42.131] [SEVERE ] updating countdown to 27987
[13:04:42.153] [SEVERE ] updating countdown to 27965
[13:04:42.179] [SEVERE ] updating countdown to 27939
[13:04:42.201] [SEVERE ] updating countdown to 27917
[13:04:42.227] [SEVERE ] updating countdown to 27891
[13:04:42.253] [SEVERE ] updating countdown to 27865
[13:04:42.279] [SEVERE ] updating countdown to 27839
[13:04:42.303] [SEVERE ] updating countdown to 27815
[13:04:42.325] [SEVERE ] updating countdown to 27793
[13:04:42.347] [SEVERE ] updating countdown to 27771
[13:04:42.373] [SEVERE ] updating countdown to 27745
[13:04:42.399] [SEVERE ] updating countdown to 27719
[13:04:42.423] [SEVERE ] updating countdown to 27695
[13:04:42.449] [SEVERE ] updating countdown to 27669
[13:04:42.475] [SEVERE ] updating countdown to 27643
[13:04:42.496] [SEVERE ] updating countdown to 27622
[13:04:42.522] [SEVERE ] updating countdown to 27596
[13:04:42.548] [SEVERE ] updating countdown to 27570
[13:04:42.569] [SEVERE ] updating countdown to 27549
[13:04:42.590] [SEVERE ] updating countdown to 27528
[13:04:42.611] [SEVERE ] updating countdown to 27507
[13:04:42.632] [SEVERE ] updating countdown to 27486
[13:04:42.654] [SEVERE ] updating countdown to 27464
[13:04:42.677] [SEVERE ] updating countdown to 27441
[13:04:42.698] [SEVERE ] updating countdown to 27420
[13:04:42.721] [SEVERE ] updating countdown to 27397
[13:04:42.747] [SEVERE ] updating countdown to 27371
[13:04:42.773] [SEVERE ] updating countdown to 27345
[13:04:42.798] [SEVERE ] updating countdown to 27320
[13:04:42.819] [SEVERE ] updating countdown to 27299
[13:04:42.842] [SEVERE ] updating countdown to 27276
[13:04:42.865] [SEVERE ] updating countdown to 27253
[13:04:42.887] [SEVERE ] updating countdown to 27231
[13:04:42.911] [SEVERE ] updating countdown to 27207
[13:04:42.937] [SEVERE ] updating countdown to 27181
[13:04:42.942] [SEVERE ] setting player 1 freeze to 0
[13:04:42.942] [SEVERE ] removing player 1 token from slot 8
[13:04:42.942] [SEVERE ] removing player 1 token from slot 0
[13:04:42.942] [SEVERE ] removing player 1 token from slot 6
[13:04:42.961] [SEVERE ] updating countdown to 27157
[13:04:42.986] [SEVERE ] updating countdown to 27132
[13:04:43.010] [SEVERE ] updating countdown to 27108
[13:04:43.033] [SEVERE ] updating countdown to 27085
[13:04:43.057] [SEVERE ] updating countdown to 27061
[13:04:43.083] [SEVERE ] updating countdown to 27035
[13:04:43.104] [SEVERE ] updating countdown to 27014
[13:04:43.130] [SEVERE ] updating countdown to 26988
[13:04:43.152] [SEVERE ] updating countdown to 26966
[13:04:43.173] [SEVERE ] updating countdown to 26945
[13:04:43.195] [SEVERE ] updating countdown to 26923
[13:04:43.218] [SEVERE ] updating countdown to 26900
[13:04:43.239] [SEVERE ] updating countdown to 26879
[13:04:43.260] [SEVERE ] updating countdown to 26858
[13:04:43.284] [SEVERE ] updating countdown to 26834
[13:04:43.309] [SEVERE ] updating countdown to 26809
[13:04:43.331] [SEVERE ] updating countdown to 26787
[13:04:43.354] [SEVERE ] updating countdown to 26764
[13:04:43.376] [SEVERE ] updating countdown to 26742
[13:04:43.402] [SEVERE ] updating countdown to 26716
[13:04:43.428] [SEVERE ] updating countdown to 26690
[13:04:43.452] [SEVERE ] updating countdown to 26666
[13:04:43.478] [SEVERE ] updating countdown to 26640
[13:04:43.504] [SEVERE ] updating countdown to 26614
[13:04:43.530] [SEVERE ] updating countdown to 26588
[13:04:43.552] [SEVERE ] updating countdown to 26566
[13:04:43.578] [SEVERE ] updating countdown to 26540
[13:04:43.599] [SEVERE ] updating countdown to 26519
[13:04:43.624] [SEVERE ] updating countdown to 26494
[13:04:43.646] [SEVERE ] updating countdown to 26472
[13:04:43.672] [SEVERE ] updating countdown to 26446
[13:04:43.694] [SEVERE ] updating countdown to 26424
[13:04:43.715] [SEVERE ] updating countdown to 26403
[13:04:43.736] [SEVERE ] updating countdown to 26382
[13:04:43.758] [SEVERE ] updating countdown to 26360
[13:04:43.778] [SEVERE ] updating countdown to 26340
[13:04:43.804] [SEVERE ] updating countdown to 26314
[13:04:43.830] [SEVERE ] updating countdown to 26288
[13:04:43.856] [SEVERE ] updating countdown to 26262
[13:04:43.880] [SEVERE ] updating countdown to 26238
[13:04:43.906] [SEVERE ] updating countdown to 26212
[13:04:43.927] [SEVERE ] updating countdown to 26191
[13:04:43.953] [SEVERE ] updating countdown to 26165
[13:04:43.977] [SEVERE ] updating countdown to 26141
[13:04:44.003] [SEVERE ] updating countdown to 26115
[13:04:44.027] [SEVERE ] updating countdown to 26091
[13:04:44.053] [SEVERE ] updating countdown to 26065
[13:04:44.077] [SEVERE ] updating countdown to 26041
[13:04:44.103] [SEVERE ] updating countdown to 26015
[13:04:44.124] [SEVERE ] updating countdown to 25994
[13:04:44.149] [SEVERE ] updating countdown to 25969
[13:04:44.175] [SEVERE ] updating countdown to 25943
[13:04:44.201] [SEVERE ] updating countdown to 25917
[13:04:44.223] [SEVERE ] updating countdown to 25895
[13:04:44.249] [SEVERE ] updating countdown to 25869
[13:04:44.254] [SEVERE ] key 65 was pressed by player 1
[13:04:44.254] [SEVERE ] player 1 placing token on slot 4
[13:04:44.254] [SEVERE ] setting player 1 freeze to 3000
[13:04:44.270] [SEVERE ] updating countdown to 25848
[13:04:44.292] [SEVERE ] updating countdown to 25826
[13:04:44.319] [SEVERE ] updating countdown to 25799
[13:04:44.343] [SEVERE ] updating countdown to 25775
[13:04:44.369] [SEVERE ] updating countdown to 25749
[13:04:44.391] [SEVERE ] updating countdown to 25727
[13:04:44.413] [SEVERE ] updating countdown to 25705
[13:04:44.439] [SEVERE ] updating countdown to 25679
[13:04:44.465] [SEVERE ] updating countdown to 25653
[13:04:44.491] [SEVERE ] updating countdown to 25627
[13:04:44.513] [SEVERE ] updating countdown to 25605
[13:04:44.537] [SEVERE ] updating countdown to 25581
[13:04:44.558] [SEVERE ] updating countdown to 25560
[13:04:44.585] [SEVERE ] updating countdown to 25533
[13:04:44.608] [SEVERE ] updating countdown to 25510
[13:04:44.634] [SEVERE ] updating countdown to 25484
[13:04:44.655] [SEVERE ] updating countdown to 25463
[13:04:44.678] [SEVERE ] updating countdown to 25440
[13:04:44.701] [SEVERE ] updating countdown to 25417
[13:04:44.727] [SEVERE ] updating countdown to 25391
[13:04:44.753] [SEVERE ] updating countdown to 25365
[13:04:44.776] [SEVERE ] updating countdown to 25342
[13:04:44.802] [SEVERE ] updating countdown to 25316
[13:04:44.823] [SEVERE ] updating countdown to 25295
[13:04:44.848] [SEVERE ] updating countdown to 25270
[13:04:44.874] [SEVERE ] updating countdown to 25244
[13:04:44.900] [SEVERE ] updating countdown to 25218
[13:04:44.926] [SEVERE ] updating countdown to 25192
[13:04:44.952] [SEVERE ] updating countdown to 25166
[13:04:44.978] [SEVERE ] updating countdown to 25140
[13:04:45.004] [SEVERE ] updating countdown to 25114
[13:04:45.029] [SEVERE ] updating countdown to 25089
[13:04:45.051] [SEVERE ] updating countdown to 25067
[13:04:45.072] [SEVERE ] updating countdown to 25046
[13:04:45.093] [SEVERE ] updating countdown to 25025
[13:04:45.119] [SEVERE ] updating countdown to 24999
[13:04:45.140] [SEVERE ] updating countdown to 24978
[13:04:45.166] [SEVERE ] updating countdown to 24952
[13:04:45.187] [SEVERE ] updating countdown to 24931
[13:04:45.213] [SEVERE ] updating countdown to 24905
[13:04:45.234] [SEVERE ] updating countdown to 24884
[13:04:45.255] [SEVERE ] updating countdown to 24863
[13:04:45.276] [SEVERE ] updating countdown to 24842
[13:04:45.301] [SEVERE ] updating countdown to 24817
[13:04:45.327] [SEVERE ] updating countdown to 24791
[13:04:45.348] [SEVERE ] updating countdown to 24770
[13:04:45.373] [SEVERE ] updating countdown to 24745
[13:04:45.400] [SEVERE ] updating countdown to 24718
[13:04:45.426] [SEVERE ] updating countdown to 24692
[13:04:45.452] [SEVERE ] updating countdown to 24666
[13:04:45.474] [SEVERE ] updating countdown to 24644
[13:04:45.497] [SEVERE ] updating countdown to 24621
[13:04:45.523] [SEVERE ] updating countdown to 24595
[13:04:45.545] [SEVERE ] updating countdown to 24573
[13:04:45.567] [SEVERE ] updating countdown to 24551
[13:04:45.593] [SEVERE ] updating countdown to 24525
[13:04:45.619] [SEVERE ] updating countdown to 24499
[13:04:45.645] [SEVERE ] updating countdown to 24473
[13:04:45.671] [SEVERE ] updating countdown to 24447
[13:04:45.696] [SEVERE ] updating countdown to 24422
[13:04:45.722] [SEVERE ] updating countdown to 24396
[13:04:45.748] [SEVERE ] updating countdown to 24370
[13:04:45.771] [SEVERE ] updating countdown to 24347
[13:04:45.793] [SEVERE ] updating countdown to 24325
[13:04:45.816] [SEVERE ] updating countdown to 24302
[13:04:45.837] [SEVERE ] updating countdown to 24281
[13:04:45.858] [SEVERE ] updating countdown to 24260
[13:04:45.879] [SEVERE ] updating countdown to 24239
[13:04:45.885] [SEVERE ] key 90 was pressed by player 1
[13:04:45.901] [SEVERE ] updating countdown to 24217
[13:04:45.922] [SEVERE ] updating countdown to 24196
[13:04:45.943] [SEVERE ] updating countdown to 24175
[13:04:45.964] [SEVERE ] updating countdown to 24154
[13:04:45.986] [SEVERE ] updating countdown to 24132
[13:04:46.012] [SEVERE ] updating countdown to 24106
[13:04:46.033] [SEVERE ] updating countdown to 24085
[13:04:46.057] [SEVERE ] updating countdown to 24061
[13:04:46.078] [SEVERE ] updating countdown to 24040
[13:04:46.101] [SEVERE ] updating countdown to 24017
[13:04:46.125] [SEVERE ] updating countdown to 23993
[13:04:46.146] [SEVERE ] updating countdown to 23972
[13:04:46.167] [SEVERE ] updating countdown to 23951
[13:04:46.190] [SEVERE ] updating countdown to 23928
[13:04:46.213] [SEVERE ] updating countdown to 23905
[13:04:46.234] [SEVERE ] updating countdown to 23884
[13:04:46.255] [SEVERE ] updating countdown to 23863
[13:04:46.276] [SEVERE ] updating countdown to 23842
[13:04:46.297] [SEVERE ] updating countdown to 23821
[13:04:46.318] [SEVERE ] updating countdown to 23800
[13:04:46.339] [SEVERE ] updating countdown to 23779
[13:04:46.360] [SEVERE ] updating countdown to 23758
[13:04:46.385] [SEVERE ] updating countdown to 23733
[13:04:46.406] [SEVERE ] updating countdown to 23712
[13:04:46.432] [SEVERE ] updating countdown to 23686
[13:04:46.453] [SEVERE ] updating countdown to 23665
[13:04:46.479] [SEVERE ] updating countdown to 23639
[13:04:46.500] [SEVERE ] updating countdown to 23618
[13:04:46.523] [SEVERE ] updating countdown to 23595
[13:04:46.546] [SEVERE ] updating countdown to 23572
[13:04:46.568] [SEVERE ] updating countdown to 23550
[13:04:46.589] [SEVERE ] updating countdown to 23529
[13:04:46.612] [SEVERE ] updating countdown to 23506
[13:04:46.634] [SEVERE ] updating countdown to 23484
[13:04:46.659] [SEVERE ] updating countdown to 23459
[13:04:46.681] [SEVERE ] updating countdown to 23437
[13:04:46.707] [SEVERE ] updating countdown to 23411
[13:04:46.733] [SEVERE ] updating countdown to 23385
[13:04:46.759] [SEVERE ] updating countdown to 23359
[13:04:46.783] [SEVERE ] updating countdown to 23335
[13:04:46.809] [SEVERE ] updating countdown to 23309
[13:04:46.832] [SEVERE ] updating countdown to 23286
[13:04:46.858] [SEVERE ] updating countdown to 23260
[13:04:46.881] [SEVERE ] updating countdown to 23237
[13:04:46.907] [SEVERE ] updating countdown to 23211
[13:04:46.929] [SEVERE ] updating countdown to 23189
[13:04:46.956] [SEVERE ] updating countdown to 23162
[13:04:46.977] [SEVERE ] updating countdown to 23141
[13:04:46.999] [SEVERE ] updating countdown to 23119
[13:04:47.020] [SEVERE ] updating countdown to 23098
[13:04:47.044] [SEVERE ] updating countdown to 23074
[13:04:47.070] [SEVERE ] updating countdown to 23048
[13:04:47.093] [SEVERE ] updating countdown to 23025
[13:04:47.119] [SEVERE ] updating countdown to 22999
[13:04:47.141] [SEVERE ] updating countdown to 22977
[13:04:47.163] [SEVERE ] updating countdown to 22955
[13:04:47.184] [SEVERE ] updating countdown to 22934
[13:04:47.207] [SEVERE ] updating countdown to 22911
[13:04:47.234] [SEVERE ] updating countdown to 22884
[13:04:47.255] [SEVERE ] setting player 1 freeze to 2000
[13:04:47.255] [SEVERE ] updating countdown to 22863
[13:04:47.277] [SEVERE ] updating countdown to 22841
[13:04:47.303] [SEVERE ] updating countdown to 22815
[13:04:47.325] [SEVERE ] updating countdown to 22793
[13:04:47.351] [SEVERE ] updating countdown to 22767
[13:04:47.375] [SEVERE ] updating countdown to 22743
[13:04:47.401] [SEVERE ] updating countdown to 22717
[13:04:47.427] [SEVERE ] updating countdown to 22691
[13:04:47.453] [SEVERE ] updating countdown to 22665
[13:04:47.479] [SEVERE ] updating countdown to 22639
[13:04:47.505] [SEVERE ] updating countdown to 22613
[13:04:47.531] [SEVERE ] updating countdown to 22587
[13:04:47.552] [SEVERE ] updating countdown to 22566
[13:04:47.578] [SEVERE ] updating countdown to 22540
[13:04:47.599] [SEVERE ] updating countdown to 22519
[13:04:47.621] [SEVERE ] updating countdown to 22497
[13:04:47.646] [SEVERE ] updating countdown to 22472
[13:04:47.669] [SEVERE ] updating countdown to 22449
[13:04:47.696] [SEVERE ] updating countdown to 22422
[13:04:47.717] [SEVERE ] updating countdown to 22401
[13:04:47.743] [SEVERE ] updating countdown to 22375
[13:04:47.769] [SEVERE ] updating countdown to 22349
[13:04:47.795] [SEVERE ] updating countdown to 22323
[13:04:47.816] [SEVERE ] updating countdown to 22302
[13:04:47.842] [SEVERE ] updating countdown to 22276
[13:04:47.863] [SEVERE ] updating countdown to 22255
[13:04:47.887] [SEVERE ] updating countdown to 22231
[13:04:47.909] [SEVERE ] updating countdown to 22209
[13:04:47.936] [SEVERE ] updating countdown to 22182
[13:04:47.959] [SEVERE ] updating countdown to 22159
[13:04:47.985] [SEVERE ] updating countdown to 22133
[13:04:48.006] [SEVERE ] updating countdown to 22112
[13:04:48.028] [SEVERE ] updating countdown to 22090
[13:04:48.051] [SEVERE ] updating countdown to 22067
[13:04:48.077] [SEVERE ] updating countdown to 22041
[13:04:48.100] [SEVERE ] updating countdown to 22018
[13:04:48.127] [SEVERE ] updating countdown to 21991
[13:04:48.148] [SEVERE ] updating countdown to 21970
[13:04:48.170] [SEVERE ] updating countdown to 21948
[13:04:48.191] [SEVERE ] updating countdown to 21927
[13:04:48.212] [SEVERE ] updating countdown to 21906
[13:04:48.235] [SEVERE ] updating countdown to 21883
[13:04:48.256] [SEVERE ] updating countdown to 21862
[13:04:48.279] [SEVERE ] updating countdown to 21839
[13:04:48.305] [SEVERE ] updating countdown to 21813
[13:04:48.329] [SEVERE ] updating countdown to 21789
[13:04:48.355] [SEVERE ] updating countdown to 21763
[13:04:48.376] [SEVERE ] updating countdown to 21742
[13:04:48.402] [SEVERE ] updating countdown to 21716
[13:04:48.427] [SEVERE ] updating countdown to 21691
[13:04:48.453] [SEVERE ] updating countdown to 21665
[13:04:48.479] [SEVERE ] updating countdown to 21639
[13:04:48.501] [SEVERE ] updating countdown to 21617
[13:04:48.527] [SEVERE ] updating countdown to 21591
[13:04:48.553] [SEVERE ] updating countdown to 21565
[13:04:48.579] [SEVERE ] updating countdown to 21539
[13:04:48.603] [SEVERE ] updating countdown to 21515
[13:04:48.626] [SEVERE ] updating countdown to 21492
[13:04:48.652] [SEVERE ] updating countdown to 21466
[13:04:48.678] [SEVERE ] updating countdown to 21440
[13:04:48.704] [SEVERE ] updating countdown to 21414
[13:04:48.730] [SEVERE ] updating countdown to 21388
[13:04:48.756] [SEVERE ] updating countdown to 21362
[13:04:48.782] [SEVERE ] updating countdown to 21336
[13:04:48.805] [SEVERE ] updating countdown to 21313
[13:04:48.826] [SEVERE ] updating countdown to 21292
[13:04:48.852] [SEVERE ] updating countdown to 21266
[13:04:48.873] [SEVERE ] updating countdown to 21245
[13:04:48.900] [SEVERE ] updating countdown to 21218
[13:04:48.922] [SEVERE ] updating countdown to 21196
[13:04:48.948] [SEVERE ] updating countdown to 21170
[13:04:48.971] [SEVERE ] updating countdown to 21147
[13:04:48.994] [SEVERE ] updating countdown to 21124
[13:04:49.015] [SEVERE ] updating countdown to 21103
[13:04:49.040] [SEVERE ] updating countdown to 21078
[13:04:49.066] [SEVERE ] updating countdown to 21052
[13:04:49.092] [SEVERE ] updating countdown to 21026
[13:04:49.113] [SEVERE ] updating countdown to 21005
[13:04:49.139] [SEVERE ] updating countdown to 20979
[13:04:49.161] [SEVERE ] updating countdown to 20957
[13:04:49.187] [SEVERE ] updating countdown to 20931
[13:04:49.213] [SEVERE ] updating countdown to 20905
[13:04:49.237] [SEVERE ] updating countdown to 20881
[13:04:49.256] [SEVERE ] setting player 1 freeze to 1000
[13:04:49.258] [SEVERE ] updating countdown to 20860
[13:04:49.280] [SEVERE ] updating countdown to 20838
[13:04:49.305] [SEVERE ] updating countdown to 20813
[13:04:49.331] [SEVERE ] updating countdown to 20787
[13:04:49.356] [SEVERE ] updating countdown to 20762
[13:04:49.378] [SEVERE ] updating countdown to 20740
[13:04:49.403] [SEVERE ] updating countdown to 20715
[13:04:49.425] [SEVERE ] updating countdown to 20693
[13:04:49.451] [SEVERE ] updating countdown to 20667
[13:04:49.477] [SEVERE ] updating countdown to 20641
[13:04:49.503] [SEVERE ] updating countdown to 20615
[13:04:49.529] [SEVERE ] updating countdown to 20589
[13:04:49.550] [SEVERE ] updating countdown to 20568
[13:04:49.573] [SEVERE ] updating countdown to 20545
[13:04:49.597] [SEVERE ] updating countdown to 20521
[13:04:49.621] [SEVERE ] updating countdown to 20497
[13:04:49.647] [SEVERE ] updating countdown to 20471
[13:04:49.668] [SEVERE ] updating countdown to 20450
[13:04:49.694] [SEVERE ] updating countdown to 20424
[13:04:49.719] [SEVERE ] updating countdown to 20399
[13:04:49.745] [SEVERE ] updating countdown to 20373
[13:04:49.766] [SEVERE ] updating countdown to 20352
[13:04:49.791] [SEVERE ] updating countdown to 20327
[13:04:49.813] [SEVERE ] updating countdown to 20305
[13:04:49.836] [SEVERE ] updating countdown to 20282
[13:04:49.862] [SEVERE ] updating countdown to 20256
[13:04:49.882] [SEVERE ] updating countdown to 20236
[13:04:49.905] [SEVERE ] updating countdown to 20213
[13:04:49.932] [SEVERE ] updating countdown to 20186
[13:04:49.958] [SEVERE ] updating countdown to 20160
[13:04:49.984] [SEVERE ] updating countdown to 20134
[13:04:50.010] [SEVERE ] updating countdown to 20108
[13:04:50.036] [SEVERE ] updating countdown to 20082
[13:04:50.062] [SEVERE ] updating countdown to 20056
[13:04:50.088] [SEVERE ] updating countdown to 20030
[13:04:50.110] [SEVERE ] updating countdown to 20008
[13:04:50.136] [SEVERE ] updating countdown to 19982
[13:04:50.162] [SEVERE ] updating countdown to 19956
[13:04:50.185] [SEVERE ] updating countdown to 19933
[13:04:50.211] [SEVERE ] updating countdown to 19907
[13:04:50.233] [SEVERE ] updating countdown to 19885
[13:04:50.260] [SEVERE ] updating countdown to 19858
[13:04:50.260] [SEVERE ] setting player 1 freeze to 0
[13:04:50.286] [SEVERE ] updating countdown to 19832
[13:04:50.313] [SEVERE ] updating countdown to 19805
[13:04:50.340] [SEVERE ] updating countdown to 19778
[13:04:50.366] [SEVERE ] updating countdown to 19752
[13:04:50.389] [SEVERE ] updating countdown to 19729
[13:04:50.413] [SEVERE ] updating countdown to 19705
[13:04:50.435] [SEVERE ] updating countdown to 19683
[13:04:50.461] [SEVERE ] updating countdown to 19657
[13:04:50.487] [SEVERE ] updating countdown to 19631
[13:04:50.513] [SEVERE ] updating countdown to 19605
[13:04:50.539] [SEVERE ] updating countdown to 19579
[13:04:50.565] [SEVERE ] updating countdown to 19553
[13:04:50.591] [SEVERE ] updating countdown to 19527
[13:04:50.612] [SEVERE ] updating countdown to 19506
[13:04:50.635] [SEVERE ] updating countdown to 19483
[13:04:50.661] [SEVERE ] updating countdown to 19457
[13:04:50.687] [SEVERE ] updating countdown to 19431
[13:04:50.709] [SEVERE ] updating countdown to 19409
[13:04:50.735] [SEVERE ] updating countdown to 19383
[13:04:50.761] [SEVERE ] updating countdown to 19357
[13:04:50.787] [SEVERE ] updating countdown to 19331
[13:04:50.813] [SEVERE ] updating countdown to 19305
[13:04:50.835] [SEVERE ] updating countdown to 19283
[13:04:50.861] [SEVERE ] updating countdown to 19257
[13:04:50.885] [SEVERE ] updating countdown to 19233
[13:04:50.911] [SEVERE ] updating countdown to 19207
[13:04:50.932] [SEVERE ] updating countdown to 19186
[13:04:50.958] [SEVERE ] updating countdown to 19160
[13:04:50.984] [SEVERE ] updating countdown to 19134
[13:04:51.010] [SEVERE ] updating countdown to 19108
[13:04:51.036] [SEVERE ] updating countdown to 19082
[13:04:51.058] [SEVERE ] updating countdown to 19060
[13:04:51.084] [SEVERE ] updating countdown to 19034
[13:04:51.106] [SEVERE ] updating countdown to 19012
[13:04:51.132] [SEVERE ] updating countdown to 18986
[13:04:51.157] [SEVERE ] updating countdown to 18961
[13:04:51.180] [SEVERE ] updating countdown to 18938
[13:04:51.206] [SEVERE ] updating countdown to 18912
[13:04:51.230] [SEVERE ] updating countdown to 18888
[13:04:51.253] [SEVERE ] updating countdown to 18865
[13:04:51.279] [SEVERE ] updating countdown to 18839
[13:04:51.305] [SEVERE ] updating countdown to 18813
[13:04:51.331] [SEVERE ] updating countdown to 18787
[13:04:51.356] [SEVERE ] updating countdown to 18762
[13:04:51.377] [SEVERE ] updating countdown to 18741
[13:04:51.399] [SEVERE ] updating countdown to 18719
[13:04:51.420] [SEVERE ] updating countdown to 18698
[13:04:51.446] [SEVERE ] updating countdown to 18672
[13:04:51.467] [SEVERE ] updating countdown to 18651
[13:04:51.493] [SEVERE ] updating countdown to 18625
[13:04:51.519] [SEVERE ] updating countdown to 18599
[13:04:51.545] [SEVERE ] updating countdown to 18573
[13:04:51.571] [SEVERE ] updating countdown to 18547
[13:04:51.595] [SEVERE ] updating countdown to 18523
[13:04:51.616] [SEVERE ] updating countdown to 18502
[13:04:51.639] [SEVERE ] updating countdown to 18479
[13:04:51.664] [SEVERE ] updating countdown to 18454
[13:04:51.690] [SEVERE ] updating countdown to 18428
[13:04:51.713] [SEVERE ] updating countdown to 18405
[13:04:51.739] [SEVERE ] updating countdown to 18379
[13:04:51.765] [SEVERE ] updating countdown to 18353
[13:04:51.787] [SEVERE ] updating countdown to 18331
[13:04:51.813] [SEVERE ] updating countdown to 18305
[13:04:51.839] [SEVERE ] updating countdown to 18279
[13:04:51.861] [SEVERE ] updating countdown to 18257
[13:04:51.888] [SEVERE ] updating countdown to 18230
[13:04:51.909] [SEVERE ] updating countdown to 18209
[13:04:51.930] [SEVERE ] updating countdown to 18188
[13:04:51.953] [SEVERE ] updating countdown to 18165
[13:04:51.977] [SEVERE ] updating countdown to 18141
[13:04:52.004] [SEVERE ] updating countdown to 18114
[13:04:52.026] [SEVERE ] updating countdown to 18092
[13:04:52.049] [SEVERE ] updating countdown to 18069
[13:04:52.071] [SEVERE ] updating countdown to 18047
[13:04:52.097] [SEVERE ] updating countdown to 18021
[13:04:52.119] [SEVERE ] updating countdown to 17999
[13:04:52.144] [SEVERE ] updating countdown to 17974
[13:04:52.169] [SEVERE ] updating countdown to 17949
[13:04:52.195] [SEVERE ] updating countdown to 17923
[13:04:52.221] [SEVERE ] updating countdown to 17897
[13:04:52.243] [SEVERE ] updating countdown to 17875
[13:04:52.264] [SEVERE ] updating countdown to 17854
[13:04:52.290] [SEVERE ] updating countdown to 17828
[13:04:52.312] [SEVERE ] updating countdown to 17806
[13:04:52.339] [SEVERE ] updating countdown to 17779
[13:04:52.365] [SEVERE ] updating countdown to 17753
[13:04:52.386] [SEVERE ] updating countdown to 17732
[13:04:52.413] [SEVERE ] updating countdown to 17705
[13:04:52.435] [SEVERE ] updating countdown to 17683
[13:04:52.461] [SEVERE ] updating countdown to 17657
[13:04:52.486] [SEVERE ] updating countdown to 17632
[13:04:52.512] [SEVERE ] updating countdown to 17606
[13:04:52.538] [SEVERE ] updating countdown to 17580
[13:04:52.560] [SEVERE ] updating countdown to 17558
[13:04:52.584] [SEVERE ] updating countdown to 17534
[13:04:52.611] [SEVERE ] updating countdown to 17507
[13:04:52.632] [SEVERE ] updating countdown to 17486
[13:04:52.658] [SEVERE ] updating countdown to 17460
[13:04:52.679] [SEVERE ] updating countdown to 17439
[13:04:52.705] [SEVERE ] updating countdown to 17413
[13:04:52.731] [SEVERE ] updating countdown to 17387
[13:04:52.757] [SEVERE ] updating countdown to 17361
[13:04:52.783] [SEVERE ] updating countdown to 17335
[13:04:52.809] [SEVERE ] updating countdown to 17309
[13:04:52.831] [SEVERE ] updating countdown to 17287
[13:04:52.857] [SEVERE ] updating countdown to 17261
[13:04:52.879] [SEVERE ] updating countdown to 17239
[13:04:52.900] [SEVERE ] updating countdown to 17218
[13:04:52.921] [SEVERE ] updating countdown to 17197
[13:04:52.943] [SEVERE ] updating countdown to 17175
[13:04:52.964] [SEVERE ] updating countdown to 17154
[13:04:52.986] [SEVERE ] updating countdown to 17132
[13:04:53.007] [SEVERE ] updating countdown to 17111
[13:04:53.028] [SEVERE ] updating countdown to 17090
[13:04:53.050] [SEVERE ] updating countdown to 17068
[13:04:53.072] [SEVERE ] updating countdown to 17046
[13:04:53.094] [SEVERE ] updating countdown to 17024
[13:04:53.117] [SEVERE ] updating countdown to 17001
[13:04:53.139] [SEVERE ] updating countdown to 16979
[13:04:53.160] [SEVERE ] updating countdown to 16958
[13:04:53.181] [SEVERE ] updating countdown to 16937
[13:04:53.202] [SEVERE ] updating countdown to 16916
[13:04:53.223] [SEVERE ] updating countdown to 16895
[13:04:53.245] [SEVERE ] updating countdown to 16873
[13:04:53.267] [SEVERE ] updating countdown to 16851
[13:04:53.287] [SEVERE ] updating countdown to 16831
[13:04:53.308] [SEVERE ] updating countdown to 16810
[13:04:53.329] [SEVERE ] updating countdown to 16789
[13:04:53.350] [SEVERE ] updating countdown to 16768
[13:04:53.371] [SEVERE ] updating countdown to 16747
[13:04:53.393] [SEVERE ] updating countdown to 16725
[13:04:53.414] [SEVERE ] updating countdown to 16704
[13:04:53.435] [SEVERE ] updating countdown to 16683
[13:04:53.459] [SEVERE ] updating countdown to 16659
[13:04:53.481] [SEVERE ] updating countdown to 16637
[13:04:53.505] [SEVERE ] updating countdown to 16613
[13:04:53.530] [SEVERE ] updating countdown to 16588
[13:04:53.556] [SEVERE ] updating countdown to 16562
[13:04:53.582] [SEVERE ] updating countdown to 16536
[13:04:53.605] [SEVERE ] updating countdown to 16513
[13:04:53.628] [SEVERE ] updating countdown to 16490
[13:04:53.654] [SEVERE ] updating countdown to 16464
[13:04:53.675] [SEVERE ] updating countdown to 16443
[13:04:53.702] [SEVERE ] updating countdown to 16416
[13:04:53.728] [SEVERE ] updating countdown to 16390
[13:04:53.754] [SEVERE ] updating countdown to 16364
[13:04:53.776] [SEVERE ] updating countdown to 16342
[13:04:53.803] [SEVERE ] updating countdown to 16315
[13:04:53.829] [SEVERE ] updating countdown to 16289
[13:04:53.854] [SEVERE ] updating countdown to 16264
[13:04:53.880] [SEVERE ] updating countdown to 16238
[13:04:53.903] [SEVERE ] updating countdown to 16215
[13:04:53.929] [SEVERE ] updating countdown to 16189
[13:04:53.951] [SEVERE ] updating countdown to 16167
[13:04:53.972] [SEVERE ] updating countdown to 16146
[13:04:53.995] [SEVERE ] updating countdown to 16123
[13:04:54.016] [SEVERE ] updating countdown to 16102
[13:04:54.037] [SEVERE ] updating countdown to 16081
[13:04:54.062] [SEVERE ] updating countdown to 16056
[13:04:54.087] [SEVERE ] updating countdown to 16031
[13:04:54.113] [SEVERE ] updating countdown to 16005
[13:04:54.139] [SEVERE ] updating countdown to 15979
[13:04:54.164] [SEVERE ] updating countdown to 15954
[13:04:54.187] [SEVERE ] updating countdown to 15931
[13:04:54.213] [SEVERE ] updating countdown to 15905
[13:04:54.239] [SEVERE ] updating countdown to 15879
[13:04:54.264] [SEVERE ] updating countdown to 15854
[13:04:54.286] [SEVERE ] updating countdown to 15832
[13:04:54.307] [SEVERE ] updating countdown to 15811
[13:04:54.329] [SEVERE ] updating countdown to 15789
[13:04:54.354] [SEVERE ] updating countdown to 15764
[13:04:54.380] [SEVERE ] updating countdown to 15738
[13:04:54.406] [SEVERE ] updating countdown to 15712
[13:04:54.431] [SEVERE ] updating countdown to 15687
[13:04:54.456] [SEVERE ] updating countdown to 15662
[13:04:54.482] [SEVERE ] updating countdown to 15636
[13:04:54.507] [SEVERE ] updating countdown to 15611
[13:04:54.531] [SEVERE ] updating countdown to 15587
[13:04:54.557] [SEVERE ] updating countdown to 15561
[13:04:54.583] [SEVERE ] updating countdown to 15535
[13:04:54.609] [SEVERE ] updating countdown to 15509
[13:04:54.631] [SEVERE ] updating countdown to 15487
[13:04:54.654] [SEVERE ] updating countdown to 15464
[13:04:54.678] [SEVERE ] updating countdown to 15440
[13:04:54.701] [SEVERE ] updating countdown to 15417
[13:04:54.726] [SEVERE ] updating countdown to 15392
[13:04:54.748] [SEVERE ] updating countdown to 15370
[13:04:54.770] [SEVERE ] updating countdown to 15348
[13:04:54.794] [SEVERE ] updating countdown to 15324
[13:04:54.815] [SEVERE ] updating countdown to 15303
[13:04:54.837] [SEVERE ] updating countdown to 15281
[13:04:54.862] [SEVERE ] updating countdown to 15256
[13:04:54.884] [SEVERE ] updating countdown to 15234
[13:04:54.907] [SEVERE ] updating countdown to 15211
[13:04:54.929] [SEVERE ] updating countdown to 15189
[13:04:54.950] [SEVERE ] updating countdown to 15168
[13:04:54.971] [SEVERE ] updating countdown to 15147
