[11:33:34.691] [INFO   ] thread main starting.
[11:33:34.697] [SEVERE ] cannot read configuration file config.properties trying from resources.
[11:33:34.698] [SEVERE ] configuration file was loaded from resources directory.
[11:33:34.997] [INFO   ] thread dealer starting.
[11:33:34.998] [INFO   ] thread dealer starting.
[11:33:34.998] [INFO   ] thread playerID: 0 starting.
[11:33:34.998] [INFO   ] thread playerID: 1 starting.
[11:33:35.001] [SEVERE ] updating countdown to 60000
[11:33:35.105] [SEVERE ] placing card 21 in slot 1
[11:33:35.205] [SEVERE ] placing card 53 in slot 10
[11:33:35.307] [SEVERE ] placing card 78 in slot 3
[11:33:35.408] [SEVERE ] placing card 3 in slot 11
[11:33:35.509] [SEVERE ] placing card 64 in slot 7
[11:33:35.611] [SEVERE ] placing card 56 in slot 6
[11:33:35.713] [SEVERE ] placing card 80 in slot 2
[11:33:35.813] [SEVERE ] placing card 25 in slot 9
[11:33:35.919] [SEVERE ] placing card 44 in slot 8
[11:33:36.021] [SEVERE ] placing card 66 in slot 4
[11:33:36.123] [SEVERE ] placing card 12 in slot 5
[11:33:36.224] [SEVERE ] placing card 58 in slot 0
[11:33:36.246] [SEVERE ] updating countdown to 58755
[11:33:36.270] [SEVERE ] updating countdown to 58731
[11:33:36.292] [SEVERE ] updating countdown to 58709
[11:33:36.315] [SEVERE ] updating countdown to 58686
[11:33:36.339] [SEVERE ] updating countdown to 58662
[11:33:36.362] [SEVERE ] updating countdown to 58639
[11:33:36.386] [SEVERE ] updating countdown to 58616
[11:33:36.410] [SEVERE ] updating countdown to 58591
[11:33:36.432] [SEVERE ] updating countdown to 58569
[11:33:36.458] [SEVERE ] updating countdown to 58543
[11:33:36.480] [SEVERE ] updating countdown to 58521
[11:33:36.508] [SEVERE ] updating countdown to 58493
[11:33:36.529] [SEVERE ] updating countdown to 58472
[11:33:36.550] [SEVERE ] updating countdown to 58451
[11:33:36.576] [SEVERE ] updating countdown to 58425
[11:33:36.607] [SEVERE ] updating countdown to 58394
[11:33:36.629] [SEVERE ] updating countdown to 58372
[11:33:36.650] [SEVERE ] updating countdown to 58351
[11:33:36.672] [SEVERE ] updating countdown to 58329
[11:33:36.698] [SEVERE ] updating countdown to 58303
[11:33:36.724] [SEVERE ] updating countdown to 58277
[11:33:36.749] [SEVERE ] updating countdown to 58252
[11:33:36.775] [SEVERE ] updating countdown to 58226
[11:33:36.798] [SEVERE ] updating countdown to 58203
[11:33:36.819] [SEVERE ] updating countdown to 58182
[11:33:36.845] [SEVERE ] updating countdown to 58156
[11:33:36.869] [SEVERE ] updating countdown to 58132
[11:33:36.892] [SEVERE ] updating countdown to 58109
[11:33:36.913] [SEVERE ] updating countdown to 58088
[11:33:36.934] [SEVERE ] updating countdown to 58067
[11:33:36.956] [SEVERE ] updating countdown to 58045
[11:33:36.977] [SEVERE ] updating countdown to 58024
[11:33:36.998] [SEVERE ] updating countdown to 58003
[11:33:37.019] [SEVERE ] updating countdown to 57982
[11:33:37.042] [SEVERE ] updating countdown to 57959
[11:33:37.065] [SEVERE ] updating countdown to 57936
[11:33:37.087] [SEVERE ] updating countdown to 57914
[11:33:37.113] [SEVERE ] updating countdown to 57888
[11:33:37.138] [SEVERE ] updating countdown to 57863
[11:33:37.163] [SEVERE ] updating countdown to 57838
[11:33:37.188] [SEVERE ] updating countdown to 57813
[11:33:37.214] [SEVERE ] updating countdown to 57787
[11:33:37.236] [SEVERE ] updating countdown to 57765
[11:33:37.258] [SEVERE ] updating countdown to 57743
[11:33:37.279] [SEVERE ] updating countdown to 57722
[11:33:37.300] [SEVERE ] updating countdown to 57701
[11:33:37.321] [SEVERE ] updating countdown to 57680
[11:33:37.343] [SEVERE ] updating countdown to 57658
[11:33:37.367] [SEVERE ] updating countdown to 57634
[11:33:37.393] [SEVERE ] updating countdown to 57608
[11:33:37.415] [SEVERE ] updating countdown to 57586
[11:33:37.436] [SEVERE ] updating countdown to 57565
[11:33:37.462] [SEVERE ] updating countdown to 57539
[11:33:37.485] [SEVERE ] updating countdown to 57516
[11:33:37.511] [SEVERE ] updating countdown to 57490
[11:33:37.533] [SEVERE ] updating countdown to 57468
[11:33:37.554] [SEVERE ] updating countdown to 57447
[11:33:37.576] [SEVERE ] updating countdown to 57425
[11:33:37.596] [SEVERE ] updating countdown to 57405
[11:33:37.618] [SEVERE ] updating countdown to 57383
[11:33:37.640] [SEVERE ] updating countdown to 57361
[11:33:37.664] [SEVERE ] updating countdown to 57337
[11:33:37.687] [SEVERE ] updating countdown to 57314
[11:33:37.708] [SEVERE ] updating countdown to 57293
[11:33:37.731] [SEVERE ] updating countdown to 57270
[11:33:37.754] [SEVERE ] updating countdown to 57247
[11:33:37.777] [SEVERE ] updating countdown to 57224
[11:33:37.799] [SEVERE ] updating countdown to 57202
[11:33:37.821] [SEVERE ] updating countdown to 57180
[11:33:37.846] [SEVERE ] updating countdown to 57155
[11:33:37.868] [SEVERE ] updating countdown to 57133
[11:33:37.889] [SEVERE ] updating countdown to 57112
[11:33:37.911] [SEVERE ] updating countdown to 57090
[11:33:37.933] [SEVERE ] updating countdown to 57068
[11:33:37.937] [SEVERE ] key 81 was pressed by player 1
[11:33:37.937] [SEVERE ] player 1 placing token on slot 0
[11:33:37.954] [SEVERE ] updating countdown to 57047
[11:33:37.976] [SEVERE ] updating countdown to 57025
[11:33:38.002] [SEVERE ] updating countdown to 56999
[11:33:38.023] [SEVERE ] updating countdown to 56978
[11:33:38.046] [SEVERE ] updating countdown to 56955
[11:33:38.067] [SEVERE ] updating countdown to 56934
[11:33:38.089] [SEVERE ] updating countdown to 56912
[11:33:38.114] [SEVERE ] updating countdown to 56887
[11:33:38.140] [SEVERE ] updating countdown to 56861
[11:33:38.166] [SEVERE ] updating countdown to 56835
[11:33:38.189] [SEVERE ] updating countdown to 56812
[11:33:38.206] [SEVERE ] key 65 was pressed by player 1
[11:33:38.206] [SEVERE ] player 1 placing token on slot 4
[11:33:38.210] [SEVERE ] updating countdown to 56791
[11:33:38.235] [SEVERE ] updating countdown to 56766
[11:33:38.258] [SEVERE ] updating countdown to 56743
[11:33:38.284] [SEVERE ] updating countdown to 56717
[11:33:38.306] [SEVERE ] updating countdown to 56695
[11:33:38.329] [SEVERE ] updating countdown to 56672
[11:33:38.354] [SEVERE ] updating countdown to 56647
[11:33:38.377] [SEVERE ] updating countdown to 56624
[11:33:38.401] [SEVERE ] updating countdown to 56600
[11:33:38.426] [SEVERE ] updating countdown to 56575
[11:33:38.427] [SEVERE ] key 90 was pressed by player 1
[11:33:38.428] [SEVERE ] player 1 placing token on slot 8
[11:33:38.428] [SEVERE ] removing player 1 token from slot 0
[11:33:38.428] [SEVERE ] removing player 1 token from slot 4
[11:33:38.428] [SEVERE ] removing player 1 token from slot 8
[11:33:38.430] [SEVERE ] setting player 1 freeze to 3000
[11:33:38.447] [SEVERE ] updating countdown to 56554
[11:33:38.469] [SEVERE ] updating countdown to 56532
[11:33:38.493] [SEVERE ] updating countdown to 56509
[11:33:38.514] [SEVERE ] updating countdown to 56487
[11:33:38.540] [SEVERE ] updating countdown to 56461
[11:33:38.565] [SEVERE ] updating countdown to 56436
[11:33:38.587] [SEVERE ] updating countdown to 56414
[11:33:38.608] [SEVERE ] updating countdown to 56393
[11:33:38.631] [SEVERE ] updating countdown to 56370
[11:33:38.653] [SEVERE ] updating countdown to 56348
[11:33:38.676] [SEVERE ] updating countdown to 56325
[11:33:38.701] [SEVERE ] updating countdown to 56300
[11:33:38.727] [SEVERE ] updating countdown to 56274
[11:33:38.753] [SEVERE ] updating countdown to 56248
[11:33:38.778] [SEVERE ] updating countdown to 56223
[11:33:38.801] [SEVERE ] updating countdown to 56200
[11:33:38.825] [SEVERE ] updating countdown to 56176
[11:33:38.847] [SEVERE ] updating countdown to 56154
[11:33:38.871] [SEVERE ] updating countdown to 56130
[11:33:38.896] [SEVERE ] updating countdown to 56105
[11:33:38.919] [SEVERE ] updating countdown to 56082
[11:33:38.944] [SEVERE ] updating countdown to 56057
[11:33:38.965] [SEVERE ] updating countdown to 56036
[11:33:38.987] [SEVERE ] updating countdown to 56014
[11:33:39.008] [SEVERE ] updating countdown to 55993
[11:33:39.034] [SEVERE ] updating countdown to 55967
[11:33:39.056] [SEVERE ] updating countdown to 55945
[11:33:39.078] [SEVERE ] updating countdown to 55923
[11:33:39.101] [SEVERE ] updating countdown to 55900
[11:33:39.126] [SEVERE ] updating countdown to 55875
[11:33:39.149] [SEVERE ] updating countdown to 55852
[11:33:39.175] [SEVERE ] updating countdown to 55826
[11:33:39.200] [SEVERE ] updating countdown to 55801
[11:33:39.222] [SEVERE ] updating countdown to 55779
[11:33:39.246] [SEVERE ] updating countdown to 55755
[11:33:39.270] [SEVERE ] updating countdown to 55731
[11:33:39.293] [SEVERE ] updating countdown to 55708
[11:33:39.301] [SEVERE ] key 65 was pressed by player 1
[11:33:39.316] [SEVERE ] updating countdown to 55685
[11:33:39.341] [SEVERE ] updating countdown to 55660
[11:33:39.367] [SEVERE ] updating countdown to 55634
[11:33:39.389] [SEVERE ] updating countdown to 55612
[11:33:39.415] [SEVERE ] updating countdown to 55586
[11:33:39.441] [SEVERE ] updating countdown to 55560
[11:33:39.463] [SEVERE ] updating countdown to 55538
[11:33:39.484] [SEVERE ] updating countdown to 55517
[11:33:39.510] [SEVERE ] updating countdown to 55491
[11:33:39.536] [SEVERE ] updating countdown to 55465
[11:33:39.562] [SEVERE ] updating countdown to 55439
[11:33:39.585] [SEVERE ] updating countdown to 55416
[11:33:39.607] [SEVERE ] updating countdown to 55394
[11:33:39.627] [SEVERE ] updating countdown to 55374
[11:33:39.648] [SEVERE ] updating countdown to 55353
[11:33:39.673] [SEVERE ] updating countdown to 55328
[11:33:39.698] [SEVERE ] updating countdown to 55303
[11:33:39.723] [SEVERE ] updating countdown to 55278
[11:33:39.749] [SEVERE ] updating countdown to 55252
[11:33:39.771] [SEVERE ] updating countdown to 55230
[11:33:39.792] [SEVERE ] updating countdown to 55209
[11:33:39.814] [SEVERE ] updating countdown to 55187
[11:33:39.839] [SEVERE ] updating countdown to 55162
[11:33:39.861] [SEVERE ] updating countdown to 55140
[11:33:39.887] [SEVERE ] updating countdown to 55114
[11:33:39.909] [SEVERE ] updating countdown to 55092
[11:33:39.934] [SEVERE ] updating countdown to 55067
[11:33:39.956] [SEVERE ] updating countdown to 55045
[11:33:39.978] [SEVERE ] updating countdown to 55023
[11:33:39.999] [SEVERE ] updating countdown to 55002
[11:33:40.021] [SEVERE ] updating countdown to 54980
[11:33:40.042] [SEVERE ] updating countdown to 54959
[11:33:40.065] [SEVERE ] updating countdown to 54936
[11:33:40.086] [SEVERE ] updating countdown to 54915
[11:33:40.112] [SEVERE ] updating countdown to 54889
[11:33:40.136] [SEVERE ] updating countdown to 54865
[11:33:40.162] [SEVERE ] updating countdown to 54839
[11:33:40.186] [SEVERE ] updating countdown to 54815
[11:33:40.211] [SEVERE ] updating countdown to 54790
[11:33:40.233] [SEVERE ] updating countdown to 54768
[11:33:40.256] [SEVERE ] updating countdown to 54745
[11:33:40.278] [SEVERE ] updating countdown to 54724
[11:33:40.299] [SEVERE ] updating countdown to 54702
[11:33:40.322] [SEVERE ] updating countdown to 54679
[11:33:40.343] [SEVERE ] updating countdown to 54658
[11:33:40.364] [SEVERE ] updating countdown to 54637
[11:33:40.388] [SEVERE ] updating countdown to 54613
[11:33:40.414] [SEVERE ] updating countdown to 54587
[11:33:40.439] [SEVERE ] updating countdown to 54562
[11:33:40.461] [SEVERE ] updating countdown to 54540
[11:33:40.485] [SEVERE ] updating countdown to 54516
[11:33:40.510] [SEVERE ] updating countdown to 54491
[11:33:40.534] [SEVERE ] updating countdown to 54467
[11:33:40.560] [SEVERE ] updating countdown to 54441
[11:33:40.586] [SEVERE ] updating countdown to 54415
[11:33:40.608] [SEVERE ] updating countdown to 54393
[11:33:40.630] [SEVERE ] updating countdown to 54371
[11:33:40.655] [SEVERE ] updating countdown to 54346
[11:33:40.676] [SEVERE ] updating countdown to 54325
[11:33:40.699] [SEVERE ] updating countdown to 54302
[11:33:40.720] [SEVERE ] updating countdown to 54281
[11:33:40.744] [SEVERE ] updating countdown to 54257
[11:33:40.769] [SEVERE ] updating countdown to 54232
[11:33:40.791] [SEVERE ] updating countdown to 54210
[11:33:40.813] [SEVERE ] updating countdown to 54188
[11:33:40.839] [SEVERE ] updating countdown to 54162
[11:33:40.864] [SEVERE ] updating countdown to 54137
[11:33:40.886] [SEVERE ] updating countdown to 54115
[11:33:40.908] [SEVERE ] updating countdown to 54093
[11:33:40.930] [SEVERE ] updating countdown to 54071
[11:33:40.950] [SEVERE ] updating countdown to 54051
[11:33:40.973] [SEVERE ] updating countdown to 54028
[11:33:40.995] [SEVERE ] updating countdown to 54006
[11:33:41.018] [SEVERE ] updating countdown to 53983
[11:33:41.044] [SEVERE ] updating countdown to 53957
[11:33:41.068] [SEVERE ] updating countdown to 53933
[11:33:41.093] [SEVERE ] updating countdown to 53908
[11:33:41.116] [SEVERE ] updating countdown to 53885
[11:33:41.141] [SEVERE ] updating countdown to 53860
[11:33:41.163] [SEVERE ] updating countdown to 53838
[11:33:41.188] [SEVERE ] updating countdown to 53813
[11:33:41.211] [SEVERE ] updating countdown to 53790
[11:33:41.236] [SEVERE ] updating countdown to 53765
[11:33:41.262] [SEVERE ] updating countdown to 53739
[11:33:41.284] [SEVERE ] updating countdown to 53717
[11:33:41.310] [SEVERE ] updating countdown to 53691
[11:33:41.336] [SEVERE ] updating countdown to 53665
[11:33:41.358] [SEVERE ] updating countdown to 53643
[11:33:41.384] [SEVERE ] updating countdown to 53617
[11:33:41.410] [SEVERE ] updating countdown to 53591
[11:33:41.432] [SEVERE ] setting player 1 freeze to 0
[11:33:41.432] [SEVERE ] updating countdown to 53569
[11:33:41.432] [SEVERE ] player 1 placing token on slot 4
[11:33:41.433] [SEVERE ] removing player 1 token from slot 4
[11:33:41.433] [SEVERE ] setting player 1 freeze to 3000
[11:33:41.456] [SEVERE ] updating countdown to 53545
[11:33:41.481] [SEVERE ] updating countdown to 53520
[11:33:41.507] [SEVERE ] updating countdown to 53494
[11:33:41.529] [SEVERE ] updating countdown to 53472
[11:33:41.554] [SEVERE ] updating countdown to 53447
[11:33:41.578] [SEVERE ] updating countdown to 53423
[11:33:41.604] [SEVERE ] updating countdown to 53397
[11:33:41.625] [SEVERE ] updating countdown to 53376
[11:33:41.648] [SEVERE ] updating countdown to 53353
[11:33:41.668] [SEVERE ] updating countdown to 53333
[11:33:41.691] [SEVERE ] updating countdown to 53310
[11:33:41.713] [SEVERE ] updating countdown to 53288
[11:33:41.735] [SEVERE ] updating countdown to 53266
[11:33:41.761] [SEVERE ] updating countdown to 53240
[11:33:41.787] [SEVERE ] updating countdown to 53214
[11:33:41.808] [SEVERE ] updating countdown to 53193
[11:33:41.831] [SEVERE ] updating countdown to 53170
[11:33:41.855] [SEVERE ] updating countdown to 53146
[11:33:41.881] [SEVERE ] updating countdown to 53120
[11:33:41.903] [SEVERE ] updating countdown to 53098
[11:33:41.928] [SEVERE ] updating countdown to 53073
[11:33:41.948] [SEVERE ] updating countdown to 53053
[11:33:41.971] [SEVERE ] updating countdown to 53030
[11:33:41.996] [SEVERE ] updating countdown to 53005
[11:33:42.019] [SEVERE ] updating countdown to 52982
[11:33:42.042] [SEVERE ] updating countdown to 52959
[11:33:42.045] [SEVERE ] key 83 was pressed by player 1
[11:33:42.064] [SEVERE ] updating countdown to 52937
[11:33:42.084] [SEVERE ] updating countdown to 52917
[11:33:42.108] [SEVERE ] updating countdown to 52893
[11:33:42.130] [SEVERE ] updating countdown to 52871
[11:33:42.155] [SEVERE ] updating countdown to 52846
[11:33:42.177] [SEVERE ] updating countdown to 52824
[11:33:42.199] [SEVERE ] updating countdown to 52803
[11:33:42.220] [SEVERE ] updating countdown to 52781
[11:33:42.242] [SEVERE ] updating countdown to 52759
[11:33:42.262] [SEVERE ] updating countdown to 52739
[11:33:42.283] [SEVERE ] updating countdown to 52718
[11:33:42.304] [SEVERE ] updating countdown to 52697
[11:33:42.324] [SEVERE ] updating countdown to 52677
[11:33:42.346] [SEVERE ] updating countdown to 52655
[11:33:42.368] [SEVERE ] updating countdown to 52633
[11:33:42.390] [SEVERE ] updating countdown to 52611
[11:33:42.415] [SEVERE ] updating countdown to 52586
[11:33:42.437] [SEVERE ] updating countdown to 52564
[11:33:42.458] [SEVERE ] updating countdown to 52543
[11:33:42.480] [SEVERE ] updating countdown to 52521
[11:33:42.501] [SEVERE ] updating countdown to 52500
[11:33:42.523] [SEVERE ] updating countdown to 52478
[11:33:42.547] [SEVERE ] updating countdown to 52454
[11:33:42.571] [SEVERE ] updating countdown to 52430
[11:33:42.592] [SEVERE ] updating countdown to 52409
[11:33:42.620] [SEVERE ] updating countdown to 52381
[11:33:42.641] [SEVERE ] updating countdown to 52360
[11:33:42.667] [SEVERE ] updating countdown to 52334
[11:33:42.692] [SEVERE ] updating countdown to 52309
[11:33:42.718] [SEVERE ] updating countdown to 52283
[11:33:42.740] [SEVERE ] updating countdown to 52261
[11:33:42.767] [SEVERE ] updating countdown to 52234
[11:33:42.793] [SEVERE ] updating countdown to 52208
[11:33:42.819] [SEVERE ] updating countdown to 52182
[11:33:42.844] [SEVERE ] updating countdown to 52157
[11:33:42.870] [SEVERE ] updating countdown to 52131
[11:33:42.895] [SEVERE ] updating countdown to 52106
[11:33:42.921] [SEVERE ] updating countdown to 52080
[11:33:42.945] [SEVERE ] updating countdown to 52056
[11:33:42.970] [SEVERE ] updating countdown to 52031
[11:33:42.990] [SEVERE ] updating countdown to 52011
[11:33:43.012] [SEVERE ] updating countdown to 51989
[11:33:43.035] [SEVERE ] updating countdown to 51966
[11:33:43.057] [SEVERE ] updating countdown to 51944
[11:33:43.077] [SEVERE ] updating countdown to 51924
[11:33:43.103] [SEVERE ] updating countdown to 51898
[11:33:43.129] [SEVERE ] updating countdown to 51872
[11:33:43.155] [SEVERE ] updating countdown to 51846
[11:33:43.181] [SEVERE ] updating countdown to 51820
[11:33:43.203] [SEVERE ] updating countdown to 51798
[11:33:43.227] [SEVERE ] updating countdown to 51774
[11:33:43.252] [SEVERE ] updating countdown to 51749
[11:33:43.275] [SEVERE ] updating countdown to 51726
[11:33:43.295] [SEVERE ] updating countdown to 51706
[11:33:43.319] [SEVERE ] updating countdown to 51682
[11:33:43.342] [SEVERE ] updating countdown to 51659
[11:33:43.364] [SEVERE ] updating countdown to 51637
[11:33:43.389] [SEVERE ] updating countdown to 51612
[11:33:43.415] [SEVERE ] updating countdown to 51586
[11:33:43.438] [SEVERE ] updating countdown to 51563
[11:33:43.459] [SEVERE ] updating countdown to 51542
[11:33:43.479] [SEVERE ] updating countdown to 51522
[11:33:43.502] [SEVERE ] updating countdown to 51499
[11:33:43.524] [SEVERE ] updating countdown to 51477
[11:33:43.546] [SEVERE ] updating countdown to 51455
[11:33:43.571] [SEVERE ] updating countdown to 51430
[11:33:43.595] [SEVERE ] updating countdown to 51406
[11:33:43.616] [SEVERE ] updating countdown to 51385
[11:33:43.638] [SEVERE ] updating countdown to 51363
[11:33:43.660] [SEVERE ] updating countdown to 51341
[11:33:43.682] [SEVERE ] updating countdown to 51319
[11:33:43.702] [SEVERE ] updating countdown to 51299
[11:33:43.728] [SEVERE ] updating countdown to 51273
[11:33:43.754] [SEVERE ] updating countdown to 51247
[11:33:43.776] [SEVERE ] updating countdown to 51225
[11:33:43.798] [SEVERE ] updating countdown to 51203
[11:33:43.819] [SEVERE ] updating countdown to 51182
[11:33:43.839] [SEVERE ] updating countdown to 51162
[11:33:43.864] [SEVERE ] updating countdown to 51137
[11:33:43.890] [SEVERE ] updating countdown to 51111
[11:33:43.912] [SEVERE ] updating countdown to 51089
[11:33:43.938] [SEVERE ] updating countdown to 51063
[11:33:43.962] [SEVERE ] updating countdown to 51039
[11:33:43.985] [SEVERE ] updating countdown to 51016
[11:33:44.005] [SEVERE ] updating countdown to 50996
[11:33:44.031] [SEVERE ] updating countdown to 50970
[11:33:44.053] [SEVERE ] updating countdown to 50948
[11:33:44.074] [SEVERE ] updating countdown to 50927
[11:33:44.100] [SEVERE ] updating countdown to 50901
[11:33:44.125] [SEVERE ] updating countdown to 50876
[11:33:44.148] [SEVERE ] updating countdown to 50853
[11:33:44.173] [SEVERE ] updating countdown to 50828
[11:33:44.199] [SEVERE ] updating countdown to 50802
[11:33:44.221] [SEVERE ] updating countdown to 50780
[11:33:44.246] [SEVERE ] updating countdown to 50755
[11:33:44.268] [SEVERE ] updating countdown to 50733
[11:33:44.293] [SEVERE ] updating countdown to 50708
[11:33:44.315] [SEVERE ] updating countdown to 50686
[11:33:44.340] [SEVERE ] updating countdown to 50661
[11:33:44.366] [SEVERE ] updating countdown to 50635
[11:33:44.392] [SEVERE ] updating countdown to 50609
[11:33:44.418] [SEVERE ] updating countdown to 50583
[11:33:44.438] [SEVERE ] setting player 1 freeze to 0
[11:33:44.439] [SEVERE ] player 1 placing token on slot 5
[11:33:44.439] [SEVERE ] setting player 1 freeze to 3000
[11:33:44.439] [SEVERE ] updating countdown to 50562
[11:33:44.463] [SEVERE ] updating countdown to 50538
[11:33:44.488] [SEVERE ] updating countdown to 50513
[11:33:44.510] [SEVERE ] updating countdown to 50491
[11:33:44.536] [SEVERE ] updating countdown to 50465
[11:33:44.562] [SEVERE ] updating countdown to 50439
[11:33:44.588] [SEVERE ] updating countdown to 50413
[11:33:44.612] [SEVERE ] updating countdown to 50389
[11:33:44.633] [SEVERE ] updating countdown to 50368
[11:33:44.654] [SEVERE ] updating countdown to 50347
[11:33:44.679] [SEVERE ] updating countdown to 50322
[11:33:44.705] [SEVERE ] updating countdown to 50296
[11:33:44.731] [SEVERE ] updating countdown to 50270
[11:33:44.757] [SEVERE ] updating countdown to 50244
[11:33:44.780] [SEVERE ] updating countdown to 50221
[11:33:44.806] [SEVERE ] updating countdown to 50195
[11:33:44.832] [SEVERE ] updating countdown to 50169
[11:33:44.856] [SEVERE ] updating countdown to 50145
[11:33:44.867] [SEVERE ] key 65 was pressed by player 1
[11:33:44.880] [SEVERE ] updating countdown to 50121
[11:33:44.900] [SEVERE ] updating countdown to 50101
[11:33:44.924] [SEVERE ] updating countdown to 50077
[11:33:44.946] [SEVERE ] updating countdown to 50055
[11:33:44.969] [SEVERE ] updating countdown to 50032
[11:33:44.993] [SEVERE ] updating countdown to 50008
[11:33:45.014] [SEVERE ] updating countdown to 49987
[11:33:45.039] [SEVERE ] updating countdown to 49962
[11:33:45.062] [SEVERE ] updating countdown to 49939
[11:33:45.088] [SEVERE ] updating countdown to 49913
[11:33:45.110] [SEVERE ] updating countdown to 49891
[11:33:45.132] [SEVERE ] updating countdown to 49869
[11:33:45.153] [SEVERE ] updating countdown to 49848
[11:33:45.175] [SEVERE ] updating countdown to 49826
[11:33:45.199] [SEVERE ] updating countdown to 49802
[11:33:45.225] [SEVERE ] updating countdown to 49776
[11:33:45.251] [SEVERE ] updating countdown to 49750
[11:33:45.273] [SEVERE ] updating countdown to 49728
[11:33:45.294] [SEVERE ] updating countdown to 49707
[11:33:45.319] [SEVERE ] updating countdown to 49682
[11:33:45.344] [SEVERE ] updating countdown to 49657
[11:33:45.366] [SEVERE ] updating countdown to 49635
[11:33:45.388] [SEVERE ] updating countdown to 49613
[11:33:45.409] [SEVERE ] updating countdown to 49592
[11:33:45.433] [SEVERE ] updating countdown to 49568
[11:33:45.456] [SEVERE ] updating countdown to 49545
[11:33:45.480] [SEVERE ] updating countdown to 49521
[11:33:45.502] [SEVERE ] updating countdown to 49499
[11:33:45.524] [SEVERE ] updating countdown to 49477
[11:33:45.546] [SEVERE ] updating countdown to 49455
[11:33:45.567] [SEVERE ] updating countdown to 49434
[11:33:45.589] [SEVERE ] updating countdown to 49412
[11:33:45.611] [SEVERE ] updating countdown to 49390
[11:33:45.634] [SEVERE ] updating countdown to 49367
[11:33:45.657] [SEVERE ] updating countdown to 49344
[11:33:45.682] [SEVERE ] updating countdown to 49319
[11:33:45.704] [SEVERE ] updating countdown to 49297
[11:33:45.725] [SEVERE ] updating countdown to 49276
[11:33:45.747] [SEVERE ] updating countdown to 49254
[11:33:45.772] [SEVERE ] updating countdown to 49229
[11:33:45.798] [SEVERE ] updating countdown to 49203
[11:33:45.820] [SEVERE ] updating countdown to 49181
[11:33:45.846] [SEVERE ] updating countdown to 49155
[11:33:45.868] [SEVERE ] updating countdown to 49133
[11:33:45.889] [SEVERE ] updating countdown to 49112
[11:33:45.911] [SEVERE ] updating countdown to 49090
[11:33:45.936] [SEVERE ] updating countdown to 49065
[11:33:45.962] [SEVERE ] updating countdown to 49039
[11:33:45.988] [SEVERE ] updating countdown to 49013
[11:33:46.014] [SEVERE ] updating countdown to 48987
[11:33:46.040] [SEVERE ] updating countdown to 48961
[11:33:46.065] [SEVERE ] updating countdown to 48936
[11:33:46.087] [SEVERE ] updating countdown to 48914
[11:33:46.112] [SEVERE ] updating countdown to 48889
[11:33:46.135] [SEVERE ] updating countdown to 48866
[11:33:46.157] [SEVERE ] updating countdown to 48844
[11:33:46.179] [SEVERE ] updating countdown to 48822
[11:33:46.203] [SEVERE ] updating countdown to 48798
[11:33:46.224] [SEVERE ] updating countdown to 48777
[11:33:46.246] [SEVERE ] updating countdown to 48755
[11:33:46.270] [SEVERE ] updating countdown to 48731
[11:33:46.292] [SEVERE ] updating countdown to 48709
[11:33:46.317] [SEVERE ] updating countdown to 48684
[11:33:46.341] [SEVERE ] updating countdown to 48660
[11:33:46.362] [SEVERE ] updating countdown to 48639
[11:33:46.383] [SEVERE ] updating countdown to 48618
[11:33:46.408] [SEVERE ] updating countdown to 48593
[11:33:46.412] [SEVERE ] key 65 was pressed by player 1
[11:33:46.433] [SEVERE ] updating countdown to 48568
[11:33:46.459] [SEVERE ] updating countdown to 48542
[11:33:46.484] [SEVERE ] updating countdown to 48517
[11:33:46.505] [SEVERE ] updating countdown to 48496
[11:33:46.526] [SEVERE ] updating countdown to 48475
[11:33:46.551] [SEVERE ] updating countdown to 48450
[11:33:46.576] [SEVERE ] updating countdown to 48425
[11:33:46.602] [SEVERE ] updating countdown to 48399
[11:33:46.628] [SEVERE ] updating countdown to 48373
[11:33:46.654] [SEVERE ] updating countdown to 48347
[11:33:46.680] [SEVERE ] updating countdown to 48321
[11:33:46.706] [SEVERE ] updating countdown to 48295
[11:33:46.732] [SEVERE ] updating countdown to 48269
[11:33:46.756] [SEVERE ] updating countdown to 48245
[11:33:46.778] [SEVERE ] updating countdown to 48223
[11:33:46.798] [SEVERE ] updating countdown to 48203
[11:33:46.820] [SEVERE ] updating countdown to 48181
[11:33:46.840] [SEVERE ] updating countdown to 48161
[11:33:46.862] [SEVERE ] updating countdown to 48139
[11:33:46.888] [SEVERE ] updating countdown to 48113
[11:33:46.914] [SEVERE ] updating countdown to 48087
[11:33:46.939] [SEVERE ] updating countdown to 48062
[11:33:46.964] [SEVERE ] updating countdown to 48037
[11:33:46.989] [SEVERE ] updating countdown to 48012
[11:33:47.015] [SEVERE ] updating countdown to 47986
[11:33:47.041] [SEVERE ] updating countdown to 47960
[11:33:47.063] [SEVERE ] updating countdown to 47938
[11:33:47.089] [SEVERE ] updating countdown to 47912
[11:33:47.113] [SEVERE ] updating countdown to 47888
[11:33:47.137] [SEVERE ] updating countdown to 47864
[11:33:47.160] [SEVERE ] updating countdown to 47841
[11:33:47.183] [SEVERE ] updating countdown to 47818
[11:33:47.208] [SEVERE ] updating countdown to 47793
[11:33:47.230] [SEVERE ] updating countdown to 47771
[11:33:47.252] [SEVERE ] updating countdown to 47749
[11:33:47.274] [SEVERE ] updating countdown to 47727
[11:33:47.295] [SEVERE ] updating countdown to 47706
[11:33:47.315] [SEVERE ] updating countdown to 47686
[11:33:47.339] [SEVERE ] updating countdown to 47662
[11:33:47.361] [SEVERE ] updating countdown to 47640
[11:33:47.383] [SEVERE ] updating countdown to 47618
[11:33:47.409] [SEVERE ] updating countdown to 47592
[11:33:47.434] [SEVERE ] updating countdown to 47567
[11:33:47.444] [SEVERE ] setting player 1 freeze to 0
[11:33:47.445] [SEVERE ] player 1 placing token on slot 4
[11:33:47.445] [SEVERE ] removing player 1 token from slot 4
[11:33:47.445] [SEVERE ] setting player 1 freeze to 3000
[11:33:47.454] [SEVERE ] updating countdown to 47547
[11:33:47.476] [SEVERE ] updating countdown to 47525
[11:33:47.502] [SEVERE ] updating countdown to 47499
[11:33:47.522] [SEVERE ] updating countdown to 47479
[11:33:47.545] [SEVERE ] updating countdown to 47456
[11:33:47.567] [SEVERE ] updating countdown to 47434
[11:33:47.591] [SEVERE ] updating countdown to 47410
[11:33:47.614] [SEVERE ] updating countdown to 47387
[11:33:47.636] [SEVERE ] updating countdown to 47365
[11:33:47.658] [SEVERE ] updating countdown to 47343
[11:33:47.682] [SEVERE ] updating countdown to 47319
[11:33:47.708] [SEVERE ] updating countdown to 47293
[11:33:47.734] [SEVERE ] updating countdown to 47267
[11:33:47.755] [SEVERE ] updating countdown to 47246
[11:33:47.776] [SEVERE ] updating countdown to 47225
[11:33:47.802] [SEVERE ] updating countdown to 47199
[11:33:47.823] [SEVERE ] updating countdown to 47178
[11:33:47.846] [SEVERE ] updating countdown to 47155
[11:33:47.867] [SEVERE ] updating countdown to 47134
[11:33:47.891] [SEVERE ] updating countdown to 47110
[11:33:47.912] [SEVERE ] updating countdown to 47089
[11:33:47.937] [SEVERE ] updating countdown to 47064
[11:33:47.961] [SEVERE ] updating countdown to 47040
[11:33:47.986] [SEVERE ] updating countdown to 47015
[11:33:48.012] [SEVERE ] updating countdown to 46989
[11:33:48.036] [SEVERE ] updating countdown to 46965
[11:33:48.057] [SEVERE ] updating countdown to 46944
[11:33:48.082] [SEVERE ] updating countdown to 46919
[11:33:48.105] [SEVERE ] updating countdown to 46896
[11:33:48.128] [SEVERE ] updating countdown to 46873
[11:33:48.150] [SEVERE ] updating countdown to 46851
[11:33:48.176] [SEVERE ] updating countdown to 46825
[11:33:48.201] [SEVERE ] updating countdown to 46800
[11:33:48.227] [SEVERE ] updating countdown to 46774
[11:33:48.249] [SEVERE ] updating countdown to 46752
[11:33:48.272] [SEVERE ] updating countdown to 46729
[11:33:48.293] [SEVERE ] updating countdown to 46708
[11:33:48.315] [SEVERE ] updating countdown to 46686
[11:33:48.337] [SEVERE ] updating countdown to 46664
[11:33:48.357] [SEVERE ] updating countdown to 46644
[11:33:48.380] [SEVERE ] updating countdown to 46621
[11:33:48.406] [SEVERE ] updating countdown to 46595
[11:33:48.428] [SEVERE ] updating countdown to 46573
[11:33:48.448] [SEVERE ] updating countdown to 46553
[11:33:48.474] [SEVERE ] updating countdown to 46527
[11:33:48.497] [SEVERE ] updating countdown to 46504
[11:33:48.518] [SEVERE ] updating countdown to 46483
[11:33:48.541] [SEVERE ] updating countdown to 46460
[11:33:48.565] [SEVERE ] updating countdown to 46436
[11:33:48.588] [SEVERE ] updating countdown to 46413
[11:33:48.612] [SEVERE ] updating countdown to 46389
[11:33:48.635] [SEVERE ] updating countdown to 46366
[11:33:48.660] [SEVERE ] updating countdown to 46341
[11:33:48.684] [SEVERE ] updating countdown to 46317
[11:33:48.705] [SEVERE ] updating countdown to 46296
[11:33:48.727] [SEVERE ] updating countdown to 46274
[11:33:48.751] [SEVERE ] updating countdown to 46250
[11:33:48.777] [SEVERE ] updating countdown to 46224
[11:33:48.799] [SEVERE ] updating countdown to 46202
[11:33:48.820] [SEVERE ] updating countdown to 46181
[11:33:48.844] [SEVERE ] updating countdown to 46157
[11:33:48.865] [SEVERE ] updating countdown to 46136
[11:33:48.891] [SEVERE ] updating countdown to 46110
[11:33:48.913] [SEVERE ] updating countdown to 46088
[11:33:48.939] [SEVERE ] updating countdown to 46062
[11:33:48.961] [SEVERE ] updating countdown to 46040
[11:33:48.986] [SEVERE ] updating countdown to 46015
[11:33:49.008] [SEVERE ] updating countdown to 45993
[11:33:49.034] [SEVERE ] updating countdown to 45967
[11:33:49.039] [SEVERE ] key 65 was pressed by player 1
[11:33:49.058] [SEVERE ] updating countdown to 45943
[11:33:49.084] [SEVERE ] updating countdown to 45917
[11:33:49.110] [SEVERE ] updating countdown to 45891
[11:33:49.136] [SEVERE ] updating countdown to 45865
[11:33:49.162] [SEVERE ] updating countdown to 45839
[11:33:49.186] [SEVERE ] updating countdown to 45815
[11:33:49.209] [SEVERE ] updating countdown to 45792
[11:33:49.233] [SEVERE ] updating countdown to 45768
[11:33:49.255] [SEVERE ] updating countdown to 45746
[11:33:49.275] [SEVERE ] updating countdown to 45726
[11:33:49.299] [SEVERE ] updating countdown to 45702
[11:33:49.322] [SEVERE ] updating countdown to 45679
[11:33:49.343] [SEVERE ] updating countdown to 45658
[11:33:49.364] [SEVERE ] updating countdown to 45637
[11:33:49.386] [SEVERE ] updating countdown to 45615
[11:33:49.407] [SEVERE ] updating countdown to 45594
[11:33:49.427] [SEVERE ] updating countdown to 45574
[11:33:49.450] [SEVERE ] updating countdown to 45551
[11:33:49.472] [SEVERE ] updating countdown to 45529
[11:33:49.493] [SEVERE ] updating countdown to 45508
[11:33:49.515] [SEVERE ] updating countdown to 45486
[11:33:49.538] [SEVERE ] updating countdown to 45463
[11:33:49.564] [SEVERE ] updating countdown to 45437
[11:33:49.589] [SEVERE ] updating countdown to 45412
[11:33:49.610] [SEVERE ] updating countdown to 45391
[11:33:49.632] [SEVERE ] updating countdown to 45369
[11:33:49.653] [SEVERE ] updating countdown to 45348
[11:33:49.675] [SEVERE ] updating countdown to 45326
[11:33:49.696] [SEVERE ] updating countdown to 45305
[11:33:49.719] [SEVERE ] updating countdown to 45282
[11:33:49.741] [SEVERE ] updating countdown to 45260
[11:33:49.767] [SEVERE ] updating countdown to 45234
[11:33:49.788] [SEVERE ] updating countdown to 45213
[11:33:49.810] [SEVERE ] updating countdown to 45191
[11:33:49.831] [SEVERE ] updating countdown to 45170
[11:33:49.852] [SEVERE ] updating countdown to 45149
[11:33:49.874] [SEVERE ] updating countdown to 45127
[11:33:49.900] [SEVERE ] updating countdown to 45101
[11:33:49.926] [SEVERE ] updating countdown to 45075
[11:33:49.952] [SEVERE ] updating countdown to 45049
[11:33:49.974] [SEVERE ] updating countdown to 45027
[11:33:49.999] [SEVERE ] updating countdown to 45002
[11:33:50.024] [SEVERE ] updating countdown to 44977
[11:33:50.048] [SEVERE ] updating countdown to 44953
[11:33:50.071] [SEVERE ] updating countdown to 44930
[11:33:50.097] [SEVERE ] updating countdown to 44904
[11:33:50.123] [SEVERE ] updating countdown to 44878
[11:33:50.146] [SEVERE ] updating countdown to 44855
[11:33:50.167] [SEVERE ] updating countdown to 44834
[11:33:50.193] [SEVERE ] updating countdown to 44808
[11:33:50.216] [SEVERE ] updating countdown to 44785
[11:33:50.242] [SEVERE ] updating countdown to 44759
[11:33:50.266] [SEVERE ] updating countdown to 44735
[11:33:50.290] [SEVERE ] updating countdown to 44711
[11:33:50.312] [SEVERE ] updating countdown to 44689
[11:33:50.335] [SEVERE ] updating countdown to 44666
[11:33:50.360] [SEVERE ] updating countdown to 44641
[11:33:50.383] [SEVERE ] updating countdown to 44618
[11:33:50.408] [SEVERE ] updating countdown to 44593
[11:33:50.431] [SEVERE ] updating countdown to 44570
[11:33:50.451] [SEVERE ] updating countdown to 44550
[11:33:50.451] [SEVERE ] setting player 1 freeze to 0
[11:33:50.452] [SEVERE ] player 1 placing token on slot 4
[11:33:50.453] [SEVERE ] removing player 1 token from slot 4
[11:33:50.453] [SEVERE ] setting player 1 freeze to 3000
[11:33:50.474] [SEVERE ] updating countdown to 44527
[11:33:50.499] [SEVERE ] updating countdown to 44502
[11:33:50.523] [SEVERE ] updating countdown to 44478
[11:33:50.547] [SEVERE ] updating countdown to 44454
[11:33:50.569] [SEVERE ] updating countdown to 44432
[11:33:50.593] [SEVERE ] updating countdown to 44408
[11:33:50.618] [SEVERE ] updating countdown to 44383
[11:33:50.640] [SEVERE ] updating countdown to 44361
[11:33:50.661] [SEVERE ] updating countdown to 44340
[11:33:50.685] [SEVERE ] updating countdown to 44316
[11:33:50.710] [SEVERE ] updating countdown to 44291
[11:33:50.733] [SEVERE ] updating countdown to 44268
[11:33:50.759] [SEVERE ] updating countdown to 44242
[11:33:50.781] [SEVERE ] updating countdown to 44220
[11:33:50.802] [SEVERE ] updating countdown to 44199
[11:33:50.824] [SEVERE ] updating countdown to 44177
[11:33:50.846] [SEVERE ] updating countdown to 44155
[11:33:50.871] [SEVERE ] updating countdown to 44130
[11:33:50.896] [SEVERE ] updating countdown to 44105
[11:33:50.921] [SEVERE ] updating countdown to 44080
[11:33:50.945] [SEVERE ] updating countdown to 44056
[11:33:50.971] [SEVERE ] updating countdown to 44030
[11:33:50.994] [SEVERE ] updating countdown to 44007
[11:33:51.019] [SEVERE ] updating countdown to 43982
[11:33:51.041] [SEVERE ] updating countdown to 43960
[11:33:51.067] [SEVERE ] updating countdown to 43934
[11:33:51.089] [SEVERE ] updating countdown to 43912
[11:33:51.112] [SEVERE ] updating countdown to 43889
[11:33:51.134] [SEVERE ] updating countdown to 43867
[11:33:51.157] [SEVERE ] updating countdown to 43844
[11:33:51.178] [SEVERE ] updating countdown to 43823
[11:33:51.201] [SEVERE ] updating countdown to 43800
[11:33:51.228] [SEVERE ] updating countdown to 43773
[11:33:51.251] [SEVERE ] updating countdown to 43750
[11:33:51.276] [SEVERE ] updating countdown to 43725
[11:33:51.298] [SEVERE ] updating countdown to 43703
[11:33:51.323] [SEVERE ] updating countdown to 43678
[11:33:51.348] [SEVERE ] updating countdown to 43653
[11:33:51.369] [SEVERE ] updating countdown to 43632
[11:33:51.395] [SEVERE ] updating countdown to 43606
[11:33:51.418] [SEVERE ] updating countdown to 43583
[11:33:51.444] [SEVERE ] updating countdown to 43557
[11:33:51.470] [SEVERE ] updating countdown to 43531
[11:33:51.495] [SEVERE ] updating countdown to 43506
[11:33:51.517] [SEVERE ] updating countdown to 43484
[11:33:51.539] [SEVERE ] updating countdown to 43462
[11:33:51.564] [SEVERE ] updating countdown to 43437
[11:33:51.590] [SEVERE ] updating countdown to 43411
[11:33:51.612] [SEVERE ] updating countdown to 43389
[11:33:51.637] [SEVERE ] updating countdown to 43364
[11:33:51.663] [SEVERE ] updating countdown to 43338
[11:33:51.689] [SEVERE ] updating countdown to 43312
[11:33:51.715] [SEVERE ] updating countdown to 43286
[11:33:51.741] [SEVERE ] updating countdown to 43260
[11:33:51.767] [SEVERE ] updating countdown to 43234
[11:33:51.790] [SEVERE ] updating countdown to 43211
[11:33:51.814] [SEVERE ] updating countdown to 43187
[11:33:51.836] [SEVERE ] updating countdown to 43165
[11:33:51.857] [SEVERE ] updating countdown to 43144
[11:33:51.880] [SEVERE ] updating countdown to 43121
[11:33:51.905] [SEVERE ] updating countdown to 43096
[11:33:51.927] [SEVERE ] updating countdown to 43074
[11:33:51.948] [SEVERE ] updating countdown to 43053
[11:33:51.960] [SEVERE ] key 81 was pressed by player 1
[11:33:51.970] [SEVERE ] updating countdown to 43031
[11:33:51.991] [SEVERE ] updating countdown to 43010
[11:33:52.012] [SEVERE ] updating countdown to 42989
[11:33:52.038] [SEVERE ] updating countdown to 42963
[11:33:52.059] [SEVERE ] updating countdown to 42942
[11:33:52.083] [SEVERE ] updating countdown to 42918
[11:33:52.104] [SEVERE ] updating countdown to 42897
[11:33:52.129] [SEVERE ] updating countdown to 42872
[11:33:52.151] [SEVERE ] updating countdown to 42850
[11:33:52.175] [SEVERE ] updating countdown to 42826
[11:33:52.196] [SEVERE ] updating countdown to 42805
[11:33:52.218] [SEVERE ] updating countdown to 42783
[11:33:52.240] [SEVERE ] updating countdown to 42761
[11:33:52.262] [SEVERE ] updating countdown to 42740
[11:33:52.283] [SEVERE ] updating countdown to 42718
[11:33:52.304] [SEVERE ] updating countdown to 42697
[11:33:52.326] [SEVERE ] updating countdown to 42675
[11:33:52.349] [SEVERE ] updating countdown to 42652
[11:33:52.375] [SEVERE ] updating countdown to 42626
[11:33:52.398] [SEVERE ] updating countdown to 42603
[11:33:52.422] [SEVERE ] updating countdown to 42579
[11:33:52.448] [SEVERE ] updating countdown to 42553
[11:33:52.471] [SEVERE ] updating countdown to 42530
[11:33:52.494] [SEVERE ] updating countdown to 42507
[11:33:52.519] [SEVERE ] updating countdown to 42482
[11:33:52.545] [SEVERE ] updating countdown to 42456
[11:33:52.571] [SEVERE ] updating countdown to 42430
[11:33:52.593] [SEVERE ] updating countdown to 42408
[11:33:52.618] [SEVERE ] updating countdown to 42383
[11:33:52.644] [SEVERE ] updating countdown to 42357
[11:33:52.666] [SEVERE ] updating countdown to 42335
[11:33:52.691] [SEVERE ] updating countdown to 42310
[11:33:52.715] [SEVERE ] updating countdown to 42286
[11:33:52.741] [SEVERE ] updating countdown to 42260
[11:33:52.763] [SEVERE ] updating countdown to 42238
[11:33:52.784] [SEVERE ] updating countdown to 42217
[11:33:52.806] [SEVERE ] updating countdown to 42195
[11:33:52.831] [SEVERE ] updating countdown to 42170
[11:33:52.857] [SEVERE ] updating countdown to 42144
[11:33:52.883] [SEVERE ] updating countdown to 42118
[11:33:52.909] [SEVERE ] updating countdown to 42092
[11:33:52.935] [SEVERE ] updating countdown to 42066
[11:33:52.960] [SEVERE ] updating countdown to 42041
[11:33:52.982] [SEVERE ] updating countdown to 42019
[11:33:53.004] [SEVERE ] updating countdown to 41997
[11:33:53.030] [SEVERE ] updating countdown to 41971
[11:33:53.056] [SEVERE ] updating countdown to 41945
[11:33:53.077] [SEVERE ] updating countdown to 41924
[11:33:53.113] [SEVERE ] updating countdown to 41888
[11:33:53.135] [SEVERE ] updating countdown to 41866
[11:33:53.157] [SEVERE ] updating countdown to 41844
[11:33:53.183] [SEVERE ] updating countdown to 41818
[11:33:53.204] [SEVERE ] updating countdown to 41797
[11:33:53.227] [SEVERE ] updating countdown to 41774
[11:33:53.251] [SEVERE ] updating countdown to 41750
[11:33:53.272] [SEVERE ] updating countdown to 41729
[11:33:53.294] [SEVERE ] updating countdown to 41707
[11:33:53.316] [SEVERE ] updating countdown to 41685
[11:33:53.337] [SEVERE ] updating countdown to 41664
[11:33:53.361] [SEVERE ] updating countdown to 41640
[11:33:53.383] [SEVERE ] updating countdown to 41618
[11:33:53.407] [SEVERE ] updating countdown to 41594
[11:33:53.433] [SEVERE ] updating countdown to 41568
[11:33:53.457] [SEVERE ] updating countdown to 41544
[11:33:53.468] [SEVERE ] setting player 1 freeze to 0
[11:33:53.468] [SEVERE ] player 1 placing token on slot 0
[11:33:53.469] [SEVERE ] removing player 1 token from slot 0
[11:33:53.469] [SEVERE ] setting player 1 freeze to 3000
[11:33:53.478] [SEVERE ] updating countdown to 41523
[11:33:53.500] [SEVERE ] updating countdown to 41501
[11:33:53.521] [SEVERE ] updating countdown to 41480
[11:33:53.542] [SEVERE ] updating countdown to 41459
[11:33:53.563] [SEVERE ] updating countdown to 41438
[11:33:53.585] [SEVERE ] updating countdown to 41416
[11:33:53.607] [SEVERE ] updating countdown to 41394
[11:33:53.628] [SEVERE ] updating countdown to 41373
[11:33:53.650] [SEVERE ] updating countdown to 41351
[11:33:53.672] [SEVERE ] updating countdown to 41329
[11:33:53.693] [SEVERE ] updating countdown to 41308
[11:33:53.715] [SEVERE ] updating countdown to 41286
[11:33:53.736] [SEVERE ] updating countdown to 41265
[11:33:53.758] [SEVERE ] updating countdown to 41243
[11:33:53.780] [SEVERE ] updating countdown to 41221
[11:33:53.802] [SEVERE ] updating countdown to 41199
[11:33:53.824] [SEVERE ] updating countdown to 41177
[11:33:53.846] [SEVERE ] updating countdown to 41155
[11:33:53.868] [SEVERE ] updating countdown to 41133
[11:33:53.889] [SEVERE ] updating countdown to 41112
[11:33:53.910] [SEVERE ] updating countdown to 41091
[11:33:53.932] [SEVERE ] updating countdown to 41069
[11:33:53.955] [SEVERE ] updating countdown to 41046
[11:33:53.976] [SEVERE ] updating countdown to 41025
[11:33:53.999] [SEVERE ] updating countdown to 41002
[11:33:54.020] [SEVERE ] updating countdown to 40981
[11:33:54.043] [SEVERE ] updating countdown to 40958
[11:33:54.065] [SEVERE ] updating countdown to 40936
[11:33:54.087] [SEVERE ] updating countdown to 40914
[11:33:54.108] [SEVERE ] updating countdown to 40893
[11:33:54.129] [SEVERE ] updating countdown to 40872
[11:33:54.153] [SEVERE ] updating countdown to 40848
[11:33:54.176] [SEVERE ] updating countdown to 40825
[11:33:54.198] [SEVERE ] updating countdown to 40803
[11:33:54.220] [SEVERE ] updating countdown to 40781
[11:33:54.245] [SEVERE ] updating countdown to 40756
[11:33:54.269] [SEVERE ] updating countdown to 40732
[11:33:54.296] [SEVERE ] updating countdown to 40705
[11:33:54.318] [SEVERE ] updating countdown to 40683
[11:33:54.345] [SEVERE ] updating countdown to 40656
[11:33:54.366] [SEVERE ] updating countdown to 40635
[11:33:54.392] [SEVERE ] updating countdown to 40609
[11:33:54.418] [SEVERE ] updating countdown to 40583
[11:33:54.439] [SEVERE ] updating countdown to 40562
[11:33:54.461] [SEVERE ] updating countdown to 40540
[11:33:54.487] [SEVERE ] updating countdown to 40514
[11:33:54.509] [SEVERE ] updating countdown to 40492
[11:33:54.531] [SEVERE ] updating countdown to 40470
[11:33:54.557] [SEVERE ] updating countdown to 40444
[11:33:54.583] [SEVERE ] updating countdown to 40418
[11:33:54.604] [SEVERE ] updating countdown to 40397
[11:33:54.626] [SEVERE ] updating countdown to 40375
[11:33:54.647] [SEVERE ] updating countdown to 40354
[11:33:54.670] [SEVERE ] updating countdown to 40331
[11:33:54.696] [SEVERE ] updating countdown to 40305
[11:33:54.722] [SEVERE ] updating countdown to 40279
[11:33:54.732] [SEVERE ] key 90 was pressed by player 1
[11:33:54.745] [SEVERE ] updating countdown to 40256
[11:33:54.771] [SEVERE ] updating countdown to 40230
[11:33:54.792] [SEVERE ] updating countdown to 40209
[11:33:54.818] [SEVERE ] updating countdown to 40183
[11:33:54.840] [SEVERE ] updating countdown to 40161
[11:33:54.862] [SEVERE ] updating countdown to 40139
[11:33:54.888] [SEVERE ] updating countdown to 40113
[11:33:54.909] [SEVERE ] updating countdown to 40092
[11:33:54.931] [SEVERE ] updating countdown to 40070
[11:33:54.953] [SEVERE ] updating countdown to 40048
[11:33:54.975] [SEVERE ] updating countdown to 40026
[11:33:55.001] [SEVERE ] updating countdown to 40000
[11:33:55.027] [SEVERE ] updating countdown to 39974
[11:33:55.048] [SEVERE ] updating countdown to 39953
[11:33:55.069] [SEVERE ] updating countdown to 39932
[11:33:55.091] [SEVERE ] updating countdown to 39910
[11:33:55.114] [SEVERE ] updating countdown to 39887
[11:33:55.141] [SEVERE ] updating countdown to 39860
[11:33:55.164] [SEVERE ] updating countdown to 39837
[11:33:55.190] [SEVERE ] updating countdown to 39811
[11:33:55.212] [SEVERE ] updating countdown to 39789
[11:33:55.235] [SEVERE ] updating countdown to 39766
[11:33:55.257] [SEVERE ] updating countdown to 39744
[11:33:55.283] [SEVERE ] updating countdown to 39718
[11:33:55.305] [SEVERE ] updating countdown to 39696
[11:33:55.331] [SEVERE ] updating countdown to 39670
[11:33:55.355] [SEVERE ] updating countdown to 39646
[11:33:55.376] [SEVERE ] updating countdown to 39625
[11:33:55.402] [SEVERE ] updating countdown to 39599
[11:33:55.428] [SEVERE ] updating countdown to 39573
[11:33:55.450] [SEVERE ] updating countdown to 39551
[11:33:55.475] [SEVERE ] updating countdown to 39526
[11:33:55.496] [SEVERE ] updating countdown to 39505
[11:33:55.518] [SEVERE ] updating countdown to 39483
[11:33:55.542] [SEVERE ] updating countdown to 39459
[11:33:55.566] [SEVERE ] updating countdown to 39435
[11:33:55.592] [SEVERE ] updating countdown to 39409
[11:33:55.618] [SEVERE ] updating countdown to 39383
[11:33:55.644] [SEVERE ] updating countdown to 39357
[11:33:55.670] [SEVERE ] updating countdown to 39331
[11:33:55.695] [SEVERE ] updating countdown to 39306
[11:33:55.721] [SEVERE ] updating countdown to 39280
[11:33:55.746] [SEVERE ] updating countdown to 39255
[11:33:55.770] [SEVERE ] updating countdown to 39231
[11:33:55.796] [SEVERE ] updating countdown to 39205
[11:33:55.821] [SEVERE ] updating countdown to 39180
[11:33:55.843] [SEVERE ] updating countdown to 39158
[11:33:55.864] [SEVERE ] updating countdown to 39137
[11:33:55.887] [SEVERE ] updating countdown to 39114
[11:33:55.908] [SEVERE ] updating countdown to 39093
[11:33:55.930] [SEVERE ] updating countdown to 39071
[11:33:55.951] [SEVERE ] updating countdown to 39050
[11:33:55.977] [SEVERE ] updating countdown to 39024
[11:33:55.998] [SEVERE ] updating countdown to 39003
[11:33:56.024] [SEVERE ] updating countdown to 38977
[11:33:56.047] [SEVERE ] updating countdown to 38954
[11:33:56.070] [SEVERE ] updating countdown to 38931
[11:33:56.095] [SEVERE ] updating countdown to 38906
[11:33:56.117] [SEVERE ] updating countdown to 38884
[11:33:56.144] [SEVERE ] updating countdown to 38857
[11:33:56.166] [SEVERE ] updating countdown to 38835
[11:33:56.190] [SEVERE ] updating countdown to 38811
[11:33:56.212] [SEVERE ] updating countdown to 38789
[11:33:56.238] [SEVERE ] updating countdown to 38763
[11:33:56.259] [SEVERE ] updating countdown to 38742
[11:33:56.283] [SEVERE ] updating countdown to 38718
[11:33:56.304] [SEVERE ] updating countdown to 38697
[11:33:56.330] [SEVERE ] updating countdown to 38671
[11:33:56.352] [SEVERE ] updating countdown to 38649
[11:33:56.377] [SEVERE ] updating countdown to 38624
[11:33:56.401] [SEVERE ] updating countdown to 38600
[11:33:56.425] [SEVERE ] updating countdown to 38576
[11:33:56.451] [SEVERE ] updating countdown to 38550
[11:33:56.471] [SEVERE ] setting player 1 freeze to 0
[11:33:56.471] [SEVERE ] player 1 placing token on slot 8
[11:33:56.472] [SEVERE ] updating countdown to 38529
[11:33:56.472] [SEVERE ] removing player 1 token from slot 8
[11:33:56.473] [SEVERE ] setting player 1 freeze to 3000
[11:33:56.494] [SEVERE ] updating countdown to 38507
[11:33:56.520] [SEVERE ] updating countdown to 38481
[11:33:56.546] [SEVERE ] updating countdown to 38455
[11:33:56.572] [SEVERE ] updating countdown to 38429
[11:33:56.594] [SEVERE ] updating countdown to 38407
[11:33:56.618] [SEVERE ] updating countdown to 38383
[11:33:56.644] [SEVERE ] updating countdown to 38357
[11:33:56.664] [SEVERE ] updating countdown to 38337
[11:33:56.686] [SEVERE ] updating countdown to 38315
[11:33:56.709] [SEVERE ] updating countdown to 38292
[11:33:56.733] [SEVERE ] updating countdown to 38268
[11:33:56.757] [SEVERE ] updating countdown to 38244
[11:33:56.778] [SEVERE ] updating countdown to 38223
[11:33:56.802] [SEVERE ] updating countdown to 38199
[11:33:56.828] [SEVERE ] updating countdown to 38173
[11:33:56.853] [SEVERE ] updating countdown to 38148
[11:33:56.877] [SEVERE ] updating countdown to 38124
[11:33:56.898] [SEVERE ] updating countdown to 38103
[11:33:56.921] [SEVERE ] updating countdown to 38080
[11:33:56.947] [SEVERE ] updating countdown to 38054
[11:33:56.969] [SEVERE ] updating countdown to 38032
[11:33:56.996] [SEVERE ] updating countdown to 38005
[11:33:57.018] [SEVERE ] updating countdown to 37983
[11:33:57.044] [SEVERE ] updating countdown to 37957
[11:33:57.070] [SEVERE ] updating countdown to 37931
[11:33:57.093] [SEVERE ] updating countdown to 37908
[11:33:57.119] [SEVERE ] updating countdown to 37882
[11:33:57.145] [SEVERE ] updating countdown to 37856
[11:33:57.166] [SEVERE ] updating countdown to 37835
[11:33:57.193] [SEVERE ] updating countdown to 37808
[11:33:57.219] [SEVERE ] updating countdown to 37782
[11:33:57.244] [SEVERE ] updating countdown to 37757
[11:33:57.265] [SEVERE ] updating countdown to 37736
[11:33:57.286] [SEVERE ] updating countdown to 37715
[11:33:57.307] [SEVERE ] updating countdown to 37694
[11:33:57.328] [SEVERE ] updating countdown to 37673
[11:33:57.349] [SEVERE ] updating countdown to 37652
[11:33:57.370] [SEVERE ] updating countdown to 37631
[11:33:57.393] [SEVERE ] updating countdown to 37608
[11:33:57.419] [SEVERE ] updating countdown to 37582
[11:33:57.440] [SEVERE ] updating countdown to 37561
[11:33:57.463] [SEVERE ] updating countdown to 37538
[11:33:57.484] [SEVERE ] updating countdown to 37517
[11:33:57.509] [SEVERE ] updating countdown to 37492
[11:33:57.533] [SEVERE ] updating countdown to 37468
[11:33:57.554] [SEVERE ] updating countdown to 37447
[11:33:57.576] [SEVERE ] updating countdown to 37425
[11:33:57.602] [SEVERE ] updating countdown to 37399
[11:33:57.626] [SEVERE ] updating countdown to 37375
[11:33:57.652] [SEVERE ] updating countdown to 37349
[11:33:57.674] [SEVERE ] updating countdown to 37327
[11:33:57.696] [SEVERE ] updating countdown to 37305
[11:33:57.718] [SEVERE ] updating countdown to 37283
[11:33:57.740] [SEVERE ] updating countdown to 37261
[11:33:57.763] [SEVERE ] updating countdown to 37238
[11:33:57.789] [SEVERE ] updating countdown to 37212
[11:33:57.810] [SEVERE ] updating countdown to 37191
[11:33:57.836] [SEVERE ] updating countdown to 37165
[11:33:57.857] [SEVERE ] updating countdown to 37144
[11:33:57.879] [SEVERE ] updating countdown to 37122
[11:33:57.900] [SEVERE ] updating countdown to 37101
[11:33:57.924] [SEVERE ] updating countdown to 37077
[11:33:57.946] [SEVERE ] updating countdown to 37055
[11:33:57.969] [SEVERE ] updating countdown to 37032
[11:33:57.992] [SEVERE ] updating countdown to 37009
[11:33:58.018] [SEVERE ] updating countdown to 36983
[11:33:58.044] [SEVERE ] updating countdown to 36957
[11:33:58.068] [SEVERE ] updating countdown to 36933
[11:33:58.094] [SEVERE ] updating countdown to 36907
[11:33:58.115] [SEVERE ] updating countdown to 36886
[11:33:58.139] [SEVERE ] updating countdown to 36862
[11:33:58.166] [SEVERE ] updating countdown to 36835
[11:33:58.192] [SEVERE ] updating countdown to 36809
[11:33:58.215] [SEVERE ] updating countdown to 36786
[11:33:58.236] [SEVERE ] updating countdown to 36765
[11:33:58.257] [SEVERE ] updating countdown to 36744
[11:33:58.284] [SEVERE ] updating countdown to 36717
[11:33:58.310] [SEVERE ] updating countdown to 36691
[11:33:58.333] [SEVERE ] updating countdown to 36668
[11:33:58.357] [SEVERE ] updating countdown to 36644
[11:33:58.378] [SEVERE ] updating countdown to 36623
[11:33:58.404] [SEVERE ] updating countdown to 36597
[11:33:58.425] [SEVERE ] updating countdown to 36576
[11:33:58.451] [SEVERE ] updating countdown to 36550
[11:33:58.473] [SEVERE ] updating countdown to 36528
[11:33:58.494] [SEVERE ] updating countdown to 36507
[11:33:58.516] [SEVERE ] updating countdown to 36485
[11:33:58.543] [SEVERE ] updating countdown to 36458
[11:33:58.569] [SEVERE ] updating countdown to 36432
[11:33:58.591] [SEVERE ] updating countdown to 36410
[11:33:58.617] [SEVERE ] updating countdown to 36384
[11:33:58.640] [SEVERE ] updating countdown to 36361
[11:33:58.662] [SEVERE ] updating countdown to 36339
[11:33:58.683] [SEVERE ] updating countdown to 36318
[11:33:58.709] [SEVERE ] updating countdown to 36292
[11:33:58.730] [SEVERE ] updating countdown to 36271
[11:33:58.751] [SEVERE ] updating countdown to 36250
[11:33:58.774] [SEVERE ] updating countdown to 36227
[11:33:58.797] [SEVERE ] updating countdown to 36204
[11:33:58.818] [SEVERE ] updating countdown to 36183
[11:33:58.840] [SEVERE ] updating countdown to 36161
[11:33:58.863] [SEVERE ] updating countdown to 36138
[11:33:58.884] [SEVERE ] updating countdown to 36117
[11:33:58.908] [SEVERE ] updating countdown to 36093
[11:33:58.935] [SEVERE ] updating countdown to 36066
[11:33:58.956] [SEVERE ] updating countdown to 36045
[11:33:58.982] [SEVERE ] updating countdown to 36019
[11:33:59.006] [SEVERE ] updating countdown to 35995
[11:33:59.027] [SEVERE ] updating countdown to 35974
[11:33:59.048] [SEVERE ] updating countdown to 35953
[11:33:59.071] [SEVERE ] updating countdown to 35930
[11:33:59.094] [SEVERE ] updating countdown to 35907
[11:33:59.116] [SEVERE ] updating countdown to 35885
[11:33:59.142] [SEVERE ] updating countdown to 35859
[11:33:59.163] [SEVERE ] updating countdown to 35838
[11:33:59.184] [SEVERE ] updating countdown to 35817
[11:33:59.206] [SEVERE ] updating countdown to 35795
[11:33:59.228] [SEVERE ] updating countdown to 35773
[11:33:59.251] [SEVERE ] updating countdown to 35750
[11:33:59.273] [SEVERE ] updating countdown to 35728
[11:33:59.295] [SEVERE ] updating countdown to 35706
[11:33:59.319] [SEVERE ] updating countdown to 35682
[11:33:59.341] [SEVERE ] updating countdown to 35660
[11:33:59.364] [SEVERE ] updating countdown to 35637
[11:33:59.386] [SEVERE ] updating countdown to 35615
[11:33:59.408] [SEVERE ] updating countdown to 35593
[11:33:59.429] [SEVERE ] updating countdown to 35572
[11:33:59.452] [SEVERE ] updating countdown to 35549
[11:33:59.473] [SEVERE ] updating countdown to 35528
[11:33:59.478] [SEVERE ] setting player 1 freeze to 0
[11:33:59.494] [SEVERE ] updating countdown to 35507
[11:33:59.518] [SEVERE ] updating countdown to 35483
[11:33:59.540] [SEVERE ] updating countdown to 35461
[11:33:59.561] [SEVERE ] updating countdown to 35440
[11:33:59.583] [SEVERE ] updating countdown to 35418
[11:33:59.604] [SEVERE ] updating countdown to 35397
[11:33:59.625] [SEVERE ] updating countdown to 35376
[11:33:59.646] [SEVERE ] updating countdown to 35355
[11:33:59.667] [SEVERE ] updating countdown to 35334
[11:33:59.689] [SEVERE ] updating countdown to 35312
[11:33:59.710] [SEVERE ] updating countdown to 35291
[11:33:59.731] [SEVERE ] updating countdown to 35270
[11:33:59.752] [SEVERE ] updating countdown to 35249
[11:33:59.774] [SEVERE ] updating countdown to 35227
[11:33:59.795] [SEVERE ] updating countdown to 35206
[11:33:59.817] [SEVERE ] updating countdown to 35184
[11:33:59.838] [SEVERE ] updating countdown to 35163
[11:33:59.859] [SEVERE ] updating countdown to 35142
[11:33:59.880] [SEVERE ] updating countdown to 35121
[11:33:59.904] [SEVERE ] updating countdown to 35097
[11:33:59.930] [SEVERE ] updating countdown to 35071
[11:33:59.952] [SEVERE ] updating countdown to 35049
[11:33:59.976] [SEVERE ] updating countdown to 35025
[11:33:59.997] [SEVERE ] updating countdown to 35004
[11:34:00.018] [SEVERE ] updating countdown to 34983
[11:34:00.039] [SEVERE ] updating countdown to 34962
[11:34:00.060] [SEVERE ] updating countdown to 34941
[11:34:00.081] [SEVERE ] updating countdown to 34920
[11:34:00.102] [SEVERE ] updating countdown to 34899
[11:34:00.123] [SEVERE ] updating countdown to 34878
[11:34:00.144] [SEVERE ] updating countdown to 34857
[11:34:00.165] [SEVERE ] updating countdown to 34836
[11:34:00.186] [SEVERE ] updating countdown to 34815
[11:34:00.207] [SEVERE ] updating countdown to 34794
[11:34:00.228] [SEVERE ] updating countdown to 34773
[11:34:00.249] [SEVERE ] updating countdown to 34752
[11:34:00.270] [SEVERE ] updating countdown to 34731
[11:34:00.291] [SEVERE ] updating countdown to 34710
[11:34:00.312] [SEVERE ] updating countdown to 34689
[11:34:00.333] [SEVERE ] updating countdown to 34668
[11:34:00.355] [SEVERE ] updating countdown to 34646
[11:34:00.376] [SEVERE ] updating countdown to 34625
[11:34:00.397] [SEVERE ] updating countdown to 34604
[11:34:00.418] [SEVERE ] updating countdown to 34583
[11:34:00.439] [SEVERE ] updating countdown to 34562
[11:34:00.460] [SEVERE ] updating countdown to 34541
[11:34:00.481] [SEVERE ] updating countdown to 34520
[11:34:00.502] [SEVERE ] updating countdown to 34499
[11:34:00.523] [SEVERE ] updating countdown to 34478
[11:34:00.544] [SEVERE ] updating countdown to 34457
[11:34:00.565] [SEVERE ] updating countdown to 34436
[11:34:00.586] [SEVERE ] updating countdown to 34415
[11:34:00.607] [SEVERE ] updating countdown to 34394
[11:34:00.628] [SEVERE ] updating countdown to 34373
[11:34:00.649] [SEVERE ] updating countdown to 34352
[11:34:00.672] [SEVERE ] updating countdown to 34329
[11:34:00.693] [SEVERE ] updating countdown to 34308
[11:34:00.714] [SEVERE ] updating countdown to 34287
[11:34:00.735] [SEVERE ] updating countdown to 34266
[11:34:00.756] [SEVERE ] updating countdown to 34245
[11:34:00.777] [SEVERE ] updating countdown to 34224
[11:34:00.798] [SEVERE ] updating countdown to 34203
[11:34:00.820] [SEVERE ] updating countdown to 34181
[11:34:00.841] [SEVERE ] updating countdown to 34160
[11:34:00.862] [SEVERE ] updating countdown to 34139
[11:34:00.883] [SEVERE ] updating countdown to 34118
[11:34:00.904] [SEVERE ] updating countdown to 34097
[11:34:00.925] [SEVERE ] updating countdown to 34076
[11:34:00.947] [SEVERE ] updating countdown to 34054
[11:34:00.968] [SEVERE ] updating countdown to 34033
[11:34:00.989] [SEVERE ] updating countdown to 34012
[11:34:01.010] [SEVERE ] updating countdown to 33991
[11:34:01.031] [SEVERE ] updating countdown to 33970
[11:34:01.052] [SEVERE ] updating countdown to 33949
[11:34:01.074] [SEVERE ] updating countdown to 33927
[11:34:01.095] [SEVERE ] updating countdown to 33906
[11:34:01.116] [SEVERE ] updating countdown to 33885
[11:34:01.137] [SEVERE ] updating countdown to 33864
[11:34:01.158] [SEVERE ] updating countdown to 33843
[11:34:01.184] [SEVERE ] updating countdown to 33817
[11:34:01.207] [SEVERE ] updating countdown to 33794
[11:34:01.228] [SEVERE ] updating countdown to 33773
[11:34:01.250] [SEVERE ] updating countdown to 33751
[11:34:01.273] [SEVERE ] updating countdown to 33728
[11:34:01.295] [SEVERE ] updating countdown to 33706
[11:34:01.321] [SEVERE ] updating countdown to 33680
[11:34:01.346] [SEVERE ] updating countdown to 33655
[11:34:01.372] [SEVERE ] updating countdown to 33629
[11:34:01.394] [SEVERE ] updating countdown to 33607
[11:34:01.415] [SEVERE ] updating countdown to 33586
[11:34:01.437] [SEVERE ] updating countdown to 33564
[11:34:01.459] [SEVERE ] updating countdown to 33542
[11:34:01.480] [SEVERE ] updating countdown to 33521
[11:34:01.502] [SEVERE ] updating countdown to 33499
[11:34:01.529] [SEVERE ] updating countdown to 33472
[11:34:01.555] [SEVERE ] updating countdown to 33446
[11:34:01.580] [SEVERE ] updating countdown to 33421
[11:34:01.606] [SEVERE ] updating countdown to 33395
[11:34:01.628] [SEVERE ] updating countdown to 33373
[11:34:01.650] [SEVERE ] updating countdown to 33351
[11:34:01.676] [SEVERE ] updating countdown to 33325
[11:34:01.701] [SEVERE ] updating countdown to 33300
[11:34:01.728] [SEVERE ] updating countdown to 33273
[11:34:01.750] [SEVERE ] updating countdown to 33251
[11:34:01.773] [SEVERE ] updating countdown to 33228
[11:34:01.794] [SEVERE ] updating countdown to 33207
[11:34:01.814] [SEVERE ] updating countdown to 33187
[11:34:01.837] [SEVERE ] updating countdown to 33164
[11:34:01.863] [SEVERE ] updating countdown to 33138
[11:34:01.884] [SEVERE ] updating countdown to 33117
[11:34:01.905] [SEVERE ] updating countdown to 33096
[11:34:01.929] [SEVERE ] updating countdown to 33072
[11:34:01.951] [SEVERE ] updating countdown to 33050
[11:34:01.973] [SEVERE ] updating countdown to 33028
[11:34:01.994] [SEVERE ] updating countdown to 33007
[11:34:02.015] [SEVERE ] updating countdown to 32986
[11:34:02.040] [SEVERE ] updating countdown to 32961
[11:34:02.061] [SEVERE ] updating countdown to 32940
[11:34:02.087] [SEVERE ] updating countdown to 32914
[11:34:02.108] [SEVERE ] updating countdown to 32893
[11:34:02.135] [SEVERE ] updating countdown to 32866
[11:34:02.158] [SEVERE ] updating countdown to 32843
[11:34:02.184] [SEVERE ] updating countdown to 32817
[11:34:02.205] [SEVERE ] updating countdown to 32796
[11:34:02.229] [SEVERE ] updating countdown to 32772
[11:34:02.250] [SEVERE ] updating countdown to 32751
[11:34:02.271] [SEVERE ] updating countdown to 32730
[11:34:02.292] [SEVERE ] updating countdown to 32709
[11:34:02.313] [SEVERE ] updating countdown to 32688
[11:34:02.334] [SEVERE ] updating countdown to 32667
[11:34:02.355] [SEVERE ] updating countdown to 32646
[11:34:02.376] [SEVERE ] updating countdown to 32625
[11:34:02.399] [SEVERE ] updating countdown to 32602
[11:34:02.421] [SEVERE ] updating countdown to 32580
[11:34:02.444] [SEVERE ] updating countdown to 32557
[11:34:02.464] [SEVERE ] updating countdown to 32537
[11:34:02.486] [SEVERE ] updating countdown to 32515
[11:34:02.507] [SEVERE ] updating countdown to 32494
[11:34:02.532] [SEVERE ] updating countdown to 32469
[11:34:02.553] [SEVERE ] updating countdown to 32448
[11:34:02.578] [SEVERE ] updating countdown to 32423
[11:34:02.604] [SEVERE ] updating countdown to 32397
[11:34:02.626] [SEVERE ] updating countdown to 32375
[11:34:02.653] [SEVERE ] updating countdown to 32348
[11:34:02.681] [SEVERE ] updating countdown to 32320
[11:34:02.707] [SEVERE ] updating countdown to 32294
[11:34:02.731] [SEVERE ] updating countdown to 32270
[11:34:02.753] [SEVERE ] updating countdown to 32248
[11:34:02.774] [SEVERE ] updating countdown to 32227
[11:34:02.801] [SEVERE ] updating countdown to 32200
[11:34:02.826] [SEVERE ] updating countdown to 32175
[11:34:02.847] [SEVERE ] updating countdown to 32154
[11:34:02.870] [SEVERE ] updating countdown to 32131
[11:34:02.892] [SEVERE ] updating countdown to 32109
[11:34:02.913] [SEVERE ] updating countdown to 32088
[11:34:02.934] [SEVERE ] updating countdown to 32067
[11:34:02.956] [SEVERE ] updating countdown to 32045
[11:34:02.981] [SEVERE ] updating countdown to 32020
[11:34:03.007] [SEVERE ] updating countdown to 31994
[11:34:03.031] [SEVERE ] updating countdown to 31970
[11:34:03.057] [SEVERE ] updating countdown to 31944
[11:34:03.078] [SEVERE ] updating countdown to 31923
[11:34:03.100] [SEVERE ] updating countdown to 31901
[11:34:03.123] [SEVERE ] updating countdown to 31878
[11:34:03.149] [SEVERE ] updating countdown to 31852
[11:34:03.171] [SEVERE ] updating countdown to 31830
[11:34:03.197] [SEVERE ] updating countdown to 31804
[11:34:03.219] [SEVERE ] updating countdown to 31782
[11:34:03.240] [SEVERE ] updating countdown to 31761
[11:34:03.263] [SEVERE ] updating countdown to 31738
[11:34:03.287] [SEVERE ] updating countdown to 31714
[11:34:03.314] [SEVERE ] updating countdown to 31687
[11:34:03.339] [SEVERE ] updating countdown to 31662
[11:34:03.360] [SEVERE ] updating countdown to 31641
[11:34:03.386] [SEVERE ] updating countdown to 31615
[11:34:03.407] [SEVERE ] updating countdown to 31594
[11:34:03.429] [SEVERE ] updating countdown to 31572
[11:34:03.451] [SEVERE ] updating countdown to 31550
[11:34:03.477] [SEVERE ] updating countdown to 31524
[11:34:03.498] [SEVERE ] updating countdown to 31503
[11:34:03.521] [SEVERE ] updating countdown to 31480
[11:34:03.542] [SEVERE ] updating countdown to 31459
[11:34:03.566] [SEVERE ] updating countdown to 31435
[11:34:03.592] [SEVERE ] updating countdown to 31409
[11:34:03.616] [SEVERE ] updating countdown to 31385
[11:34:03.642] [SEVERE ] updating countdown to 31359
[11:34:03.668] [SEVERE ] updating countdown to 31333
[11:34:03.694] [SEVERE ] updating countdown to 31307
[11:34:03.715] [SEVERE ] updating countdown to 31286
[11:34:03.736] [SEVERE ] updating countdown to 31265
[11:34:03.762] [SEVERE ] updating countdown to 31239
[11:34:03.783] [SEVERE ] updating countdown to 31218
[11:34:03.808] [SEVERE ] updating countdown to 31193
[11:34:03.832] [SEVERE ] updating countdown to 31169
[11:34:03.858] [SEVERE ] updating countdown to 31143
[11:34:03.879] [SEVERE ] updating countdown to 31122
[11:34:03.901] [SEVERE ] updating countdown to 31100
[11:34:03.926] [SEVERE ] updating countdown to 31075
[11:34:03.948] [SEVERE ] updating countdown to 31053
[11:34:03.970] [SEVERE ] updating countdown to 31031
[11:34:03.997] [SEVERE ] updating countdown to 31004
[11:34:04.018] [SEVERE ] updating countdown to 30983
[11:34:04.039] [SEVERE ] updating countdown to 30962
[11:34:04.060] [SEVERE ] updating countdown to 30941
[11:34:04.083] [SEVERE ] updating countdown to 30918
[11:34:04.106] [SEVERE ] updating countdown to 30895
[11:34:04.132] [SEVERE ] updating countdown to 30869
[11:34:04.158] [SEVERE ] updating countdown to 30843
[11:34:04.184] [SEVERE ] updating countdown to 30817
[11:34:04.210] [SEVERE ] updating countdown to 30791
[11:34:04.235] [SEVERE ] updating countdown to 30766
[11:34:04.261] [SEVERE ] updating countdown to 30740
[11:34:04.283] [SEVERE ] updating countdown to 30718
[11:34:04.309] [SEVERE ] updating countdown to 30692
[11:34:04.332] [SEVERE ] updating countdown to 30669
[11:34:04.359] [SEVERE ] updating countdown to 30642
[11:34:04.380] [SEVERE ] updating countdown to 30621
[11:34:04.406] [SEVERE ] updating countdown to 30595
[11:34:04.427] [SEVERE ] updating countdown to 30574
[11:34:04.453] [SEVERE ] updating countdown to 30548
[11:34:04.478] [SEVERE ] updating countdown to 30523
[11:34:04.502] [SEVERE ] updating countdown to 30499
[11:34:04.524] [SEVERE ] updating countdown to 30477
[11:34:04.551] [SEVERE ] updating countdown to 30450
[11:34:04.573] [SEVERE ] updating countdown to 30428
[11:34:04.600] [SEVERE ] updating countdown to 30401
[11:34:04.621] [SEVERE ] updating countdown to 30380
[11:34:04.647] [SEVERE ] updating countdown to 30354
[11:34:04.673] [SEVERE ] updating countdown to 30328
[11:34:04.699] [SEVERE ] updating countdown to 30302
[11:34:04.720] [SEVERE ] updating countdown to 30281
[11:34:04.747] [SEVERE ] updating countdown to 30254
[11:34:04.773] [SEVERE ] updating countdown to 30228
[11:34:04.799] [SEVERE ] updating countdown to 30202
[11:34:04.820] [SEVERE ] updating countdown to 30181
[11:34:04.845] [SEVERE ] updating countdown to 30156
[11:34:04.870] [SEVERE ] updating countdown to 30131
[11:34:04.892] [SEVERE ] updating countdown to 30109
[11:34:04.913] [SEVERE ] updating countdown to 30088
[11:34:04.938] [SEVERE ] updating countdown to 30063
[11:34:04.964] [SEVERE ] updating countdown to 30037
[11:34:04.990] [SEVERE ] updating countdown to 30011
[11:34:05.015] [SEVERE ] updating countdown to 29986
[11:34:05.042] [SEVERE ] updating countdown to 29959
[11:34:05.067] [SEVERE ] updating countdown to 29934
[11:34:05.093] [SEVERE ] updating countdown to 29908
[11:34:05.115] [SEVERE ] updating countdown to 29886
[11:34:05.142] [SEVERE ] updating countdown to 29859
[11:34:05.163] [SEVERE ] updating countdown to 29838
[11:34:05.186] [SEVERE ] updating countdown to 29815
[11:34:05.208] [SEVERE ] updating countdown to 29793
[11:34:05.231] [SEVERE ] updating countdown to 29770
[11:34:05.253] [SEVERE ] updating countdown to 29748
[11:34:05.279] [SEVERE ] updating countdown to 29722
[11:34:05.305] [SEVERE ] updating countdown to 29696
[11:34:05.326] [SEVERE ] updating countdown to 29675
[11:34:05.352] [SEVERE ] updating countdown to 29649
[11:34:05.376] [SEVERE ] updating countdown to 29625
[11:34:05.402] [SEVERE ] updating countdown to 29599
[11:34:05.428] [SEVERE ] updating countdown to 29573
[11:34:05.454] [SEVERE ] updating countdown to 29547
[11:34:05.479] [SEVERE ] updating countdown to 29522
[11:34:05.501] [SEVERE ] updating countdown to 29500
[11:34:05.528] [SEVERE ] updating countdown to 29473
[11:34:05.551] [SEVERE ] updating countdown to 29450
[11:34:05.577] [SEVERE ] updating countdown to 29424
[11:34:05.598] [SEVERE ] updating countdown to 29403
[11:34:05.620] [SEVERE ] updating countdown to 29381
[11:34:05.647] [SEVERE ] updating countdown to 29354
[11:34:05.673] [SEVERE ] updating countdown to 29328
[11:34:05.699] [SEVERE ] updating countdown to 29302
[11:34:05.725] [SEVERE ] updating countdown to 29276
[11:34:05.748] [SEVERE ] updating countdown to 29253
[11:34:05.773] [SEVERE ] updating countdown to 29228
[11:34:05.796] [SEVERE ] updating countdown to 29205
[11:34:05.819] [SEVERE ] updating countdown to 29182
[11:34:05.844] [SEVERE ] updating countdown to 29157
[11:34:05.868] [SEVERE ] updating countdown to 29133
[11:34:05.889] [SEVERE ] updating countdown to 29112
[11:34:05.910] [SEVERE ] updating countdown to 29091
[11:34:05.932] [SEVERE ] updating countdown to 29069
[11:34:05.954] [SEVERE ] updating countdown to 29047
