[13:02:38.340] [INFO   ] thread main starting.
[13:02:38.345] [SEVERE ] cannot read configuration file config.properties trying from resources.
[13:02:38.347] [SEVERE ] configuration file was loaded from resources directory.
[13:02:38.647] [INFO   ] thread dealer starting.
[13:02:38.648] [INFO   ] thread playerID: 0 starting.
[13:02:38.648] [INFO   ] thread dealer starting.
[13:02:38.648] [INFO   ] thread playerID: 1 starting.
[13:02:38.651] [SEVERE ] updating countdown to 60000
[13:02:38.757] [SEVERE ] placing card 34 in slot 10
[13:02:38.858] [SEVERE ] placing card 0 in slot 2
[13:02:38.959] [SEVERE ] placing card 53 in slot 4
[13:02:39.061] [SEVERE ] placing card 59 in slot 7
[13:02:39.164] [SEVERE ] placing card 17 in slot 11
[13:02:39.266] [SEVERE ] placing card 44 in slot 8
[13:02:39.370] [SEVERE ] placing card 78 in slot 9
[13:02:39.474] [SEVERE ] placing card 74 in slot 3
[13:02:39.576] [SEVERE ] placing card 41 in slot 6
[13:02:39.679] [SEVERE ] placing card 68 in slot 0
[13:02:39.785] [SEVERE ] placing card 5 in slot 5
[13:02:39.887] [SEVERE ] placing card 75 in slot 1
[13:02:39.909] [SEVERE ] updating countdown to 58742
[13:02:39.935] [SEVERE ] updating countdown to 58716
[13:02:39.957] [SEVERE ] updating countdown to 58694
[13:02:39.979] [SEVERE ] updating countdown to 58672
[13:02:40.004] [SEVERE ] updating countdown to 58647
[13:02:40.027] [SEVERE ] updating countdown to 58624
[13:02:40.048] [SEVERE ] updating countdown to 58603
[13:02:40.070] [SEVERE ] updating countdown to 58581
[13:02:40.092] [SEVERE ] updating countdown to 58559
[13:02:40.113] [SEVERE ] updating countdown to 58538
[13:02:40.138] [SEVERE ] updating countdown to 58514
[13:02:40.163] [SEVERE ] updating countdown to 58488
[13:02:40.186] [SEVERE ] updating countdown to 58465
[13:02:40.208] [SEVERE ] updating countdown to 58443
[13:02:40.234] [SEVERE ] updating countdown to 58417
[13:02:40.255] [SEVERE ] updating countdown to 58396
[13:02:40.280] [SEVERE ] updating countdown to 58371
[13:02:40.301] [SEVERE ] updating countdown to 58350
[13:02:40.324] [SEVERE ] updating countdown to 58327
[13:02:40.345] [SEVERE ] updating countdown to 58306
[13:02:40.366] [SEVERE ] updating countdown to 58285
[13:02:40.387] [SEVERE ] updating countdown to 58264
[13:02:40.408] [SEVERE ] updating countdown to 58243
[13:02:40.429] [SEVERE ] updating countdown to 58222
[13:02:40.450] [SEVERE ] updating countdown to 58201
[13:02:40.471] [SEVERE ] updating countdown to 58180
[13:02:40.497] [SEVERE ] updating countdown to 58154
[13:02:40.518] [SEVERE ] updating countdown to 58133
[13:02:40.540] [SEVERE ] updating countdown to 58111
[13:02:40.561] [SEVERE ] updating countdown to 58090
[13:02:40.583] [SEVERE ] updating countdown to 58068
[13:02:40.605] [SEVERE ] updating countdown to 58046
[13:02:40.626] [SEVERE ] updating countdown to 58025
[13:02:40.649] [SEVERE ] updating countdown to 58002
[13:02:40.671] [SEVERE ] updating countdown to 57980
[13:02:40.692] [SEVERE ] updating countdown to 57959
[13:02:40.718] [SEVERE ] updating countdown to 57933
[13:02:40.744] [SEVERE ] updating countdown to 57907
[13:02:40.769] [SEVERE ] updating countdown to 57882
[13:02:40.795] [SEVERE ] updating countdown to 57856
[13:02:40.820] [SEVERE ] updating countdown to 57831
[13:02:40.842] [SEVERE ] updating countdown to 57809
[13:02:40.863] [SEVERE ] updating countdown to 57788
[13:02:40.884] [SEVERE ] updating countdown to 57767
[13:02:40.905] [SEVERE ] updating countdown to 57746
[13:02:40.927] [SEVERE ] updating countdown to 57724
[13:02:40.948] [SEVERE ] updating countdown to 57703
[13:02:40.969] [SEVERE ] updating countdown to 57682
[13:02:40.990] [SEVERE ] updating countdown to 57661
[13:02:41.012] [SEVERE ] updating countdown to 57639
[13:02:41.033] [SEVERE ] updating countdown to 57618
[13:02:41.054] [SEVERE ] updating countdown to 57597
[13:02:41.075] [SEVERE ] updating countdown to 57576
[13:02:41.102] [SEVERE ] updating countdown to 57549
[13:02:41.125] [SEVERE ] updating countdown to 57526
[13:02:41.150] [SEVERE ] updating countdown to 57501
[13:02:41.176] [SEVERE ] updating countdown to 57475
[13:02:41.202] [SEVERE ] updating countdown to 57449
[13:02:41.226] [SEVERE ] updating countdown to 57425
[13:02:41.249] [SEVERE ] updating countdown to 57402
[13:02:41.272] [SEVERE ] updating countdown to 57379
[13:02:41.299] [SEVERE ] updating countdown to 57352
[13:02:41.321] [SEVERE ] updating countdown to 57330
[13:02:41.347] [SEVERE ] updating countdown to 57304
[13:02:41.371] [SEVERE ] updating countdown to 57280
[13:02:41.397] [SEVERE ] updating countdown to 57254
[13:02:41.423] [SEVERE ] updating countdown to 57228
[13:02:41.449] [SEVERE ] updating countdown to 57202
[13:02:41.474] [SEVERE ] updating countdown to 57177
[13:02:41.496] [SEVERE ] updating countdown to 57155
[13:02:41.522] [SEVERE ] updating countdown to 57129
[13:02:41.544] [SEVERE ] updating countdown to 57107
[13:02:41.569] [SEVERE ] updating countdown to 57082
[13:02:41.594] [SEVERE ] updating countdown to 57057
[13:02:41.619] [SEVERE ] updating countdown to 57032
[13:02:41.645] [SEVERE ] updating countdown to 57006
[13:02:41.667] [SEVERE ] updating countdown to 56984
[13:02:41.692] [SEVERE ] updating countdown to 56959
[13:02:41.718] [SEVERE ] updating countdown to 56933
[13:02:41.740] [SEVERE ] updating countdown to 56911
[13:02:41.766] [SEVERE ] updating countdown to 56885
[13:02:41.789] [SEVERE ] updating countdown to 56862
[13:02:41.810] [SEVERE ] updating countdown to 56841
[13:02:41.831] [SEVERE ] updating countdown to 56820
[13:02:41.856] [SEVERE ] updating countdown to 56795
[13:02:41.878] [SEVERE ] updating countdown to 56773
[13:02:41.903] [SEVERE ] updating countdown to 56748
[13:02:41.925] [SEVERE ] updating countdown to 56726
[13:02:41.950] [SEVERE ] updating countdown to 56701
[13:02:41.974] [SEVERE ] updating countdown to 56677
[13:02:41.995] [SEVERE ] updating countdown to 56656
[13:02:42.017] [SEVERE ] updating countdown to 56634
[13:02:42.038] [SEVERE ] updating countdown to 56613
[13:02:42.064] [SEVERE ] updating countdown to 56587
[13:02:42.086] [SEVERE ] updating countdown to 56565
[13:02:42.111] [SEVERE ] updating countdown to 56540
[13:02:42.136] [SEVERE ] updating countdown to 56515
[13:02:42.161] [SEVERE ] updating countdown to 56490
[13:02:42.186] [SEVERE ] updating countdown to 56465
[13:02:42.211] [SEVERE ] updating countdown to 56440
[13:02:42.237] [SEVERE ] updating countdown to 56414
[13:02:42.258] [SEVERE ] updating countdown to 56393
[13:02:42.279] [SEVERE ] updating countdown to 56372
[13:02:42.301] [SEVERE ] updating countdown to 56350
[13:02:42.322] [SEVERE ] updating countdown to 56329
[13:02:42.343] [SEVERE ] updating countdown to 56308
[13:02:42.364] [SEVERE ] updating countdown to 56287
[13:02:42.385] [SEVERE ] updating countdown to 56266
[13:02:42.407] [SEVERE ] updating countdown to 56244
[13:02:42.433] [SEVERE ] updating countdown to 56218
[13:02:42.454] [SEVERE ] updating countdown to 56197
[13:02:42.480] [SEVERE ] updating countdown to 56171
[13:02:42.504] [SEVERE ] updating countdown to 56147
[13:02:42.530] [SEVERE ] updating countdown to 56121
[13:02:42.556] [SEVERE ] updating countdown to 56095
[13:02:42.582] [SEVERE ] updating countdown to 56069
[13:02:42.608] [SEVERE ] updating countdown to 56043
[13:02:42.634] [SEVERE ] updating countdown to 56017
[13:02:42.657] [SEVERE ] updating countdown to 55994
[13:02:42.681] [SEVERE ] updating countdown to 55970
[13:02:42.703] [SEVERE ] updating countdown to 55948
[13:02:42.728] [SEVERE ] updating countdown to 55923
[13:02:42.754] [SEVERE ] updating countdown to 55897
[13:02:42.778] [SEVERE ] updating countdown to 55873
[13:02:42.800] [SEVERE ] updating countdown to 55852
[13:02:42.822] [SEVERE ] updating countdown to 55829
[13:02:42.846] [SEVERE ] updating countdown to 55805
[13:02:42.868] [SEVERE ] updating countdown to 55783
[13:02:42.892] [SEVERE ] updating countdown to 55759
[13:02:42.918] [SEVERE ] updating countdown to 55733
[13:02:42.941] [SEVERE ] updating countdown to 55710
[13:02:42.965] [SEVERE ] updating countdown to 55686
[13:02:42.990] [SEVERE ] updating countdown to 55661
[13:02:43.011] [SEVERE ] updating countdown to 55640
[13:02:43.038] [SEVERE ] updating countdown to 55613
[13:02:43.060] [SEVERE ] updating countdown to 55591
[13:02:43.081] [SEVERE ] updating countdown to 55570
[13:02:43.102] [SEVERE ] updating countdown to 55549
[13:02:43.123] [SEVERE ] updating countdown to 55528
[13:02:43.144] [SEVERE ] updating countdown to 55507
[13:02:43.165] [SEVERE ] updating countdown to 55486
[13:02:43.187] [SEVERE ] updating countdown to 55464
[13:02:43.208] [SEVERE ] updating countdown to 55443
[13:02:43.230] [SEVERE ] updating countdown to 55421
[13:02:43.251] [SEVERE ] updating countdown to 55400
[13:02:43.272] [SEVERE ] updating countdown to 55379
[13:02:43.293] [SEVERE ] updating countdown to 55358
[13:02:43.314] [SEVERE ] updating countdown to 55337
[13:02:43.336] [SEVERE ] updating countdown to 55315
[13:02:43.362] [SEVERE ] updating countdown to 55289
[13:02:43.383] [SEVERE ] updating countdown to 55268
[13:02:43.406] [SEVERE ] updating countdown to 55245
[13:02:43.428] [SEVERE ] updating countdown to 55223
[13:02:43.454] [SEVERE ] updating countdown to 55197
[13:02:43.480] [SEVERE ] updating countdown to 55171
[13:02:43.505] [SEVERE ] updating countdown to 55146
[13:02:43.528] [SEVERE ] updating countdown to 55123
[13:02:43.554] [SEVERE ] updating countdown to 55097
[13:02:43.578] [SEVERE ] updating countdown to 55073
[13:02:43.600] [SEVERE ] updating countdown to 55051
[13:02:43.624] [SEVERE ] updating countdown to 55027
[13:02:43.650] [SEVERE ] updating countdown to 55001
[13:02:43.676] [SEVERE ] updating countdown to 54975
[13:02:43.700] [SEVERE ] updating countdown to 54951
[13:02:43.722] [SEVERE ] updating countdown to 54929
[13:02:43.748] [SEVERE ] updating countdown to 54903
[13:02:43.774] [SEVERE ] updating countdown to 54877
[13:02:43.799] [SEVERE ] updating countdown to 54852
[13:02:43.822] [SEVERE ] updating countdown to 54829
[13:02:43.848] [SEVERE ] updating countdown to 54803
[13:02:43.874] [SEVERE ] updating countdown to 54777
[13:02:43.900] [SEVERE ] updating countdown to 54751
[13:02:43.922] [SEVERE ] updating countdown to 54729
[13:02:43.947] [SEVERE ] updating countdown to 54704
[13:02:43.969] [SEVERE ] updating countdown to 54682
[13:02:43.995] [SEVERE ] updating countdown to 54656
[13:02:44.021] [SEVERE ] updating countdown to 54630
[13:02:44.047] [SEVERE ] updating countdown to 54604
[13:02:44.068] [SEVERE ] updating countdown to 54583
[13:02:44.089] [SEVERE ] updating countdown to 54562
[13:02:44.113] [SEVERE ] updating countdown to 54538
[13:02:44.139] [SEVERE ] updating countdown to 54512
[13:02:44.164] [SEVERE ] updating countdown to 54487
[13:02:44.190] [SEVERE ] updating countdown to 54461
[13:02:44.211] [SEVERE ] updating countdown to 54440
[13:02:44.232] [SEVERE ] updating countdown to 54419
[13:02:44.253] [SEVERE ] updating countdown to 54398
[13:02:44.275] [SEVERE ] updating countdown to 54376
[13:02:44.296] [SEVERE ] updating countdown to 54355
[13:02:44.319] [SEVERE ] updating countdown to 54332
[13:02:44.343] [SEVERE ] updating countdown to 54308
[13:02:44.369] [SEVERE ] updating countdown to 54282
[13:02:44.391] [SEVERE ] updating countdown to 54260
[13:02:44.415] [SEVERE ] updating countdown to 54236
[13:02:44.436] [SEVERE ] updating countdown to 54215
[13:02:44.461] [SEVERE ] updating countdown to 54190
[13:02:44.485] [SEVERE ] updating countdown to 54166
[13:02:44.509] [SEVERE ] updating countdown to 54142
[13:02:44.532] [SEVERE ] updating countdown to 54119
[13:02:44.556] [SEVERE ] updating countdown to 54095
[13:02:44.582] [SEVERE ] updating countdown to 54069
[13:02:44.603] [SEVERE ] updating countdown to 54048
[13:02:44.626] [SEVERE ] updating countdown to 54025
[13:02:44.647] [SEVERE ] updating countdown to 54004
[13:02:44.671] [SEVERE ] updating countdown to 53980
[13:02:44.696] [SEVERE ] updating countdown to 53955
[13:02:44.717] [SEVERE ] updating countdown to 53934
[13:02:44.741] [SEVERE ] updating countdown to 53910
[13:02:44.763] [SEVERE ] updating countdown to 53888
[13:02:44.789] [SEVERE ] updating countdown to 53862
[13:02:44.813] [SEVERE ] updating countdown to 53838
[13:02:44.837] [SEVERE ] updating countdown to 53814
[13:02:44.861] [SEVERE ] updating countdown to 53790
[13:02:44.886] [SEVERE ] updating countdown to 53765
[13:02:44.908] [SEVERE ] updating countdown to 53743
[13:02:44.929] [SEVERE ] updating countdown to 53722
[13:02:44.953] [SEVERE ] updating countdown to 53698
[13:02:44.977] [SEVERE ] updating countdown to 53674
[13:02:44.998] [SEVERE ] updating countdown to 53653
[13:02:45.019] [SEVERE ] updating countdown to 53632
[13:02:45.046] [SEVERE ] updating countdown to 53605
[13:02:45.068] [SEVERE ] updating countdown to 53583
[13:02:45.090] [SEVERE ] updating countdown to 53561
[13:02:45.114] [SEVERE ] updating countdown to 53537
[13:02:45.136] [SEVERE ] updating countdown to 53515
[13:02:45.162] [SEVERE ] updating countdown to 53489
[13:02:45.185] [SEVERE ] updating countdown to 53466
[13:02:45.210] [SEVERE ] updating countdown to 53441
[13:02:45.231] [SEVERE ] updating countdown to 53420
[13:02:45.255] [SEVERE ] updating countdown to 53396
[13:02:45.278] [SEVERE ] updating countdown to 53373
[13:02:45.304] [SEVERE ] updating countdown to 53347
[13:02:45.325] [SEVERE ] updating countdown to 53326
[13:02:45.346] [SEVERE ] updating countdown to 53305
[13:02:45.373] [SEVERE ] updating countdown to 53278
[13:02:45.399] [SEVERE ] updating countdown to 53252
[13:02:45.421] [SEVERE ] updating countdown to 53230
[13:02:45.446] [SEVERE ] updating countdown to 53205
[13:02:45.472] [SEVERE ] updating countdown to 53179
[13:02:45.496] [SEVERE ] updating countdown to 53155
[13:02:45.522] [SEVERE ] updating countdown to 53129
[13:02:45.548] [SEVERE ] updating countdown to 53103
[13:02:45.574] [SEVERE ] updating countdown to 53077
[13:02:45.597] [SEVERE ] updating countdown to 53054
[13:02:45.623] [SEVERE ] updating countdown to 53028
[13:02:45.648] [SEVERE ] updating countdown to 53003
[13:02:45.673] [SEVERE ] updating countdown to 52978
[13:02:45.698] [SEVERE ] updating countdown to 52953
[13:02:45.724] [SEVERE ] updating countdown to 52927
[13:02:45.749] [SEVERE ] updating countdown to 52902
[13:02:45.775] [SEVERE ] updating countdown to 52876
[13:02:45.800] [SEVERE ] updating countdown to 52851
[13:02:45.826] [SEVERE ] updating countdown to 52825
[13:02:45.849] [SEVERE ] updating countdown to 52802
[13:02:45.875] [SEVERE ] updating countdown to 52776
[13:02:45.898] [SEVERE ] updating countdown to 52753
[13:02:45.922] [SEVERE ] updating countdown to 52729
[13:02:45.945] [SEVERE ] updating countdown to 52706
[13:02:45.971] [SEVERE ] updating countdown to 52680
[13:02:45.993] [SEVERE ] updating countdown to 52658
[13:02:46.014] [SEVERE ] updating countdown to 52637
[13:02:46.039] [SEVERE ] updating countdown to 52612
[13:02:46.065] [SEVERE ] updating countdown to 52586
[13:02:46.086] [SEVERE ] updating countdown to 52565
[13:02:46.109] [SEVERE ] updating countdown to 52542
[13:02:46.131] [SEVERE ] updating countdown to 52520
[13:02:46.154] [SEVERE ] updating countdown to 52497
[13:02:46.180] [SEVERE ] updating countdown to 52471
[13:02:46.204] [SEVERE ] updating countdown to 52447
[13:02:46.228] [SEVERE ] updating countdown to 52423
[13:02:46.254] [SEVERE ] updating countdown to 52397
[13:02:46.279] [SEVERE ] updating countdown to 52372
[13:02:46.305] [SEVERE ] updating countdown to 52346
[13:02:46.329] [SEVERE ] updating countdown to 52322
[13:02:46.352] [SEVERE ] updating countdown to 52299
[13:02:46.376] [SEVERE ] updating countdown to 52275
[13:02:46.397] [SEVERE ] updating countdown to 52254
[13:02:46.423] [SEVERE ] updating countdown to 52228
[13:02:46.447] [SEVERE ] updating countdown to 52204
[13:02:46.469] [SEVERE ] updating countdown to 52182
[13:02:46.494] [SEVERE ] updating countdown to 52157
[13:02:46.514] [SEVERE ] updating countdown to 52137
[13:02:46.537] [SEVERE ] updating countdown to 52114
[13:02:46.561] [SEVERE ] updating countdown to 52090
[13:02:46.588] [SEVERE ] updating countdown to 52063
[13:02:46.613] [SEVERE ] updating countdown to 52038
[13:02:46.639] [SEVERE ] updating countdown to 52012
[13:02:46.660] [SEVERE ] updating countdown to 51991
[13:02:46.681] [SEVERE ] updating countdown to 51970
[13:02:46.703] [SEVERE ] updating countdown to 51948
[13:02:46.729] [SEVERE ] updating countdown to 51922
[13:02:46.750] [SEVERE ] updating countdown to 51901
[13:02:46.776] [SEVERE ] updating countdown to 51875
[13:02:46.799] [SEVERE ] updating countdown to 51852
[13:02:46.825] [SEVERE ] updating countdown to 51826
[13:02:46.849] [SEVERE ] updating countdown to 51802
[13:02:46.871] [SEVERE ] updating countdown to 51780
[13:02:46.896] [SEVERE ] updating countdown to 51755
[13:02:46.917] [SEVERE ] updating countdown to 51734
[13:02:46.941] [SEVERE ] updating countdown to 51710
[13:02:46.965] [SEVERE ] updating countdown to 51686
[13:02:46.987] [SEVERE ] updating countdown to 51664
[13:02:47.008] [SEVERE ] updating countdown to 51643
[13:02:47.033] [SEVERE ] updating countdown to 51618
[13:02:47.056] [SEVERE ] updating countdown to 51595
[13:02:47.079] [SEVERE ] updating countdown to 51572
[13:02:47.100] [SEVERE ] updating countdown to 51551
[13:02:47.121] [SEVERE ] updating countdown to 51530
[13:02:47.143] [SEVERE ] updating countdown to 51508
[13:02:47.168] [SEVERE ] updating countdown to 51483
[13:02:47.194] [SEVERE ] updating countdown to 51457
[13:02:47.220] [SEVERE ] updating countdown to 51431
[13:02:47.246] [SEVERE ] updating countdown to 51405
[13:02:47.272] [SEVERE ] updating countdown to 51379
[13:02:47.298] [SEVERE ] updating countdown to 51353
[13:02:47.324] [SEVERE ] updating countdown to 51327
[13:02:47.346] [SEVERE ] updating countdown to 51305
[13:02:47.370] [SEVERE ] updating countdown to 51281
[13:02:47.394] [SEVERE ] updating countdown to 51257
[13:02:47.420] [SEVERE ] updating countdown to 51231
[13:02:47.446] [SEVERE ] updating countdown to 51205
[13:02:47.472] [SEVERE ] updating countdown to 51179
[13:02:47.494] [SEVERE ] updating countdown to 51157
[13:02:47.520] [SEVERE ] updating countdown to 51131
[13:02:47.546] [SEVERE ] updating countdown to 51105
[13:02:47.571] [SEVERE ] updating countdown to 51080
[13:02:47.597] [SEVERE ] updating countdown to 51054
[13:02:47.619] [SEVERE ] updating countdown to 51032
[13:02:47.645] [SEVERE ] updating countdown to 51006
[13:02:47.669] [SEVERE ] updating countdown to 50982
[13:02:47.693] [SEVERE ] updating countdown to 50958
[13:02:47.719] [SEVERE ] updating countdown to 50932
[13:02:47.743] [SEVERE ] updating countdown to 50908
[13:02:47.767] [SEVERE ] updating countdown to 50884
[13:02:47.793] [SEVERE ] updating countdown to 50858
[13:02:47.819] [SEVERE ] updating countdown to 50832
[13:02:47.845] [SEVERE ] updating countdown to 50806
[13:02:47.871] [SEVERE ] updating countdown to 50780
[13:02:47.897] [SEVERE ] updating countdown to 50754
[13:02:47.918] [SEVERE ] updating countdown to 50733
[13:02:47.940] [SEVERE ] updating countdown to 50711
[13:02:47.963] [SEVERE ] updating countdown to 50688
[13:02:47.986] [SEVERE ] updating countdown to 50665
[13:02:48.009] [SEVERE ] updating countdown to 50642
[13:02:48.032] [SEVERE ] updating countdown to 50619
[13:02:48.058] [SEVERE ] updating countdown to 50593
[13:02:48.079] [SEVERE ] updating countdown to 50572
[13:02:48.100] [SEVERE ] updating countdown to 50551
[13:02:48.121] [SEVERE ] updating countdown to 50530
[13:02:48.143] [SEVERE ] updating countdown to 50509
[13:02:48.164] [SEVERE ] updating countdown to 50487
[13:02:48.185] [SEVERE ] updating countdown to 50466
[13:02:48.207] [SEVERE ] updating countdown to 50444
[13:02:48.233] [SEVERE ] updating countdown to 50418
[13:02:48.257] [SEVERE ] updating countdown to 50394
[13:02:48.283] [SEVERE ] updating countdown to 50368
[13:02:48.306] [SEVERE ] updating countdown to 50345
[13:02:48.330] [SEVERE ] updating countdown to 50321
[13:02:48.351] [SEVERE ] updating countdown to 50300
[13:02:48.376] [SEVERE ] updating countdown to 50275
[13:02:48.398] [SEVERE ] updating countdown to 50253
[13:02:48.422] [SEVERE ] updating countdown to 50229
[13:02:48.447] [SEVERE ] updating countdown to 50204
[13:02:48.471] [SEVERE ] updating countdown to 50180
[13:02:48.492] [SEVERE ] updating countdown to 50159
[13:02:48.514] [SEVERE ] updating countdown to 50137
[13:02:48.540] [SEVERE ] updating countdown to 50111
[13:02:48.566] [SEVERE ] updating countdown to 50085
[13:02:48.587] [SEVERE ] updating countdown to 50064
[13:02:48.611] [SEVERE ] updating countdown to 50040
[13:02:48.632] [SEVERE ] updating countdown to 50019
[13:02:48.656] [SEVERE ] updating countdown to 49995
[13:02:48.677] [SEVERE ] updating countdown to 49974
[13:02:48.703] [SEVERE ] updating countdown to 49948
[13:02:48.726] [SEVERE ] updating countdown to 49925
[13:02:48.752] [SEVERE ] updating countdown to 49899
[13:02:48.774] [SEVERE ] updating countdown to 49877
[13:02:48.800] [SEVERE ] updating countdown to 49851
[13:02:48.826] [SEVERE ] updating countdown to 49825
[13:02:48.852] [SEVERE ] updating countdown to 49799
[13:02:48.877] [SEVERE ] updating countdown to 49774
[13:02:48.902] [SEVERE ] updating countdown to 49749
[13:02:48.928] [SEVERE ] updating countdown to 49723
[13:02:48.951] [SEVERE ] updating countdown to 49700
[13:02:48.976] [SEVERE ] updating countdown to 49675
[13:02:49.002] [SEVERE ] updating countdown to 49649
[13:02:49.026] [SEVERE ] updating countdown to 49625
[13:02:49.050] [SEVERE ] updating countdown to 49601
[13:02:49.076] [SEVERE ] updating countdown to 49575
[13:02:49.097] [SEVERE ] updating countdown to 49554
[13:02:49.123] [SEVERE ] updating countdown to 49528
[13:02:49.147] [SEVERE ] updating countdown to 49504
[13:02:49.152] [SEVERE ] key 82 was pressed by player 1
[13:02:49.152] [SEVERE ] player 1 placing token on slot 3
[13:02:49.168] [SEVERE ] updating countdown to 49483
[13:02:49.190] [SEVERE ] updating countdown to 49461
[13:02:49.213] [SEVERE ] updating countdown to 49438
[13:02:49.235] [SEVERE ] updating countdown to 49416
[13:02:49.256] [SEVERE ] updating countdown to 49395
[13:02:49.282] [SEVERE ] updating countdown to 49369
[13:02:49.308] [SEVERE ] updating countdown to 49343
[13:02:49.329] [SEVERE ] updating countdown to 49322
[13:02:49.353] [SEVERE ] updating countdown to 49298
[13:02:49.375] [SEVERE ] updating countdown to 49276
[13:02:49.401] [SEVERE ] updating countdown to 49250
[13:02:49.427] [SEVERE ] updating countdown to 49224
[13:02:49.453] [SEVERE ] updating countdown to 49198
[13:02:49.476] [SEVERE ] updating countdown to 49175
[13:02:49.502] [SEVERE ] updating countdown to 49149
[13:02:49.524] [SEVERE ] updating countdown to 49127
[13:02:49.549] [SEVERE ] updating countdown to 49102
[13:02:49.575] [SEVERE ] updating countdown to 49076
[13:02:49.601] [SEVERE ] updating countdown to 49050
[13:02:49.623] [SEVERE ] updating countdown to 49028
[13:02:49.645] [SEVERE ] updating countdown to 49006
[13:02:49.671] [SEVERE ] updating countdown to 48980
[13:02:49.692] [SEVERE ] updating countdown to 48959
[13:02:49.718] [SEVERE ] updating countdown to 48933
[13:02:49.744] [SEVERE ] updating countdown to 48907
[13:02:49.769] [SEVERE ] updating countdown to 48882
[13:02:49.795] [SEVERE ] updating countdown to 48856
[13:02:49.820] [SEVERE ] updating countdown to 48831
[13:02:49.843] [SEVERE ] updating countdown to 48808
[13:02:49.868] [SEVERE ] updating countdown to 48783
[13:02:49.894] [SEVERE ] updating countdown to 48757
[13:02:49.918] [SEVERE ] updating countdown to 48733
[13:02:49.944] [SEVERE ] updating countdown to 48707
[13:02:49.967] [SEVERE ] updating countdown to 48684
[13:02:49.993] [SEVERE ] updating countdown to 48658
[13:02:50.015] [SEVERE ] updating countdown to 48636
[13:02:50.041] [SEVERE ] updating countdown to 48610
[13:02:50.063] [SEVERE ] updating countdown to 48588
[13:02:50.084] [SEVERE ] updating countdown to 48567
[13:02:50.106] [SEVERE ] updating countdown to 48545
[13:02:50.128] [SEVERE ] updating countdown to 48523
[13:02:50.154] [SEVERE ] updating countdown to 48497
[13:02:50.175] [SEVERE ] updating countdown to 48476
[13:02:50.196] [SEVERE ] updating countdown to 48455
[13:02:50.219] [SEVERE ] updating countdown to 48432
[13:02:50.244] [SEVERE ] updating countdown to 48407
[13:02:50.272] [SEVERE ] updating countdown to 48379
[13:02:50.298] [SEVERE ] updating countdown to 48353
[13:02:50.322] [SEVERE ] updating countdown to 48329
[13:02:50.345] [SEVERE ] updating countdown to 48306
[13:02:50.371] [SEVERE ] updating countdown to 48280
[13:02:50.401] [SEVERE ] updating countdown to 48250
[13:02:50.426] [SEVERE ] updating countdown to 48225
[13:02:50.452] [SEVERE ] updating countdown to 48199
[13:02:50.477] [SEVERE ] updating countdown to 48174
[13:02:50.501] [SEVERE ] updating countdown to 48150
[13:02:50.524] [SEVERE ] updating countdown to 48127
[13:02:50.545] [SEVERE ] updating countdown to 48106
[13:02:50.569] [SEVERE ] updating countdown to 48082
[13:02:50.590] [SEVERE ] updating countdown to 48061
[13:02:50.613] [SEVERE ] updating countdown to 48038
[13:02:50.635] [SEVERE ] updating countdown to 48016
[13:02:50.661] [SEVERE ] updating countdown to 47990
[13:02:50.682] [SEVERE ] updating countdown to 47969
[13:02:50.708] [SEVERE ] updating countdown to 47943
[13:02:50.734] [SEVERE ] updating countdown to 47917
[13:02:50.760] [SEVERE ] updating countdown to 47891
[13:02:50.785] [SEVERE ] updating countdown to 47866
[13:02:50.811] [SEVERE ] updating countdown to 47840
[13:02:50.834] [SEVERE ] updating countdown to 47817
[13:02:50.858] [SEVERE ] updating countdown to 47793
[13:02:50.884] [SEVERE ] updating countdown to 47767
[13:02:50.908] [SEVERE ] updating countdown to 47743
[13:02:50.932] [SEVERE ] updating countdown to 47719
[13:02:50.954] [SEVERE ] updating countdown to 47697
[13:02:50.977] [SEVERE ] updating countdown to 47674
[13:02:50.999] [SEVERE ] updating countdown to 47652
[13:02:51.021] [SEVERE ] updating countdown to 47630
[13:02:51.045] [SEVERE ] updating countdown to 47606
[13:02:51.067] [SEVERE ] updating countdown to 47584
[13:02:51.089] [SEVERE ] updating countdown to 47562
[13:02:51.091] [SEVERE ] key 68 was pressed by player 1
[13:02:51.091] [SEVERE ] player 1 placing token on slot 6
[13:02:51.111] [SEVERE ] updating countdown to 47540
[13:02:51.135] [SEVERE ] updating countdown to 47516
[13:02:51.162] [SEVERE ] updating countdown to 47489
[13:02:51.183] [SEVERE ] updating countdown to 47468
[13:02:51.205] [SEVERE ] updating countdown to 47446
[13:02:51.226] [SEVERE ] updating countdown to 47425
[13:02:51.252] [SEVERE ] updating countdown to 47399
[13:02:51.278] [SEVERE ] updating countdown to 47373
[13:02:51.302] [SEVERE ] updating countdown to 47349
[13:02:51.328] [SEVERE ] updating countdown to 47323
[13:02:51.354] [SEVERE ] updating countdown to 47297
[13:02:51.379] [SEVERE ] updating countdown to 47272
[13:02:51.405] [SEVERE ] updating countdown to 47246
[13:02:51.431] [SEVERE ] updating countdown to 47220
[13:02:51.457] [SEVERE ] updating countdown to 47194
[13:02:51.482] [SEVERE ] updating countdown to 47169
[13:02:51.506] [SEVERE ] updating countdown to 47145
[13:02:51.532] [SEVERE ] updating countdown to 47119
[13:02:51.556] [SEVERE ] updating countdown to 47095
[13:02:51.580] [SEVERE ] updating countdown to 47071
[13:02:51.602] [SEVERE ] updating countdown to 47049
[13:02:51.628] [SEVERE ] updating countdown to 47023
[13:02:51.634] [SEVERE ] key 68 was pressed by player 1
[13:02:51.635] [SEVERE ] removing player 1 token from slot 6
[13:02:51.635] [SEVERE ] player 1 placing token on slot 6
[13:02:51.638] [SEVERE ] setting player 1 freeze to 3000
[13:02:51.650] [SEVERE ] updating countdown to 47001
[13:02:51.674] [SEVERE ] updating countdown to 46977
[13:02:51.700] [SEVERE ] updating countdown to 46951
[13:02:51.726] [SEVERE ] updating countdown to 46925
[13:02:51.752] [SEVERE ] updating countdown to 46899
[13:02:51.775] [SEVERE ] updating countdown to 46876
[13:02:51.801] [SEVERE ] updating countdown to 46850
[13:02:51.827] [SEVERE ] updating countdown to 46824
[13:02:51.851] [SEVERE ] updating countdown to 46800
[13:02:51.877] [SEVERE ] updating countdown to 46774
[13:02:51.898] [SEVERE ] updating countdown to 46753
[13:02:51.923] [SEVERE ] updating countdown to 46728
[13:02:51.949] [SEVERE ] updating countdown to 46702
[13:02:51.975] [SEVERE ] updating countdown to 46676
[13:02:51.998] [SEVERE ] updating countdown to 46653
[13:02:52.019] [SEVERE ] updating countdown to 46632
[13:02:52.045] [SEVERE ] updating countdown to 46606
[13:02:52.070] [SEVERE ] updating countdown to 46581
[13:02:52.094] [SEVERE ] updating countdown to 46557
[13:02:52.115] [SEVERE ] updating countdown to 46536
[13:02:52.141] [SEVERE ] updating countdown to 46510
[13:02:52.163] [SEVERE ] updating countdown to 46488
[13:02:52.187] [SEVERE ] updating countdown to 46464
[13:02:52.213] [SEVERE ] updating countdown to 46438
[13:02:52.239] [SEVERE ] updating countdown to 46412
[13:02:52.265] [SEVERE ] updating countdown to 46386
[13:02:52.291] [SEVERE ] updating countdown to 46360
[13:02:52.317] [SEVERE ] updating countdown to 46334
[13:02:52.339] [SEVERE ] updating countdown to 46312
[13:02:52.365] [SEVERE ] updating countdown to 46286
[13:02:52.389] [SEVERE ] updating countdown to 46262
[13:02:52.410] [SEVERE ] updating countdown to 46241
[13:02:52.434] [SEVERE ] updating countdown to 46217
[13:02:52.460] [SEVERE ] updating countdown to 46191
[13:02:52.486] [SEVERE ] updating countdown to 46165
[13:02:52.511] [SEVERE ] updating countdown to 46140
[13:02:52.537] [SEVERE ] updating countdown to 46114
[13:02:52.560] [SEVERE ] updating countdown to 46091
[13:02:52.580] [SEVERE ] updating countdown to 46071
[13:02:52.601] [SEVERE ] updating countdown to 46050
[13:02:52.623] [SEVERE ] updating countdown to 46028
[13:02:52.649] [SEVERE ] updating countdown to 46002
[13:02:52.674] [SEVERE ] updating countdown to 45977
[13:02:52.700] [SEVERE ] updating countdown to 45951
[13:02:52.726] [SEVERE ] updating countdown to 45925
[13:02:52.747] [SEVERE ] updating countdown to 45904
[13:02:52.773] [SEVERE ] updating countdown to 45878
[13:02:52.799] [SEVERE ] updating countdown to 45852
[13:02:52.821] [SEVERE ] updating countdown to 45830
[13:02:52.846] [SEVERE ] updating countdown to 45805
[13:02:52.872] [SEVERE ] updating countdown to 45779
[13:02:52.896] [SEVERE ] updating countdown to 45755
[13:02:52.917] [SEVERE ] updating countdown to 45734
[13:02:52.942] [SEVERE ] updating countdown to 45709
[13:02:52.967] [SEVERE ] updating countdown to 45684
[13:02:52.988] [SEVERE ] updating countdown to 45663
[13:02:53.010] [SEVERE ] updating countdown to 45641
[13:02:53.034] [SEVERE ] updating countdown to 45617
[13:02:53.061] [SEVERE ] updating countdown to 45590
[13:02:53.083] [SEVERE ] updating countdown to 45568
[13:02:53.105] [SEVERE ] updating countdown to 45546
[13:02:53.126] [SEVERE ] updating countdown to 45525
[13:02:53.147] [SEVERE ] updating countdown to 45504
[13:02:53.169] [SEVERE ] updating countdown to 45482
[13:02:53.190] [SEVERE ] updating countdown to 45461
[13:02:53.213] [SEVERE ] updating countdown to 45438
[13:02:53.233] [SEVERE ] updating countdown to 45418
[13:02:53.254] [SEVERE ] updating countdown to 45397
[13:02:53.275] [SEVERE ] updating countdown to 45376
[13:02:53.300] [SEVERE ] updating countdown to 45351
[13:02:53.322] [SEVERE ] updating countdown to 45329
[13:02:53.344] [SEVERE ] updating countdown to 45307
[13:02:53.367] [SEVERE ] updating countdown to 45284
[13:02:53.388] [SEVERE ] updating countdown to 45263
[13:02:53.410] [SEVERE ] updating countdown to 45241
[13:02:53.432] [SEVERE ] updating countdown to 45219
[13:02:53.455] [SEVERE ] updating countdown to 45196
[13:02:53.477] [SEVERE ] updating countdown to 45174
[13:02:53.500] [SEVERE ] updating countdown to 45151
[13:02:53.524] [SEVERE ] updating countdown to 45127
[13:02:53.545] [SEVERE ] updating countdown to 45106
[13:02:53.568] [SEVERE ] updating countdown to 45083
[13:02:53.589] [SEVERE ] updating countdown to 45062
[13:02:53.612] [SEVERE ] updating countdown to 45039
[13:02:53.633] [SEVERE ] updating countdown to 45018
[13:02:53.654] [SEVERE ] updating countdown to 44997
[13:02:53.678] [SEVERE ] updating countdown to 44973
[13:02:53.701] [SEVERE ] updating countdown to 44950
[13:02:53.722] [SEVERE ] updating countdown to 44929
[13:02:53.743] [SEVERE ] updating countdown to 44908
[13:02:53.766] [SEVERE ] updating countdown to 44885
[13:02:53.787] [SEVERE ] updating countdown to 44864
[13:02:53.813] [SEVERE ] updating countdown to 44838
[13:02:53.838] [SEVERE ] updating countdown to 44813
[13:02:53.864] [SEVERE ] updating countdown to 44787
[13:02:53.886] [SEVERE ] updating countdown to 44765
[13:02:53.907] [SEVERE ] updating countdown to 44744
[13:02:53.932] [SEVERE ] updating countdown to 44719
[13:02:53.955] [SEVERE ] updating countdown to 44696
[13:02:53.959] [SEVERE ] key 68 was pressed by player 1
[13:02:53.978] [SEVERE ] updating countdown to 44673
[13:02:53.998] [SEVERE ] updating countdown to 44653
[13:02:54.020] [SEVERE ] updating countdown to 44631
[13:02:54.042] [SEVERE ] updating countdown to 44609
[13:02:54.064] [SEVERE ] updating countdown to 44587
[13:02:54.086] [SEVERE ] updating countdown to 44565
[13:02:54.107] [SEVERE ] updating countdown to 44544
[13:02:54.130] [SEVERE ] updating countdown to 44521
[13:02:54.151] [SEVERE ] updating countdown to 44500
[13:02:54.176] [SEVERE ] updating countdown to 44475
[13:02:54.202] [SEVERE ] updating countdown to 44449
[13:02:54.228] [SEVERE ] updating countdown to 44423
[13:02:54.254] [SEVERE ] updating countdown to 44397
[13:02:54.280] [SEVERE ] updating countdown to 44371
[13:02:54.306] [SEVERE ] updating countdown to 44345
[13:02:54.331] [SEVERE ] updating countdown to 44320
[13:02:54.357] [SEVERE ] updating countdown to 44294
[13:02:54.383] [SEVERE ] updating countdown to 44268
[13:02:54.409] [SEVERE ] updating countdown to 44242
[13:02:54.434] [SEVERE ] updating countdown to 44217
[13:02:54.460] [SEVERE ] updating countdown to 44191
[13:02:54.484] [SEVERE ] updating countdown to 44167
[13:02:54.510] [SEVERE ] updating countdown to 44141
[13:02:54.536] [SEVERE ] updating countdown to 44115
[13:02:54.562] [SEVERE ] updating countdown to 44089
[13:02:54.588] [SEVERE ] updating countdown to 44063
[13:02:54.610] [SEVERE ] updating countdown to 44041
[13:02:54.631] [SEVERE ] updating countdown to 44020
[13:02:54.641] [SEVERE ] setting player 1 freeze to 2000
[13:02:54.653] [SEVERE ] updating countdown to 43998
[13:02:54.677] [SEVERE ] updating countdown to 43974
[13:02:54.699] [SEVERE ] updating countdown to 43952
[13:02:54.724] [SEVERE ] updating countdown to 43927
[13:02:54.747] [SEVERE ] updating countdown to 43904
[13:02:54.772] [SEVERE ] updating countdown to 43879
[13:02:54.796] [SEVERE ] updating countdown to 43855
[13:02:54.817] [SEVERE ] updating countdown to 43834
[13:02:54.843] [SEVERE ] updating countdown to 43808
[13:02:54.865] [SEVERE ] updating countdown to 43786
[13:02:54.890] [SEVERE ] updating countdown to 43761
[13:02:54.913] [SEVERE ] updating countdown to 43738
[13:02:54.938] [SEVERE ] updating countdown to 43713
[13:02:54.964] [SEVERE ] updating countdown to 43687
[13:02:54.986] [SEVERE ] updating countdown to 43665
[13:02:55.007] [SEVERE ] updating countdown to 43644
[13:02:55.028] [SEVERE ] updating countdown to 43623
[13:02:55.053] [SEVERE ] updating countdown to 43598
[13:02:55.076] [SEVERE ] updating countdown to 43575
[13:02:55.101] [SEVERE ] updating countdown to 43550
[13:02:55.122] [SEVERE ] updating countdown to 43529
[13:02:55.144] [SEVERE ] updating countdown to 43507
[13:02:55.166] [SEVERE ] updating countdown to 43485
[13:02:55.187] [SEVERE ] updating countdown to 43464
[13:02:55.212] [SEVERE ] updating countdown to 43439
[13:02:55.238] [SEVERE ] updating countdown to 43413
[13:02:55.262] [SEVERE ] updating countdown to 43389
[13:02:55.287] [SEVERE ] updating countdown to 43364
[13:02:55.310] [SEVERE ] updating countdown to 43341
[13:02:55.335] [SEVERE ] updating countdown to 43316
[13:02:55.360] [SEVERE ] updating countdown to 43291
[13:02:55.385] [SEVERE ] updating countdown to 43266
[13:02:55.407] [SEVERE ] updating countdown to 43244
[13:02:55.433] [SEVERE ] updating countdown to 43218
[13:02:55.456] [SEVERE ] updating countdown to 43195
[13:02:55.482] [SEVERE ] updating countdown to 43169
[13:02:55.504] [SEVERE ] updating countdown to 43147
[13:02:55.529] [SEVERE ] updating countdown to 43122
[13:02:55.555] [SEVERE ] updating countdown to 43096
[13:02:55.581] [SEVERE ] updating countdown to 43070
[13:02:55.607] [SEVERE ] updating countdown to 43044
[13:02:55.633] [SEVERE ] updating countdown to 43018
[13:02:55.659] [SEVERE ] updating countdown to 42992
[13:02:55.685] [SEVERE ] updating countdown to 42966
[13:02:55.711] [SEVERE ] updating countdown to 42940
[13:02:55.737] [SEVERE ] updating countdown to 42914
[13:02:55.759] [SEVERE ] updating countdown to 42892
[13:02:55.782] [SEVERE ] updating countdown to 42869
[13:02:55.805] [SEVERE ] updating countdown to 42846
[13:02:55.827] [SEVERE ] updating countdown to 42824
[13:02:55.852] [SEVERE ] updating countdown to 42799
[13:02:55.873] [SEVERE ] updating countdown to 42778
[13:02:55.896] [SEVERE ] updating countdown to 42755
[13:02:55.917] [SEVERE ] updating countdown to 42734
[13:02:55.943] [SEVERE ] updating countdown to 42708
[13:02:55.968] [SEVERE ] updating countdown to 42683
[13:02:55.994] [SEVERE ] updating countdown to 42657
[13:02:56.015] [SEVERE ] updating countdown to 42636
[13:02:56.040] [SEVERE ] updating countdown to 42611
[13:02:56.063] [SEVERE ] updating countdown to 42588
[13:02:56.084] [SEVERE ] updating countdown to 42567
[13:02:56.110] [SEVERE ] updating countdown to 42541
[13:02:56.136] [SEVERE ] updating countdown to 42515
[13:02:56.160] [SEVERE ] updating countdown to 42491
[13:02:56.181] [SEVERE ] updating countdown to 42470
[13:02:56.204] [SEVERE ] updating countdown to 42447
[13:02:56.227] [SEVERE ] updating countdown to 42424
[13:02:56.250] [SEVERE ] updating countdown to 42401
[13:02:56.276] [SEVERE ] updating countdown to 42375
[13:02:56.299] [SEVERE ] updating countdown to 42352
[13:02:56.324] [SEVERE ] updating countdown to 42327
[13:02:56.350] [SEVERE ] updating countdown to 42301
[13:02:56.375] [SEVERE ] updating countdown to 42276
[13:02:56.385] [SEVERE ] key 68 was pressed by player 1
[13:02:56.398] [SEVERE ] updating countdown to 42253
[13:02:56.423] [SEVERE ] updating countdown to 42228
[13:02:56.447] [SEVERE ] updating countdown to 42204
[13:02:56.469] [SEVERE ] updating countdown to 42182
[13:02:56.492] [SEVERE ] updating countdown to 42159
[13:02:56.515] [SEVERE ] updating countdown to 42136
[13:02:56.538] [SEVERE ] updating countdown to 42113
[13:02:56.561] [SEVERE ] updating countdown to 42090
[13:02:56.587] [SEVERE ] updating countdown to 42064
[13:02:56.609] [SEVERE ] updating countdown to 42042
[13:02:56.635] [SEVERE ] updating countdown to 42016
[13:02:56.642] [SEVERE ] setting player 1 freeze to 1000
[13:02:56.656] [SEVERE ] updating countdown to 41995
[13:02:56.677] [SEVERE ] updating countdown to 41974
[13:02:56.703] [SEVERE ] updating countdown to 41948
[13:02:56.727] [SEVERE ] updating countdown to 41924
[13:02:56.753] [SEVERE ] updating countdown to 41898
[13:02:56.779] [SEVERE ] updating countdown to 41872
[13:02:56.805] [SEVERE ] updating countdown to 41846
[13:02:56.830] [SEVERE ] updating countdown to 41821
[13:02:56.856] [SEVERE ] updating countdown to 41795
[13:02:56.882] [SEVERE ] updating countdown to 41769
[13:02:56.904] [SEVERE ] updating countdown to 41747
[13:02:56.926] [SEVERE ] updating countdown to 41725
[13:02:56.929] [SEVERE ] key 68 was pressed by player 1
[13:02:56.948] [SEVERE ] updating countdown to 41703
[13:02:56.969] [SEVERE ] updating countdown to 41682
[13:02:56.994] [SEVERE ] updating countdown to 41657
[13:02:57.016] [SEVERE ] updating countdown to 41635
[13:02:57.041] [SEVERE ] updating countdown to 41610
[13:02:57.067] [SEVERE ] updating countdown to 41584
[13:02:57.093] [SEVERE ] updating countdown to 41558
[13:02:57.116] [SEVERE ] updating countdown to 41535
[13:02:57.140] [SEVERE ] updating countdown to 41511
[13:02:57.166] [SEVERE ] updating countdown to 41485
[13:02:57.192] [SEVERE ] updating countdown to 41459
[13:02:57.214] [SEVERE ] updating countdown to 41437
[13:02:57.228] [SEVERE ] key 68 was pressed by player 1
[13:02:57.236] [SEVERE ] updating countdown to 41415
[13:02:57.260] [SEVERE ] updating countdown to 41391
[13:02:57.286] [SEVERE ] updating countdown to 41365
[13:02:57.308] [SEVERE ] updating countdown to 41343
[13:02:57.333] [SEVERE ] updating countdown to 41318
[13:02:57.355] [SEVERE ] updating countdown to 41296
[13:02:57.380] [SEVERE ] updating countdown to 41271
[13:02:57.406] [SEVERE ] updating countdown to 41245
[13:02:57.428] [SEVERE ] updating countdown to 41223
[13:02:57.453] [SEVERE ] updating countdown to 41198
[13:02:57.478] [SEVERE ] updating countdown to 41173
[13:02:57.504] [SEVERE ] updating countdown to 41147
[13:02:57.526] [SEVERE ] updating countdown to 41125
[13:02:57.551] [SEVERE ] updating countdown to 41100
[13:02:57.577] [SEVERE ] updating countdown to 41074
[13:02:57.601] [SEVERE ] updating countdown to 41050
[13:02:57.627] [SEVERE ] updating countdown to 41024
[13:02:57.648] [SEVERE ] setting player 1 freeze to 0
[13:02:57.649] [SEVERE ] removing player 1 token from slot 3
[13:02:57.649] [SEVERE ] updating countdown to 41002
[13:02:57.649] [SEVERE ] removing player 1 token from slot 6
[13:02:57.669] [SEVERE ] updating countdown to 40982
[13:02:57.695] [SEVERE ] updating countdown to 40956
[13:02:57.717] [SEVERE ] updating countdown to 40934
[13:02:57.743] [SEVERE ] updating countdown to 40908
[13:02:57.769] [SEVERE ] updating countdown to 40882
[13:02:57.795] [SEVERE ] updating countdown to 40856
[13:02:57.817] [SEVERE ] updating countdown to 40834
[13:02:57.843] [SEVERE ] updating countdown to 40808
[13:02:57.869] [SEVERE ] updating countdown to 40782
[13:02:57.892] [SEVERE ] updating countdown to 40759
[13:02:57.912] [SEVERE ] updating countdown to 40739
[13:02:57.936] [SEVERE ] updating countdown to 40715
[13:02:57.957] [SEVERE ] updating countdown to 40694
[13:02:57.979] [SEVERE ] updating countdown to 40672
[13:02:58.001] [SEVERE ] updating countdown to 40650
[13:02:58.023] [SEVERE ] updating countdown to 40628
[13:02:58.044] [SEVERE ] updating countdown to 40607
[13:02:58.067] [SEVERE ] updating countdown to 40584
[13:02:58.089] [SEVERE ] updating countdown to 40562
[13:02:58.111] [SEVERE ] updating countdown to 40540
[13:02:58.132] [SEVERE ] updating countdown to 40519
[13:02:58.153] [SEVERE ] updating countdown to 40498
[13:02:58.174] [SEVERE ] updating countdown to 40477
[13:02:58.196] [SEVERE ] updating countdown to 40455
[13:02:58.217] [SEVERE ] updating countdown to 40434
[13:02:58.242] [SEVERE ] updating countdown to 40409
[13:02:58.264] [SEVERE ] updating countdown to 40387
[13:02:58.285] [SEVERE ] updating countdown to 40366
[13:02:58.306] [SEVERE ] updating countdown to 40345
[13:02:58.328] [SEVERE ] updating countdown to 40323
[13:02:58.350] [SEVERE ] updating countdown to 40301
[13:02:58.371] [SEVERE ] updating countdown to 40280
[13:02:58.392] [SEVERE ] updating countdown to 40259
[13:02:58.415] [SEVERE ] updating countdown to 40236
[13:02:58.439] [SEVERE ] updating countdown to 40212
[13:02:58.463] [SEVERE ] updating countdown to 40188
[13:02:58.484] [SEVERE ] updating countdown to 40167
[13:02:58.508] [SEVERE ] updating countdown to 40143
[13:02:58.529] [SEVERE ] updating countdown to 40122
[13:02:58.553] [SEVERE ] updating countdown to 40098
[13:02:58.574] [SEVERE ] updating countdown to 40077
[13:02:58.599] [SEVERE ] updating countdown to 40052
[13:02:58.621] [SEVERE ] updating countdown to 40030
[13:02:58.643] [SEVERE ] updating countdown to 40008
[13:02:58.669] [SEVERE ] updating countdown to 39982
[13:02:58.690] [SEVERE ] updating countdown to 39961
[13:02:58.712] [SEVERE ] updating countdown to 39939
[13:02:58.734] [SEVERE ] updating countdown to 39917
[13:02:58.755] [SEVERE ] updating countdown to 39896
[13:02:58.781] [SEVERE ] updating countdown to 39870
[13:02:58.805] [SEVERE ] updating countdown to 39846
[13:02:58.831] [SEVERE ] updating countdown to 39820
[13:02:58.854] [SEVERE ] updating countdown to 39797
[13:02:58.880] [SEVERE ] updating countdown to 39771
[13:02:58.906] [SEVERE ] updating countdown to 39745
[13:02:58.930] [SEVERE ] updating countdown to 39721
[13:02:58.950] [SEVERE ] updating countdown to 39701
[13:02:58.976] [SEVERE ] updating countdown to 39675
[13:02:58.999] [SEVERE ] updating countdown to 39652
[13:02:59.022] [SEVERE ] updating countdown to 39629
[13:02:59.044] [SEVERE ] updating countdown to 39607
[13:02:59.066] [SEVERE ] updating countdown to 39585
[13:02:59.089] [SEVERE ] updating countdown to 39562
[13:02:59.113] [SEVERE ] updating countdown to 39538
[13:02:59.138] [SEVERE ] updating countdown to 39513
[13:02:59.161] [SEVERE ] updating countdown to 39490
[13:02:59.186] [SEVERE ] updating countdown to 39465
[13:02:59.209] [SEVERE ] updating countdown to 39442
[13:02:59.235] [SEVERE ] updating countdown to 39416
[13:02:59.261] [SEVERE ] updating countdown to 39390
[13:02:59.287] [SEVERE ] updating countdown to 39364
[13:02:59.313] [SEVERE ] updating countdown to 39338
[13:02:59.335] [SEVERE ] updating countdown to 39316
[13:02:59.360] [SEVERE ] updating countdown to 39291
[13:02:59.385] [SEVERE ] updating countdown to 39266
[13:02:59.411] [SEVERE ] updating countdown to 39240
[13:02:59.434] [SEVERE ] updating countdown to 39217
[13:02:59.460] [SEVERE ] updating countdown to 39191
[13:02:59.482] [SEVERE ] updating countdown to 39169
[13:02:59.507] [SEVERE ] updating countdown to 39144
[13:02:59.529] [SEVERE ] updating countdown to 39122
[13:02:59.554] [SEVERE ] updating countdown to 39097
[13:02:59.576] [SEVERE ] updating countdown to 39075
[13:02:59.577] [SEVERE ] exit button pressed
[13:02:59.577] [SEVERE ] disposing of user interface elements
[13:02:59.578] [INFO   ] thread playerID: 1 terminated.
[13:02:59.578] [INFO   ] thread playerID: 0 terminated.
[13:02:59.599] [SEVERE ] updating countdown to 39052
[13:02:59.600] [SEVERE ] updating countdown to 39051
[13:02:59.706] [SEVERE ] removing card from slot 0
[13:02:59.706] [SEVERE ] removing tokens from slot 0
[13:02:59.811] [SEVERE ] removing card from slot 1
[13:02:59.812] [SEVERE ] removing tokens from slot 1
[13:02:59.919] [SEVERE ] removing card from slot 2
[13:02:59.921] [SEVERE ] removing tokens from slot 2
[13:03:00.024] [SEVERE ] removing card from slot 3
[13:03:00.026] [SEVERE ] removing tokens from slot 3
[13:03:00.130] [SEVERE ] removing card from slot 4
[13:03:00.134] [SEVERE ] removing tokens from slot 4
[13:03:00.238] [SEVERE ] removing card from slot 5
[13:03:00.239] [SEVERE ] removing tokens from slot 5
[13:03:00.345] [SEVERE ] removing card from slot 6
[13:03:00.346] [SEVERE ] removing tokens from slot 6
[13:03:00.448] [SEVERE ] removing card from slot 7
[13:03:00.449] [SEVERE ] removing tokens from slot 7
[13:03:00.551] [SEVERE ] removing card from slot 8
[13:03:00.552] [SEVERE ] removing tokens from slot 8
[13:03:00.654] [SEVERE ] removing card from slot 9
[13:03:00.654] [SEVERE ] removing tokens from slot 9
[13:03:00.756] [SEVERE ] removing card from slot 10
[13:03:00.756] [SEVERE ] removing tokens from slot 10
[13:03:00.856] [SEVERE ] removing card from slot 11
[13:03:00.857] [SEVERE ] removing tokens from slot 11
[13:03:00.857] [SEVERE ] player 1 placing token on slot 0
[13:03:00.857] [SEVERE ] player 2 placing token on slot 1
[13:03:00.857] [INFO   ] thread dealer terminated.
[13:03:00.858] [INFO   ] thread dealer terminated.
[13:03:00.858] [SEVERE ] thanks for playing... it was fun!
[13:03:00.858] [INFO   ] thread main terminated.
