[10:47:31.843] [INFO   ] thread main starting.
[10:47:31.848] [SEVERE ] cannot read configuration file config.properties trying from resources.
[10:47:31.849] [SEVERE ] configuration file was loaded from resources directory.
[10:47:32.245] [INFO   ] thread dealer starting.
[10:47:32.246] [INFO   ] thread playerID: 0 starting.
[10:47:32.246] [INFO   ] thread playerID: 1 starting.
[10:47:32.246] [INFO   ] thread dealer starting.
[10:47:32.250] [SEVERE ] updating countdown to 60000
[10:47:32.357] [SEVERE ] placing card 24 in slot 2
[10:47:32.458] [SEVERE ] placing card 19 in slot 10
[10:47:32.560] [SEVERE ] placing card 25 in slot 7
[10:47:32.664] [SEVERE ] placing card 2 in slot 1
[10:47:32.766] [SEVERE ] placing card 20 in slot 3
[10:47:32.869] [SEVERE ] placing card 7 in slot 6
[10:47:32.970] [SEVERE ] placing card 56 in slot 9
[10:47:33.071] [SEVERE ] placing card 17 in slot 0
[10:47:33.172] [SEVERE ] placing card 54 in slot 8
[10:47:33.273] [SEVERE ] placing card 14 in slot 5
[10:47:33.375] [SEVERE ] placing card 36 in slot 11
[10:47:33.477] [SEVERE ] placing card 57 in slot 4
[10:47:33.500] [SEVERE ] updating countdown to 58750
[10:47:33.521] [SEVERE ] updating countdown to 58729
[10:47:33.543] [SEVERE ] updating countdown to 58707
[10:47:33.564] [SEVERE ] updating countdown to 58686
[10:47:33.587] [SEVERE ] updating countdown to 58663
[10:47:33.609] [SEVERE ] updating countdown to 58641
[10:47:33.632] [SEVERE ] updating countdown to 58618
[10:47:33.656] [SEVERE ] updating countdown to 58594
[10:47:33.681] [SEVERE ] updating countdown to 58569
[10:47:33.702] [SEVERE ] updating countdown to 58548
[10:47:33.727] [SEVERE ] updating countdown to 58523
[10:47:33.752] [SEVERE ] updating countdown to 58498
[10:47:33.774] [SEVERE ] updating countdown to 58476
[10:47:33.799] [SEVERE ] updating countdown to 58451
[10:47:33.822] [SEVERE ] updating countdown to 58428
[10:47:33.843] [SEVERE ] updating countdown to 58407
[10:47:33.867] [SEVERE ] updating countdown to 58383
[10:47:33.889] [SEVERE ] updating countdown to 58361
[10:47:33.910] [SEVERE ] updating countdown to 58340
[10:47:33.932] [SEVERE ] updating countdown to 58318
[10:47:33.954] [SEVERE ] updating countdown to 58296
[10:47:33.978] [SEVERE ] updating countdown to 58272
[10:47:34.003] [SEVERE ] updating countdown to 58247
[10:47:34.025] [SEVERE ] updating countdown to 58225
[10:47:34.051] [SEVERE ] updating countdown to 58199
[10:47:34.073] [SEVERE ] updating countdown to 58177
[10:47:34.094] [SEVERE ] updating countdown to 58156
[10:47:34.115] [SEVERE ] updating countdown to 58135
[10:47:34.138] [SEVERE ] updating countdown to 58112
[10:47:34.161] [SEVERE ] updating countdown to 58089
[10:47:34.185] [SEVERE ] updating countdown to 58065
[10:47:34.207] [SEVERE ] updating countdown to 58043
[10:47:34.235] [SEVERE ] updating countdown to 58015
[10:47:34.257] [SEVERE ] updating countdown to 57993
[10:47:34.282] [SEVERE ] updating countdown to 57968
[10:47:34.304] [SEVERE ] updating countdown to 57946
[10:47:34.330] [SEVERE ] updating countdown to 57920
[10:47:34.352] [SEVERE ] updating countdown to 57898
[10:47:34.377] [SEVERE ] updating countdown to 57873
[10:47:34.400] [SEVERE ] updating countdown to 57850
[10:47:34.426] [SEVERE ] updating countdown to 57824
[10:47:34.449] [SEVERE ] updating countdown to 57801
[10:47:34.475] [SEVERE ] updating countdown to 57775
[10:47:34.496] [SEVERE ] updating countdown to 57754
[10:47:34.522] [SEVERE ] updating countdown to 57728
[10:47:34.547] [SEVERE ] updating countdown to 57703
[10:47:34.573] [SEVERE ] updating countdown to 57677
[10:47:34.594] [SEVERE ] updating countdown to 57656
[10:47:34.620] [SEVERE ] updating countdown to 57630
[10:47:34.641] [SEVERE ] updating countdown to 57609
[10:47:34.662] [SEVERE ] updating countdown to 57588
[10:47:34.686] [SEVERE ] updating countdown to 57564
[10:47:34.708] [SEVERE ] updating countdown to 57542
[10:47:34.732] [SEVERE ] updating countdown to 57518
[10:47:34.753] [SEVERE ] updating countdown to 57497
[10:47:34.776] [SEVERE ] updating countdown to 57474
[10:47:34.797] [SEVERE ] updating countdown to 57453
[10:47:34.819] [SEVERE ] updating countdown to 57431
[10:47:34.846] [SEVERE ] updating countdown to 57404
[10:47:34.868] [SEVERE ] updating countdown to 57382
[10:47:34.894] [SEVERE ] updating countdown to 57356
[10:47:34.915] [SEVERE ] updating countdown to 57335
[10:47:34.936] [SEVERE ] updating countdown to 57314
[10:47:34.957] [SEVERE ] updating countdown to 57293
[10:47:34.982] [SEVERE ] updating countdown to 57268
[10:47:35.003] [SEVERE ] updating countdown to 57247
[10:47:35.024] [SEVERE ] updating countdown to 57226
[10:47:35.045] [SEVERE ] updating countdown to 57205
[10:47:35.066] [SEVERE ] updating countdown to 57184
[10:47:35.087] [SEVERE ] updating countdown to 57163
[10:47:35.110] [SEVERE ] updating countdown to 57140
[10:47:35.132] [SEVERE ] updating countdown to 57118
[10:47:35.156] [SEVERE ] updating countdown to 57094
[10:47:35.181] [SEVERE ] updating countdown to 57069
[10:47:35.203] [SEVERE ] updating countdown to 57047
[10:47:35.228] [SEVERE ] updating countdown to 57022
[10:47:35.251] [SEVERE ] updating countdown to 56999
[10:47:35.274] [SEVERE ] updating countdown to 56976
[10:47:35.300] [SEVERE ] updating countdown to 56950
[10:47:35.322] [SEVERE ] updating countdown to 56928
[10:47:35.348] [SEVERE ] updating countdown to 56902
[10:47:35.374] [SEVERE ] updating countdown to 56876
[10:47:35.400] [SEVERE ] updating countdown to 56850
[10:47:35.425] [SEVERE ] updating countdown to 56825
[10:47:35.446] [SEVERE ] updating countdown to 56804
[10:47:35.468] [SEVERE ] updating countdown to 56782
[10:47:35.489] [SEVERE ] updating countdown to 56761
[10:47:35.515] [SEVERE ] updating countdown to 56735
[10:47:35.537] [SEVERE ] updating countdown to 56713
[10:47:35.559] [SEVERE ] updating countdown to 56691
[10:47:35.585] [SEVERE ] updating countdown to 56665
[10:47:35.608] [SEVERE ] updating countdown to 56642
[10:47:35.634] [SEVERE ] updating countdown to 56616
[10:47:35.660] [SEVERE ] updating countdown to 56590
[10:47:35.685] [SEVERE ] updating countdown to 56565
[10:47:35.709] [SEVERE ] updating countdown to 56541
[10:47:35.734] [SEVERE ] updating countdown to 56516
[10:47:35.760] [SEVERE ] updating countdown to 56490
[10:47:35.782] [SEVERE ] updating countdown to 56468
[10:47:35.807] [SEVERE ] updating countdown to 56443
[10:47:35.833] [SEVERE ] updating countdown to 56417
[10:47:35.858] [SEVERE ] updating countdown to 56392
[10:47:35.879] [SEVERE ] updating countdown to 56371
[10:47:35.900] [SEVERE ] updating countdown to 56350
[10:47:35.923] [SEVERE ] updating countdown to 56327
[10:47:35.944] [SEVERE ] updating countdown to 56306
[10:47:35.969] [SEVERE ] updating countdown to 56281
[10:47:35.995] [SEVERE ] updating countdown to 56255
[10:47:36.017] [SEVERE ] updating countdown to 56233
[10:47:36.039] [SEVERE ] updating countdown to 56211
[10:47:36.065] [SEVERE ] updating countdown to 56185
[10:47:36.089] [SEVERE ] updating countdown to 56161
[10:47:36.114] [SEVERE ] updating countdown to 56136
[10:47:36.140] [SEVERE ] updating countdown to 56110
[10:47:36.164] [SEVERE ] updating countdown to 56086
[10:47:36.185] [SEVERE ] updating countdown to 56065
[10:47:36.206] [SEVERE ] updating countdown to 56044
[10:47:36.227] [SEVERE ] updating countdown to 56023
[10:47:36.249] [SEVERE ] updating countdown to 56001
[10:47:36.271] [SEVERE ] updating countdown to 55980
[10:47:36.296] [SEVERE ] updating countdown to 55954
[10:47:36.322] [SEVERE ] updating countdown to 55928
[10:47:36.345] [SEVERE ] updating countdown to 55905
[10:47:36.371] [SEVERE ] updating countdown to 55879
[10:47:36.397] [SEVERE ] updating countdown to 55853
[10:47:36.422] [SEVERE ] updating countdown to 55828
[10:47:36.448] [SEVERE ] updating countdown to 55802
[10:47:36.473] [SEVERE ] updating countdown to 55777
[10:47:36.494] [SEVERE ] updating countdown to 55756
[10:47:36.516] [SEVERE ] updating countdown to 55734
[10:47:36.543] [SEVERE ] updating countdown to 55707
[10:47:36.567] [SEVERE ] updating countdown to 55683
[10:47:36.589] [SEVERE ] updating countdown to 55661
[10:47:36.610] [SEVERE ] updating countdown to 55640
[10:47:36.636] [SEVERE ] updating countdown to 55614
[10:47:36.662] [SEVERE ] updating countdown to 55588
[10:47:36.688] [SEVERE ] updating countdown to 55562
[10:47:36.709] [SEVERE ] updating countdown to 55541
[10:47:36.735] [SEVERE ] updating countdown to 55515
[10:47:36.757] [SEVERE ] updating countdown to 55493
[10:47:36.779] [SEVERE ] updating countdown to 55471
[10:47:36.803] [SEVERE ] updating countdown to 55447
[10:47:36.826] [SEVERE ] updating countdown to 55424
[10:47:36.852] [SEVERE ] updating countdown to 55398
[10:47:36.878] [SEVERE ] updating countdown to 55372
[10:47:36.903] [SEVERE ] updating countdown to 55347
[10:47:36.925] [SEVERE ] updating countdown to 55325
[10:47:36.946] [SEVERE ] updating countdown to 55304
[10:47:36.970] [SEVERE ] updating countdown to 55280
[10:47:36.994] [SEVERE ] updating countdown to 55256
[10:47:37.017] [SEVERE ] updating countdown to 55233
[10:47:37.039] [SEVERE ] updating countdown to 55211
[10:47:37.065] [SEVERE ] updating countdown to 55185
[10:47:37.091] [SEVERE ] updating countdown to 55159
[10:47:37.113] [SEVERE ] updating countdown to 55137
[10:47:37.139] [SEVERE ] updating countdown to 55111
[10:47:37.165] [SEVERE ] updating countdown to 55085
[10:47:37.189] [SEVERE ] updating countdown to 55061
[10:47:37.211] [SEVERE ] updating countdown to 55039
[10:47:37.233] [SEVERE ] updating countdown to 55017
[10:47:37.256] [SEVERE ] updating countdown to 54994
[10:47:37.279] [SEVERE ] updating countdown to 54971
[10:47:37.301] [SEVERE ] updating countdown to 54949
[10:47:37.322] [SEVERE ] updating countdown to 54928
[10:47:37.348] [SEVERE ] updating countdown to 54902
[10:47:37.370] [SEVERE ] updating countdown to 54881
[10:47:37.395] [SEVERE ] updating countdown to 54855
[10:47:37.421] [SEVERE ] updating countdown to 54829
[10:47:37.444] [SEVERE ] updating countdown to 54806
[10:47:37.466] [SEVERE ] updating countdown to 54784
[10:47:37.488] [SEVERE ] updating countdown to 54762
[10:47:37.512] [SEVERE ] updating countdown to 54738
[10:47:37.536] [SEVERE ] updating countdown to 54715
[10:47:37.561] [SEVERE ] updating countdown to 54689
[10:47:37.582] [SEVERE ] updating countdown to 54668
[10:47:37.607] [SEVERE ] updating countdown to 54643
[10:47:37.630] [SEVERE ] updating countdown to 54620
[10:47:37.652] [SEVERE ] updating countdown to 54598
[10:47:37.674] [SEVERE ] updating countdown to 54576
[10:47:37.699] [SEVERE ] updating countdown to 54551
[10:47:37.720] [SEVERE ] updating countdown to 54530
[10:47:37.741] [SEVERE ] updating countdown to 54509
[10:47:37.763] [SEVERE ] updating countdown to 54487
[10:47:37.785] [SEVERE ] updating countdown to 54465
[10:47:37.806] [SEVERE ] updating countdown to 54444
[10:47:37.828] [SEVERE ] updating countdown to 54422
[10:47:37.849] [SEVERE ] updating countdown to 54401
[10:47:37.870] [SEVERE ] updating countdown to 54380
[10:47:37.892] [SEVERE ] updating countdown to 54358
[10:47:37.915] [SEVERE ] updating countdown to 54335
[10:47:37.937] [SEVERE ] updating countdown to 54313
[10:47:37.961] [SEVERE ] updating countdown to 54289
[10:47:37.986] [SEVERE ] updating countdown to 54264
[10:47:38.007] [SEVERE ] updating countdown to 54243
[10:47:38.035] [SEVERE ] updating countdown to 54215
[10:47:38.061] [SEVERE ] updating countdown to 54189
[10:47:38.087] [SEVERE ] updating countdown to 54163
[10:47:38.108] [SEVERE ] updating countdown to 54142
[10:47:38.130] [SEVERE ] updating countdown to 54120
[10:47:38.152] [SEVERE ] updating countdown to 54098
[10:47:38.174] [SEVERE ] updating countdown to 54076
[10:47:38.196] [SEVERE ] updating countdown to 54054
[10:47:38.222] [SEVERE ] updating countdown to 54028
[10:47:38.245] [SEVERE ] updating countdown to 54005
[10:47:38.271] [SEVERE ] updating countdown to 53979
[10:47:38.295] [SEVERE ] updating countdown to 53955
[10:47:38.312] [SEVERE ] key 81 was pressed by player 1
[10:47:38.312] [SEVERE ] player 1 placing token on slot 0
[10:47:38.316] [SEVERE ] updating countdown to 53934
[10:47:38.338] [SEVERE ] updating countdown to 53912
[10:47:38.363] [SEVERE ] updating countdown to 53887
[10:47:38.388] [SEVERE ] updating countdown to 53862
[10:47:38.409] [SEVERE ] updating countdown to 53841
[10:47:38.430] [SEVERE ] updating countdown to 53820
[10:47:38.454] [SEVERE ] updating countdown to 53796
[10:47:38.479] [SEVERE ] updating countdown to 53771
[10:47:38.501] [SEVERE ] updating countdown to 53749
[10:47:38.527] [SEVERE ] updating countdown to 53723
[10:47:38.551] [SEVERE ] updating countdown to 53699
[10:47:38.573] [SEVERE ] updating countdown to 53677
[10:47:38.599] [SEVERE ] updating countdown to 53651
[10:47:38.620] [SEVERE ] updating countdown to 53630
[10:47:38.622] [SEVERE ] key 83 was pressed by player 1
[10:47:38.622] [SEVERE ] player 1 placing token on slot 5
[10:47:38.642] [SEVERE ] updating countdown to 53608
[10:47:38.666] [SEVERE ] updating countdown to 53584
[10:47:38.687] [SEVERE ] updating countdown to 53563
[10:47:38.712] [SEVERE ] updating countdown to 53538
[10:47:38.735] [SEVERE ] updating countdown to 53515
[10:47:38.756] [SEVERE ] updating countdown to 53494
[10:47:38.778] [SEVERE ] updating countdown to 53472
[10:47:38.800] [SEVERE ] updating countdown to 53450
[10:47:38.825] [SEVERE ] updating countdown to 53425
[10:47:38.851] [SEVERE ] updating countdown to 53399
[10:47:38.874] [SEVERE ] updating countdown to 53376
[10:47:38.900] [SEVERE ] updating countdown to 53350
[10:47:38.922] [SEVERE ] updating countdown to 53328
[10:47:38.943] [SEVERE ] updating countdown to 53307
[10:47:38.952] [SEVERE ] key 67 was pressed by player 1
[10:47:38.953] [SEVERE ] player 1 placing token on slot 10
[10:47:38.953] [SEVERE ] removing player 1 token from slot 0
[10:47:38.954] [SEVERE ] removing player 1 token from slot 5
[10:47:38.954] [SEVERE ] removing player 1 token from slot 10
[10:47:38.956] [SEVERE ] setting player 1 freeze to 3000
[10:47:38.964] [SEVERE ] updating countdown to 53286
[10:47:38.985] [SEVERE ] updating countdown to 53265
[10:47:39.006] [SEVERE ] updating countdown to 53244
[10:47:39.028] [SEVERE ] updating countdown to 53222
[10:47:39.051] [SEVERE ] updating countdown to 53199
[10:47:39.072] [SEVERE ] updating countdown to 53178
[10:47:39.098] [SEVERE ] updating countdown to 53152
[10:47:39.119] [SEVERE ] updating countdown to 53131
[10:47:39.145] [SEVERE ] updating countdown to 53105
[10:47:39.170] [SEVERE ] updating countdown to 53080
[10:47:39.196] [SEVERE ] updating countdown to 53054
[10:47:39.218] [SEVERE ] updating countdown to 53032
[10:47:39.244] [SEVERE ] updating countdown to 53006
[10:47:39.270] [SEVERE ] updating countdown to 52980
[10:47:39.296] [SEVERE ] updating countdown to 52954
[10:47:39.318] [SEVERE ] updating countdown to 52932
[10:47:39.340] [SEVERE ] updating countdown to 52910
[10:47:39.363] [SEVERE ] updating countdown to 52887
[10:47:39.384] [SEVERE ] updating countdown to 52866
[10:47:39.410] [SEVERE ] updating countdown to 52840
[10:47:39.434] [SEVERE ] updating countdown to 52816
[10:47:39.460] [SEVERE ] updating countdown to 52790
[10:47:39.485] [SEVERE ] updating countdown to 52765
[10:47:39.506] [SEVERE ] updating countdown to 52744
[10:47:39.528] [SEVERE ] updating countdown to 52722
[10:47:39.551] [SEVERE ] updating countdown to 52699
[10:47:39.577] [SEVERE ] updating countdown to 52673
[10:47:39.600] [SEVERE ] updating countdown to 52650
[10:47:39.621] [SEVERE ] updating countdown to 52629
[10:47:39.643] [SEVERE ] updating countdown to 52607
[10:47:39.669] [SEVERE ] updating countdown to 52581
[10:47:39.691] [SEVERE ] updating countdown to 52559
[10:47:39.713] [SEVERE ] updating countdown to 52537
[10:47:39.738] [SEVERE ] updating countdown to 52512
[10:47:39.761] [SEVERE ] updating countdown to 52489
[10:47:39.783] [SEVERE ] updating countdown to 52467
[10:47:39.809] [SEVERE ] updating countdown to 52441
[10:47:39.830] [SEVERE ] updating countdown to 52420
[10:47:39.856] [SEVERE ] updating countdown to 52394
[10:47:39.878] [SEVERE ] updating countdown to 52372
[10:47:39.903] [SEVERE ] updating countdown to 52347
[10:47:39.928] [SEVERE ] updating countdown to 52322
[10:47:39.950] [SEVERE ] updating countdown to 52300
[10:47:39.971] [SEVERE ] updating countdown to 52279
[10:47:39.995] [SEVERE ] updating countdown to 52255
[10:47:40.019] [SEVERE ] updating countdown to 52231
[10:47:40.040] [SEVERE ] updating countdown to 52210
[10:47:40.062] [SEVERE ] updating countdown to 52188
[10:47:40.084] [SEVERE ] updating countdown to 52166
[10:47:40.106] [SEVERE ] updating countdown to 52144
[10:47:40.126] [SEVERE ] updating countdown to 52124
[10:47:40.149] [SEVERE ] updating countdown to 52101
[10:47:40.174] [SEVERE ] updating countdown to 52076
[10:47:40.199] [SEVERE ] updating countdown to 52051
[10:47:40.222] [SEVERE ] updating countdown to 52028
[10:47:40.245] [SEVERE ] updating countdown to 52005
[10:47:40.267] [SEVERE ] updating countdown to 51983
[10:47:40.288] [SEVERE ] updating countdown to 51962
[10:47:40.314] [SEVERE ] updating countdown to 51936
[10:47:40.340] [SEVERE ] updating countdown to 51910
[10:47:40.366] [SEVERE ] updating countdown to 51884
[10:47:40.392] [SEVERE ] updating countdown to 51858
[10:47:40.418] [SEVERE ] updating countdown to 51832
[10:47:40.444] [SEVERE ] updating countdown to 51806
[10:47:40.469] [SEVERE ] updating countdown to 51781
[10:47:40.495] [SEVERE ] updating countdown to 51755
[10:47:40.521] [SEVERE ] updating countdown to 51729
[10:47:40.547] [SEVERE ] updating countdown to 51703
[10:47:40.569] [SEVERE ] updating countdown to 51681
[10:47:40.594] [SEVERE ] updating countdown to 51656
[10:47:40.620] [SEVERE ] updating countdown to 51630
[10:47:40.641] [SEVERE ] updating countdown to 51609
[10:47:40.667] [SEVERE ] updating countdown to 51583
[10:47:40.689] [SEVERE ] updating countdown to 51561
[10:47:40.715] [SEVERE ] updating countdown to 51535
[10:47:40.736] [SEVERE ] updating countdown to 51514
[10:47:40.762] [SEVERE ] updating countdown to 51488
[10:47:40.788] [SEVERE ] updating countdown to 51462
[10:47:40.814] [SEVERE ] updating countdown to 51436
[10:47:40.840] [SEVERE ] updating countdown to 51410
[10:47:40.866] [SEVERE ] updating countdown to 51384
[10:47:40.891] [SEVERE ] updating countdown to 51359
[10:47:40.916] [SEVERE ] updating countdown to 51334
[10:47:40.942] [SEVERE ] updating countdown to 51308
[10:47:40.965] [SEVERE ] updating countdown to 51285
[10:47:40.988] [SEVERE ] updating countdown to 51262
[10:47:41.013] [SEVERE ] updating countdown to 51237
[10:47:41.034] [SEVERE ] updating countdown to 51216
[10:47:41.057] [SEVERE ] updating countdown to 51193
[10:47:41.081] [SEVERE ] updating countdown to 51169
[10:47:41.107] [SEVERE ] updating countdown to 51143
[10:47:41.129] [SEVERE ] updating countdown to 51121
[10:47:41.150] [SEVERE ] updating countdown to 51100
[10:47:41.171] [SEVERE ] updating countdown to 51079
[10:47:41.192] [SEVERE ] updating countdown to 51058
[10:47:41.213] [SEVERE ] updating countdown to 51037
[10:47:41.234] [SEVERE ] updating countdown to 51016
[10:47:41.260] [SEVERE ] updating countdown to 50990
[10:47:41.284] [SEVERE ] updating countdown to 50966
[10:47:41.310] [SEVERE ] updating countdown to 50940
[10:47:41.334] [SEVERE ] updating countdown to 50916
[10:47:41.360] [SEVERE ] updating countdown to 50890
[10:47:41.382] [SEVERE ] updating countdown to 50868
[10:47:41.404] [SEVERE ] updating countdown to 50846
[10:47:41.430] [SEVERE ] updating countdown to 50820
[10:47:41.455] [SEVERE ] updating countdown to 50795
[10:47:41.481] [SEVERE ] updating countdown to 50769
[10:47:41.504] [SEVERE ] updating countdown to 50746
[10:47:41.529] [SEVERE ] updating countdown to 50721
[10:47:41.550] [SEVERE ] updating countdown to 50700
[10:47:41.575] [SEVERE ] updating countdown to 50675
[10:47:41.598] [SEVERE ] updating countdown to 50652
[10:47:41.624] [SEVERE ] updating countdown to 50626
[10:47:41.649] [SEVERE ] updating countdown to 50601
[10:47:41.675] [SEVERE ] updating countdown to 50575
[10:47:41.700] [SEVERE ] updating countdown to 50550
[10:47:41.722] [SEVERE ] updating countdown to 50528
[10:47:41.748] [SEVERE ] updating countdown to 50502
[10:47:41.774] [SEVERE ] updating countdown to 50476
[10:47:41.800] [SEVERE ] updating countdown to 50450
[10:47:41.827] [SEVERE ] updating countdown to 50423
[10:47:41.853] [SEVERE ] updating countdown to 50397
[10:47:41.878] [SEVERE ] updating countdown to 50372
[10:47:41.904] [SEVERE ] updating countdown to 50346
[10:47:41.928] [SEVERE ] updating countdown to 50322
[10:47:41.949] [SEVERE ] updating countdown to 50301
[10:47:41.959] [SEVERE ] setting player 1 freeze to 0
[10:47:41.970] [SEVERE ] updating countdown to 50280
[10:47:41.991] [SEVERE ] updating countdown to 50259
[10:47:42.014] [SEVERE ] updating countdown to 50236
[10:47:42.040] [SEVERE ] updating countdown to 50210
[10:47:42.066] [SEVERE ] updating countdown to 50184
[10:47:42.092] [SEVERE ] updating countdown to 50158
[10:47:42.113] [SEVERE ] updating countdown to 50137
[10:47:42.135] [SEVERE ] updating countdown to 50115
[10:47:42.157] [SEVERE ] updating countdown to 50093
[10:47:42.180] [SEVERE ] updating countdown to 50070
[10:47:42.204] [SEVERE ] updating countdown to 50046
[10:47:42.226] [SEVERE ] updating countdown to 50024
[10:47:42.248] [SEVERE ] updating countdown to 50002
[10:47:42.273] [SEVERE ] updating countdown to 49977
[10:47:42.299] [SEVERE ] updating countdown to 49951
[10:47:42.322] [SEVERE ] updating countdown to 49928
[10:47:42.346] [SEVERE ] updating countdown to 49904
[10:47:42.372] [SEVERE ] updating countdown to 49878
[10:47:42.375] [SEVERE ] key 68 was pressed by player 1
[10:47:42.376] [SEVERE ] player 1 placing token on slot 6
[10:47:42.393] [SEVERE ] updating countdown to 49857
[10:47:42.416] [SEVERE ] updating countdown to 49834
[10:47:42.438] [SEVERE ] updating countdown to 49812
[10:47:42.459] [SEVERE ] updating countdown to 49791
[10:47:42.485] [SEVERE ] updating countdown to 49765
[10:47:42.508] [SEVERE ] updating countdown to 49742
[10:47:42.531] [SEVERE ] updating countdown to 49719
[10:47:42.557] [SEVERE ] updating countdown to 49693
[10:47:42.578] [SEVERE ] updating countdown to 49672
[10:47:42.603] [SEVERE ] updating countdown to 49647
[10:47:42.624] [SEVERE ] updating countdown to 49626
[10:47:42.646] [SEVERE ] updating countdown to 49604
[10:47:42.666] [SEVERE ] updating countdown to 49584
[10:47:42.690] [SEVERE ] updating countdown to 49560
[10:47:42.714] [SEVERE ] updating countdown to 49536
[10:47:42.739] [SEVERE ] updating countdown to 49511
[10:47:42.762] [SEVERE ] updating countdown to 49488
[10:47:42.783] [SEVERE ] updating countdown to 49467
[10:47:42.805] [SEVERE ] updating countdown to 49445
[10:47:42.827] [SEVERE ] updating countdown to 49423
[10:47:42.849] [SEVERE ] updating countdown to 49401
[10:47:42.875] [SEVERE ] updating countdown to 49375
[10:47:42.899] [SEVERE ] updating countdown to 49351
[10:47:42.922] [SEVERE ] updating countdown to 49328
[10:47:42.943] [SEVERE ] updating countdown to 49307
[10:47:42.968] [SEVERE ] updating countdown to 49282
[10:47:42.994] [SEVERE ] updating countdown to 49256
[10:47:43.016] [SEVERE ] updating countdown to 49234
[10:47:43.037] [SEVERE ] updating countdown to 49213
[10:47:43.058] [SEVERE ] updating countdown to 49192
[10:47:43.082] [SEVERE ] updating countdown to 49168
[10:47:43.103] [SEVERE ] updating countdown to 49147
[10:47:43.129] [SEVERE ] updating countdown to 49121
[10:47:43.150] [SEVERE ] updating countdown to 49100
[10:47:43.172] [SEVERE ] updating countdown to 49078
[10:47:43.194] [SEVERE ] updating countdown to 49056
[10:47:43.220] [SEVERE ] updating countdown to 49030
[10:47:43.241] [SEVERE ] key 68 was pressed by player 1
[10:47:43.241] [SEVERE ] removing player 1 token from slot 6
[10:47:43.241] [SEVERE ] updating countdown to 49009
[10:47:43.241] [SEVERE ] player 1 placing token on slot 6
[10:47:43.263] [SEVERE ] updating countdown to 48987
[10:47:43.287] [SEVERE ] updating countdown to 48963
[10:47:43.309] [SEVERE ] updating countdown to 48941
[10:47:43.333] [SEVERE ] updating countdown to 48917
[10:47:43.359] [SEVERE ] updating countdown to 48891
[10:47:43.383] [SEVERE ] updating countdown to 48867
[10:47:43.404] [SEVERE ] updating countdown to 48846
[10:47:43.425] [SEVERE ] updating countdown to 48825
[10:47:43.448] [SEVERE ] updating countdown to 48802
[10:47:43.469] [SEVERE ] updating countdown to 48781
[10:47:43.493] [SEVERE ] updating countdown to 48757
[10:47:43.514] [SEVERE ] updating countdown to 48736
[10:47:43.536] [SEVERE ] updating countdown to 48714
[10:47:43.560] [SEVERE ] updating countdown to 48690
[10:47:43.586] [SEVERE ] updating countdown to 48664
[10:47:43.607] [SEVERE ] updating countdown to 48643
[10:47:43.629] [SEVERE ] updating countdown to 48621
[10:47:43.653] [SEVERE ] updating countdown to 48597
[10:47:43.675] [SEVERE ] updating countdown to 48575
[10:47:43.676] [SEVERE ] key 83 was pressed by player 1
[10:47:43.676] [SEVERE ] player 1 placing token on slot 5
[10:47:43.677] [SEVERE ] removing player 1 token from slot 5
[10:47:43.677] [SEVERE ] setting player 1 freeze to 3000
[10:47:43.697] [SEVERE ] updating countdown to 48553
[10:47:43.720] [SEVERE ] updating countdown to 48530
[10:47:43.741] [SEVERE ] updating countdown to 48509
[10:47:43.763] [SEVERE ] updating countdown to 48487
[10:47:43.785] [SEVERE ] updating countdown to 48465
[10:47:43.806] [SEVERE ] updating countdown to 48444
[10:47:43.828] [SEVERE ] updating countdown to 48422
[10:47:43.851] [SEVERE ] updating countdown to 48399
[10:47:43.875] [SEVERE ] updating countdown to 48375
[10:47:43.897] [SEVERE ] updating countdown to 48353
[10:47:43.919] [SEVERE ] updating countdown to 48331
[10:47:43.940] [SEVERE ] updating countdown to 48310
[10:47:43.962] [SEVERE ] updating countdown to 48288
[10:47:43.986] [SEVERE ] updating countdown to 48264
[10:47:44.012] [SEVERE ] updating countdown to 48238
[10:47:44.033] [SEVERE ] updating countdown to 48217
[10:47:44.055] [SEVERE ] updating countdown to 48195
[10:47:44.077] [SEVERE ] updating countdown to 48173
[10:47:44.097] [SEVERE ] updating countdown to 48153
[10:47:44.123] [SEVERE ] updating countdown to 48127
[10:47:44.145] [SEVERE ] updating countdown to 48105
[10:47:44.169] [SEVERE ] updating countdown to 48081
[10:47:44.191] [SEVERE ] updating countdown to 48059
[10:47:44.216] [SEVERE ] updating countdown to 48034
[10:47:44.240] [SEVERE ] updating countdown to 48010
[10:47:44.266] [SEVERE ] updating countdown to 47984
[10:47:44.291] [SEVERE ] updating countdown to 47959
[10:47:44.317] [SEVERE ] updating countdown to 47933
[10:47:44.342] [SEVERE ] updating countdown to 47908
[10:47:44.368] [SEVERE ] updating countdown to 47882
[10:47:44.390] [SEVERE ] updating countdown to 47860
[10:47:44.414] [SEVERE ] updating countdown to 47836
[10:47:44.439] [SEVERE ] updating countdown to 47811
[10:47:44.460] [SEVERE ] updating countdown to 47790
[10:47:44.486] [SEVERE ] updating countdown to 47764
[10:47:44.506] [SEVERE ] updating countdown to 47744
[10:47:44.530] [SEVERE ] updating countdown to 47720
[10:47:44.555] [SEVERE ] updating countdown to 47695
[10:47:44.581] [SEVERE ] updating countdown to 47669
[10:47:44.607] [SEVERE ] updating countdown to 47643
[10:47:44.633] [SEVERE ] updating countdown to 47617
[10:47:44.659] [SEVERE ] updating countdown to 47591
[10:47:44.685] [SEVERE ] updating countdown to 47565
[10:47:44.711] [SEVERE ] updating countdown to 47539
[10:47:44.737] [SEVERE ] updating countdown to 47513
[10:47:44.763] [SEVERE ] updating countdown to 47487
[10:47:44.784] [SEVERE ] updating countdown to 47466
[10:47:44.809] [SEVERE ] updating countdown to 47441
[10:47:44.835] [SEVERE ] updating countdown to 47415
[10:47:44.857] [SEVERE ] updating countdown to 47393
[10:47:44.878] [SEVERE ] updating countdown to 47372
[10:47:44.902] [SEVERE ] updating countdown to 47348
[10:47:44.924] [SEVERE ] updating countdown to 47326
[10:47:44.950] [SEVERE ] updating countdown to 47300
[10:47:44.973] [SEVERE ] updating countdown to 47277
[10:47:44.995] [SEVERE ] updating countdown to 47255
[10:47:45.016] [SEVERE ] updating countdown to 47234
[10:47:45.037] [SEVERE ] updating countdown to 47213
[10:47:45.058] [SEVERE ] updating countdown to 47192
[10:47:45.079] [SEVERE ] updating countdown to 47171
[10:47:45.101] [SEVERE ] updating countdown to 47149
[10:47:45.122] [SEVERE ] updating countdown to 47128
[10:47:45.145] [SEVERE ] updating countdown to 47105
[10:47:45.170] [SEVERE ] updating countdown to 47080
[10:47:45.196] [SEVERE ] updating countdown to 47054
[10:47:45.222] [SEVERE ] updating countdown to 47028
[10:47:45.245] [SEVERE ] updating countdown to 47005
[10:47:45.267] [SEVERE ] updating countdown to 46983
[10:47:45.289] [SEVERE ] updating countdown to 46961
[10:47:45.315] [SEVERE ] updating countdown to 46935
[10:47:45.336] [SEVERE ] updating countdown to 46914
[10:47:45.362] [SEVERE ] updating countdown to 46888
[10:47:45.384] [SEVERE ] updating countdown to 46867
[10:47:45.405] [SEVERE ] updating countdown to 46845
[10:47:45.427] [SEVERE ] updating countdown to 46823
[10:47:45.451] [SEVERE ] updating countdown to 46799
[10:47:45.473] [SEVERE ] updating countdown to 46777
[10:47:45.494] [SEVERE ] updating countdown to 46756
[10:47:45.520] [SEVERE ] updating countdown to 46730
[10:47:45.544] [SEVERE ] updating countdown to 46706
[10:47:45.569] [SEVERE ] updating countdown to 46681
[10:47:45.591] [SEVERE ] updating countdown to 46659
[10:47:45.612] [SEVERE ] updating countdown to 46638
[10:47:45.635] [SEVERE ] updating countdown to 46615
[10:47:45.658] [SEVERE ] updating countdown to 46592
[10:47:45.684] [SEVERE ] updating countdown to 46566
[10:47:45.707] [SEVERE ] updating countdown to 46543
[10:47:45.714] [SEVERE ] key 83 was pressed by player 1
[10:47:45.729] [SEVERE ] updating countdown to 46521
[10:47:45.730] [SEVERE ] key 68 was pressed by player 1
[10:47:45.752] [SEVERE ] updating countdown to 46498
[10:47:45.778] [SEVERE ] updating countdown to 46472
[10:47:45.802] [SEVERE ] updating countdown to 46448
[10:47:45.824] [SEVERE ] updating countdown to 46426
[10:47:45.847] [SEVERE ] updating countdown to 46403
[10:47:45.873] [SEVERE ] updating countdown to 46377
[10:47:45.895] [SEVERE ] updating countdown to 46355
[10:47:45.921] [SEVERE ] updating countdown to 46329
[10:47:45.946] [SEVERE ] updating countdown to 46304
[10:47:45.968] [SEVERE ] updating countdown to 46282
[10:47:45.990] [SEVERE ] updating countdown to 46260
[10:47:46.016] [SEVERE ] updating countdown to 46234
[10:47:46.039] [SEVERE ] updating countdown to 46211
[10:47:46.060] [SEVERE ] updating countdown to 46190
[10:47:46.086] [SEVERE ] updating countdown to 46164
[10:47:46.111] [SEVERE ] updating countdown to 46139
[10:47:46.136] [SEVERE ] updating countdown to 46114
[10:47:46.157] [SEVERE ] updating countdown to 46093
[10:47:46.183] [SEVERE ] updating countdown to 46067
[10:47:46.204] [SEVERE ] updating countdown to 46046
[10:47:46.225] [SEVERE ] updating countdown to 46025
[10:47:46.250] [SEVERE ] updating countdown to 46000
[10:47:46.254] [SEVERE ] key 83 was pressed by player 1
[10:47:46.275] [SEVERE ] updating countdown to 45975
[10:47:46.298] [SEVERE ] updating countdown to 45952
[10:47:46.323] [SEVERE ] updating countdown to 45927
[10:47:46.347] [SEVERE ] updating countdown to 45903
[10:47:46.370] [SEVERE ] updating countdown to 45880
[10:47:46.392] [SEVERE ] updating countdown to 45858
[10:47:46.415] [SEVERE ] updating countdown to 45835
[10:47:46.439] [SEVERE ] updating countdown to 45811
[10:47:46.464] [SEVERE ] updating countdown to 45786
[10:47:46.489] [SEVERE ] updating countdown to 45761
[10:47:46.511] [SEVERE ] updating countdown to 45739
[10:47:46.532] [SEVERE ] updating countdown to 45718
[10:47:46.554] [SEVERE ] updating countdown to 45696
[10:47:46.576] [SEVERE ] updating countdown to 45674
[10:47:46.597] [SEVERE ] updating countdown to 45653
[10:47:46.623] [SEVERE ] updating countdown to 45627
[10:47:46.648] [SEVERE ] updating countdown to 45602
[10:47:46.661] [SEVERE ] key 83 was pressed by player 1
[10:47:46.671] [SEVERE ] updating countdown to 45579
[10:47:46.678] [SEVERE ] setting player 1 freeze to 0
[10:47:46.678] [SEVERE ] player 1 placing token on slot 5
[10:47:46.679] [SEVERE ] player 1 placing token on slot 6
[10:47:46.679] [SEVERE ] removing player 1 token from slot 5
[10:47:46.679] [SEVERE ] player 1 placing token on slot 5
[10:47:46.679] [SEVERE ] removing player 1 token from slot 5
[10:47:46.679] [SEVERE ] setting player 1 freeze to 3000
[10:47:46.693] [SEVERE ] updating countdown to 45557
[10:47:46.715] [SEVERE ] updating countdown to 45535
[10:47:46.738] [SEVERE ] updating countdown to 45512
[10:47:46.759] [SEVERE ] updating countdown to 45491
[10:47:46.780] [SEVERE ] updating countdown to 45470
[10:47:46.803] [SEVERE ] updating countdown to 45447
[10:47:46.824] [SEVERE ] updating countdown to 45426
[10:47:46.850] [SEVERE ] updating countdown to 45400
[10:47:46.871] [SEVERE ] updating countdown to 45379
[10:47:46.897] [SEVERE ] updating countdown to 45353
[10:47:46.921] [SEVERE ] updating countdown to 45329
[10:47:46.942] [SEVERE ] updating countdown to 45308
[10:47:46.963] [SEVERE ] updating countdown to 45287
[10:47:46.985] [SEVERE ] updating countdown to 45265
[10:47:47.006] [SEVERE ] updating countdown to 45244
[10:47:47.029] [SEVERE ] updating countdown to 45221
[10:47:47.050] [SEVERE ] updating countdown to 45200
[10:47:47.072] [SEVERE ] updating countdown to 45178
[10:47:47.093] [SEVERE ] updating countdown to 45157
[10:47:47.115] [SEVERE ] updating countdown to 45135
[10:47:47.136] [SEVERE ] updating countdown to 45114
[10:47:47.162] [SEVERE ] updating countdown to 45088
[10:47:47.185] [SEVERE ] updating countdown to 45065
[10:47:47.211] [SEVERE ] updating countdown to 45039
[10:47:47.232] [SEVERE ] updating countdown to 45018
[10:47:47.258] [SEVERE ] updating countdown to 44992
[10:47:47.284] [SEVERE ] updating countdown to 44966
[10:47:47.309] [SEVERE ] updating countdown to 44941
[10:47:47.331] [SEVERE ] updating countdown to 44919
[10:47:47.355] [SEVERE ] updating countdown to 44895
[10:47:47.378] [SEVERE ] updating countdown to 44872
[10:47:47.403] [SEVERE ] updating countdown to 44847
[10:47:47.428] [SEVERE ] updating countdown to 44822
[10:47:47.450] [SEVERE ] updating countdown to 44800
[10:47:47.475] [SEVERE ] updating countdown to 44775
[10:47:47.499] [SEVERE ] updating countdown to 44751
[10:47:47.525] [SEVERE ] updating countdown to 44725
[10:47:47.550] [SEVERE ] updating countdown to 44700
[10:47:47.576] [SEVERE ] updating countdown to 44674
[10:47:47.600] [SEVERE ] updating countdown to 44650
[10:47:47.626] [SEVERE ] updating countdown to 44624
[10:47:47.649] [SEVERE ] updating countdown to 44601
[10:47:47.672] [SEVERE ] updating countdown to 44578
[10:47:47.698] [SEVERE ] updating countdown to 44552
[10:47:47.724] [SEVERE ] updating countdown to 44526
[10:47:47.749] [SEVERE ] updating countdown to 44501
[10:47:47.770] [SEVERE ] updating countdown to 44480
[10:47:47.796] [SEVERE ] updating countdown to 44454
[10:47:47.822] [SEVERE ] updating countdown to 44428
[10:47:47.848] [SEVERE ] updating countdown to 44402
[10:47:47.869] [SEVERE ] updating countdown to 44381
[10:47:47.895] [SEVERE ] updating countdown to 44355
[10:47:47.919] [SEVERE ] updating countdown to 44331
[10:47:47.944] [SEVERE ] updating countdown to 44306
[10:47:47.965] [SEVERE ] updating countdown to 44285
[10:47:47.991] [SEVERE ] updating countdown to 44259
[10:47:48.013] [SEVERE ] updating countdown to 44237
[10:47:48.024] [SEVERE ] key 83 was pressed by player 1
[10:47:48.033] [SEVERE ] updating countdown to 44217
[10:47:48.061] [SEVERE ] updating countdown to 44189
[10:47:48.087] [SEVERE ] updating countdown to 44163
[10:47:48.113] [SEVERE ] updating countdown to 44137
[10:47:48.139] [SEVERE ] updating countdown to 44111
[10:47:48.164] [SEVERE ] updating countdown to 44086
[10:47:48.186] [SEVERE ] updating countdown to 44064
[10:47:48.207] [SEVERE ] updating countdown to 44043
[10:47:48.229] [SEVERE ] updating countdown to 44021
[10:47:48.253] [SEVERE ] updating countdown to 43997
[10:47:48.279] [SEVERE ] updating countdown to 43971
[10:47:48.300] [SEVERE ] updating countdown to 43950
[10:47:48.324] [SEVERE ] updating countdown to 43926
[10:47:48.350] [SEVERE ] updating countdown to 43900
[10:47:48.374] [SEVERE ] updating countdown to 43876
[10:47:48.397] [SEVERE ] updating countdown to 43853
[10:47:48.415] [SEVERE ] key 65 was pressed by player 1
[10:47:48.419] [SEVERE ] updating countdown to 43831
[10:47:48.439] [SEVERE ] updating countdown to 43811
[10:47:48.461] [SEVERE ] updating countdown to 43789
[10:47:48.486] [SEVERE ] updating countdown to 43764
[10:47:48.511] [SEVERE ] updating countdown to 43739
[10:47:48.532] [SEVERE ] updating countdown to 43718
[10:47:48.557] [SEVERE ] updating countdown to 43693
[10:47:48.579] [SEVERE ] updating countdown to 43671
[10:47:48.605] [SEVERE ] updating countdown to 43645
[10:47:48.627] [SEVERE ] updating countdown to 43623
[10:47:48.652] [SEVERE ] updating countdown to 43598
[10:47:48.678] [SEVERE ] updating countdown to 43572
[10:47:48.699] [SEVERE ] updating countdown to 43551
[10:47:48.720] [SEVERE ] updating countdown to 43530
[10:47:48.728] [SEVERE ] key 81 was pressed by player 1
[10:47:48.743] [SEVERE ] updating countdown to 43507
[10:47:48.764] [SEVERE ] updating countdown to 43486
[10:47:48.773] [SEVERE ] key 87 was pressed by player 1
[10:47:48.786] [SEVERE ] updating countdown to 43464
[10:47:48.812] [SEVERE ] updating countdown to 43438
[10:47:48.838] [SEVERE ] updating countdown to 43412
[10:47:48.864] [SEVERE ] updating countdown to 43386
[10:47:48.885] [SEVERE ] updating countdown to 43365
[10:47:48.908] [SEVERE ] updating countdown to 43342
[10:47:48.929] [SEVERE ] updating countdown to 43321
[10:47:48.951] [SEVERE ] updating countdown to 43299
[10:47:48.973] [SEVERE ] updating countdown to 43277
[10:47:48.998] [SEVERE ] updating countdown to 43252
[10:47:49.020] [SEVERE ] updating countdown to 43230
[10:47:49.042] [SEVERE ] updating countdown to 43208
[10:47:49.068] [SEVERE ] updating countdown to 43182
[10:47:49.080] [SEVERE ] key 81 was pressed by player 1
[10:47:49.091] [SEVERE ] updating countdown to 43159
[10:47:49.105] [SEVERE ] key 87 was pressed by player 1
[10:47:49.114] [SEVERE ] updating countdown to 43136
[10:47:49.138] [SEVERE ] updating countdown to 43112
[10:47:49.159] [SEVERE ] updating countdown to 43091
[10:47:49.185] [SEVERE ] updating countdown to 43065
[10:47:49.210] [SEVERE ] updating countdown to 43040
[10:47:49.233] [SEVERE ] updating countdown to 43017
[10:47:49.255] [SEVERE ] updating countdown to 42995
[10:47:49.276] [SEVERE ] updating countdown to 42974
[10:47:49.299] [SEVERE ] updating countdown to 42951
[10:47:49.322] [SEVERE ] updating countdown to 42928
[10:47:49.348] [SEVERE ] updating countdown to 42902
[10:47:49.374] [SEVERE ] updating countdown to 42876
[10:47:49.397] [SEVERE ] updating countdown to 42853
[10:47:49.423] [SEVERE ] updating countdown to 42827
[10:47:49.445] [SEVERE ] updating countdown to 42805
[10:47:49.470] [SEVERE ] updating countdown to 42780
[10:47:49.486] [SEVERE ] key 83 was pressed by player 1
[10:47:49.487] [SEVERE ] key 65 was pressed by player 1
[10:47:49.491] [SEVERE ] updating countdown to 42759
[10:47:49.516] [SEVERE ] updating countdown to 42734
[10:47:49.538] [SEVERE ] updating countdown to 42712
[10:47:49.560] [SEVERE ] updating countdown to 42690
[10:47:49.582] [SEVERE ] updating countdown to 42668
[10:47:49.603] [SEVERE ] updating countdown to 42647
[10:47:49.629] [SEVERE ] updating countdown to 42621
[10:47:49.655] [SEVERE ] updating countdown to 42595
[10:47:49.681] [SEVERE ] updating countdown to 42569
[10:47:49.684] [SEVERE ] setting player 1 freeze to 0
[10:47:49.684] [SEVERE ] player 1 placing token on slot 5
[10:47:49.685] [SEVERE ] player 1 placing token on slot 4
[10:47:49.685] [SEVERE ] player 1 placing token on slot 0
[10:47:49.686] [SEVERE ] removing player 1 token from slot 0
[10:47:49.686] [SEVERE ] removing player 1 token from slot 5
[10:47:49.686] [SEVERE ] setting player 1 freeze to 3000
[10:47:49.704] [SEVERE ] updating countdown to 42546
[10:47:49.727] [SEVERE ] updating countdown to 42523
[10:47:49.753] [SEVERE ] updating countdown to 42497
[10:47:49.779] [SEVERE ] updating countdown to 42471
[10:47:49.803] [SEVERE ] updating countdown to 42447
[10:47:49.824] [SEVERE ] updating countdown to 42426
[10:47:49.850] [SEVERE ] updating countdown to 42400
[10:47:49.876] [SEVERE ] updating countdown to 42374
[10:47:49.902] [SEVERE ] updating countdown to 42348
[10:47:49.923] [SEVERE ] updating countdown to 42327
[10:47:49.946] [SEVERE ] updating countdown to 42304
[10:47:49.971] [SEVERE ] updating countdown to 42279
[10:47:49.997] [SEVERE ] updating countdown to 42253
[10:47:50.019] [SEVERE ] updating countdown to 42231
[10:47:50.043] [SEVERE ] updating countdown to 42207
[10:47:50.064] [SEVERE ] updating countdown to 42186
[10:47:50.085] [SEVERE ] updating countdown to 42165
[10:47:50.107] [SEVERE ] updating countdown to 42143
[10:47:50.128] [SEVERE ] updating countdown to 42122
[10:47:50.149] [SEVERE ] updating countdown to 42101
[10:47:50.175] [SEVERE ] updating countdown to 42075
[10:47:50.196] [SEVERE ] updating countdown to 42054
[10:47:50.217] [SEVERE ] updating countdown to 42033
[10:47:50.240] [SEVERE ] updating countdown to 42010
[10:47:50.262] [SEVERE ] updating countdown to 41988
[10:47:50.283] [SEVERE ] updating countdown to 41967
[10:47:50.304] [SEVERE ] updating countdown to 41946
[10:47:50.306] [SEVERE ] key 81 was pressed by player 1
[10:47:50.326] [SEVERE ] updating countdown to 41924
[10:47:50.351] [SEVERE ] updating countdown to 41899
[10:47:50.373] [SEVERE ] updating countdown to 41877
[10:47:50.399] [SEVERE ] updating countdown to 41851
[10:47:50.421] [SEVERE ] updating countdown to 41829
[10:47:50.442] [SEVERE ] updating countdown to 41808
[10:47:50.464] [SEVERE ] updating countdown to 41786
[10:47:50.489] [SEVERE ] updating countdown to 41761
[10:47:50.511] [SEVERE ] updating countdown to 41739
[10:47:50.533] [SEVERE ] updating countdown to 41717
[10:47:50.554] [SEVERE ] updating countdown to 41696
[10:47:50.580] [SEVERE ] updating countdown to 41670
[10:47:50.601] [SEVERE ] updating countdown to 41649
[10:47:50.623] [SEVERE ] updating countdown to 41627
[10:47:50.639] [SEVERE ] key 81 was pressed by player 1
[10:47:50.645] [SEVERE ] updating countdown to 41605
[10:47:50.667] [SEVERE ] updating countdown to 41583
[10:47:50.689] [SEVERE ] updating countdown to 41561
[10:47:50.711] [SEVERE ] updating countdown to 41539
[10:47:50.732] [SEVERE ] updating countdown to 41518
[10:47:50.754] [SEVERE ] updating countdown to 41496
[10:47:50.780] [SEVERE ] updating countdown to 41470
[10:47:50.806] [SEVERE ] updating countdown to 41444
[10:47:50.832] [SEVERE ] updating countdown to 41418
[10:47:50.854] [SEVERE ] updating countdown to 41396
[10:47:50.880] [SEVERE ] updating countdown to 41370
[10:47:50.894] [SEVERE ] key 65 was pressed by player 1
[10:47:50.903] [SEVERE ] updating countdown to 41347
[10:47:50.924] [SEVERE ] updating countdown to 41326
[10:47:50.945] [SEVERE ] updating countdown to 41305
[10:47:50.966] [SEVERE ] updating countdown to 41284
[10:47:50.988] [SEVERE ] updating countdown to 41262
[10:47:51.013] [SEVERE ] updating countdown to 41237
[10:47:51.035] [SEVERE ] updating countdown to 41215
[10:47:51.058] [SEVERE ] updating countdown to 41192
[10:47:51.079] [SEVERE ] updating countdown to 41171
[10:47:51.105] [SEVERE ] updating countdown to 41145
[10:47:51.128] [SEVERE ] updating countdown to 41122
[10:47:51.149] [SEVERE ] updating countdown to 41101
[10:47:51.170] [SEVERE ] updating countdown to 41080
[10:47:51.191] [SEVERE ] updating countdown to 41059
[10:47:51.213] [SEVERE ] updating countdown to 41037
[10:47:51.234] [SEVERE ] updating countdown to 41016
[10:47:51.260] [SEVERE ] updating countdown to 40990
[10:47:51.281] [SEVERE ] updating countdown to 40969
[10:47:51.282] [SEVERE ] key 83 was pressed by player 1
[10:47:51.303] [SEVERE ] updating countdown to 40947
[10:47:51.329] [SEVERE ] updating countdown to 40921
[10:47:51.351] [SEVERE ] updating countdown to 40899
[10:47:51.377] [SEVERE ] updating countdown to 40873
[10:47:51.402] [SEVERE ] updating countdown to 40848
[10:47:51.425] [SEVERE ] updating countdown to 40825
[10:47:51.451] [SEVERE ] updating countdown to 40799
[10:47:51.477] [SEVERE ] updating countdown to 40773
[10:47:51.490] [SEVERE ] key 68 was pressed by player 1
[10:47:51.500] [SEVERE ] updating countdown to 40750
[10:47:51.526] [SEVERE ] updating countdown to 40724
[10:47:51.548] [SEVERE ] updating countdown to 40702
[10:47:51.572] [SEVERE ] updating countdown to 40678
[10:47:51.594] [SEVERE ] updating countdown to 40656
[10:47:51.619] [SEVERE ] updating countdown to 40631
[10:47:51.640] [SEVERE ] updating countdown to 40610
[10:47:51.663] [SEVERE ] updating countdown to 40587
[10:47:51.685] [SEVERE ] updating countdown to 40565
[10:47:51.707] [SEVERE ] updating countdown to 40543
[10:47:51.733] [SEVERE ] updating countdown to 40517
[10:47:51.759] [SEVERE ] updating countdown to 40491
[10:47:51.785] [SEVERE ] updating countdown to 40465
[10:47:51.811] [SEVERE ] updating countdown to 40439
[10:47:51.837] [SEVERE ] updating countdown to 40413
[10:47:51.863] [SEVERE ] updating countdown to 40387
[10:47:51.868] [SEVERE ] key 68 was pressed by player 1
[10:47:51.870] [SEVERE ] key 69 was pressed by player 1
[10:47:51.886] [SEVERE ] updating countdown to 40364
[10:47:51.907] [SEVERE ] updating countdown to 40343
[10:47:51.929] [SEVERE ] updating countdown to 40321
[10:47:51.953] [SEVERE ] updating countdown to 40297
[10:47:51.973] [SEVERE ] updating countdown to 40277
[10:47:51.994] [SEVERE ] updating countdown to 40256
[10:47:52.018] [SEVERE ] updating countdown to 40232
[10:47:52.043] [SEVERE ] updating countdown to 40207
[10:47:52.066] [SEVERE ] updating countdown to 40184
[10:47:52.087] [SEVERE ] updating countdown to 40163
[10:47:52.109] [SEVERE ] updating countdown to 40141
[10:47:52.134] [SEVERE ] updating countdown to 40116
[10:47:52.156] [SEVERE ] updating countdown to 40094
[10:47:52.181] [SEVERE ] updating countdown to 40069
[10:47:52.207] [SEVERE ] updating countdown to 40043
[10:47:52.228] [SEVERE ] updating countdown to 40022
[10:47:52.249] [SEVERE ] updating countdown to 40001
[10:47:52.255] [SEVERE ] key 87 was pressed by player 1
[10:47:52.274] [SEVERE ] updating countdown to 39976
[10:47:52.298] [SEVERE ] updating countdown to 39952
[10:47:52.320] [SEVERE ] updating countdown to 39930
[10:47:52.343] [SEVERE ] updating countdown to 39907
[10:47:52.368] [SEVERE ] updating countdown to 39882
[10:47:52.375] [SEVERE ] key 68 was pressed by player 1
[10:47:52.389] [SEVERE ] updating countdown to 39861
[10:47:52.389] [SEVERE ] key 69 was pressed by player 1
[10:47:52.415] [SEVERE ] updating countdown to 39835
[10:47:52.438] [SEVERE ] updating countdown to 39812
[10:47:52.459] [SEVERE ] updating countdown to 39791
[10:47:52.481] [SEVERE ] updating countdown to 39769
[10:47:52.506] [SEVERE ] updating countdown to 39744
[10:47:52.528] [SEVERE ] updating countdown to 39722
[10:47:52.550] [SEVERE ] updating countdown to 39700
[10:47:52.573] [SEVERE ] updating countdown to 39677
[10:47:52.596] [SEVERE ] updating countdown to 39654
[10:47:52.601] [SEVERE ] key 87 was pressed by player 1
[10:47:52.617] [SEVERE ] updating countdown to 39633
[10:47:52.639] [SEVERE ] updating countdown to 39611
[10:47:52.660] [SEVERE ] updating countdown to 39590
[10:47:52.683] [SEVERE ] updating countdown to 39567
[10:47:52.691] [SEVERE ] setting player 1 freeze to 0
[10:47:52.691] [SEVERE ] player 1 placing token on slot 0
[10:47:52.693] [SEVERE ] removing player 1 token from slot 0
[10:47:52.694] [SEVERE ] player 1 placing token on slot 0
[10:47:52.694] [SEVERE ] removing player 1 token from slot 4
[10:47:52.695] [SEVERE ] player 1 placing token on slot 4
[10:47:52.695] [SEVERE ] removing player 1 token from slot 0
[10:47:52.696] [SEVERE ] setting player 1 freeze to 3000
[10:47:52.705] [SEVERE ] updating countdown to 39545
[10:47:52.725] [SEVERE ] updating countdown to 39525
[10:47:52.734] [SEVERE ] key 68 was pressed by player 1
[10:47:52.746] [SEVERE ] updating countdown to 39504
[10:47:52.768] [SEVERE ] updating countdown to 39482
[10:47:52.794] [SEVERE ] updating countdown to 39456
[10:47:52.820] [SEVERE ] updating countdown to 39430
[10:47:52.846] [SEVERE ] updating countdown to 39404
[10:47:52.870] [SEVERE ] updating countdown to 39380
[10:47:52.896] [SEVERE ] updating countdown to 39354
[10:47:52.916] [SEVERE ] updating countdown to 39334
[10:47:52.939] [SEVERE ] updating countdown to 39311
[10:47:52.945] [SEVERE ] key 87 was pressed by player 1
[10:47:52.961] [SEVERE ] updating countdown to 39289
[10:47:52.981] [SEVERE ] updating countdown to 39269
[10:47:52.989] [SEVERE ] key 69 was pressed by player 1
[10:47:53.002] [SEVERE ] updating countdown to 39248
[10:47:53.024] [SEVERE ] updating countdown to 39226
[10:47:53.046] [SEVERE ] updating countdown to 39204
[10:47:53.066] [SEVERE ] updating countdown to 39184
[10:47:53.081] [SEVERE ] key 68 was pressed by player 1
[10:47:53.088] [SEVERE ] updating countdown to 39162
[10:47:53.109] [SEVERE ] updating countdown to 39141
[10:47:53.135] [SEVERE ] updating countdown to 39115
[10:47:53.158] [SEVERE ] updating countdown to 39092
[10:47:53.183] [SEVERE ] updating countdown to 39067
[10:47:53.204] [SEVERE ] updating countdown to 39046
[10:47:53.225] [SEVERE ] updating countdown to 39025
[10:47:53.247] [SEVERE ] updating countdown to 39003
[10:47:53.272] [SEVERE ] updating countdown to 38978
[10:47:53.296] [SEVERE ] updating countdown to 38954
[10:47:53.322] [SEVERE ] updating countdown to 38928
[10:47:53.348] [SEVERE ] updating countdown to 38902
[10:47:53.374] [SEVERE ] updating countdown to 38876
[10:47:53.400] [SEVERE ] updating countdown to 38850
[10:47:53.422] [SEVERE ] updating countdown to 38828
[10:47:53.445] [SEVERE ] updating countdown to 38805
[10:47:53.466] [SEVERE ] updating countdown to 38784
[10:47:53.490] [SEVERE ] updating countdown to 38760
[10:47:53.515] [SEVERE ] updating countdown to 38735
[10:47:53.541] [SEVERE ] updating countdown to 38709
[10:47:53.563] [SEVERE ] updating countdown to 38687
[10:47:53.588] [SEVERE ] updating countdown to 38662
[10:47:53.614] [SEVERE ] updating countdown to 38636
[10:47:53.638] [SEVERE ] updating countdown to 38612
[10:47:53.662] [SEVERE ] updating countdown to 38588
[10:47:53.688] [SEVERE ] updating countdown to 38562
[10:47:53.710] [SEVERE ] updating countdown to 38540
[10:47:53.736] [SEVERE ] updating countdown to 38514
[10:47:53.759] [SEVERE ] updating countdown to 38491
[10:47:53.781] [SEVERE ] updating countdown to 38469
[10:47:53.804] [SEVERE ] updating countdown to 38446
[10:47:53.829] [SEVERE ] updating countdown to 38421
[10:47:53.855] [SEVERE ] updating countdown to 38395
[10:47:53.879] [SEVERE ] updating countdown to 38371
[10:47:53.904] [SEVERE ] updating countdown to 38346
[10:47:53.926] [SEVERE ] updating countdown to 38324
[10:47:53.948] [SEVERE ] updating countdown to 38302
[10:47:53.968] [SEVERE ] updating countdown to 38282
[10:47:53.990] [SEVERE ] updating countdown to 38260
[10:47:54.015] [SEVERE ] updating countdown to 38235
[10:47:54.037] [SEVERE ] updating countdown to 38213
[10:47:54.063] [SEVERE ] updating countdown to 38187
[10:47:54.089] [SEVERE ] updating countdown to 38161
[10:47:54.111] [SEVERE ] updating countdown to 38139
[10:47:54.137] [SEVERE ] updating countdown to 38113
[10:47:54.159] [SEVERE ] updating countdown to 38091
[10:47:54.180] [SEVERE ] updating countdown to 38070
[10:47:54.204] [SEVERE ] updating countdown to 38046
[10:47:54.226] [SEVERE ] updating countdown to 38024
[10:47:54.252] [SEVERE ] updating countdown to 37998
[10:47:54.277] [SEVERE ] updating countdown to 37973
[10:47:54.303] [SEVERE ] updating countdown to 37947
[10:47:54.329] [SEVERE ] updating countdown to 37921
[10:47:54.355] [SEVERE ] updating countdown to 37895
[10:47:54.381] [SEVERE ] updating countdown to 37869
[10:47:54.407] [SEVERE ] updating countdown to 37843
[10:47:54.433] [SEVERE ] updating countdown to 37817
[10:47:54.459] [SEVERE ] updating countdown to 37791
[10:47:54.484] [SEVERE ] updating countdown to 37766
[10:47:54.505] [SEVERE ] updating countdown to 37745
[10:47:54.526] [SEVERE ] updating countdown to 37724
[10:47:54.552] [SEVERE ] updating countdown to 37698
[10:47:54.578] [SEVERE ] updating countdown to 37672
[10:47:54.604] [SEVERE ] updating countdown to 37646
[10:47:54.629] [SEVERE ] updating countdown to 37621
[10:47:54.655] [SEVERE ] updating countdown to 37595
[10:47:54.681] [SEVERE ] updating countdown to 37569
[10:47:54.705] [SEVERE ] updating countdown to 37545
[10:47:54.729] [SEVERE ] updating countdown to 37521
[10:47:54.751] [SEVERE ] updating countdown to 37499
[10:47:54.773] [SEVERE ] updating countdown to 37477
[10:47:54.799] [SEVERE ] updating countdown to 37451
[10:47:54.825] [SEVERE ] updating countdown to 37425
[10:47:54.851] [SEVERE ] updating countdown to 37399
[10:47:54.877] [SEVERE ] updating countdown to 37373
[10:47:54.903] [SEVERE ] updating countdown to 37347
[10:47:54.929] [SEVERE ] updating countdown to 37321
[10:47:54.952] [SEVERE ] updating countdown to 37298
[10:47:54.977] [SEVERE ] updating countdown to 37273
[10:47:55.001] [SEVERE ] updating countdown to 37249
[10:47:55.021] [SEVERE ] updating countdown to 37229
[10:47:55.043] [SEVERE ] updating countdown to 37207
[10:47:55.065] [SEVERE ] updating countdown to 37185
[10:47:55.086] [SEVERE ] updating countdown to 37164
[10:47:55.108] [SEVERE ] updating countdown to 37142
[10:47:55.130] [SEVERE ] updating countdown to 37120
[10:47:55.152] [SEVERE ] updating countdown to 37098
[10:47:55.172] [SEVERE ] updating countdown to 37078
[10:47:55.198] [SEVERE ] updating countdown to 37052
[10:47:55.219] [SEVERE ] updating countdown to 37031
[10:47:55.240] [SEVERE ] updating countdown to 37010
[10:47:55.263] [SEVERE ] updating countdown to 36987
[10:47:55.286] [SEVERE ] updating countdown to 36964
[10:47:55.312] [SEVERE ] updating countdown to 36938
[10:47:55.336] [SEVERE ] updating countdown to 36914
[10:47:55.361] [SEVERE ] updating countdown to 36889
[10:47:55.383] [SEVERE ] updating countdown to 36867
[10:47:55.404] [SEVERE ] updating countdown to 36846
[10:47:55.430] [SEVERE ] updating countdown to 36820
[10:47:55.456] [SEVERE ] updating countdown to 36794
[10:47:55.482] [SEVERE ] updating countdown to 36768
[10:47:55.504] [SEVERE ] updating countdown to 36746
[10:47:55.529] [SEVERE ] updating countdown to 36721
[10:47:55.552] [SEVERE ] updating countdown to 36698
[10:47:55.574] [SEVERE ] updating countdown to 36676
[10:47:55.597] [SEVERE ] updating countdown to 36653
[10:47:55.619] [SEVERE ] updating countdown to 36631
[10:47:55.645] [SEVERE ] updating countdown to 36605
[10:47:55.667] [SEVERE ] updating countdown to 36583
[10:47:55.691] [SEVERE ] updating countdown to 36559
[10:47:55.698] [SEVERE ] setting player 1 freeze to 0
[10:47:55.699] [SEVERE ] removing player 1 token from slot 6
[10:47:55.699] [SEVERE ] removing player 1 token from slot 6
[10:47:55.700] [SEVERE ] player 1 placing token on slot 1
[10:47:55.700] [SEVERE ] player 1 placing token on slot 2
[10:47:55.700] [SEVERE ] setting player 1 freeze to 3000
[10:47:55.712] [SEVERE ] updating countdown to 36538
[10:47:55.734] [SEVERE ] updating countdown to 36516
[10:47:55.759] [SEVERE ] updating countdown to 36491
[10:47:55.780] [SEVERE ] updating countdown to 36470
[10:47:55.804] [SEVERE ] updating countdown to 36446
[10:47:55.824] [SEVERE ] updating countdown to 36426
[10:47:55.846] [SEVERE ] updating countdown to 36404
[10:47:55.872] [SEVERE ] updating countdown to 36378
[10:47:55.898] [SEVERE ] updating countdown to 36352
[10:47:55.924] [SEVERE ] updating countdown to 36326
[10:47:55.950] [SEVERE ] updating countdown to 36300
[10:47:55.976] [SEVERE ] updating countdown to 36274
[10:47:55.997] [SEVERE ] updating countdown to 36253
[10:47:56.023] [SEVERE ] updating countdown to 36227
[10:47:56.046] [SEVERE ] updating countdown to 36204
[10:47:56.067] [SEVERE ] updating countdown to 36183
[10:47:56.089] [SEVERE ] updating countdown to 36161
[10:47:56.112] [SEVERE ] updating countdown to 36138
[10:47:56.137] [SEVERE ] updating countdown to 36113
[10:47:56.158] [SEVERE ] updating countdown to 36092
[10:47:56.184] [SEVERE ] updating countdown to 36066
[10:47:56.205] [SEVERE ] updating countdown to 36045
[10:47:56.231] [SEVERE ] updating countdown to 36019
[10:47:56.254] [SEVERE ] updating countdown to 35996
[10:47:56.277] [SEVERE ] updating countdown to 35973
[10:47:56.297] [SEVERE ] updating countdown to 35953
[10:47:56.318] [SEVERE ] updating countdown to 35932
[10:47:56.340] [SEVERE ] updating countdown to 35910
[10:47:56.365] [SEVERE ] updating countdown to 35885
[10:47:56.386] [SEVERE ] updating countdown to 35864
[10:47:56.411] [SEVERE ] updating countdown to 35839
[10:47:56.434] [SEVERE ] updating countdown to 35816
[10:47:56.459] [SEVERE ] updating countdown to 35791
[10:47:56.482] [SEVERE ] updating countdown to 35768
[10:47:56.504] [SEVERE ] updating countdown to 35746
[10:47:56.526] [SEVERE ] updating countdown to 35724
[10:47:56.547] [SEVERE ] updating countdown to 35703
[10:47:56.568] [SEVERE ] updating countdown to 35682
[10:47:56.591] [SEVERE ] updating countdown to 35659
[10:47:56.616] [SEVERE ] updating countdown to 35634
[10:47:56.638] [SEVERE ] updating countdown to 35612
[10:47:56.660] [SEVERE ] updating countdown to 35590
[10:47:56.681] [SEVERE ] updating countdown to 35569
[10:47:56.703] [SEVERE ] updating countdown to 35547
[10:47:56.727] [SEVERE ] updating countdown to 35523
[10:47:56.749] [SEVERE ] updating countdown to 35501
[10:47:56.775] [SEVERE ] updating countdown to 35475
[10:47:56.797] [SEVERE ] updating countdown to 35453
[10:47:56.819] [SEVERE ] updating countdown to 35431
[10:47:56.844] [SEVERE ] updating countdown to 35406
[10:47:56.870] [SEVERE ] updating countdown to 35380
[10:47:56.892] [SEVERE ] updating countdown to 35358
[10:47:56.917] [SEVERE ] updating countdown to 35333
[10:47:56.942] [SEVERE ] updating countdown to 35308
[10:47:56.964] [SEVERE ] updating countdown to 35286
[10:47:56.986] [SEVERE ] updating countdown to 35264
[10:47:57.007] [SEVERE ] updating countdown to 35243
[10:47:57.029] [SEVERE ] updating countdown to 35221
[10:47:57.050] [SEVERE ] updating countdown to 35200
[10:47:57.076] [SEVERE ] updating countdown to 35174
[10:47:57.100] [SEVERE ] updating countdown to 35150
[10:47:57.121] [SEVERE ] updating countdown to 35129
[10:47:57.146] [SEVERE ] updating countdown to 35104
[10:47:57.171] [SEVERE ] updating countdown to 35079
[10:47:57.193] [SEVERE ] updating countdown to 35057
[10:47:57.215] [SEVERE ] updating countdown to 35035
[10:47:57.240] [SEVERE ] updating countdown to 35010
[10:47:57.263] [SEVERE ] updating countdown to 34987
[10:47:57.285] [SEVERE ] updating countdown to 34965
[10:47:57.307] [SEVERE ] updating countdown to 34943
[10:47:57.330] [SEVERE ] updating countdown to 34920
[10:47:57.352] [SEVERE ] updating countdown to 34898
[10:47:57.374] [SEVERE ] updating countdown to 34876
[10:47:57.396] [SEVERE ] updating countdown to 34854
[10:47:57.421] [SEVERE ] updating countdown to 34829
[10:47:57.443] [SEVERE ] updating countdown to 34807
[10:47:57.468] [SEVERE ] updating countdown to 34782
[10:47:57.490] [SEVERE ] updating countdown to 34760
[10:47:57.516] [SEVERE ] updating countdown to 34734
[10:47:57.537] [SEVERE ] updating countdown to 34713
[10:47:57.559] [SEVERE ] updating countdown to 34691
[10:47:57.580] [SEVERE ] updating countdown to 34670
[10:47:57.601] [SEVERE ] updating countdown to 34649
[10:47:57.624] [SEVERE ] updating countdown to 34626
[10:47:57.648] [SEVERE ] updating countdown to 34602
[10:47:57.669] [SEVERE ] updating countdown to 34581
[10:47:57.695] [SEVERE ] updating countdown to 34555
[10:47:57.717] [SEVERE ] updating countdown to 34533
[10:47:57.743] [SEVERE ] updating countdown to 34507
[10:47:57.764] [SEVERE ] updating countdown to 34486
[10:47:57.786] [SEVERE ] updating countdown to 34464
[10:47:57.806] [SEVERE ] updating countdown to 34444
[10:47:57.831] [SEVERE ] updating countdown to 34419
[10:47:57.852] [SEVERE ] updating countdown to 34398
[10:47:57.876] [SEVERE ] updating countdown to 34374
[10:47:57.898] [SEVERE ] updating countdown to 34352
[10:47:57.921] [SEVERE ] updating countdown to 34329
[10:47:57.942] [SEVERE ] updating countdown to 34308
[10:47:57.964] [SEVERE ] updating countdown to 34286
[10:47:57.988] [SEVERE ] updating countdown to 34262
[10:47:58.009] [SEVERE ] updating countdown to 34241
[10:47:58.031] [SEVERE ] updating countdown to 34219
[10:47:58.057] [SEVERE ] updating countdown to 34193
[10:47:58.081] [SEVERE ] updating countdown to 34169
[10:47:58.102] [SEVERE ] updating countdown to 34148
[10:47:58.123] [SEVERE ] updating countdown to 34127
[10:47:58.145] [SEVERE ] updating countdown to 34105
[10:47:58.171] [SEVERE ] updating countdown to 34079
[10:47:58.194] [SEVERE ] updating countdown to 34056
[10:47:58.215] [SEVERE ] updating countdown to 34035
[10:47:58.236] [SEVERE ] updating countdown to 34014
[10:47:58.261] [SEVERE ] updating countdown to 33989
[10:47:58.283] [SEVERE ] updating countdown to 33967
[10:47:58.305] [SEVERE ] updating countdown to 33945
[10:47:58.330] [SEVERE ] updating countdown to 33920
[10:47:58.354] [SEVERE ] updating countdown to 33896
[10:47:58.379] [SEVERE ] updating countdown to 33871
[10:47:58.402] [SEVERE ] updating countdown to 33848
[10:47:58.423] [SEVERE ] updating countdown to 33827
[10:47:58.447] [SEVERE ] updating countdown to 33803
[10:47:58.469] [SEVERE ] updating countdown to 33781
[10:47:58.490] [SEVERE ] updating countdown to 33760
[10:47:58.514] [SEVERE ] updating countdown to 33736
[10:47:58.536] [SEVERE ] updating countdown to 33714
[10:47:58.561] [SEVERE ] updating countdown to 33689
[10:47:58.584] [SEVERE ] updating countdown to 33666
[10:47:58.609] [SEVERE ] updating countdown to 33641
[10:47:58.635] [SEVERE ] updating countdown to 33615
[10:47:58.658] [SEVERE ] updating countdown to 33592
[10:47:58.684] [SEVERE ] updating countdown to 33566
[10:47:58.703] [SEVERE ] setting player 1 freeze to 0
[10:47:58.705] [SEVERE ] updating countdown to 33545
[10:47:58.730] [SEVERE ] updating countdown to 33520
[10:47:58.756] [SEVERE ] updating countdown to 33494
[10:47:58.778] [SEVERE ] updating countdown to 33472
[10:47:58.802] [SEVERE ] updating countdown to 33448
[10:47:58.827] [SEVERE ] updating countdown to 33423
[10:47:58.849] [SEVERE ] updating countdown to 33401
[10:47:58.872] [SEVERE ] updating countdown to 33378
[10:47:58.895] [SEVERE ] updating countdown to 33355
[10:47:58.921] [SEVERE ] updating countdown to 33329
[10:47:58.943] [SEVERE ] updating countdown to 33307
[10:47:58.966] [SEVERE ] updating countdown to 33284
[10:47:58.992] [SEVERE ] updating countdown to 33258
[10:47:59.014] [SEVERE ] updating countdown to 33236
[10:47:59.035] [SEVERE ] updating countdown to 33215
[10:47:59.061] [SEVERE ] updating countdown to 33189
[10:47:59.087] [SEVERE ] updating countdown to 33163
[10:47:59.114] [SEVERE ] updating countdown to 33136
[10:47:59.139] [SEVERE ] updating countdown to 33111
[10:47:59.164] [SEVERE ] updating countdown to 33086
[10:47:59.189] [SEVERE ] updating countdown to 33061
[10:47:59.215] [SEVERE ] updating countdown to 33035
[10:47:59.239] [SEVERE ] updating countdown to 33011
[10:47:59.265] [SEVERE ] updating countdown to 32985
[10:47:59.286] [SEVERE ] updating countdown to 32964
[10:47:59.307] [SEVERE ] updating countdown to 32943
[10:47:59.331] [SEVERE ] updating countdown to 32919
[10:47:59.352] [SEVERE ] updating countdown to 32898
[10:47:59.374] [SEVERE ] updating countdown to 32876
[10:47:59.399] [SEVERE ] updating countdown to 32851
[10:47:59.425] [SEVERE ] updating countdown to 32825
[10:47:59.447] [SEVERE ] updating countdown to 32803
[10:47:59.470] [SEVERE ] updating countdown to 32780
[10:47:59.492] [SEVERE ] updating countdown to 32758
[10:47:59.516] [SEVERE ] updating countdown to 32734
[10:47:59.538] [SEVERE ] updating countdown to 32712
[10:47:59.563] [SEVERE ] updating countdown to 32687
[10:47:59.585] [SEVERE ] updating countdown to 32665
[10:47:59.610] [SEVERE ] updating countdown to 32640
[10:47:59.635] [SEVERE ] updating countdown to 32615
[10:47:59.661] [SEVERE ] updating countdown to 32589
[10:47:59.687] [SEVERE ] updating countdown to 32563
[10:47:59.709] [SEVERE ] updating countdown to 32541
[10:47:59.731] [SEVERE ] updating countdown to 32519
[10:47:59.755] [SEVERE ] updating countdown to 32495
[10:47:59.779] [SEVERE ] updating countdown to 32471
[10:47:59.800] [SEVERE ] updating countdown to 32450
[10:47:59.824] [SEVERE ] updating countdown to 32426
[10:47:59.845] [SEVERE ] updating countdown to 32405
[10:47:59.870] [SEVERE ] updating countdown to 32380
[10:47:59.895] [SEVERE ] updating countdown to 32355
[10:47:59.921] [SEVERE ] updating countdown to 32329
[10:47:59.944] [SEVERE ] updating countdown to 32306
[10:47:59.968] [SEVERE ] updating countdown to 32282
[10:47:59.993] [SEVERE ] updating countdown to 32257
[10:48:00.015] [SEVERE ] updating countdown to 32235
[10:48:00.037] [SEVERE ] updating countdown to 32213
[10:48:00.059] [SEVERE ] updating countdown to 32191
[10:48:00.081] [SEVERE ] updating countdown to 32169
[10:48:00.102] [SEVERE ] updating countdown to 32148
[10:48:00.123] [SEVERE ] updating countdown to 32127
[10:48:00.146] [SEVERE ] updating countdown to 32104
[10:48:00.172] [SEVERE ] updating countdown to 32078
[10:48:00.194] [SEVERE ] updating countdown to 32056
[10:48:00.220] [SEVERE ] updating countdown to 32030
[10:48:00.246] [SEVERE ] updating countdown to 32004
[10:48:00.268] [SEVERE ] updating countdown to 31982
[10:48:00.292] [SEVERE ] updating countdown to 31958
[10:48:00.318] [SEVERE ] updating countdown to 31932
[10:48:00.344] [SEVERE ] updating countdown to 31906
[10:48:00.368] [SEVERE ] updating countdown to 31882
[10:48:00.390] [SEVERE ] updating countdown to 31860
[10:48:00.414] [SEVERE ] updating countdown to 31836
[10:48:00.439] [SEVERE ] updating countdown to 31811
[10:48:00.461] [SEVERE ] updating countdown to 31789
[10:48:00.486] [SEVERE ] updating countdown to 31764
[10:48:00.512] [SEVERE ] updating countdown to 31738
[10:48:00.536] [SEVERE ] updating countdown to 31714
[10:48:00.541] [SEVERE ] key 81 was pressed by player 1
[10:48:00.541] [SEVERE ] player 1 placing token on slot 0
[10:48:00.559] [SEVERE ] updating countdown to 31691
[10:48:00.580] [SEVERE ] updating countdown to 31670
[10:48:00.602] [SEVERE ] updating countdown to 31648
[10:48:00.628] [SEVERE ] updating countdown to 31622
[10:48:00.653] [SEVERE ] updating countdown to 31597
[10:48:00.674] [SEVERE ] updating countdown to 31576
[10:48:00.697] [SEVERE ] updating countdown to 31553
[10:48:00.721] [SEVERE ] updating countdown to 31529
[10:48:00.747] [SEVERE ] updating countdown to 31503
[10:48:00.772] [SEVERE ] updating countdown to 31478
[10:48:00.797] [SEVERE ] updating countdown to 31453
[10:48:00.819] [SEVERE ] updating countdown to 31431
[10:48:00.842] [SEVERE ] updating countdown to 31408
[10:48:00.864] [SEVERE ] updating countdown to 31386
[10:48:00.888] [SEVERE ] updating countdown to 31362
[10:48:00.913] [SEVERE ] updating countdown to 31337
[10:48:00.939] [SEVERE ] updating countdown to 31311
[10:48:00.962] [SEVERE ] updating countdown to 31288
[10:48:00.984] [SEVERE ] updating countdown to 31266
[10:48:01.005] [SEVERE ] updating countdown to 31245
[10:48:01.028] [SEVERE ] updating countdown to 31222
[10:48:01.054] [SEVERE ] updating countdown to 31196
[10:48:01.076] [SEVERE ] updating countdown to 31174
[10:48:01.102] [SEVERE ] updating countdown to 31148
[10:48:01.128] [SEVERE ] updating countdown to 31122
[10:48:01.150] [SEVERE ] updating countdown to 31100
[10:48:01.173] [SEVERE ] updating countdown to 31077
[10:48:01.195] [SEVERE ] updating countdown to 31055
[10:48:01.219] [SEVERE ] updating countdown to 31031
[10:48:01.242] [SEVERE ] updating countdown to 31008
[10:48:01.264] [SEVERE ] updating countdown to 30986
[10:48:01.286] [SEVERE ] updating countdown to 30964
[10:48:01.309] [SEVERE ] updating countdown to 30941
[10:48:01.329] [SEVERE ] updating countdown to 30921
[10:48:01.352] [SEVERE ] updating countdown to 30898
[10:48:01.377] [SEVERE ] updating countdown to 30873
[10:48:01.401] [SEVERE ] updating countdown to 30849
[10:48:01.427] [SEVERE ] updating countdown to 30823
[10:48:01.450] [SEVERE ] updating countdown to 30800
[10:48:01.475] [SEVERE ] updating countdown to 30775
[10:48:01.501] [SEVERE ] updating countdown to 30749
[10:48:01.522] [SEVERE ] updating countdown to 30728
[10:48:01.544] [SEVERE ] updating countdown to 30706
[10:48:01.570] [SEVERE ] updating countdown to 30680
[10:48:01.593] [SEVERE ] updating countdown to 30657
[10:48:01.616] [SEVERE ] updating countdown to 30634
[10:48:01.642] [SEVERE ] updating countdown to 30608
[10:48:01.666] [SEVERE ] updating countdown to 30584
[10:48:01.689] [SEVERE ] updating countdown to 30561
[10:48:01.714] [SEVERE ] updating countdown to 30536
[10:48:01.737] [SEVERE ] updating countdown to 30513
[10:48:01.758] [SEVERE ] updating countdown to 30492
[10:48:01.784] [SEVERE ] updating countdown to 30466
[10:48:01.806] [SEVERE ] updating countdown to 30444
[10:48:01.829] [SEVERE ] updating countdown to 30421
[10:48:01.851] [SEVERE ] updating countdown to 30399
[10:48:01.877] [SEVERE ] updating countdown to 30373
[10:48:01.902] [SEVERE ] updating countdown to 30348
[10:48:01.922] [SEVERE ] updating countdown to 30328
[10:48:01.944] [SEVERE ] updating countdown to 30306
[10:48:01.966] [SEVERE ] updating countdown to 30284
[10:48:01.987] [SEVERE ] updating countdown to 30263
[10:48:02.008] [SEVERE ] updating countdown to 30242
[10:48:02.031] [SEVERE ] updating countdown to 30219
[10:48:02.052] [SEVERE ] updating countdown to 30198
[10:48:02.078] [SEVERE ] updating countdown to 30172
[10:48:02.102] [SEVERE ] updating countdown to 30148
[10:48:02.128] [SEVERE ] updating countdown to 30122
[10:48:02.149] [SEVERE ] updating countdown to 30101
[10:48:02.173] [SEVERE ] updating countdown to 30077
[10:48:02.199] [SEVERE ] updating countdown to 30051
[10:48:02.225] [SEVERE ] updating countdown to 30025
[10:48:02.251] [SEVERE ] updating countdown to 29999
[10:48:02.272] [SEVERE ] updating countdown to 29978
[10:48:02.293] [SEVERE ] updating countdown to 29957
[10:48:02.318] [SEVERE ] updating countdown to 29933
[10:48:02.340] [SEVERE ] updating countdown to 29910
[10:48:02.361] [SEVERE ] updating countdown to 29889
[10:48:02.387] [SEVERE ] updating countdown to 29863
[10:48:02.410] [SEVERE ] updating countdown to 29840
[10:48:02.414] [SEVERE ] key 90 was pressed by player 1
[10:48:02.414] [SEVERE ] player 1 placing token on slot 8
[10:48:02.430] [SEVERE ] updating countdown to 29820
[10:48:02.453] [SEVERE ] updating countdown to 29797
[10:48:02.475] [SEVERE ] updating countdown to 29775
[10:48:02.496] [SEVERE ] updating countdown to 29754
[10:48:02.522] [SEVERE ] updating countdown to 29728
[10:48:02.545] [SEVERE ] updating countdown to 29705
[10:48:02.566] [SEVERE ] updating countdown to 29684
[10:48:02.588] [SEVERE ] updating countdown to 29662
[10:48:02.610] [SEVERE ] updating countdown to 29640
[10:48:02.631] [SEVERE ] updating countdown to 29619
[10:48:02.652] [SEVERE ] updating countdown to 29598
[10:48:02.673] [SEVERE ] updating countdown to 29577
[10:48:02.695] [SEVERE ] updating countdown to 29555
[10:48:02.715] [SEVERE ] updating countdown to 29535
[10:48:02.739] [SEVERE ] updating countdown to 29511
[10:48:02.760] [SEVERE ] updating countdown to 29490
[10:48:02.782] [SEVERE ] updating countdown to 29468
[10:48:02.804] [SEVERE ] updating countdown to 29446
[10:48:02.829] [SEVERE ] updating countdown to 29421
[10:48:02.852] [SEVERE ] updating countdown to 29398
[10:48:02.875] [SEVERE ] updating countdown to 29375
[10:48:02.897] [SEVERE ] updating countdown to 29353
[10:48:02.921] [SEVERE ] updating countdown to 29329
[10:48:02.947] [SEVERE ] updating countdown to 29303
[10:48:02.971] [SEVERE ] updating countdown to 29279
[10:48:02.996] [SEVERE ] updating countdown to 29254
[10:48:03.018] [SEVERE ] updating countdown to 29232
[10:48:03.044] [SEVERE ] updating countdown to 29206
[10:48:03.067] [SEVERE ] updating countdown to 29183
[10:48:03.093] [SEVERE ] updating countdown to 29157
[10:48:03.115] [SEVERE ] updating countdown to 29135
[10:48:03.140] [SEVERE ] updating countdown to 29110
[10:48:03.162] [SEVERE ] updating countdown to 29088
[10:48:03.185] [SEVERE ] updating countdown to 29065
[10:48:03.207] [SEVERE ] updating countdown to 29043
[10:48:03.228] [SEVERE ] updating countdown to 29022
[10:48:03.252] [SEVERE ] updating countdown to 28998
[10:48:03.275] [SEVERE ] updating countdown to 28975
[10:48:03.296] [SEVERE ] updating countdown to 28954
[10:48:03.318] [SEVERE ] updating countdown to 28932
[10:48:03.332] [SEVERE ] key 67 was pressed by player 1
[10:48:03.332] [SEVERE ] player 1 placing token on slot 10
[10:48:03.332] [SEVERE ] removing player 1 token from slot 0
[10:48:03.333] [SEVERE ] removing player 1 token from slot 10
[10:48:03.333] [SEVERE ] setting player 1 freeze to 3000
[10:48:03.340] [SEVERE ] updating countdown to 28910
[10:48:03.361] [SEVERE ] updating countdown to 28889
[10:48:03.383] [SEVERE ] updating countdown to 28867
[10:48:03.404] [SEVERE ] updating countdown to 28846
[10:48:03.426] [SEVERE ] updating countdown to 28824
[10:48:03.450] [SEVERE ] updating countdown to 28800
[10:48:03.476] [SEVERE ] updating countdown to 28774
[10:48:03.502] [SEVERE ] updating countdown to 28748
[10:48:03.523] [SEVERE ] updating countdown to 28727
[10:48:03.545] [SEVERE ] updating countdown to 28705
[10:48:03.566] [SEVERE ] updating countdown to 28684
[10:48:03.590] [SEVERE ] updating countdown to 28660
[10:48:03.614] [SEVERE ] updating countdown to 28636
[10:48:03.637] [SEVERE ] updating countdown to 28613
[10:48:03.659] [SEVERE ] updating countdown to 28591
[10:48:03.680] [SEVERE ] updating countdown to 28570
[10:48:03.704] [SEVERE ] updating countdown to 28546
[10:48:03.728] [SEVERE ] updating countdown to 28522
[10:48:03.753] [SEVERE ] updating countdown to 28497
[10:48:03.773] [SEVERE ] updating countdown to 28477
[10:48:03.794] [SEVERE ] updating countdown to 28456
[10:48:03.815] [SEVERE ] updating countdown to 28435
[10:48:03.840] [SEVERE ] updating countdown to 28410
[10:48:03.864] [SEVERE ] updating countdown to 28386
[10:48:03.889] [SEVERE ] updating countdown to 28361
[10:48:03.915] [SEVERE ] updating countdown to 28335
[10:48:03.941] [SEVERE ] updating countdown to 28309
[10:48:03.967] [SEVERE ] updating countdown to 28283
[10:48:03.993] [SEVERE ] updating countdown to 28257
[10:48:04.014] [SEVERE ] updating countdown to 28236
[10:48:04.036] [SEVERE ] updating countdown to 28214
[10:48:04.058] [SEVERE ] updating countdown to 28192
[10:48:04.083] [SEVERE ] updating countdown to 28167
[10:48:04.109] [SEVERE ] updating countdown to 28141
[10:48:04.135] [SEVERE ] updating countdown to 28115
[10:48:04.162] [SEVERE ] updating countdown to 28088
[10:48:04.184] [SEVERE ] updating countdown to 28066
[10:48:04.209] [SEVERE ] updating countdown to 28041
[10:48:04.232] [SEVERE ] updating countdown to 28018
[10:48:04.257] [SEVERE ] updating countdown to 27993
[10:48:04.282] [SEVERE ] updating countdown to 27968
[10:48:04.308] [SEVERE ] updating countdown to 27942
[10:48:04.330] [SEVERE ] updating countdown to 27920
[10:48:04.355] [SEVERE ] updating countdown to 27895
[10:48:04.380] [SEVERE ] updating countdown to 27870
[10:48:04.404] [SEVERE ] updating countdown to 27846
[10:48:04.425] [SEVERE ] updating countdown to 27825
[10:48:04.449] [SEVERE ] updating countdown to 27801
[10:48:04.475] [SEVERE ] updating countdown to 27775
[10:48:04.501] [SEVERE ] updating countdown to 27749
[10:48:04.524] [SEVERE ] updating countdown to 27726
[10:48:04.546] [SEVERE ] updating countdown to 27704
[10:48:04.572] [SEVERE ] updating countdown to 27678
[10:48:04.595] [SEVERE ] updating countdown to 27655
[10:48:04.621] [SEVERE ] updating countdown to 27629
[10:48:04.647] [SEVERE ] updating countdown to 27603
[10:48:04.673] [SEVERE ] updating countdown to 27577
[10:48:04.696] [SEVERE ] updating countdown to 27554
[10:48:04.721] [SEVERE ] updating countdown to 27529
[10:48:04.742] [SEVERE ] updating countdown to 27508
[10:48:04.765] [SEVERE ] updating countdown to 27485
[10:48:04.786] [SEVERE ] updating countdown to 27464
[10:48:04.812] [SEVERE ] updating countdown to 27438
[10:48:04.831] [SEVERE ] key 67 was pressed by player 1
[10:48:04.834] [SEVERE ] updating countdown to 27416
[10:48:04.855] [SEVERE ] updating countdown to 27395
[10:48:04.856] [SEVERE ] key 68 was pressed by player 1
[10:48:04.877] [SEVERE ] updating countdown to 27373
[10:48:04.901] [SEVERE ] updating countdown to 27349
[10:48:04.922] [SEVERE ] updating countdown to 27328
[10:48:04.945] [SEVERE ] updating countdown to 27305
[10:48:04.966] [SEVERE ] updating countdown to 27284
[10:48:04.988] [SEVERE ] updating countdown to 27262
[10:48:05.013] [SEVERE ] updating countdown to 27237
[10:48:05.034] [SEVERE ] updating countdown to 27216
[10:48:05.055] [SEVERE ] updating countdown to 27195
[10:48:05.077] [SEVERE ] updating countdown to 27173
[10:48:05.098] [SEVERE ] updating countdown to 27152
[10:48:05.119] [SEVERE ] updating countdown to 27131
[10:48:05.141] [SEVERE ] updating countdown to 27109
[10:48:05.164] [SEVERE ] updating countdown to 27086
[10:48:05.186] [SEVERE ] updating countdown to 27064
[10:48:05.209] [SEVERE ] updating countdown to 27041
[10:48:05.234] [SEVERE ] updating countdown to 27016
[10:48:05.256] [SEVERE ] updating countdown to 26994
[10:48:05.282] [SEVERE ] updating countdown to 26968
[10:48:05.305] [SEVERE ] updating countdown to 26945
[10:48:05.306] [SEVERE ] key 68 was pressed by player 1
[10:48:05.326] [SEVERE ] updating countdown to 26924
[10:48:05.336] [SEVERE ] key 70 was pressed by player 1
[10:48:05.349] [SEVERE ] updating countdown to 26901
[10:48:05.372] [SEVERE ] updating countdown to 26878
[10:48:05.393] [SEVERE ] updating countdown to 26857
[10:48:05.413] [SEVERE ] updating countdown to 26837
[10:48:05.436] [SEVERE ] updating countdown to 26814
[10:48:05.458] [SEVERE ] updating countdown to 26792
[10:48:05.480] [SEVERE ] updating countdown to 26770
[10:48:05.503] [SEVERE ] updating countdown to 26747
[10:48:05.525] [SEVERE ] updating countdown to 26725
[10:48:05.545] [SEVERE ] updating countdown to 26705
[10:48:05.568] [SEVERE ] updating countdown to 26682
[10:48:05.590] [SEVERE ] updating countdown to 26660
[10:48:05.615] [SEVERE ] updating countdown to 26635
[10:48:05.641] [SEVERE ] updating countdown to 26609
[10:48:05.663] [SEVERE ] updating countdown to 26587
[10:48:05.684] [SEVERE ] updating countdown to 26566
[10:48:05.706] [SEVERE ] updating countdown to 26544
[10:48:05.712] [SEVERE ] key 68 was pressed by player 1
[10:48:05.730] [SEVERE ] updating countdown to 26520
[10:48:05.755] [SEVERE ] updating countdown to 26495
[10:48:05.781] [SEVERE ] updating countdown to 26469
[10:48:05.807] [SEVERE ] updating countdown to 26443
[10:48:05.833] [SEVERE ] updating countdown to 26417
[10:48:05.856] [SEVERE ] updating countdown to 26394
[10:48:05.880] [SEVERE ] updating countdown to 26370
[10:48:05.904] [SEVERE ] updating countdown to 26346
[10:48:05.929] [SEVERE ] updating countdown to 26321
[10:48:05.955] [SEVERE ] updating countdown to 26295
[10:48:05.981] [SEVERE ] updating countdown to 26269
[10:48:06.004] [SEVERE ] updating countdown to 26246
[10:48:06.029] [SEVERE ] updating countdown to 26221
[10:48:06.052] [SEVERE ] updating countdown to 26198
[10:48:06.072] [SEVERE ] updating countdown to 26178
[10:48:06.074] [SEVERE ] key 82 was pressed by player 1
[10:48:06.095] [SEVERE ] updating countdown to 26155
[10:48:06.120] [SEVERE ] updating countdown to 26130
[10:48:06.146] [SEVERE ] updating countdown to 26104
[10:48:06.171] [SEVERE ] updating countdown to 26079
[10:48:06.193] [SEVERE ] updating countdown to 26057
[10:48:06.217] [SEVERE ] updating countdown to 26033
[10:48:06.241] [SEVERE ] updating countdown to 26009
[10:48:06.265] [SEVERE ] updating countdown to 25985
[10:48:06.287] [SEVERE ] updating countdown to 25963
[10:48:06.311] [SEVERE ] updating countdown to 25939
[10:48:06.336] [SEVERE ] setting player 1 freeze to 0
[10:48:06.336] [SEVERE ] player 1 placing token on slot 10
[10:48:06.336] [SEVERE ] player 1 placing token on slot 6
[10:48:06.337] [SEVERE ] removing player 1 token from slot 6
[10:48:06.337] [SEVERE ] updating countdown to 25913
[10:48:06.337] [SEVERE ] player 1 placing token on slot 6
[10:48:06.337] [SEVERE ] removing player 1 token from slot 10
[10:48:06.337] [SEVERE ] setting player 1 freeze to 3000
[10:48:06.359] [SEVERE ] updating countdown to 25891
[10:48:06.383] [SEVERE ] updating countdown to 25867
[10:48:06.409] [SEVERE ] updating countdown to 25841
[10:48:06.430] [SEVERE ] updating countdown to 25820
[10:48:06.446] [SEVERE ] key 87 was pressed by player 1
[10:48:06.452] [SEVERE ] updating countdown to 25798
[10:48:06.460] [SEVERE ] key 81 was pressed by player 1
[10:48:06.477] [SEVERE ] updating countdown to 25773
[10:48:06.502] [SEVERE ] updating countdown to 25748
[10:48:06.524] [SEVERE ] updating countdown to 25726
[10:48:06.549] [SEVERE ] updating countdown to 25701
[10:48:06.575] [SEVERE ] updating countdown to 25675
[10:48:06.599] [SEVERE ] updating countdown to 25651
[10:48:06.624] [SEVERE ] updating countdown to 25626
[10:48:06.650] [SEVERE ] updating countdown to 25600
[10:48:06.673] [SEVERE ] updating countdown to 25577
[10:48:06.698] [SEVERE ] updating countdown to 25552
[10:48:06.724] [SEVERE ] updating countdown to 25526
[10:48:06.746] [SEVERE ] updating countdown to 25504
[10:48:06.771] [SEVERE ] updating countdown to 25479
[10:48:06.793] [SEVERE ] updating countdown to 25457
[10:48:06.815] [SEVERE ] updating countdown to 25435
[10:48:06.821] [SEVERE ] key 81 was pressed by player 1
[10:48:06.837] [SEVERE ] updating countdown to 25413
[10:48:06.862] [SEVERE ] updating countdown to 25388
[10:48:06.888] [SEVERE ] updating countdown to 25362
[10:48:06.914] [SEVERE ] updating countdown to 25336
[10:48:06.940] [SEVERE ] updating countdown to 25310
[10:48:06.959] [SEVERE ] key 87 was pressed by player 1
[10:48:06.960] [SEVERE ] updating countdown to 25290
[10:48:06.983] [SEVERE ] updating countdown to 25267
[10:48:07.004] [SEVERE ] updating countdown to 25246
[10:48:07.025] [SEVERE ] updating countdown to 25225
[10:48:07.047] [SEVERE ] updating countdown to 25203
[10:48:07.069] [SEVERE ] updating countdown to 25181
[10:48:07.094] [SEVERE ] updating countdown to 25156
[10:48:07.120] [SEVERE ] updating countdown to 25130
[10:48:07.146] [SEVERE ] updating countdown to 25104
[10:48:07.172] [SEVERE ] updating countdown to 25078
[10:48:07.193] [SEVERE ] updating countdown to 25057
[10:48:07.219] [SEVERE ] updating countdown to 25031
[10:48:07.244] [SEVERE ] updating countdown to 25006
[10:48:07.246] [SEVERE ] key 65 was pressed by player 1
[10:48:07.270] [SEVERE ] updating countdown to 24980
[10:48:07.288] [SEVERE ] key 83 was pressed by player 1
[10:48:07.292] [SEVERE ] updating countdown to 24958
[10:48:07.314] [SEVERE ] updating countdown to 24936
[10:48:07.338] [SEVERE ] updating countdown to 24912
[10:48:07.363] [SEVERE ] updating countdown to 24887
[10:48:07.389] [SEVERE ] updating countdown to 24861
[10:48:07.390] [SEVERE ] key 68 was pressed by player 1
[10:48:07.411] [SEVERE ] updating countdown to 24839
[10:48:07.432] [SEVERE ] updating countdown to 24818
[10:48:07.454] [SEVERE ] updating countdown to 24796
[10:48:07.479] [SEVERE ] updating countdown to 24771
[10:48:07.505] [SEVERE ] updating countdown to 24745
[10:48:07.526] [SEVERE ] updating countdown to 24724
[10:48:07.552] [SEVERE ] updating countdown to 24698
[10:48:07.575] [SEVERE ] updating countdown to 24675
[10:48:07.596] [SEVERE ] updating countdown to 24654
[10:48:07.621] [SEVERE ] updating countdown to 24629
[10:48:07.646] [SEVERE ] updating countdown to 24604
[10:48:07.664] [SEVERE ] key 65 was pressed by player 1
[10:48:07.668] [SEVERE ] updating countdown to 24582
[10:48:07.690] [SEVERE ] updating countdown to 24560
[10:48:07.706] [SEVERE ] key 83 was pressed by player 1
[10:48:07.712] [SEVERE ] updating countdown to 24538
[10:48:07.735] [SEVERE ] updating countdown to 24515
[10:48:07.750] [SEVERE ] key 68 was pressed by player 1
[10:48:07.756] [SEVERE ] updating countdown to 24494
[10:48:07.778] [SEVERE ] updating countdown to 24472
[10:48:07.804] [SEVERE ] updating countdown to 24446
[10:48:07.826] [SEVERE ] updating countdown to 24424
[10:48:07.848] [SEVERE ] updating countdown to 24402
[10:48:07.871] [SEVERE ] updating countdown to 24379
[10:48:07.892] [SEVERE ] updating countdown to 24358
[10:48:07.913] [SEVERE ] updating countdown to 24337
[10:48:07.936] [SEVERE ] updating countdown to 24314
[10:48:07.962] [SEVERE ] updating countdown to 24288
[10:48:07.985] [SEVERE ] updating countdown to 24265
[10:48:08.007] [SEVERE ] updating countdown to 24243
[10:48:08.029] [SEVERE ] updating countdown to 24221
[10:48:08.050] [SEVERE ] updating countdown to 24200
[10:48:08.075] [SEVERE ] updating countdown to 24175
[10:48:08.095] [SEVERE ] updating countdown to 24155
[10:48:08.096] [SEVERE ] key 83 was pressed by player 1
[10:48:08.118] [SEVERE ] updating countdown to 24132
[10:48:08.139] [SEVERE ] updating countdown to 24111
[10:48:08.140] [SEVERE ] key 68 was pressed by player 1
[10:48:08.161] [SEVERE ] updating countdown to 24089
[10:48:08.182] [SEVERE ] updating countdown to 24068
[10:48:08.204] [SEVERE ] updating countdown to 24046
[10:48:08.225] [SEVERE ] updating countdown to 24025
[10:48:08.248] [SEVERE ] updating countdown to 24002
[10:48:08.269] [SEVERE ] updating countdown to 23981
[10:48:08.291] [SEVERE ] updating countdown to 23959
[10:48:08.314] [SEVERE ] updating countdown to 23936
[10:48:08.340] [SEVERE ] updating countdown to 23910
[10:48:08.362] [SEVERE ] updating countdown to 23888
[10:48:08.383] [SEVERE ] updating countdown to 23867
[10:48:08.404] [SEVERE ] updating countdown to 23846
[10:48:08.426] [SEVERE ] updating countdown to 23824
[10:48:08.450] [SEVERE ] updating countdown to 23800
[10:48:08.470] [SEVERE ] key 65 was pressed by player 1
[10:48:08.471] [SEVERE ] updating countdown to 23779
[10:48:08.484] [SEVERE ] key 83 was pressed by player 1
[10:48:08.494] [SEVERE ] updating countdown to 23756
[10:48:08.516] [SEVERE ] updating countdown to 23734
[10:48:08.538] [SEVERE ] updating countdown to 23712
[10:48:08.558] [SEVERE ] updating countdown to 23692
[10:48:08.580] [SEVERE ] updating countdown to 23670
[10:48:08.601] [SEVERE ] updating countdown to 23649
[10:48:08.623] [SEVERE ] updating countdown to 23627
[10:48:08.644] [SEVERE ] updating countdown to 23606
[10:48:08.665] [SEVERE ] updating countdown to 23585
[10:48:08.690] [SEVERE ] updating countdown to 23560
[10:48:08.711] [SEVERE ] updating countdown to 23539
[10:48:08.734] [SEVERE ] updating countdown to 23516
[10:48:08.754] [SEVERE ] updating countdown to 23496
[10:48:08.777] [SEVERE ] updating countdown to 23473
[10:48:08.800] [SEVERE ] updating countdown to 23450
[10:48:08.824] [SEVERE ] updating countdown to 23426
[10:48:08.845] [SEVERE ] updating countdown to 23405
[10:48:08.867] [SEVERE ] updating countdown to 23383
[10:48:08.878] [SEVERE ] key 83 was pressed by player 1
[10:48:08.879] [SEVERE ] key 65 was pressed by player 1
[10:48:08.889] [SEVERE ] updating countdown to 23361
[10:48:08.912] [SEVERE ] updating countdown to 23338
[10:48:08.934] [SEVERE ] updating countdown to 23316
[10:48:08.955] [SEVERE ] updating countdown to 23295
[10:48:08.975] [SEVERE ] updating countdown to 23275
[10:48:08.998] [SEVERE ] updating countdown to 23252
[10:48:09.019] [SEVERE ] updating countdown to 23231
[10:48:09.041] [SEVERE ] updating countdown to 23209
[10:48:09.065] [SEVERE ] updating countdown to 23185
[10:48:09.086] [SEVERE ] updating countdown to 23164
[10:48:09.108] [SEVERE ] updating countdown to 23142
[10:48:09.130] [SEVERE ] updating countdown to 23120
[10:48:09.152] [SEVERE ] updating countdown to 23098
[10:48:09.172] [SEVERE ] updating countdown to 23078
[10:48:09.194] [SEVERE ] updating countdown to 23056
[10:48:09.216] [SEVERE ] updating countdown to 23034
[10:48:09.238] [SEVERE ] updating countdown to 23012
[10:48:09.260] [SEVERE ] updating countdown to 22990
[10:48:09.282] [SEVERE ] updating countdown to 22968
[10:48:09.304] [SEVERE ] updating countdown to 22946
[10:48:09.325] [SEVERE ] updating countdown to 22925
[10:48:09.342] [SEVERE ] setting player 1 freeze to 0
[10:48:09.342] [SEVERE ] removing player 1 token from slot 1
[10:48:09.342] [SEVERE ] player 1 placing token on slot 1
[10:48:09.343] [SEVERE ] player 1 placing token on slot 0
[10:48:09.343] [SEVERE ] removing player 1 token from slot 0
[10:48:09.343] [SEVERE ] player 1 placing token on slot 0
[10:48:09.344] [SEVERE ] removing player 1 token from slot 0
[10:48:09.344] [SEVERE ] setting player 1 freeze to 3000
[10:48:09.345] [SEVERE ] updating countdown to 22905
[10:48:09.368] [SEVERE ] updating countdown to 22882
[10:48:09.389] [SEVERE ] updating countdown to 22861
[10:48:09.412] [SEVERE ] updating countdown to 22838
[10:48:09.438] [SEVERE ] updating countdown to 22812
[10:48:09.460] [SEVERE ] updating countdown to 22790
[10:48:09.483] [SEVERE ] updating countdown to 22767
[10:48:09.505] [SEVERE ] updating countdown to 22745
[10:48:09.526] [SEVERE ] updating countdown to 22724
[10:48:09.548] [SEVERE ] updating countdown to 22702
[10:48:09.570] [SEVERE ] updating countdown to 22680
[10:48:09.591] [SEVERE ] updating countdown to 22659
[10:48:09.617] [SEVERE ] updating countdown to 22633
[10:48:09.640] [SEVERE ] updating countdown to 22610
[10:48:09.665] [SEVERE ] updating countdown to 22585
[10:48:09.687] [SEVERE ] updating countdown to 22563
[10:48:09.710] [SEVERE ] updating countdown to 22540
[10:48:09.731] [SEVERE ] updating countdown to 22519
[10:48:09.756] [SEVERE ] updating countdown to 22494
[10:48:09.779] [SEVERE ] updating countdown to 22471
[10:48:09.804] [SEVERE ] updating countdown to 22446
[10:48:09.826] [SEVERE ] updating countdown to 22424
[10:48:09.852] [SEVERE ] updating countdown to 22398
[10:48:09.876] [SEVERE ] updating countdown to 22374
[10:48:09.897] [SEVERE ] updating countdown to 22353
[10:48:09.921] [SEVERE ] updating countdown to 22329
[10:48:09.946] [SEVERE ] updating countdown to 22304
[10:48:09.968] [SEVERE ] updating countdown to 22282
[10:48:09.993] [SEVERE ] updating countdown to 22257
[10:48:10.015] [SEVERE ] updating countdown to 22235
[10:48:10.036] [SEVERE ] updating countdown to 22214
[10:48:10.056] [SEVERE ] updating countdown to 22194
[10:48:10.078] [SEVERE ] updating countdown to 22172
[10:48:10.101] [SEVERE ] updating countdown to 22149
[10:48:10.122] [SEVERE ] updating countdown to 22128
[10:48:10.143] [SEVERE ] updating countdown to 22107
[10:48:10.165] [SEVERE ] updating countdown to 22085
[10:48:10.185] [SEVERE ] updating countdown to 22065
[10:48:10.207] [SEVERE ] updating countdown to 22043
[10:48:10.232] [SEVERE ] updating countdown to 22018
[10:48:10.258] [SEVERE ] updating countdown to 21992
[10:48:10.284] [SEVERE ] updating countdown to 21966
[10:48:10.308] [SEVERE ] updating countdown to 21942
[10:48:10.333] [SEVERE ] updating countdown to 21917
[10:48:10.357] [SEVERE ] updating countdown to 21893
[10:48:10.378] [SEVERE ] updating countdown to 21872
[10:48:10.400] [SEVERE ] updating countdown to 21850
[10:48:10.425] [SEVERE ] updating countdown to 21825
[10:48:10.447] [SEVERE ] updating countdown to 21803
[10:48:10.472] [SEVERE ] updating countdown to 21778
[10:48:10.493] [SEVERE ] updating countdown to 21757
[10:48:10.519] [SEVERE ] updating countdown to 21731
[10:48:10.545] [SEVERE ] updating countdown to 21705
[10:48:10.571] [SEVERE ] updating countdown to 21679
[10:48:10.597] [SEVERE ] updating countdown to 21653
[10:48:10.619] [SEVERE ] updating countdown to 21631
[10:48:10.641] [SEVERE ] updating countdown to 21609
[10:48:10.663] [SEVERE ] updating countdown to 21587
[10:48:10.685] [SEVERE ] updating countdown to 21565
[10:48:10.706] [SEVERE ] updating countdown to 21544
[10:48:10.732] [SEVERE ] updating countdown to 21518
[10:48:10.755] [SEVERE ] updating countdown to 21495
[10:48:10.777] [SEVERE ] updating countdown to 21473
[10:48:10.799] [SEVERE ] updating countdown to 21451
[10:48:10.819] [SEVERE ] updating countdown to 21431
[10:48:10.841] [SEVERE ] updating countdown to 21409
[10:48:10.863] [SEVERE ] updating countdown to 21387
[10:48:10.885] [SEVERE ] updating countdown to 21365
[10:48:10.907] [SEVERE ] updating countdown to 21343
[10:48:10.928] [SEVERE ] updating countdown to 21322
[10:48:10.950] [SEVERE ] updating countdown to 21300
[10:48:10.970] [SEVERE ] updating countdown to 21280
[10:48:10.992] [SEVERE ] updating countdown to 21258
[10:48:11.014] [SEVERE ] updating countdown to 21236
[10:48:11.035] [SEVERE ] updating countdown to 21215
[10:48:11.056] [SEVERE ] updating countdown to 21195
[10:48:11.078] [SEVERE ] updating countdown to 21172
[10:48:11.099] [SEVERE ] updating countdown to 21151
[10:48:11.119] [SEVERE ] updating countdown to 21131
[10:48:11.141] [SEVERE ] updating countdown to 21109
[10:48:11.163] [SEVERE ] updating countdown to 21087
[10:48:11.185] [SEVERE ] updating countdown to 21065
[10:48:11.206] [SEVERE ] updating countdown to 21044
[10:48:11.227] [SEVERE ] updating countdown to 21023
[10:48:11.248] [SEVERE ] updating countdown to 21002
[10:48:11.269] [SEVERE ] updating countdown to 20981
[10:48:11.291] [SEVERE ] updating countdown to 20959
[10:48:11.313] [SEVERE ] updating countdown to 20937
[10:48:11.333] [SEVERE ] updating countdown to 20917
[10:48:11.355] [SEVERE ] updating countdown to 20895
[10:48:11.376] [SEVERE ] updating countdown to 20874
[10:48:11.399] [SEVERE ] updating countdown to 20851
[10:48:11.420] [SEVERE ] updating countdown to 20830
[10:48:11.443] [SEVERE ] updating countdown to 20807
[10:48:11.464] [SEVERE ] updating countdown to 20786
[10:48:11.485] [SEVERE ] updating countdown to 20765
[10:48:11.506] [SEVERE ] updating countdown to 20744
[10:48:11.528] [SEVERE ] updating countdown to 20722
[10:48:11.550] [SEVERE ] updating countdown to 20700
[10:48:11.572] [SEVERE ] updating countdown to 20678
[10:48:11.592] [SEVERE ] updating countdown to 20658
[10:48:11.614] [SEVERE ] updating countdown to 20636
[10:48:11.635] [SEVERE ] updating countdown to 20615
[10:48:11.657] [SEVERE ] updating countdown to 20593
[10:48:11.679] [SEVERE ] updating countdown to 20571
[10:48:11.700] [SEVERE ] updating countdown to 20550
[10:48:11.720] [SEVERE ] updating countdown to 20530
[10:48:11.742] [SEVERE ] updating countdown to 20508
[10:48:11.762] [SEVERE ] updating countdown to 20488
[10:48:11.784] [SEVERE ] updating countdown to 20466
[10:48:11.805] [SEVERE ] updating countdown to 20445
[10:48:11.825] [SEVERE ] updating countdown to 20425
[10:48:11.847] [SEVERE ] updating countdown to 20403
[10:48:11.871] [SEVERE ] updating countdown to 20379
[10:48:11.894] [SEVERE ] updating countdown to 20356
[10:48:11.914] [SEVERE ] updating countdown to 20336
[10:48:11.938] [SEVERE ] updating countdown to 20312
[10:48:11.958] [SEVERE ] updating countdown to 20292
[10:48:11.982] [SEVERE ] updating countdown to 20268
[10:48:12.003] [SEVERE ] updating countdown to 20247
[10:48:12.028] [SEVERE ] updating countdown to 20222
[10:48:12.048] [SEVERE ] updating countdown to 20202
[10:48:12.074] [SEVERE ] updating countdown to 20176
[10:48:12.097] [SEVERE ] updating countdown to 20153
[10:48:12.123] [SEVERE ] updating countdown to 20127
[10:48:12.149] [SEVERE ] updating countdown to 20101
[10:48:12.172] [SEVERE ] updating countdown to 20078
[10:48:12.193] [SEVERE ] updating countdown to 20057
[10:48:12.214] [SEVERE ] updating countdown to 20036
[10:48:12.235] [SEVERE ] updating countdown to 20015
[10:48:12.257] [SEVERE ] updating countdown to 19993
[10:48:12.283] [SEVERE ] updating countdown to 19967
[10:48:12.304] [SEVERE ] updating countdown to 19946
[10:48:12.307] [SEVERE ] exit button pressed
[10:48:12.308] [SEVERE ] disposing of user interface elements
[10:48:12.308] [INFO   ] thread playerID: 1 terminated.
[10:48:12.308] [SEVERE ] setting player 1 freeze to 0
[10:48:12.308] [INFO   ] thread playerID: 0 terminated.
[10:48:12.328] [SEVERE ] updating countdown to 19922
[10:48:12.328] [SEVERE ] updating countdown to 19922
[10:48:12.432] [SEVERE ] removing card from slot 0
[10:48:12.432] [SEVERE ] removing all tokens
[10:48:12.534] [SEVERE ] removing card from slot 1
[10:48:12.535] [SEVERE ] removing all tokens
[10:48:12.642] [SEVERE ] removing card from slot 2
[10:48:12.643] [SEVERE ] removing all tokens
[10:48:12.745] [SEVERE ] removing card from slot 3
[10:48:12.745] [SEVERE ] removing all tokens
[10:48:12.849] [SEVERE ] removing card from slot 4
[10:48:12.850] [SEVERE ] removing all tokens
[10:48:12.952] [SEVERE ] removing card from slot 5
[10:48:12.953] [SEVERE ] removing all tokens
[10:48:13.057] [SEVERE ] removing card from slot 6
[10:48:13.058] [SEVERE ] removing all tokens
[10:48:13.165] [SEVERE ] removing card from slot 7
[10:48:13.167] [SEVERE ] removing all tokens
[10:48:13.273] [SEVERE ] removing card from slot 8
[10:48:13.274] [SEVERE ] removing all tokens
[10:48:13.375] [SEVERE ] removing card from slot 9
[10:48:13.375] [SEVERE ] removing all tokens
[10:48:13.477] [SEVERE ] removing card from slot 10
[10:48:13.478] [SEVERE ] removing all tokens
[10:48:13.584] [SEVERE ] removing card from slot 11
[10:48:13.585] [SEVERE ] removing all tokens
[10:48:13.585] [SEVERE ] player 1 placing token on slot 0
[10:48:13.585] [SEVERE ] player 2 placing token on slot 1
[10:48:13.586] [INFO   ] thread dealer terminated.
[10:48:13.586] [INFO   ] thread dealer terminated.
[10:48:13.586] [SEVERE ] thanks for playing... it was fun!
[10:48:13.586] [INFO   ] thread main terminated.
