[11:44:26.412] [INFO   ] thread main starting.
[11:44:26.416] [SEVERE ] cannot read configuration file config.properties trying from resources.
[11:44:26.418] [SEVERE ] configuration file was loaded from resources directory.
[11:44:26.745] [INFO   ] thread dealer starting.
[11:44:26.746] [INFO   ] thread playerID: 0 starting.
[11:44:26.746] [INFO   ] thread dealer starting.
[11:44:26.746] [INFO   ] thread playerID: 1 starting.
[11:44:26.749] [SEVERE ] updating countdown to 60000
[11:44:26.850] [SEVERE ] placing card 46 in slot 2
[11:44:26.955] [SEVERE ] placing card 62 in slot 9
[11:44:27.060] [SEVERE ] placing card 40 in slot 0
[11:44:27.162] [SEVERE ] placing card 68 in slot 8
[11:44:27.268] [SEVERE ] placing card 21 in slot 1
[11:44:27.370] [SEVERE ] placing card 9 in slot 6
[11:44:27.472] [SEVERE ] placing card 39 in slot 4
[11:44:27.573] [SEVERE ] placing card 65 in slot 5
[11:44:27.674] [SEVERE ] placing card 66 in slot 3
[11:44:27.778] [SEVERE ] placing card 30 in slot 11
[11:44:27.879] [SEVERE ] placing card 16 in slot 7
[11:44:27.981] [SEVERE ] placing card 69 in slot 10
[11:44:28.003] [SEVERE ] updating countdown to 58746
[11:44:28.026] [SEVERE ] updating countdown to 58724
[11:44:28.050] [SEVERE ] updating countdown to 58699
[11:44:28.073] [SEVERE ] updating countdown to 58676
[11:44:28.094] [SEVERE ] updating countdown to 58655
[11:44:28.116] [SEVERE ] updating countdown to 58633
[11:44:28.139] [SEVERE ] updating countdown to 58610
[11:44:28.165] [SEVERE ] updating countdown to 58584
[11:44:28.186] [SEVERE ] updating countdown to 58563
[11:44:28.211] [SEVERE ] updating countdown to 58538
[11:44:28.233] [SEVERE ] updating countdown to 58516
[11:44:28.255] [SEVERE ] updating countdown to 58494
[11:44:28.277] [SEVERE ] updating countdown to 58472
[11:44:28.302] [SEVERE ] updating countdown to 58447
[11:44:28.324] [SEVERE ] updating countdown to 58425
[11:44:28.348] [SEVERE ] updating countdown to 58401
[11:44:28.370] [SEVERE ] updating countdown to 58379
[11:44:28.393] [SEVERE ] updating countdown to 58356
[11:44:28.415] [SEVERE ] updating countdown to 58334
[11:44:28.436] [SEVERE ] updating countdown to 58313
[11:44:28.460] [SEVERE ] updating countdown to 58289
[11:44:28.482] [SEVERE ] updating countdown to 58267
[11:44:28.506] [SEVERE ] updating countdown to 58243
[11:44:28.532] [SEVERE ] updating countdown to 58217
[11:44:28.556] [SEVERE ] updating countdown to 58193
[11:44:28.581] [SEVERE ] updating countdown to 58168
[11:44:28.603] [SEVERE ] updating countdown to 58146
[11:44:28.627] [SEVERE ] updating countdown to 58122
[11:44:28.649] [SEVERE ] updating countdown to 58100
[11:44:28.675] [SEVERE ] updating countdown to 58074
[11:44:28.697] [SEVERE ] updating countdown to 58052
[11:44:28.722] [SEVERE ] updating countdown to 58027
[11:44:28.743] [SEVERE ] updating countdown to 58006
[11:44:28.764] [SEVERE ] updating countdown to 57985
[11:44:28.788] [SEVERE ] updating countdown to 57961
[11:44:28.814] [SEVERE ] updating countdown to 57935
[11:44:28.835] [SEVERE ] updating countdown to 57914
[11:44:28.858] [SEVERE ] updating countdown to 57891
[11:44:28.880] [SEVERE ] updating countdown to 57869
[11:44:28.904] [SEVERE ] updating countdown to 57845
[11:44:28.926] [SEVERE ] updating countdown to 57824
[11:44:28.951] [SEVERE ] updating countdown to 57798
[11:44:28.974] [SEVERE ] updating countdown to 57775
[11:44:28.998] [SEVERE ] updating countdown to 57751
[11:44:29.020] [SEVERE ] updating countdown to 57729
[11:44:29.045] [SEVERE ] updating countdown to 57704
[11:44:29.070] [SEVERE ] updating countdown to 57679
[11:44:29.093] [SEVERE ] updating countdown to 57656
[11:44:29.116] [SEVERE ] updating countdown to 57633
[11:44:29.141] [SEVERE ] updating countdown to 57608
[11:44:29.164] [SEVERE ] updating countdown to 57585
[11:44:29.185] [SEVERE ] updating countdown to 57564
[11:44:29.211] [SEVERE ] updating countdown to 57538
[11:44:29.233] [SEVERE ] updating countdown to 57516
[11:44:29.254] [SEVERE ] updating countdown to 57495
[11:44:29.277] [SEVERE ] updating countdown to 57472
[11:44:29.297] [SEVERE ] updating countdown to 57452
[11:44:29.319] [SEVERE ] updating countdown to 57430
[11:44:29.343] [SEVERE ] updating countdown to 57406
[11:44:29.365] [SEVERE ] updating countdown to 57384
[11:44:29.386] [SEVERE ] updating countdown to 57363
[11:44:29.409] [SEVERE ] updating countdown to 57341
[11:44:29.430] [SEVERE ] updating countdown to 57319
[11:44:29.452] [SEVERE ] updating countdown to 57297
[11:44:29.475] [SEVERE ] updating countdown to 57274
[11:44:29.497] [SEVERE ] updating countdown to 57252
[11:44:29.522] [SEVERE ] updating countdown to 57227
[11:44:29.546] [SEVERE ] updating countdown to 57203
[11:44:29.571] [SEVERE ] updating countdown to 57178
[11:44:29.597] [SEVERE ] updating countdown to 57152
[11:44:29.620] [SEVERE ] updating countdown to 57129
[11:44:29.644] [SEVERE ] updating countdown to 57105
[11:44:29.666] [SEVERE ] updating countdown to 57083
[11:44:29.688] [SEVERE ] updating countdown to 57061
[11:44:29.709] [SEVERE ] updating countdown to 57040
[11:44:29.731] [SEVERE ] updating countdown to 57018
[11:44:29.753] [SEVERE ] updating countdown to 56996
[11:44:29.774] [SEVERE ] updating countdown to 56975
[11:44:29.800] [SEVERE ] updating countdown to 56950
[11:44:29.825] [SEVERE ] updating countdown to 56924
[11:44:29.848] [SEVERE ] updating countdown to 56901
[11:44:29.869] [SEVERE ] updating countdown to 56880
[11:44:29.893] [SEVERE ] updating countdown to 56856
[11:44:29.914] [SEVERE ] updating countdown to 56835
[11:44:29.936] [SEVERE ] updating countdown to 56813
[11:44:29.956] [SEVERE ] updating countdown to 56793
[11:44:29.979] [SEVERE ] updating countdown to 56770
[11:44:30.003] [SEVERE ] updating countdown to 56746
[11:44:30.024] [SEVERE ] updating countdown to 56725
[11:44:30.049] [SEVERE ] updating countdown to 56700
[11:44:30.072] [SEVERE ] updating countdown to 56677
[11:44:30.093] [SEVERE ] updating countdown to 56656
[11:44:30.115] [SEVERE ] updating countdown to 56634
[11:44:30.140] [SEVERE ] updating countdown to 56609
[11:44:30.162] [SEVERE ] updating countdown to 56587
[11:44:30.187] [SEVERE ] updating countdown to 56562
[11:44:30.210] [SEVERE ] updating countdown to 56539
[11:44:30.233] [SEVERE ] updating countdown to 56516
[11:44:30.255] [SEVERE ] updating countdown to 56494
[11:44:30.280] [SEVERE ] updating countdown to 56469
[11:44:30.300] [SEVERE ] updating countdown to 56449
[11:44:30.322] [SEVERE ] updating countdown to 56427
[11:44:30.348] [SEVERE ] updating countdown to 56401
[11:44:30.369] [SEVERE ] updating countdown to 56380
[11:44:30.391] [SEVERE ] updating countdown to 56358
[11:44:30.416] [SEVERE ] updating countdown to 56333
[11:44:30.437] [SEVERE ] updating countdown to 56312
[11:44:30.462] [SEVERE ] updating countdown to 56287
[11:44:30.486] [SEVERE ] updating countdown to 56263
[11:44:30.508] [SEVERE ] updating countdown to 56241
[11:44:30.530] [SEVERE ] updating countdown to 56219
[11:44:30.551] [SEVERE ] updating countdown to 56198
[11:44:30.577] [SEVERE ] updating countdown to 56172
[11:44:30.603] [SEVERE ] updating countdown to 56146
[11:44:30.628] [SEVERE ] updating countdown to 56121
[11:44:30.649] [SEVERE ] updating countdown to 56100
[11:44:30.671] [SEVERE ] updating countdown to 56078
[11:44:30.693] [SEVERE ] updating countdown to 56056
[11:44:30.715] [SEVERE ] updating countdown to 56034
[11:44:30.736] [SEVERE ] updating countdown to 56013
[11:44:30.758] [SEVERE ] updating countdown to 55991
[11:44:30.774] [SEVERE ] key 81 was pressed by player 1
[11:44:30.774] [SEVERE ] player 1 placing token on slot 0
[11:44:30.779] [SEVERE ] updating countdown to 55970
[11:44:30.801] [SEVERE ] updating countdown to 55948
[11:44:30.823] [SEVERE ] updating countdown to 55926
[11:44:30.844] [SEVERE ] updating countdown to 55905
[11:44:30.864] [SEVERE ] updating countdown to 55885
[11:44:30.886] [SEVERE ] updating countdown to 55863
[11:44:30.906] [SEVERE ] updating countdown to 55843
[11:44:30.928] [SEVERE ] updating countdown to 55821
[11:44:30.950] [SEVERE ] updating countdown to 55799
[11:44:30.971] [SEVERE ] updating countdown to 55778
[11:44:30.992] [SEVERE ] updating countdown to 55757
[11:44:31.012] [SEVERE ] updating countdown to 55737
[11:44:31.033] [SEVERE ] updating countdown to 55716
[11:44:31.054] [SEVERE ] updating countdown to 55695
[11:44:31.076] [SEVERE ] updating countdown to 55673
[11:44:31.097] [SEVERE ] updating countdown to 55652
[11:44:31.118] [SEVERE ] updating countdown to 55631
[11:44:31.140] [SEVERE ] updating countdown to 55609
[11:44:31.161] [SEVERE ] updating countdown to 55588
[11:44:31.182] [SEVERE ] updating countdown to 55567
[11:44:31.199] [SEVERE ] key 65 was pressed by player 1
[11:44:31.200] [SEVERE ] player 1 placing token on slot 4
[11:44:31.203] [SEVERE ] updating countdown to 55546
[11:44:31.223] [SEVERE ] updating countdown to 55526
[11:44:31.245] [SEVERE ] updating countdown to 55504
[11:44:31.271] [SEVERE ] updating countdown to 55478
[11:44:31.294] [SEVERE ] updating countdown to 55455
[11:44:31.316] [SEVERE ] updating countdown to 55433
[11:44:31.339] [SEVERE ] updating countdown to 55410
[11:44:31.361] [SEVERE ] updating countdown to 55388
[11:44:31.382] [SEVERE ] updating countdown to 55367
[11:44:31.407] [SEVERE ] updating countdown to 55342
[11:44:31.428] [SEVERE ] updating countdown to 55321
[11:44:31.452] [SEVERE ] updating countdown to 55297
[11:44:31.474] [SEVERE ] updating countdown to 55275
[11:44:31.499] [SEVERE ] updating countdown to 55250
[11:44:31.523] [SEVERE ] updating countdown to 55226
[11:44:31.548] [SEVERE ] updating countdown to 55201
[11:44:31.573] [SEVERE ] updating countdown to 55176
[11:44:31.595] [SEVERE ] updating countdown to 55154
[11:44:31.599] [SEVERE ] key 90 was pressed by player 1
[11:44:31.600] [SEVERE ] player 1 placing token on slot 8
[11:44:31.600] [SEVERE ] removing player 1 token from slot 0
[11:44:31.601] [SEVERE ] removing player 1 token from slot 4
[11:44:31.601] [SEVERE ] removing player 1 token from slot 8
[11:44:31.603] [SEVERE ] setting player 1 freeze to 3000
[11:44:31.617] [SEVERE ] updating countdown to 55132
[11:44:31.640] [SEVERE ] updating countdown to 55109
[11:44:31.664] [SEVERE ] updating countdown to 55085
[11:44:31.689] [SEVERE ] updating countdown to 55060
[11:44:31.710] [SEVERE ] updating countdown to 55040
[11:44:31.731] [SEVERE ] updating countdown to 55018
[11:44:31.752] [SEVERE ] updating countdown to 54997
[11:44:31.774] [SEVERE ] updating countdown to 54975
[11:44:31.796] [SEVERE ] updating countdown to 54953
[11:44:31.819] [SEVERE ] updating countdown to 54930
[11:44:31.840] [SEVERE ] updating countdown to 54909
[11:44:31.863] [SEVERE ] updating countdown to 54886
[11:44:31.884] [SEVERE ] updating countdown to 54865
[11:44:31.906] [SEVERE ] updating countdown to 54843
[11:44:31.931] [SEVERE ] updating countdown to 54818
[11:44:31.952] [SEVERE ] updating countdown to 54797
[11:44:31.974] [SEVERE ] updating countdown to 54775
[11:44:31.996] [SEVERE ] updating countdown to 54754
[11:44:32.021] [SEVERE ] updating countdown to 54728
[11:44:32.043] [SEVERE ] updating countdown to 54706
[11:44:32.069] [SEVERE ] updating countdown to 54680
[11:44:32.092] [SEVERE ] updating countdown to 54657
[11:44:32.115] [SEVERE ] updating countdown to 54634
[11:44:32.137] [SEVERE ] updating countdown to 54612
[11:44:32.159] [SEVERE ] updating countdown to 54590
[11:44:32.180] [SEVERE ] updating countdown to 54569
[11:44:32.202] [SEVERE ] updating countdown to 54547
[11:44:32.223] [SEVERE ] updating countdown to 54526
[11:44:32.244] [SEVERE ] updating countdown to 54505
[11:44:32.265] [SEVERE ] updating countdown to 54484
[11:44:32.289] [SEVERE ] updating countdown to 54460
[11:44:32.311] [SEVERE ] updating countdown to 54438
[11:44:32.332] [SEVERE ] updating countdown to 54417
[11:44:32.353] [SEVERE ] updating countdown to 54396
[11:44:32.374] [SEVERE ] updating countdown to 54375
[11:44:32.400] [SEVERE ] updating countdown to 54349
[11:44:32.423] [SEVERE ] updating countdown to 54326
[11:44:32.447] [SEVERE ] updating countdown to 54302
[11:44:32.469] [SEVERE ] updating countdown to 54280
[11:44:32.491] [SEVERE ] updating countdown to 54258
[11:44:32.513] [SEVERE ] updating countdown to 54236
[11:44:32.534] [SEVERE ] updating countdown to 54215
[11:44:32.554] [SEVERE ] updating countdown to 54195
[11:44:32.577] [SEVERE ] updating countdown to 54172
[11:44:32.599] [SEVERE ] updating countdown to 54150
[11:44:32.623] [SEVERE ] updating countdown to 54126
[11:44:32.645] [SEVERE ] updating countdown to 54104
[11:44:32.667] [SEVERE ] updating countdown to 54082
[11:44:32.690] [SEVERE ] updating countdown to 54059
[11:44:32.714] [SEVERE ] updating countdown to 54035
[11:44:32.737] [SEVERE ] updating countdown to 54012
[11:44:32.758] [SEVERE ] updating countdown to 53991
[11:44:32.779] [SEVERE ] updating countdown to 53970
[11:44:32.802] [SEVERE ] updating countdown to 53947
[11:44:32.824] [SEVERE ] updating countdown to 53925
[11:44:32.846] [SEVERE ] updating countdown to 53903
[11:44:32.867] [SEVERE ] updating countdown to 53882
[11:44:32.891] [SEVERE ] updating countdown to 53858
[11:44:32.913] [SEVERE ] updating countdown to 53837
[11:44:32.936] [SEVERE ] updating countdown to 53813
[11:44:32.959] [SEVERE ] updating countdown to 53790
[11:44:32.981] [SEVERE ] updating countdown to 53768
[11:44:33.003] [SEVERE ] updating countdown to 53746
[11:44:33.025] [SEVERE ] updating countdown to 53724
[11:44:33.046] [SEVERE ] updating countdown to 53703
[11:44:33.068] [SEVERE ] updating countdown to 53681
[11:44:33.090] [SEVERE ] updating countdown to 53659
[11:44:33.114] [SEVERE ] updating countdown to 53635
[11:44:33.138] [SEVERE ] updating countdown to 53611
[11:44:33.164] [SEVERE ] updating countdown to 53585
[11:44:33.185] [SEVERE ] updating countdown to 53564
[11:44:33.208] [SEVERE ] updating countdown to 53541
[11:44:33.229] [SEVERE ] updating countdown to 53520
[11:44:33.251] [SEVERE ] updating countdown to 53498
[11:44:33.275] [SEVERE ] updating countdown to 53474
[11:44:33.300] [SEVERE ] updating countdown to 53449
[11:44:33.324] [SEVERE ] updating countdown to 53425
[11:44:33.347] [SEVERE ] updating countdown to 53402
[11:44:33.369] [SEVERE ] updating countdown to 53380
[11:44:33.394] [SEVERE ] updating countdown to 53355
[11:44:33.410] [SEVERE ] key 81 was pressed by player 1
[11:44:33.415] [SEVERE ] updating countdown to 53334
[11:44:33.440] [SEVERE ] updating countdown to 53309
[11:44:33.464] [SEVERE ] updating countdown to 53285
[11:44:33.485] [SEVERE ] updating countdown to 53264
[11:44:33.509] [SEVERE ] updating countdown to 53240
[11:44:33.529] [SEVERE ] updating countdown to 53220
[11:44:33.554] [SEVERE ] updating countdown to 53195
[11:44:33.575] [SEVERE ] updating countdown to 53174
[11:44:33.597] [SEVERE ] updating countdown to 53152
[11:44:33.617] [SEVERE ] updating countdown to 53132
[11:44:33.639] [SEVERE ] updating countdown to 53110
[11:44:33.659] [SEVERE ] updating countdown to 53090
[11:44:33.681] [SEVERE ] updating countdown to 53068
[11:44:33.705] [SEVERE ] updating countdown to 53044
[11:44:33.725] [SEVERE ] updating countdown to 53024
[11:44:33.747] [SEVERE ] updating countdown to 53002
[11:44:33.768] [SEVERE ] updating countdown to 52981
[11:44:33.789] [SEVERE ] updating countdown to 52960
[11:44:33.811] [SEVERE ] updating countdown to 52938
[11:44:33.836] [SEVERE ] updating countdown to 52913
[11:44:33.859] [SEVERE ] updating countdown to 52890
[11:44:33.880] [SEVERE ] updating countdown to 52869
[11:44:33.906] [SEVERE ] updating countdown to 52843
[11:44:33.931] [SEVERE ] updating countdown to 52818
[11:44:33.957] [SEVERE ] updating countdown to 52792
[11:44:33.979] [SEVERE ] updating countdown to 52770
[11:44:34.002] [SEVERE ] updating countdown to 52747
[11:44:34.024] [SEVERE ] updating countdown to 52725
[11:44:34.050] [SEVERE ] updating countdown to 52699
[11:44:34.073] [SEVERE ] updating countdown to 52676
[11:44:34.098] [SEVERE ] updating countdown to 52651
[11:44:34.120] [SEVERE ] updating countdown to 52629
[11:44:34.143] [SEVERE ] updating countdown to 52606
[11:44:34.169] [SEVERE ] updating countdown to 52580
[11:44:34.195] [SEVERE ] updating countdown to 52554
[11:44:34.221] [SEVERE ] updating countdown to 52528
[11:44:34.244] [SEVERE ] updating countdown to 52505
[11:44:34.270] [SEVERE ] updating countdown to 52479
[11:44:34.296] [SEVERE ] updating countdown to 52453
[11:44:34.323] [SEVERE ] updating countdown to 52426
[11:44:34.349] [SEVERE ] updating countdown to 52400
[11:44:34.375] [SEVERE ] updating countdown to 52374
[11:44:34.400] [SEVERE ] updating countdown to 52349
[11:44:34.421] [SEVERE ] updating countdown to 52328
[11:44:34.443] [SEVERE ] updating countdown to 52306
[11:44:34.465] [SEVERE ] updating countdown to 52284
[11:44:34.489] [SEVERE ] updating countdown to 52260
[11:44:34.510] [SEVERE ] updating countdown to 52239
[11:44:34.532] [SEVERE ] updating countdown to 52217
[11:44:34.554] [SEVERE ] updating countdown to 52195
[11:44:34.576] [SEVERE ] updating countdown to 52173
[11:44:34.599] [SEVERE ] updating countdown to 52150
[11:44:34.610] [SEVERE ] setting player 1 freeze to 0
[11:44:34.611] [SEVERE ] player 1 placing token on slot 0
[11:44:34.611] [SEVERE ] removing player 1 token from slot 0
[11:44:34.612] [SEVERE ] setting player 1 freeze to 3000
[11:44:34.619] [SEVERE ] updating countdown to 52130
[11:44:34.641] [SEVERE ] updating countdown to 52108
[11:44:34.663] [SEVERE ] updating countdown to 52086
[11:44:34.686] [SEVERE ] updating countdown to 52063
[11:44:34.709] [SEVERE ] updating countdown to 52040
[11:44:34.731] [SEVERE ] updating countdown to 52018
[11:44:34.752] [SEVERE ] updating countdown to 51997
[11:44:34.775] [SEVERE ] updating countdown to 51974
[11:44:34.797] [SEVERE ] updating countdown to 51952
[11:44:34.822] [SEVERE ] updating countdown to 51927
[11:44:34.844] [SEVERE ] updating countdown to 51905
[11:44:34.866] [SEVERE ] updating countdown to 51883
[11:44:34.889] [SEVERE ] updating countdown to 51860
[11:44:34.914] [SEVERE ] updating countdown to 51835
[11:44:34.938] [SEVERE ] updating countdown to 51811
[11:44:34.964] [SEVERE ] updating countdown to 51785
[11:44:34.987] [SEVERE ] updating countdown to 51762
[11:44:35.012] [SEVERE ] updating countdown to 51737
[11:44:35.037] [SEVERE ] updating countdown to 51712
[11:44:35.062] [SEVERE ] updating countdown to 51687
[11:44:35.084] [SEVERE ] updating countdown to 51665
[11:44:35.110] [SEVERE ] updating countdown to 51639
[11:44:35.136] [SEVERE ] updating countdown to 51613
[11:44:35.162] [SEVERE ] updating countdown to 51587
[11:44:35.188] [SEVERE ] updating countdown to 51561
[11:44:35.214] [SEVERE ] updating countdown to 51535
[11:44:35.238] [SEVERE ] updating countdown to 51511
[11:44:35.263] [SEVERE ] updating countdown to 51486
[11:44:35.289] [SEVERE ] updating countdown to 51460
[11:44:35.310] [SEVERE ] updating countdown to 51439
[11:44:35.336] [SEVERE ] updating countdown to 51413
[11:44:35.362] [SEVERE ] updating countdown to 51387
[11:44:35.384] [SEVERE ] updating countdown to 51365
[11:44:35.409] [SEVERE ] updating countdown to 51340
[11:44:35.431] [SEVERE ] updating countdown to 51318
[11:44:35.453] [SEVERE ] updating countdown to 51296
[11:44:35.478] [SEVERE ] updating countdown to 51271
[11:44:35.504] [SEVERE ] updating countdown to 51245
[11:44:35.530] [SEVERE ] updating countdown to 51219
[11:44:35.552] [SEVERE ] updating countdown to 51197
[11:44:35.573] [SEVERE ] updating countdown to 51176
[11:44:35.598] [SEVERE ] updating countdown to 51151
[11:44:35.622] [SEVERE ] updating countdown to 51127
[11:44:35.648] [SEVERE ] updating countdown to 51101
[11:44:35.674] [SEVERE ] updating countdown to 51075
[11:44:35.700] [SEVERE ] updating countdown to 51049
[11:44:35.726] [SEVERE ] updating countdown to 51023
[11:44:35.748] [SEVERE ] updating countdown to 51001
[11:44:35.769] [SEVERE ] updating countdown to 50980
[11:44:35.792] [SEVERE ] updating countdown to 50957
[11:44:35.813] [SEVERE ] updating countdown to 50936
[11:44:35.838] [SEVERE ] updating countdown to 50911
[11:44:35.862] [SEVERE ] updating countdown to 50887
[11:44:35.888] [SEVERE ] updating countdown to 50861
[11:44:35.909] [SEVERE ] updating countdown to 50840
[11:44:35.935] [SEVERE ] updating countdown to 50814
[11:44:35.957] [SEVERE ] updating countdown to 50792
[11:44:35.979] [SEVERE ] updating countdown to 50770
[11:44:36.000] [SEVERE ] updating countdown to 50749
[11:44:36.021] [SEVERE ] updating countdown to 50728
[11:44:36.043] [SEVERE ] updating countdown to 50706
[11:44:36.063] [SEVERE ] updating countdown to 50686
[11:44:36.085] [SEVERE ] updating countdown to 50664
[11:44:36.107] [SEVERE ] updating countdown to 50642
[11:44:36.127] [SEVERE ] updating countdown to 50622
[11:44:36.153] [SEVERE ] updating countdown to 50596
[11:44:36.174] [SEVERE ] updating countdown to 50575
[11:44:36.198] [SEVERE ] updating countdown to 50551
[11:44:36.219] [SEVERE ] updating countdown to 50530
[11:44:36.241] [SEVERE ] updating countdown to 50508
[11:44:36.263] [SEVERE ] updating countdown to 50486
[11:44:36.285] [SEVERE ] updating countdown to 50464
[11:44:36.310] [SEVERE ] updating countdown to 50439
[11:44:36.332] [SEVERE ] updating countdown to 50417
[11:44:36.354] [SEVERE ] updating countdown to 50395
[11:44:36.375] [SEVERE ] updating countdown to 50374
[11:44:36.396] [SEVERE ] updating countdown to 50353
[11:44:36.418] [SEVERE ] updating countdown to 50331
[11:44:36.439] [SEVERE ] updating countdown to 50310
[11:44:36.462] [SEVERE ] updating countdown to 50287
[11:44:36.488] [SEVERE ] updating countdown to 50261
[11:44:36.512] [SEVERE ] updating countdown to 50237
[11:44:36.532] [SEVERE ] updating countdown to 50217
[11:44:36.554] [SEVERE ] updating countdown to 50195
[11:44:36.580] [SEVERE ] updating countdown to 50169
[11:44:36.602] [SEVERE ] updating countdown to 50147
[11:44:36.623] [SEVERE ] updating countdown to 50126
[11:44:36.646] [SEVERE ] updating countdown to 50103
[11:44:36.672] [SEVERE ] updating countdown to 50077
[11:44:36.698] [SEVERE ] updating countdown to 50051
[11:44:36.720] [SEVERE ] updating countdown to 50029
[11:44:36.741] [SEVERE ] updating countdown to 50008
[11:44:36.767] [SEVERE ] updating countdown to 49982
[11:44:36.789] [SEVERE ] updating countdown to 49960
[11:44:36.815] [SEVERE ] updating countdown to 49934
[11:44:36.836] [SEVERE ] updating countdown to 49913
[11:44:36.863] [SEVERE ] updating countdown to 49886
[11:44:36.885] [SEVERE ] updating countdown to 49864
[11:44:36.911] [SEVERE ] updating countdown to 49838
[11:44:36.933] [SEVERE ] updating countdown to 49816
[11:44:36.955] [SEVERE ] updating countdown to 49794
[11:44:36.980] [SEVERE ] updating countdown to 49769
[11:44:37.004] [SEVERE ] updating countdown to 49745
[11:44:37.030] [SEVERE ] updating countdown to 49719
[11:44:37.056] [SEVERE ] updating countdown to 49693
[11:44:37.081] [SEVERE ] updating countdown to 49668
[11:44:37.107] [SEVERE ] updating countdown to 49642
[11:44:37.132] [SEVERE ] updating countdown to 49617
[11:44:37.157] [SEVERE ] updating countdown to 49592
[11:44:37.183] [SEVERE ] updating countdown to 49566
[11:44:37.205] [SEVERE ] updating countdown to 49544
[11:44:37.231] [SEVERE ] updating countdown to 49518
[11:44:37.253] [SEVERE ] updating countdown to 49496
[11:44:37.275] [SEVERE ] updating countdown to 49474
[11:44:37.300] [SEVERE ] updating countdown to 49449
[11:44:37.323] [SEVERE ] updating countdown to 49426
[11:44:37.343] [SEVERE ] updating countdown to 49406
[11:44:37.364] [SEVERE ] updating countdown to 49385
[11:44:37.387] [SEVERE ] updating countdown to 49362
[11:44:37.409] [SEVERE ] updating countdown to 49340
[11:44:37.430] [SEVERE ] updating countdown to 49319
[11:44:37.456] [SEVERE ] updating countdown to 49293
[11:44:37.482] [SEVERE ] updating countdown to 49267
[11:44:37.508] [SEVERE ] updating countdown to 49241
[11:44:37.534] [SEVERE ] updating countdown to 49215
[11:44:37.558] [SEVERE ] updating countdown to 49191
[11:44:37.578] [SEVERE ] updating countdown to 49171
[11:44:37.600] [SEVERE ] updating countdown to 49149
[11:44:37.617] [SEVERE ] setting player 1 freeze to 0
[11:44:37.622] [SEVERE ] updating countdown to 49127
[11:44:37.626] [SEVERE ] key 81 was pressed by player 1
[11:44:37.626] [SEVERE ] player 1 placing token on slot 0
[11:44:37.626] [SEVERE ] removing player 1 token from slot 0
[11:44:37.626] [SEVERE ] setting player 1 freeze to 3000
[11:44:37.643] [SEVERE ] updating countdown to 49106
[11:44:37.668] [SEVERE ] updating countdown to 49081
[11:44:37.689] [SEVERE ] updating countdown to 49060
[11:44:37.710] [SEVERE ] updating countdown to 49039
[11:44:37.734] [SEVERE ] updating countdown to 49015
[11:44:37.759] [SEVERE ] updating countdown to 48990
[11:44:37.785] [SEVERE ] updating countdown to 48964
[11:44:37.806] [SEVERE ] updating countdown to 48943
[11:44:37.828] [SEVERE ] updating countdown to 48921
[11:44:37.849] [SEVERE ] updating countdown to 48900
[11:44:37.869] [SEVERE ] updating countdown to 48880
[11:44:37.891] [SEVERE ] updating countdown to 48858
[11:44:37.913] [SEVERE ] updating countdown to 48836
[11:44:37.935] [SEVERE ] updating countdown to 48814
[11:44:37.960] [SEVERE ] updating countdown to 48789
[11:44:37.982] [SEVERE ] updating countdown to 48767
[11:44:38.003] [SEVERE ] updating countdown to 48746
[11:44:38.024] [SEVERE ] updating countdown to 48725
[11:44:38.049] [SEVERE ] updating countdown to 48700
[11:44:38.071] [SEVERE ] updating countdown to 48678
[11:44:38.095] [SEVERE ] updating countdown to 48654
[11:44:38.115] [SEVERE ] updating countdown to 48634
[11:44:38.141] [SEVERE ] updating countdown to 48608
[11:44:38.166] [SEVERE ] updating countdown to 48583
[11:44:38.188] [SEVERE ] updating countdown to 48561
[11:44:38.211] [SEVERE ] updating countdown to 48538
[11:44:38.233] [SEVERE ] updating countdown to 48516
[11:44:38.253] [SEVERE ] updating countdown to 48496
[11:44:38.279] [SEVERE ] updating countdown to 48470
[11:44:38.304] [SEVERE ] updating countdown to 48445
[11:44:38.326] [SEVERE ] updating countdown to 48423
[11:44:38.346] [SEVERE ] updating countdown to 48403
[11:44:38.368] [SEVERE ] updating countdown to 48381
[11:44:38.389] [SEVERE ] updating countdown to 48360
[11:44:38.414] [SEVERE ] updating countdown to 48335
[11:44:38.437] [SEVERE ] updating countdown to 48312
[11:44:38.459] [SEVERE ] updating countdown to 48290
[11:44:38.482] [SEVERE ] updating countdown to 48267
[11:44:38.506] [SEVERE ] updating countdown to 48243
[11:44:38.529] [SEVERE ] updating countdown to 48220
[11:44:38.550] [SEVERE ] updating countdown to 48199
[11:44:38.571] [SEVERE ] updating countdown to 48178
[11:44:38.592] [SEVERE ] updating countdown to 48157
[11:44:38.616] [SEVERE ] updating countdown to 48133
[11:44:38.638] [SEVERE ] updating countdown to 48111
[11:44:38.663] [SEVERE ] updating countdown to 48086
[11:44:38.686] [SEVERE ] updating countdown to 48063
[11:44:38.707] [SEVERE ] updating countdown to 48042
[11:44:38.728] [SEVERE ] updating countdown to 48021
[11:44:38.754] [SEVERE ] updating countdown to 47995
[11:44:38.776] [SEVERE ] updating countdown to 47973
[11:44:38.799] [SEVERE ] updating countdown to 47950
[11:44:38.821] [SEVERE ] updating countdown to 47928
[11:44:38.846] [SEVERE ] updating countdown to 47903
[11:44:38.870] [SEVERE ] updating countdown to 47879
[11:44:38.895] [SEVERE ] updating countdown to 47854
[11:44:38.919] [SEVERE ] updating countdown to 47830
[11:44:38.941] [SEVERE ] updating countdown to 47808
[11:44:38.967] [SEVERE ] updating countdown to 47782
[11:44:38.993] [SEVERE ] updating countdown to 47756
[11:44:39.015] [SEVERE ] updating countdown to 47734
[11:44:39.036] [SEVERE ] updating countdown to 47713
[11:44:39.061] [SEVERE ] updating countdown to 47688
[11:44:39.084] [SEVERE ] updating countdown to 47665
[11:44:39.109] [SEVERE ] updating countdown to 47640
[11:44:39.134] [SEVERE ] updating countdown to 47615
[11:44:39.158] [SEVERE ] updating countdown to 47591
[11:44:39.182] [SEVERE ] updating countdown to 47567
[11:44:39.208] [SEVERE ] updating countdown to 47541
[11:44:39.231] [SEVERE ] updating countdown to 47518
[11:44:39.256] [SEVERE ] updating countdown to 47493
[11:44:39.282] [SEVERE ] updating countdown to 47467
[11:44:39.308] [SEVERE ] updating countdown to 47441
[11:44:39.334] [SEVERE ] updating countdown to 47415
[11:44:39.354] [SEVERE ] updating countdown to 47395
[11:44:39.376] [SEVERE ] updating countdown to 47373
[11:44:39.402] [SEVERE ] updating countdown to 47347
[11:44:39.428] [SEVERE ] updating countdown to 47321
[11:44:39.454] [SEVERE ] updating countdown to 47295
[11:44:39.480] [SEVERE ] updating countdown to 47269
[11:44:39.506] [SEVERE ] updating countdown to 47243
[11:44:39.531] [SEVERE ] updating countdown to 47218
[11:44:39.552] [SEVERE ] updating countdown to 47197
[11:44:39.578] [SEVERE ] updating countdown to 47171
[11:44:39.600] [SEVERE ] updating countdown to 47149
[11:44:39.621] [SEVERE ] updating countdown to 47128
[11:44:39.643] [SEVERE ] updating countdown to 47106
[11:44:39.665] [SEVERE ] updating countdown to 47084
[11:44:39.690] [SEVERE ] updating countdown to 47059
[11:44:39.712] [SEVERE ] updating countdown to 47037
[11:44:39.734] [SEVERE ] updating countdown to 47015
[11:44:39.759] [SEVERE ] updating countdown to 46990
[11:44:39.781] [SEVERE ] updating countdown to 46968
[11:44:39.803] [SEVERE ] updating countdown to 46946
[11:44:39.824] [SEVERE ] updating countdown to 46925
[11:44:39.845] [SEVERE ] updating countdown to 46904
[11:44:39.866] [SEVERE ] updating countdown to 46883
[11:44:39.889] [SEVERE ] updating countdown to 46860
[11:44:39.912] [SEVERE ] updating countdown to 46837
[11:44:39.937] [SEVERE ] updating countdown to 46812
[11:44:39.959] [SEVERE ] updating countdown to 46790
[11:44:39.981] [SEVERE ] updating countdown to 46768
[11:44:40.002] [SEVERE ] updating countdown to 46747
[11:44:40.023] [SEVERE ] updating countdown to 46726
[11:44:40.048] [SEVERE ] updating countdown to 46701
[11:44:40.073] [SEVERE ] updating countdown to 46676
[11:44:40.099] [SEVERE ] updating countdown to 46650
[11:44:40.125] [SEVERE ] updating countdown to 46624
[11:44:40.151] [SEVERE ] updating countdown to 46598
[11:44:40.174] [SEVERE ] updating countdown to 46575
[11:44:40.200] [SEVERE ] updating countdown to 46549
[11:44:40.222] [SEVERE ] updating countdown to 46527
[11:44:40.245] [SEVERE ] updating countdown to 46504
[11:44:40.270] [SEVERE ] updating countdown to 46479
[11:44:40.293] [SEVERE ] updating countdown to 46456
[11:44:40.316] [SEVERE ] updating countdown to 46433
[11:44:40.338] [SEVERE ] updating countdown to 46411
[11:44:40.359] [SEVERE ] updating countdown to 46390
[11:44:40.385] [SEVERE ] updating countdown to 46364
[11:44:40.407] [SEVERE ] updating countdown to 46342
[11:44:40.427] [SEVERE ] updating countdown to 46322
[11:44:40.453] [SEVERE ] updating countdown to 46296
[11:44:40.478] [SEVERE ] updating countdown to 46271
[11:44:40.504] [SEVERE ] updating countdown to 46245
[11:44:40.530] [SEVERE ] updating countdown to 46219
[11:44:40.556] [SEVERE ] updating countdown to 46193
[11:44:40.582] [SEVERE ] updating countdown to 46167
[11:44:40.607] [SEVERE ] updating countdown to 46142
[11:44:40.627] [SEVERE ] setting player 1 freeze to 0
[11:44:40.628] [SEVERE ] updating countdown to 46121
[11:44:40.650] [SEVERE ] updating countdown to 46099
[11:44:40.676] [SEVERE ] updating countdown to 46073
[11:44:40.698] [SEVERE ] updating countdown to 46051
[11:44:40.724] [SEVERE ] updating countdown to 46025
[11:44:40.746] [SEVERE ] updating countdown to 46003
[11:44:40.767] [SEVERE ] updating countdown to 45982
[11:44:40.788] [SEVERE ] updating countdown to 45961
[11:44:40.811] [SEVERE ] updating countdown to 45938
[11:44:40.832] [SEVERE ] updating countdown to 45917
[11:44:40.854] [SEVERE ] updating countdown to 45895
[11:44:40.879] [SEVERE ] updating countdown to 45870
[11:44:40.901] [SEVERE ] updating countdown to 45848
[11:44:40.923] [SEVERE ] updating countdown to 45826
[11:44:40.948] [SEVERE ] updating countdown to 45801
[11:44:40.969] [SEVERE ] updating countdown to 45780
[11:44:40.992] [SEVERE ] updating countdown to 45757
[11:44:41.014] [SEVERE ] updating countdown to 45735
[11:44:41.036] [SEVERE ] updating countdown to 45713
[11:44:41.061] [SEVERE ] updating countdown to 45688
[11:44:41.086] [SEVERE ] updating countdown to 45663
[11:44:41.109] [SEVERE ] updating countdown to 45640
[11:44:41.131] [SEVERE ] updating countdown to 45618
[11:44:41.153] [SEVERE ] updating countdown to 45596
[11:44:41.177] [SEVERE ] updating countdown to 45572
[11:44:41.200] [SEVERE ] updating countdown to 45549
[11:44:41.222] [SEVERE ] updating countdown to 45527
[11:44:41.247] [SEVERE ] updating countdown to 45502
[11:44:41.271] [SEVERE ] updating countdown to 45478
[11:44:41.293] [SEVERE ] updating countdown to 45456
[11:44:41.315] [SEVERE ] updating countdown to 45434
[11:44:41.337] [SEVERE ] updating countdown to 45412
[11:44:41.359] [SEVERE ] updating countdown to 45390
[11:44:41.385] [SEVERE ] updating countdown to 45364
[11:44:41.407] [SEVERE ] updating countdown to 45342
[11:44:41.429] [SEVERE ] updating countdown to 45320
[11:44:41.450] [SEVERE ] updating countdown to 45299
[11:44:41.472] [SEVERE ] updating countdown to 45277
[11:44:41.494] [SEVERE ] updating countdown to 45255
[11:44:41.515] [SEVERE ] updating countdown to 45234
[11:44:41.529] [SEVERE ] key 81 was pressed by player 1
[11:44:41.529] [SEVERE ] player 1 placing token on slot 0
[11:44:41.529] [SEVERE ] removing player 1 token from slot 0
[11:44:41.530] [SEVERE ] setting player 1 freeze to 3000
[11:44:41.536] [SEVERE ] updating countdown to 45213
[11:44:41.558] [SEVERE ] updating countdown to 45191
[11:44:41.579] [SEVERE ] updating countdown to 45170
[11:44:41.604] [SEVERE ] updating countdown to 45145
[11:44:41.626] [SEVERE ] updating countdown to 45123
[11:44:41.648] [SEVERE ] updating countdown to 45101
[11:44:41.671] [SEVERE ] updating countdown to 45078
[11:44:41.693] [SEVERE ] updating countdown to 45056
[11:44:41.715] [SEVERE ] updating countdown to 45034
[11:44:41.736] [SEVERE ] updating countdown to 45013
[11:44:41.762] [SEVERE ] updating countdown to 44987
[11:44:41.785] [SEVERE ] updating countdown to 44964
[11:44:41.807] [SEVERE ] updating countdown to 44942
[11:44:41.830] [SEVERE ] updating countdown to 44919
[11:44:41.856] [SEVERE ] updating countdown to 44893
[11:44:41.878] [SEVERE ] updating countdown to 44871
[11:44:41.900] [SEVERE ] updating countdown to 44849
[11:44:41.921] [SEVERE ] updating countdown to 44828
[11:44:41.943] [SEVERE ] updating countdown to 44806
[11:44:41.965] [SEVERE ] updating countdown to 44784
[11:44:41.986] [SEVERE ] updating countdown to 44763
[11:44:42.007] [SEVERE ] updating countdown to 44742
[11:44:42.033] [SEVERE ] updating countdown to 44716
[11:44:42.058] [SEVERE ] updating countdown to 44691
[11:44:42.083] [SEVERE ] updating countdown to 44666
[11:44:42.108] [SEVERE ] updating countdown to 44641
[11:44:42.134] [SEVERE ] updating countdown to 44615
[11:44:42.158] [SEVERE ] updating countdown to 44591
[11:44:42.183] [SEVERE ] updating countdown to 44566
[11:44:42.209] [SEVERE ] updating countdown to 44540
[11:44:42.235] [SEVERE ] updating countdown to 44514
[11:44:42.260] [SEVERE ] updating countdown to 44489
[11:44:42.285] [SEVERE ] updating countdown to 44464
[11:44:42.310] [SEVERE ] updating countdown to 44439
[11:44:42.334] [SEVERE ] updating countdown to 44415
[11:44:42.356] [SEVERE ] updating countdown to 44393
[11:44:42.379] [SEVERE ] updating countdown to 44370
[11:44:42.404] [SEVERE ] updating countdown to 44345
[11:44:42.427] [SEVERE ] updating countdown to 44322
[11:44:42.453] [SEVERE ] updating countdown to 44296
[11:44:42.474] [SEVERE ] updating countdown to 44275
[11:44:42.496] [SEVERE ] updating countdown to 44253
[11:44:42.521] [SEVERE ] updating countdown to 44228
[11:44:42.547] [SEVERE ] updating countdown to 44202
[11:44:42.573] [SEVERE ] updating countdown to 44176
[11:44:42.599] [SEVERE ] updating countdown to 44150
[11:44:42.625] [SEVERE ] updating countdown to 44124
[11:44:42.647] [SEVERE ] updating countdown to 44102
[11:44:42.669] [SEVERE ] updating countdown to 44080
[11:44:42.695] [SEVERE ] updating countdown to 44054
[11:44:42.717] [SEVERE ] updating countdown to 44032
[11:44:42.743] [SEVERE ] updating countdown to 44006
[11:44:42.764] [SEVERE ] updating countdown to 43985
[11:44:42.785] [SEVERE ] updating countdown to 43964
[11:44:42.805] [SEVERE ] updating countdown to 43944
[11:44:42.826] [SEVERE ] updating countdown to 43923
[11:44:42.847] [SEVERE ] updating countdown to 43902
[11:44:42.868] [SEVERE ] updating countdown to 43881
[11:44:42.890] [SEVERE ] updating countdown to 43859
[11:44:42.911] [SEVERE ] updating countdown to 43838
[11:44:42.937] [SEVERE ] updating countdown to 43812
[11:44:42.963] [SEVERE ] updating countdown to 43786
[11:44:42.985] [SEVERE ] updating countdown to 43764
[11:44:43.007] [SEVERE ] updating countdown to 43742
[11:44:43.033] [SEVERE ] updating countdown to 43716
[11:44:43.054] [SEVERE ] updating countdown to 43695
[11:44:43.080] [SEVERE ] updating countdown to 43669
[11:44:43.106] [SEVERE ] updating countdown to 43643
[11:44:43.132] [SEVERE ] updating countdown to 43617
[11:44:43.158] [SEVERE ] updating countdown to 43591
[11:44:43.181] [SEVERE ] updating countdown to 43568
[11:44:43.207] [SEVERE ] updating countdown to 43542
[11:44:43.231] [SEVERE ] updating countdown to 43518
[11:44:43.255] [SEVERE ] updating countdown to 43494
[11:44:43.277] [SEVERE ] updating countdown to 43472
[11:44:43.302] [SEVERE ] updating countdown to 43447
[11:44:43.328] [SEVERE ] updating countdown to 43421
[11:44:43.352] [SEVERE ] updating countdown to 43397
[11:44:43.376] [SEVERE ] updating countdown to 43373
[11:44:43.399] [SEVERE ] updating countdown to 43350
[11:44:43.421] [SEVERE ] updating countdown to 43328
[11:44:43.446] [SEVERE ] updating countdown to 43303
[11:44:43.471] [SEVERE ] updating countdown to 43278
[11:44:43.491] [SEVERE ] updating countdown to 43258
[11:44:43.514] [SEVERE ] updating countdown to 43235
[11:44:43.539] [SEVERE ] updating countdown to 43210
[11:44:43.562] [SEVERE ] updating countdown to 43188
[11:44:43.586] [SEVERE ] updating countdown to 43163
[11:44:43.608] [SEVERE ] updating countdown to 43141
[11:44:43.630] [SEVERE ] updating countdown to 43119
[11:44:43.652] [SEVERE ] updating countdown to 43097
[11:44:43.676] [SEVERE ] updating countdown to 43073
[11:44:43.701] [SEVERE ] updating countdown to 43048
[11:44:43.725] [SEVERE ] updating countdown to 43024
[11:44:43.750] [SEVERE ] updating countdown to 42999
[11:44:43.772] [SEVERE ] updating countdown to 42977
[11:44:43.795] [SEVERE ] updating countdown to 42954
[11:44:43.820] [SEVERE ] updating countdown to 42929
[11:44:43.845] [SEVERE ] updating countdown to 42904
[11:44:43.867] [SEVERE ] updating countdown to 42882
[11:44:43.889] [SEVERE ] updating countdown to 42860
[11:44:43.909] [SEVERE ] updating countdown to 42840
[11:44:43.931] [SEVERE ] updating countdown to 42818
[11:44:43.955] [SEVERE ] updating countdown to 42794
[11:44:43.979] [SEVERE ] updating countdown to 42770
[11:44:44.000] [SEVERE ] updating countdown to 42749
[11:44:44.025] [SEVERE ] updating countdown to 42724
[11:44:44.047] [SEVERE ] updating countdown to 42702
[11:44:44.069] [SEVERE ] updating countdown to 42680
[11:44:44.092] [SEVERE ] updating countdown to 42657
[11:44:44.112] [SEVERE ] updating countdown to 42637
[11:44:44.133] [SEVERE ] updating countdown to 42616
[11:44:44.156] [SEVERE ] updating countdown to 42593
[11:44:44.181] [SEVERE ] updating countdown to 42568
[11:44:44.203] [SEVERE ] updating countdown to 42546
[11:44:44.225] [SEVERE ] updating countdown to 42524
[11:44:44.246] [SEVERE ] updating countdown to 42503
[11:44:44.269] [SEVERE ] updating countdown to 42480
[11:44:44.294] [SEVERE ] updating countdown to 42455
[11:44:44.319] [SEVERE ] updating countdown to 42430
[11:44:44.344] [SEVERE ] updating countdown to 42405
[11:44:44.368] [SEVERE ] updating countdown to 42381
[11:44:44.394] [SEVERE ] updating countdown to 42355
[11:44:44.419] [SEVERE ] updating countdown to 42330
[11:44:44.445] [SEVERE ] updating countdown to 42304
[11:44:44.471] [SEVERE ] updating countdown to 42278
[11:44:44.495] [SEVERE ] updating countdown to 42254
[11:44:44.516] [SEVERE ] updating countdown to 42233
[11:44:44.533] [SEVERE ] setting player 1 freeze to 0
[11:44:44.538] [SEVERE ] updating countdown to 42211
[11:44:44.560] [SEVERE ] updating countdown to 42189
[11:44:44.582] [SEVERE ] updating countdown to 42167
[11:44:44.607] [SEVERE ] updating countdown to 42142
[11:44:44.629] [SEVERE ] updating countdown to 42120
[11:44:44.653] [SEVERE ] updating countdown to 42096
[11:44:44.676] [SEVERE ] updating countdown to 42073
[11:44:44.700] [SEVERE ] updating countdown to 42049
[11:44:44.726] [SEVERE ] updating countdown to 42023
[11:44:44.752] [SEVERE ] updating countdown to 41997
[11:44:44.775] [SEVERE ] updating countdown to 41974
[11:44:44.795] [SEVERE ] updating countdown to 41954
[11:44:44.820] [SEVERE ] updating countdown to 41929
[11:44:44.846] [SEVERE ] updating countdown to 41903
[11:44:44.868] [SEVERE ] updating countdown to 41881
[11:44:44.889] [SEVERE ] updating countdown to 41860
[11:44:44.910] [SEVERE ] updating countdown to 41839
[11:44:44.933] [SEVERE ] updating countdown to 41816
[11:44:44.954] [SEVERE ] updating countdown to 41795
[11:44:44.960] [SEVERE ] key 87 was pressed by player 1
[11:44:44.960] [SEVERE ] player 1 placing token on slot 1
[11:44:44.960] [SEVERE ] setting player 1 freeze to 3000
[11:44:44.977] [SEVERE ] updating countdown to 41772
[11:44:45.001] [SEVERE ] updating countdown to 41748
[11:44:45.021] [SEVERE ] updating countdown to 41728
[11:44:45.043] [SEVERE ] updating countdown to 41706
[11:44:45.069] [SEVERE ] updating countdown to 41681
[11:44:45.091] [SEVERE ] updating countdown to 41658
[11:44:45.112] [SEVERE ] updating countdown to 41637
[11:44:45.134] [SEVERE ] updating countdown to 41615
[11:44:45.155] [SEVERE ] updating countdown to 41594
[11:44:45.178] [SEVERE ] updating countdown to 41571
[11:44:45.199] [SEVERE ] updating countdown to 41550
[11:44:45.223] [SEVERE ] updating countdown to 41526
[11:44:45.247] [SEVERE ] updating countdown to 41502
[11:44:45.272] [SEVERE ] updating countdown to 41477
[11:44:45.295] [SEVERE ] updating countdown to 41454
[11:44:45.318] [SEVERE ] updating countdown to 41431
[11:44:45.343] [SEVERE ] updating countdown to 41406
[11:44:45.369] [SEVERE ] updating countdown to 41380
[11:44:45.391] [SEVERE ] updating countdown to 41358
[11:44:45.417] [SEVERE ] updating countdown to 41332
[11:44:45.443] [SEVERE ] updating countdown to 41306
[11:44:45.466] [SEVERE ] updating countdown to 41283
[11:44:45.489] [SEVERE ] updating countdown to 41261
[11:44:45.511] [SEVERE ] updating countdown to 41238
[11:44:45.536] [SEVERE ] updating countdown to 41213
[11:44:45.559] [SEVERE ] updating countdown to 41190
[11:44:45.585] [SEVERE ] updating countdown to 41164
[11:44:45.609] [SEVERE ] updating countdown to 41140
[11:44:45.634] [SEVERE ] updating countdown to 41115
[11:44:45.658] [SEVERE ] updating countdown to 41091
[11:44:45.684] [SEVERE ] updating countdown to 41065
[11:44:45.708] [SEVERE ] updating countdown to 41041
[11:44:45.733] [SEVERE ] updating countdown to 41016
[11:44:45.755] [SEVERE ] updating countdown to 40994
[11:44:45.777] [SEVERE ] updating countdown to 40972
[11:44:45.798] [SEVERE ] updating countdown to 40951
[11:44:45.820] [SEVERE ] updating countdown to 40929
[11:44:45.846] [SEVERE ] updating countdown to 40903
[11:44:45.872] [SEVERE ] updating countdown to 40877
[11:44:45.895] [SEVERE ] updating countdown to 40854
[11:44:45.917] [SEVERE ] updating countdown to 40832
[11:44:45.938] [SEVERE ] updating countdown to 40811
[11:44:45.958] [SEVERE ] updating countdown to 40791
[11:44:45.982] [SEVERE ] updating countdown to 40767
[11:44:46.007] [SEVERE ] updating countdown to 40742
[11:44:46.033] [SEVERE ] updating countdown to 40716
[11:44:46.056] [SEVERE ] updating countdown to 40693
[11:44:46.082] [SEVERE ] updating countdown to 40667
[11:44:46.104] [SEVERE ] updating countdown to 40645
[11:44:46.126] [SEVERE ] updating countdown to 40623
[11:44:46.131] [SEVERE ] key 69 was pressed by player 1
[11:44:46.149] [SEVERE ] updating countdown to 40600
[11:44:46.173] [SEVERE ] updating countdown to 40576
[11:44:46.195] [SEVERE ] updating countdown to 40554
[11:44:46.215] [SEVERE ] updating countdown to 40534
[11:44:46.241] [SEVERE ] updating countdown to 40508
[11:44:46.267] [SEVERE ] updating countdown to 40482
[11:44:46.290] [SEVERE ] updating countdown to 40459
[11:44:46.312] [SEVERE ] updating countdown to 40437
[11:44:46.334] [SEVERE ] updating countdown to 40415
[11:44:46.355] [SEVERE ] updating countdown to 40394
[11:44:46.376] [SEVERE ] updating countdown to 40373
[11:44:46.400] [SEVERE ] updating countdown to 40349
[11:44:46.426] [SEVERE ] updating countdown to 40323
[11:44:46.452] [SEVERE ] updating countdown to 40297
[11:44:46.478] [SEVERE ] updating countdown to 40271
[11:44:46.500] [SEVERE ] updating countdown to 40249
[11:44:46.523] [SEVERE ] updating countdown to 40226
[11:44:46.549] [SEVERE ] updating countdown to 40200
[11:44:46.571] [SEVERE ] updating countdown to 40178
[11:44:46.596] [SEVERE ] updating countdown to 40153
[11:44:46.617] [SEVERE ] updating countdown to 40132
[11:44:46.643] [SEVERE ] updating countdown to 40106
[11:44:46.669] [SEVERE ] updating countdown to 40080
[11:44:46.694] [SEVERE ] updating countdown to 40055
[11:44:46.718] [SEVERE ] updating countdown to 40031
[11:44:46.743] [SEVERE ] updating countdown to 40006
[11:44:46.766] [SEVERE ] updating countdown to 39983
[11:44:46.787] [SEVERE ] updating countdown to 39962
[11:44:46.813] [SEVERE ] updating countdown to 39936
[11:44:46.839] [SEVERE ] updating countdown to 39910
[11:44:46.864] [SEVERE ] updating countdown to 39885
[11:44:46.889] [SEVERE ] updating countdown to 39860
[11:44:46.912] [SEVERE ] updating countdown to 39837
[11:44:46.937] [SEVERE ] updating countdown to 39812
[11:44:46.959] [SEVERE ] updating countdown to 39790
[11:44:46.981] [SEVERE ] updating countdown to 39768
[11:44:47.007] [SEVERE ] updating countdown to 39742
[11:44:47.032] [SEVERE ] updating countdown to 39717
[11:44:47.053] [SEVERE ] updating countdown to 39696
[11:44:47.078] [SEVERE ] updating countdown to 39671
[11:44:47.099] [SEVERE ] updating countdown to 39650
[11:44:47.125] [SEVERE ] updating countdown to 39624
[11:44:47.151] [SEVERE ] updating countdown to 39598
[11:44:47.177] [SEVERE ] updating countdown to 39572
[11:44:47.202] [SEVERE ] updating countdown to 39547
[11:44:47.228] [SEVERE ] updating countdown to 39521
[11:44:47.254] [SEVERE ] updating countdown to 39495
[11:44:47.280] [SEVERE ] updating countdown to 39469
[11:44:47.305] [SEVERE ] updating countdown to 39444
[11:44:47.326] [SEVERE ] updating countdown to 39423
[11:44:47.347] [SEVERE ] updating countdown to 39402
[11:44:47.370] [SEVERE ] updating countdown to 39379
[11:44:47.392] [SEVERE ] updating countdown to 39357
[11:44:47.417] [SEVERE ] updating countdown to 39332
[11:44:47.441] [SEVERE ] updating countdown to 39308
[11:44:47.467] [SEVERE ] updating countdown to 39282
[11:44:47.488] [SEVERE ] updating countdown to 39261
[11:44:47.513] [SEVERE ] updating countdown to 39236
[11:44:47.539] [SEVERE ] updating countdown to 39210
[11:44:47.540] [SEVERE ] key 69 was pressed by player 1
[11:44:47.563] [SEVERE ] updating countdown to 39186
[11:44:47.588] [SEVERE ] updating countdown to 39161
[11:44:47.612] [SEVERE ] updating countdown to 39137
[11:44:47.637] [SEVERE ] updating countdown to 39112
[11:44:47.662] [SEVERE ] updating countdown to 39087
[11:44:47.688] [SEVERE ] updating countdown to 39061
[11:44:47.709] [SEVERE ] updating countdown to 39040
[11:44:47.731] [SEVERE ] updating countdown to 39018
[11:44:47.756] [SEVERE ] updating countdown to 38993
[11:44:47.781] [SEVERE ] updating countdown to 38968
[11:44:47.806] [SEVERE ] updating countdown to 38943
[11:44:47.827] [SEVERE ] updating countdown to 38922
[11:44:47.848] [SEVERE ] updating countdown to 38901
[11:44:47.868] [SEVERE ] updating countdown to 38881
[11:44:47.890] [SEVERE ] updating countdown to 38859
[11:44:47.913] [SEVERE ] updating countdown to 38836
[11:44:47.938] [SEVERE ] updating countdown to 38811
[11:44:47.962] [SEVERE ] setting player 1 freeze to 0
[11:44:47.962] [SEVERE ] updating countdown to 38787
[11:44:47.962] [SEVERE ] player 1 placing token on slot 2
[11:44:47.963] [SEVERE ] setting player 1 freeze to 3000
[11:44:47.982] [SEVERE ] updating countdown to 38767
[11:44:48.005] [SEVERE ] updating countdown to 38744
[11:44:48.013] [SEVERE ] key 68 was pressed by player 1
[11:44:48.027] [SEVERE ] updating countdown to 38722
[11:44:48.052] [SEVERE ] updating countdown to 38697
[11:44:48.078] [SEVERE ] updating countdown to 38671
[11:44:48.104] [SEVERE ] updating countdown to 38645
[11:44:48.126] [SEVERE ] updating countdown to 38623
[11:44:48.147] [SEVERE ] updating countdown to 38602
[11:44:48.169] [SEVERE ] updating countdown to 38580
[11:44:48.192] [SEVERE ] updating countdown to 38557
[11:44:48.216] [SEVERE ] updating countdown to 38533
[11:44:48.239] [SEVERE ] updating countdown to 38510
[11:44:48.264] [SEVERE ] updating countdown to 38485
[11:44:48.286] [SEVERE ] updating countdown to 38463
[11:44:48.311] [SEVERE ] updating countdown to 38438
[11:44:48.335] [SEVERE ] updating countdown to 38414
[11:44:48.356] [SEVERE ] updating countdown to 38393
[11:44:48.377] [SEVERE ] updating countdown to 38372
[11:44:48.402] [SEVERE ] updating countdown to 38347
[11:44:48.426] [SEVERE ] updating countdown to 38323
[11:44:48.448] [SEVERE ] updating countdown to 38301
[11:44:48.472] [SEVERE ] updating countdown to 38277
[11:44:48.497] [SEVERE ] updating countdown to 38252
[11:44:48.519] [SEVERE ] updating countdown to 38230
[11:44:48.543] [SEVERE ] updating countdown to 38206
[11:44:48.569] [SEVERE ] updating countdown to 38180
[11:44:48.577] [SEVERE ] key 68 was pressed by player 1
[11:44:48.591] [SEVERE ] updating countdown to 38158
[11:44:48.592] [SEVERE ] key 83 was pressed by player 1
[11:44:48.614] [SEVERE ] updating countdown to 38135
[11:44:48.635] [SEVERE ] updating countdown to 38114
[11:44:48.661] [SEVERE ] updating countdown to 38088
[11:44:48.684] [SEVERE ] updating countdown to 38065
[11:44:48.709] [SEVERE ] updating countdown to 38040
[11:44:48.731] [SEVERE ] updating countdown to 38018
[11:44:48.756] [SEVERE ] updating countdown to 37993
[11:44:48.758] [SEVERE ] key 70 was pressed by player 1
[11:44:48.777] [SEVERE ] updating countdown to 37972
[11:44:48.798] [SEVERE ] updating countdown to 37951
[11:44:48.819] [SEVERE ] updating countdown to 37930
[11:44:48.843] [SEVERE ] updating countdown to 37906
[11:44:48.868] [SEVERE ] updating countdown to 37881
[11:44:48.891] [SEVERE ] updating countdown to 37858
[11:44:48.914] [SEVERE ] updating countdown to 37835
[11:44:48.937] [SEVERE ] updating countdown to 37812
[11:44:48.962] [SEVERE ] updating countdown to 37787
[11:44:48.963] [SEVERE ] key 70 was pressed by player 1
[11:44:48.984] [SEVERE ] updating countdown to 37765
[11:44:49.006] [SEVERE ] updating countdown to 37743
[11:44:49.028] [SEVERE ] updating countdown to 37721
[11:44:49.053] [SEVERE ] updating countdown to 37696
[11:44:49.079] [SEVERE ] updating countdown to 37670
[11:44:49.105] [SEVERE ] updating countdown to 37644
[11:44:49.127] [SEVERE ] updating countdown to 37622
[11:44:49.149] [SEVERE ] updating countdown to 37600
[11:44:49.171] [SEVERE ] updating countdown to 37578
[11:44:49.194] [SEVERE ] updating countdown to 37555
[11:44:49.215] [SEVERE ] updating countdown to 37534
[11:44:49.241] [SEVERE ] updating countdown to 37508
[11:44:49.266] [SEVERE ] updating countdown to 37483
[11:44:49.289] [SEVERE ] updating countdown to 37460
[11:44:49.314] [SEVERE ] updating countdown to 37435
[11:44:49.340] [SEVERE ] updating countdown to 37409
[11:44:49.364] [SEVERE ] updating countdown to 37385
[11:44:49.389] [SEVERE ] updating countdown to 37360
[11:44:49.411] [SEVERE ] updating countdown to 37338
[11:44:49.433] [SEVERE ] updating countdown to 37316
[11:44:49.458] [SEVERE ] updating countdown to 37291
[11:44:49.480] [SEVERE ] updating countdown to 37269
[11:44:49.506] [SEVERE ] updating countdown to 37243
[11:44:49.511] [SEVERE ] key 69 was pressed by player 1
[11:44:49.512] [SEVERE ] key 82 was pressed by player 1
[11:44:49.531] [SEVERE ] updating countdown to 37218
[11:44:49.552] [SEVERE ] updating countdown to 37197
[11:44:49.577] [SEVERE ] updating countdown to 37172
[11:44:49.602] [SEVERE ] updating countdown to 37147
[11:44:49.623] [SEVERE ] updating countdown to 37126
[11:44:49.647] [SEVERE ] updating countdown to 37102
[11:44:49.669] [SEVERE ] updating countdown to 37080
[11:44:49.693] [SEVERE ] updating countdown to 37056
[11:44:49.716] [SEVERE ] updating countdown to 37033
[11:44:49.736] [SEVERE ] updating countdown to 37013
[11:44:49.762] [SEVERE ] updating countdown to 36987
[11:44:49.788] [SEVERE ] updating countdown to 36961
[11:44:49.809] [SEVERE ] updating countdown to 36940
[11:44:49.835] [SEVERE ] updating countdown to 36914
[11:44:49.859] [SEVERE ] updating countdown to 36890
[11:44:49.883] [SEVERE ] updating countdown to 36866
[11:44:49.905] [SEVERE ] updating countdown to 36844
[11:44:49.909] [SEVERE ] key 82 was pressed by player 1
[11:44:49.928] [SEVERE ] updating countdown to 36821
[11:44:49.950] [SEVERE ] updating countdown to 36799
[11:44:49.972] [SEVERE ] updating countdown to 36777
[11:44:49.996] [SEVERE ] updating countdown to 36753
[11:44:50.017] [SEVERE ] updating countdown to 36732
[11:44:50.038] [SEVERE ] updating countdown to 36711
[11:44:50.064] [SEVERE ] updating countdown to 36685
[11:44:50.088] [SEVERE ] updating countdown to 36661
[11:44:50.109] [SEVERE ] updating countdown to 36640
[11:44:50.130] [SEVERE ] updating countdown to 36619
[11:44:50.151] [SEVERE ] updating countdown to 36598
[11:44:50.172] [SEVERE ] updating countdown to 36577
[11:44:50.197] [SEVERE ] updating countdown to 36552
[11:44:50.220] [SEVERE ] updating countdown to 36529
[11:44:50.246] [SEVERE ] updating countdown to 36503
[11:44:50.272] [SEVERE ] updating countdown to 36477
[11:44:50.298] [SEVERE ] updating countdown to 36451
[11:44:50.320] [SEVERE ] updating countdown to 36429
[11:44:50.344] [SEVERE ] updating countdown to 36405
[11:44:50.370] [SEVERE ] updating countdown to 36379
[11:44:50.396] [SEVERE ] updating countdown to 36353
[11:44:50.422] [SEVERE ] updating countdown to 36327
[11:44:50.444] [SEVERE ] updating countdown to 36305
[11:44:50.466] [SEVERE ] updating countdown to 36283
[11:44:50.487] [SEVERE ] updating countdown to 36262
[11:44:50.497] [SEVERE ] key 70 was pressed by player 1
[11:44:50.511] [SEVERE ] updating countdown to 36238
[11:44:50.533] [SEVERE ] updating countdown to 36216
[11:44:50.558] [SEVERE ] updating countdown to 36191
[11:44:50.580] [SEVERE ] updating countdown to 36169
[11:44:50.605] [SEVERE ] updating countdown to 36144
[11:44:50.628] [SEVERE ] updating countdown to 36121
[11:44:50.653] [SEVERE ] updating countdown to 36096
[11:44:50.679] [SEVERE ] updating countdown to 36070
[11:44:50.702] [SEVERE ] updating countdown to 36047
[11:44:50.724] [SEVERE ] updating countdown to 36025
[11:44:50.745] [SEVERE ] updating countdown to 36004
[11:44:50.767] [SEVERE ] updating countdown to 35982
[11:44:50.787] [SEVERE ] updating countdown to 35962
[11:44:50.809] [SEVERE ] updating countdown to 35940
[11:44:50.834] [SEVERE ] updating countdown to 35915
[11:44:50.854] [SEVERE ] updating countdown to 35895
[11:44:50.876] [SEVERE ] updating countdown to 35873
[11:44:50.901] [SEVERE ] updating countdown to 35848
[11:44:50.927] [SEVERE ] updating countdown to 35822
[11:44:50.949] [SEVERE ] updating countdown to 35800
[11:44:50.964] [SEVERE ] setting player 1 freeze to 0
[11:44:50.964] [SEVERE ] player 1 placing token on slot 6
[11:44:50.965] [SEVERE ] setting player 1 freeze to 3000
[11:44:50.970] [SEVERE ] updating countdown to 35779
[11:44:50.991] [SEVERE ] updating countdown to 35758
[11:44:51.012] [SEVERE ] updating countdown to 35737
[11:44:51.021] [SEVERE ] key 68 was pressed by player 1
[11:44:51.021] [SEVERE ] key 83 was pressed by player 1
[11:44:51.035] [SEVERE ] updating countdown to 35714
[11:44:51.060] [SEVERE ] updating countdown to 35689
[11:44:51.083] [SEVERE ] updating countdown to 35666
[11:44:51.109] [SEVERE ] updating countdown to 35640
[11:44:51.135] [SEVERE ] updating countdown to 35614
[11:44:51.155] [SEVERE ] updating countdown to 35594
[11:44:51.156] [SEVERE ] key 70 was pressed by player 1
[11:44:51.178] [SEVERE ] updating countdown to 35571
[11:44:51.198] [SEVERE ] updating countdown to 35551
[11:44:51.224] [SEVERE ] updating countdown to 35525
[11:44:51.246] [SEVERE ] updating countdown to 35503
[11:44:51.271] [SEVERE ] updating countdown to 35478
[11:44:51.297] [SEVERE ] updating countdown to 35452
[11:44:51.319] [SEVERE ] updating countdown to 35430
[11:44:51.320] [SEVERE ] key 83 was pressed by player 1
[11:44:51.341] [SEVERE ] updating countdown to 35408
[11:44:51.363] [SEVERE ] updating countdown to 35386
[11:44:51.385] [SEVERE ] updating countdown to 35364
[11:44:51.410] [SEVERE ] updating countdown to 35339
[11:44:51.436] [SEVERE ] updating countdown to 35313
[11:44:51.462] [SEVERE ] updating countdown to 35287
[11:44:51.484] [SEVERE ] updating countdown to 35265
[11:44:51.510] [SEVERE ] updating countdown to 35239
[11:44:51.532] [SEVERE ] updating countdown to 35217
[11:44:51.556] [SEVERE ] updating countdown to 35193
[11:44:51.578] [SEVERE ] updating countdown to 35171
[11:44:51.601] [SEVERE ] updating countdown to 35148
[11:44:51.623] [SEVERE ] updating countdown to 35126
[11:44:51.647] [SEVERE ] updating countdown to 35102
[11:44:51.672] [SEVERE ] updating countdown to 35077
[11:44:51.697] [SEVERE ] updating countdown to 35052
[11:44:51.718] [SEVERE ] updating countdown to 35031
[11:44:51.739] [SEVERE ] updating countdown to 35010
[11:44:51.741] [SEVERE ] key 69 was pressed by player 1
[11:44:51.764] [SEVERE ] updating countdown to 34985
[11:44:51.787] [SEVERE ] updating countdown to 34962
[11:44:51.800] [SEVERE ] key 87 was pressed by player 1
[11:44:51.809] [SEVERE ] updating countdown to 34940
[11:44:51.832] [SEVERE ] updating countdown to 34917
[11:44:51.854] [SEVERE ] updating countdown to 34895
[11:44:51.879] [SEVERE ] updating countdown to 34870
[11:44:51.901] [SEVERE ] updating countdown to 34848
[11:44:51.926] [SEVERE ] updating countdown to 34823
[11:44:51.947] [SEVERE ] updating countdown to 34802
[11:44:51.948] [SEVERE ] key 82 was pressed by player 1
[11:44:51.970] [SEVERE ] updating countdown to 34779
[11:44:51.996] [SEVERE ] updating countdown to 34753
[11:44:52.017] [SEVERE ] updating countdown to 34732
[11:44:52.040] [SEVERE ] updating countdown to 34709
[11:44:52.061] [SEVERE ] updating countdown to 34688
[11:44:52.086] [SEVERE ] updating countdown to 34663
[11:44:52.103] [SEVERE ] key 87 was pressed by player 1
[11:44:52.107] [SEVERE ] updating countdown to 34642
[11:44:52.133] [SEVERE ] updating countdown to 34616
[11:44:52.157] [SEVERE ] updating countdown to 34592
[11:44:52.179] [SEVERE ] updating countdown to 34570
[11:44:52.202] [SEVERE ] updating countdown to 34547
[11:44:52.226] [SEVERE ] updating countdown to 34523
[11:44:52.248] [SEVERE ] updating countdown to 34501
[11:44:52.271] [SEVERE ] updating countdown to 34478
[11:44:52.296] [SEVERE ] updating countdown to 34453
[11:44:52.311] [SEVERE ] key 69 was pressed by player 1
[11:44:52.319] [SEVERE ] updating countdown to 34430
[11:44:52.339] [SEVERE ] updating countdown to 34410
[11:44:52.360] [SEVERE ] updating countdown to 34389
[11:44:52.383] [SEVERE ] updating countdown to 34366
[11:44:52.386] [SEVERE ] key 82 was pressed by player 1
[11:44:52.408] [SEVERE ] updating countdown to 34341
[11:44:52.432] [SEVERE ] updating countdown to 34317
[11:44:52.454] [SEVERE ] updating countdown to 34295
[11:44:52.478] [SEVERE ] updating countdown to 34271
[11:44:52.499] [SEVERE ] updating countdown to 34250
[11:44:52.524] [SEVERE ] updating countdown to 34225
[11:44:52.535] [SEVERE ] key 87 was pressed by player 1
[11:44:52.547] [SEVERE ] updating countdown to 34202
[11:44:52.571] [SEVERE ] updating countdown to 34178
[11:44:52.595] [SEVERE ] updating countdown to 34154
[11:44:52.617] [SEVERE ] updating countdown to 34132
[11:44:52.638] [SEVERE ] updating countdown to 34111
[11:44:52.663] [SEVERE ] updating countdown to 34086
[11:44:52.685] [SEVERE ] updating countdown to 34064
[11:44:52.710] [SEVERE ] updating countdown to 34039
[11:44:52.735] [SEVERE ] updating countdown to 34014
[11:44:52.759] [SEVERE ] updating countdown to 33990
[11:44:52.780] [SEVERE ] updating countdown to 33969
[11:44:52.801] [SEVERE ] updating countdown to 33948
[11:44:52.825] [SEVERE ] updating countdown to 33924
[11:44:52.846] [SEVERE ] updating countdown to 33903
[11:44:52.867] [SEVERE ] updating countdown to 33882
[11:44:52.888] [SEVERE ] updating countdown to 33861
[11:44:52.909] [SEVERE ] updating countdown to 33840
[11:44:52.931] [SEVERE ] updating countdown to 33818
[11:44:52.956] [SEVERE ] updating countdown to 33793
[11:44:52.982] [SEVERE ] updating countdown to 33767
[11:44:53.005] [SEVERE ] updating countdown to 33744
[11:44:53.026] [SEVERE ] updating countdown to 33723
[11:44:53.047] [SEVERE ] updating countdown to 33702
[11:44:53.069] [SEVERE ] updating countdown to 33680
[11:44:53.095] [SEVERE ] updating countdown to 33654
[11:44:53.121] [SEVERE ] updating countdown to 33628
[11:44:53.143] [SEVERE ] updating countdown to 33606
[11:44:53.168] [SEVERE ] updating countdown to 33581
[11:44:53.191] [SEVERE ] updating countdown to 33558
[11:44:53.214] [SEVERE ] updating countdown to 33535
[11:44:53.239] [SEVERE ] updating countdown to 33510
[11:44:53.261] [SEVERE ] updating countdown to 33488
[11:44:53.282] [SEVERE ] updating countdown to 33467
[11:44:53.307] [SEVERE ] updating countdown to 33442
[11:44:53.329] [SEVERE ] updating countdown to 33420
[11:44:53.350] [SEVERE ] updating countdown to 33399
[11:44:53.371] [SEVERE ] updating countdown to 33378
[11:44:53.393] [SEVERE ] updating countdown to 33356
[11:44:53.415] [SEVERE ] updating countdown to 33334
[11:44:53.436] [SEVERE ] updating countdown to 33313
[11:44:53.458] [SEVERE ] updating countdown to 33291
[11:44:53.480] [SEVERE ] updating countdown to 33269
[11:44:53.501] [SEVERE ] updating countdown to 33248
[11:44:53.523] [SEVERE ] updating countdown to 33226
[11:44:53.545] [SEVERE ] updating countdown to 33204
[11:44:53.569] [SEVERE ] updating countdown to 33180
[11:44:53.590] [SEVERE ] updating countdown to 33159
[11:44:53.612] [SEVERE ] updating countdown to 33137
[11:44:53.633] [SEVERE ] updating countdown to 33116
[11:44:53.657] [SEVERE ] updating countdown to 33092
[11:44:53.679] [SEVERE ] updating countdown to 33070
[11:44:53.703] [SEVERE ] updating countdown to 33046
[11:44:53.726] [SEVERE ] updating countdown to 33023
[11:44:53.751] [SEVERE ] updating countdown to 32998
[11:44:53.773] [SEVERE ] updating countdown to 32976
[11:44:53.798] [SEVERE ] updating countdown to 32951
[11:44:53.820] [SEVERE ] updating countdown to 32929
[11:44:53.842] [SEVERE ] updating countdown to 32907
[11:44:53.868] [SEVERE ] updating countdown to 32881
[11:44:53.889] [SEVERE ] updating countdown to 32860
[11:44:53.911] [SEVERE ] updating countdown to 32838
[11:44:53.933] [SEVERE ] updating countdown to 32816
[11:44:53.955] [SEVERE ] updating countdown to 32794
[11:44:53.971] [SEVERE ] setting player 1 freeze to 0
[11:44:53.971] [SEVERE ] removing player 1 token from slot 6
[11:44:53.971] [SEVERE ] player 1 placing token on slot 6
[11:44:53.971] [SEVERE ] setting player 1 freeze to 3000
[11:44:53.976] [SEVERE ] updating countdown to 32773
[11:44:53.998] [SEVERE ] updating countdown to 32751
[11:44:54.019] [SEVERE ] updating countdown to 32730
[11:44:54.041] [SEVERE ] updating countdown to 32708
[11:44:54.066] [SEVERE ] updating countdown to 32683
[11:44:54.087] [SEVERE ] updating countdown to 32662
[11:44:54.109] [SEVERE ] updating countdown to 32640
[11:44:54.134] [SEVERE ] updating countdown to 32615
[11:44:54.160] [SEVERE ] updating countdown to 32589
[11:44:54.186] [SEVERE ] updating countdown to 32563
[11:44:54.210] [SEVERE ] updating countdown to 32539
[11:44:54.236] [SEVERE ] updating countdown to 32513
[11:44:54.261] [SEVERE ] updating countdown to 32488
[11:44:54.287] [SEVERE ] updating countdown to 32462
[11:44:54.312] [SEVERE ] updating countdown to 32437
[11:44:54.338] [SEVERE ] updating countdown to 32411
[11:44:54.363] [SEVERE ] updating countdown to 32386
[11:44:54.388] [SEVERE ] updating countdown to 32361
[11:44:54.412] [SEVERE ] updating countdown to 32337
[11:44:54.436] [SEVERE ] updating countdown to 32313
[11:44:54.461] [SEVERE ] updating countdown to 32288
[11:44:54.483] [SEVERE ] updating countdown to 32266
[11:44:54.508] [SEVERE ] updating countdown to 32241
[11:44:54.533] [SEVERE ] updating countdown to 32216
[11:44:54.559] [SEVERE ] updating countdown to 32190
[11:44:54.581] [SEVERE ] updating countdown to 32168
[11:44:54.602] [SEVERE ] updating countdown to 32147
[11:44:54.625] [SEVERE ] updating countdown to 32124
[11:44:54.647] [SEVERE ] updating countdown to 32102
[11:44:54.669] [SEVERE ] updating countdown to 32080
[11:44:54.690] [SEVERE ] updating countdown to 32059
[11:44:54.712] [SEVERE ] updating countdown to 32037
[11:44:54.733] [SEVERE ] updating countdown to 32016
[11:44:54.755] [SEVERE ] updating countdown to 31994
[11:44:54.777] [SEVERE ] updating countdown to 31972
[11:44:54.802] [SEVERE ] updating countdown to 31947
[11:44:54.824] [SEVERE ] updating countdown to 31925
[11:44:54.849] [SEVERE ] updating countdown to 31900
[11:44:54.875] [SEVERE ] updating countdown to 31874
[11:44:54.896] [SEVERE ] updating countdown to 31853
[11:44:54.917] [SEVERE ] updating countdown to 31832
[11:44:54.939] [SEVERE ] updating countdown to 31810
[11:44:54.963] [SEVERE ] updating countdown to 31786
[11:44:54.988] [SEVERE ] updating countdown to 31761
[11:44:55.014] [SEVERE ] updating countdown to 31735
[11:44:55.035] [SEVERE ] updating countdown to 31714
[11:44:55.057] [SEVERE ] updating countdown to 31692
[11:44:55.082] [SEVERE ] updating countdown to 31667
[11:44:55.109] [SEVERE ] updating countdown to 31640
[11:44:55.131] [SEVERE ] updating countdown to 31618
[11:44:55.157] [SEVERE ] updating countdown to 31592
[11:44:55.182] [SEVERE ] updating countdown to 31567
[11:44:55.208] [SEVERE ] updating countdown to 31541
[11:44:55.231] [SEVERE ] updating countdown to 31518
[11:44:55.256] [SEVERE ] updating countdown to 31493
[11:44:55.280] [SEVERE ] updating countdown to 31469
[11:44:55.306] [SEVERE ] updating countdown to 31443
[11:44:55.331] [SEVERE ] updating countdown to 31418
[11:44:55.353] [SEVERE ] updating countdown to 31396
[11:44:55.375] [SEVERE ] updating countdown to 31374
[11:44:55.397] [SEVERE ] updating countdown to 31352
[11:44:55.423] [SEVERE ] updating countdown to 31326
[11:44:55.448] [SEVERE ] updating countdown to 31301
[11:44:55.470] [SEVERE ] updating countdown to 31279
[11:44:55.492] [SEVERE ] updating countdown to 31257
[11:44:55.518] [SEVERE ] updating countdown to 31231
[11:44:55.539] [SEVERE ] updating countdown to 31210
[11:44:55.560] [SEVERE ] updating countdown to 31189
[11:44:55.582] [SEVERE ] updating countdown to 31167
[11:44:55.606] [SEVERE ] updating countdown to 31143
[11:44:55.631] [SEVERE ] updating countdown to 31118
[11:44:55.655] [SEVERE ] updating countdown to 31094
[11:44:55.680] [SEVERE ] updating countdown to 31069
[11:44:55.704] [SEVERE ] updating countdown to 31045
[11:44:55.729] [SEVERE ] updating countdown to 31020
[11:44:55.755] [SEVERE ] updating countdown to 30994
[11:44:55.780] [SEVERE ] updating countdown to 30969
[11:44:55.801] [SEVERE ] updating countdown to 30948
[11:44:55.823] [SEVERE ] updating countdown to 30926
[11:44:55.846] [SEVERE ] updating countdown to 30903
[11:44:55.868] [SEVERE ] updating countdown to 30881
[11:44:55.892] [SEVERE ] updating countdown to 30857
[11:44:55.917] [SEVERE ] updating countdown to 30832
[11:44:55.939] [SEVERE ] updating countdown to 30810
[11:44:55.964] [SEVERE ] updating countdown to 30785
[11:44:55.989] [SEVERE ] updating countdown to 30760
[11:44:56.011] [SEVERE ] updating countdown to 30738
[11:44:56.034] [SEVERE ] updating countdown to 30715
[11:44:56.056] [SEVERE ] updating countdown to 30693
[11:44:56.079] [SEVERE ] updating countdown to 30670
[11:44:56.102] [SEVERE ] updating countdown to 30647
[11:44:56.123] [SEVERE ] updating countdown to 30626
[11:44:56.144] [SEVERE ] updating countdown to 30605
[11:44:56.167] [SEVERE ] updating countdown to 30582
[11:44:56.188] [SEVERE ] updating countdown to 30561
[11:44:56.210] [SEVERE ] updating countdown to 30539
[11:44:56.234] [SEVERE ] updating countdown to 30515
[11:44:56.257] [SEVERE ] updating countdown to 30492
[11:44:56.279] [SEVERE ] updating countdown to 30470
[11:44:56.304] [SEVERE ] updating countdown to 30445
[11:44:56.330] [SEVERE ] updating countdown to 30419
[11:44:56.354] [SEVERE ] updating countdown to 30395
[11:44:56.378] [SEVERE ] updating countdown to 30371
[11:44:56.404] [SEVERE ] updating countdown to 30345
[11:44:56.426] [SEVERE ] updating countdown to 30323
[11:44:56.447] [SEVERE ] updating countdown to 30302
[11:44:56.473] [SEVERE ] updating countdown to 30276
[11:44:56.494] [SEVERE ] updating countdown to 30255
[11:44:56.517] [SEVERE ] updating countdown to 30232
[11:44:56.538] [SEVERE ] updating countdown to 30211
[11:44:56.560] [SEVERE ] updating countdown to 30189
[11:44:56.585] [SEVERE ] updating countdown to 30164
[11:44:56.608] [SEVERE ] updating countdown to 30141
[11:44:56.633] [SEVERE ] updating countdown to 30116
[11:44:56.656] [SEVERE ] updating countdown to 30093
[11:44:56.681] [SEVERE ] updating countdown to 30068
[11:44:56.707] [SEVERE ] updating countdown to 30042
[11:44:56.732] [SEVERE ] updating countdown to 30017
[11:44:56.759] [SEVERE ] updating countdown to 29990
[11:44:56.781] [SEVERE ] updating countdown to 29968
[11:44:56.804] [SEVERE ] updating countdown to 29945
[11:44:56.829] [SEVERE ] updating countdown to 29920
[11:44:56.852] [SEVERE ] updating countdown to 29897
[11:44:56.877] [SEVERE ] updating countdown to 29872
[11:44:56.901] [SEVERE ] updating countdown to 29848
[11:44:56.925] [SEVERE ] updating countdown to 29824
[11:44:56.947] [SEVERE ] updating countdown to 29802
[11:44:56.973] [SEVERE ] updating countdown to 29776
[11:44:56.978] [SEVERE ] setting player 1 freeze to 0
[11:44:56.996] [SEVERE ] updating countdown to 29753
[11:44:57.017] [SEVERE ] updating countdown to 29732
[11:44:57.043] [SEVERE ] updating countdown to 29706
[11:44:57.067] [SEVERE ] updating countdown to 29682
[11:44:57.092] [SEVERE ] updating countdown to 29657
[11:44:57.118] [SEVERE ] updating countdown to 29631
[11:44:57.142] [SEVERE ] updating countdown to 29607
[11:44:57.165] [SEVERE ] updating countdown to 29584
[11:44:57.190] [SEVERE ] updating countdown to 29559
[11:44:57.212] [SEVERE ] updating countdown to 29537
[11:44:57.233] [SEVERE ] updating countdown to 29516
[11:44:57.255] [SEVERE ] updating countdown to 29494
[11:44:57.276] [SEVERE ] updating countdown to 29473
[11:44:57.301] [SEVERE ] updating countdown to 29448
[11:44:57.322] [SEVERE ] updating countdown to 29427
[11:44:57.346] [SEVERE ] updating countdown to 29403
[11:44:57.367] [SEVERE ] updating countdown to 29382
[11:44:57.389] [SEVERE ] updating countdown to 29360
[11:44:57.411] [SEVERE ] updating countdown to 29338
[11:44:57.432] [SEVERE ] updating countdown to 29317
[11:44:57.453] [SEVERE ] updating countdown to 29296
[11:44:57.476] [SEVERE ] updating countdown to 29273
[11:44:57.498] [SEVERE ] updating countdown to 29251
[11:44:57.519] [SEVERE ] updating countdown to 29230
[11:44:57.541] [SEVERE ] updating countdown to 29208
[11:44:57.567] [SEVERE ] updating countdown to 29182
[11:44:57.591] [SEVERE ] updating countdown to 29158
[11:44:57.616] [SEVERE ] updating countdown to 29133
[11:44:57.638] [SEVERE ] updating countdown to 29111
[11:44:57.661] [SEVERE ] updating countdown to 29088
[11:44:57.688] [SEVERE ] updating countdown to 29061
[11:44:57.713] [SEVERE ] updating countdown to 29036
[11:44:57.739] [SEVERE ] updating countdown to 29010
[11:44:57.761] [SEVERE ] updating countdown to 28988
[11:44:57.784] [SEVERE ] updating countdown to 28965
[11:44:57.805] [SEVERE ] updating countdown to 28944
[11:44:57.826] [SEVERE ] updating countdown to 28923
[11:44:57.847] [SEVERE ] updating countdown to 28902
[11:44:57.868] [SEVERE ] updating countdown to 28881
[11:44:57.890] [SEVERE ] updating countdown to 28859
[11:44:57.912] [SEVERE ] updating countdown to 28837
[11:44:57.937] [SEVERE ] updating countdown to 28812
[11:44:57.960] [SEVERE ] updating countdown to 28789
[11:44:57.986] [SEVERE ] updating countdown to 28763
[11:44:58.008] [SEVERE ] updating countdown to 28741
[11:44:58.032] [SEVERE ] updating countdown to 28717
[11:44:58.054] [SEVERE ] updating countdown to 28695
[11:44:58.076] [SEVERE ] updating countdown to 28673
[11:44:58.103] [SEVERE ] updating countdown to 28646
[11:44:58.124] [SEVERE ] updating countdown to 28625
[11:44:58.145] [SEVERE ] updating countdown to 28604
[11:44:58.166] [SEVERE ] updating countdown to 28583
[11:44:58.188] [SEVERE ] updating countdown to 28561
[11:44:58.210] [SEVERE ] updating countdown to 28539
[11:44:58.231] [SEVERE ] updating countdown to 28518
[11:44:58.257] [SEVERE ] updating countdown to 28492
[11:44:58.281] [SEVERE ] updating countdown to 28468
[11:44:58.305] [SEVERE ] updating countdown to 28444
[11:44:58.327] [SEVERE ] updating countdown to 28422
[11:44:58.349] [SEVERE ] updating countdown to 28400
[11:44:58.370] [SEVERE ] updating countdown to 28379
[11:44:58.394] [SEVERE ] updating countdown to 28355
[11:44:58.415] [SEVERE ] updating countdown to 28334
[11:44:58.440] [SEVERE ] updating countdown to 28309
[11:44:58.465] [SEVERE ] updating countdown to 28284
[11:44:58.486] [SEVERE ] updating countdown to 28263
[11:44:58.512] [SEVERE ] updating countdown to 28237
[11:44:58.533] [SEVERE ] updating countdown to 28216
[11:44:58.556] [SEVERE ] updating countdown to 28193
[11:44:58.578] [SEVERE ] updating countdown to 28171
[11:44:58.600] [SEVERE ] updating countdown to 28149
[11:44:58.625] [SEVERE ] updating countdown to 28124
[11:44:58.648] [SEVERE ] updating countdown to 28101
[11:44:58.670] [SEVERE ] updating countdown to 28079
[11:44:58.696] [SEVERE ] updating countdown to 28053
[11:44:58.718] [SEVERE ] updating countdown to 28031
[11:44:58.740] [SEVERE ] updating countdown to 28009
[11:44:58.762] [SEVERE ] updating countdown to 27987
[11:44:58.788] [SEVERE ] updating countdown to 27961
[11:44:58.809] [SEVERE ] updating countdown to 27940
[11:44:58.831] [SEVERE ] updating countdown to 27918
[11:44:58.852] [SEVERE ] updating countdown to 27897
[11:44:58.879] [SEVERE ] updating countdown to 27870
[11:44:58.900] [SEVERE ] updating countdown to 27849
[11:44:58.922] [SEVERE ] updating countdown to 27827
[11:44:58.943] [SEVERE ] updating countdown to 27806
[11:44:58.969] [SEVERE ] updating countdown to 27780
[11:44:58.990] [SEVERE ] updating countdown to 27759
[11:44:59.015] [SEVERE ] updating countdown to 27734
[11:44:59.041] [SEVERE ] updating countdown to 27708
[11:44:59.067] [SEVERE ] updating countdown to 27682
[11:44:59.091] [SEVERE ] updating countdown to 27658
[11:44:59.116] [SEVERE ] updating countdown to 27633
[11:44:59.141] [SEVERE ] updating countdown to 27608
[11:44:59.162] [SEVERE ] updating countdown to 27587
[11:44:59.184] [SEVERE ] updating countdown to 27565
[11:44:59.206] [SEVERE ] updating countdown to 27543
[11:44:59.227] [SEVERE ] updating countdown to 27522
[11:44:59.254] [SEVERE ] updating countdown to 27495
[11:44:59.278] [SEVERE ] updating countdown to 27471
[11:44:59.301] [SEVERE ] updating countdown to 27448
[11:44:59.323] [SEVERE ] updating countdown to 27426
[11:44:59.349] [SEVERE ] updating countdown to 27400
[11:44:59.372] [SEVERE ] updating countdown to 27377
[11:44:59.396] [SEVERE ] updating countdown to 27353
[11:44:59.417] [SEVERE ] updating countdown to 27332
[11:44:59.438] [SEVERE ] updating countdown to 27311
[11:44:59.464] [SEVERE ] updating countdown to 27286
[11:44:59.486] [SEVERE ] updating countdown to 27263
