[10:27:45.547] [INFO   ] thread main starting.
[10:27:45.551] [SEVERE ] cannot read configuration file config.properties trying from resources.
[10:27:45.553] [SEVERE ] configuration file was loaded from resources directory.
[10:27:45.920] [INFO   ] thread dealer starting.
[10:27:45.921] [INFO   ] thread dealer starting.
[10:27:45.921] [INFO   ] thread playerID: 0 starting.
[10:27:45.921] [INFO   ] thread playerID: 1 starting.
[10:27:45.924] [SEVERE ] updating countdown to 60000
[10:27:46.028] [SEVERE ] placing card 34 in slot 11
[10:27:46.129] [SEVERE ] placing card 25 in slot 8
[10:27:46.231] [SEVERE ] placing card 61 in slot 0
[10:27:46.332] [SEVERE ] placing card 67 in slot 9
[10:27:46.436] [SEVERE ] placing card 7 in slot 4
[10:27:46.537] [SEVERE ] placing card 70 in slot 6
[10:27:46.639] [SEVERE ] placing card 27 in slot 1
[10:27:46.741] [SEVERE ] placing card 9 in slot 5
[10:27:46.842] [SEVERE ] placing card 68 in slot 2
[10:27:46.944] [SEVERE ] placing card 29 in slot 7
[10:27:47.046] [SEVERE ] placing card 16 in slot 3
[10:27:47.148] [SEVERE ] placing card 72 in slot 10
[10:27:47.170] [SEVERE ] updating countdown to 58754
[10:27:47.192] [SEVERE ] updating countdown to 58732
[10:27:47.216] [SEVERE ] updating countdown to 58708
[10:27:47.238] [SEVERE ] updating countdown to 58686
[10:27:47.261] [SEVERE ] updating countdown to 58663
[10:27:47.283] [SEVERE ] updating countdown to 58641
[10:27:47.305] [SEVERE ] updating countdown to 58619
[10:27:47.326] [SEVERE ] updating countdown to 58598
[10:27:47.349] [SEVERE ] updating countdown to 58575
[10:27:47.370] [SEVERE ] updating countdown to 58554
[10:27:47.391] [SEVERE ] updating countdown to 58533
[10:27:47.413] [SEVERE ] updating countdown to 58511
[10:27:47.435] [SEVERE ] updating countdown to 58489
[10:27:47.458] [SEVERE ] updating countdown to 58466
[10:27:47.479] [SEVERE ] updating countdown to 58445
[10:27:47.502] [SEVERE ] updating countdown to 58422
[10:27:47.524] [SEVERE ] updating countdown to 58400
[10:27:47.545] [SEVERE ] updating countdown to 58379
[10:27:47.568] [SEVERE ] updating countdown to 58356
[10:27:47.589] [SEVERE ] updating countdown to 58335
[10:27:47.613] [SEVERE ] updating countdown to 58311
[10:27:47.634] [SEVERE ] updating countdown to 58290
[10:27:47.655] [SEVERE ] updating countdown to 58269
[10:27:47.677] [SEVERE ] updating countdown to 58247
[10:27:47.697] [SEVERE ] updating countdown to 58227
[10:27:47.719] [SEVERE ] updating countdown to 58205
[10:27:47.739] [SEVERE ] updating countdown to 58185
[10:27:47.761] [SEVERE ] updating countdown to 58163
[10:27:47.782] [SEVERE ] updating countdown to 58142
[10:27:47.803] [SEVERE ] updating countdown to 58121
[10:27:47.824] [SEVERE ] updating countdown to 58100
[10:27:47.846] [SEVERE ] updating countdown to 58078
[10:27:47.868] [SEVERE ] updating countdown to 58056
[10:27:47.890] [SEVERE ] updating countdown to 58034
[10:27:47.912] [SEVERE ] updating countdown to 58012
[10:27:47.933] [SEVERE ] updating countdown to 57991
[10:27:47.954] [SEVERE ] updating countdown to 57970
[10:27:47.976] [SEVERE ] updating countdown to 57948
[10:27:47.997] [SEVERE ] updating countdown to 57927
[10:27:48.018] [SEVERE ] updating countdown to 57906
[10:27:48.041] [SEVERE ] updating countdown to 57883
[10:27:48.063] [SEVERE ] updating countdown to 57861
[10:27:48.085] [SEVERE ] updating countdown to 57839
[10:27:48.105] [SEVERE ] updating countdown to 57819
[10:27:48.128] [SEVERE ] updating countdown to 57796
[10:27:48.149] [SEVERE ] updating countdown to 57775
[10:27:48.170] [SEVERE ] updating countdown to 57754
[10:27:48.194] [SEVERE ] updating countdown to 57730
[10:27:48.220] [SEVERE ] updating countdown to 57704
[10:27:48.240] [SEVERE ] updating countdown to 57684
[10:27:48.262] [SEVERE ] updating countdown to 57662
[10:27:48.284] [SEVERE ] updating countdown to 57640
[10:27:48.304] [SEVERE ] updating countdown to 57620
[10:27:48.326] [SEVERE ] updating countdown to 57598
[10:27:48.348] [SEVERE ] updating countdown to 57576
[10:27:48.370] [SEVERE ] updating countdown to 57554
[10:27:48.391] [SEVERE ] updating countdown to 57533
[10:27:48.414] [SEVERE ] updating countdown to 57510
[10:27:48.435] [SEVERE ] updating countdown to 57489
[10:27:48.460] [SEVERE ] updating countdown to 57464
[10:27:48.482] [SEVERE ] updating countdown to 57442
[10:27:48.504] [SEVERE ] updating countdown to 57420
[10:27:48.524] [SEVERE ] updating countdown to 57400
[10:27:48.547] [SEVERE ] updating countdown to 57377
[10:27:48.568] [SEVERE ] updating countdown to 57356
[10:27:48.590] [SEVERE ] updating countdown to 57334
[10:27:48.612] [SEVERE ] updating countdown to 57312
[10:27:48.633] [SEVERE ] updating countdown to 57291
[10:27:48.655] [SEVERE ] updating countdown to 57269
[10:27:48.677] [SEVERE ] updating countdown to 57247
[10:27:48.698] [SEVERE ] updating countdown to 57226
[10:27:48.719] [SEVERE ] updating countdown to 57205
[10:27:48.739] [SEVERE ] updating countdown to 57185
[10:27:48.760] [SEVERE ] updating countdown to 57164
[10:27:48.781] [SEVERE ] updating countdown to 57143
[10:27:48.798] [SEVERE ] key 81 was pressed by player 1
[10:27:48.799] [SEVERE ] player 1 placing token on slot 0
[10:27:48.802] [SEVERE ] updating countdown to 57122
[10:27:48.823] [SEVERE ] updating countdown to 57101
[10:27:48.844] [SEVERE ] updating countdown to 57080
[10:27:48.866] [SEVERE ] updating countdown to 57058
[10:27:48.886] [SEVERE ] updating countdown to 57038
[10:27:48.908] [SEVERE ] updating countdown to 57016
[10:27:48.929] [SEVERE ] updating countdown to 56995
[10:27:48.950] [SEVERE ] updating countdown to 56974
[10:27:48.972] [SEVERE ] updating countdown to 56952
[10:27:48.994] [SEVERE ] updating countdown to 56930
[10:27:49.015] [SEVERE ] updating countdown to 56909
[10:27:49.036] [SEVERE ] updating countdown to 56888
[10:27:49.058] [SEVERE ] updating countdown to 56866
[10:27:49.078] [SEVERE ] updating countdown to 56846
[10:27:49.099] [SEVERE ] updating countdown to 56825
[10:27:49.120] [SEVERE ] updating countdown to 56804
[10:27:49.141] [SEVERE ] updating countdown to 56783
[10:27:49.162] [SEVERE ] updating countdown to 56762
[10:27:49.184] [SEVERE ] updating countdown to 56740
[10:27:49.204] [SEVERE ] updating countdown to 56720
[10:27:49.225] [SEVERE ] updating countdown to 56699
[10:27:49.247] [SEVERE ] updating countdown to 56677
[10:27:49.267] [SEVERE ] updating countdown to 56657
[10:27:49.288] [SEVERE ] updating countdown to 56636
[10:27:49.309] [SEVERE ] updating countdown to 56615
[10:27:49.331] [SEVERE ] updating countdown to 56593
[10:27:49.355] [SEVERE ] updating countdown to 56569
[10:27:49.377] [SEVERE ] updating countdown to 56547
[10:27:49.399] [SEVERE ] updating countdown to 56525
[10:27:49.420] [SEVERE ] updating countdown to 56504
[10:27:49.440] [SEVERE ] updating countdown to 56484
[10:27:49.466] [SEVERE ] updating countdown to 56458
[10:27:49.488] [SEVERE ] updating countdown to 56436
[10:27:49.514] [SEVERE ] updating countdown to 56410
[10:27:49.539] [SEVERE ] updating countdown to 56385
[10:27:49.565] [SEVERE ] updating countdown to 56359
[10:27:49.591] [SEVERE ] updating countdown to 56333
[10:27:49.614] [SEVERE ] updating countdown to 56310
[10:27:49.636] [SEVERE ] updating countdown to 56288
[10:27:49.657] [SEVERE ] updating countdown to 56267
[10:27:49.678] [SEVERE ] updating countdown to 56246
[10:27:49.699] [SEVERE ] updating countdown to 56225
[10:27:49.721] [SEVERE ] updating countdown to 56203
[10:27:49.746] [SEVERE ] updating countdown to 56178
[10:27:49.768] [SEVERE ] updating countdown to 56156
[10:27:49.794] [SEVERE ] updating countdown to 56130
[10:27:49.818] [SEVERE ] updating countdown to 56106
[10:27:49.844] [SEVERE ] updating countdown to 56080
[10:27:49.865] [SEVERE ] updating countdown to 56059
[10:27:49.891] [SEVERE ] updating countdown to 56033
[10:27:49.916] [SEVERE ] updating countdown to 56008
[10:27:49.941] [SEVERE ] updating countdown to 55983
[10:27:49.955] [SEVERE ] key 65 was pressed by player 1
[10:27:49.955] [SEVERE ] player 1 placing token on slot 4
[10:27:49.964] [SEVERE ] updating countdown to 55960
[10:27:49.984] [SEVERE ] updating countdown to 55940
[10:27:50.009] [SEVERE ] updating countdown to 55915
[10:27:50.031] [SEVERE ] updating countdown to 55893
[10:27:50.056] [SEVERE ] updating countdown to 55868
[10:27:50.079] [SEVERE ] updating countdown to 55845
[10:27:50.101] [SEVERE ] updating countdown to 55823
[10:27:50.123] [SEVERE ] updating countdown to 55801
[10:27:50.146] [SEVERE ] updating countdown to 55779
[10:27:50.171] [SEVERE ] updating countdown to 55753
[10:27:50.193] [SEVERE ] updating countdown to 55731
[10:27:50.219] [SEVERE ] updating countdown to 55705
[10:27:50.240] [SEVERE ] key 90 was pressed by player 1
[10:27:50.240] [SEVERE ] player 1 placing token on slot 8
[10:27:50.240] [SEVERE ] updating countdown to 55684
[10:27:50.241] [SEVERE ] removing player 1 token from slot 0
[10:27:50.241] [SEVERE ] removing player 1 token from slot 4
[10:27:50.242] [SEVERE ] removing player 1 token from slot 8
[10:27:50.244] [SEVERE ] setting player 1 freeze to 3000
[10:27:50.261] [SEVERE ] updating countdown to 55663
[10:27:50.283] [SEVERE ] updating countdown to 55641
[10:27:50.305] [SEVERE ] updating countdown to 55619
[10:27:50.326] [SEVERE ] updating countdown to 55598
[10:27:50.347] [SEVERE ] updating countdown to 55577
[10:27:50.368] [SEVERE ] updating countdown to 55556
[10:27:50.392] [SEVERE ] updating countdown to 55532
[10:27:50.413] [SEVERE ] updating countdown to 55511
[10:27:50.439] [SEVERE ] updating countdown to 55485
[10:27:50.461] [SEVERE ] updating countdown to 55463
[10:27:50.486] [SEVERE ] updating countdown to 55438
[10:27:50.508] [SEVERE ] updating countdown to 55416
[10:27:50.528] [SEVERE ] updating countdown to 55396
[10:27:50.551] [SEVERE ] updating countdown to 55373
[10:27:50.572] [SEVERE ] updating countdown to 55352
[10:27:50.594] [SEVERE ] updating countdown to 55330
[10:27:50.615] [SEVERE ] updating countdown to 55309
[10:27:50.637] [SEVERE ] updating countdown to 55287
[10:27:50.657] [SEVERE ] updating countdown to 55267
[10:27:50.678] [SEVERE ] updating countdown to 55246
[10:27:50.699] [SEVERE ] updating countdown to 55225
[10:27:50.721] [SEVERE ] updating countdown to 55203
[10:27:50.746] [SEVERE ] updating countdown to 55178
[10:27:50.772] [SEVERE ] updating countdown to 55152
[10:27:50.798] [SEVERE ] updating countdown to 55126
[10:27:50.824] [SEVERE ] updating countdown to 55100
[10:27:50.845] [SEVERE ] updating countdown to 55079
[10:27:50.870] [SEVERE ] updating countdown to 55054
[10:27:50.891] [SEVERE ] updating countdown to 55033
[10:27:50.917] [SEVERE ] updating countdown to 55007
[10:27:50.939] [SEVERE ] updating countdown to 54985
[10:27:50.961] [SEVERE ] updating countdown to 54964
[10:27:50.982] [SEVERE ] updating countdown to 54942
[10:27:51.008] [SEVERE ] updating countdown to 54916
[10:27:51.029] [SEVERE ] updating countdown to 54895
[10:27:51.051] [SEVERE ] updating countdown to 54873
[10:27:51.075] [SEVERE ] updating countdown to 54849
[10:27:51.096] [SEVERE ] updating countdown to 54828
[10:27:51.118] [SEVERE ] updating countdown to 54806
[10:27:51.140] [SEVERE ] updating countdown to 54784
[10:27:51.161] [SEVERE ] updating countdown to 54763
[10:27:51.186] [SEVERE ] updating countdown to 54738
[10:27:51.196] [SEVERE ] key 81 was pressed by player 1
[10:27:51.207] [SEVERE ] updating countdown to 54717
[10:27:51.228] [SEVERE ] updating countdown to 54696
[10:27:51.251] [SEVERE ] updating countdown to 54673
[10:27:51.273] [SEVERE ] updating countdown to 54651
[10:27:51.296] [SEVERE ] updating countdown to 54628
[10:27:51.318] [SEVERE ] updating countdown to 54607
[10:27:51.339] [SEVERE ] updating countdown to 54585
[10:27:51.361] [SEVERE ] updating countdown to 54563
[10:27:51.381] [SEVERE ] updating countdown to 54543
[10:27:51.404] [SEVERE ] updating countdown to 54520
[10:27:51.430] [SEVERE ] updating countdown to 54495
[10:27:51.452] [SEVERE ] updating countdown to 54472
[10:27:51.473] [SEVERE ] updating countdown to 54451
[10:27:51.495] [SEVERE ] updating countdown to 54429
[10:27:51.520] [SEVERE ] updating countdown to 54404
[10:27:51.543] [SEVERE ] updating countdown to 54381
[10:27:51.567] [SEVERE ] updating countdown to 54357
[10:27:51.591] [SEVERE ] updating countdown to 54333
[10:27:51.615] [SEVERE ] updating countdown to 54309
[10:27:51.638] [SEVERE ] updating countdown to 54286
[10:27:51.660] [SEVERE ] updating countdown to 54264
[10:27:51.685] [SEVERE ] updating countdown to 54239
[10:27:51.708] [SEVERE ] updating countdown to 54216
[10:27:51.734] [SEVERE ] updating countdown to 54190
[10:27:51.755] [SEVERE ] updating countdown to 54169
[10:27:51.781] [SEVERE ] updating countdown to 54143
[10:27:51.802] [SEVERE ] updating countdown to 54122
[10:27:51.824] [SEVERE ] updating countdown to 54100
[10:27:51.849] [SEVERE ] updating countdown to 54075
[10:27:51.870] [SEVERE ] updating countdown to 54054
[10:27:51.893] [SEVERE ] updating countdown to 54031
[10:27:51.915] [SEVERE ] updating countdown to 54009
[10:27:51.936] [SEVERE ] updating countdown to 53988
[10:27:51.957] [SEVERE ] updating countdown to 53967
[10:27:51.979] [SEVERE ] updating countdown to 53945
[10:27:51.999] [SEVERE ] updating countdown to 53925
[10:27:52.020] [SEVERE ] updating countdown to 53904
[10:27:52.045] [SEVERE ] updating countdown to 53879
[10:27:52.066] [SEVERE ] updating countdown to 53858
[10:27:52.087] [SEVERE ] updating countdown to 53837
[10:27:52.108] [SEVERE ] updating countdown to 53816
[10:27:52.130] [SEVERE ] updating countdown to 53794
[10:27:52.151] [SEVERE ] updating countdown to 53773
[10:27:52.172] [SEVERE ] updating countdown to 53752
[10:27:52.194] [SEVERE ] updating countdown to 53730
[10:27:52.215] [SEVERE ] updating countdown to 53709
[10:27:52.216] [SEVERE ] key 81 was pressed by player 1
[10:27:52.236] [SEVERE ] updating countdown to 53688
[10:27:52.257] [SEVERE ] updating countdown to 53667
[10:27:52.280] [SEVERE ] updating countdown to 53644
[10:27:52.302] [SEVERE ] updating countdown to 53622
[10:27:52.323] [SEVERE ] updating countdown to 53601
[10:27:52.344] [SEVERE ] updating countdown to 53580
[10:27:52.366] [SEVERE ] updating countdown to 53558
[10:27:52.387] [SEVERE ] updating countdown to 53537
[10:27:52.410] [SEVERE ] updating countdown to 53514
[10:27:52.431] [SEVERE ] updating countdown to 53493
[10:27:52.453] [SEVERE ] updating countdown to 53471
[10:27:52.475] [SEVERE ] updating countdown to 53449
[10:27:52.496] [SEVERE ] updating countdown to 53428
[10:27:52.517] [SEVERE ] updating countdown to 53407
[10:27:52.539] [SEVERE ] updating countdown to 53385
[10:27:52.559] [SEVERE ] updating countdown to 53365
[10:27:52.581] [SEVERE ] updating countdown to 53343
[10:27:52.602] [SEVERE ] updating countdown to 53322
[10:27:52.623] [SEVERE ] updating countdown to 53301
[10:27:52.644] [SEVERE ] updating countdown to 53280
[10:27:52.666] [SEVERE ] updating countdown to 53258
[10:27:52.687] [SEVERE ] updating countdown to 53237
[10:27:52.708] [SEVERE ] updating countdown to 53216
[10:27:52.729] [SEVERE ] updating countdown to 53195
[10:27:52.751] [SEVERE ] updating countdown to 53173
[10:27:52.775] [SEVERE ] updating countdown to 53149
[10:27:52.789] [SEVERE ] key 81 was pressed by player 1
[10:27:52.796] [SEVERE ] updating countdown to 53128
[10:27:52.819] [SEVERE ] updating countdown to 53105
[10:27:52.840] [SEVERE ] updating countdown to 53084
[10:27:52.861] [SEVERE ] updating countdown to 53063
[10:27:52.882] [SEVERE ] updating countdown to 53042
[10:27:52.904] [SEVERE ] updating countdown to 53020
[10:27:52.926] [SEVERE ] updating countdown to 52998
[10:27:52.948] [SEVERE ] updating countdown to 52976
[10:27:52.970] [SEVERE ] updating countdown to 52954
[10:27:52.992] [SEVERE ] updating countdown to 52932
[10:27:53.013] [SEVERE ] updating countdown to 52911
[10:27:53.034] [SEVERE ] updating countdown to 52890
[10:27:53.055] [SEVERE ] updating countdown to 52869
[10:27:53.076] [SEVERE ] updating countdown to 52848
[10:27:53.097] [SEVERE ] updating countdown to 52827
[10:27:53.118] [SEVERE ] updating countdown to 52806
[10:27:53.139] [SEVERE ] updating countdown to 52785
[10:27:53.162] [SEVERE ] updating countdown to 52762
[10:27:53.182] [SEVERE ] updating countdown to 52742
[10:27:53.204] [SEVERE ] updating countdown to 52720
[10:27:53.225] [SEVERE ] updating countdown to 52699
[10:27:53.246] [SEVERE ] setting player 1 freeze to 0
[10:27:53.246] [SEVERE ] updating countdown to 52678
[10:27:53.246] [SEVERE ] removing player 1 token from slot 0
[10:27:53.250] [SEVERE ] player 1 placing token on slot 0
[10:27:53.250] [SEVERE ] removing player 1 token from slot 0
[10:27:53.252] [SEVERE ] key 81 was pressed by player 1
[10:27:53.252] [SEVERE ] player 1 placing token on slot 0
[10:27:53.267] [SEVERE ] updating countdown to 52657
[10:27:53.289] [SEVERE ] updating countdown to 52635
[10:27:53.309] [SEVERE ] updating countdown to 52615
[10:27:53.330] [SEVERE ] updating countdown to 52594
[10:27:53.351] [SEVERE ] updating countdown to 52573
[10:27:53.373] [SEVERE ] updating countdown to 52551
[10:27:53.394] [SEVERE ] updating countdown to 52530
[10:27:53.416] [SEVERE ] updating countdown to 52508
[10:27:53.436] [SEVERE ] updating countdown to 52488
[10:27:53.457] [SEVERE ] updating countdown to 52467
[10:27:53.478] [SEVERE ] updating countdown to 52446
[10:27:53.499] [SEVERE ] updating countdown to 52425
[10:27:53.520] [SEVERE ] updating countdown to 52404
[10:27:53.541] [SEVERE ] updating countdown to 52383
[10:27:53.563] [SEVERE ] updating countdown to 52361
[10:27:53.584] [SEVERE ] updating countdown to 52340
[10:27:53.605] [SEVERE ] updating countdown to 52319
[10:27:53.626] [SEVERE ] updating countdown to 52298
[10:27:53.647] [SEVERE ] updating countdown to 52277
[10:27:53.668] [SEVERE ] updating countdown to 52256
[10:27:53.689] [SEVERE ] updating countdown to 52235
[10:27:53.710] [SEVERE ] updating countdown to 52214
[10:27:53.731] [SEVERE ] updating countdown to 52193
[10:27:53.752] [SEVERE ] updating countdown to 52172
[10:27:53.773] [SEVERE ] updating countdown to 52151
[10:27:53.794] [SEVERE ] key 81 was pressed by player 1
[10:27:53.794] [SEVERE ] updating countdown to 52130
[10:27:53.794] [SEVERE ] removing player 1 token from slot 0
[10:27:53.816] [SEVERE ] updating countdown to 52108
[10:27:53.841] [SEVERE ] updating countdown to 52083
[10:27:53.870] [SEVERE ] updating countdown to 52054
[10:27:53.893] [SEVERE ] updating countdown to 52031
[10:27:53.915] [SEVERE ] updating countdown to 52009
[10:27:53.937] [SEVERE ] updating countdown to 51987
[10:27:53.958] [SEVERE ] updating countdown to 51966
[10:27:53.980] [SEVERE ] updating countdown to 51944
[10:27:54.002] [SEVERE ] updating countdown to 51922
[10:27:54.024] [SEVERE ] updating countdown to 51900
[10:27:54.046] [SEVERE ] updating countdown to 51878
[10:27:54.067] [SEVERE ] updating countdown to 51857
[10:27:54.088] [SEVERE ] updating countdown to 51836
[10:27:54.109] [SEVERE ] updating countdown to 51815
[10:27:54.130] [SEVERE ] updating countdown to 51794
[10:27:54.151] [SEVERE ] updating countdown to 51773
[10:27:54.172] [SEVERE ] updating countdown to 51752
[10:27:54.193] [SEVERE ] updating countdown to 51731
[10:27:54.214] [SEVERE ] updating countdown to 51710
[10:27:54.235] [SEVERE ] updating countdown to 51689
[10:27:54.256] [SEVERE ] updating countdown to 51668
[10:27:54.277] [SEVERE ] updating countdown to 51647
[10:27:54.298] [SEVERE ] updating countdown to 51626
[10:27:54.319] [SEVERE ] updating countdown to 51605
[10:27:54.340] [SEVERE ] updating countdown to 51584
[10:27:54.361] [SEVERE ] updating countdown to 51563
[10:27:54.382] [SEVERE ] updating countdown to 51542
[10:27:54.403] [SEVERE ] updating countdown to 51521
[10:27:54.424] [SEVERE ] updating countdown to 51500
[10:27:54.445] [SEVERE ] updating countdown to 51479
[10:27:54.466] [SEVERE ] updating countdown to 51458
[10:27:54.487] [SEVERE ] updating countdown to 51437
[10:27:54.508] [SEVERE ] updating countdown to 51416
[10:27:54.529] [SEVERE ] updating countdown to 51395
[10:27:54.550] [SEVERE ] updating countdown to 51374
[10:27:54.571] [SEVERE ] updating countdown to 51353
[10:27:54.592] [SEVERE ] updating countdown to 51332
[10:27:54.613] [SEVERE ] updating countdown to 51311
[10:27:54.634] [SEVERE ] updating countdown to 51290
[10:27:54.635] [SEVERE ] key 81 was pressed by player 1
[10:27:54.635] [SEVERE ] player 1 placing token on slot 0
[10:27:54.656] [SEVERE ] updating countdown to 51268
[10:27:54.677] [SEVERE ] updating countdown to 51247
[10:27:54.698] [SEVERE ] updating countdown to 51226
[10:27:54.720] [SEVERE ] updating countdown to 51204
[10:27:54.741] [SEVERE ] updating countdown to 51183
[10:27:54.762] [SEVERE ] updating countdown to 51162
[10:27:54.783] [SEVERE ] updating countdown to 51141
[10:27:54.804] [SEVERE ] updating countdown to 51120
[10:27:54.825] [SEVERE ] updating countdown to 51099
[10:27:54.847] [SEVERE ] updating countdown to 51077
[10:27:54.868] [SEVERE ] updating countdown to 51056
[10:27:54.889] [SEVERE ] updating countdown to 51035
[10:27:54.911] [SEVERE ] updating countdown to 51013
[10:27:54.932] [SEVERE ] updating countdown to 50992
[10:27:54.953] [SEVERE ] updating countdown to 50971
[10:27:54.975] [SEVERE ] updating countdown to 50949
[10:27:54.996] [SEVERE ] updating countdown to 50928
[10:27:55.017] [SEVERE ] updating countdown to 50907
[10:27:55.038] [SEVERE ] updating countdown to 50886
[10:27:55.059] [SEVERE ] updating countdown to 50865
[10:27:55.080] [SEVERE ] updating countdown to 50844
[10:27:55.101] [SEVERE ] updating countdown to 50823
[10:27:55.122] [SEVERE ] updating countdown to 50802
[10:27:55.143] [SEVERE ] updating countdown to 50781
[10:27:55.164] [SEVERE ] updating countdown to 50760
[10:27:55.185] [SEVERE ] updating countdown to 50739
[10:27:55.206] [SEVERE ] updating countdown to 50718
[10:27:55.207] [SEVERE ] key 65 was pressed by player 1
[10:27:55.207] [SEVERE ] removing player 1 token from slot 4
[10:27:55.227] [SEVERE ] updating countdown to 50697
[10:27:55.249] [SEVERE ] updating countdown to 50675
[10:27:55.271] [SEVERE ] updating countdown to 50653
[10:27:55.293] [SEVERE ] updating countdown to 50631
[10:27:55.314] [SEVERE ] updating countdown to 50610
[10:27:55.336] [SEVERE ] updating countdown to 50588
[10:27:55.356] [SEVERE ] updating countdown to 50568
[10:27:55.377] [SEVERE ] updating countdown to 50547
[10:27:55.398] [SEVERE ] updating countdown to 50526
[10:27:55.419] [SEVERE ] updating countdown to 50505
[10:27:55.441] [SEVERE ] updating countdown to 50483
[10:27:55.462] [SEVERE ] updating countdown to 50462
[10:27:55.483] [SEVERE ] updating countdown to 50441
[10:27:55.505] [SEVERE ] updating countdown to 50419
[10:27:55.526] [SEVERE ] updating countdown to 50398
[10:27:55.547] [SEVERE ] updating countdown to 50377
[10:27:55.568] [SEVERE ] updating countdown to 50356
[10:27:55.589] [SEVERE ] updating countdown to 50335
[10:27:55.594] [SEVERE ] key 83 was pressed by player 1
[10:27:55.594] [SEVERE ] player 1 placing token on slot 5
[10:27:55.610] [SEVERE ] updating countdown to 50314
[10:27:55.632] [SEVERE ] updating countdown to 50292
[10:27:55.653] [SEVERE ] updating countdown to 50271
[10:27:55.675] [SEVERE ] updating countdown to 50249
[10:27:55.696] [SEVERE ] updating countdown to 50228
[10:27:55.717] [SEVERE ] updating countdown to 50207
[10:27:55.743] [SEVERE ] updating countdown to 50181
[10:27:55.765] [SEVERE ] updating countdown to 50159
[10:27:55.788] [SEVERE ] updating countdown to 50136
[10:27:55.812] [SEVERE ] updating countdown to 50112
[10:27:55.833] [SEVERE ] updating countdown to 50091
[10:27:55.856] [SEVERE ] updating countdown to 50068
[10:27:55.882] [SEVERE ] updating countdown to 50042
[10:27:55.904] [SEVERE ] updating countdown to 50020
[10:27:55.929] [SEVERE ] updating countdown to 49995
[10:27:55.953] [SEVERE ] updating countdown to 49971
[10:27:55.979] [SEVERE ] updating countdown to 49945
[10:27:56.003] [SEVERE ] updating countdown to 49921
[10:27:56.027] [SEVERE ] updating countdown to 49897
[10:27:56.049] [SEVERE ] updating countdown to 49875
[10:27:56.071] [SEVERE ] updating countdown to 49853
[10:27:56.090] [SEVERE ] key 90 was pressed by player 1
[10:27:56.090] [SEVERE ] removing player 1 token from slot 8
[10:27:56.092] [SEVERE ] updating countdown to 49832
[10:27:56.113] [SEVERE ] updating countdown to 49811
[10:27:56.134] [SEVERE ] updating countdown to 49790
[10:27:56.155] [SEVERE ] updating countdown to 49769
[10:27:56.177] [SEVERE ] updating countdown to 49747
[10:27:56.198] [SEVERE ] updating countdown to 49726
[10:27:56.219] [SEVERE ] updating countdown to 49705
[10:27:56.240] [SEVERE ] updating countdown to 49684
[10:27:56.261] [SEVERE ] updating countdown to 49663
[10:27:56.283] [SEVERE ] updating countdown to 49641
[10:27:56.304] [SEVERE ] updating countdown to 49620
[10:27:56.325] [SEVERE ] updating countdown to 49599
[10:27:56.346] [SEVERE ] updating countdown to 49578
[10:27:56.367] [SEVERE ] updating countdown to 49557
[10:27:56.388] [SEVERE ] updating countdown to 49536
[10:27:56.409] [SEVERE ] updating countdown to 49515
[10:27:56.430] [SEVERE ] updating countdown to 49494
[10:27:56.452] [SEVERE ] updating countdown to 49472
[10:27:56.473] [SEVERE ] updating countdown to 49451
[10:27:56.494] [SEVERE ] updating countdown to 49430
[10:27:56.516] [SEVERE ] updating countdown to 49408
[10:27:56.537] [SEVERE ] updating countdown to 49387
[10:27:56.558] [SEVERE ] updating countdown to 49366
[10:27:56.580] [SEVERE ] updating countdown to 49344
[10:27:56.601] [SEVERE ] updating countdown to 49323
[10:27:56.622] [SEVERE ] updating countdown to 49302
[10:27:56.643] [SEVERE ] updating countdown to 49281
[10:27:56.664] [SEVERE ] updating countdown to 49260
[10:27:56.687] [SEVERE ] updating countdown to 49237
[10:27:56.707] [SEVERE ] updating countdown to 49217
[10:27:56.729] [SEVERE ] updating countdown to 49195
[10:27:56.751] [SEVERE ] updating countdown to 49173
[10:27:56.773] [SEVERE ] updating countdown to 49151
[10:27:56.794] [SEVERE ] updating countdown to 49130
[10:27:56.815] [SEVERE ] updating countdown to 49109
[10:27:56.837] [SEVERE ] updating countdown to 49087
[10:27:56.859] [SEVERE ] updating countdown to 49065
[10:27:56.880] [SEVERE ] updating countdown to 49044
[10:27:56.901] [SEVERE ] updating countdown to 49023
[10:27:56.922] [SEVERE ] updating countdown to 49002
[10:27:56.943] [SEVERE ] updating countdown to 48981
[10:27:56.964] [SEVERE ] updating countdown to 48960
[10:27:56.985] [SEVERE ] updating countdown to 48939
[10:27:57.003] [SEVERE ] key 88 was pressed by player 1
[10:27:57.003] [SEVERE ] player 1 placing token on slot 9
[10:27:57.006] [SEVERE ] updating countdown to 48918
[10:27:57.027] [SEVERE ] updating countdown to 48897
[10:27:57.048] [SEVERE ] updating countdown to 48876
[10:27:57.071] [SEVERE ] updating countdown to 48853
[10:27:57.091] [SEVERE ] updating countdown to 48833
[10:27:57.113] [SEVERE ] updating countdown to 48811
[10:27:57.135] [SEVERE ] updating countdown to 48789
[10:27:57.157] [SEVERE ] updating countdown to 48767
[10:27:57.181] [SEVERE ] updating countdown to 48743
[10:27:57.203] [SEVERE ] updating countdown to 48721
[10:27:57.226] [SEVERE ] updating countdown to 48698
[10:27:57.249] [SEVERE ] updating countdown to 48675
[10:27:57.274] [SEVERE ] updating countdown to 48650
[10:27:57.296] [SEVERE ] updating countdown to 48628
[10:27:57.318] [SEVERE ] updating countdown to 48606
[10:27:57.339] [SEVERE ] updating countdown to 48585
[10:27:57.360] [SEVERE ] updating countdown to 48564
[10:27:57.382] [SEVERE ] updating countdown to 48542
[10:27:57.403] [SEVERE ] updating countdown to 48521
[10:27:57.425] [SEVERE ] updating countdown to 48499
[10:27:57.446] [SEVERE ] updating countdown to 48478
[10:27:57.467] [SEVERE ] updating countdown to 48457
[10:27:57.489] [SEVERE ] updating countdown to 48435
[10:27:57.510] [SEVERE ] updating countdown to 48414
[10:27:57.532] [SEVERE ] updating countdown to 48392
[10:27:57.556] [SEVERE ] updating countdown to 48368
[10:27:57.580] [SEVERE ] updating countdown to 48344
[10:27:57.588] [SEVERE ] key 90 was pressed by player 1
[10:27:57.588] [SEVERE ] player 1 placing token on slot 8
[10:27:57.602] [SEVERE ] updating countdown to 48322
[10:27:57.622] [SEVERE ] updating countdown to 48302
[10:27:57.644] [SEVERE ] updating countdown to 48280
[10:27:57.664] [SEVERE ] updating countdown to 48260
[10:27:57.686] [SEVERE ] updating countdown to 48238
[10:27:57.708] [SEVERE ] updating countdown to 48216
[10:27:57.730] [SEVERE ] updating countdown to 48194
[10:27:57.750] [SEVERE ] updating countdown to 48174
[10:27:57.771] [SEVERE ] updating countdown to 48153
[10:27:57.793] [SEVERE ] updating countdown to 48131
[10:27:57.815] [SEVERE ] updating countdown to 48109
[10:27:57.836] [SEVERE ] updating countdown to 48088
[10:27:57.858] [SEVERE ] updating countdown to 48066
[10:27:57.880] [SEVERE ] updating countdown to 48044
[10:27:57.902] [SEVERE ] updating countdown to 48022
[10:27:57.924] [SEVERE ] updating countdown to 48000
[10:27:57.945] [SEVERE ] updating countdown to 47979
[10:27:57.967] [SEVERE ] updating countdown to 47957
[10:27:57.993] [SEVERE ] updating countdown to 47931
[10:27:58.014] [SEVERE ] updating countdown to 47910
[10:27:58.035] [SEVERE ] updating countdown to 47889
[10:27:58.056] [SEVERE ] updating countdown to 47868
[10:27:58.078] [SEVERE ] updating countdown to 47846
[10:27:58.099] [SEVERE ] updating countdown to 47825
[10:27:58.121] [SEVERE ] updating countdown to 47803
[10:27:58.141] [SEVERE ] updating countdown to 47783
[10:27:58.164] [SEVERE ] updating countdown to 47760
[10:27:58.184] [SEVERE ] updating countdown to 47740
[10:27:58.206] [SEVERE ] updating countdown to 47718
[10:27:58.228] [SEVERE ] updating countdown to 47696
[10:27:58.248] [SEVERE ] updating countdown to 47676
[10:27:58.269] [SEVERE ] updating countdown to 47655
[10:27:58.279] [SEVERE ] key 90 was pressed by player 1
[10:27:58.279] [SEVERE ] removing player 1 token from slot 8
[10:27:58.292] [SEVERE ] updating countdown to 47632
[10:27:58.314] [SEVERE ] updating countdown to 47610
[10:27:58.337] [SEVERE ] updating countdown to 47587
[10:27:58.358] [SEVERE ] updating countdown to 47566
[10:27:58.379] [SEVERE ] updating countdown to 47545
[10:27:58.402] [SEVERE ] updating countdown to 47522
[10:27:58.422] [SEVERE ] updating countdown to 47502
[10:27:58.444] [SEVERE ] updating countdown to 47480
[10:27:58.465] [SEVERE ] updating countdown to 47459
[10:27:58.487] [SEVERE ] updating countdown to 47437
[10:27:58.507] [SEVERE ] updating countdown to 47417
[10:27:58.529] [SEVERE ] updating countdown to 47395
[10:27:58.551] [SEVERE ] updating countdown to 47373
[10:27:58.574] [SEVERE ] updating countdown to 47350
[10:27:58.598] [SEVERE ] updating countdown to 47326
[10:27:58.620] [SEVERE ] updating countdown to 47304
[10:27:58.641] [SEVERE ] updating countdown to 47283
[10:27:58.662] [SEVERE ] updating countdown to 47262
[10:27:58.684] [SEVERE ] updating countdown to 47240
[10:27:58.706] [SEVERE ] updating countdown to 47218
[10:27:58.729] [SEVERE ] updating countdown to 47195
[10:27:58.752] [SEVERE ] updating countdown to 47172
[10:27:58.774] [SEVERE ] updating countdown to 47150
[10:27:58.795] [SEVERE ] updating countdown to 47129
[10:27:58.816] [SEVERE ] updating countdown to 47108
[10:27:58.837] [SEVERE ] updating countdown to 47087
[10:27:58.859] [SEVERE ] updating countdown to 47065
[10:27:58.882] [SEVERE ] updating countdown to 47042
[10:27:58.902] [SEVERE ] updating countdown to 47022
[10:27:58.923] [SEVERE ] updating countdown to 47001
[10:27:58.945] [SEVERE ] updating countdown to 46979
[10:27:58.967] [SEVERE ] updating countdown to 46957
[10:27:58.988] [SEVERE ] updating countdown to 46936
[10:27:59.009] [SEVERE ] updating countdown to 46915
[10:27:59.031] [SEVERE ] updating countdown to 46893
[10:27:59.053] [SEVERE ] updating countdown to 46871
[10:27:59.075] [SEVERE ] updating countdown to 46849
[10:27:59.097] [SEVERE ] updating countdown to 46827
[10:27:59.119] [SEVERE ] updating countdown to 46805
[10:27:59.141] [SEVERE ] updating countdown to 46783
[10:27:59.163] [SEVERE ] updating countdown to 46761
[10:27:59.185] [SEVERE ] updating countdown to 46739
[10:27:59.207] [SEVERE ] updating countdown to 46717
[10:27:59.228] [SEVERE ] updating countdown to 46696
[10:27:59.238] [SEVERE ] key 90 was pressed by player 1
[10:27:59.238] [SEVERE ] player 1 placing token on slot 8
[10:27:59.249] [SEVERE ] updating countdown to 46675
[10:27:59.270] [SEVERE ] updating countdown to 46654
[10:27:59.292] [SEVERE ] updating countdown to 46632
[10:27:59.318] [SEVERE ] updating countdown to 46606
[10:27:59.343] [SEVERE ] updating countdown to 46581
[10:27:59.365] [SEVERE ] updating countdown to 46559
[10:27:59.387] [SEVERE ] updating countdown to 46537
[10:27:59.409] [SEVERE ] updating countdown to 46515
[10:27:59.430] [SEVERE ] updating countdown to 46494
[10:27:59.451] [SEVERE ] updating countdown to 46473
[10:27:59.473] [SEVERE ] updating countdown to 46451
[10:27:59.495] [SEVERE ] updating countdown to 46429
[10:27:59.517] [SEVERE ] updating countdown to 46407
[10:27:59.538] [SEVERE ] updating countdown to 46386
[10:27:59.559] [SEVERE ] updating countdown to 46365
[10:27:59.579] [SEVERE ] updating countdown to 46345
[10:27:59.600] [SEVERE ] updating countdown to 46324
[10:27:59.621] [SEVERE ] updating countdown to 46303
[10:27:59.642] [SEVERE ] updating countdown to 46282
[10:27:59.664] [SEVERE ] updating countdown to 46260
[10:27:59.686] [SEVERE ] updating countdown to 46238
[10:27:59.706] [SEVERE ] updating countdown to 46218
[10:27:59.727] [SEVERE ] updating countdown to 46197
[10:27:59.737] [SEVERE ] key 90 was pressed by player 1
[10:27:59.737] [SEVERE ] removing player 1 token from slot 8
[10:27:59.748] [SEVERE ] updating countdown to 46176
[10:27:59.770] [SEVERE ] updating countdown to 46154
[10:27:59.796] [SEVERE ] updating countdown to 46128
[10:27:59.821] [SEVERE ] updating countdown to 46103
[10:27:59.847] [SEVERE ] updating countdown to 46077
[10:27:59.871] [SEVERE ] updating countdown to 46053
[10:27:59.895] [SEVERE ] updating countdown to 46029
[10:27:59.915] [SEVERE ] updating countdown to 46009
[10:27:59.936] [SEVERE ] updating countdown to 45988
[10:27:59.957] [SEVERE ] updating countdown to 45967
[10:27:59.979] [SEVERE ] updating countdown to 45945
[10:28:00.003] [SEVERE ] updating countdown to 45921
[10:28:00.025] [SEVERE ] updating countdown to 45899
[10:28:00.048] [SEVERE ] updating countdown to 45876
[10:28:00.074] [SEVERE ] updating countdown to 45850
[10:28:00.097] [SEVERE ] updating countdown to 45827
[10:28:00.118] [SEVERE ] updating countdown to 45806
[10:28:00.141] [SEVERE ] updating countdown to 45783
[10:28:00.167] [SEVERE ] updating countdown to 45757
[10:28:00.190] [SEVERE ] updating countdown to 45734
[10:28:00.213] [SEVERE ] updating countdown to 45711
[10:28:00.235] [SEVERE ] updating countdown to 45689
[10:28:00.257] [SEVERE ] updating countdown to 45667
[10:28:00.281] [SEVERE ] updating countdown to 45643
[10:28:00.307] [SEVERE ] updating countdown to 45617
[10:28:00.332] [SEVERE ] updating countdown to 45592
[10:28:00.354] [SEVERE ] updating countdown to 45570
[10:28:00.378] [SEVERE ] updating countdown to 45546
[10:28:00.399] [SEVERE ] updating countdown to 45525
[10:28:00.424] [SEVERE ] updating countdown to 45500
[10:28:00.450] [SEVERE ] updating countdown to 45474
[10:28:00.472] [SEVERE ] updating countdown to 45452
[10:28:00.496] [SEVERE ] updating countdown to 45428
[10:28:00.518] [SEVERE ] updating countdown to 45406
[10:28:00.539] [SEVERE ] updating countdown to 45385
[10:28:00.560] [SEVERE ] updating countdown to 45364
[10:28:00.586] [SEVERE ] updating countdown to 45338
[10:28:00.612] [SEVERE ] updating countdown to 45312
[10:28:00.634] [SEVERE ] updating countdown to 45290
[10:28:00.655] [SEVERE ] updating countdown to 45269
[10:28:00.678] [SEVERE ] updating countdown to 45246
[10:28:00.699] [SEVERE ] updating countdown to 45225
[10:28:00.721] [SEVERE ] updating countdown to 45203
[10:28:00.743] [SEVERE ] updating countdown to 45181
[10:28:00.766] [SEVERE ] updating countdown to 45158
[10:28:00.788] [SEVERE ] updating countdown to 45136
[10:28:00.812] [SEVERE ] updating countdown to 45112
[10:28:00.833] [SEVERE ] updating countdown to 45091
[10:28:00.855] [SEVERE ] updating countdown to 45069
[10:28:00.877] [SEVERE ] updating countdown to 45047
[10:28:00.899] [SEVERE ] updating countdown to 45025
[10:28:00.920] [SEVERE ] updating countdown to 45004
[10:28:00.922] [SEVERE ] key 90 was pressed by player 1
[10:28:00.922] [SEVERE ] player 1 placing token on slot 8
[10:28:00.943] [SEVERE ] updating countdown to 44981
[10:28:00.964] [SEVERE ] updating countdown to 44960
[10:28:00.990] [SEVERE ] updating countdown to 44934
[10:28:01.011] [SEVERE ] updating countdown to 44913
[10:28:01.032] [SEVERE ] updating countdown to 44892
[10:28:01.055] [SEVERE ] updating countdown to 44869
[10:28:01.078] [SEVERE ] updating countdown to 44846
[10:28:01.100] [SEVERE ] updating countdown to 44824
[10:28:01.122] [SEVERE ] updating countdown to 44802
[10:28:01.147] [SEVERE ] updating countdown to 44777
[10:28:01.171] [SEVERE ] updating countdown to 44753
[10:28:01.197] [SEVERE ] updating countdown to 44727
[10:28:01.218] [SEVERE ] updating countdown to 44706
[10:28:01.240] [SEVERE ] updating countdown to 44684
[10:28:01.262] [SEVERE ] updating countdown to 44662
[10:28:01.287] [SEVERE ] updating countdown to 44637
[10:28:01.309] [SEVERE ] updating countdown to 44615
[10:28:01.335] [SEVERE ] updating countdown to 44589
[10:28:01.360] [SEVERE ] updating countdown to 44564
[10:28:01.382] [SEVERE ] updating countdown to 44542
[10:28:01.408] [SEVERE ] updating countdown to 44516
[10:28:01.434] [SEVERE ] updating countdown to 44490
[10:28:01.456] [SEVERE ] updating countdown to 44468
[10:28:01.478] [SEVERE ] updating countdown to 44446
[10:28:01.499] [SEVERE ] updating countdown to 44425
[10:28:01.524] [SEVERE ] updating countdown to 44400
[10:28:01.550] [SEVERE ] updating countdown to 44374
[10:28:01.575] [SEVERE ] updating countdown to 44349
[10:28:01.599] [SEVERE ] updating countdown to 44325
[10:28:01.624] [SEVERE ] updating countdown to 44300
[10:28:01.645] [SEVERE ] updating countdown to 44279
[10:28:01.666] [SEVERE ] updating countdown to 44258
[10:28:01.691] [SEVERE ] updating countdown to 44233
[10:28:01.698] [SEVERE ] key 83 was pressed by player 1
[10:28:01.698] [SEVERE ] removing player 1 token from slot 5
[10:28:01.716] [SEVERE ] updating countdown to 44208
[10:28:01.738] [SEVERE ] updating countdown to 44186
[10:28:01.762] [SEVERE ] updating countdown to 44162
[10:28:01.783] [SEVERE ] updating countdown to 44141
[10:28:01.804] [SEVERE ] updating countdown to 44120
[10:28:01.825] [SEVERE ] updating countdown to 44099
[10:28:01.846] [SEVERE ] updating countdown to 44078
[10:28:01.867] [SEVERE ] updating countdown to 44057
[10:28:01.890] [SEVERE ] updating countdown to 44034
[10:28:01.913] [SEVERE ] updating countdown to 44011
[10:28:01.935] [SEVERE ] updating countdown to 43989
[10:28:01.961] [SEVERE ] updating countdown to 43963
[10:28:01.982] [SEVERE ] updating countdown to 43942
[10:28:02.006] [SEVERE ] updating countdown to 43918
[10:28:02.028] [SEVERE ] updating countdown to 43896
[10:28:02.049] [SEVERE ] updating countdown to 43875
[10:28:02.072] [SEVERE ] updating countdown to 43852
[10:28:02.097] [SEVERE ] updating countdown to 43827
[10:28:02.122] [SEVERE ] updating countdown to 43802
[10:28:02.144] [SEVERE ] updating countdown to 43780
[10:28:02.165] [SEVERE ] updating countdown to 43759
[10:28:02.188] [SEVERE ] updating countdown to 43736
[10:28:02.211] [SEVERE ] updating countdown to 43713
[10:28:02.237] [SEVERE ] updating countdown to 43687
[10:28:02.258] [SEVERE ] updating countdown to 43666
[10:28:02.281] [SEVERE ] updating countdown to 43643
[10:28:02.303] [SEVERE ] updating countdown to 43621
[10:28:02.327] [SEVERE ] updating countdown to 43597
[10:28:02.349] [SEVERE ] updating countdown to 43575
[10:28:02.373] [SEVERE ] updating countdown to 43551
[10:28:02.394] [SEVERE ] updating countdown to 43530
[10:28:02.416] [SEVERE ] updating countdown to 43508
[10:28:02.440] [SEVERE ] updating countdown to 43484
[10:28:02.463] [SEVERE ] updating countdown to 43461
[10:28:02.485] [SEVERE ] updating countdown to 43439
[10:28:02.507] [SEVERE ] updating countdown to 43417
[10:28:02.529] [SEVERE ] updating countdown to 43395
[10:28:02.555] [SEVERE ] updating countdown to 43369
[10:28:02.580] [SEVERE ] updating countdown to 43344
[10:28:02.604] [SEVERE ] updating countdown to 43320
[10:28:02.619] [SEVERE ] key 65 was pressed by player 1
[10:28:02.619] [SEVERE ] player 1 placing token on slot 4
[10:28:02.625] [SEVERE ] updating countdown to 43299
[10:28:02.646] [SEVERE ] updating countdown to 43278
[10:28:02.667] [SEVERE ] updating countdown to 43257
[10:28:02.688] [SEVERE ] updating countdown to 43236
[10:28:02.703] [SEVERE ] key 74 was pressed by player 2
[10:28:02.703] [SEVERE ] player 2 placing token on slot 4
[10:28:02.709] [SEVERE ] updating countdown to 43215
[10:28:02.730] [SEVERE ] updating countdown to 43194
[10:28:02.751] [SEVERE ] updating countdown to 43173
[10:28:02.777] [SEVERE ] updating countdown to 43147
[10:28:02.803] [SEVERE ] updating countdown to 43121
[10:28:02.824] [SEVERE ] updating countdown to 43100
[10:28:02.846] [SEVERE ] updating countdown to 43078
[10:28:02.867] [SEVERE ] updating countdown to 43057
[10:28:02.893] [SEVERE ] updating countdown to 43031
[10:28:02.917] [SEVERE ] updating countdown to 43007
[10:28:02.938] [SEVERE ] updating countdown to 42986
[10:28:02.961] [SEVERE ] updating countdown to 42963
[10:28:02.986] [SEVERE ] updating countdown to 42938
[10:28:03.008] [SEVERE ] updating countdown to 42916
[10:28:03.029] [SEVERE ] updating countdown to 42895
[10:28:03.053] [SEVERE ] updating countdown to 42871
[10:28:03.079] [SEVERE ] updating countdown to 42845
[10:28:03.105] [SEVERE ] updating countdown to 42819
[10:28:03.127] [SEVERE ] updating countdown to 42797
[10:28:03.147] [SEVERE ] updating countdown to 42777
[10:28:03.168] [SEVERE ] updating countdown to 42756
[10:28:03.190] [SEVERE ] updating countdown to 42734
[10:28:03.210] [SEVERE ] updating countdown to 42714
[10:28:03.233] [SEVERE ] updating countdown to 42691
[10:28:03.255] [SEVERE ] updating countdown to 42669
[10:28:03.280] [SEVERE ] updating countdown to 42644
[10:28:03.302] [SEVERE ] updating countdown to 42622
[10:28:03.324] [SEVERE ] updating countdown to 42600
[10:28:03.345] [SEVERE ] updating countdown to 42579
[10:28:03.367] [SEVERE ] updating countdown to 42557
[10:28:03.392] [SEVERE ] updating countdown to 42532
[10:28:03.415] [SEVERE ] updating countdown to 42509
[10:28:03.437] [SEVERE ] updating countdown to 42487
[10:28:03.459] [SEVERE ] updating countdown to 42465
[10:28:03.482] [SEVERE ] updating countdown to 42442
[10:28:03.503] [SEVERE ] updating countdown to 42421
[10:28:03.524] [SEVERE ] updating countdown to 42400
[10:28:03.545] [SEVERE ] updating countdown to 42379
[10:28:03.567] [SEVERE ] updating countdown to 42357
[10:28:03.588] [SEVERE ] updating countdown to 42336
[10:28:03.610] [SEVERE ] updating countdown to 42314
[10:28:03.632] [SEVERE ] updating countdown to 42292
[10:28:03.653] [SEVERE ] updating countdown to 42271
[10:28:03.675] [SEVERE ] updating countdown to 42249
[10:28:03.696] [SEVERE ] updating countdown to 42228
[10:28:03.717] [SEVERE ] updating countdown to 42207
[10:28:03.738] [SEVERE ] updating countdown to 42186
[10:28:03.759] [SEVERE ] updating countdown to 42165
[10:28:03.780] [SEVERE ] updating countdown to 42144
[10:28:03.802] [SEVERE ] updating countdown to 42122
[10:28:03.823] [SEVERE ] updating countdown to 42101
[10:28:03.844] [SEVERE ] updating countdown to 42080
[10:28:03.862] [SEVERE ] key 87 was pressed by player 1
[10:28:03.863] [SEVERE ] player 1 placing token on slot 1
[10:28:03.865] [SEVERE ] updating countdown to 42059
[10:28:03.886] [SEVERE ] updating countdown to 42038
[10:28:03.907] [SEVERE ] updating countdown to 42017
[10:28:03.921] [SEVERE ] key 81 was pressed by player 1
[10:28:03.921] [SEVERE ] removing player 1 token from slot 0
[10:28:03.929] [SEVERE ] updating countdown to 41995
[10:28:03.951] [SEVERE ] updating countdown to 41973
[10:28:03.972] [SEVERE ] updating countdown to 41952
[10:28:03.994] [SEVERE ] updating countdown to 41930
[10:28:04.015] [SEVERE ] updating countdown to 41909
[10:28:04.036] [SEVERE ] updating countdown to 41888
[10:28:04.057] [SEVERE ] updating countdown to 41867
[10:28:04.078] [SEVERE ] updating countdown to 41846
[10:28:04.100] [SEVERE ] updating countdown to 41824
[10:28:04.122] [SEVERE ] updating countdown to 41802
[10:28:04.143] [SEVERE ] updating countdown to 41781
[10:28:04.164] [SEVERE ] updating countdown to 41760
[10:28:04.185] [SEVERE ] updating countdown to 41739
[10:28:04.206] [SEVERE ] updating countdown to 41718
[10:28:04.228] [SEVERE ] updating countdown to 41696
[10:28:04.251] [SEVERE ] updating countdown to 41673
[10:28:04.277] [SEVERE ] updating countdown to 41647
[10:28:04.298] [SEVERE ] updating countdown to 41626
[10:28:04.324] [SEVERE ] updating countdown to 41600
[10:28:04.345] [SEVERE ] updating countdown to 41579
[10:28:04.367] [SEVERE ] updating countdown to 41557
[10:28:04.389] [SEVERE ] updating countdown to 41535
[10:28:04.411] [SEVERE ] updating countdown to 41513
[10:28:04.432] [SEVERE ] updating countdown to 41492
[10:28:04.453] [SEVERE ] updating countdown to 41471
[10:28:04.474] [SEVERE ] updating countdown to 41450
[10:28:04.495] [SEVERE ] updating countdown to 41429
[10:28:04.516] [SEVERE ] updating countdown to 41408
[10:28:04.537] [SEVERE ] updating countdown to 41387
[10:28:04.559] [SEVERE ] updating countdown to 41365
[10:28:04.581] [SEVERE ] updating countdown to 41343
[10:28:04.603] [SEVERE ] updating countdown to 41321
[10:28:04.628] [SEVERE ] updating countdown to 41296
[10:28:04.654] [SEVERE ] updating countdown to 41270
[10:28:04.675] [SEVERE ] updating countdown to 41249
[10:28:04.696] [SEVERE ] updating countdown to 41228
[10:28:04.717] [SEVERE ] updating countdown to 41207
[10:28:04.738] [SEVERE ] updating countdown to 41186
[10:28:04.759] [SEVERE ] updating countdown to 41165
[10:28:04.782] [SEVERE ] updating countdown to 41142
[10:28:04.805] [SEVERE ] updating countdown to 41119
[10:28:04.828] [SEVERE ] updating countdown to 41096
[10:28:04.851] [SEVERE ] updating countdown to 41073
[10:28:04.872] [SEVERE ] updating countdown to 41052
[10:28:04.894] [SEVERE ] updating countdown to 41030
[10:28:04.914] [SEVERE ] updating countdown to 41010
[10:28:04.936] [SEVERE ] updating countdown to 40988
[10:28:04.957] [SEVERE ] updating countdown to 40967
[10:28:04.979] [SEVERE ] updating countdown to 40945
[10:28:05.001] [SEVERE ] updating countdown to 40923
[10:28:05.023] [SEVERE ] updating countdown to 40901
[10:28:05.045] [SEVERE ] updating countdown to 40879
[10:28:05.066] [SEVERE ] updating countdown to 40858
[10:28:05.086] [SEVERE ] updating countdown to 40838
[10:28:05.108] [SEVERE ] updating countdown to 40816
[10:28:05.128] [SEVERE ] updating countdown to 40796
[10:28:05.150] [SEVERE ] updating countdown to 40774
[10:28:05.170] [SEVERE ] updating countdown to 40754
[10:28:05.192] [SEVERE ] updating countdown to 40732
[10:28:05.214] [SEVERE ] updating countdown to 40710
[10:28:05.234] [SEVERE ] updating countdown to 40690
[10:28:05.256] [SEVERE ] updating countdown to 40668
[10:28:05.282] [SEVERE ] updating countdown to 40642
[10:28:05.303] [SEVERE ] updating countdown to 40621
[10:28:05.326] [SEVERE ] updating countdown to 40598
[10:28:05.347] [SEVERE ] updating countdown to 40577
[10:28:05.369] [SEVERE ] updating countdown to 40555
[10:28:05.391] [SEVERE ] updating countdown to 40533
[10:28:05.413] [SEVERE ] updating countdown to 40511
[10:28:05.435] [SEVERE ] updating countdown to 40489
[10:28:05.457] [SEVERE ] updating countdown to 40467
[10:28:05.479] [SEVERE ] updating countdown to 40445
[10:28:05.501] [SEVERE ] updating countdown to 40423
[10:28:05.526] [SEVERE ] updating countdown to 40398
[10:28:05.547] [SEVERE ] updating countdown to 40377
[10:28:05.568] [SEVERE ] updating countdown to 40356
[10:28:05.569] [SEVERE ] key 81 was pressed by player 1
[10:28:05.570] [SEVERE ] player 1 placing token on slot 0
[10:28:05.589] [SEVERE ] updating countdown to 40335
[10:28:05.610] [SEVERE ] updating countdown to 40314
[10:28:05.631] [SEVERE ] updating countdown to 40293
[10:28:05.652] [SEVERE ] updating countdown to 40272
[10:28:05.673] [SEVERE ] updating countdown to 40251
[10:28:05.694] [SEVERE ] updating countdown to 40230
[10:28:05.715] [SEVERE ] updating countdown to 40209
[10:28:05.738] [SEVERE ] updating countdown to 40186
[10:28:05.759] [SEVERE ] updating countdown to 40165
[10:28:05.781] [SEVERE ] updating countdown to 40143
[10:28:05.803] [SEVERE ] updating countdown to 40121
[10:28:05.824] [SEVERE ] updating countdown to 40100
[10:28:05.847] [SEVERE ] updating countdown to 40077
[10:28:05.869] [SEVERE ] updating countdown to 40055
[10:28:05.890] [SEVERE ] updating countdown to 40034
[10:28:05.911] [SEVERE ] updating countdown to 40013
[10:28:05.933] [SEVERE ] updating countdown to 39991
[10:28:05.954] [SEVERE ] updating countdown to 39970
[10:28:05.979] [SEVERE ] updating countdown to 39945
[10:28:06.002] [SEVERE ] updating countdown to 39922
[10:28:06.024] [SEVERE ] updating countdown to 39900
[10:28:06.050] [SEVERE ] updating countdown to 39874
[10:28:06.073] [SEVERE ] updating countdown to 39851
[10:28:06.099] [SEVERE ] updating countdown to 39825
[10:28:06.121] [SEVERE ] updating countdown to 39803
[10:28:06.142] [SEVERE ] updating countdown to 39782
[10:28:06.167] [SEVERE ] updating countdown to 39757
[10:28:06.193] [SEVERE ] updating countdown to 39731
[10:28:06.215] [SEVERE ] updating countdown to 39709
[10:28:06.241] [SEVERE ] updating countdown to 39683
[10:28:06.263] [SEVERE ] updating countdown to 39661
[10:28:06.289] [SEVERE ] updating countdown to 39635
[10:28:06.314] [SEVERE ] updating countdown to 39610
[10:28:06.340] [SEVERE ] updating countdown to 39584
[10:28:06.365] [SEVERE ] updating countdown to 39559
[10:28:06.386] [SEVERE ] updating countdown to 39538
[10:28:06.411] [SEVERE ] updating countdown to 39513
[10:28:06.433] [SEVERE ] updating countdown to 39491
[10:28:06.458] [SEVERE ] updating countdown to 39466
[10:28:06.481] [SEVERE ] updating countdown to 39443
[10:28:06.502] [SEVERE ] updating countdown to 39422
[10:28:06.527] [SEVERE ] updating countdown to 39397
[10:28:06.553] [SEVERE ] updating countdown to 39371
[10:28:06.579] [SEVERE ] updating countdown to 39345
[10:28:06.605] [SEVERE ] updating countdown to 39319
[10:28:06.628] [SEVERE ] updating countdown to 39296
[10:28:06.651] [SEVERE ] updating countdown to 39273
[10:28:06.672] [SEVERE ] updating countdown to 39252
[10:28:06.694] [SEVERE ] updating countdown to 39230
[10:28:06.720] [SEVERE ] updating countdown to 39204
[10:28:06.741] [SEVERE ] updating countdown to 39183
[10:28:06.762] [SEVERE ] updating countdown to 39162
[10:28:06.783] [SEVERE ] updating countdown to 39141
[10:28:06.807] [SEVERE ] updating countdown to 39117
[10:28:06.833] [SEVERE ] updating countdown to 39091
[10:28:06.858] [SEVERE ] updating countdown to 39066
[10:28:06.884] [SEVERE ] updating countdown to 39040
[10:28:06.910] [SEVERE ] updating countdown to 39014
[10:28:06.933] [SEVERE ] updating countdown to 38991
[10:28:06.954] [SEVERE ] updating countdown to 38970
[10:28:06.978] [SEVERE ] updating countdown to 38946
[10:28:07.000] [SEVERE ] updating countdown to 38924
[10:28:07.026] [SEVERE ] updating countdown to 38898
[10:28:07.052] [SEVERE ] updating countdown to 38872
[10:28:07.075] [SEVERE ] updating countdown to 38849
[10:28:07.098] [SEVERE ] updating countdown to 38826
[10:28:07.124] [SEVERE ] updating countdown to 38800
[10:28:07.148] [SEVERE ] updating countdown to 38776
[10:28:07.174] [SEVERE ] updating countdown to 38750
[10:28:07.199] [SEVERE ] updating countdown to 38725
[10:28:07.221] [SEVERE ] updating countdown to 38703
[10:28:07.247] [SEVERE ] updating countdown to 38677
[10:28:07.269] [SEVERE ] updating countdown to 38655
[10:28:07.290] [SEVERE ] updating countdown to 38634
[10:28:07.316] [SEVERE ] updating countdown to 38608
[10:28:07.337] [SEVERE ] updating countdown to 38587
[10:28:07.360] [SEVERE ] updating countdown to 38564
[10:28:07.381] [SEVERE ] updating countdown to 38543
[10:28:07.403] [SEVERE ] updating countdown to 38521
[10:28:07.424] [SEVERE ] updating countdown to 38500
[10:28:07.446] [SEVERE ] updating countdown to 38478
[10:28:07.467] [SEVERE ] updating countdown to 38457
[10:28:07.489] [SEVERE ] updating countdown to 38435
[10:28:07.511] [SEVERE ] updating countdown to 38413
[10:28:07.532] [SEVERE ] updating countdown to 38392
[10:28:07.554] [SEVERE ] updating countdown to 38370
[10:28:07.579] [SEVERE ] updating countdown to 38345
[10:28:07.600] [SEVERE ] updating countdown to 38324
[10:28:07.621] [SEVERE ] updating countdown to 38303
[10:28:07.645] [SEVERE ] updating countdown to 38279
[10:28:07.667] [SEVERE ] updating countdown to 38257
[10:28:07.691] [SEVERE ] updating countdown to 38233
[10:28:07.712] [SEVERE ] updating countdown to 38212
[10:28:07.738] [SEVERE ] updating countdown to 38186
[10:28:07.759] [SEVERE ] updating countdown to 38165
[10:28:07.785] [SEVERE ] updating countdown to 38139
[10:28:07.807] [SEVERE ] updating countdown to 38117
[10:28:07.828] [SEVERE ] updating countdown to 38096
[10:28:07.850] [SEVERE ] updating countdown to 38074
[10:28:07.874] [SEVERE ] updating countdown to 38050
[10:28:07.900] [SEVERE ] updating countdown to 38024
[10:28:07.926] [SEVERE ] updating countdown to 37998
[10:28:07.948] [SEVERE ] updating countdown to 37976
[10:28:07.970] [SEVERE ] updating countdown to 37954
[10:28:07.994] [SEVERE ] updating countdown to 37930
[10:28:08.017] [SEVERE ] updating countdown to 37907
[10:28:08.042] [SEVERE ] updating countdown to 37882
[10:28:08.067] [SEVERE ] updating countdown to 37857
[10:28:08.093] [SEVERE ] updating countdown to 37831
[10:28:08.118] [SEVERE ] updating countdown to 37806
[10:28:08.139] [SEVERE ] updating countdown to 37785
[10:28:08.164] [SEVERE ] updating countdown to 37760
[10:28:08.186] [SEVERE ] updating countdown to 37738
[10:28:08.207] [SEVERE ] updating countdown to 37717
[10:28:08.228] [SEVERE ] updating countdown to 37696
[10:28:08.251] [SEVERE ] updating countdown to 37673
[10:28:08.274] [SEVERE ] updating countdown to 37650
[10:28:08.299] [SEVERE ] updating countdown to 37625
[10:28:08.324] [SEVERE ] updating countdown to 37600
[10:28:08.350] [SEVERE ] updating countdown to 37574
[10:28:08.375] [SEVERE ] updating countdown to 37549
[10:28:08.399] [SEVERE ] updating countdown to 37525
[10:28:08.421] [SEVERE ] updating countdown to 37503
[10:28:08.447] [SEVERE ] updating countdown to 37477
[10:28:08.468] [SEVERE ] updating countdown to 37456
[10:28:08.490] [SEVERE ] updating countdown to 37434
[10:28:08.516] [SEVERE ] updating countdown to 37408
[10:28:08.542] [SEVERE ] updating countdown to 37382
[10:28:08.568] [SEVERE ] updating countdown to 37356
[10:28:08.594] [SEVERE ] updating countdown to 37330
[10:28:08.616] [SEVERE ] updating countdown to 37308
[10:28:08.642] [SEVERE ] updating countdown to 37282
[10:28:08.664] [SEVERE ] updating countdown to 37260
[10:28:08.686] [SEVERE ] updating countdown to 37238
[10:28:08.712] [SEVERE ] updating countdown to 37212
[10:28:08.738] [SEVERE ] updating countdown to 37186
[10:28:08.763] [SEVERE ] updating countdown to 37161
[10:28:08.789] [SEVERE ] updating countdown to 37135
[10:28:08.810] [SEVERE ] updating countdown to 37114
[10:28:08.835] [SEVERE ] updating countdown to 37089
[10:28:08.857] [SEVERE ] updating countdown to 37067
[10:28:08.879] [SEVERE ] updating countdown to 37045
[10:28:08.902] [SEVERE ] updating countdown to 37022
[10:28:08.922] [SEVERE ] updating countdown to 37002
[10:28:08.943] [SEVERE ] updating countdown to 36981
[10:28:08.964] [SEVERE ] updating countdown to 36960
[10:28:08.985] [SEVERE ] updating countdown to 36939
[10:28:09.007] [SEVERE ] updating countdown to 36917
[10:28:09.028] [SEVERE ] updating countdown to 36896
[10:28:09.050] [SEVERE ] updating countdown to 36874
[10:28:09.072] [SEVERE ] updating countdown to 36852
[10:28:09.093] [SEVERE ] updating countdown to 36831
[10:28:09.115] [SEVERE ] updating countdown to 36809
[10:28:09.136] [SEVERE ] updating countdown to 36788
[10:28:09.157] [SEVERE ] updating countdown to 36767
[10:28:09.179] [SEVERE ] updating countdown to 36745
[10:28:09.200] [SEVERE ] updating countdown to 36724
[10:28:09.221] [SEVERE ] updating countdown to 36703
[10:28:09.243] [SEVERE ] updating countdown to 36681
[10:28:09.265] [SEVERE ] updating countdown to 36659
[10:28:09.287] [SEVERE ] updating countdown to 36637
[10:28:09.308] [SEVERE ] updating countdown to 36616
[10:28:09.329] [SEVERE ] updating countdown to 36595
[10:28:09.350] [SEVERE ] updating countdown to 36574
[10:28:09.376] [SEVERE ] updating countdown to 36548
[10:28:09.398] [SEVERE ] updating countdown to 36526
[10:28:09.419] [SEVERE ] updating countdown to 36505
[10:28:09.440] [SEVERE ] updating countdown to 36484
[10:28:09.461] [SEVERE ] updating countdown to 36463
[10:28:09.482] [SEVERE ] updating countdown to 36442
[10:28:09.503] [SEVERE ] updating countdown to 36421
[10:28:09.524] [SEVERE ] updating countdown to 36400
[10:28:09.545] [SEVERE ] updating countdown to 36379
[10:28:09.566] [SEVERE ] updating countdown to 36358
[10:28:09.587] [SEVERE ] updating countdown to 36337
[10:28:09.608] [SEVERE ] updating countdown to 36316
[10:28:09.630] [SEVERE ] updating countdown to 36294
[10:28:09.651] [SEVERE ] updating countdown to 36273
[10:28:09.672] [SEVERE ] updating countdown to 36252
[10:28:09.693] [SEVERE ] updating countdown to 36231
[10:28:09.714] [SEVERE ] updating countdown to 36210
[10:28:09.735] [SEVERE ] updating countdown to 36189
[10:28:09.756] [SEVERE ] updating countdown to 36168
[10:28:09.777] [SEVERE ] updating countdown to 36147
[10:28:09.798] [SEVERE ] updating countdown to 36126
[10:28:09.819] [SEVERE ] updating countdown to 36105
[10:28:09.840] [SEVERE ] updating countdown to 36084
[10:28:09.861] [SEVERE ] updating countdown to 36063
[10:28:09.882] [SEVERE ] updating countdown to 36042
[10:28:09.903] [SEVERE ] updating countdown to 36021
[10:28:09.924] [SEVERE ] updating countdown to 36000
[10:28:09.944] [SEVERE ] updating countdown to 35980
[10:28:09.965] [SEVERE ] updating countdown to 35959
[10:28:09.986] [SEVERE ] updating countdown to 35938
[10:28:10.012] [SEVERE ] updating countdown to 35912
[10:28:10.038] [SEVERE ] updating countdown to 35886
[10:28:10.060] [SEVERE ] updating countdown to 35864
[10:28:10.080] [SEVERE ] updating countdown to 35844
[10:28:10.102] [SEVERE ] updating countdown to 35822
[10:28:10.123] [SEVERE ] updating countdown to 35801
[10:28:10.144] [SEVERE ] updating countdown to 35780
[10:28:10.165] [SEVERE ] updating countdown to 35759
[10:28:10.187] [SEVERE ] updating countdown to 35737
[10:28:10.208] [SEVERE ] updating countdown to 35716
[10:28:10.229] [SEVERE ] updating countdown to 35695
[10:28:10.250] [SEVERE ] updating countdown to 35674
[10:28:10.271] [SEVERE ] updating countdown to 35653
[10:28:10.292] [SEVERE ] updating countdown to 35632
[10:28:10.313] [SEVERE ] updating countdown to 35611
[10:28:10.334] [SEVERE ] updating countdown to 35590
[10:28:10.355] [SEVERE ] updating countdown to 35569
[10:28:10.377] [SEVERE ] updating countdown to 35547
[10:28:10.398] [SEVERE ] updating countdown to 35526
[10:28:10.419] [SEVERE ] updating countdown to 35505
[10:28:10.440] [SEVERE ] updating countdown to 35484
[10:28:10.461] [SEVERE ] updating countdown to 35463
[10:28:10.482] [SEVERE ] updating countdown to 35442
[10:28:10.503] [SEVERE ] updating countdown to 35421
[10:28:10.525] [SEVERE ] updating countdown to 35399
[10:28:10.546] [SEVERE ] updating countdown to 35378
[10:28:10.567] [SEVERE ] updating countdown to 35357
[10:28:10.589] [SEVERE ] updating countdown to 35335
[10:28:10.611] [SEVERE ] updating countdown to 35313
[10:28:10.631] [SEVERE ] updating countdown to 35293
[10:28:10.653] [SEVERE ] updating countdown to 35271
[10:28:10.674] [SEVERE ] updating countdown to 35250
[10:28:10.700] [SEVERE ] updating countdown to 35224
[10:28:10.723] [SEVERE ] updating countdown to 35201
[10:28:10.744] [SEVERE ] updating countdown to 35180
[10:28:10.766] [SEVERE ] updating countdown to 35158
[10:28:10.786] [SEVERE ] updating countdown to 35138
[10:28:10.807] [SEVERE ] updating countdown to 35117
[10:28:10.828] [SEVERE ] updating countdown to 35096
[10:28:10.849] [SEVERE ] updating countdown to 35075
[10:28:10.871] [SEVERE ] updating countdown to 35053
[10:28:10.892] [SEVERE ] updating countdown to 35032
[10:28:10.913] [SEVERE ] updating countdown to 35011
[10:28:10.934] [SEVERE ] updating countdown to 34990
[10:28:10.956] [SEVERE ] updating countdown to 34968
[10:28:10.977] [SEVERE ] updating countdown to 34947
[10:28:10.997] [SEVERE ] updating countdown to 34927
[10:28:11.019] [SEVERE ] updating countdown to 34905
[10:28:11.040] [SEVERE ] updating countdown to 34884
[10:28:11.062] [SEVERE ] updating countdown to 34863
[10:28:11.083] [SEVERE ] updating countdown to 34841
[10:28:11.105] [SEVERE ] updating countdown to 34819
[10:28:11.125] [SEVERE ] updating countdown to 34799
[10:28:11.146] [SEVERE ] updating countdown to 34778
[10:28:11.167] [SEVERE ] updating countdown to 34757
[10:28:11.189] [SEVERE ] updating countdown to 34735
[10:28:11.210] [SEVERE ] updating countdown to 34714
[10:28:11.232] [SEVERE ] updating countdown to 34692
[10:28:11.253] [SEVERE ] updating countdown to 34671
[10:28:11.275] [SEVERE ] updating countdown to 34649
[10:28:11.296] [SEVERE ] updating countdown to 34628
[10:28:11.317] [SEVERE ] updating countdown to 34607
[10:28:11.338] [SEVERE ] updating countdown to 34586
[10:28:11.359] [SEVERE ] updating countdown to 34565
[10:28:11.380] [SEVERE ] updating countdown to 34544
[10:28:11.401] [SEVERE ] updating countdown to 34523
[10:28:11.424] [SEVERE ] updating countdown to 34500
[10:28:11.450] [SEVERE ] updating countdown to 34474
[10:28:11.472] [SEVERE ] updating countdown to 34452
[10:28:11.493] [SEVERE ] updating countdown to 34431
[10:28:11.514] [SEVERE ] updating countdown to 34410
[10:28:11.535] [SEVERE ] updating countdown to 34389
[10:28:11.556] [SEVERE ] updating countdown to 34368
[10:28:11.577] [SEVERE ] updating countdown to 34347
[10:28:11.598] [SEVERE ] updating countdown to 34326
[10:28:11.619] [SEVERE ] updating countdown to 34305
[10:28:11.640] [SEVERE ] updating countdown to 34284
[10:28:11.661] [SEVERE ] updating countdown to 34263
[10:28:11.681] [SEVERE ] updating countdown to 34243
[10:28:11.702] [SEVERE ] updating countdown to 34222
[10:28:11.723] [SEVERE ] updating countdown to 34201
[10:28:11.744] [SEVERE ] updating countdown to 34180
[10:28:11.765] [SEVERE ] updating countdown to 34159
[10:28:11.787] [SEVERE ] updating countdown to 34137
[10:28:11.808] [SEVERE ] updating countdown to 34116
[10:28:11.829] [SEVERE ] updating countdown to 34095
[10:28:11.850] [SEVERE ] updating countdown to 34074
[10:28:11.871] [SEVERE ] updating countdown to 34053
[10:28:11.892] [SEVERE ] updating countdown to 34032
[10:28:11.913] [SEVERE ] updating countdown to 34011
[10:28:11.934] [SEVERE ] updating countdown to 33990
[10:28:11.955] [SEVERE ] updating countdown to 33969
[10:28:11.976] [SEVERE ] updating countdown to 33948
[10:28:11.997] [SEVERE ] updating countdown to 33927
[10:28:12.018] [SEVERE ] updating countdown to 33906
[10:28:12.039] [SEVERE ] updating countdown to 33885
[10:28:12.060] [SEVERE ] updating countdown to 33864
[10:28:12.086] [SEVERE ] updating countdown to 33838
[10:28:12.109] [SEVERE ] updating countdown to 33815
[10:28:12.134] [SEVERE ] updating countdown to 33790
[10:28:12.157] [SEVERE ] updating countdown to 33767
[10:28:12.178] [SEVERE ] updating countdown to 33746
[10:28:12.202] [SEVERE ] updating countdown to 33722
[10:28:12.229] [SEVERE ] updating countdown to 33695
[10:28:12.250] [SEVERE ] updating countdown to 33674
[10:28:12.276] [SEVERE ] updating countdown to 33648
[10:28:12.298] [SEVERE ] updating countdown to 33626
[10:28:12.324] [SEVERE ] updating countdown to 33600
[10:28:12.349] [SEVERE ] updating countdown to 33575
[10:28:12.370] [SEVERE ] updating countdown to 33554
[10:28:12.391] [SEVERE ] updating countdown to 33533
[10:28:12.412] [SEVERE ] updating countdown to 33512
[10:28:12.434] [SEVERE ] updating countdown to 33490
[10:28:12.455] [SEVERE ] updating countdown to 33469
[10:28:12.477] [SEVERE ] updating countdown to 33447
[10:28:12.498] [SEVERE ] updating countdown to 33426
[10:28:12.519] [SEVERE ] updating countdown to 33405
[10:28:12.541] [SEVERE ] updating countdown to 33383
[10:28:12.561] [SEVERE ] updating countdown to 33363
[10:28:12.582] [SEVERE ] updating countdown to 33342
[10:28:12.603] [SEVERE ] updating countdown to 33321
[10:28:12.624] [SEVERE ] updating countdown to 33300
[10:28:12.645] [SEVERE ] updating countdown to 33279
[10:28:12.666] [SEVERE ] updating countdown to 33258
[10:28:12.687] [SEVERE ] updating countdown to 33237
[10:28:12.708] [SEVERE ] updating countdown to 33216
[10:28:12.729] [SEVERE ] updating countdown to 33195
[10:28:12.750] [SEVERE ] updating countdown to 33174
[10:28:12.771] [SEVERE ] updating countdown to 33153
[10:28:12.792] [SEVERE ] updating countdown to 33132
[10:28:12.813] [SEVERE ] updating countdown to 33111
[10:28:12.834] [SEVERE ] updating countdown to 33090
[10:28:12.855] [SEVERE ] updating countdown to 33069
[10:28:12.876] [SEVERE ] updating countdown to 33048
[10:28:12.897] [SEVERE ] updating countdown to 33027
[10:28:12.918] [SEVERE ] updating countdown to 33006
[10:28:12.939] [SEVERE ] updating countdown to 32985
[10:28:12.960] [SEVERE ] updating countdown to 32964
[10:28:12.981] [SEVERE ] updating countdown to 32943
[10:28:13.002] [SEVERE ] updating countdown to 32922
[10:28:13.023] [SEVERE ] updating countdown to 32901
[10:28:13.044] [SEVERE ] updating countdown to 32880
[10:28:13.066] [SEVERE ] updating countdown to 32858
[10:28:13.087] [SEVERE ] updating countdown to 32837
[10:28:13.112] [SEVERE ] updating countdown to 32812
[10:28:13.136] [SEVERE ] updating countdown to 32788
[10:28:13.157] [SEVERE ] updating countdown to 32767
[10:28:13.182] [SEVERE ] updating countdown to 32742
[10:28:13.203] [SEVERE ] updating countdown to 32721
[10:28:13.229] [SEVERE ] updating countdown to 32695
[10:28:13.255] [SEVERE ] updating countdown to 32669
[10:28:13.276] [SEVERE ] updating countdown to 32648
[10:28:13.299] [SEVERE ] updating countdown to 32625
[10:28:13.324] [SEVERE ] updating countdown to 32600
[10:28:13.350] [SEVERE ] updating countdown to 32574
[10:28:13.373] [SEVERE ] updating countdown to 32551
[10:28:13.398] [SEVERE ] updating countdown to 32526
[10:28:13.420] [SEVERE ] updating countdown to 32505
[10:28:13.444] [SEVERE ] updating countdown to 32480
[10:28:13.466] [SEVERE ] updating countdown to 32458
[10:28:13.491] [SEVERE ] updating countdown to 32433
[10:28:13.517] [SEVERE ] updating countdown to 32407
[10:28:13.543] [SEVERE ] updating countdown to 32381
[10:28:13.564] [SEVERE ] updating countdown to 32360
[10:28:13.589] [SEVERE ] updating countdown to 32335
[10:28:13.615] [SEVERE ] updating countdown to 32309
[10:28:13.641] [SEVERE ] updating countdown to 32283
[10:28:13.664] [SEVERE ] updating countdown to 32260
[10:28:13.690] [SEVERE ] updating countdown to 32234
[10:28:13.714] [SEVERE ] updating countdown to 32210
[10:28:13.736] [SEVERE ] updating countdown to 32188
[10:28:13.760] [SEVERE ] updating countdown to 32164
[10:28:13.782] [SEVERE ] updating countdown to 32142
[10:28:13.806] [SEVERE ] updating countdown to 32118
[10:28:13.832] [SEVERE ] updating countdown to 32092
[10:28:13.853] [SEVERE ] updating countdown to 32071
[10:28:13.875] [SEVERE ] updating countdown to 32049
[10:28:13.899] [SEVERE ] updating countdown to 32025
[10:28:13.922] [SEVERE ] updating countdown to 32002
[10:28:13.944] [SEVERE ] updating countdown to 31980
[10:28:13.966] [SEVERE ] updating countdown to 31958
[10:28:13.987] [SEVERE ] updating countdown to 31937
[10:28:14.009] [SEVERE ] updating countdown to 31915
[10:28:14.031] [SEVERE ] updating countdown to 31893
[10:28:14.057] [SEVERE ] updating countdown to 31867
[10:28:14.080] [SEVERE ] updating countdown to 31844
[10:28:14.101] [SEVERE ] updating countdown to 31823
[10:28:14.122] [SEVERE ] updating countdown to 31802
[10:28:14.143] [SEVERE ] updating countdown to 31781
[10:28:14.164] [SEVERE ] updating countdown to 31760
[10:28:14.185] [SEVERE ] updating countdown to 31739
[10:28:14.206] [SEVERE ] updating countdown to 31718
[10:28:14.231] [SEVERE ] updating countdown to 31693
[10:28:14.254] [SEVERE ] updating countdown to 31670
[10:28:14.277] [SEVERE ] updating countdown to 31647
[10:28:14.299] [SEVERE ] updating countdown to 31625
[10:28:14.323] [SEVERE ] updating countdown to 31601
[10:28:14.345] [SEVERE ] updating countdown to 31579
[10:28:14.366] [SEVERE ] updating countdown to 31558
[10:28:14.387] [SEVERE ] updating countdown to 31537
[10:28:14.409] [SEVERE ] updating countdown to 31515
[10:28:14.430] [SEVERE ] updating countdown to 31494
[10:28:14.453] [SEVERE ] updating countdown to 31471
[10:28:14.478] [SEVERE ] updating countdown to 31446
[10:28:14.500] [SEVERE ] updating countdown to 31424
[10:28:14.522] [SEVERE ] updating countdown to 31402
[10:28:14.543] [SEVERE ] updating countdown to 31381
[10:28:14.564] [SEVERE ] updating countdown to 31360
[10:28:14.587] [SEVERE ] updating countdown to 31337
[10:28:14.610] [SEVERE ] updating countdown to 31314
[10:28:14.632] [SEVERE ] updating countdown to 31292
[10:28:14.654] [SEVERE ] updating countdown to 31270
[10:28:14.676] [SEVERE ] updating countdown to 31248
[10:28:14.698] [SEVERE ] updating countdown to 31226
[10:28:14.720] [SEVERE ] updating countdown to 31204
[10:28:14.742] [SEVERE ] updating countdown to 31182
[10:28:14.764] [SEVERE ] updating countdown to 31160
[10:28:14.785] [SEVERE ] updating countdown to 31139
[10:28:14.806] [SEVERE ] updating countdown to 31118
[10:28:14.829] [SEVERE ] updating countdown to 31095
[10:28:14.850] [SEVERE ] updating countdown to 31074
[10:28:14.872] [SEVERE ] updating countdown to 31052
[10:28:14.893] [SEVERE ] updating countdown to 31031
[10:28:14.914] [SEVERE ] updating countdown to 31010
[10:28:14.935] [SEVERE ] updating countdown to 30989
[10:28:14.957] [SEVERE ] updating countdown to 30967
[10:28:14.979] [SEVERE ] updating countdown to 30945
[10:28:15.000] [SEVERE ] updating countdown to 30924
[10:28:15.022] [SEVERE ] updating countdown to 30902
[10:28:15.043] [SEVERE ] updating countdown to 30881
[10:28:15.064] [SEVERE ] updating countdown to 30860
[10:28:15.085] [SEVERE ] updating countdown to 30839
[10:28:15.107] [SEVERE ] updating countdown to 30817
[10:28:15.129] [SEVERE ] updating countdown to 30795
[10:28:15.150] [SEVERE ] updating countdown to 30774
[10:28:15.171] [SEVERE ] updating countdown to 30753
[10:28:15.192] [SEVERE ] updating countdown to 30732
[10:28:15.214] [SEVERE ] updating countdown to 30710
[10:28:15.235] [SEVERE ] updating countdown to 30689
[10:28:15.256] [SEVERE ] updating countdown to 30668
[10:28:15.277] [SEVERE ] updating countdown to 30647
[10:28:15.298] [SEVERE ] updating countdown to 30626
[10:28:15.321] [SEVERE ] updating countdown to 30603
[10:28:15.342] [SEVERE ] updating countdown to 30582
[10:28:15.363] [SEVERE ] updating countdown to 30561
[10:28:15.384] [SEVERE ] updating countdown to 30540
[10:28:15.406] [SEVERE ] updating countdown to 30518
[10:28:15.429] [SEVERE ] updating countdown to 30495
[10:28:15.450] [SEVERE ] updating countdown to 30474
[10:28:15.471] [SEVERE ] updating countdown to 30453
[10:28:15.493] [SEVERE ] updating countdown to 30431
[10:28:15.513] [SEVERE ] updating countdown to 30411
[10:28:15.535] [SEVERE ] updating countdown to 30389
[10:28:15.558] [SEVERE ] updating countdown to 30366
[10:28:15.579] [SEVERE ] updating countdown to 30345
[10:28:15.601] [SEVERE ] updating countdown to 30323
[10:28:15.622] [SEVERE ] updating countdown to 30302
[10:28:15.643] [SEVERE ] updating countdown to 30281
[10:28:15.664] [SEVERE ] updating countdown to 30260
[10:28:15.686] [SEVERE ] updating countdown to 30238
[10:28:15.707] [SEVERE ] updating countdown to 30217
[10:28:15.728] [SEVERE ] updating countdown to 30196
[10:28:15.749] [SEVERE ] updating countdown to 30175
[10:28:15.770] [SEVERE ] updating countdown to 30154
[10:28:15.792] [SEVERE ] updating countdown to 30132
[10:28:15.813] [SEVERE ] updating countdown to 30111
[10:28:15.835] [SEVERE ] updating countdown to 30089
[10:28:15.856] [SEVERE ] updating countdown to 30068
[10:28:15.878] [SEVERE ] updating countdown to 30046
[10:28:15.901] [SEVERE ] updating countdown to 30023
[10:28:15.923] [SEVERE ] updating countdown to 30001
[10:28:15.949] [SEVERE ] updating countdown to 29975
[10:28:15.970] [SEVERE ] updating countdown to 29954
[10:28:15.993] [SEVERE ] updating countdown to 29931
[10:28:16.016] [SEVERE ] updating countdown to 29908
[10:28:16.037] [SEVERE ] updating countdown to 29887
[10:28:16.060] [SEVERE ] updating countdown to 29864
[10:28:16.081] [SEVERE ] updating countdown to 29843
[10:28:16.104] [SEVERE ] updating countdown to 29820
[10:28:16.124] [SEVERE ] updating countdown to 29800
[10:28:16.145] [SEVERE ] updating countdown to 29779
[10:28:16.166] [SEVERE ] updating countdown to 29758
[10:28:16.187] [SEVERE ] updating countdown to 29737
[10:28:16.208] [SEVERE ] updating countdown to 29716
[10:28:16.229] [SEVERE ] updating countdown to 29695
[10:28:16.250] [SEVERE ] updating countdown to 29674
[10:28:16.272] [SEVERE ] updating countdown to 29652
[10:28:16.294] [SEVERE ] updating countdown to 29630
[10:28:16.316] [SEVERE ] updating countdown to 29608
[10:28:16.338] [SEVERE ] updating countdown to 29586
[10:28:16.359] [SEVERE ] updating countdown to 29565
[10:28:16.380] [SEVERE ] updating countdown to 29544
[10:28:16.401] [SEVERE ] updating countdown to 29523
[10:28:16.422] [SEVERE ] updating countdown to 29502
[10:28:16.443] [SEVERE ] updating countdown to 29481
[10:28:16.465] [SEVERE ] updating countdown to 29459
[10:28:16.485] [SEVERE ] updating countdown to 29439
[10:28:16.506] [SEVERE ] updating countdown to 29418
[10:28:16.527] [SEVERE ] updating countdown to 29397
[10:28:16.549] [SEVERE ] updating countdown to 29375
[10:28:16.569] [SEVERE ] updating countdown to 29355
[10:28:16.591] [SEVERE ] updating countdown to 29333
[10:28:16.612] [SEVERE ] updating countdown to 29312
[10:28:16.633] [SEVERE ] updating countdown to 29291
[10:28:16.655] [SEVERE ] updating countdown to 29269
[10:28:16.676] [SEVERE ] updating countdown to 29248
[10:28:16.698] [SEVERE ] updating countdown to 29226
[10:28:16.719] [SEVERE ] updating countdown to 29205
[10:28:16.740] [SEVERE ] updating countdown to 29184
[10:28:16.763] [SEVERE ] updating countdown to 29161
[10:28:16.784] [SEVERE ] updating countdown to 29140
[10:28:16.809] [SEVERE ] updating countdown to 29115
[10:28:16.830] [SEVERE ] updating countdown to 29094
[10:28:16.851] [SEVERE ] updating countdown to 29073
[10:28:16.872] [SEVERE ] updating countdown to 29052
[10:28:16.894] [SEVERE ] updating countdown to 29030
[10:28:16.918] [SEVERE ] updating countdown to 29006
[10:28:16.939] [SEVERE ] updating countdown to 28985
[10:28:16.963] [SEVERE ] updating countdown to 28961
[10:28:16.984] [SEVERE ] updating countdown to 28940
[10:28:17.005] [SEVERE ] updating countdown to 28919
[10:28:17.030] [SEVERE ] updating countdown to 28894
[10:28:17.051] [SEVERE ] updating countdown to 28873
[10:28:17.073] [SEVERE ] updating countdown to 28851
[10:28:17.096] [SEVERE ] updating countdown to 28828
[10:28:17.117] [SEVERE ] updating countdown to 28807
[10:28:17.141] [SEVERE ] updating countdown to 28783
[10:28:17.162] [SEVERE ] updating countdown to 28762
[10:28:17.185] [SEVERE ] updating countdown to 28739
[10:28:17.206] [SEVERE ] updating countdown to 28718
[10:28:17.228] [SEVERE ] updating countdown to 28696
[10:28:17.249] [SEVERE ] updating countdown to 28675
[10:28:17.271] [SEVERE ] updating countdown to 28653
[10:28:17.293] [SEVERE ] updating countdown to 28631
[10:28:17.314] [SEVERE ] updating countdown to 28610
[10:28:17.338] [SEVERE ] updating countdown to 28586
[10:28:17.360] [SEVERE ] updating countdown to 28564
[10:28:17.380] [SEVERE ] updating countdown to 28544
[10:28:17.402] [SEVERE ] updating countdown to 28522
[10:28:17.426] [SEVERE ] updating countdown to 28498
[10:28:17.447] [SEVERE ] updating countdown to 28477
[10:28:17.468] [SEVERE ] updating countdown to 28456
[10:28:17.489] [SEVERE ] updating countdown to 28435
[10:28:17.510] [SEVERE ] updating countdown to 28414
[10:28:17.533] [SEVERE ] updating countdown to 28391
[10:28:17.559] [SEVERE ] updating countdown to 28365
[10:28:17.585] [SEVERE ] updating countdown to 28339
[10:28:17.609] [SEVERE ] updating countdown to 28315
[10:28:17.635] [SEVERE ] updating countdown to 28289
[10:28:17.656] [SEVERE ] updating countdown to 28268
[10:28:17.678] [SEVERE ] updating countdown to 28246
[10:28:17.704] [SEVERE ] updating countdown to 28220
[10:28:17.725] [SEVERE ] updating countdown to 28199
[10:28:17.747] [SEVERE ] updating countdown to 28177
[10:28:17.773] [SEVERE ] updating countdown to 28151
[10:28:17.796] [SEVERE ] updating countdown to 28128
[10:28:17.818] [SEVERE ] updating countdown to 28106
[10:28:17.843] [SEVERE ] updating countdown to 28081
[10:28:17.865] [SEVERE ] updating countdown to 28059
[10:28:17.887] [SEVERE ] updating countdown to 28037
[10:28:17.908] [SEVERE ] updating countdown to 28016
[10:28:17.930] [SEVERE ] updating countdown to 27994
[10:28:17.952] [SEVERE ] updating countdown to 27972
[10:28:17.978] [SEVERE ] updating countdown to 27946
[10:28:17.999] [SEVERE ] updating countdown to 27925
[10:28:18.023] [SEVERE ] updating countdown to 27901
[10:28:18.045] [SEVERE ] updating countdown to 27879
[10:28:18.066] [SEVERE ] updating countdown to 27858
[10:28:18.088] [SEVERE ] updating countdown to 27836
[10:28:18.102] [SEVERE ] exit button pressed
[10:28:18.102] [SEVERE ] disposing of user interface elements
[10:28:18.102] [INFO   ] thread playerID: 0 terminated.
[10:28:18.102] [INFO   ] thread playerID: 1 terminated.
[10:28:18.110] [SEVERE ] updating countdown to 27814
[10:28:18.110] [SEVERE ] updating countdown to 27814
[10:28:18.213] [SEVERE ] removing card from slot 0
[10:28:18.213] [SEVERE ] removing all tokens
[10:28:18.320] [SEVERE ] removing card from slot 1
[10:28:18.321] [SEVERE ] removing all tokens
[10:28:18.426] [SEVERE ] removing card from slot 2
[10:28:18.432] [SEVERE ] removing all tokens
[10:28:18.540] [SEVERE ] removing card from slot 3
[10:28:18.541] [SEVERE ] removing all tokens
[10:28:18.647] [SEVERE ] removing card from slot 4
[10:28:18.648] [SEVERE ] removing all tokens
[10:28:18.751] [SEVERE ] removing card from slot 5
[10:28:18.752] [SEVERE ] removing all tokens
[10:28:18.859] [SEVERE ] removing card from slot 6
[10:28:18.862] [SEVERE ] removing all tokens
[10:28:18.964] [SEVERE ] removing card from slot 7
[10:28:18.965] [SEVERE ] removing all tokens
[10:28:19.070] [SEVERE ] removing card from slot 8
[10:28:19.070] [SEVERE ] removing all tokens
[10:28:19.171] [SEVERE ] removing card from slot 9
[10:28:19.171] [SEVERE ] removing all tokens
[10:28:19.273] [SEVERE ] removing card from slot 10
[10:28:19.273] [SEVERE ] removing all tokens
[10:28:19.374] [SEVERE ] removing card from slot 11
[10:28:19.374] [SEVERE ] removing all tokens
[10:28:19.374] [SEVERE ] removing player 1 token from slot 0
[10:28:19.375] [SEVERE ] removing player 1 token from slot 4
[10:28:19.375] [SEVERE ] removing player 1 token from slot 9
[10:28:19.375] [SEVERE ] removing player 2 token from slot 4
[10:28:19.375] [SEVERE ] player 1 placing token on slot 0
[10:28:19.375] [SEVERE ] player 2 placing token on slot 1
[10:28:19.375] [INFO   ] thread dealer terminated.
[10:28:19.375] [INFO   ] thread dealer terminated.
[10:28:19.376] [SEVERE ] thanks for playing... it was fun!
[10:28:19.376] [INFO   ] thread main terminated.
