[17:07:21.293] [INFO   ] thread main starting.
[17:07:21.298] [SEVERE ] cannot read configuration file config.properties trying from resources.
[17:07:21.300] [SEVERE ] configuration file was loaded from resources directory.
[17:07:21.647] [INFO   ] thread dealer starting.
[17:07:21.648] [INFO   ] thread playerID: 0 starting.
[17:07:21.648] [INFO   ] thread playerID: 1 starting.
[17:07:21.648] [INFO   ] thread dealer starting.
[17:07:21.651] [SEVERE ] updating countdown to 60000
[17:07:21.753] [SEVERE ] placing card 2 in slot 1
[17:07:21.855] [SEVERE ] placing card 10 in slot 11
[17:07:21.956] [SEVERE ] placing card 62 in slot 5
[17:07:22.057] [SEVERE ] placing card 20 in slot 4
[17:07:22.159] [SEVERE ] placing card 13 in slot 8
[17:07:22.261] [SEVERE ] placing card 43 in slot 0
[17:07:22.366] [SEVERE ] placing card 15 in slot 7
[17:07:22.471] [SEVERE ] placing card 49 in slot 9
[17:07:22.577] [SEVERE ] placing card 5 in slot 10
[17:07:22.683] [SEVERE ] placing card 25 in slot 2
[17:07:22.785] [SEVERE ] placing card 0 in slot 3
[17:07:22.888] [SEVERE ] placing card 33 in slot 6
[17:07:23.891] [SEVERE ] updating countdown to 57760
[17:07:24.894] [SEVERE ] updating countdown to 56757
[17:07:25.898] [SEVERE ] updating countdown to 55753
[17:07:26.901] [SEVERE ] updating countdown to 54750
[17:07:27.904] [SEVERE ] updating countdown to 53747
[17:07:28.908] [SEVERE ] updating countdown to 52743
[17:07:29.910] [SEVERE ] updating countdown to 51741
[17:07:30.912] [SEVERE ] updating countdown to 50739
[17:07:31.914] [SEVERE ] updating countdown to 49737
[17:07:32.917] [SEVERE ] updating countdown to 48734
[17:07:32.980] [SEVERE ] exit button pressed
[17:07:32.981] [SEVERE ] disposing of user interface elements
[17:07:32.981] [INFO   ] thread playerID: 0 terminated.
[17:07:32.981] [INFO   ] thread playerID: 1 terminated.
[17:07:33.924] [SEVERE ] updating countdown to 47727
[17:07:33.926] [SEVERE ] updating countdown to 47725
[17:07:34.039] [SEVERE ] removing card from slot 0
[17:07:34.042] [SEVERE ] removing tokens from slot 0
[17:07:34.147] [SEVERE ] removing card from slot 1
[17:07:34.148] [SEVERE ] removing tokens from slot 1
[17:07:34.253] [SEVERE ] removing card from slot 2
[17:07:34.255] [SEVERE ] removing tokens from slot 2
[17:07:34.359] [SEVERE ] removing card from slot 3
[17:07:34.360] [SEVERE ] removing tokens from slot 3
[17:07:34.462] [SEVERE ] removing card from slot 4
[17:07:34.463] [SEVERE ] removing tokens from slot 4
[17:07:34.565] [SEVERE ] removing card from slot 5
[17:07:34.567] [SEVERE ] removing tokens from slot 5
[17:07:34.671] [SEVERE ] removing card from slot 6
[17:07:34.673] [SEVERE ] removing tokens from slot 6
[17:07:34.779] [SEVERE ] removing card from slot 7
[17:07:34.781] [SEVERE ] removing tokens from slot 7
[17:07:34.885] [SEVERE ] removing card from slot 8
[17:07:34.887] [SEVERE ] removing tokens from slot 8
[17:07:34.988] [SEVERE ] removing card from slot 9
[17:07:34.989] [SEVERE ] removing tokens from slot 9
[17:07:35.092] [SEVERE ] removing card from slot 10
[17:07:35.093] [SEVERE ] removing tokens from slot 10
[17:07:35.195] [SEVERE ] removing card from slot 11
[17:07:35.199] [SEVERE ] removing tokens from slot 11
[17:07:35.200] [SEVERE ] player 1 placing token on slot 0
[17:07:35.202] [SEVERE ] player 2 placing token on slot 1
[17:07:35.204] [INFO   ] thread dealer terminated.
[17:07:35.215] [INFO   ] thread dealer terminated.
[17:07:35.216] [SEVERE ] thanks for playing... it was fun!
[17:07:35.217] [INFO   ] thread main terminated.
