[17:05:19.023] [INFO   ] thread main starting.
[17:05:19.029] [SEVERE ] cannot read configuration file config.properties trying from resources.
[17:05:19.030] [SEVERE ] configuration file was loaded from resources directory.
[17:05:19.371] [INFO   ] thread dealer starting.
[17:05:19.372] [INFO   ] thread dealer starting.
[17:05:19.372] [INFO   ] thread playerID: 1 starting.
[17:05:19.372] [INFO   ] thread playerID: 0 starting.
[17:05:19.375] [SEVERE ] updating countdown to 60000
[17:05:19.476] [SEVERE ] placing card 6 in slot 7
[17:05:19.581] [SEVERE ] placing card 33 in slot 0
[17:05:19.682] [SEVERE ] placing card 17 in slot 5
[17:05:19.788] [SEVERE ] placing card 70 in slot 6
[17:05:19.894] [SEVERE ] placing card 28 in slot 3
[17:05:20.000] [SEVERE ] placing card 0 in slot 8
[17:05:20.106] [SEVERE ] placing card 31 in slot 4
[17:05:20.209] [SEVERE ] placing card 59 in slot 1
[17:05:20.313] [SEVERE ] placing card 14 in slot 2
[17:05:20.419] [SEVERE ] placing card 18 in slot 10
[17:05:20.525] [SEVERE ] placing card 37 in slot 11
[17:05:20.628] [SEVERE ] placing card 56 in slot 9
[17:05:21.634] [SEVERE ] updating countdown to 57740
[17:05:22.640] [SEVERE ] updating countdown to 56734
[17:05:23.642] [SEVERE ] updating countdown to 55732
[17:05:24.645] [SEVERE ] updating countdown to 54729
[17:05:25.648] [SEVERE ] updating countdown to 53726
[17:05:26.311] [SEVERE ] exit button pressed
[17:05:26.312] [SEVERE ] disposing of user interface elements
[17:05:26.313] [INFO   ] thread playerID: 1 terminated.
[17:05:26.313] [INFO   ] thread playerID: 0 terminated.
[17:05:26.655] [SEVERE ] updating countdown to 52719
[17:05:26.657] [SEVERE ] updating countdown to 52717
[17:05:26.759] [SEVERE ] removing card from slot 0
[17:05:26.760] [SEVERE ] removing tokens from slot 0
[17:05:26.862] [SEVERE ] removing card from slot 1
[17:05:26.868] [SEVERE ] removing tokens from slot 1
[17:05:26.974] [SEVERE ] removing card from slot 2
[17:05:26.975] [SEVERE ] removing tokens from slot 2
[17:05:27.088] [SEVERE ] removing card from slot 3
[17:05:27.090] [SEVERE ] removing tokens from slot 3
[17:05:27.191] [SEVERE ] removing card from slot 4
[17:05:27.193] [SEVERE ] removing tokens from slot 4
[17:05:27.294] [SEVERE ] removing card from slot 5
[17:05:27.296] [SEVERE ] removing tokens from slot 5
[17:05:27.401] [SEVERE ] removing card from slot 6
[17:05:27.408] [SEVERE ] removing tokens from slot 6
[17:05:27.513] [SEVERE ] removing card from slot 7
[17:05:27.524] [SEVERE ] removing tokens from slot 7
[17:05:27.627] [SEVERE ] removing card from slot 8
[17:05:27.629] [SEVERE ] removing tokens from slot 8
[17:05:27.738] [SEVERE ] removing card from slot 9
[17:05:27.740] [SEVERE ] removing tokens from slot 9
[17:05:27.850] [SEVERE ] removing card from slot 10
[17:05:27.858] [SEVERE ] removing tokens from slot 10
[17:05:27.969] [SEVERE ] removing card from slot 11
[17:05:27.976] [SEVERE ] removing tokens from slot 11
[17:05:27.978] [SEVERE ] player 1 placing token on slot 0
[17:05:27.988] [SEVERE ] player 2 placing token on slot 1
[17:05:27.989] [INFO   ] thread dealer terminated.
[17:05:27.991] [INFO   ] thread dealer terminated.
[17:05:27.992] [SEVERE ] thanks for playing... it was fun!
[17:05:27.993] [INFO   ] thread main terminated.
