[09:04:14.191] [INFO   ] thread main starting.
[09:04:14.197] [SEVERE ] cannot read configuration file config.properties trying from resources.
[09:04:14.199] [SEVERE ] configuration file was loaded from resources directory.
[09:04:14.591] [INFO   ] thread dealer starting.
[09:04:14.592] [INFO   ] thread playerID: 0 starting.
[09:04:14.593] [INFO   ] thread dealer starting.
[09:04:14.592] [INFO   ] thread playerID: 1 starting.
[09:04:14.596] [SEVERE ] updating countdown to 60000
[09:04:14.701] [SEVERE ] placing card 41 in slot 11
[09:04:14.802] [SEVERE ] placing card 65 in slot 1
[09:04:14.903] [SEVERE ] placing card 71 in slot 8
[09:04:15.004] [SEVERE ] placing card 39 in slot 7
[09:04:15.110] [SEVERE ] placing card 68 in slot 2
[09:04:15.211] [SEVERE ] placing card 55 in slot 0
[09:04:15.313] [SEVERE ] placing card 33 in slot 3
[09:04:15.418] [SEVERE ] placing card 75 in slot 6
[09:04:15.519] [SEVERE ] placing card 29 in slot 5
[09:04:15.620] [SEVERE ] placing card 63 in slot 10
[09:04:15.722] [SEVERE ] placing card 32 in slot 4
[09:04:15.824] [SEVERE ] placing card 62 in slot 9
[09:04:16.826] [SEVERE ] updating countdown to 57770
[09:04:17.830] [SEVERE ] updating countdown to 56766
[09:04:18.834] [SEVERE ] updating countdown to 55762
[09:04:19.838] [SEVERE ] updating countdown to 54758
[09:04:20.841] [SEVERE ] updating countdown to 53755
[09:04:21.843] [SEVERE ] updating countdown to 52753
[09:04:22.846] [SEVERE ] updating countdown to 51750
[09:04:23.848] [SEVERE ] updating countdown to 50748
[09:04:24.851] [SEVERE ] updating countdown to 49745
[09:04:25.853] [SEVERE ] updating countdown to 48743
[09:04:26.856] [SEVERE ] updating countdown to 47740
[09:04:27.858] [SEVERE ] updating countdown to 46739
[09:04:28.860] [SEVERE ] updating countdown to 45736
[09:04:29.861] [SEVERE ] updating countdown to 44735
[09:04:30.863] [SEVERE ] updating countdown to 43733
[09:04:31.162] [SEVERE ] key 47 was pressed by player 2
[09:04:31.163] [SEVERE ] player 2 placing token on slot 11
[09:04:31.863] [SEVERE ] updating countdown to 42733
[09:04:32.201] [SEVERE ] key 47 was pressed by player 2
[09:04:32.201] [SEVERE ] removing player 2 token from slot 11
[09:04:32.865] [SEVERE ] updating countdown to 41731
[09:04:33.866] [SEVERE ] updating countdown to 40730
[09:04:34.873] [SEVERE ] updating countdown to 39723
[09:04:35.874] [SEVERE ] updating countdown to 38722
[09:04:36.881] [SEVERE ] updating countdown to 37715
[09:04:37.887] [SEVERE ] updating countdown to 36709
[09:04:38.101] [SEVERE ] key 47 was pressed by player 2
[09:04:38.102] [SEVERE ] player 2 placing token on slot 11
[09:04:38.452] [SEVERE ] key 47 was pressed by player 2
[09:04:38.453] [SEVERE ] removing player 2 token from slot 11
[09:04:38.891] [SEVERE ] updating countdown to 35705
[09:04:39.586] [SEVERE ] key 47 was pressed by player 2
[09:04:39.587] [SEVERE ] player 2 placing token on slot 11
[09:04:39.894] [SEVERE ] updating countdown to 34702
[09:04:40.452] [SEVERE ] key 47 was pressed by player 2
[09:04:40.453] [SEVERE ] removing player 2 token from slot 11
[09:04:40.627] [SEVERE ] key 47 was pressed by player 2
[09:04:40.627] [SEVERE ] player 2 placing token on slot 11
[09:04:40.895] [SEVERE ] updating countdown to 33701
[09:04:41.361] [SEVERE ] key 47 was pressed by player 2
[09:04:41.362] [SEVERE ] removing player 2 token from slot 11
[09:04:41.900] [SEVERE ] updating countdown to 32696
[09:04:42.694] [SEVERE ] exit button pressed
[09:04:42.694] [INFO   ] thread playerID: 1 terminated.
[09:04:42.695] [SEVERE ] announcing winner(s): player 1, player 2
[09:04:42.694] [INFO   ] thread playerID: 0 terminated.
[09:04:42.695] [SEVERE ] disposing of user interface elements
[09:04:42.727] [SEVERE ] updating countdown to 31869
[09:04:42.728] [SEVERE ] updating countdown to 31868
[09:04:42.834] [SEVERE ] removing card from slot 0
[09:04:42.835] [SEVERE ] removing tokens from slot 0
[09:04:42.941] [SEVERE ] removing card from slot 1
[09:04:42.942] [SEVERE ] removing tokens from slot 1
[09:04:43.045] [SEVERE ] removing card from slot 2
[09:04:43.047] [SEVERE ] removing tokens from slot 2
[09:04:43.150] [SEVERE ] removing card from slot 3
[09:04:43.152] [SEVERE ] removing tokens from slot 3
[09:04:43.263] [SEVERE ] removing card from slot 4
[09:04:43.265] [SEVERE ] removing tokens from slot 4
[09:04:43.373] [SEVERE ] removing card from slot 5
[09:04:43.376] [SEVERE ] removing tokens from slot 5
[09:04:43.480] [SEVERE ] removing card from slot 6
[09:04:43.481] [SEVERE ] removing tokens from slot 6
[09:04:43.583] [SEVERE ] removing card from slot 7
[09:04:43.583] [SEVERE ] removing tokens from slot 7
[09:04:43.686] [SEVERE ] removing card from slot 8
[09:04:43.687] [SEVERE ] removing tokens from slot 8
[09:04:43.787] [SEVERE ] removing card from slot 9
[09:04:43.788] [SEVERE ] removing tokens from slot 9
[09:04:43.893] [SEVERE ] removing card from slot 10
[09:04:43.894] [SEVERE ] removing tokens from slot 10
[09:04:43.995] [SEVERE ] removing card from slot 11
[09:04:43.996] [SEVERE ] removing tokens from slot 11
[09:04:43.997] [SEVERE ] announcing winner(s): player 1, player 2
[09:04:43.997] [INFO   ] thread dealer terminated.
[09:04:43.998] [INFO   ] thread dealer terminated.
[09:04:43.998] [SEVERE ] thanks for playing... it was fun!
[09:04:43.999] [INFO   ] thread main terminated.
