[10:59:00.529] [INFO   ] thread main starting.
[10:59:00.536] [SEVERE ] cannot read configuration file config.properties trying from resources.
[10:59:00.538] [SEVERE ] configuration file was loaded from resources directory.
[10:59:05.038] [INFO   ] thread dealer starting.
[10:59:05.039] [INFO   ] thread playerID: 0 starting.
[10:59:05.039] [INFO   ] thread dealer starting.
[10:59:05.039] [INFO   ] thread playerID: 1 starting.
[10:59:05.043] [SEVERE ] updating countdown to 60000
[10:59:05.149] [SEVERE ] placing card 44 in slot 5
[10:59:05.251] [SEVERE ] placing card 8 in slot 4
[10:59:05.358] [SEVERE ] placing card 13 in slot 11
[10:59:05.459] [SEVERE ] placing card 10 in slot 6
[10:59:05.561] [SEVERE ] placing card 19 in slot 1
[10:59:05.663] [SEVERE ] placing card 53 in slot 7
[10:59:05.769] [SEVERE ] placing card 76 in slot 0
[10:59:05.871] [SEVERE ] placing card 6 in slot 9
[10:59:05.976] [SEVERE ] placing card 56 in slot 3
[10:59:06.079] [SEVERE ] placing card 67 in slot 10
[10:59:06.186] [SEVERE ] placing card 60 in slot 8
[10:59:06.291] [SEVERE ] placing card 49 in slot 2
[10:59:07.298] [SEVERE ] updating countdown to 57744
[10:59:07.407] [SEVERE ] removing card from slot 0
[10:59:07.408] [SEVERE ] removing tokens from slot 0
[10:59:07.509] [SEVERE ] removing card from slot 1
[10:59:07.510] [SEVERE ] removing tokens from slot 1
[10:59:07.614] [SEVERE ] removing card from slot 2
[10:59:07.615] [SEVERE ] removing tokens from slot 2
[10:59:07.717] [SEVERE ] removing card from slot 3
[10:59:07.717] [SEVERE ] removing tokens from slot 3
[10:59:07.818] [SEVERE ] removing card from slot 4
[10:59:07.819] [SEVERE ] removing tokens from slot 4
[10:59:07.920] [SEVERE ] removing card from slot 5
[10:59:07.921] [SEVERE ] removing tokens from slot 5
[10:59:08.021] [SEVERE ] removing card from slot 6
[10:59:08.022] [SEVERE ] removing tokens from slot 6
[10:59:08.124] [SEVERE ] removing card from slot 7
[10:59:08.125] [SEVERE ] removing tokens from slot 7
[10:59:08.231] [SEVERE ] removing card from slot 8
[10:59:08.231] [SEVERE ] removing tokens from slot 8
[10:59:08.336] [SEVERE ] removing card from slot 9
[10:59:08.337] [SEVERE ] removing tokens from slot 9
[10:59:08.443] [SEVERE ] removing card from slot 10
[10:59:08.443] [SEVERE ] removing tokens from slot 10
[10:59:08.546] [SEVERE ] removing card from slot 11
[10:59:08.546] [SEVERE ] removing tokens from slot 11
[10:59:08.648] [SEVERE ] placing card 9 in slot 7
[10:59:08.750] [SEVERE ] placing card 45 in slot 1
[10:59:08.852] [SEVERE ] placing card 75 in slot 9
[10:59:08.955] [SEVERE ] placing card 33 in slot 4
[10:59:09.056] [SEVERE ] placing card 47 in slot 3
[10:59:09.157] [SEVERE ] placing card 20 in slot 2
[10:59:09.259] [SEVERE ] placing card 73 in slot 5
[10:59:09.361] [SEVERE ] placing card 0 in slot 0
[10:59:09.462] [SEVERE ] placing card 36 in slot 11
[10:59:09.564] [SEVERE ] placing card 40 in slot 8
[10:59:09.666] [SEVERE ] placing card 55 in slot 10
[10:59:09.771] [SEVERE ] placing card 29 in slot 6
[10:59:09.772] [SEVERE ] updating countdown to 60000
[10:59:10.777] [SEVERE ] updating countdown to 58995
[10:59:11.784] [SEVERE ] updating countdown to 57988
[10:59:12.788] [SEVERE ] updating countdown to 56984
[10:59:13.791] [SEVERE ] updating countdown to 55981
[10:59:14.798] [SEVERE ] updating countdown to 54974
[10:59:15.803] [SEVERE ] updating countdown to 53969
[10:59:16.810] [SEVERE ] updating countdown to 52962
[10:59:17.818] [SEVERE ] updating countdown to 51954
[10:59:18.825] [SEVERE ] updating countdown to 50947
[10:59:19.832] [SEVERE ] updating countdown to 49940
[10:59:20.836] [SEVERE ] updating countdown to 48937
[10:59:21.843] [SEVERE ] updating countdown to 47929
[10:59:22.850] [SEVERE ] updating countdown to 46922
[10:59:23.857] [SEVERE ] updating countdown to 45915
[10:59:24.865] [SEVERE ] updating countdown to 44907
[10:59:25.871] [SEVERE ] updating countdown to 43901
[10:59:26.877] [SEVERE ] updating countdown to 42895
[10:59:27.884] [SEVERE ] updating countdown to 41888
[10:59:28.889] [SEVERE ] updating countdown to 40883
[10:59:29.897] [SEVERE ] updating countdown to 39875
[10:59:30.904] [SEVERE ] updating countdown to 38868
[10:59:31.909] [SEVERE ] updating countdown to 37863
[10:59:32.916] [SEVERE ] updating countdown to 36856
[10:59:33.923] [SEVERE ] updating countdown to 35849
[10:59:34.929] [SEVERE ] updating countdown to 34843
[10:59:35.934] [SEVERE ] updating countdown to 33839
[10:59:36.941] [SEVERE ] updating countdown to 32831
[10:59:37.947] [SEVERE ] updating countdown to 31825
[10:59:38.953] [SEVERE ] updating countdown to 30819
[10:59:39.960] [SEVERE ] updating countdown to 29812
[10:59:40.967] [SEVERE ] updating countdown to 28805
[10:59:41.973] [SEVERE ] updating countdown to 27799
[10:59:42.980] [SEVERE ] updating countdown to 26792
[10:59:43.986] [SEVERE ] updating countdown to 25786
[10:59:44.988] [SEVERE ] updating countdown to 24784
[10:59:45.994] [SEVERE ] updating countdown to 23778
[10:59:46.999] [SEVERE ] updating countdown to 22773
[10:59:48.005] [SEVERE ] updating countdown to 21767
[10:59:49.012] [SEVERE ] updating countdown to 20760
[10:59:50.016] [SEVERE ] updating countdown to 19756
[10:59:51.023] [SEVERE ] updating countdown to 18749
[10:59:52.025] [SEVERE ] updating countdown to 17747
[10:59:52.036] [SEVERE ] key 59 was pressed by player 2
[10:59:52.037] [SEVERE ] player 2 placing token on slot 7
[10:59:52.775] [SEVERE ] key 76 was pressed by player 2
[10:59:52.776] [SEVERE ] player 2 placing token on slot 6
[10:59:53.030] [SEVERE ] updating countdown to 16742
[10:59:53.576] [SEVERE ] key 44 was pressed by player 2
[10:59:53.577] [SEVERE ] player 2 placing token on slot 9
[10:59:53.579] [SEVERE ] setting player 2 freeze to 3000
[10:59:54.031] [SEVERE ] updating countdown to 15741
[10:59:55.038] [SEVERE ] updating countdown to 14734
[10:59:55.336] [SEVERE ] key 46 was pressed by player 2
[10:59:56.045] [SEVERE ] updating countdown to 13727
[10:59:56.583] [SEVERE ] setting player 2 freeze to 2000
[10:59:56.712] [SEVERE ] key 59 was pressed by player 2
[10:59:57.052] [SEVERE ] updating countdown to 12720
[10:59:57.563] [SEVERE ] key 59 was pressed by player 2
[10:59:58.054] [SEVERE ] updating countdown to 11718
[10:59:58.590] [SEVERE ] setting player 2 freeze to 1000
[10:59:59.060] [SEVERE ] updating countdown to 10712
[10:59:59.596] [SEVERE ] setting player 2 freeze to 0
[10:59:59.598] [SEVERE ] removing player 2 token from slot 7
[10:59:59.599] [SEVERE ] removing player 2 token from slot 6
[10:59:59.599] [SEVERE ] removing player 2 token from slot 9
[11:00:00.058] [SEVERE ] key 59 was pressed by player 2
[11:00:00.059] [SEVERE ] player 2 placing token on slot 7
[11:00:00.063] [SEVERE ] updating countdown to 9709
[11:00:00.546] [SEVERE ] key 76 was pressed by player 2
[11:00:00.546] [SEVERE ] player 2 placing token on slot 6
[11:00:00.970] [SEVERE ] key 46 was pressed by player 2
[11:00:00.971] [SEVERE ] player 2 placing token on slot 10
[11:00:00.971] [SEVERE ] setting player 2 freeze to 3000
[11:00:01.067] [SEVERE ] updating countdown to 8705
[11:00:02.073] [SEVERE ] updating countdown to 7699
[11:00:03.077] [SEVERE ] updating countdown to 6695
[11:00:03.977] [SEVERE ] setting player 2 freeze to 2000
[11:00:04.079] [SEVERE ] updating countdown to 5693
[11:00:05.085] [SEVERE ] updating countdown to 5000
[11:00:05.982] [SEVERE ] setting player 2 freeze to 1000
[11:00:06.093] [SEVERE ] updating countdown to 5000
[11:00:06.989] [SEVERE ] setting player 2 freeze to 0
[11:00:06.992] [SEVERE ] removing player 2 token from slot 7
[11:00:06.992] [SEVERE ] removing player 2 token from slot 6
[11:00:06.993] [SEVERE ] removing player 2 token from slot 10
[11:00:07.097] [SEVERE ] updating countdown to 5000
[11:00:08.102] [SEVERE ] updating countdown to 5000
[11:00:09.109] [SEVERE ] updating countdown to 5000
[11:00:10.116] [SEVERE ] updating countdown to 5000
[11:00:10.117] [SEVERE ] updating countdown to 5000
[11:00:10.224] [SEVERE ] removing card from slot 0
[11:00:10.225] [SEVERE ] removing tokens from slot 0
[11:00:10.331] [SEVERE ] removing card from slot 1
[11:00:10.333] [SEVERE ] removing tokens from slot 1
[11:00:10.438] [SEVERE ] removing card from slot 2
[11:00:10.439] [SEVERE ] removing tokens from slot 2
[11:00:10.539] [SEVERE ] removing card from slot 3
[11:00:10.540] [SEVERE ] removing tokens from slot 3
[11:00:10.646] [SEVERE ] removing card from slot 4
[11:00:10.647] [SEVERE ] removing tokens from slot 4
[11:00:10.750] [SEVERE ] removing card from slot 5
[11:00:10.750] [SEVERE ] removing tokens from slot 5
[11:00:10.850] [SEVERE ] removing card from slot 6
[11:00:10.851] [SEVERE ] removing tokens from slot 6
[11:00:10.956] [SEVERE ] removing card from slot 7
[11:00:10.957] [SEVERE ] removing tokens from slot 7
[11:00:11.058] [SEVERE ] removing card from slot 8
[11:00:11.059] [SEVERE ] removing tokens from slot 8
[11:00:11.159] [SEVERE ] removing card from slot 9
[11:00:11.160] [SEVERE ] removing tokens from slot 9
[11:00:11.261] [SEVERE ] removing card from slot 10
[11:00:11.262] [SEVERE ] removing tokens from slot 10
[11:00:11.363] [SEVERE ] removing card from slot 11
[11:00:11.363] [SEVERE ] removing tokens from slot 11
[11:00:11.364] [SEVERE ] updating countdown to 60000
[11:00:11.468] [SEVERE ] placing card 4 in slot 5
[11:00:11.569] [SEVERE ] placing card 7 in slot 4
[11:00:11.671] [SEVERE ] placing card 69 in slot 6
[11:00:11.771] [SEVERE ] placing card 21 in slot 7
[11:00:11.873] [SEVERE ] placing card 8 in slot 1
[11:00:11.973] [SEVERE ] placing card 45 in slot 10
[11:00:12.075] [SEVERE ] placing card 38 in slot 0
[11:00:12.177] [SEVERE ] placing card 47 in slot 3
[11:00:12.278] [SEVERE ] placing card 61 in slot 2
[11:00:12.379] [SEVERE ] placing card 77 in slot 8
[11:00:12.481] [SEVERE ] placing card 55 in slot 9
[11:00:12.582] [SEVERE ] placing card 10 in slot 11
[11:00:13.583] [SEVERE ] updating countdown to 57781
[11:00:14.585] [SEVERE ] updating countdown to 56779
[11:00:15.587] [SEVERE ] updating countdown to 55777
[11:00:16.589] [SEVERE ] updating countdown to 54776
[11:00:17.591] [SEVERE ] updating countdown to 53773
[11:00:18.594] [SEVERE ] updating countdown to 52770
[11:00:19.596] [SEVERE ] updating countdown to 51768
[11:00:20.597] [SEVERE ] updating countdown to 50767
[11:00:21.598] [SEVERE ] updating countdown to 49766
[11:00:22.600] [SEVERE ] updating countdown to 48764
[11:00:23.602] [SEVERE ] updating countdown to 47762
[11:00:24.604] [SEVERE ] updating countdown to 46760
[11:00:25.606] [SEVERE ] updating countdown to 45758
[11:00:26.608] [SEVERE ] updating countdown to 44756
[11:00:27.609] [SEVERE ] updating countdown to 43755
[11:00:28.611] [SEVERE ] updating countdown to 42753
[11:00:29.613] [SEVERE ] updating countdown to 41751
[11:00:30.615] [SEVERE ] updating countdown to 40749
[11:00:31.622] [SEVERE ] updating countdown to 39742
[11:00:32.629] [SEVERE ] updating countdown to 38735
[11:00:33.635] [SEVERE ] updating countdown to 37730
[11:00:34.641] [SEVERE ] updating countdown to 36723
[11:00:35.643] [SEVERE ] updating countdown to 35722
[11:00:36.649] [SEVERE ] updating countdown to 34715
[11:00:37.655] [SEVERE ] updating countdown to 33709
[11:00:38.660] [SEVERE ] updating countdown to 32704
[11:00:39.665] [SEVERE ] updating countdown to 31699
[11:00:40.670] [SEVERE ] updating countdown to 30694
[11:00:41.673] [SEVERE ] updating countdown to 29691
[11:00:42.675] [SEVERE ] updating countdown to 28689
[11:00:43.677] [SEVERE ] updating countdown to 27687
[11:00:44.684] [SEVERE ] updating countdown to 26680
[11:00:45.690] [SEVERE ] updating countdown to 25674
[11:00:46.695] [SEVERE ] updating countdown to 24669
[11:00:47.696] [SEVERE ] updating countdown to 23668
[11:00:48.701] [SEVERE ] updating countdown to 22663
[11:00:49.707] [SEVERE ] updating countdown to 21657
[11:00:50.711] [SEVERE ] updating countdown to 20653
[11:00:51.714] [SEVERE ] updating countdown to 19650
[11:00:52.720] [SEVERE ] updating countdown to 18644
[11:00:53.722] [SEVERE ] updating countdown to 17642
[11:00:54.726] [SEVERE ] updating countdown to 16638
[11:00:55.731] [SEVERE ] updating countdown to 15633
[11:00:56.736] [SEVERE ] updating countdown to 14628
[11:00:57.741] [SEVERE ] updating countdown to 13623
[11:00:58.703] [SEVERE ] key 79 was pressed by player 2
[11:00:58.704] [SEVERE ] player 2 placing token on slot 2
[11:00:58.744] [SEVERE ] updating countdown to 12620
[11:00:59.040] [SEVERE ] key 80 was pressed by player 2
[11:00:59.041] [SEVERE ] player 2 placing token on slot 3
[11:00:59.317] [SEVERE ] key 87 was pressed by player 1
[11:00:59.318] [SEVERE ] player 1 placing token on slot 1
[11:00:59.650] [SEVERE ] key 83 was pressed by player 1
[11:00:59.651] [SEVERE ] player 1 placing token on slot 5
[11:00:59.746] [SEVERE ] updating countdown to 11618
[11:00:59.768] [SEVERE ] key 68 was pressed by player 1
[11:00:59.769] [SEVERE ] player 1 placing token on slot 6
[11:00:59.769] [SEVERE ] setting player 1 freeze to 3000
[11:00:59.831] [SEVERE ] key 59 was pressed by player 2
[11:00:59.831] [SEVERE ] player 2 placing token on slot 7
[11:00:59.831] [SEVERE ] setting player 2 freeze to 3000
[11:00:59.875] [SEVERE ] key 76 was pressed by player 2
[11:01:00.017] [SEVERE ] key 68 was pressed by player 1
[11:01:00.051] [SEVERE ] key 83 was pressed by player 1
[11:01:00.504] [SEVERE ] key 81 was pressed by player 1
[11:01:00.582] [SEVERE ] key 87 was pressed by player 1
[11:01:00.744] [SEVERE ] key 68 was pressed by player 1
[11:01:00.748] [SEVERE ] updating countdown to 10616
[11:01:00.871] [SEVERE ] key 83 was pressed by player 1
[11:01:00.978] [SEVERE ] key 68 was pressed by player 1
[11:01:01.208] [SEVERE ] key 65 was pressed by player 1
[11:01:01.306] [SEVERE ] key 83 was pressed by player 1
[11:01:01.354] [SEVERE ] key 68 was pressed by player 1
[11:01:01.565] [SEVERE ] key 65 was pressed by player 1
[11:01:01.679] [SEVERE ] key 83 was pressed by player 1
[11:01:01.694] [SEVERE ] key 68 was pressed by player 1
[11:01:01.749] [SEVERE ] updating countdown to 9615
[11:01:02.750] [SEVERE ] updating countdown to 8614
[11:01:02.770] [SEVERE ] setting player 1 freeze to 2000
[11:01:02.836] [SEVERE ] setting player 2 freeze to 2000
[11:01:03.642] [SEVERE ] exit button pressed
[11:01:03.646] [SEVERE ] announcing winner(s): player 1, player 2
[11:01:03.648] [SEVERE ] disposing of user interface elements
[11:01:03.651] [SEVERE ] updating countdown to 7713
[11:01:03.652] [SEVERE ] updating countdown to 7712
[11:01:03.754] [SEVERE ] removing card from slot 0
[11:01:03.758] [SEVERE ] removing tokens from slot 0
[11:01:03.865] [SEVERE ] removing card from slot 1
[11:01:03.866] [SEVERE ] removing tokens from slot 1
[11:01:03.968] [SEVERE ] removing card from slot 2
[11:01:03.970] [SEVERE ] removing tokens from slot 2
[11:01:04.078] [SEVERE ] removing card from slot 3
[11:01:04.081] [SEVERE ] removing tokens from slot 3
[11:01:04.184] [SEVERE ] removing card from slot 4
[11:01:04.186] [SEVERE ] removing tokens from slot 4
[11:01:04.289] [SEVERE ] removing card from slot 5
[11:01:04.290] [SEVERE ] removing tokens from slot 5
[11:01:04.399] [SEVERE ] removing card from slot 6
[11:01:04.401] [SEVERE ] removing tokens from slot 6
[11:01:04.506] [SEVERE ] removing card from slot 7
[11:01:04.508] [SEVERE ] removing tokens from slot 7
[11:01:04.614] [SEVERE ] removing card from slot 8
[11:01:04.617] [SEVERE ] removing tokens from slot 8
[11:01:04.720] [SEVERE ] removing card from slot 9
[11:01:04.721] [SEVERE ] removing tokens from slot 9
[11:01:04.774] [SEVERE ] setting player 1 freeze to 1000
[11:01:04.824] [SEVERE ] removing card from slot 10
[11:01:04.824] [SEVERE ] removing tokens from slot 10
[11:01:04.841] [SEVERE ] setting player 2 freeze to 1000
[11:01:04.930] [SEVERE ] removing card from slot 11
[11:01:04.930] [SEVERE ] removing tokens from slot 11
[11:01:04.931] [SEVERE ] announcing winner(s): player 1, player 2
[11:01:04.931] [INFO   ] thread dealer terminated.
[11:01:04.932] [INFO   ] thread dealer terminated.
[11:01:04.932] [SEVERE ] thanks for playing... it was fun!
[11:01:04.932] [INFO   ] thread main terminated.
