[10:01:32.445] [INFO   ] thread main starting.
[10:01:32.452] [SEVERE ] cannot read configuration file config.properties trying from resources.
[10:01:32.457] [SEVERE ] configuration file was loaded from resources directory.
[10:01:32.834] [INFO   ] thread dealer starting.
[10:01:32.835] [INFO   ] thread playerID: 0 starting.
[10:01:32.835] [INFO   ] thread dealer starting.
[10:01:32.835] [INFO   ] thread playerID: 1 starting.
[10:01:32.839] [SEVERE ] updating countdown to 60000
[10:01:32.944] [SEVERE ] placing card 23 in slot 8
[10:01:33.045] [SEVERE ] placing card 50 in slot 0
[10:01:33.146] [SEVERE ] placing card 48 in slot 4
[10:01:33.252] [SEVERE ] placing card 6 in slot 3
[10:01:33.358] [SEVERE ] placing card 63 in slot 7
[10:01:33.464] [SEVERE ] placing card 57 in slot 9
[10:01:33.569] [SEVERE ] placing card 19 in slot 2
[10:01:33.670] [SEVERE ] placing card 51 in slot 10
[10:01:33.772] [SEVERE ] placing card 10 in slot 5
[10:01:33.873] [SEVERE ] placing card 47 in slot 6
[10:01:33.974] [SEVERE ] placing card 68 in slot 11
[10:01:34.076] [SEVERE ] placing card 32 in slot 1
[10:01:35.077] [SEVERE ] updating countdown to 57762
[10:01:36.081] [SEVERE ] updating countdown to 56758
[10:01:37.086] [SEVERE ] updating countdown to 55753
[10:01:38.089] [SEVERE ] updating countdown to 54750
[10:01:39.092] [SEVERE ] updating countdown to 53747
[10:01:40.098] [SEVERE ] updating countdown to 52741
[10:01:41.100] [SEVERE ] updating countdown to 51739
[10:01:42.106] [SEVERE ] updating countdown to 50733
[10:01:43.110] [SEVERE ] updating countdown to 49729
[10:01:44.111] [SEVERE ] updating countdown to 48728
[10:01:45.114] [SEVERE ] updating countdown to 47725
[10:01:46.058] [SEVERE ] key 47 was pressed by player 2
[10:01:46.059] [SEVERE ] player 2 placing token on slot 11
[10:01:46.116] [SEVERE ] updating countdown to 46723
[10:01:47.120] [SEVERE ] updating countdown to 45719
[10:01:48.164] [SEVERE ] updating countdown to 44675
[10:01:49.165] [SEVERE ] updating countdown to 43674
[10:01:50.168] [SEVERE ] updating countdown to 42671
[10:01:51.170] [SEVERE ] updating countdown to 41669
[10:01:52.171] [SEVERE ] updating countdown to 40668
[10:01:53.173] [SEVERE ] updating countdown to 39666
[10:01:54.174] [SEVERE ] updating countdown to 38665
[10:01:55.176] [SEVERE ] updating countdown to 37663
[10:01:56.179] [SEVERE ] updating countdown to 36661
[10:01:56.908] [SEVERE ] key 47 was pressed by player 2
[10:01:56.909] [SEVERE ] removing player 2 token from slot 11
[10:01:57.160] [SEVERE ] key 47 was pressed by player 2
[10:01:57.161] [SEVERE ] player 2 placing token on slot 11
[10:01:57.180] [SEVERE ] updating countdown to 35659
[10:01:57.481] [SEVERE ] key 47 was pressed by player 2
[10:01:57.482] [SEVERE ] removing player 2 token from slot 11
[10:01:58.181] [SEVERE ] updating countdown to 34658
[10:01:59.182] [SEVERE ] updating countdown to 33657
[10:02:00.189] [SEVERE ] updating countdown to 32650
[10:02:00.804] [SEVERE ] key 47 was pressed by player 2
[10:02:00.805] [SEVERE ] player 2 placing token on slot 11
[10:02:01.074] [SEVERE ] key 47 was pressed by player 2
[10:02:01.075] [SEVERE ] removing player 2 token from slot 11
[10:02:01.194] [SEVERE ] updating countdown to 31645
[10:02:01.303] [SEVERE ] key 47 was pressed by player 2
[10:02:01.303] [SEVERE ] player 2 placing token on slot 11
[10:02:01.505] [SEVERE ] key 47 was pressed by player 2
[10:02:01.506] [SEVERE ] removing player 2 token from slot 11
[10:02:02.196] [SEVERE ] updating countdown to 30643
[10:02:03.199] [SEVERE ] updating countdown to 29640
[10:02:04.200] [SEVERE ] updating countdown to 28639
[10:02:05.209] [SEVERE ] updating countdown to 27630
[10:02:06.216] [SEVERE ] updating countdown to 26623
[10:02:07.217] [SEVERE ] updating countdown to 25622
[10:02:08.220] [SEVERE ] updating countdown to 24619
[10:02:09.222] [SEVERE ] updating countdown to 23617
[10:02:10.228] [SEVERE ] updating countdown to 22611
[10:02:11.234] [SEVERE ] updating countdown to 21605
[10:02:12.237] [SEVERE ] updating countdown to 20602
[10:02:13.243] [SEVERE ] updating countdown to 19596
[10:02:14.244] [SEVERE ] updating countdown to 18595
[10:02:15.246] [SEVERE ] updating countdown to 17593
[10:02:16.251] [SEVERE ] updating countdown to 16588
[10:02:17.254] [SEVERE ] updating countdown to 15585
[10:02:18.256] [SEVERE ] updating countdown to 14583
[10:02:19.262] [SEVERE ] updating countdown to 13577
[10:02:20.271] [SEVERE ] updating countdown to 12568
[10:02:21.274] [SEVERE ] updating countdown to 11565
[10:02:22.275] [SEVERE ] updating countdown to 10564
[10:02:23.276] [SEVERE ] updating countdown to 9563
[10:02:24.283] [SEVERE ] updating countdown to 8556
[10:02:25.284] [SEVERE ] updating countdown to 7555
[10:02:26.290] [SEVERE ] updating countdown to 6549
[10:02:26.396] [SEVERE ] exit button pressed
[10:02:26.397] [INFO   ] thread playerID: 1 terminated.
[10:02:26.397] [INFO   ] thread playerID: 0 terminated.
[10:02:26.397] [SEVERE ] announcing winner(s): player 1, player 2
[10:02:26.398] [SEVERE ] disposing of user interface elements
[10:02:26.404] [SEVERE ] updating countdown to 6435
[10:02:26.405] [SEVERE ] updating countdown to 6434
[10:02:26.506] [SEVERE ] removing card from slot 0
[10:02:26.507] [SEVERE ] removing tokens from slot 0
[10:02:26.608] [SEVERE ] removing card from slot 1
[10:02:26.609] [SEVERE ] removing tokens from slot 1
[10:02:26.712] [SEVERE ] removing card from slot 2
[10:02:26.713] [SEVERE ] removing tokens from slot 2
[10:02:26.814] [SEVERE ] removing card from slot 3
[10:02:26.815] [SEVERE ] removing tokens from slot 3
[10:02:26.918] [SEVERE ] removing card from slot 4
[10:02:26.921] [SEVERE ] removing tokens from slot 4
[10:02:27.023] [SEVERE ] removing card from slot 5
[10:02:27.025] [SEVERE ] removing tokens from slot 5
[10:02:27.127] [SEVERE ] removing card from slot 6
[10:02:27.128] [SEVERE ] removing tokens from slot 6
[10:02:27.229] [SEVERE ] removing card from slot 7
[10:02:27.230] [SEVERE ] removing tokens from slot 7
[10:02:27.333] [SEVERE ] removing card from slot 8
[10:02:27.335] [SEVERE ] removing tokens from slot 8
[10:02:27.438] [SEVERE ] removing card from slot 9
[10:02:27.441] [SEVERE ] removing tokens from slot 9
[10:02:27.544] [SEVERE ] removing card from slot 10
[10:02:27.546] [SEVERE ] removing tokens from slot 10
[10:02:27.651] [SEVERE ] removing card from slot 11
[10:02:27.652] [SEVERE ] removing tokens from slot 11
[10:02:27.654] [SEVERE ] announcing winner(s): player 1, player 2
[10:02:27.655] [INFO   ] thread dealer terminated.
[10:02:27.656] [INFO   ] thread dealer terminated.
[10:02:27.657] [SEVERE ] thanks for playing... it was fun!
[10:02:27.658] [INFO   ] thread main terminated.
