[10:20:18.549] [INFO   ] thread main starting.
[10:20:18.557] [SEVERE ] cannot read configuration file config.properties trying from resources.
[10:20:18.559] [SEVERE ] configuration file was loaded from resources directory.
[10:20:18.966] [INFO   ] thread dealer starting.
[10:20:18.967] [INFO   ] thread dealer starting.
[10:20:18.967] [INFO   ] thread playerID: 0 starting.
[10:20:18.967] [INFO   ] thread playerID: 1 starting.
[10:20:18.971] [SEVERE ] updating countdown to 60000
[10:20:19.073] [SEVERE ] placing card 31 in slot 9
[10:20:19.174] [SEVERE ] placing card 23 in slot 7
[10:20:19.275] [SEVERE ] placing card 27 in slot 6
[10:20:19.376] [SEVERE ] placing card 53 in slot 4
[10:20:19.477] [SEVERE ] placing card 59 in slot 2
[10:20:19.578] [SEVERE ] placing card 75 in slot 8
[10:20:19.680] [SEVERE ] placing card 43 in slot 1
[10:20:19.783] [SEVERE ] placing card 29 in slot 3
[10:20:19.886] [SEVERE ] placing card 51 in slot 5
[10:20:19.989] [SEVERE ] placing card 6 in slot 11
[10:20:20.095] [SEVERE ] placing card 3 in slot 0
[10:20:20.197] [SEVERE ] placing card 40 in slot 10
[10:20:21.197] [SEVERE ] updating countdown to 57774
[10:20:22.199] [SEVERE ] updating countdown to 56772
[10:20:23.203] [SEVERE ] updating countdown to 55768
[10:20:23.904] [SEVERE ] key 47 was pressed by player 2
[10:20:23.906] [SEVERE ] player 2 placing token on slot 11
[10:20:24.206] [SEVERE ] updating countdown to 54765
[10:20:25.208] [SEVERE ] updating countdown to 53763
[10:20:26.210] [SEVERE ] updating countdown to 52761
[10:20:27.213] [SEVERE ] updating countdown to 51758
[10:20:27.874] [SEVERE ] key 47 was pressed by player 2
[10:20:27.875] [SEVERE ] removing player 2 token from slot 11
[10:20:28.215] [SEVERE ] updating countdown to 50756
[10:20:28.397] [SEVERE ] key 47 was pressed by player 2
[10:20:28.397] [SEVERE ] player 2 placing token on slot 11
[10:20:28.798] [SEVERE ] key 47 was pressed by player 2
[10:20:28.799] [SEVERE ] removing player 2 token from slot 11
[10:20:28.988] [SEVERE ] key 47 was pressed by player 2
[10:20:28.989] [SEVERE ] player 2 placing token on slot 11
[10:20:29.187] [SEVERE ] key 47 was pressed by player 2
[10:20:29.188] [SEVERE ] removing player 2 token from slot 11
[10:20:29.217] [SEVERE ] updating countdown to 49754
[10:20:29.367] [SEVERE ] key 47 was pressed by player 2
[10:20:29.368] [SEVERE ] player 2 placing token on slot 11
[10:20:30.219] [SEVERE ] updating countdown to 48752
[10:20:31.221] [SEVERE ] updating countdown to 47750
[10:20:32.223] [SEVERE ] updating countdown to 46748
[10:20:33.225] [SEVERE ] updating countdown to 45746
[10:20:34.227] [SEVERE ] updating countdown to 44744
[10:20:35.231] [SEVERE ] updating countdown to 43740
[10:20:36.234] [SEVERE ] updating countdown to 42737
[10:20:37.241] [SEVERE ] updating countdown to 41730
[10:20:38.244] [SEVERE ] updating countdown to 40727
[10:20:38.735] [SEVERE ] exit button pressed
[10:20:38.736] [INFO   ] thread playerID: 0 terminated.
[10:20:38.736] [INFO   ] thread playerID: 1 terminated.
[10:20:38.737] [SEVERE ] announcing winner(s): player 1, player 2
[10:20:38.738] [SEVERE ] disposing of user interface elements
[10:20:38.788] [SEVERE ] updating countdown to 40183
[10:20:38.790] [SEVERE ] updating countdown to 40181
[10:20:38.891] [SEVERE ] removing card from slot 0
[10:20:38.892] [SEVERE ] removing tokens from slot 0
[10:20:38.999] [SEVERE ] removing card from slot 1
[10:20:39.001] [SEVERE ] removing tokens from slot 1
[10:20:39.104] [SEVERE ] removing card from slot 2
[10:20:39.106] [SEVERE ] removing tokens from slot 2
[10:20:39.212] [SEVERE ] removing card from slot 3
[10:20:39.215] [SEVERE ] removing tokens from slot 3
[10:20:39.321] [SEVERE ] removing card from slot 4
[10:20:39.325] [SEVERE ] removing tokens from slot 4
[10:20:39.435] [SEVERE ] removing card from slot 5
[10:20:39.437] [SEVERE ] removing tokens from slot 5
[10:20:39.543] [SEVERE ] removing card from slot 6
[10:20:39.547] [SEVERE ] removing tokens from slot 6
[10:20:39.651] [SEVERE ] removing card from slot 7
[10:20:39.653] [SEVERE ] removing tokens from slot 7
[10:20:39.756] [SEVERE ] removing card from slot 8
[10:20:39.757] [SEVERE ] removing tokens from slot 8
[10:20:39.859] [SEVERE ] removing card from slot 9
[10:20:39.859] [SEVERE ] removing tokens from slot 9
[10:20:39.964] [SEVERE ] removing card from slot 10
[10:20:39.964] [SEVERE ] removing tokens from slot 10
[10:20:40.070] [SEVERE ] removing card from slot 11
[10:20:40.074] [SEVERE ] removing tokens from slot 11
[10:20:40.076] [SEVERE ] announcing winner(s): player 1, player 2
[10:20:40.077] [INFO   ] thread dealer terminated.
[10:20:40.078] [INFO   ] thread dealer terminated.
[10:20:40.078] [SEVERE ] thanks for playing... it was fun!
[10:20:40.079] [INFO   ] thread main terminated.
