[10:29:33.932] [INFO   ] thread main starting.
[10:29:33.939] [SEVERE ] cannot read configuration file config.properties trying from resources.
[10:29:33.940] [SEVERE ] configuration file was loaded from resources directory.
[10:29:34.399] [INFO   ] thread dealer starting.
[10:29:34.400] [INFO   ] thread playerID: 0 starting.
[10:29:34.400] [INFO   ] thread playerID: 1 starting.
[10:29:34.400] [INFO   ] thread dealer starting.
[10:29:34.404] [SEVERE ] updating countdown to 60000
[10:29:34.508] [SEVERE ] placing card 26 in slot 3
[10:29:34.609] [SEVERE ] placing card 42 in slot 0
[10:29:34.711] [SEVERE ] placing card 2 in slot 2
[10:29:34.813] [SEVERE ] placing card 50 in slot 6
[10:29:34.917] [SEVERE ] placing card 3 in slot 4
[10:29:35.021] [SEVERE ] placing card 76 in slot 10
[10:29:35.124] [SEVERE ] placing card 24 in slot 7
[10:29:35.225] [SEVERE ] placing card 79 in slot 5
[10:29:35.326] [SEVERE ] placing card 7 in slot 11
[10:29:35.427] [SEVERE ] placing card 63 in slot 8
[10:29:35.529] [SEVERE ] placing card 47 in slot 9
[10:29:35.631] [SEVERE ] placing card 70 in slot 1
[10:29:36.639] [SEVERE ] updating countdown to 57766
[10:29:37.643] [SEVERE ] updating countdown to 56761
[10:29:38.646] [SEVERE ] updating countdown to 55759
[10:29:39.649] [SEVERE ] updating countdown to 54756
[10:29:40.065] [SEVERE ] key 47 was pressed by player 2
[10:29:40.066] [SEVERE ] player 2 placing token on slot 11
[10:29:40.484] [SEVERE ] key 47 was pressed by player 2
[10:29:40.485] [SEVERE ] removing player 2 token from slot 11
[10:29:40.655] [SEVERE ] updating countdown to 53749
[10:29:40.890] [SEVERE ] key 47 was pressed by player 2
[10:29:40.891] [SEVERE ] player 2 placing token on slot 11
[10:29:41.659] [SEVERE ] updating countdown to 52745
[10:29:41.788] [SEVERE ] key 47 was pressed by player 2
[10:29:41.789] [SEVERE ] removing player 2 token from slot 11
[10:29:42.215] [SEVERE ] key 47 was pressed by player 2
[10:29:42.216] [SEVERE ] player 2 placing token on slot 11
[10:29:42.666] [SEVERE ] updating countdown to 51738
[10:29:43.668] [SEVERE ] updating countdown to 50736
[10:29:44.672] [SEVERE ] updating countdown to 49732
[10:29:45.679] [SEVERE ] updating countdown to 48726
[10:29:46.682] [SEVERE ] updating countdown to 47722
[10:29:47.690] [SEVERE ] updating countdown to 46715
[10:29:48.695] [SEVERE ] updating countdown to 45709
[10:29:49.699] [SEVERE ] updating countdown to 44705
[10:29:50.702] [SEVERE ] updating countdown to 43703
[10:29:51.704] [SEVERE ] updating countdown to 42700
[10:29:52.706] [SEVERE ] updating countdown to 41698
[10:29:53.708] [SEVERE ] updating countdown to 40696
[10:29:53.761] [SEVERE ] key 47 was pressed by player 2
[10:29:53.765] [SEVERE ] removing player 2 token from slot 11
[10:29:53.967] [SEVERE ] key 47 was pressed by player 2
[10:29:53.967] [SEVERE ] player 2 placing token on slot 11
[10:29:54.163] [SEVERE ] key 47 was pressed by player 2
[10:29:54.164] [SEVERE ] removing player 2 token from slot 11
[10:29:54.370] [SEVERE ] key 47 was pressed by player 2
[10:29:54.371] [SEVERE ] player 2 placing token on slot 11
[10:29:54.580] [SEVERE ] key 47 was pressed by player 2
[10:29:54.580] [SEVERE ] removing player 2 token from slot 11
[10:29:54.713] [SEVERE ] updating countdown to 39691
[10:29:54.758] [SEVERE ] key 47 was pressed by player 2
[10:29:54.758] [SEVERE ] player 2 placing token on slot 11
[10:29:54.932] [SEVERE ] key 47 was pressed by player 2
[10:29:54.933] [SEVERE ] removing player 2 token from slot 11
[10:29:55.095] [SEVERE ] key 47 was pressed by player 2
[10:29:55.095] [SEVERE ] player 2 placing token on slot 11
[10:29:55.715] [SEVERE ] updating countdown to 38689
[10:29:56.718] [SEVERE ] updating countdown to 37686
[10:29:57.723] [SEVERE ] updating countdown to 36681
[10:29:57.927] [SEVERE ] key 47 was pressed by player 2
[10:29:57.928] [SEVERE ] removing player 2 token from slot 11
[10:29:58.725] [SEVERE ] updating countdown to 35679
[10:29:59.728] [SEVERE ] updating countdown to 34676
[10:30:00.730] [SEVERE ] updating countdown to 33674
[10:30:01.732] [SEVERE ] updating countdown to 32672
[10:30:02.735] [SEVERE ] updating countdown to 31669
[10:30:03.737] [SEVERE ] updating countdown to 30667
[10:30:03.758] [SEVERE ] key 47 was pressed by player 2
[10:30:03.759] [SEVERE ] player 2 placing token on slot 11
[10:30:03.950] [SEVERE ] key 47 was pressed by player 2
[10:30:03.950] [SEVERE ] removing player 2 token from slot 11
[10:30:04.165] [SEVERE ] key 47 was pressed by player 2
[10:30:04.166] [SEVERE ] player 2 placing token on slot 11
[10:30:04.334] [SEVERE ] key 47 was pressed by player 2
[10:30:04.335] [SEVERE ] removing player 2 token from slot 11
[10:30:04.745] [SEVERE ] updating countdown to 29659
[10:30:05.750] [SEVERE ] updating countdown to 28654
[10:30:06.756] [SEVERE ] updating countdown to 27648
[10:30:06.775] [SEVERE ] key 47 was pressed by player 2
[10:30:06.775] [SEVERE ] player 2 placing token on slot 11
[10:30:07.396] [SEVERE ] key 47 was pressed by player 2
[10:30:07.397] [SEVERE ] removing player 2 token from slot 11
[10:30:07.619] [SEVERE ] key 47 was pressed by player 2
[10:30:07.619] [SEVERE ] player 2 placing token on slot 11
[10:30:07.763] [SEVERE ] updating countdown to 26641
[10:30:08.259] [SEVERE ] key 47 was pressed by player 2
[10:30:08.260] [SEVERE ] removing player 2 token from slot 11
[10:30:08.599] [SEVERE ] key 47 was pressed by player 2
[10:30:08.599] [SEVERE ] player 2 placing token on slot 11
[10:30:08.764] [SEVERE ] updating countdown to 25640
[10:30:09.770] [SEVERE ] updating countdown to 24634
[10:30:10.776] [SEVERE ] updating countdown to 23628
[10:30:11.778] [SEVERE ] updating countdown to 22626
[10:30:12.782] [SEVERE ] updating countdown to 21622
[10:30:13.785] [SEVERE ] updating countdown to 20619
[10:30:14.787] [SEVERE ] updating countdown to 19617
[10:30:15.789] [SEVERE ] updating countdown to 18615
[10:30:16.793] [SEVERE ] updating countdown to 17611
[10:30:17.799] [SEVERE ] updating countdown to 16605
[10:30:18.801] [SEVERE ] updating countdown to 15603
[10:30:19.807] [SEVERE ] updating countdown to 14597
[10:30:20.809] [SEVERE ] updating countdown to 13595
[10:30:21.810] [SEVERE ] updating countdown to 12594
[10:30:22.812] [SEVERE ] updating countdown to 11592
[10:30:23.814] [SEVERE ] updating countdown to 10590
[10:30:24.815] [SEVERE ] updating countdown to 9589
[10:30:25.817] [SEVERE ] updating countdown to 8587
[10:30:26.818] [SEVERE ] updating countdown to 7586
[10:30:27.820] [SEVERE ] updating countdown to 6584
[10:30:28.099] [SEVERE ] key 47 was pressed by player 2
[10:30:28.100] [SEVERE ] removing player 2 token from slot 11
[10:30:28.822] [SEVERE ] updating countdown to 5582
[10:30:29.677] [SEVERE ] key 47 was pressed by player 2
[10:30:29.677] [SEVERE ] player 2 placing token on slot 11
[10:30:29.823] [SEVERE ] updating countdown to 5000
[10:30:30.825] [SEVERE ] updating countdown to 5000
[10:30:31.828] [SEVERE ] updating countdown to 5000
[10:30:32.831] [SEVERE ] updating countdown to 5000
[10:30:33.832] [SEVERE ] updating countdown to 5000
[10:30:34.834] [SEVERE ] updating countdown to 5000
[10:30:34.835] [SEVERE ] updating countdown to 5000
[10:30:34.941] [SEVERE ] removing card from slot 0
[10:30:34.942] [SEVERE ] removing tokens from slot 0
[10:30:35.044] [SEVERE ] removing card from slot 1
[10:30:35.044] [SEVERE ] removing tokens from slot 1
[10:30:35.146] [SEVERE ] removing card from slot 2
[10:30:35.147] [SEVERE ] removing tokens from slot 2
[10:30:35.249] [SEVERE ] removing card from slot 3
[10:30:35.249] [SEVERE ] removing tokens from slot 3
[10:30:35.356] [SEVERE ] removing card from slot 4
[10:30:35.356] [SEVERE ] removing tokens from slot 4
[10:30:35.459] [SEVERE ] removing card from slot 5
[10:30:35.460] [SEVERE ] removing tokens from slot 5
[10:30:35.567] [SEVERE ] removing card from slot 6
[10:30:35.568] [SEVERE ] removing tokens from slot 6
[10:30:35.671] [SEVERE ] removing card from slot 7
[10:30:35.671] [SEVERE ] removing tokens from slot 7
[10:30:35.777] [SEVERE ] removing card from slot 8
[10:30:35.777] [SEVERE ] removing tokens from slot 8
[10:30:35.882] [SEVERE ] removing card from slot 9
[10:30:35.882] [SEVERE ] removing tokens from slot 9
[10:30:35.989] [SEVERE ] removing card from slot 10
[10:30:35.990] [SEVERE ] removing tokens from slot 10
[10:30:36.094] [SEVERE ] removing card from slot 11
[10:30:36.095] [SEVERE ] removing tokens from slot 11
[10:30:36.096] [SEVERE ] updating countdown to 60000
[10:30:36.202] [SEVERE ] placing card 61 in slot 0
[10:30:36.308] [SEVERE ] placing card 14 in slot 9
[10:30:36.413] [SEVERE ] placing card 28 in slot 1
[10:30:36.516] [SEVERE ] placing card 45 in slot 2
[10:30:36.622] [SEVERE ] placing card 40 in slot 3
[10:30:36.725] [SEVERE ] placing card 6 in slot 7
[10:30:36.831] [SEVERE ] placing card 80 in slot 11
[10:30:36.937] [SEVERE ] placing card 79 in slot 5
[10:30:37.043] [SEVERE ] placing card 26 in slot 6
[10:30:37.149] [SEVERE ] placing card 41 in slot 10
[10:30:37.255] [SEVERE ] placing card 0 in slot 4
[10:30:37.361] [SEVERE ] placing card 50 in slot 8
[10:30:38.367] [SEVERE ] updating countdown to 57729
[10:30:39.370] [SEVERE ] updating countdown to 56726
[10:30:40.376] [SEVERE ] updating countdown to 55720
[10:30:41.382] [SEVERE ] updating countdown to 54714
[10:30:42.385] [SEVERE ] updating countdown to 53711
[10:30:43.392] [SEVERE ] updating countdown to 52704
[10:30:44.398] [SEVERE ] updating countdown to 51698
[10:30:45.401] [SEVERE ] updating countdown to 50695
[10:30:46.404] [SEVERE ] updating countdown to 49692
[10:30:47.410] [SEVERE ] updating countdown to 48686
[10:30:48.414] [SEVERE ] updating countdown to 47682
[10:30:49.415] [SEVERE ] updating countdown to 46681
[10:30:50.417] [SEVERE ] updating countdown to 45679
[10:30:51.423] [SEVERE ] updating countdown to 44673
[10:30:52.429] [SEVERE ] updating countdown to 43667
[10:30:52.736] [SEVERE ] exit button pressed
[10:30:52.738] [INFO   ] thread playerID: 0 terminated.
[10:30:52.738] [INFO   ] thread playerID: 1 terminated.
[10:30:52.739] [SEVERE ] announcing winner(s): player 1, player 2
[10:30:52.740] [SEVERE ] disposing of user interface elements
[10:30:52.775] [SEVERE ] updating countdown to 43321
[10:30:52.776] [SEVERE ] updating countdown to 43321
[10:30:52.881] [SEVERE ] removing card from slot 0
[10:30:52.882] [SEVERE ] removing tokens from slot 0
[10:30:52.984] [SEVERE ] removing card from slot 1
[10:30:52.985] [SEVERE ] removing tokens from slot 1
[10:30:53.091] [SEVERE ] removing card from slot 2
[10:30:53.095] [SEVERE ] removing tokens from slot 2
[10:30:53.198] [SEVERE ] removing card from slot 3
[10:30:53.199] [SEVERE ] removing tokens from slot 3
[10:30:53.301] [SEVERE ] removing card from slot 4
[10:30:53.303] [SEVERE ] removing tokens from slot 4
[10:30:53.405] [SEVERE ] removing card from slot 5
[10:30:53.407] [SEVERE ] removing tokens from slot 5
[10:30:53.514] [SEVERE ] removing card from slot 6
[10:30:53.516] [SEVERE ] removing tokens from slot 6
[10:30:53.618] [SEVERE ] removing card from slot 7
[10:30:53.620] [SEVERE ] removing tokens from slot 7
[10:30:53.721] [SEVERE ] removing card from slot 8
[10:30:53.722] [SEVERE ] removing tokens from slot 8
[10:30:53.823] [SEVERE ] removing card from slot 9
[10:30:53.823] [SEVERE ] removing tokens from slot 9
[10:30:53.925] [SEVERE ] removing card from slot 10
[10:30:53.926] [SEVERE ] removing tokens from slot 10
[10:30:54.031] [SEVERE ] removing card from slot 11
[10:30:54.032] [SEVERE ] removing tokens from slot 11
[10:30:54.032] [SEVERE ] announcing winner(s): player 1, player 2
[10:30:54.033] [INFO   ] thread dealer terminated.
[10:30:54.033] [INFO   ] thread dealer terminated.
[10:30:54.034] [SEVERE ] thanks for playing... it was fun!
[10:30:54.034] [INFO   ] thread main terminated.
