[10:11:44.290] [INFO   ] thread main starting.
[10:11:44.295] [SEVERE ] cannot read configuration file config.properties trying from resources.
[10:11:44.297] [SEVERE ] configuration file was loaded from resources directory.
[10:11:44.687] [INFO   ] thread dealer starting.
[10:11:44.688] [INFO   ] thread playerID: 0 starting.
[10:11:44.688] [INFO   ] thread dealer starting.
[10:11:44.688] [INFO   ] thread playerID: 1 starting.
[10:11:44.691] [SEVERE ] updating countdown to 60000
[10:11:44.797] [SEVERE ] placing card 14 in slot 5
[10:11:44.899] [SEVERE ] placing card 22 in slot 4
[10:11:45.000] [SEVERE ] placing card 33 in slot 10
[10:11:45.104] [SEVERE ] placing card 8 in slot 3
[10:11:45.210] [SEVERE ] placing card 68 in slot 9
[10:11:45.315] [SEVERE ] placing card 54 in slot 2
[10:11:45.417] [SEVERE ] placing card 61 in slot 6
[10:11:45.522] [SEVERE ] placing card 59 in slot 0
[10:11:45.627] [SEVERE ] placing card 44 in slot 8
[10:11:45.733] [SEVERE ] placing card 74 in slot 7
[10:11:45.836] [SEVERE ] placing card 52 in slot 11
[10:11:45.937] [SEVERE ] placing card 63 in slot 1
[10:11:46.942] [SEVERE ] updating countdown to 57749
[10:11:47.945] [SEVERE ] updating countdown to 56746
[10:11:48.949] [SEVERE ] updating countdown to 55742
[10:11:49.951] [SEVERE ] updating countdown to 54740
[10:11:50.954] [SEVERE ] updating countdown to 53737
[10:11:51.961] [SEVERE ] updating countdown to 52730
[10:11:52.967] [SEVERE ] updating countdown to 51724
[10:11:53.974] [SEVERE ] updating countdown to 50717
[10:11:54.976] [SEVERE ] updating countdown to 49715
[10:11:55.979] [SEVERE ] updating countdown to 48712
[10:11:56.983] [SEVERE ] updating countdown to 47708
[10:11:57.328] [SEVERE ] exit button pressed
[10:11:57.329] [INFO   ] thread playerID: 1 terminated.
[10:11:57.329] [SEVERE ] announcing winner(s): player 1, player 2
[10:11:57.329] [INFO   ] thread playerID: 0 terminated.
[10:11:57.332] [SEVERE ] disposing of user interface elements
[10:11:57.334] [SEVERE ] updating countdown to 47357
[10:11:57.335] [SEVERE ] updating countdown to 47356
[10:11:57.440] [SEVERE ] removing card from slot 0
[10:11:57.441] [SEVERE ] removing tokens from slot 0
[10:11:57.548] [SEVERE ] removing card from slot 1
[10:11:57.550] [SEVERE ] removing tokens from slot 1
[10:11:57.656] [SEVERE ] removing card from slot 2
[10:11:57.657] [SEVERE ] removing tokens from slot 2
[10:11:57.763] [SEVERE ] removing card from slot 3
[10:11:57.765] [SEVERE ] removing tokens from slot 3
[10:11:57.868] [SEVERE ] removing card from slot 4
[10:11:57.870] [SEVERE ] removing tokens from slot 4
[10:11:57.972] [SEVERE ] removing card from slot 5
[10:11:57.974] [SEVERE ] removing tokens from slot 5
[10:11:58.081] [SEVERE ] removing card from slot 6
[10:11:58.083] [SEVERE ] removing tokens from slot 6
[10:11:58.190] [SEVERE ] removing card from slot 7
[10:11:58.193] [SEVERE ] removing tokens from slot 7
[10:11:58.300] [SEVERE ] removing card from slot 8
[10:11:58.305] [SEVERE ] removing tokens from slot 8
[10:11:58.406] [SEVERE ] removing card from slot 9
[10:11:58.406] [SEVERE ] removing tokens from slot 9
[10:11:58.508] [SEVERE ] removing card from slot 10
[10:11:58.509] [SEVERE ] removing tokens from slot 10
[10:11:58.610] [SEVERE ] removing card from slot 11
[10:11:58.610] [SEVERE ] removing tokens from slot 11
[10:11:58.611] [SEVERE ] announcing winner(s): player 1, player 2
[10:11:58.611] [INFO   ] thread dealer terminated.
[10:11:58.612] [INFO   ] thread dealer terminated.
[10:11:58.612] [SEVERE ] thanks for playing... it was fun!
[10:11:58.612] [INFO   ] thread main terminated.
