[16:47:18.682] [INFO   ] thread main starting.
[16:47:18.687] [SEVERE ] cannot read configuration file config.properties trying from resources.
[16:47:18.688] [SEVERE ] configuration file was loaded from resources directory.
[16:47:18.715] [SEVERE ] error creating swing user interface: 
No X11 DISPLAY variable was set,
but this program performed an operation which requires it.
[16:47:18.715] [SEVERE ] will try to run without user interface
[16:47:18.715] [SEVERE ] warning: running with human players with no user interface
[16:47:18.718] [INFO   ] thread dealer starting.
[16:47:18.718] [INFO   ] thread dealer starting.
[16:47:18.832] [SEVERE ] placing card 0 in slot 0
[16:47:18.934] [SEVERE ] placing card 1 in slot 1
[16:47:19.042] [SEVERE ] placing card 2 in slot 2
[16:47:19.147] [SEVERE ] placing card 3 in slot 0
[16:47:19.250] [SEVERE ] placing card 4 in slot 3
[16:47:19.353] [SEVERE ] placing card 5 in slot 6
[16:47:19.456] [SEVERE ] placing card 6 in slot 0
[16:47:19.559] [SEVERE ] placing card 7 in slot 4
[16:47:19.666] [SEVERE ] placing card 8 in slot 8
[16:47:19.773] [SEVERE ] placing card 9 in slot 0
[16:47:19.890] [SEVERE ] placing card 10 in slot 5
[16:47:19.995] [SEVERE ] placing card 11 in slot 7
[16:48:19.996] [SEVERE ] updating countdown to 60000
[16:49:20.014] [SEVERE ] updating countdown to 60000
