[18:19:10.976] [INFO   ] thread bguspl.set.Main.main() starting.
[18:19:10.979] [SEVERE ] cannot read configuration file config.properties trying from resources.
[18:19:10.979] [SEVERE ] configuration file was loaded from resources directory.
[18:19:10.999] [SEVERE ] error creating swing user interface: 
No X11 DISPLAY variable was set,
but this program performed an operation which requires it.
[18:19:11.000] [SEVERE ] will try to run without user interface
[18:19:11.000] [SEVERE ] warning: running with human players with no user interface
[18:19:11.003] [INFO   ] thread dealer starting.
[18:19:11.004] [INFO   ] thread dealer starting.
[18:19:11.112] [SEVERE ] placing card 0 in slot 0
[18:19:11.213] [SEVERE ] placing card 1 in slot 1
[18:19:11.317] [SEVERE ] placing card 2 in slot 2
[18:19:11.428] [SEVERE ] placing card 3 in slot 0
[18:19:11.533] [SEVERE ] placing card 4 in slot 3
[18:19:11.635] [SEVERE ] placing card 5 in slot 6
[18:19:11.739] [SEVERE ] placing card 6 in slot 0
[18:19:11.842] [SEVERE ] placing card 7 in slot 4
[18:19:11.944] [SEVERE ] placing card 8 in slot 8
[18:19:12.048] [SEVERE ] placing card 9 in slot 0
[18:19:12.157] [SEVERE ] placing card 10 in slot 5
[18:19:12.260] [SEVERE ] placing card 11 in slot 7
[18:20:12.268] [SEVERE ] updating countdown to 60000
[18:21:12.300] [SEVERE ] updating countdown to 60000
[18:22:12.313] [SEVERE ] updating countdown to 60000
[18:23:12.326] [SEVERE ] updating countdown to 60000
[18:24:12.333] [SEVERE ] updating countdown to 60000
[18:25:12.347] [SEVERE ] updating countdown to 60000
[18:26:12.350] [SEVERE ] updating countdown to 60000
[18:27:12.357] [SEVERE ] updating countdown to 60000
[18:28:12.363] [SEVERE ] updating countdown to 60000
[18:29:12.369] [SEVERE ] updating countdown to 60000
[18:30:12.379] [SEVERE ] updating countdown to 60000
[18:31:12.389] [SEVERE ] updating countdown to 60000
[18:32:12.402] [SEVERE ] updating countdown to 60000
[18:33:12.416] [SEVERE ] updating countdown to 60000
[18:34:12.428] [SEVERE ] updating countdown to 60000
[18:35:12.447] [SEVERE ] updating countdown to 60000
[18:36:12.462] [SEVERE ] updating countdown to 60000
[18:37:12.469] [SEVERE ] updating countdown to 60000
[18:38:12.477] [SEVERE ] updating countdown to 60000
[18:39:12.485] [SEVERE ] updating countdown to 60000
[18:40:12.501] [SEVERE ] updating countdown to 60000
[18:41:12.515] [SEVERE ] updating countdown to 60000
[18:42:12.527] [SEVERE ] updating countdown to 60000
[18:43:12.534] [SEVERE ] updating countdown to 60000
[18:44:12.539] [SEVERE ] updating countdown to 60000
[18:45:12.552] [SEVERE ] updating countdown to 60000
[18:46:12.569] [SEVERE ] updating countdown to 60000
[18:47:12.584] [SEVERE ] updating countdown to 60000
[18:48:12.591] [SEVERE ] updating countdown to 60000
[18:49:12.598] [SEVERE ] updating countdown to 60000
[18:50:12.652] [SEVERE ] updating countdown to 60000
[18:51:12.667] [SEVERE ] updating countdown to 60000
[18:52:12.678] [SEVERE ] updating countdown to 60000
[18:53:12.690] [SEVERE ] updating countdown to 60000
[18:54:12.694] [SEVERE ] updating countdown to 60000
[18:55:12.698] [SEVERE ] updating countdown to 60000
[18:56:12.706] [SEVERE ] updating countdown to 60000
[18:57:12.713] [SEVERE ] updating countdown to 60000
[18:58:12.723] [SEVERE ] updating countdown to 60000
[18:59:12.734] [SEVERE ] updating countdown to 60000
[19:00:12.741] [SEVERE ] updating countdown to 60000
[19:01:12.750] [SEVERE ] updating countdown to 60000
[19:02:12.760] [SEVERE ] updating countdown to 60000
[19:03:12.774] [SEVERE ] updating countdown to 60000
[19:04:12.784] [SEVERE ] updating countdown to 60000
[19:05:12.794] [SEVERE ] updating countdown to 60000
[19:06:12.803] [SEVERE ] updating countdown to 60000
[19:07:12.813] [SEVERE ] updating countdown to 60000
[19:08:12.821] [SEVERE ] updating countdown to 60000
[19:09:12.831] [SEVERE ] updating countdown to 60000
[19:10:12.840] [SEVERE ] updating countdown to 60000
[19:11:12.858] [SEVERE ] updating countdown to 60000
[19:12:12.868] [SEVERE ] updating countdown to 60000
[19:13:12.876] [SEVERE ] updating countdown to 60000
[19:14:12.886] [SEVERE ] updating countdown to 60000
[19:15:12.903] [SEVERE ] updating countdown to 60000
[19:16:12.919] [SEVERE ] updating countdown to 60000
[19:17:12.938] [SEVERE ] updating countdown to 60000
[19:18:12.947] [SEVERE ] updating countdown to 60000
[19:19:12.960] [SEVERE ] updating countdown to 60000
[19:20:12.991] [SEVERE ] updating countdown to 60000
[19:21:12.997] [SEVERE ] updating countdown to 60000
[19:22:13.018] [SEVERE ] updating countdown to 60000
[19:23:13.025] [SEVERE ] updating countdown to 60000
[19:24:13.047] [SEVERE ] updating countdown to 60000
[19:25:13.086] [SEVERE ] updating countdown to 60000
[19:44:55.295] [SEVERE ] updating countdown to 60000
[20:54:46.705] [SEVERE ] updating countdown to 60000
[23:12:59.139] [SEVERE ] updating countdown to 60000
[02:29:08.482] [SEVERE ] updating countdown to 60000
[05:14:06.315] [SEVERE ] updating countdown to 60000
[06:15:53.021] [SEVERE ] updating countdown to 60000
[06:16:53.035] [SEVERE ] updating countdown to 60000
[06:17:53.051] [SEVERE ] updating countdown to 60000
[06:18:53.068] [SEVERE ] updating countdown to 60000
[06:19:53.078] [SEVERE ] updating countdown to 60000
[06:20:53.086] [SEVERE ] updating countdown to 60000
[06:21:53.099] [SEVERE ] updating countdown to 60000
[06:22:53.106] [SEVERE ] updating countdown to 60000
[06:23:53.113] [SEVERE ] updating countdown to 60000
[06:24:53.123] [SEVERE ] updating countdown to 60000
[06:25:53.133] [SEVERE ] updating countdown to 60000
[06:26:53.142] [SEVERE ] updating countdown to 60000
[06:27:53.150] [SEVERE ] updating countdown to 60000
[06:28:53.162] [SEVERE ] updating countdown to 60000
[06:29:53.170] [SEVERE ] updating countdown to 60000
[06:30:53.173] [SEVERE ] updating countdown to 60000
[06:31:53.242] [SEVERE ] updating countdown to 60000
[06:32:53.252] [SEVERE ] updating countdown to 60000
[06:33:53.265] [SEVERE ] updating countdown to 60000
[06:34:53.278] [SEVERE ] updating countdown to 60000
[06:35:53.297] [SEVERE ] updating countdown to 60000
[06:36:53.315] [SEVERE ] updating countdown to 60000
[06:37:53.321] [SEVERE ] updating countdown to 60000
[06:38:53.327] [SEVERE ] updating countdown to 60000
[06:39:53.333] [SEVERE ] updating countdown to 60000
[06:40:53.342] [SEVERE ] updating countdown to 60000
[06:41:53.348] [SEVERE ] updating countdown to 60000
[06:42:53.357] [SEVERE ] updating countdown to 60000
[06:43:53.366] [SEVERE ] updating countdown to 60000
[06:44:53.377] [SEVERE ] updating countdown to 60000
[06:45:53.387] [SEVERE ] updating countdown to 60000
[06:46:53.328] [SEVERE ] updating countdown to 60000
[06:47:53.349] [SEVERE ] updating countdown to 60000
[06:48:53.358] [SEVERE ] updating countdown to 60000
[06:49:53.370] [SEVERE ] updating countdown to 60000
[06:50:53.375] [SEVERE ] updating countdown to 60000
[06:51:53.388] [SEVERE ] updating countdown to 60000
[06:52:53.396] [SEVERE ] updating countdown to 60000
[06:53:53.403] [SEVERE ] updating countdown to 60000
[06:54:53.409] [SEVERE ] updating countdown to 60000
[06:55:53.415] [SEVERE ] updating countdown to 60000
[06:56:53.423] [SEVERE ] updating countdown to 60000
[06:57:53.433] [SEVERE ] updating countdown to 60000
[06:58:53.450] [SEVERE ] updating countdown to 60000
[06:59:53.462] [SEVERE ] updating countdown to 60000
[07:00:53.469] [SEVERE ] updating countdown to 60000
[07:01:53.495] [SEVERE ] updating countdown to 60000
[07:02:53.515] [SEVERE ] updating countdown to 60000
[07:03:53.526] [SEVERE ] updating countdown to 60000
[07:04:53.537] [SEVERE ] updating countdown to 60000
[07:05:53.544] [SEVERE ] updating countdown to 60000
[07:06:53.552] [SEVERE ] updating countdown to 60000
[07:07:53.576] [SEVERE ] updating countdown to 60000
[07:08:53.581] [SEVERE ] updating countdown to 60000
[07:09:53.585] [SEVERE ] updating countdown to 60000
[07:10:53.593] [SEVERE ] updating countdown to 60000
[07:11:53.603] [SEVERE ] updating countdown to 60000
[07:12:53.613] [SEVERE ] updating countdown to 60000
[07:13:53.621] [SEVERE ] updating countdown to 60000
[07:14:53.630] [SEVERE ] updating countdown to 60000
[07:15:53.639] [SEVERE ] updating countdown to 60000
[07:16:53.678] [SEVERE ] updating countdown to 60000
[07:17:53.707] [SEVERE ] updating countdown to 60000
[07:18:53.724] [SEVERE ] updating countdown to 60000
[07:19:53.731] [SEVERE ] updating countdown to 60000
[07:20:53.741] [SEVERE ] updating countdown to 60000
[07:21:53.748] [SEVERE ] updating countdown to 60000
[07:22:53.750] [SEVERE ] updating countdown to 60000
[07:23:53.753] [SEVERE ] updating countdown to 60000
[07:24:53.761] [SEVERE ] updating countdown to 60000
[07:25:53.764] [SEVERE ] updating countdown to 60000
[07:26:53.773] [SEVERE ] updating countdown to 60000
[07:27:53.780] [SEVERE ] updating countdown to 60000
[07:28:53.782] [SEVERE ] updating countdown to 60000
[07:29:53.785] [SEVERE ] updating countdown to 60000
[07:30:53.797] [SEVERE ] updating countdown to 60000
[07:31:53.804] [SEVERE ] updating countdown to 60000
[07:32:53.820] [SEVERE ] updating countdown to 60000
[07:33:53.833] [SEVERE ] updating countdown to 60000
[07:34:53.844] [SEVERE ] updating countdown to 60000
[07:35:53.851] [SEVERE ] updating countdown to 60000
[07:36:53.867] [SEVERE ] updating countdown to 60000
[07:37:53.880] [SEVERE ] updating countdown to 60000
[07:38:53.887] [SEVERE ] updating countdown to 60000
[07:39:53.903] [SEVERE ] updating countdown to 60000
[07:40:53.911] [SEVERE ] updating countdown to 60000
[07:41:53.940] [SEVERE ] updating countdown to 60000
[07:42:53.948] [SEVERE ] updating countdown to 60000
[07:43:53.951] [SEVERE ] updating countdown to 60000
[07:44:53.960] [SEVERE ] updating countdown to 60000
[07:45:53.967] [SEVERE ] updating countdown to 60000
[07:46:53.975] [SEVERE ] updating countdown to 60000
[07:47:53.985] [SEVERE ] updating countdown to 60000
[07:48:53.993] [SEVERE ] updating countdown to 60000
[07:49:54.005] [SEVERE ] updating countdown to 60000
[07:50:54.013] [SEVERE ] updating countdown to 60000
[07:51:54.022] [SEVERE ] updating countdown to 60000
[07:52:54.037] [SEVERE ] updating countdown to 60000
[07:53:54.043] [SEVERE ] updating countdown to 60000
[07:54:54.051] [SEVERE ] updating countdown to 60000
[07:55:54.057] [SEVERE ] updating countdown to 60000
[07:56:54.074] [SEVERE ] updating countdown to 60000
[07:57:54.087] [SEVERE ] updating countdown to 60000
[07:58:54.101] [SEVERE ] updating countdown to 60000
[07:59:54.106] [SEVERE ] updating countdown to 60000
[08:00:54.112] [SEVERE ] updating countdown to 60000
[08:01:54.116] [SEVERE ] updating countdown to 60000
[08:02:54.124] [SEVERE ] updating countdown to 60000
[08:03:54.138] [SEVERE ] updating countdown to 60000
[08:04:54.153] [SEVERE ] updating countdown to 60000
[08:05:54.165] [SEVERE ] updating countdown to 60000
[08:06:54.173] [SEVERE ] updating countdown to 60000
[08:07:54.187] [SEVERE ] updating countdown to 60000
[08:08:54.202] [SEVERE ] updating countdown to 60000
[08:09:54.222] [SEVERE ] updating countdown to 60000
[08:10:54.235] [SEVERE ] updating countdown to 60000
[08:11:54.258] [SEVERE ] updating countdown to 60000
[08:12:54.273] [SEVERE ] updating countdown to 60000
[08:13:54.274] [SEVERE ] updating countdown to 60000
[08:14:54.298] [SEVERE ] updating countdown to 60000
[08:15:54.310] [SEVERE ] updating countdown to 60000
[08:16:54.332] [SEVERE ] updating countdown to 60000
[08:17:54.340] [SEVERE ] updating countdown to 60000
[08:18:54.340] [SEVERE ] updating countdown to 60000
[08:19:54.349] [SEVERE ] updating countdown to 60000
[08:20:54.361] [SEVERE ] updating countdown to 60000
[08:21:54.372] [SEVERE ] updating countdown to 60000
[08:22:54.382] [SEVERE ] updating countdown to 60000
[08:23:54.393] [SEVERE ] updating countdown to 60000
[08:24:54.415] [SEVERE ] updating countdown to 60000
[08:25:54.424] [SEVERE ] updating countdown to 60000
[08:26:54.436] [SEVERE ] updating countdown to 60000
[08:27:54.450] [SEVERE ] updating countdown to 60000
[08:28:54.469] [SEVERE ] updating countdown to 60000
[08:29:54.475] [SEVERE ] updating countdown to 60000
[08:30:54.484] [SEVERE ] updating countdown to 60000
[08:31:54.492] [SEVERE ] updating countdown to 60000
[08:32:54.499] [SEVERE ] updating countdown to 60000
[08:33:54.521] [SEVERE ] updating countdown to 60000
[08:34:54.533] [SEVERE ] updating countdown to 60000
[08:35:54.557] [SEVERE ] updating countdown to 60000
[08:36:54.566] [SEVERE ] updating countdown to 60000
[08:37:54.576] [SEVERE ] updating countdown to 60000
[08:38:54.586] [SEVERE ] updating countdown to 60000
[08:39:54.593] [SEVERE ] updating countdown to 60000
[08:40:54.602] [SEVERE ] updating countdown to 60000
[08:41:54.610] [SEVERE ] updating countdown to 60000
[08:42:54.617] [SEVERE ] updating countdown to 60000
[08:43:54.624] [SEVERE ] updating countdown to 60000
[08:44:54.636] [SEVERE ] updating countdown to 60000
[08:45:54.643] [SEVERE ] updating countdown to 60000
[08:46:54.661] [SEVERE ] updating countdown to 60000
[08:47:54.667] [SEVERE ] updating countdown to 60000
[08:48:54.636] [SEVERE ] updating countdown to 60000
[08:49:54.639] [SEVERE ] updating countdown to 60000
[08:50:54.664] [SEVERE ] updating countdown to 60000
[09:32:28.790] [SEVERE ] updating countdown to 60000
[12:29:11.337] [SEVERE ] updating countdown to 60000
[12:30:11.320] [SEVERE ] updating countdown to 60000
[12:31:11.337] [SEVERE ] updating countdown to 60000
[12:32:11.354] [SEVERE ] updating countdown to 60000
[12:33:11.366] [SEVERE ] updating countdown to 60000
[12:34:11.381] [SEVERE ] updating countdown to 60000
[12:35:11.389] [SEVERE ] updating countdown to 60000
[12:36:11.398] [SEVERE ] updating countdown to 60000
[12:37:11.406] [SEVERE ] updating countdown to 60000
[12:38:11.415] [SEVERE ] updating countdown to 60000
[12:39:11.424] [SEVERE ] updating countdown to 60000
[12:40:11.438] [SEVERE ] updating countdown to 60000
[12:41:11.448] [SEVERE ] updating countdown to 60000
[12:42:11.459] [SEVERE ] updating countdown to 60000
[12:43:11.471] [SEVERE ] updating countdown to 60000
[12:44:11.478] [SEVERE ] updating countdown to 60000
[12:45:11.454] [SEVERE ] updating countdown to 60000
[12:46:11.453] [SEVERE ] updating countdown to 60000
[12:47:11.462] [SEVERE ] updating countdown to 60000
[12:48:11.470] [SEVERE ] updating countdown to 60000
[12:49:11.479] [SEVERE ] updating countdown to 60000
[12:50:11.490] [SEVERE ] updating countdown to 60000
[12:51:11.502] [SEVERE ] updating countdown to 60000
[12:52:11.516] [SEVERE ] updating countdown to 60000
