[18:27:21.517] [INFO   ] thread bguspl.set.Main.main() starting.
[18:27:21.519] [SEVERE ] cannot read configuration file config.properties trying from resources.
[18:27:21.520] [SEVERE ] configuration file was loaded from resources directory.
[18:27:21.536] [SEVERE ] error creating swing user interface: 
No X11 DISPLAY variable was set,
but this program performed an operation which requires it.
[18:27:21.536] [SEVERE ] will try to run without user interface
[18:27:21.537] [SEVERE ] warning: running with human players with no user interface
[18:27:21.539] [INFO   ] thread dealer starting.
[18:27:21.539] [INFO   ] thread dealer starting.
[18:27:21.649] [SEVERE ] placing card 0 in slot 0
[18:27:21.750] [SEVERE ] placing card 1 in slot 1
[18:27:21.853] [SEVERE ] placing card 2 in slot 2
[18:27:21.959] [SEVERE ] placing card 3 in slot 0
[18:27:22.063] [SEVERE ] placing card 4 in slot 3
[18:27:22.164] [SEVERE ] placing card 5 in slot 6
[18:27:22.269] [SEVERE ] placing card 6 in slot 0
[18:27:22.372] [SEVERE ] placing card 7 in slot 4
[18:27:22.479] [SEVERE ] placing card 8 in slot 8
[18:27:22.582] [SEVERE ] placing card 9 in slot 0
[18:27:22.685] [SEVERE ] placing card 10 in slot 5
[18:27:22.786] [SEVERE ] placing card 11 in slot 7
[18:28:22.790] [SEVERE ] updating countdown to 60000
[18:29:22.808] [SEVERE ] updating countdown to 60000
[18:30:22.822] [SEVERE ] updating countdown to 60000
[18:31:22.837] [SEVERE ] updating countdown to 60000
[18:32:22.844] [SEVERE ] updating countdown to 60000
[18:33:22.858] [SEVERE ] updating countdown to 60000
[18:34:22.872] [SEVERE ] updating countdown to 60000
[18:35:22.882] [SEVERE ] updating countdown to 60000
[18:36:22.896] [SEVERE ] updating countdown to 60000
[18:37:22.918] [SEVERE ] updating countdown to 60000
[18:38:22.937] [SEVERE ] updating countdown to 60000
[18:39:22.947] [SEVERE ] updating countdown to 60000
[18:40:22.960] [SEVERE ] updating countdown to 60000
[18:41:22.979] [SEVERE ] updating countdown to 60000
[18:42:22.987] [SEVERE ] updating countdown to 60000
[18:43:22.999] [SEVERE ] updating countdown to 60000
[18:44:23.018] [SEVERE ] updating countdown to 60000
[18:45:23.022] [SEVERE ] updating countdown to 60000
[18:46:23.038] [SEVERE ] updating countdown to 60000
[18:47:23.053] [SEVERE ] updating countdown to 60000
[18:48:23.062] [SEVERE ] updating countdown to 60000
[18:49:23.077] [SEVERE ] updating countdown to 60000
[18:50:23.093] [SEVERE ] updating countdown to 60000
[18:51:23.109] [SEVERE ] updating countdown to 60000
[18:52:23.120] [SEVERE ] updating countdown to 60000
[18:53:23.131] [SEVERE ] updating countdown to 60000
[18:54:23.139] [SEVERE ] updating countdown to 60000
[18:55:23.146] [SEVERE ] updating countdown to 60000
[18:56:23.152] [SEVERE ] updating countdown to 60000
[18:57:23.158] [SEVERE ] updating countdown to 60000
[18:58:23.173] [SEVERE ] updating countdown to 60000
[18:59:23.186] [SEVERE ] updating countdown to 60000
[19:00:23.196] [SEVERE ] updating countdown to 60000
[19:01:23.205] [SEVERE ] updating countdown to 60000
[19:02:23.213] [SEVERE ] updating countdown to 60000
[19:03:23.216] [SEVERE ] updating countdown to 60000
[19:04:23.221] [SEVERE ] updating countdown to 60000
[19:05:23.225] [SEVERE ] updating countdown to 60000
[19:06:23.237] [SEVERE ] updating countdown to 60000
[19:07:23.253] [SEVERE ] updating countdown to 60000
[19:08:23.264] [SEVERE ] updating countdown to 60000
[19:09:23.271] [SEVERE ] updating countdown to 60000
[19:10:23.274] [SEVERE ] updating countdown to 60000
[19:11:23.293] [SEVERE ] updating countdown to 60000
[19:12:23.300] [SEVERE ] updating countdown to 60000
[19:13:23.308] [SEVERE ] updating countdown to 60000
[19:14:23.316] [SEVERE ] updating countdown to 60000
[19:15:23.335] [SEVERE ] updating countdown to 60000
[19:16:23.367] [SEVERE ] updating countdown to 60000
[19:17:23.387] [SEVERE ] updating countdown to 60000
[19:18:23.405] [SEVERE ] updating countdown to 60000
[19:19:23.434] [SEVERE ] updating countdown to 60000
[19:20:23.426] [SEVERE ] updating countdown to 60000
[19:21:23.434] [SEVERE ] updating countdown to 60000
[19:22:23.446] [SEVERE ] updating countdown to 60000
[19:23:23.457] [SEVERE ] updating countdown to 60000
[19:24:23.488] [SEVERE ] updating countdown to 60000
[19:25:23.507] [SEVERE ] updating countdown to 60000
[19:45:05.720] [SEVERE ] updating countdown to 60000
[20:54:57.224] [SEVERE ] updating countdown to 60000
[23:13:09.665] [SEVERE ] updating countdown to 60000
[02:29:19.010] [SEVERE ] updating countdown to 60000
[05:14:16.845] [SEVERE ] updating countdown to 60000
[06:16:03.524] [SEVERE ] updating countdown to 60000
[06:17:03.573] [SEVERE ] updating countdown to 60000
[06:18:03.587] [SEVERE ] updating countdown to 60000
[06:19:03.596] [SEVERE ] updating countdown to 60000
[06:20:03.609] [SEVERE ] updating countdown to 60000
[06:21:03.623] [SEVERE ] updating countdown to 60000
[06:22:03.635] [SEVERE ] updating countdown to 60000
[06:23:03.641] [SEVERE ] updating countdown to 60000
[06:24:03.652] [SEVERE ] updating countdown to 60000
[06:25:03.665] [SEVERE ] updating countdown to 60000
[06:26:03.676] [SEVERE ] updating countdown to 60000
[06:27:03.683] [SEVERE ] updating countdown to 60000
[06:28:03.694] [SEVERE ] updating countdown to 60000
[06:29:03.702] [SEVERE ] updating countdown to 60000
[06:30:03.714] [SEVERE ] updating countdown to 60000
[06:31:03.721] [SEVERE ] updating countdown to 60000
[06:32:03.783] [SEVERE ] updating countdown to 60000
[06:33:03.794] [SEVERE ] updating countdown to 60000
[06:34:03.806] [SEVERE ] updating countdown to 60000
[06:35:03.813] [SEVERE ] updating countdown to 60000
[06:36:03.821] [SEVERE ] updating countdown to 60000
[06:37:03.834] [SEVERE ] updating countdown to 60000
[06:38:03.846] [SEVERE ] updating countdown to 60000
[06:39:03.860] [SEVERE ] updating countdown to 60000
[06:40:03.877] [SEVERE ] updating countdown to 60000
[06:41:03.884] [SEVERE ] updating countdown to 60000
[06:42:03.898] [SEVERE ] updating countdown to 60000
[06:43:03.910] [SEVERE ] updating countdown to 60000
[06:44:03.922] [SEVERE ] updating countdown to 60000
[06:45:03.935] [SEVERE ] updating countdown to 60000
[06:46:03.947] [SEVERE ] updating countdown to 60000
[06:47:03.888] [SEVERE ] updating countdown to 60000
[06:48:03.899] [SEVERE ] updating countdown to 60000
[06:49:03.908] [SEVERE ] updating countdown to 60000
[06:50:03.922] [SEVERE ] updating countdown to 60000
[06:51:03.927] [SEVERE ] updating countdown to 60000
[06:52:03.941] [SEVERE ] updating countdown to 60000
[06:53:03.946] [SEVERE ] updating countdown to 60000
[06:54:03.957] [SEVERE ] updating countdown to 60000
[06:55:03.972] [SEVERE ] updating countdown to 60000
[06:56:03.979] [SEVERE ] updating countdown to 60000
[06:57:03.990] [SEVERE ] updating countdown to 60000
[06:58:04.006] [SEVERE ] updating countdown to 60000
[06:59:04.009] [SEVERE ] updating countdown to 60000
[07:00:04.014] [SEVERE ] updating countdown to 60000
[07:01:04.017] [SEVERE ] updating countdown to 60000
[07:02:04.046] [SEVERE ] updating countdown to 60000
[07:03:04.060] [SEVERE ] updating countdown to 60000
[07:04:04.071] [SEVERE ] updating countdown to 60000
[07:05:04.082] [SEVERE ] updating countdown to 60000
[07:06:04.090] [SEVERE ] updating countdown to 60000
[07:07:04.100] [SEVERE ] updating countdown to 60000
[07:08:04.109] [SEVERE ] updating countdown to 60000
[07:09:04.114] [SEVERE ] updating countdown to 60000
[07:10:04.121] [SEVERE ] updating countdown to 60000
[07:11:04.130] [SEVERE ] updating countdown to 60000
[07:12:04.136] [SEVERE ] updating countdown to 60000
[07:13:04.142] [SEVERE ] updating countdown to 60000
[07:14:04.154] [SEVERE ] updating countdown to 60000
[07:15:04.166] [SEVERE ] updating countdown to 60000
[07:16:04.188] [SEVERE ] updating countdown to 60000
[07:17:04.231] [SEVERE ] updating countdown to 60000
[07:18:04.262] [SEVERE ] updating countdown to 60000
[07:19:04.271] [SEVERE ] updating countdown to 60000
[07:20:04.280] [SEVERE ] updating countdown to 60000
[07:21:04.301] [SEVERE ] updating countdown to 60000
[07:22:04.313] [SEVERE ] updating countdown to 60000
[07:23:04.321] [SEVERE ] updating countdown to 60000
[07:24:04.339] [SEVERE ] updating countdown to 60000
[07:25:04.348] [SEVERE ] updating countdown to 60000
[07:26:04.358] [SEVERE ] updating countdown to 60000
[07:27:04.367] [SEVERE ] updating countdown to 60000
[07:28:04.380] [SEVERE ] updating countdown to 60000
[07:29:04.389] [SEVERE ] updating countdown to 60000
[07:30:04.399] [SEVERE ] updating countdown to 60000
[07:31:04.406] [SEVERE ] updating countdown to 60000
[07:32:04.420] [SEVERE ] updating countdown to 60000
[07:33:04.434] [SEVERE ] updating countdown to 60000
[07:34:04.444] [SEVERE ] updating countdown to 60000
[07:35:04.454] [SEVERE ] updating countdown to 60000
[07:36:04.462] [SEVERE ] updating countdown to 60000
[07:37:04.470] [SEVERE ] updating countdown to 60000
[07:38:04.486] [SEVERE ] updating countdown to 60000
[07:39:04.495] [SEVERE ] updating countdown to 60000
[07:40:04.509] [SEVERE ] updating countdown to 60000
[07:41:04.517] [SEVERE ] updating countdown to 60000
[07:42:04.529] [SEVERE ] updating countdown to 60000
[07:43:04.556] [SEVERE ] updating countdown to 60000
[07:44:04.562] [SEVERE ] updating countdown to 60000
[07:45:04.578] [SEVERE ] updating countdown to 60000
[07:46:04.591] [SEVERE ] updating countdown to 60000
[07:47:04.599] [SEVERE ] updating countdown to 60000
[07:48:04.611] [SEVERE ] updating countdown to 60000
[07:49:04.619] [SEVERE ] updating countdown to 60000
[07:50:04.628] [SEVERE ] updating countdown to 60000
[07:51:04.630] [SEVERE ] updating countdown to 60000
[07:52:04.646] [SEVERE ] updating countdown to 60000
[07:53:04.658] [SEVERE ] updating countdown to 60000
[07:54:04.673] [SEVERE ] updating countdown to 60000
[07:55:04.705] [SEVERE ] updating countdown to 60000
[07:56:04.717] [SEVERE ] updating countdown to 60000
[07:57:04.724] [SEVERE ] updating countdown to 60000
[07:58:04.728] [SEVERE ] updating countdown to 60000
[07:59:04.740] [SEVERE ] updating countdown to 60000
[08:00:04.744] [SEVERE ] updating countdown to 60000
[08:01:04.754] [SEVERE ] updating countdown to 60000
[08:02:04.762] [SEVERE ] updating countdown to 60000
[08:03:04.771] [SEVERE ] updating countdown to 60000
[08:04:04.787] [SEVERE ] updating countdown to 60000
[08:05:04.797] [SEVERE ] updating countdown to 60000
[08:06:04.809] [SEVERE ] updating countdown to 60000
[08:07:04.822] [SEVERE ] updating countdown to 60000
[08:08:04.840] [SEVERE ] updating countdown to 60000
[08:09:04.853] [SEVERE ] updating countdown to 60000
[08:10:04.869] [SEVERE ] updating countdown to 60000
[08:11:04.880] [SEVERE ] updating countdown to 60000
[08:12:04.899] [SEVERE ] updating countdown to 60000
[08:13:04.920] [SEVERE ] updating countdown to 60000
[08:14:04.921] [SEVERE ] updating countdown to 60000
[08:15:04.943] [SEVERE ] updating countdown to 60000
[08:16:04.952] [SEVERE ] updating countdown to 60000
[08:17:04.960] [SEVERE ] updating countdown to 60000
[08:18:04.963] [SEVERE ] updating countdown to 60000
[08:19:04.959] [SEVERE ] updating countdown to 60000
[08:20:04.961] [SEVERE ] updating countdown to 60000
[08:21:04.964] [SEVERE ] updating countdown to 60000
[08:22:04.972] [SEVERE ] updating countdown to 60000
[08:23:04.975] [SEVERE ] updating countdown to 60000
[08:24:04.984] [SEVERE ] updating countdown to 60000
[08:25:04.997] [SEVERE ] updating countdown to 60000
[08:26:05.011] [SEVERE ] updating countdown to 60000
[08:27:05.024] [SEVERE ] updating countdown to 60000
[08:28:05.041] [SEVERE ] updating countdown to 60000
[08:29:05.058] [SEVERE ] updating countdown to 60000
[08:30:05.070] [SEVERE ] updating countdown to 60000
[08:31:05.080] [SEVERE ] updating countdown to 60000
[08:32:05.098] [SEVERE ] updating countdown to 60000
[08:33:05.104] [SEVERE ] updating countdown to 60000
[08:34:05.132] [SEVERE ] updating countdown to 60000
[08:35:05.144] [SEVERE ] updating countdown to 60000
[08:36:05.157] [SEVERE ] updating countdown to 60000
[08:37:05.166] [SEVERE ] updating countdown to 60000
[08:38:05.179] [SEVERE ] updating countdown to 60000
[08:39:05.190] [SEVERE ] updating countdown to 60000
[08:40:05.201] [SEVERE ] updating countdown to 60000
[08:41:05.215] [SEVERE ] updating countdown to 60000
[08:42:05.227] [SEVERE ] updating countdown to 60000
[08:43:05.235] [SEVERE ] updating countdown to 60000
[08:44:05.244] [SEVERE ] updating countdown to 60000
[08:45:05.260] [SEVERE ] updating countdown to 60000
[08:46:05.267] [SEVERE ] updating countdown to 60000
[08:47:05.280] [SEVERE ] updating countdown to 60000
[08:48:05.301] [SEVERE ] updating countdown to 60000
[08:49:05.280] [SEVERE ] updating countdown to 60000
[08:50:05.289] [SEVERE ] updating countdown to 60000
[08:51:05.298] [SEVERE ] updating countdown to 60000
[09:32:39.432] [SEVERE ] updating countdown to 60000
[12:29:21.980] [SEVERE ] updating countdown to 60000
[12:30:21.967] [SEVERE ] updating countdown to 60000
[12:31:21.984] [SEVERE ] updating countdown to 60000
[12:32:22.003] [SEVERE ] updating countdown to 60000
[12:33:22.017] [SEVERE ] updating countdown to 60000
[12:34:22.025] [SEVERE ] updating countdown to 60000
[12:35:22.039] [SEVERE ] updating countdown to 60000
[12:36:22.052] [SEVERE ] updating countdown to 60000
[12:37:22.060] [SEVERE ] updating countdown to 60000
[12:38:22.068] [SEVERE ] updating countdown to 60000
[12:39:22.076] [SEVERE ] updating countdown to 60000
[12:40:22.083] [SEVERE ] updating countdown to 60000
[12:41:22.096] [SEVERE ] updating countdown to 60000
[12:42:22.107] [SEVERE ] updating countdown to 60000
[12:43:22.124] [SEVERE ] updating countdown to 60000
[12:44:22.140] [SEVERE ] updating countdown to 60000
[12:45:22.118] [SEVERE ] updating countdown to 60000
[12:46:22.113] [SEVERE ] updating countdown to 60000
[12:47:22.125] [SEVERE ] updating countdown to 60000
[12:48:22.147] [SEVERE ] updating countdown to 60000
[12:49:22.155] [SEVERE ] updating countdown to 60000
[12:50:22.167] [SEVERE ] updating countdown to 60000
[12:51:22.170] [SEVERE ] updating countdown to 60000
[12:52:22.177] [SEVERE ] updating countdown to 60000
