[18:56:11.167] [INFO   ] thread bguspl.set.Main.main() starting.
[18:56:11.169] [SEVERE ] cannot read configuration file config.properties trying from resources.
[18:56:11.170] [SEVERE ] configuration file was loaded from resources directory.
[18:56:11.189] [SEVERE ] error creating swing user interface: 
No X11 DISPLAY variable was set,
but this program performed an operation which requires it.
[18:56:11.189] [SEVERE ] will try to run without user interface
[18:56:11.189] [SEVERE ] warning: running with human players with no user interface
[18:56:11.192] [INFO   ] thread dealer starting.
[18:56:11.192] [INFO   ] thread dealer starting.
[18:56:11.305] [SEVERE ] placing card 0 in slot 0
[18:56:11.406] [SEVERE ] placing card 1 in slot 1
[18:56:11.511] [SEVERE ] placing card 2 in slot 2
[18:56:11.617] [SEVERE ] placing card 3 in slot 0
[18:56:11.720] [SEVERE ] placing card 4 in slot 3
[18:56:11.826] [SEVERE ] placing card 5 in slot 6
[18:56:11.930] [SEVERE ] placing card 6 in slot 0
[18:56:12.034] [SEVERE ] placing card 7 in slot 4
[18:56:12.138] [SEVERE ] placing card 8 in slot 8
[18:56:12.242] [SEVERE ] placing card 9 in slot 0
[18:56:12.348] [SEVERE ] placing card 10 in slot 5
[18:56:12.453] [SEVERE ] placing card 11 in slot 7
