[18:29:02.590] [INFO   ] thread main starting.
[18:29:02.595] [SEVERE ] cannot read configuration file config.properties trying from resources.
[18:29:02.596] [SEVERE ] configuration file was loaded from resources directory.
[18:29:02.622] [SEVERE ] error creating swing user interface: 
No X11 DISPLAY variable was set,
but this program performed an operation which requires it.
[18:29:02.623] [SEVERE ] will try to run without user interface
[18:29:02.623] [SEVERE ] warning: running with human players with no user interface
[18:29:02.627] [INFO   ] thread dealer starting.
[18:29:02.627] [INFO   ] thread dealer starting.
[18:29:02.742] [SEVERE ] placing card 0 in slot 0
[18:29:02.844] [SEVERE ] placing card 1 in slot 1
[18:29:02.951] [SEVERE ] placing card 2 in slot 2
[18:29:03.055] [SEVERE ] placing card 3 in slot 0
[18:29:03.163] [SEVERE ] placing card 4 in slot 3
[18:29:03.267] [SEVERE ] placing card 5 in slot 6
[18:29:03.378] [SEVERE ] placing card 6 in slot 0
[18:29:03.485] [SEVERE ] placing card 7 in slot 4
[18:29:03.590] [SEVERE ] placing card 8 in slot 8
[18:29:03.693] [SEVERE ] placing card 9 in slot 0
[18:29:03.796] [SEVERE ] placing card 10 in slot 5
[18:29:03.898] [SEVERE ] placing card 11 in slot 7
