[17:25:55.779] [INFO   ] thread main starting.
[17:25:55.784] [SEVERE ] cannot read configuration file config.properties trying from resources.
[17:25:55.785] [SEVERE ] configuration file was loaded from resources directory.
[17:25:55.810] [SEVERE ] error creating swing user interface: 
No X11 DISPLAY variable was set,
but this program performed an operation which requires it.
[17:25:55.811] [SEVERE ] will try to run without user interface
[17:25:55.811] [SEVERE ] warning: running with human players with no user interface
[17:25:55.814] [INFO   ] thread dealer starting.
[17:25:55.815] [INFO   ] thread dealer starting.
[17:25:55.924] [SEVERE ] placing card 0 in slot 0
[17:25:56.028] [SEVERE ] placing card 1 in slot 1
[17:25:56.133] [SEVERE ] placing card 2 in slot 2
[17:25:56.238] [SEVERE ] placing card 3 in slot 0
[17:25:56.341] [SEVERE ] placing card 4 in slot 3
[17:25:56.448] [SEVERE ] placing card 5 in slot 6
[17:25:56.552] [SEVERE ] placing card 6 in slot 0
[17:25:56.656] [SEVERE ] placing card 7 in slot 4
[17:25:56.764] [SEVERE ] placing card 8 in slot 8
[17:25:56.867] [SEVERE ] placing card 9 in slot 0
[17:25:56.972] [SEVERE ] placing card 10 in slot 5
[17:25:57.073] [SEVERE ] placing card 11 in slot 7
[17:26:57.082] [SEVERE ] updating countdown to 60000
[17:27:57.099] [SEVERE ] updating countdown to 60000
[17:28:57.116] [SEVERE ] updating countdown to 60000
[17:29:57.128] [SEVERE ] updating countdown to 60000
[17:30:57.148] [SEVERE ] updating countdown to 60000
[17:31:57.156] [SEVERE ] updating countdown to 60000
[17:32:57.192] [SEVERE ] updating countdown to 60000
[17:33:57.206] [SEVERE ] updating countdown to 60000
[17:34:57.219] [SEVERE ] updating countdown to 60000
[17:35:57.236] [SEVERE ] updating countdown to 60000
[17:36:57.247] [SEVERE ] updating countdown to 60000
[17:37:57.257] [SEVERE ] updating countdown to 60000
[17:38:57.268] [SEVERE ] updating countdown to 60000
[17:39:57.276] [SEVERE ] updating countdown to 60000
[17:40:57.284] [SEVERE ] updating countdown to 60000
[17:41:57.292] [SEVERE ] updating countdown to 60000
[17:42:57.309] [SEVERE ] updating countdown to 60000
[17:43:57.317] [SEVERE ] updating countdown to 60000
[17:44:57.321] [SEVERE ] updating countdown to 60000
[17:45:57.330] [SEVERE ] updating countdown to 60000
[17:46:57.341] [SEVERE ] updating countdown to 60000
[17:47:57.347] [SEVERE ] updating countdown to 60000
[17:48:57.343] [SEVERE ] updating countdown to 60000
[17:49:57.352] [SEVERE ] updating countdown to 60000
[17:50:57.359] [SEVERE ] updating countdown to 60000
[17:51:57.369] [SEVERE ] updating countdown to 60000
[17:52:57.375] [SEVERE ] updating countdown to 60000
[17:53:57.382] [SEVERE ] updating countdown to 60000
[17:54:57.417] [SEVERE ] updating countdown to 60000
[17:55:57.423] [SEVERE ] updating countdown to 60000
[17:56:57.428] [SEVERE ] updating countdown to 60000
[17:57:57.436] [SEVERE ] updating countdown to 60000
[17:58:57.448] [SEVERE ] updating countdown to 60000
[17:59:57.464] [SEVERE ] updating countdown to 60000
[18:00:57.469] [SEVERE ] updating countdown to 60000
[18:01:57.482] [SEVERE ] updating countdown to 60000
[18:02:57.489] [SEVERE ] updating countdown to 60000
[18:03:57.444] [SEVERE ] updating countdown to 60000
[18:04:57.451] [SEVERE ] updating countdown to 60000
[18:05:57.458] [SEVERE ] updating countdown to 60000
[18:06:57.465] [SEVERE ] updating countdown to 60000
[18:07:57.469] [SEVERE ] updating countdown to 60000
[18:08:57.476] [SEVERE ] updating countdown to 60000
[18:09:57.492] [SEVERE ] updating countdown to 60000
[18:10:57.504] [SEVERE ] updating countdown to 60000
[18:11:57.517] [SEVERE ] updating countdown to 60000
[18:12:57.529] [SEVERE ] updating countdown to 60000
[18:13:57.524] [SEVERE ] updating countdown to 60000
