[16:01:19.074] [INFO   ] thread main starting.
[16:01:19.079] [SEVERE ] cannot read configuration file config.properties trying from resources.
[16:01:19.081] [SEVERE ] configuration file was loaded from resources directory.
[16:01:19.104] [SEVERE ] error creating swing user interface: 
No X11 DISPLAY variable was set,
but this program performed an operation which requires it.
[16:01:19.104] [SEVERE ] will try to run without user interface
[16:01:19.104] [SEVERE ] warning: running with human players with no user interface
[16:01:19.108] [INFO   ] thread dealer starting.
[16:01:19.108] [INFO   ] thread dealer starting.
[16:01:19.219] [SEVERE ] placing card 0 in slot 0
[16:01:19.323] [SEVERE ] placing card 1 in slot 1
[16:01:19.427] [SEVERE ] placing card 2 in slot 2
[16:01:19.537] [SEVERE ] placing card 3 in slot 0
[16:01:19.644] [SEVERE ] placing card 4 in slot 3
[16:01:19.759] [SEVERE ] placing card 5 in slot 6
[16:01:19.863] [SEVERE ] placing card 6 in slot 0
[16:01:19.969] [SEVERE ] placing card 7 in slot 4
[16:01:20.071] [SEVERE ] placing card 8 in slot 8
[16:01:20.174] [SEVERE ] placing card 9 in slot 0
[16:01:20.279] [SEVERE ] placing card 10 in slot 5
[16:01:20.385] [SEVERE ] placing card 11 in slot 7
[16:02:20.387] [SEVERE ] updating countdown to 60000
[16:03:20.411] [SEVERE ] updating countdown to 60000
[16:04:20.429] [SEVERE ] updating countdown to 60000
[16:05:20.445] [SEVERE ] updating countdown to 60000
[16:06:20.454] [SEVERE ] updating countdown to 60000
[16:07:20.473] [SEVERE ] updating countdown to 60000
[16:08:20.498] [SEVERE ] updating countdown to 60000
[16:09:20.536] [SEVERE ] updating countdown to 60000
[16:10:20.554] [SEVERE ] updating countdown to 60000
[16:11:20.561] [SEVERE ] updating countdown to 60000
[16:12:20.566] [SEVERE ] updating countdown to 60000
[16:13:20.578] [SEVERE ] updating countdown to 60000
[16:14:20.589] [SEVERE ] updating countdown to 60000
[16:15:20.600] [SEVERE ] updating countdown to 60000
[16:16:20.582] [SEVERE ] updating countdown to 60000
